[0.034s] Invoking command in '/home/harshit/mrt_ws/build/tutorial_interfaces': CMAKE_PREFIX_PATH=${CMAKE_PREFIX_PATH}:/home/harshit/mrt_ws/install/week0_tutorials:/home/harshit/mrt_ws/install/py_srvcli:/home/harshit/mrt_ws/install/sauron:/opt/ros/humble /usr/bin/cmake --build /home/harshit/mrt_ws/build/tutorial_interfaces -- -j8 -l8
[0.108s] [  1%] Built target tutorial_interfaces__cpp
[0.122s] [ 12%] Built target tutorial_interfaces__rosidl_generator_c
[0.153s] [ 12%] Built target ament_cmake_python_copy_tutorial_interfaces
[0.167s] [ 23%] Built target tutorial_interfaces__rosidl_typesupport_cpp
[0.181s] [ 34%] Built target tutorial_interfaces__rosidl_typesupport_fastrtps_cpp
[0.186s] [ 45%] Built target tutorial_interfaces__rosidl_typesupport_introspection_c
[0.191s] [ 56%] Built target tutorial_interfaces__rosidl_typesupport_fastrtps_c
[0.192s] [ 76%] Built target tutorial_interfaces__rosidl_typesupport_introspection_cpp
[0.192s] [ 78%] Built target tutorial_interfaces__rosidl_typesupport_c
[0.215s] [ 78%] Built target tutorial_interfaces
[0.243s] [ 80%] Built target tutorial_interfaces__py
[0.274s] [ 89%] Built target tutorial_interfaces__rosidl_generator_py
[0.305s] [ 92%] Built target tutorial_interfaces__rosidl_typesupport_introspection_c__pyext
[0.306s] [ 96%] Built target tutorial_interfaces__rosidl_typesupport_c__pyext
[0.311s] [100%] Built target tutorial_interfaces__rosidl_typesupport_fastrtps_c__pyext
[0.738s] running egg_info
[0.740s] writing tutorial_interfaces.egg-info/PKG-INFO
[0.741s] writing dependency_links to tutorial_interfaces.egg-info/dependency_links.txt
[0.741s] writing top-level names to tutorial_interfaces.egg-info/top_level.txt
[0.746s] reading manifest file 'tutorial_interfaces.egg-info/SOURCES.txt'
[0.748s] writing manifest file 'tutorial_interfaces.egg-info/SOURCES.txt'
[0.797s] [100%] Built target ament_cmake_python_build_tutorial_interfaces_egg
[0.811s] Invoked command in '/home/harshit/mrt_ws/build/tutorial_interfaces' returned '0': CMAKE_PREFIX_PATH=${CMAKE_PREFIX_PATH}:/home/harshit/mrt_ws/install/week0_tutorials:/home/harshit/mrt_ws/install/py_srvcli:/home/harshit/mrt_ws/install/sauron:/opt/ros/humble /usr/bin/cmake --build /home/harshit/mrt_ws/build/tutorial_interfaces -- -j8 -l8
[1.141s] Invoking command in '/home/harshit/mrt_ws/build/tutorial_interfaces': CMAKE_PREFIX_PATH=${CMAKE_PREFIX_PATH}:/home/harshit/mrt_ws/install/week0_tutorials:/home/harshit/mrt_ws/install/py_srvcli:/home/harshit/mrt_ws/install/sauron:/opt/ros/humble /usr/bin/cmake --install /home/harshit/mrt_ws/build/tutorial_interfaces
[1.157s] -- Install configuration: ""
[1.158s] -- Up-to-date: /home/harshit/mrt_ws/install/tutorial_interfaces/share/ament_index/resource_index/rosidl_interfaces/tutorial_interfaces
[1.158s] -- Up-to-date: /home/harshit/mrt_ws/install/tutorial_interfaces/include/tutorial_interfaces/tutorial_interfaces
[1.158s] -- Up-to-date: /home/harshit/mrt_ws/install/tutorial_interfaces/include/tutorial_interfaces/tutorial_interfaces/srv
[1.159s] -- Up-to-date: /home/harshit/mrt_ws/install/tutorial_interfaces/include/tutorial_interfaces/tutorial_interfaces/srv/process_image.h
[1.159s] -- Up-to-date: /home/harshit/mrt_ws/install/tutorial_interfaces/include/tutorial_interfaces/tutorial_interfaces/srv/add_three_ints.h
[1.159s] -- Up-to-date: /home/harshit/mrt_ws/install/tutorial_interfaces/include/tutorial_interfaces/tutorial_interfaces/srv/detail
[1.159s] -- Up-to-date: /home/harshit/mrt_ws/install/tutorial_interfaces/include/tutorial_interfaces/tutorial_interfaces/srv/detail/process_image__struct.h
[1.159s] -- Up-to-date: /home/harshit/mrt_ws/install/tutorial_interfaces/include/tutorial_interfaces/tutorial_interfaces/srv/detail/process_image__functions.c
[1.160s] -- Up-to-date: /home/harshit/mrt_ws/install/tutorial_interfaces/include/tutorial_interfaces/tutorial_interfaces/srv/detail/process_image__type_support.h
[1.161s] -- Up-to-date: /home/harshit/mrt_ws/install/tutorial_interfaces/include/tutorial_interfaces/tutorial_interfaces/srv/detail/add_three_ints__functions.c
[1.161s] -- Up-to-date: /home/harshit/mrt_ws/install/tutorial_interfaces/include/tutorial_interfaces/tutorial_interfaces/srv/detail/add_three_ints__functions.h
[1.161s] -- Up-to-date: /home/harshit/mrt_ws/install/tutorial_interfaces/include/tutorial_interfaces/tutorial_interfaces/srv/detail/add_three_ints__struct.h
[1.162s] -- Up-to-date: /home/harshit/mrt_ws/install/tutorial_interfaces/include/tutorial_interfaces/tutorial_interfaces/srv/detail/add_three_ints__type_support.h
[1.162s] -- Up-to-date: /home/harshit/mrt_ws/install/tutorial_interfaces/include/tutorial_interfaces/tutorial_interfaces/srv/detail/process_image__functions.h
[1.162s] -- Up-to-date: /home/harshit/mrt_ws/install/tutorial_interfaces/include/tutorial_interfaces/tutorial_interfaces/msg
[1.163s] -- Up-to-date: /home/harshit/mrt_ws/install/tutorial_interfaces/include/tutorial_interfaces/tutorial_interfaces/msg/sphere.h
[1.163s] -- Up-to-date: /home/harshit/mrt_ws/install/tutorial_interfaces/include/tutorial_interfaces/tutorial_interfaces/msg/rosidl_generator_c__visibility_control.h
[1.163s] -- Up-to-date: /home/harshit/mrt_ws/install/tutorial_interfaces/include/tutorial_interfaces/tutorial_interfaces/msg/detail
[1.164s] -- Up-to-date: /home/harshit/mrt_ws/install/tutorial_interfaces/include/tutorial_interfaces/tutorial_interfaces/msg/detail/point_array__struct.h
[1.168s] -- Up-to-date: /home/harshit/mrt_ws/install/tutorial_interfaces/include/tutorial_interfaces/tutorial_interfaces/msg/detail/point__functions.c
[1.168s] -- Up-to-date: /home/harshit/mrt_ws/install/tutorial_interfaces/include/tutorial_interfaces/tutorial_interfaces/msg/detail/num__struct.h
[1.169s] -- Up-to-date: /home/harshit/mrt_ws/install/tutorial_interfaces/include/tutorial_interfaces/tutorial_interfaces/msg/detail/sphere__type_support.h
[1.169s] -- Up-to-date: /home/harshit/mrt_ws/install/tutorial_interfaces/include/tutorial_interfaces/tutorial_interfaces/msg/detail/num__functions.h
[1.169s] -- Up-to-date: /home/harshit/mrt_ws/install/tutorial_interfaces/include/tutorial_interfaces/tutorial_interfaces/msg/detail/point__struct.h
[1.169s] -- Up-to-date: /home/harshit/mrt_ws/install/tutorial_interfaces/include/tutorial_interfaces/tutorial_interfaces/msg/detail/num__functions.c
[1.169s] -- Up-to-date: /home/harshit/mrt_ws/install/tutorial_interfaces/include/tutorial_interfaces/tutorial_interfaces/msg/detail/sphere__struct.h
[1.170s] -- Up-to-date: /home/harshit/mrt_ws/install/tutorial_interfaces/include/tutorial_interfaces/tutorial_interfaces/msg/detail/num__type_support.h
[1.170s] -- Up-to-date: /home/harshit/mrt_ws/install/tutorial_interfaces/include/tutorial_interfaces/tutorial_interfaces/msg/detail/point__functions.h
[1.170s] -- Up-to-date: /home/harshit/mrt_ws/install/tutorial_interfaces/include/tutorial_interfaces/tutorial_interfaces/msg/detail/image_bounds__functions.c
[1.170s] -- Up-to-date: /home/harshit/mrt_ws/install/tutorial_interfaces/include/tutorial_interfaces/tutorial_interfaces/msg/detail/point_array__functions.h
[1.170s] -- Up-to-date: /home/harshit/mrt_ws/install/tutorial_interfaces/include/tutorial_interfaces/tutorial_interfaces/msg/detail/point2_d__type_support.h
[1.170s] -- Up-to-date: /home/harshit/mrt_ws/install/tutorial_interfaces/include/tutorial_interfaces/tutorial_interfaces/msg/detail/sphere__functions.h
[1.171s] -- Up-to-date: /home/harshit/mrt_ws/install/tutorial_interfaces/include/tutorial_interfaces/tutorial_interfaces/msg/detail/point_array__type_support.h
[1.171s] -- Up-to-date: /home/harshit/mrt_ws/install/tutorial_interfaces/include/tutorial_interfaces/tutorial_interfaces/msg/detail/sphere__functions.c
[1.175s] -- Up-to-date: /home/harshit/mrt_ws/install/tutorial_interfaces/include/tutorial_interfaces/tutorial_interfaces/msg/detail/point__type_support.h
[1.176s] -- Up-to-date: /home/harshit/mrt_ws/install/tutorial_interfaces/include/tutorial_interfaces/tutorial_interfaces/msg/detail/point2_d__struct.h
[1.177s] -- Up-to-date: /home/harshit/mrt_ws/install/tutorial_interfaces/include/tutorial_interfaces/tutorial_interfaces/msg/detail/point2_d__functions.c
[1.177s] -- Up-to-date: /home/harshit/mrt_ws/install/tutorial_interfaces/include/tutorial_interfaces/tutorial_interfaces/msg/detail/image_bounds__struct.h
[1.178s] -- Up-to-date: /home/harshit/mrt_ws/install/tutorial_interfaces/include/tutorial_interfaces/tutorial_interfaces/msg/detail/point_array__functions.c
[1.178s] -- Up-to-date: /home/harshit/mrt_ws/install/tutorial_interfaces/include/tutorial_interfaces/tutorial_interfaces/msg/detail/image_bounds__functions.h
[1.178s] -- Up-to-date: /home/harshit/mrt_ws/install/tutorial_interfaces/include/tutorial_interfaces/tutorial_interfaces/msg/detail/point2_d__functions.h
[1.179s] -- Up-to-date: /home/harshit/mrt_ws/install/tutorial_interfaces/include/tutorial_interfaces/tutorial_interfaces/msg/detail/image_bounds__type_support.h
[1.179s] -- Up-to-date: /home/harshit/mrt_ws/install/tutorial_interfaces/include/tutorial_interfaces/tutorial_interfaces/msg/image_bounds.h
[1.180s] -- Up-to-date: /home/harshit/mrt_ws/install/tutorial_interfaces/include/tutorial_interfaces/tutorial_interfaces/msg/point.h
[1.180s] -- Up-to-date: /home/harshit/mrt_ws/install/tutorial_interfaces/include/tutorial_interfaces/tutorial_interfaces/msg/point_array.h
[1.181s] -- Up-to-date: /home/harshit/mrt_ws/install/tutorial_interfaces/include/tutorial_interfaces/tutorial_interfaces/msg/point2_d.h
[1.181s] -- Up-to-date: /home/harshit/mrt_ws/install/tutorial_interfaces/include/tutorial_interfaces/tutorial_interfaces/msg/num.h
[1.181s] -- Up-to-date: /home/harshit/mrt_ws/install/tutorial_interfaces/share/tutorial_interfaces/environment/library_path.sh
[1.182s] -- Up-to-date: /home/harshit/mrt_ws/install/tutorial_interfaces/share/tutorial_interfaces/environment/library_path.dsv
[1.182s] -- Up-to-date: /home/harshit/mrt_ws/install/tutorial_interfaces/lib/libtutorial_interfaces__rosidl_generator_c.so
[1.182s] -- Up-to-date: /home/harshit/mrt_ws/install/tutorial_interfaces/include/tutorial_interfaces/tutorial_interfaces
[1.182s] -- Up-to-date: /home/harshit/mrt_ws/install/tutorial_interfaces/include/tutorial_interfaces/tutorial_interfaces/srv
[1.183s] -- Up-to-date: /home/harshit/mrt_ws/install/tutorial_interfaces/include/tutorial_interfaces/tutorial_interfaces/srv/detail
[1.183s] -- Up-to-date: /home/harshit/mrt_ws/install/tutorial_interfaces/include/tutorial_interfaces/tutorial_interfaces/srv/detail/add_three_ints__rosidl_typesupport_fastrtps_c.h
[1.183s] -- Up-to-date: /home/harshit/mrt_ws/install/tutorial_interfaces/include/tutorial_interfaces/tutorial_interfaces/srv/detail/process_image__rosidl_typesupport_fastrtps_c.h
[1.183s] -- Up-to-date: /home/harshit/mrt_ws/install/tutorial_interfaces/include/tutorial_interfaces/tutorial_interfaces/msg
[1.184s] -- Up-to-date: /home/harshit/mrt_ws/install/tutorial_interfaces/include/tutorial_interfaces/tutorial_interfaces/msg/detail
[1.184s] -- Up-to-date: /home/harshit/mrt_ws/install/tutorial_interfaces/include/tutorial_interfaces/tutorial_interfaces/msg/detail/point_array__rosidl_typesupport_fastrtps_c.h
[1.184s] -- Up-to-date: /home/harshit/mrt_ws/install/tutorial_interfaces/include/tutorial_interfaces/tutorial_interfaces/msg/detail/num__rosidl_typesupport_fastrtps_c.h
[1.185s] -- Up-to-date: /home/harshit/mrt_ws/install/tutorial_interfaces/include/tutorial_interfaces/tutorial_interfaces/msg/detail/image_bounds__rosidl_typesupport_fastrtps_c.h
[1.185s] -- Up-to-date: /home/harshit/mrt_ws/install/tutorial_interfaces/include/tutorial_interfaces/tutorial_interfaces/msg/detail/point__rosidl_typesupport_fastrtps_c.h
[1.185s] -- Up-to-date: /home/harshit/mrt_ws/install/tutorial_interfaces/include/tutorial_interfaces/tutorial_interfaces/msg/detail/point2_d__rosidl_typesupport_fastrtps_c.h
[1.185s] -- Up-to-date: /home/harshit/mrt_ws/install/tutorial_interfaces/include/tutorial_interfaces/tutorial_interfaces/msg/detail/sphere__rosidl_typesupport_fastrtps_c.h
[1.186s] -- Up-to-date: /home/harshit/mrt_ws/install/tutorial_interfaces/include/tutorial_interfaces/tutorial_interfaces/msg/rosidl_typesupport_fastrtps_c__visibility_control.h
[1.186s] -- Up-to-date: /home/harshit/mrt_ws/install/tutorial_interfaces/lib/libtutorial_interfaces__rosidl_typesupport_fastrtps_c.so
[1.186s] -- Up-to-date: /home/harshit/mrt_ws/install/tutorial_interfaces/include/tutorial_interfaces/tutorial_interfaces
[1.187s] -- Up-to-date: /home/harshit/mrt_ws/install/tutorial_interfaces/include/tutorial_interfaces/tutorial_interfaces/srv
[1.187s] -- Up-to-date: /home/harshit/mrt_ws/install/tutorial_interfaces/include/tutorial_interfaces/tutorial_interfaces/srv/detail
[1.187s] -- Up-to-date: /home/harshit/mrt_ws/install/tutorial_interfaces/include/tutorial_interfaces/tutorial_interfaces/srv/detail/process_image__type_support.c
[1.188s] -- Up-to-date: /home/harshit/mrt_ws/install/tutorial_interfaces/include/tutorial_interfaces/tutorial_interfaces/srv/detail/process_image__rosidl_typesupport_introspection_c.h
[1.188s] -- Up-to-date: /home/harshit/mrt_ws/install/tutorial_interfaces/include/tutorial_interfaces/tutorial_interfaces/srv/detail/add_three_ints__type_support.c
[1.188s] -- Up-to-date: /home/harshit/mrt_ws/install/tutorial_interfaces/include/tutorial_interfaces/tutorial_interfaces/srv/detail/add_three_ints__rosidl_typesupport_introspection_c.h
[1.188s] -- Up-to-date: /home/harshit/mrt_ws/install/tutorial_interfaces/include/tutorial_interfaces/tutorial_interfaces/msg
[1.188s] -- Up-to-date: /home/harshit/mrt_ws/install/tutorial_interfaces/include/tutorial_interfaces/tutorial_interfaces/msg/rosidl_typesupport_introspection_c__visibility_control.h
[1.189s] -- Up-to-date: /home/harshit/mrt_ws/install/tutorial_interfaces/include/tutorial_interfaces/tutorial_interfaces/msg/detail
[1.189s] -- Up-to-date: /home/harshit/mrt_ws/install/tutorial_interfaces/include/tutorial_interfaces/tutorial_interfaces/msg/detail/image_bounds__type_support.c
[1.189s] -- Up-to-date: /home/harshit/mrt_ws/install/tutorial_interfaces/include/tutorial_interfaces/tutorial_interfaces/msg/detail/point_array__rosidl_typesupport_introspection_c.h
[1.189s] -- Up-to-date: /home/harshit/mrt_ws/install/tutorial_interfaces/include/tutorial_interfaces/tutorial_interfaces/msg/detail/point2_d__rosidl_typesupport_introspection_c.h
[1.190s] -- Up-to-date: /home/harshit/mrt_ws/install/tutorial_interfaces/include/tutorial_interfaces/tutorial_interfaces/msg/detail/point2_d__type_support.c
[1.190s] -- Up-to-date: /home/harshit/mrt_ws/install/tutorial_interfaces/include/tutorial_interfaces/tutorial_interfaces/msg/detail/num__type_support.c
[1.190s] -- Up-to-date: /home/harshit/mrt_ws/install/tutorial_interfaces/include/tutorial_interfaces/tutorial_interfaces/msg/detail/num__rosidl_typesupport_introspection_c.h
[1.190s] -- Up-to-date: /home/harshit/mrt_ws/install/tutorial_interfaces/include/tutorial_interfaces/tutorial_interfaces/msg/detail/point__type_support.c
[1.191s] -- Up-to-date: /home/harshit/mrt_ws/install/tutorial_interfaces/include/tutorial_interfaces/tutorial_interfaces/msg/detail/sphere__rosidl_typesupport_introspection_c.h
[1.191s] -- Up-to-date: /home/harshit/mrt_ws/install/tutorial_interfaces/include/tutorial_interfaces/tutorial_interfaces/msg/detail/sphere__type_support.c
[1.191s] -- Up-to-date: /home/harshit/mrt_ws/install/tutorial_interfaces/include/tutorial_interfaces/tutorial_interfaces/msg/detail/point__rosidl_typesupport_introspection_c.h
[1.191s] -- Up-to-date: /home/harshit/mrt_ws/install/tutorial_interfaces/include/tutorial_interfaces/tutorial_interfaces/msg/detail/image_bounds__rosidl_typesupport_introspection_c.h
[1.192s] -- Up-to-date: /home/harshit/mrt_ws/install/tutorial_interfaces/include/tutorial_interfaces/tutorial_interfaces/msg/detail/point_array__type_support.c
[1.192s] -- Up-to-date: /home/harshit/mrt_ws/install/tutorial_interfaces/lib/libtutorial_interfaces__rosidl_typesupport_introspection_c.so
[1.192s] -- Up-to-date: /home/harshit/mrt_ws/install/tutorial_interfaces/lib/libtutorial_interfaces__rosidl_typesupport_c.so
[1.192s] -- Up-to-date: /home/harshit/mrt_ws/install/tutorial_interfaces/include/tutorial_interfaces/tutorial_interfaces
[1.192s] -- Up-to-date: /home/harshit/mrt_ws/install/tutorial_interfaces/include/tutorial_interfaces/tutorial_interfaces/srv
[1.196s] -- Up-to-date: /home/harshit/mrt_ws/install/tutorial_interfaces/include/tutorial_interfaces/tutorial_interfaces/srv/process_image.hpp
[1.196s] -- Up-to-date: /home/harshit/mrt_ws/install/tutorial_interfaces/include/tutorial_interfaces/tutorial_interfaces/srv/detail
[1.196s] -- Up-to-date: /home/harshit/mrt_ws/install/tutorial_interfaces/include/tutorial_interfaces/tutorial_interfaces/srv/detail/process_image__builder.hpp
[1.196s] -- Up-to-date: /home/harshit/mrt_ws/install/tutorial_interfaces/include/tutorial_interfaces/tutorial_interfaces/srv/detail/add_three_ints__builder.hpp
[1.197s] -- Up-to-date: /home/harshit/mrt_ws/install/tutorial_interfaces/include/tutorial_interfaces/tutorial_interfaces/srv/detail/add_three_ints__traits.hpp
[1.197s] -- Up-to-date: /home/harshit/mrt_ws/install/tutorial_interfaces/include/tutorial_interfaces/tutorial_interfaces/srv/detail/process_image__traits.hpp
[1.197s] -- Up-to-date: /home/harshit/mrt_ws/install/tutorial_interfaces/include/tutorial_interfaces/tutorial_interfaces/srv/detail/add_three_ints__struct.hpp
[1.197s] -- Up-to-date: /home/harshit/mrt_ws/install/tutorial_interfaces/include/tutorial_interfaces/tutorial_interfaces/srv/detail/process_image__struct.hpp
[1.197s] -- Up-to-date: /home/harshit/mrt_ws/install/tutorial_interfaces/include/tutorial_interfaces/tutorial_interfaces/srv/add_three_ints.hpp
[1.201s] -- Up-to-date: /home/harshit/mrt_ws/install/tutorial_interfaces/include/tutorial_interfaces/tutorial_interfaces/msg
[1.202s] -- Up-to-date: /home/harshit/mrt_ws/install/tutorial_interfaces/include/tutorial_interfaces/tutorial_interfaces/msg/point2_d.hpp
[1.202s] -- Up-to-date: /home/harshit/mrt_ws/install/tutorial_interfaces/include/tutorial_interfaces/tutorial_interfaces/msg/point_array.hpp
[1.202s] -- Up-to-date: /home/harshit/mrt_ws/install/tutorial_interfaces/include/tutorial_interfaces/tutorial_interfaces/msg/image_bounds.hpp
[1.202s] -- Up-to-date: /home/harshit/mrt_ws/install/tutorial_interfaces/include/tutorial_interfaces/tutorial_interfaces/msg/detail
[1.203s] -- Up-to-date: /home/harshit/mrt_ws/install/tutorial_interfaces/include/tutorial_interfaces/tutorial_interfaces/msg/detail/point_array__builder.hpp
[1.203s] -- Up-to-date: /home/harshit/mrt_ws/install/tutorial_interfaces/include/tutorial_interfaces/tutorial_interfaces/msg/detail/sphere__struct.hpp
[1.203s] -- Up-to-date: /home/harshit/mrt_ws/install/tutorial_interfaces/include/tutorial_interfaces/tutorial_interfaces/msg/detail/point2_d__struct.hpp
[1.206s] -- Up-to-date: /home/harshit/mrt_ws/install/tutorial_interfaces/include/tutorial_interfaces/tutorial_interfaces/msg/detail/image_bounds__struct.hpp
[1.211s] -- Up-to-date: /home/harshit/mrt_ws/install/tutorial_interfaces/include/tutorial_interfaces/tutorial_interfaces/msg/detail/sphere__builder.hpp
[1.211s] -- Up-to-date: /home/harshit/mrt_ws/install/tutorial_interfaces/include/tutorial_interfaces/tutorial_interfaces/msg/detail/point__struct.hpp
[1.211s] -- Up-to-date: /home/harshit/mrt_ws/install/tutorial_interfaces/include/tutorial_interfaces/tutorial_interfaces/msg/detail/num__struct.hpp
[1.211s] -- Up-to-date: /home/harshit/mrt_ws/install/tutorial_interfaces/include/tutorial_interfaces/tutorial_interfaces/msg/detail/point_array__struct.hpp
[1.212s] -- Up-to-date: /home/harshit/mrt_ws/install/tutorial_interfaces/include/tutorial_interfaces/tutorial_interfaces/msg/detail/image_bounds__builder.hpp
[1.213s] -- Up-to-date: /home/harshit/mrt_ws/install/tutorial_interfaces/include/tutorial_interfaces/tutorial_interfaces/msg/detail/image_bounds__traits.hpp
[1.214s] -- Up-to-date: /home/harshit/mrt_ws/install/tutorial_interfaces/include/tutorial_interfaces/tutorial_interfaces/msg/detail/num__traits.hpp
[1.214s] -- Up-to-date: /home/harshit/mrt_ws/install/tutorial_interfaces/include/tutorial_interfaces/tutorial_interfaces/msg/detail/point2_d__traits.hpp
[1.215s] -- Up-to-date: /home/harshit/mrt_ws/install/tutorial_interfaces/include/tutorial_interfaces/tutorial_interfaces/msg/detail/num__builder.hpp
[1.215s] -- Up-to-date: /home/harshit/mrt_ws/install/tutorial_interfaces/include/tutorial_interfaces/tutorial_interfaces/msg/detail/sphere__traits.hpp
[1.215s] -- Up-to-date: /home/harshit/mrt_ws/install/tutorial_interfaces/include/tutorial_interfaces/tutorial_interfaces/msg/detail/point_array__traits.hpp
[1.217s] -- Up-to-date: /home/harshit/mrt_ws/install/tutorial_interfaces/include/tutorial_interfaces/tutorial_interfaces/msg/detail/point2_d__builder.hpp
[1.218s] -- Up-to-date: /home/harshit/mrt_ws/install/tutorial_interfaces/include/tutorial_interfaces/tutorial_interfaces/msg/detail/point__traits.hpp
[1.218s] -- Up-to-date: /home/harshit/mrt_ws/install/tutorial_interfaces/include/tutorial_interfaces/tutorial_interfaces/msg/detail/point__builder.hpp
[1.218s] -- Up-to-date: /home/harshit/mrt_ws/install/tutorial_interfaces/include/tutorial_interfaces/tutorial_interfaces/msg/point.hpp
[1.218s] -- Up-to-date: /home/harshit/mrt_ws/install/tutorial_interfaces/include/tutorial_interfaces/tutorial_interfaces/msg/sphere.hpp
[1.220s] -- Up-to-date: /home/harshit/mrt_ws/install/tutorial_interfaces/include/tutorial_interfaces/tutorial_interfaces/msg/num.hpp
[1.220s] -- Up-to-date: /home/harshit/mrt_ws/install/tutorial_interfaces/include/tutorial_interfaces/tutorial_interfaces
[1.221s] -- Up-to-date: /home/harshit/mrt_ws/install/tutorial_interfaces/include/tutorial_interfaces/tutorial_interfaces/srv
[1.221s] -- Up-to-date: /home/harshit/mrt_ws/install/tutorial_interfaces/include/tutorial_interfaces/tutorial_interfaces/srv/detail
[1.221s] -- Up-to-date: /home/harshit/mrt_ws/install/tutorial_interfaces/include/tutorial_interfaces/tutorial_interfaces/srv/detail/add_three_ints__rosidl_typesupport_fastrtps_cpp.hpp
[1.224s] -- Up-to-date: /home/harshit/mrt_ws/install/tutorial_interfaces/include/tutorial_interfaces/tutorial_interfaces/srv/detail/process_image__rosidl_typesupport_fastrtps_cpp.hpp
[1.224s] -- Up-to-date: /home/harshit/mrt_ws/install/tutorial_interfaces/include/tutorial_interfaces/tutorial_interfaces/srv/detail/dds_fastrtps
[1.224s] -- Up-to-date: /home/harshit/mrt_ws/install/tutorial_interfaces/include/tutorial_interfaces/tutorial_interfaces/msg
[1.225s] -- Up-to-date: /home/harshit/mrt_ws/install/tutorial_interfaces/include/tutorial_interfaces/tutorial_interfaces/msg/rosidl_typesupport_fastrtps_cpp__visibility_control.h
[1.225s] -- Up-to-date: /home/harshit/mrt_ws/install/tutorial_interfaces/include/tutorial_interfaces/tutorial_interfaces/msg/detail
[1.225s] -- Up-to-date: /home/harshit/mrt_ws/install/tutorial_interfaces/include/tutorial_interfaces/tutorial_interfaces/msg/detail/point2_d__rosidl_typesupport_fastrtps_cpp.hpp
[1.226s] -- Up-to-date: /home/harshit/mrt_ws/install/tutorial_interfaces/include/tutorial_interfaces/tutorial_interfaces/msg/detail/point__rosidl_typesupport_fastrtps_cpp.hpp
[1.226s] -- Up-to-date: /home/harshit/mrt_ws/install/tutorial_interfaces/include/tutorial_interfaces/tutorial_interfaces/msg/detail/num__rosidl_typesupport_fastrtps_cpp.hpp
[1.228s] -- Up-to-date: /home/harshit/mrt_ws/install/tutorial_interfaces/include/tutorial_interfaces/tutorial_interfaces/msg/detail/sphere__rosidl_typesupport_fastrtps_cpp.hpp
[1.228s] -- Up-to-date: /home/harshit/mrt_ws/install/tutorial_interfaces/include/tutorial_interfaces/tutorial_interfaces/msg/detail/image_bounds__rosidl_typesupport_fastrtps_cpp.hpp
[1.228s] -- Up-to-date: /home/harshit/mrt_ws/install/tutorial_interfaces/include/tutorial_interfaces/tutorial_interfaces/msg/detail/point_array__rosidl_typesupport_fastrtps_cpp.hpp
[1.229s] -- Up-to-date: /home/harshit/mrt_ws/install/tutorial_interfaces/include/tutorial_interfaces/tutorial_interfaces/msg/detail/dds_fastrtps
[1.229s] -- Up-to-date: /home/harshit/mrt_ws/install/tutorial_interfaces/lib/libtutorial_interfaces__rosidl_typesupport_fastrtps_cpp.so
[1.229s] -- Up-to-date: /home/harshit/mrt_ws/install/tutorial_interfaces/include/tutorial_interfaces/tutorial_interfaces
[1.229s] -- Up-to-date: /home/harshit/mrt_ws/install/tutorial_interfaces/include/tutorial_interfaces/tutorial_interfaces/srv
[1.229s] -- Up-to-date: /home/harshit/mrt_ws/install/tutorial_interfaces/include/tutorial_interfaces/tutorial_interfaces/srv/detail
[1.230s] -- Up-to-date: /home/harshit/mrt_ws/install/tutorial_interfaces/include/tutorial_interfaces/tutorial_interfaces/srv/detail/process_image__rosidl_typesupport_introspection_cpp.hpp
[1.230s] -- Up-to-date: /home/harshit/mrt_ws/install/tutorial_interfaces/include/tutorial_interfaces/tutorial_interfaces/srv/detail/add_three_ints__type_support.cpp
[1.230s] -- Up-to-date: /home/harshit/mrt_ws/install/tutorial_interfaces/include/tutorial_interfaces/tutorial_interfaces/srv/detail/process_image__type_support.cpp
[1.232s] -- Up-to-date: /home/harshit/mrt_ws/install/tutorial_interfaces/include/tutorial_interfaces/tutorial_interfaces/srv/detail/add_three_ints__rosidl_typesupport_introspection_cpp.hpp
[1.233s] -- Up-to-date: /home/harshit/mrt_ws/install/tutorial_interfaces/include/tutorial_interfaces/tutorial_interfaces/msg
[1.233s] -- Up-to-date: /home/harshit/mrt_ws/install/tutorial_interfaces/include/tutorial_interfaces/tutorial_interfaces/msg/detail
[1.233s] -- Up-to-date: /home/harshit/mrt_ws/install/tutorial_interfaces/include/tutorial_interfaces/tutorial_interfaces/msg/detail/num__type_support.cpp
[1.233s] -- Up-to-date: /home/harshit/mrt_ws/install/tutorial_interfaces/include/tutorial_interfaces/tutorial_interfaces/msg/detail/image_bounds__rosidl_typesupport_introspection_cpp.hpp
[1.234s] -- Up-to-date: /home/harshit/mrt_ws/install/tutorial_interfaces/include/tutorial_interfaces/tutorial_interfaces/msg/detail/point__type_support.cpp
[1.234s] -- Up-to-date: /home/harshit/mrt_ws/install/tutorial_interfaces/include/tutorial_interfaces/tutorial_interfaces/msg/detail/num__rosidl_typesupport_introspection_cpp.hpp
[1.234s] -- Up-to-date: /home/harshit/mrt_ws/install/tutorial_interfaces/include/tutorial_interfaces/tutorial_interfaces/msg/detail/point_array__type_support.cpp
[1.234s] -- Up-to-date: /home/harshit/mrt_ws/install/tutorial_interfaces/include/tutorial_interfaces/tutorial_interfaces/msg/detail/point_array__rosidl_typesupport_introspection_cpp.hpp
[1.234s] -- Up-to-date: /home/harshit/mrt_ws/install/tutorial_interfaces/include/tutorial_interfaces/tutorial_interfaces/msg/detail/image_bounds__type_support.cpp
[1.235s] -- Up-to-date: /home/harshit/mrt_ws/install/tutorial_interfaces/include/tutorial_interfaces/tutorial_interfaces/msg/detail/point2_d__type_support.cpp
[1.235s] -- Up-to-date: /home/harshit/mrt_ws/install/tutorial_interfaces/include/tutorial_interfaces/tutorial_interfaces/msg/detail/sphere__rosidl_typesupport_introspection_cpp.hpp
[1.235s] -- Up-to-date: /home/harshit/mrt_ws/install/tutorial_interfaces/include/tutorial_interfaces/tutorial_interfaces/msg/detail/point2_d__rosidl_typesupport_introspection_cpp.hpp
[1.235s] -- Up-to-date: /home/harshit/mrt_ws/install/tutorial_interfaces/include/tutorial_interfaces/tutorial_interfaces/msg/detail/sphere__type_support.cpp
[1.235s] -- Up-to-date: /home/harshit/mrt_ws/install/tutorial_interfaces/include/tutorial_interfaces/tutorial_interfaces/msg/detail/point__rosidl_typesupport_introspection_cpp.hpp
[1.236s] -- Up-to-date: /home/harshit/mrt_ws/install/tutorial_interfaces/lib/libtutorial_interfaces__rosidl_typesupport_introspection_cpp.so
[1.236s] -- Up-to-date: /home/harshit/mrt_ws/install/tutorial_interfaces/lib/libtutorial_interfaces__rosidl_typesupport_cpp.so
[1.236s] -- Up-to-date: /home/harshit/mrt_ws/install/tutorial_interfaces/share/tutorial_interfaces/environment/pythonpath.sh
[1.240s] -- Up-to-date: /home/harshit/mrt_ws/install/tutorial_interfaces/share/tutorial_interfaces/environment/pythonpath.dsv
[1.242s] -- Up-to-date: /home/harshit/mrt_ws/install/tutorial_interfaces/local/lib/python3.10/dist-packages/tutorial_interfaces-0.0.0-py3.10.egg-info
[1.243s] -- Installing: /home/harshit/mrt_ws/install/tutorial_interfaces/local/lib/python3.10/dist-packages/tutorial_interfaces-0.0.0-py3.10.egg-info/top_level.txt
[1.243s] -- Installing: /home/harshit/mrt_ws/install/tutorial_interfaces/local/lib/python3.10/dist-packages/tutorial_interfaces-0.0.0-py3.10.egg-info/SOURCES.txt
[1.243s] -- Installing: /home/harshit/mrt_ws/install/tutorial_interfaces/local/lib/python3.10/dist-packages/tutorial_interfaces-0.0.0-py3.10.egg-info/dependency_links.txt
[1.243s] -- Installing: /home/harshit/mrt_ws/install/tutorial_interfaces/local/lib/python3.10/dist-packages/tutorial_interfaces-0.0.0-py3.10.egg-info/PKG-INFO
[1.244s] -- Up-to-date: /home/harshit/mrt_ws/install/tutorial_interfaces/local/lib/python3.10/dist-packages/tutorial_interfaces
[1.244s] -- Up-to-date: /home/harshit/mrt_ws/install/tutorial_interfaces/local/lib/python3.10/dist-packages/tutorial_interfaces/srv
[1.244s] -- Up-to-date: /home/harshit/mrt_ws/install/tutorial_interfaces/local/lib/python3.10/dist-packages/tutorial_interfaces/srv/_add_three_ints.py
[1.244s] -- Up-to-date: /home/harshit/mrt_ws/install/tutorial_interfaces/local/lib/python3.10/dist-packages/tutorial_interfaces/srv/_add_three_ints_s.c
[1.244s] -- Up-to-date: /home/harshit/mrt_ws/install/tutorial_interfaces/local/lib/python3.10/dist-packages/tutorial_interfaces/srv/_process_image.py
[1.245s] -- Up-to-date: /home/harshit/mrt_ws/install/tutorial_interfaces/local/lib/python3.10/dist-packages/tutorial_interfaces/srv/_process_image_s.c
[1.245s] -- Up-to-date: /home/harshit/mrt_ws/install/tutorial_interfaces/local/lib/python3.10/dist-packages/tutorial_interfaces/srv/__init__.py
[1.247s] -- Up-to-date: /home/harshit/mrt_ws/install/tutorial_interfaces/local/lib/python3.10/dist-packages/tutorial_interfaces/_tutorial_interfaces_s.ep.rosidl_typesupport_c.c
[1.247s] -- Up-to-date: /home/harshit/mrt_ws/install/tutorial_interfaces/local/lib/python3.10/dist-packages/tutorial_interfaces/tutorial_interfaces_s__rosidl_typesupport_introspection_c.cpython-310-x86_64-linux-gnu.so
[1.248s] -- Up-to-date: /home/harshit/mrt_ws/install/tutorial_interfaces/local/lib/python3.10/dist-packages/tutorial_interfaces/_tutorial_interfaces_s.ep.rosidl_typesupport_introspection_c.c
[1.248s] -- Up-to-date: /home/harshit/mrt_ws/install/tutorial_interfaces/local/lib/python3.10/dist-packages/tutorial_interfaces/msg
[1.248s] -- Up-to-date: /home/harshit/mrt_ws/install/tutorial_interfaces/local/lib/python3.10/dist-packages/tutorial_interfaces/msg/_point2_d_s.c
[1.248s] -- Up-to-date: /home/harshit/mrt_ws/install/tutorial_interfaces/local/lib/python3.10/dist-packages/tutorial_interfaces/msg/_num_s.c
[1.249s] -- Up-to-date: /home/harshit/mrt_ws/install/tutorial_interfaces/local/lib/python3.10/dist-packages/tutorial_interfaces/msg/_point_s.c
[1.249s] -- Up-to-date: /home/harshit/mrt_ws/install/tutorial_interfaces/local/lib/python3.10/dist-packages/tutorial_interfaces/msg/_point_array_s.c
[1.249s] -- Up-to-date: /home/harshit/mrt_ws/install/tutorial_interfaces/local/lib/python3.10/dist-packages/tutorial_interfaces/msg/_image_bounds_s.c
[1.250s] -- Up-to-date: /home/harshit/mrt_ws/install/tutorial_interfaces/local/lib/python3.10/dist-packages/tutorial_interfaces/msg/_num.py
[1.250s] -- Up-to-date: /home/harshit/mrt_ws/install/tutorial_interfaces/local/lib/python3.10/dist-packages/tutorial_interfaces/msg/_sphere_s.c
[1.250s] -- Up-to-date: /home/harshit/mrt_ws/install/tutorial_interfaces/local/lib/python3.10/dist-packages/tutorial_interfaces/msg/_point.py
[1.250s] -- Up-to-date: /home/harshit/mrt_ws/install/tutorial_interfaces/local/lib/python3.10/dist-packages/tutorial_interfaces/msg/_point_array.py
[1.251s] -- Up-to-date: /home/harshit/mrt_ws/install/tutorial_interfaces/local/lib/python3.10/dist-packages/tutorial_interfaces/msg/_image_bounds.py
[1.251s] -- Up-to-date: /home/harshit/mrt_ws/install/tutorial_interfaces/local/lib/python3.10/dist-packages/tutorial_interfaces/msg/_sphere.py
[1.252s] -- Up-to-date: /home/harshit/mrt_ws/install/tutorial_interfaces/local/lib/python3.10/dist-packages/tutorial_interfaces/msg/__init__.py
[1.252s] -- Up-to-date: /home/harshit/mrt_ws/install/tutorial_interfaces/local/lib/python3.10/dist-packages/tutorial_interfaces/msg/_point2_d.py
[1.252s] -- Up-to-date: /home/harshit/mrt_ws/install/tutorial_interfaces/local/lib/python3.10/dist-packages/tutorial_interfaces/tutorial_interfaces_s__rosidl_typesupport_fastrtps_c.cpython-310-x86_64-linux-gnu.so
[1.252s] -- Up-to-date: /home/harshit/mrt_ws/install/tutorial_interfaces/local/lib/python3.10/dist-packages/tutorial_interfaces/libtutorial_interfaces__rosidl_generator_py.so
[1.253s] -- Up-to-date: /home/harshit/mrt_ws/install/tutorial_interfaces/local/lib/python3.10/dist-packages/tutorial_interfaces/tutorial_interfaces_s__rosidl_typesupport_c.cpython-310-x86_64-linux-gnu.so
[1.254s] -- Up-to-date: /home/harshit/mrt_ws/install/tutorial_interfaces/local/lib/python3.10/dist-packages/tutorial_interfaces/_tutorial_interfaces_s.ep.rosidl_typesupport_fastrtps_c.c
[1.254s] -- Up-to-date: /home/harshit/mrt_ws/install/tutorial_interfaces/local/lib/python3.10/dist-packages/tutorial_interfaces/__init__.py
[1.304s] Listing '/home/harshit/mrt_ws/install/tutorial_interfaces/local/lib/python3.10/dist-packages/tutorial_interfaces'...
[1.304s] Listing '/home/harshit/mrt_ws/install/tutorial_interfaces/local/lib/python3.10/dist-packages/tutorial_interfaces/msg'...
[1.304s] Listing '/home/harshit/mrt_ws/install/tutorial_interfaces/local/lib/python3.10/dist-packages/tutorial_interfaces/srv'...
[1.315s] -- Up-to-date: /home/harshit/mrt_ws/install/tutorial_interfaces/local/lib/python3.10/dist-packages/tutorial_interfaces/tutorial_interfaces_s__rosidl_typesupport_fastrtps_c.cpython-310-x86_64-linux-gnu.so
[1.316s] -- Up-to-date: /home/harshit/mrt_ws/install/tutorial_interfaces/local/lib/python3.10/dist-packages/tutorial_interfaces/tutorial_interfaces_s__rosidl_typesupport_introspection_c.cpython-310-x86_64-linux-gnu.so
[1.318s] -- Up-to-date: /home/harshit/mrt_ws/install/tutorial_interfaces/local/lib/python3.10/dist-packages/tutorial_interfaces/tutorial_interfaces_s__rosidl_typesupport_c.cpython-310-x86_64-linux-gnu.so
[1.320s] -- Up-to-date: /home/harshit/mrt_ws/install/tutorial_interfaces/lib/libtutorial_interfaces__rosidl_generator_py.so
[1.320s] -- Up-to-date: /home/harshit/mrt_ws/install/tutorial_interfaces/share/tutorial_interfaces/msg/Point.idl
[1.321s] -- Up-to-date: /home/harshit/mrt_ws/install/tutorial_interfaces/share/tutorial_interfaces/msg/PointArray.idl
[1.321s] -- Up-to-date: /home/harshit/mrt_ws/install/tutorial_interfaces/share/tutorial_interfaces/msg/ImageBounds.idl
[1.322s] -- Up-to-date: /home/harshit/mrt_ws/install/tutorial_interfaces/share/tutorial_interfaces/srv/ProcessImage.idl
[1.323s] -- Up-to-date: /home/harshit/mrt_ws/install/tutorial_interfaces/share/tutorial_interfaces/msg/Point.msg
[1.324s] -- Up-to-date: /home/harshit/mrt_ws/install/tutorial_interfaces/share/tutorial_interfaces/msg/PointArray.msg
[1.324s] -- Up-to-date: /home/harshit/mrt_ws/install/tutorial_interfaces/share/tutorial_interfaces/msg/ImageBounds.msg
[1.325s] -- Up-to-date: /home/harshit/mrt_ws/install/tutorial_interfaces/share/tutorial_interfaces/srv/ProcessImage.srv
[1.325s] -- Up-to-date: /home/harshit/mrt_ws/install/tutorial_interfaces/share/tutorial_interfaces/srv/ProcessImage_Request.msg
[1.326s] -- Up-to-date: /home/harshit/mrt_ws/install/tutorial_interfaces/share/tutorial_interfaces/srv/ProcessImage_Response.msg
[1.327s] -- Up-to-date: /home/harshit/mrt_ws/install/tutorial_interfaces/share/ament_index/resource_index/package_run_dependencies/tutorial_interfaces
[1.327s] -- Up-to-date: /home/harshit/mrt_ws/install/tutorial_interfaces/share/ament_index/resource_index/parent_prefix_path/tutorial_interfaces
[1.328s] -- Up-to-date: /home/harshit/mrt_ws/install/tutorial_interfaces/share/tutorial_interfaces/environment/ament_prefix_path.sh
[1.329s] -- Up-to-date: /home/harshit/mrt_ws/install/tutorial_interfaces/share/tutorial_interfaces/environment/ament_prefix_path.dsv
[1.329s] -- Up-to-date: /home/harshit/mrt_ws/install/tutorial_interfaces/share/tutorial_interfaces/environment/path.sh
[1.330s] -- Up-to-date: /home/harshit/mrt_ws/install/tutorial_interfaces/share/tutorial_interfaces/environment/path.dsv
[1.331s] -- Up-to-date: /home/harshit/mrt_ws/install/tutorial_interfaces/share/tutorial_interfaces/local_setup.bash
[1.332s] -- Up-to-date: /home/harshit/mrt_ws/install/tutorial_interfaces/share/tutorial_interfaces/local_setup.sh
[1.332s] -- Up-to-date: /home/harshit/mrt_ws/install/tutorial_interfaces/share/tutorial_interfaces/local_setup.zsh
[1.332s] -- Up-to-date: /home/harshit/mrt_ws/install/tutorial_interfaces/share/tutorial_interfaces/local_setup.dsv
[1.332s] -- Installing: /home/harshit/mrt_ws/install/tutorial_interfaces/share/tutorial_interfaces/package.dsv
[1.333s] -- Up-to-date: /home/harshit/mrt_ws/install/tutorial_interfaces/share/ament_index/resource_index/packages/tutorial_interfaces
[1.333s] -- Up-to-date: /home/harshit/mrt_ws/install/tutorial_interfaces/share/tutorial_interfaces/cmake/export_tutorial_interfaces__rosidl_generator_cExport.cmake
[1.333s] -- Up-to-date: /home/harshit/mrt_ws/install/tutorial_interfaces/share/tutorial_interfaces/cmake/export_tutorial_interfaces__rosidl_generator_cExport-noconfig.cmake
[1.333s] -- Up-to-date: /home/harshit/mrt_ws/install/tutorial_interfaces/share/tutorial_interfaces/cmake/export_tutorial_interfaces__rosidl_typesupport_fastrtps_cExport.cmake
[1.335s] -- Up-to-date: /home/harshit/mrt_ws/install/tutorial_interfaces/share/tutorial_interfaces/cmake/export_tutorial_interfaces__rosidl_typesupport_fastrtps_cExport-noconfig.cmake
[1.335s] -- Up-to-date: /home/harshit/mrt_ws/install/tutorial_interfaces/share/tutorial_interfaces/cmake/tutorial_interfaces__rosidl_typesupport_introspection_cExport.cmake
[1.335s] -- Up-to-date: /home/harshit/mrt_ws/install/tutorial_interfaces/share/tutorial_interfaces/cmake/tutorial_interfaces__rosidl_typesupport_introspection_cExport-noconfig.cmake
[1.336s] -- Up-to-date: /home/harshit/mrt_ws/install/tutorial_interfaces/share/tutorial_interfaces/cmake/tutorial_interfaces__rosidl_typesupport_cExport.cmake
[1.336s] -- Up-to-date: /home/harshit/mrt_ws/install/tutorial_interfaces/share/tutorial_interfaces/cmake/tutorial_interfaces__rosidl_typesupport_cExport-noconfig.cmake
[1.336s] -- Up-to-date: /home/harshit/mrt_ws/install/tutorial_interfaces/share/tutorial_interfaces/cmake/export_tutorial_interfaces__rosidl_generator_cppExport.cmake
[1.337s] -- Up-to-date: /home/harshit/mrt_ws/install/tutorial_interfaces/share/tutorial_interfaces/cmake/export_tutorial_interfaces__rosidl_typesupport_fastrtps_cppExport.cmake
[1.337s] -- Up-to-date: /home/harshit/mrt_ws/install/tutorial_interfaces/share/tutorial_interfaces/cmake/export_tutorial_interfaces__rosidl_typesupport_fastrtps_cppExport-noconfig.cmake
[1.337s] -- Up-to-date: /home/harshit/mrt_ws/install/tutorial_interfaces/share/tutorial_interfaces/cmake/tutorial_interfaces__rosidl_typesupport_introspection_cppExport.cmake
[1.338s] -- Up-to-date: /home/harshit/mrt_ws/install/tutorial_interfaces/share/tutorial_interfaces/cmake/tutorial_interfaces__rosidl_typesupport_introspection_cppExport-noconfig.cmake
[1.338s] -- Up-to-date: /home/harshit/mrt_ws/install/tutorial_interfaces/share/tutorial_interfaces/cmake/tutorial_interfaces__rosidl_typesupport_cppExport.cmake
[1.338s] -- Up-to-date: /home/harshit/mrt_ws/install/tutorial_interfaces/share/tutorial_interfaces/cmake/tutorial_interfaces__rosidl_typesupport_cppExport-noconfig.cmake
[1.339s] -- Up-to-date: /home/harshit/mrt_ws/install/tutorial_interfaces/share/tutorial_interfaces/cmake/export_tutorial_interfaces__rosidl_generator_pyExport.cmake
[1.339s] -- Up-to-date: /home/harshit/mrt_ws/install/tutorial_interfaces/share/tutorial_interfaces/cmake/export_tutorial_interfaces__rosidl_generator_pyExport-noconfig.cmake
[1.339s] -- Up-to-date: /home/harshit/mrt_ws/install/tutorial_interfaces/share/tutorial_interfaces/cmake/rosidl_cmake-extras.cmake
[1.340s] -- Up-to-date: /home/harshit/mrt_ws/install/tutorial_interfaces/share/tutorial_interfaces/cmake/ament_cmake_export_dependencies-extras.cmake
[1.340s] -- Up-to-date: /home/harshit/mrt_ws/install/tutorial_interfaces/share/tutorial_interfaces/cmake/ament_cmake_export_include_directories-extras.cmake
[1.340s] -- Up-to-date: /home/harshit/mrt_ws/install/tutorial_interfaces/share/tutorial_interfaces/cmake/ament_cmake_export_libraries-extras.cmake
[1.341s] -- Up-to-date: /home/harshit/mrt_ws/install/tutorial_interfaces/share/tutorial_interfaces/cmake/ament_cmake_export_targets-extras.cmake
[1.341s] -- Up-to-date: /home/harshit/mrt_ws/install/tutorial_interfaces/share/tutorial_interfaces/cmake/rosidl_cmake_export_typesupport_targets-extras.cmake
[1.341s] -- Up-to-date: /home/harshit/mrt_ws/install/tutorial_interfaces/share/tutorial_interfaces/cmake/rosidl_cmake_export_typesupport_libraries-extras.cmake
[1.341s] -- Up-to-date: /home/harshit/mrt_ws/install/tutorial_interfaces/share/tutorial_interfaces/cmake/tutorial_interfacesConfig.cmake
[1.342s] -- Up-to-date: /home/harshit/mrt_ws/install/tutorial_interfaces/share/tutorial_interfaces/cmake/tutorial_interfacesConfig-version.cmake
[1.342s] -- Up-to-date: /home/harshit/mrt_ws/install/tutorial_interfaces/share/tutorial_interfaces/package.xml
[1.346s] Invoked command in '/home/harshit/mrt_ws/build/tutorial_interfaces' returned '0': CMAKE_PREFIX_PATH=${CMAKE_PREFIX_PATH}:/home/harshit/mrt_ws/install/week0_tutorials:/home/harshit/mrt_ws/install/py_srvcli:/home/harshit/mrt_ws/install/sauron:/opt/ros/humble /usr/bin/cmake --install /home/harshit/mrt_ws/build/tutorial_interfaces
