-- The C compiler identification is GNU 11.4.0
-- The CXX compiler identification is GNU 11.4.0
-- Detecting C compiler ABI info
-- Detecting C compiler ABI info - done
-- Check for working C compiler: /usr/bin/cc - skipped
-- Detecting C compile features
-- Detecting C compile features - done
-- Detecting CXX compiler ABI info
-- Detecting CXX compiler ABI info - done
-- Check for working CXX compiler: /usr/bin/c++ - skipped
-- Detecting CXX compile features
-- Detecting CXX compile features - done
-- Found ament_cmake: 1.3.12 (/opt/ros/humble/share/ament_cmake/cmake)
-- Found Python3: /usr/bin/python3 (found version "3.10.12") found components: Interpreter
-- Override CMake install command with custom implementation using symlinks instead of copying resources
-- Found rosidl_default_generators: 1.2.0 (/opt/ros/humble/share/rosidl_default_generators/cmake)
-- Using all available rosidl_typesupport_c: rosidl_typesupport_fastrtps_c;rosidl_typesupport_introspection_c
-- Found rosidl_adapter: 3.1.7 (/opt/ros/humble/share/rosidl_adapter/cmake)
-- Using all available rosidl_typesupport_cpp: rosidl_typesupport_fastrtps_cpp;rosidl_typesupport_introspection_cpp
-- Found ament_cmake_ros: 0.10.0 (/opt/ros/humble/share/ament_cmake_ros/cmake)
-- Using all available rosidl_typesupport_c: rosidl_typesupport_fastrtps_c;rosidl_typesupport_introspection_c
-- Using all available rosidl_typesupport_cpp: rosidl_typesupport_fastrtps_cpp;rosidl_typesupport_introspection_cpp
-- Found PythonInterp: /usr/bin/python3 (found suitable version "3.10.12", minimum required is "3.6")
-- Found python_cmake_module: 0.10.0 (/opt/ros/humble/share/python_cmake_module/cmake)
-- Found PythonLibs: /usr/lib/x86_64-linux-gnu/libpython3.10.so (found suitable version "3.10.12", minimum required is "3.5")
-- Using PYTHON_EXECUTABLE: /usr/bin/python3
-- Using PYTHON_INCLUDE_DIRS: /usr/include/python3.10
-- Using PYTHON_LIBRARIES: /usr/lib/x86_64-linux-gnu/libpython3.10.so
-- Found PythonExtra: .so
-- Found ament_lint_auto: 0.12.14 (/opt/ros/humble/share/ament_lint_auto/cmake)
-- Added test 'lint_cmake' to check CMake code style
-- Added test 'xmllint' to check XML markup files
-- Configuring done (3.2s)
-- Generating done (0.0s)
-- Build files have been written to: /home/harshit/mrt_ws/build/arm_pos_interfaces
[  2%] [1m[34mGenerating C code for ROS interfaces[0m
[  5%] [1m[34mGenerating C++ code for ROS interfaces[0m
[  5%] Built target ament_cmake_python_symlink_arm_pos_interfaces
running egg_info
creating arm_pos_interfaces.egg-info
writing arm_pos_interfaces.egg-info/PKG-INFO
writing dependency_links to arm_pos_interfaces.egg-info/dependency_links.txt
writing top-level names to arm_pos_interfaces.egg-info/top_level.txt
writing manifest file 'arm_pos_interfaces.egg-info/SOURCES.txt'
reading manifest file 'arm_pos_interfaces.egg-info/SOURCES.txt'
writing manifest file 'arm_pos_interfaces.egg-info/SOURCES.txt'
[  5%] Built target ament_cmake_python_build_arm_pos_interfaces_egg
[ 10%] [32mBuilding C object CMakeFiles/arm_pos_interfaces__rosidl_generator_c.dir/rosidl_generator_c/arm_pos_interfaces/msg/detail/encoder_arm__functions.c.o[0m
[ 10%] [32mBuilding C object CMakeFiles/arm_pos_interfaces__rosidl_generator_c.dir/rosidl_generator_c/arm_pos_interfaces/msg/detail/arm_end_motion__functions.c.o[0m
[ 10%] Built target arm_pos_interfaces__cpp
[ 15%] [1m[34mGenerating C++ type support for eProsima Fast-RTPS[0m
[ 15%] [1m[34mGenerating C++ introspection for ROS interfaces[0m
[ 17%] [1m[34mGenerating C++ type support dispatch for ROS interfaces[0m
[ 20%] [1m[32mLinking C shared library libarm_pos_interfaces__rosidl_generator_c.so[0m
[ 20%] Built target arm_pos_interfaces__rosidl_generator_c
[ 23%] [1m[34mGenerating C type support for eProsima Fast-RTPS[0m
[ 25%] [1m[34mGenerating C introspection for ROS interfaces[0m
[ 28%] [1m[34mGenerating C type support dispatch for ROS interfaces[0m
[ 30%] [32mBuilding CXX object CMakeFiles/arm_pos_interfaces__rosidl_typesupport_fastrtps_cpp.dir/rosidl_typesupport_fastrtps_cpp/arm_pos_interfaces/msg/detail/dds_fastrtps/arm_end_motion__type_support.cpp.o[0m
[ 33%] [32mBuilding CXX object CMakeFiles/arm_pos_interfaces__rosidl_typesupport_fastrtps_cpp.dir/rosidl_typesupport_fastrtps_cpp/arm_pos_interfaces/msg/detail/dds_fastrtps/encoder_arm__type_support.cpp.o[0m
[ 35%] [32mBuilding CXX object CMakeFiles/arm_pos_interfaces__rosidl_typesupport_cpp.dir/rosidl_typesupport_cpp/arm_pos_interfaces/msg/arm_end_motion__type_support.cpp.o[0m
[ 38%] [32mBuilding CXX object CMakeFiles/arm_pos_interfaces__rosidl_typesupport_cpp.dir/rosidl_typesupport_cpp/arm_pos_interfaces/msg/encoder_arm__type_support.cpp.o[0m
[ 41%] [32mBuilding CXX object CMakeFiles/arm_pos_interfaces__rosidl_typesupport_introspection_cpp.dir/rosidl_typesupport_introspection_cpp/arm_pos_interfaces/msg/detail/arm_end_motion__type_support.cpp.o[0m
[ 43%] [32mBuilding CXX object CMakeFiles/arm_pos_interfaces__rosidl_typesupport_fastrtps_c.dir/rosidl_typesupport_fastrtps_c/arm_pos_interfaces/msg/detail/arm_end_motion__type_support_c.cpp.o[0m
[ 46%] [32mBuilding C object CMakeFiles/arm_pos_interfaces__rosidl_typesupport_introspection_c.dir/rosidl_typesupport_introspection_c/arm_pos_interfaces/msg/detail/arm_end_motion__type_support.c.o[0m
[ 48%] [32mBuilding C object CMakeFiles/arm_pos_interfaces__rosidl_typesupport_introspection_c.dir/rosidl_typesupport_introspection_c/arm_pos_interfaces/msg/detail/encoder_arm__type_support.c.o[0m
[ 51%] [32mBuilding CXX object CMakeFiles/arm_pos_interfaces__rosidl_typesupport_c.dir/rosidl_typesupport_c/arm_pos_interfaces/msg/arm_end_motion__type_support.cpp.o[0m
[ 53%] [1m[32mLinking C shared library libarm_pos_interfaces__rosidl_typesupport_introspection_c.so[0m
[ 56%] [32mBuilding CXX object CMakeFiles/arm_pos_interfaces__rosidl_typesupport_c.dir/rosidl_typesupport_c/arm_pos_interfaces/msg/encoder_arm__type_support.cpp.o[0m
[ 58%] [32mBuilding CXX object CMakeFiles/arm_pos_interfaces__rosidl_typesupport_introspection_cpp.dir/rosidl_typesupport_introspection_cpp/arm_pos_interfaces/msg/detail/encoder_arm__type_support.cpp.o[0m
[ 58%] Built target arm_pos_interfaces__rosidl_typesupport_introspection_c
[ 61%] [32mBuilding CXX object CMakeFiles/arm_pos_interfaces__rosidl_typesupport_fastrtps_c.dir/rosidl_typesupport_fastrtps_c/arm_pos_interfaces/msg/detail/encoder_arm__type_support_c.cpp.o[0m
[ 64%] [1m[32mLinking CXX shared library libarm_pos_interfaces__rosidl_typesupport_cpp.so[0m
[ 66%] [1m[32mLinking CXX shared library libarm_pos_interfaces__rosidl_typesupport_c.so[0m
[ 66%] Built target arm_pos_interfaces__rosidl_typesupport_cpp
[ 66%] Built target arm_pos_interfaces__rosidl_typesupport_c
[ 69%] [1m[32mLinking CXX shared library libarm_pos_interfaces__rosidl_typesupport_fastrtps_cpp.so[0m
[ 69%] Built target arm_pos_interfaces__rosidl_typesupport_fastrtps_cpp
[ 71%] [1m[32mLinking CXX shared library libarm_pos_interfaces__rosidl_typesupport_fastrtps_c.so[0m
[ 71%] Built target arm_pos_interfaces__rosidl_typesupport_fastrtps_c
[ 74%] [1m[32mLinking CXX shared library libarm_pos_interfaces__rosidl_typesupport_introspection_cpp.so[0m
[ 74%] Built target arm_pos_interfaces__rosidl_typesupport_introspection_cpp
[ 74%] Built target arm_pos_interfaces
[ 76%] [1m[34mGenerating Python code for ROS interfaces[0m
[ 76%] Built target arm_pos_interfaces__py
[ 79%] [32mBuilding C object CMakeFiles/arm_pos_interfaces__rosidl_generator_py.dir/rosidl_generator_py/arm_pos_interfaces/msg/_arm_end_motion_s.c.o[0m
[ 82%] [32mBuilding C object CMakeFiles/arm_pos_interfaces__rosidl_generator_py.dir/rosidl_generator_py/arm_pos_interfaces/msg/_encoder_arm_s.c.o[0m
[ 84%] [1m[32mLinking C shared library rosidl_generator_py/arm_pos_interfaces/libarm_pos_interfaces__rosidl_generator_py.so[0m
[ 84%] Built target arm_pos_interfaces__rosidl_generator_py
[ 89%] [32mBuilding C object CMakeFiles/arm_pos_interfaces__rosidl_typesupport_c__pyext.dir/rosidl_generator_py/arm_pos_interfaces/_arm_pos_interfaces_s.ep.rosidl_typesupport_c.c.o[0m
[ 92%] [32mBuilding C object CMakeFiles/arm_pos_interfaces__rosidl_typesupport_fastrtps_c__pyext.dir/rosidl_generator_py/arm_pos_interfaces/_arm_pos_interfaces_s.ep.rosidl_typesupport_fastrtps_c.c.o[0m
[ 89%] [32mBuilding C object CMakeFiles/arm_pos_interfaces__rosidl_typesupport_introspection_c__pyext.dir/rosidl_generator_py/arm_pos_interfaces/_arm_pos_interfaces_s.ep.rosidl_typesupport_introspection_c.c.o[0m
[ 94%] [1m[32mLinking C shared library rosidl_generator_py/arm_pos_interfaces/arm_pos_interfaces_s__rosidl_typesupport_c.cpython-310-x86_64-linux-gnu.so[0m
[ 97%] [1m[32mLinking C shared library rosidl_generator_py/arm_pos_interfaces/arm_pos_interfaces_s__rosidl_typesupport_introspection_c.cpython-310-x86_64-linux-gnu.so[0m
[ 97%] Built target arm_pos_interfaces__rosidl_typesupport_c__pyext
[ 97%] Built target arm_pos_interfaces__rosidl_typesupport_introspection_c__pyext
[100%] [1m[32mLinking C shared library rosidl_generator_py/arm_pos_interfaces/arm_pos_interfaces_s__rosidl_typesupport_fastrtps_c.cpython-310-x86_64-linux-gnu.so[0m
[100%] Built target arm_pos_interfaces__rosidl_typesupport_fastrtps_c__pyext
