[0.265s] Invoking command in '/home/harshit/mrt_ws/build/arm_pos_interfaces': CMAKE_PREFIX_PATH=${CMAKE_PREFIX_PATH}:/home/harshit/mrt_ws/arm_workspace/install/arm_pos_control:/home/harshit/mrt_ws/install/week1_tutorials:/home/harshit/mrt_ws/install/week0_tutorials:/home/harshit/mrt_ws/install/sauron:/home/harshit/mrt_ws/install/odom_tf_publisher:/home/harshit/mrt_ws/install/mrs_hudson:/home/harshit/mrt_ws/install/assgn:/home/harshit/mrt_ws/install/aruco_detection:/home/harshit/urdf_rviz/install/urdf_testing:/home/harshit/urdf_rviz/install/robot_car:/opt/ros/humble /usr/bin/cmake /home/harshit/mrt_ws/arm_workspace/src/arm_pos_interfaces -DAMENT_CMAKE_SYMLINK_INSTALL=1 -DCMAKE_INSTALL_PREFIX=/home/harshit/mrt_ws/install/arm_pos_interfaces
[1.220s] -- The C compiler identification is GNU 11.4.0
[1.220s] -- The CXX compiler identification is GNU 11.4.0
[1.220s] -- Detecting C compiler ABI info
[1.220s] -- Detecting C compiler ABI info - done
[1.220s] -- Check for working C compiler: /usr/bin/cc - skipped
[1.220s] -- Detecting C compile features
[1.220s] -- Detecting C compile features - done
[1.220s] -- Detecting CXX compiler ABI info
[1.221s] -- Detecting CXX compiler ABI info - done
[1.221s] -- Check for working CXX compiler: /usr/bin/c++ - skipped
[1.221s] -- Detecting CXX compile features
[1.221s] -- Detecting CXX compile features - done
[1.221s] -- Found ament_cmake: 1.3.12 (/opt/ros/humble/share/ament_cmake/cmake)
[1.221s] -- Found Python3: /usr/bin/python3 (found version "3.10.12") found components: Interpreter
[1.221s] -- Override CMake install command with custom implementation using symlinks instead of copying resources
[1.221s] -- Found rosidl_default_generators: 1.2.0 (/opt/ros/humble/share/rosidl_default_generators/cmake)
[1.221s] -- Using all available rosidl_typesupport_c: rosidl_typesupport_fastrtps_c;rosidl_typesupport_introspection_c
[1.221s] -- Found rosidl_adapter: 3.1.7 (/opt/ros/humble/share/rosidl_adapter/cmake)
[1.221s] -- Using all available rosidl_typesupport_cpp: rosidl_typesupport_fastrtps_cpp;rosidl_typesupport_introspection_cpp
[1.300s] -- Found ament_cmake_ros: 0.10.0 (/opt/ros/humble/share/ament_cmake_ros/cmake)
[2.014s] -- Using all available rosidl_typesupport_c: rosidl_typesupport_fastrtps_c;rosidl_typesupport_introspection_c
[3.261s] -- Using all available rosidl_typesupport_cpp: rosidl_typesupport_fastrtps_cpp;rosidl_typesupport_introspection_cpp
[3.293s] -- Found PythonInterp: /usr/bin/python3 (found suitable version "3.10.12", minimum required is "3.6")
[3.296s] -- Found python_cmake_module: 0.10.0 (/opt/ros/humble/share/python_cmake_module/cmake)
[3.346s] -- Found PythonLibs: /usr/lib/x86_64-linux-gnu/libpython3.10.so (found suitable version "3.10.12", minimum required is "3.5")
[3.347s] -- Using PYTHON_EXECUTABLE: /usr/bin/python3
[3.347s] -- Using PYTHON_INCLUDE_DIRS: /usr/include/python3.10
[3.347s] -- Using PYTHON_LIBRARIES: /usr/lib/x86_64-linux-gnu/libpython3.10.so
[3.382s] -- Found PythonExtra: .so
[3.431s] -- Found ament_lint_auto: 0.12.14 (/opt/ros/humble/share/ament_lint_auto/cmake)
[3.460s] -- Added test 'lint_cmake' to check CMake code style
[3.460s] -- Added test 'xmllint' to check XML markup files
[3.466s] -- Configuring done (3.2s)
[3.486s] -- Generating done (0.0s)
[3.499s] -- Build files have been written to: /home/harshit/mrt_ws/build/arm_pos_interfaces
[3.505s] Invoked command in '/home/harshit/mrt_ws/build/arm_pos_interfaces' returned '0': CMAKE_PREFIX_PATH=${CMAKE_PREFIX_PATH}:/home/harshit/mrt_ws/arm_workspace/install/arm_pos_control:/home/harshit/mrt_ws/install/week1_tutorials:/home/harshit/mrt_ws/install/week0_tutorials:/home/harshit/mrt_ws/install/sauron:/home/harshit/mrt_ws/install/odom_tf_publisher:/home/harshit/mrt_ws/install/mrs_hudson:/home/harshit/mrt_ws/install/assgn:/home/harshit/mrt_ws/install/aruco_detection:/home/harshit/urdf_rviz/install/urdf_testing:/home/harshit/urdf_rviz/install/robot_car:/opt/ros/humble /usr/bin/cmake /home/harshit/mrt_ws/arm_workspace/src/arm_pos_interfaces -DAMENT_CMAKE_SYMLINK_INSTALL=1 -DCMAKE_INSTALL_PREFIX=/home/harshit/mrt_ws/install/arm_pos_interfaces
[3.505s] Invoking command in '/home/harshit/mrt_ws/build/arm_pos_interfaces': CMAKE_PREFIX_PATH=${CMAKE_PREFIX_PATH}:/home/harshit/mrt_ws/arm_workspace/install/arm_pos_control:/home/harshit/mrt_ws/install/week1_tutorials:/home/harshit/mrt_ws/install/week0_tutorials:/home/harshit/mrt_ws/install/sauron:/home/harshit/mrt_ws/install/odom_tf_publisher:/home/harshit/mrt_ws/install/mrs_hudson:/home/harshit/mrt_ws/install/assgn:/home/harshit/mrt_ws/install/aruco_detection:/home/harshit/urdf_rviz/install/urdf_testing:/home/harshit/urdf_rviz/install/robot_car:/opt/ros/humble /usr/bin/cmake --build /home/harshit/mrt_ws/build/arm_pos_interfaces -- -j8 -l8
[3.530s] [  2%] [1m[34mGenerating C code for ROS interfaces[0m
[3.536s] [  5%] [1m[34mGenerating C++ code for ROS interfaces[0m
[3.555s] [  5%] Built target ament_cmake_python_symlink_arm_pos_interfaces
[3.831s] running egg_info
[3.831s] creating arm_pos_interfaces.egg-info
[3.832s] writing arm_pos_interfaces.egg-info/PKG-INFO
[3.833s] writing dependency_links to arm_pos_interfaces.egg-info/dependency_links.txt
[3.834s] writing top-level names to arm_pos_interfaces.egg-info/top_level.txt
[3.834s] writing manifest file 'arm_pos_interfaces.egg-info/SOURCES.txt'
[3.838s] reading manifest file 'arm_pos_interfaces.egg-info/SOURCES.txt'
[3.838s] writing manifest file 'arm_pos_interfaces.egg-info/SOURCES.txt'
[3.869s] [  5%] Built target ament_cmake_python_build_arm_pos_interfaces_egg
[3.892s] [ 10%] [32mBuilding C object CMakeFiles/arm_pos_interfaces__rosidl_generator_c.dir/rosidl_generator_c/arm_pos_interfaces/msg/detail/encoder_arm__functions.c.o[0m
[3.892s] [ 10%] [32mBuilding C object CMakeFiles/arm_pos_interfaces__rosidl_generator_c.dir/rosidl_generator_c/arm_pos_interfaces/msg/detail/arm_end_motion__functions.c.o[0m
[3.894s] [ 10%] Built target arm_pos_interfaces__cpp
[3.901s] [ 15%] [1m[34mGenerating C++ type support for eProsima Fast-RTPS[0m
[3.901s] [ 15%] [1m[34mGenerating C++ introspection for ROS interfaces[0m
[3.902s] [ 17%] [1m[34mGenerating C++ type support dispatch for ROS interfaces[0m
[3.957s] [ 20%] [1m[32mLinking C shared library libarm_pos_interfaces__rosidl_generator_c.so[0m
[4.002s] [ 20%] Built target arm_pos_interfaces__rosidl_generator_c
[4.012s] [ 23%] [1m[34mGenerating C type support for eProsima Fast-RTPS[0m
[4.012s] [ 25%] [1m[34mGenerating C introspection for ROS interfaces[0m
[4.015s] [ 28%] [1m[34mGenerating C type support dispatch for ROS interfaces[0m
[4.291s] [ 30%] [32mBuilding CXX object CMakeFiles/arm_pos_interfaces__rosidl_typesupport_fastrtps_cpp.dir/rosidl_typesupport_fastrtps_cpp/arm_pos_interfaces/msg/detail/dds_fastrtps/arm_end_motion__type_support.cpp.o[0m
[4.296s] [ 33%] [32mBuilding CXX object CMakeFiles/arm_pos_interfaces__rosidl_typesupport_fastrtps_cpp.dir/rosidl_typesupport_fastrtps_cpp/arm_pos_interfaces/msg/detail/dds_fastrtps/encoder_arm__type_support.cpp.o[0m
[4.310s] [ 35%] [32mBuilding CXX object CMakeFiles/arm_pos_interfaces__rosidl_typesupport_cpp.dir/rosidl_typesupport_cpp/arm_pos_interfaces/msg/arm_end_motion__type_support.cpp.o[0m
[4.310s] [ 38%] [32mBuilding CXX object CMakeFiles/arm_pos_interfaces__rosidl_typesupport_cpp.dir/rosidl_typesupport_cpp/arm_pos_interfaces/msg/encoder_arm__type_support.cpp.o[0m
[4.453s] [ 41%] [32mBuilding CXX object CMakeFiles/arm_pos_interfaces__rosidl_typesupport_introspection_cpp.dir/rosidl_typesupport_introspection_cpp/arm_pos_interfaces/msg/detail/arm_end_motion__type_support.cpp.o[0m
[4.618s] [ 43%] [32mBuilding CXX object CMakeFiles/arm_pos_interfaces__rosidl_typesupport_fastrtps_c.dir/rosidl_typesupport_fastrtps_c/arm_pos_interfaces/msg/detail/arm_end_motion__type_support_c.cpp.o[0m
[4.628s] [ 46%] [32mBuilding C object CMakeFiles/arm_pos_interfaces__rosidl_typesupport_introspection_c.dir/rosidl_typesupport_introspection_c/arm_pos_interfaces/msg/detail/arm_end_motion__type_support.c.o[0m
[4.707s] [ 48%] [32mBuilding C object CMakeFiles/arm_pos_interfaces__rosidl_typesupport_introspection_c.dir/rosidl_typesupport_introspection_c/arm_pos_interfaces/msg/detail/encoder_arm__type_support.c.o[0m
[4.746s] [ 51%] [32mBuilding CXX object CMakeFiles/arm_pos_interfaces__rosidl_typesupport_c.dir/rosidl_typesupport_c/arm_pos_interfaces/msg/arm_end_motion__type_support.cpp.o[0m
[4.817s] [ 53%] [1m[32mLinking C shared library libarm_pos_interfaces__rosidl_typesupport_introspection_c.so[0m
[4.831s] [ 56%] [32mBuilding CXX object CMakeFiles/arm_pos_interfaces__rosidl_typesupport_c.dir/rosidl_typesupport_c/arm_pos_interfaces/msg/encoder_arm__type_support.cpp.o[0m
[4.861s] [ 58%] [32mBuilding CXX object CMakeFiles/arm_pos_interfaces__rosidl_typesupport_introspection_cpp.dir/rosidl_typesupport_introspection_cpp/arm_pos_interfaces/msg/detail/encoder_arm__type_support.cpp.o[0m
[4.868s] [ 58%] Built target arm_pos_interfaces__rosidl_typesupport_introspection_c
[4.874s] [ 61%] [32mBuilding CXX object CMakeFiles/arm_pos_interfaces__rosidl_typesupport_fastrtps_c.dir/rosidl_typesupport_fastrtps_c/arm_pos_interfaces/msg/detail/encoder_arm__type_support_c.cpp.o[0m
[4.888s] [ 64%] [1m[32mLinking CXX shared library libarm_pos_interfaces__rosidl_typesupport_cpp.so[0m
[4.899s] [ 66%] [1m[32mLinking CXX shared library libarm_pos_interfaces__rosidl_typesupport_c.so[0m
[4.979s] [ 66%] Built target arm_pos_interfaces__rosidl_typesupport_cpp
[5.002s] [ 66%] Built target arm_pos_interfaces__rosidl_typesupport_c
[5.235s] [ 69%] [1m[32mLinking CXX shared library libarm_pos_interfaces__rosidl_typesupport_fastrtps_cpp.so[0m
[5.325s] [ 69%] Built target arm_pos_interfaces__rosidl_typesupport_fastrtps_cpp
[5.330s] [ 71%] [1m[32mLinking CXX shared library libarm_pos_interfaces__rosidl_typesupport_fastrtps_c.so[0m
[5.412s] [ 71%] Built target arm_pos_interfaces__rosidl_typesupport_fastrtps_c
[5.430s] [ 74%] [1m[32mLinking CXX shared library libarm_pos_interfaces__rosidl_typesupport_introspection_cpp.so[0m
[5.493s] [ 74%] Built target arm_pos_interfaces__rosidl_typesupport_introspection_cpp
[5.503s] [ 74%] Built target arm_pos_interfaces
[5.511s] [ 76%] [1m[34mGenerating Python code for ROS interfaces[0m
[5.818s] [ 76%] Built target arm_pos_interfaces__py
[5.825s] [ 79%] [32mBuilding C object CMakeFiles/arm_pos_interfaces__rosidl_generator_py.dir/rosidl_generator_py/arm_pos_interfaces/msg/_arm_end_motion_s.c.o[0m
[5.825s] [ 82%] [32mBuilding C object CMakeFiles/arm_pos_interfaces__rosidl_generator_py.dir/rosidl_generator_py/arm_pos_interfaces/msg/_encoder_arm_s.c.o[0m
[5.925s] [ 84%] [1m[32mLinking C shared library rosidl_generator_py/arm_pos_interfaces/libarm_pos_interfaces__rosidl_generator_py.so[0m
[5.946s] [ 84%] Built target arm_pos_interfaces__rosidl_generator_py
[5.956s] [ 89%] [32mBuilding C object CMakeFiles/arm_pos_interfaces__rosidl_typesupport_c__pyext.dir/rosidl_generator_py/arm_pos_interfaces/_arm_pos_interfaces_s.ep.rosidl_typesupport_c.c.o[0m
[5.958s] [ 92%] [32mBuilding C object CMakeFiles/arm_pos_interfaces__rosidl_typesupport_fastrtps_c__pyext.dir/rosidl_generator_py/arm_pos_interfaces/_arm_pos_interfaces_s.ep.rosidl_typesupport_fastrtps_c.c.o[0m
[5.958s] [ 89%] [32mBuilding C object CMakeFiles/arm_pos_interfaces__rosidl_typesupport_introspection_c__pyext.dir/rosidl_generator_py/arm_pos_interfaces/_arm_pos_interfaces_s.ep.rosidl_typesupport_introspection_c.c.o[0m
[6.024s] [ 94%] [1m[32mLinking C shared library rosidl_generator_py/arm_pos_interfaces/arm_pos_interfaces_s__rosidl_typesupport_c.cpython-310-x86_64-linux-gnu.so[0m
[6.031s] [ 97%] [1m[32mLinking C shared library rosidl_generator_py/arm_pos_interfaces/arm_pos_interfaces_s__rosidl_typesupport_introspection_c.cpython-310-x86_64-linux-gnu.so[0m
[6.041s] [ 97%] Built target arm_pos_interfaces__rosidl_typesupport_c__pyext
[6.048s] [ 97%] Built target arm_pos_interfaces__rosidl_typesupport_introspection_c__pyext
[6.068s] [100%] [1m[32mLinking C shared library rosidl_generator_py/arm_pos_interfaces/arm_pos_interfaces_s__rosidl_typesupport_fastrtps_c.cpython-310-x86_64-linux-gnu.so[0m
[6.087s] [100%] Built target arm_pos_interfaces__rosidl_typesupport_fastrtps_c__pyext
