[0.659s] Invoking command in '/home/harshit/mrt_ws/arm_workspace/src/arm_pos_control': PYTHONPATH=/home/harshit/mrt_ws/arm_workspace/build/arm_pos_control/prefix_override:/usr/lib/python3/dist-packages/colcon_core/task/python/colcon_distutils_commands:/home/harshit/mrt_ws/arm_workspace/install/arm_pos_control/lib/python3.10/site-packages:${PYTHONPATH} /usr/bin/python3 -W ignore:setup.py install is deprecated -W ignore:easy_install command is deprecated setup.py egg_info --egg-base ../../build/arm_pos_control build --build-base /home/harshit/mrt_ws/arm_workspace/build/arm_pos_control/build install --record /home/harshit/mrt_ws/arm_workspace/build/arm_pos_control/install.log --single-version-externally-managed install_data
[0.838s] running egg_info
[0.838s] writing ../../build/arm_pos_control/arm_pos_control.egg-info/PKG-INFO
[0.846s] writing dependency_links to ../../build/arm_pos_control/arm_pos_control.egg-info/dependency_links.txt
[0.847s] writing entry points to ../../build/arm_pos_control/arm_pos_control.egg-info/entry_points.txt
[0.847s] writing requirements to ../../build/arm_pos_control/arm_pos_control.egg-info/requires.txt
[0.847s] writing top-level names to ../../build/arm_pos_control/arm_pos_control.egg-info/top_level.txt
[0.848s] reading manifest file '../../build/arm_pos_control/arm_pos_control.egg-info/SOURCES.txt'
[0.849s] writing manifest file '../../build/arm_pos_control/arm_pos_control.egg-info/SOURCES.txt'
[0.849s] running build
[0.849s] running build_py
[0.850s] copying arm_pos_control/pid_controller.py -> /home/harshit/mrt_ws/arm_workspace/build/arm_pos_control/build/lib/arm_pos_control
[0.850s] running install
[0.850s] running install_lib
[0.851s] copying /home/harshit/mrt_ws/arm_workspace/build/arm_pos_control/build/lib/arm_pos_control/pid_controller.py -> /home/harshit/mrt_ws/arm_workspace/install/arm_pos_control/lib/python3.10/site-packages/arm_pos_control
[0.852s] byte-compiling /home/harshit/mrt_ws/arm_workspace/install/arm_pos_control/lib/python3.10/site-packages/arm_pos_control/pid_controller.py to pid_controller.cpython-310.pyc
[0.853s] running install_data
[0.853s] copying package.xml -> /home/harshit/mrt_ws/arm_workspace/install/arm_pos_control/share/arm_pos_control
[0.853s] running install_egg_info
[0.855s] removing '/home/harshit/mrt_ws/arm_workspace/install/arm_pos_control/lib/python3.10/site-packages/arm_pos_control-0.0.0-py3.10.egg-info' (and everything under it)
[0.855s] Copying ../../build/arm_pos_control/arm_pos_control.egg-info to /home/harshit/mrt_ws/arm_workspace/install/arm_pos_control/lib/python3.10/site-packages/arm_pos_control-0.0.0-py3.10.egg-info
[0.856s] running install_scripts
[0.871s] Installing input_handler script to /home/harshit/mrt_ws/arm_workspace/install/arm_pos_control/lib/arm_pos_control
[0.871s] Installing input_queue script to /home/harshit/mrt_ws/arm_workspace/install/arm_pos_control/lib/arm_pos_control
[0.871s] Installing pid_controller script to /home/harshit/mrt_ws/arm_workspace/install/arm_pos_control/lib/arm_pos_control
[0.871s] writing list of installed files to '/home/harshit/mrt_ws/arm_workspace/build/arm_pos_control/install.log'
[0.890s] Invoked command in '/home/harshit/mrt_ws/arm_workspace/src/arm_pos_control' returned '0': PYTHONPATH=/home/harshit/mrt_ws/arm_workspace/build/arm_pos_control/prefix_override:/usr/lib/python3/dist-packages/colcon_core/task/python/colcon_distutils_commands:/home/harshit/mrt_ws/arm_workspace/install/arm_pos_control/lib/python3.10/site-packages:${PYTHONPATH} /usr/bin/python3 -W ignore:setup.py install is deprecated -W ignore:easy_install command is deprecated setup.py egg_info --egg-base ../../build/arm_pos_control build --build-base /home/harshit/mrt_ws/arm_workspace/build/arm_pos_control/build install --record /home/harshit/mrt_ws/arm_workspace/build/arm_pos_control/install.log --single-version-externally-managed install_data
