running develop
running egg_info
writing assgn.egg-info/PKG-INFO
writing dependency_links to assgn.egg-info/dependency_links.txt
writing entry points to assgn.egg-info/entry_points.txt
writing requirements to assgn.egg-info/requires.txt
writing top-level names to assgn.egg-info/top_level.txt
reading manifest file 'assgn.egg-info/SOURCES.txt'
writing manifest file 'assgn.egg-info/SOURCES.txt'
running build_ext
Creating /home/harshit/mrt_ws/install/assgn/lib/python3.10/site-packages/assgn.egg-link (link to .)
Installing 96 script to /home/harshit/mrt_ws/install/assgn/lib/assgn

Installed /home/harshit/mrt_ws/build/assgn
running symlink_data
symbolically linking /home/harshit/mrt_ws/build/assgn/resource/assgn -> /home/harshit/mrt_ws/install/assgn/share/ament_index/resource_index/packages
symbolically linking /home/harshit/mrt_ws/build/assgn/package.xml -> /home/harshit/mrt_ws/install/assgn/share/assgn
symbolically linking /home/harshit/mrt_ws/build/assgn/launch/mrs_hudson_world.launch.py -> /home/harshit/mrt_ws/install/assgn/share/assgn/launch
symbolically linking /home/harshit/mrt_ws/build/assgn/models/mrs_hudson.urdf -> /home/harshit/mrt_ws/install/assgn/share/assgn/models
symbolically linking /home/harshit/mrt_ws/build/assgn/config/mrs_hudson.rviz -> /home/harshit/mrt_ws/install/assgn/share/assgn/config
symbolically linking /home/harshit/mrt_ws/build/assgn/worlds/mrs_hudson_arena.sdf -> /home/harshit/mrt_ws/install/assgn/share/assgn/worlds
