[0.091s] DEBUG:colcon:Command line arguments: ['/usr/bin/colcon', 'build', '--packages-select', 'all_interfaces']
[0.091s] DEBUG:colcon:Parsed command line arguments: Namespace(log_base=None, log_level=None, verb_name='build', build_base='build', install_base='install', merge_install=False, symlink_install=False, test_result_base=None, continue_on_error=False, executor='parallel', parallel_workers=8, event_handlers=None, ignore_user_meta=False, metas=['./colcon.meta'], base_paths=['.'], packages_ignore=None, packages_ignore_regex=None, paths=None, packages_up_to=None, packages_up_to_regex=None, packages_above=None, packages_above_and_dependencies=None, packages_above_depth=None, packages_select_by_dep=None, packages_skip_by_dep=None, packages_skip_up_to=None, packages_select_build_failed=False, packages_skip_build_finished=False, packages_select_test_failures=False, packages_skip_test_passed=False, packages_select=['all_interfaces'], packages_skip=None, packages_select_regex=None, packages_skip_regex=None, packages_start=None, packages_end=None, allow_overriding=[], cmake_args=None, cmake_target=None, cmake_target_skip_unavailable=False, cmake_clean_cache=False, cmake_clean_first=False, cmake_force_configure=False, ament_cmake_args=None, catkin_cmake_args=None, catkin_skip_building_tests=False, verb_parser=<colcon_defaults.argument_parser.defaults.DefaultArgumentsDecorator object at 0x7d738d0b00a0>, verb_extension=<colcon_core.verb.build.BuildVerb object at 0x7d738d1a14b0>, main=<bound method BuildVerb.main of <colcon_core.verb.build.BuildVerb object at 0x7d738d1a14b0>>)
[0.216s] Level 1:colcon.colcon_core.package_discovery:discover_packages(colcon_meta) check parameters
[0.216s] Level 1:colcon.colcon_core.package_discovery:discover_packages(recursive) check parameters
[0.216s] Level 1:colcon.colcon_core.package_discovery:discover_packages(ignore) check parameters
[0.217s] Level 1:colcon.colcon_core.package_discovery:discover_packages(path) check parameters
[0.217s] Level 1:colcon.colcon_core.package_discovery:discover_packages(colcon_meta) discover
[0.217s] Level 1:colcon.colcon_core.package_discovery:discover_packages(recursive) discover
[0.217s] INFO:colcon.colcon_core.package_discovery:Crawling recursively for packages in '/home/harshit/mrt_ws/src/all_interfaces'
[0.217s] Level 1:colcon.colcon_core.package_identification:_identify(.) by extensions ['ignore', 'ignore_ament_install']
[0.217s] Level 1:colcon.colcon_core.package_identification:_identify(.) by extension 'ignore'
[0.217s] Level 1:colcon.colcon_core.package_identification:_identify(.) by extension 'ignore_ament_install'
[0.217s] Level 1:colcon.colcon_core.package_identification:_identify(.) by extensions ['colcon_pkg']
[0.217s] Level 1:colcon.colcon_core.package_identification:_identify(.) by extension 'colcon_pkg'
[0.217s] Level 1:colcon.colcon_core.package_identification:_identify(.) by extensions ['colcon_meta']
[0.217s] Level 1:colcon.colcon_core.package_identification:_identify(.) by extension 'colcon_meta'
[0.217s] Level 1:colcon.colcon_core.package_identification:_identify(.) by extensions ['ros']
[0.217s] Level 1:colcon.colcon_core.package_identification:_identify(.) by extension 'ros'
[0.234s] DEBUG:colcon.colcon_core.package_identification:Package '.' with type 'ros.ament_cmake' and name 'all_interfaces'
[0.234s] Level 1:colcon.colcon_core.package_discovery:discover_packages(recursive) using defaults
[0.234s] Level 1:colcon.colcon_core.package_discovery:discover_packages(ignore) discover
[0.234s] Level 1:colcon.colcon_core.package_discovery:discover_packages(ignore) using defaults
[0.234s] Level 1:colcon.colcon_core.package_discovery:discover_packages(path) discover
[0.234s] Level 1:colcon.colcon_core.package_discovery:discover_packages(path) using defaults
[0.255s] Level 1:colcon.colcon_core.package_discovery:discover_packages(prefix_path) check parameters
[0.255s] Level 1:colcon.colcon_core.package_discovery:discover_packages(prefix_path) discover
[0.258s] DEBUG:colcon.colcon_installed_package_information.package_discovery:Found 2 installed packages in /home/harshit/urdf_rviz/install
[0.259s] DEBUG:colcon.colcon_installed_package_information.package_discovery:Found 8 installed packages in /home/harshit/mrt_ws/install
[0.260s] DEBUG:colcon.colcon_installed_package_information.package_discovery:Found 272 installed packages in /opt/ros/humble
[0.261s] Level 1:colcon.colcon_core.package_discovery:discover_packages(prefix_path) using defaults
[0.286s] Level 5:colcon.colcon_core.verb:set package 'all_interfaces' build argument 'cmake_args' from command line to 'None'
[0.286s] Level 5:colcon.colcon_core.verb:set package 'all_interfaces' build argument 'cmake_target' from command line to 'None'
[0.286s] Level 5:colcon.colcon_core.verb:set package 'all_interfaces' build argument 'cmake_target_skip_unavailable' from command line to 'False'
[0.286s] Level 5:colcon.colcon_core.verb:set package 'all_interfaces' build argument 'cmake_clean_cache' from command line to 'False'
[0.286s] Level 5:colcon.colcon_core.verb:set package 'all_interfaces' build argument 'cmake_clean_first' from command line to 'False'
[0.286s] Level 5:colcon.colcon_core.verb:set package 'all_interfaces' build argument 'cmake_force_configure' from command line to 'False'
[0.286s] Level 5:colcon.colcon_core.verb:set package 'all_interfaces' build argument 'ament_cmake_args' from command line to 'None'
[0.286s] Level 5:colcon.colcon_core.verb:set package 'all_interfaces' build argument 'catkin_cmake_args' from command line to 'None'
[0.286s] Level 5:colcon.colcon_core.verb:set package 'all_interfaces' build argument 'catkin_skip_building_tests' from command line to 'False'
[0.286s] DEBUG:colcon.colcon_core.verb:Building package 'all_interfaces' with the following arguments: {'ament_cmake_args': None, 'build_base': '/home/harshit/mrt_ws/src/all_interfaces/build/all_interfaces', 'catkin_cmake_args': None, 'catkin_skip_building_tests': False, 'cmake_args': None, 'cmake_clean_cache': False, 'cmake_clean_first': False, 'cmake_force_configure': False, 'cmake_target': None, 'cmake_target_skip_unavailable': False, 'install_base': '/home/harshit/mrt_ws/src/all_interfaces/install/all_interfaces', 'merge_install': False, 'path': '/home/harshit/mrt_ws/src/all_interfaces', 'symlink_install': False, 'test_result_base': None}
[0.286s] INFO:colcon.colcon_core.executor:Executing jobs using 'parallel' executor
[0.287s] DEBUG:colcon.colcon_parallel_executor.executor.parallel:run_until_complete
[0.287s] INFO:colcon.colcon_ros.task.ament_cmake.build:Building ROS package in '/home/harshit/mrt_ws/src/all_interfaces' with build type 'ament_cmake'
[0.287s] INFO:colcon.colcon_cmake.task.cmake.build:Building CMake package in '/home/harshit/mrt_ws/src/all_interfaces'
[0.290s] INFO:colcon.colcon_core.plugin_system:Skipping extension 'colcon_core.shell.bat': Not used on non-Windows systems
[0.290s] INFO:colcon.colcon_core.shell:Skip shell extension 'powershell' for command environment: Not usable outside of PowerShell
[0.290s] DEBUG:colcon.colcon_core.shell:Skip shell extension 'dsv' for command environment
[0.296s] DEBUG:colcon.colcon_core.event_handler.log_command:Invoking command in '/home/harshit/mrt_ws/src/all_interfaces/build/all_interfaces': CMAKE_PREFIX_PATH=${CMAKE_PREFIX_PATH}:/home/harshit/mrt_ws/install/week1_tutorials:/home/harshit/mrt_ws/install/week0_tutorials:/home/harshit/mrt_ws/install/sauron:/home/harshit/mrt_ws/install/odom_tf_publisher:/home/harshit/mrt_ws/install/mrs_hudson:/home/harshit/mrt_ws/install/assgn:/home/harshit/mrt_ws/install/aruco_detection:/home/harshit/urdf_rviz/install/urdf_testing:/home/harshit/urdf_rviz/install/robot_car:/opt/ros/humble /usr/bin/cmake /home/harshit/mrt_ws/src/all_interfaces -DCMAKE_INSTALL_PREFIX=/home/harshit/mrt_ws/src/all_interfaces/install/all_interfaces
[2.682s] DEBUG:colcon.colcon_core.event_handler.log_command:Invoked command in '/home/harshit/mrt_ws/src/all_interfaces/build/all_interfaces' returned '0': CMAKE_PREFIX_PATH=${CMAKE_PREFIX_PATH}:/home/harshit/mrt_ws/install/week1_tutorials:/home/harshit/mrt_ws/install/week0_tutorials:/home/harshit/mrt_ws/install/sauron:/home/harshit/mrt_ws/install/odom_tf_publisher:/home/harshit/mrt_ws/install/mrs_hudson:/home/harshit/mrt_ws/install/assgn:/home/harshit/mrt_ws/install/aruco_detection:/home/harshit/urdf_rviz/install/urdf_testing:/home/harshit/urdf_rviz/install/robot_car:/opt/ros/humble /usr/bin/cmake /home/harshit/mrt_ws/src/all_interfaces -DCMAKE_INSTALL_PREFIX=/home/harshit/mrt_ws/src/all_interfaces/install/all_interfaces
[2.683s] DEBUG:colcon.colcon_core.event_handler.log_command:Invoking command in '/home/harshit/mrt_ws/src/all_interfaces/build/all_interfaces': CMAKE_PREFIX_PATH=${CMAKE_PREFIX_PATH}:/home/harshit/mrt_ws/install/week1_tutorials:/home/harshit/mrt_ws/install/week0_tutorials:/home/harshit/mrt_ws/install/sauron:/home/harshit/mrt_ws/install/odom_tf_publisher:/home/harshit/mrt_ws/install/mrs_hudson:/home/harshit/mrt_ws/install/assgn:/home/harshit/mrt_ws/install/aruco_detection:/home/harshit/urdf_rviz/install/urdf_testing:/home/harshit/urdf_rviz/install/robot_car:/opt/ros/humble /usr/bin/cmake --build /home/harshit/mrt_ws/src/all_interfaces/build/all_interfaces -- -j8 -l8
[4.178s] DEBUG:colcon.colcon_core.event_handler.log_command:Invoked command in '/home/harshit/mrt_ws/src/all_interfaces/build/all_interfaces' returned '0': CMAKE_PREFIX_PATH=${CMAKE_PREFIX_PATH}:/home/harshit/mrt_ws/install/week1_tutorials:/home/harshit/mrt_ws/install/week0_tutorials:/home/harshit/mrt_ws/install/sauron:/home/harshit/mrt_ws/install/odom_tf_publisher:/home/harshit/mrt_ws/install/mrs_hudson:/home/harshit/mrt_ws/install/assgn:/home/harshit/mrt_ws/install/aruco_detection:/home/harshit/urdf_rviz/install/urdf_testing:/home/harshit/urdf_rviz/install/robot_car:/opt/ros/humble /usr/bin/cmake --build /home/harshit/mrt_ws/src/all_interfaces/build/all_interfaces -- -j8 -l8
[4.182s] DEBUG:colcon.colcon_core.event_handler.log_command:Invoking command in '/home/harshit/mrt_ws/src/all_interfaces/build/all_interfaces': CMAKE_PREFIX_PATH=${CMAKE_PREFIX_PATH}:/home/harshit/mrt_ws/install/week1_tutorials:/home/harshit/mrt_ws/install/week0_tutorials:/home/harshit/mrt_ws/install/sauron:/home/harshit/mrt_ws/install/odom_tf_publisher:/home/harshit/mrt_ws/install/mrs_hudson:/home/harshit/mrt_ws/install/assgn:/home/harshit/mrt_ws/install/aruco_detection:/home/harshit/urdf_rviz/install/urdf_testing:/home/harshit/urdf_rviz/install/robot_car:/opt/ros/humble /usr/bin/cmake --install /home/harshit/mrt_ws/src/all_interfaces/build/all_interfaces
[4.233s] Level 1:colcon.colcon_core.environment:create_environment_scripts_only(all_interfaces)
[4.234s] DEBUG:colcon.colcon_core.event_handler.log_command:Invoked command in '/home/harshit/mrt_ws/src/all_interfaces/build/all_interfaces' returned '0': CMAKE_PREFIX_PATH=${CMAKE_PREFIX_PATH}:/home/harshit/mrt_ws/install/week1_tutorials:/home/harshit/mrt_ws/install/week0_tutorials:/home/harshit/mrt_ws/install/sauron:/home/harshit/mrt_ws/install/odom_tf_publisher:/home/harshit/mrt_ws/install/mrs_hudson:/home/harshit/mrt_ws/install/assgn:/home/harshit/mrt_ws/install/aruco_detection:/home/harshit/urdf_rviz/install/urdf_testing:/home/harshit/urdf_rviz/install/robot_car:/opt/ros/humble /usr/bin/cmake --install /home/harshit/mrt_ws/src/all_interfaces/build/all_interfaces
[4.237s] Level 1:colcon.colcon_core.environment:checking '/home/harshit/mrt_ws/src/all_interfaces/install/all_interfaces' for CMake module files
[4.237s] Level 1:colcon.colcon_core.environment:checking '/home/harshit/mrt_ws/src/all_interfaces/install/all_interfaces' for CMake config files
[4.238s] Level 1:colcon.colcon_core.shell:create_environment_hook('all_interfaces', 'cmake_prefix_path')
[4.238s] INFO:colcon.colcon_core.shell:Creating environment hook '/home/harshit/mrt_ws/src/all_interfaces/install/all_interfaces/share/all_interfaces/hook/cmake_prefix_path.ps1'
[4.238s] INFO:colcon.colcon_core.shell:Creating environment descriptor '/home/harshit/mrt_ws/src/all_interfaces/install/all_interfaces/share/all_interfaces/hook/cmake_prefix_path.dsv'
[4.239s] INFO:colcon.colcon_core.shell:Creating environment hook '/home/harshit/mrt_ws/src/all_interfaces/install/all_interfaces/share/all_interfaces/hook/cmake_prefix_path.sh'
[4.240s] Level 1:colcon.colcon_core.environment:checking '/home/harshit/mrt_ws/src/all_interfaces/install/all_interfaces/lib'
[4.240s] Level 1:colcon.colcon_core.shell:create_environment_hook('all_interfaces', 'ld_library_path_lib')
[4.240s] INFO:colcon.colcon_core.shell:Creating environment hook '/home/harshit/mrt_ws/src/all_interfaces/install/all_interfaces/share/all_interfaces/hook/ld_library_path_lib.ps1'
[4.240s] INFO:colcon.colcon_core.shell:Creating environment descriptor '/home/harshit/mrt_ws/src/all_interfaces/install/all_interfaces/share/all_interfaces/hook/ld_library_path_lib.dsv'
[4.240s] INFO:colcon.colcon_core.shell:Creating environment hook '/home/harshit/mrt_ws/src/all_interfaces/install/all_interfaces/share/all_interfaces/hook/ld_library_path_lib.sh'
[4.241s] Level 1:colcon.colcon_core.environment:checking '/home/harshit/mrt_ws/src/all_interfaces/install/all_interfaces/bin'
[4.241s] Level 1:colcon.colcon_core.environment:checking '/home/harshit/mrt_ws/src/all_interfaces/install/all_interfaces/lib/pkgconfig/all_interfaces.pc'
[4.241s] Level 1:colcon.colcon_core.environment:checking '/home/harshit/mrt_ws/src/all_interfaces/install/all_interfaces/lib/python3.10/site-packages'
[4.241s] Level 1:colcon.colcon_core.environment:checking '/home/harshit/mrt_ws/src/all_interfaces/install/all_interfaces/bin'
[4.241s] INFO:colcon.colcon_core.shell:Creating package script '/home/harshit/mrt_ws/src/all_interfaces/install/all_interfaces/share/all_interfaces/package.ps1'
[4.242s] INFO:colcon.colcon_core.shell:Creating package descriptor '/home/harshit/mrt_ws/src/all_interfaces/install/all_interfaces/share/all_interfaces/package.dsv'
[4.242s] INFO:colcon.colcon_core.shell:Creating package script '/home/harshit/mrt_ws/src/all_interfaces/install/all_interfaces/share/all_interfaces/package.sh'
[4.243s] INFO:colcon.colcon_core.shell:Creating package script '/home/harshit/mrt_ws/src/all_interfaces/install/all_interfaces/share/all_interfaces/package.bash'
[4.243s] INFO:colcon.colcon_core.shell:Creating package script '/home/harshit/mrt_ws/src/all_interfaces/install/all_interfaces/share/all_interfaces/package.zsh'
[4.244s] Level 1:colcon.colcon_core.environment:create_file_with_runtime_dependencies(/home/harshit/mrt_ws/src/all_interfaces/install/all_interfaces/share/colcon-core/packages/all_interfaces)
[4.244s] Level 1:colcon.colcon_core.environment:create_environment_scripts_only(all_interfaces)
[4.244s] Level 1:colcon.colcon_core.environment:checking '/home/harshit/mrt_ws/src/all_interfaces/install/all_interfaces' for CMake module files
[4.245s] Level 1:colcon.colcon_core.environment:checking '/home/harshit/mrt_ws/src/all_interfaces/install/all_interfaces' for CMake config files
[4.245s] Level 1:colcon.colcon_core.shell:create_environment_hook('all_interfaces', 'cmake_prefix_path')
[4.245s] INFO:colcon.colcon_core.shell:Creating environment hook '/home/harshit/mrt_ws/src/all_interfaces/install/all_interfaces/share/all_interfaces/hook/cmake_prefix_path.ps1'
[4.245s] INFO:colcon.colcon_core.shell:Creating environment descriptor '/home/harshit/mrt_ws/src/all_interfaces/install/all_interfaces/share/all_interfaces/hook/cmake_prefix_path.dsv'
[4.246s] INFO:colcon.colcon_core.shell:Creating environment hook '/home/harshit/mrt_ws/src/all_interfaces/install/all_interfaces/share/all_interfaces/hook/cmake_prefix_path.sh'
[4.246s] Level 1:colcon.colcon_core.environment:checking '/home/harshit/mrt_ws/src/all_interfaces/install/all_interfaces/lib'
[4.246s] Level 1:colcon.colcon_core.shell:create_environment_hook('all_interfaces', 'ld_library_path_lib')
[4.246s] INFO:colcon.colcon_core.shell:Creating environment hook '/home/harshit/mrt_ws/src/all_interfaces/install/all_interfaces/share/all_interfaces/hook/ld_library_path_lib.ps1'
[4.246s] INFO:colcon.colcon_core.shell:Creating environment descriptor '/home/harshit/mrt_ws/src/all_interfaces/install/all_interfaces/share/all_interfaces/hook/ld_library_path_lib.dsv'
[4.246s] INFO:colcon.colcon_core.shell:Creating environment hook '/home/harshit/mrt_ws/src/all_interfaces/install/all_interfaces/share/all_interfaces/hook/ld_library_path_lib.sh'
[4.247s] Level 1:colcon.colcon_core.environment:checking '/home/harshit/mrt_ws/src/all_interfaces/install/all_interfaces/bin'
[4.247s] Level 1:colcon.colcon_core.environment:checking '/home/harshit/mrt_ws/src/all_interfaces/install/all_interfaces/lib/pkgconfig/all_interfaces.pc'
[4.247s] Level 1:colcon.colcon_core.environment:checking '/home/harshit/mrt_ws/src/all_interfaces/install/all_interfaces/lib/python3.10/site-packages'
[4.247s] Level 1:colcon.colcon_core.environment:checking '/home/harshit/mrt_ws/src/all_interfaces/install/all_interfaces/bin'
[4.247s] INFO:colcon.colcon_core.shell:Creating package script '/home/harshit/mrt_ws/src/all_interfaces/install/all_interfaces/share/all_interfaces/package.ps1'
[4.247s] INFO:colcon.colcon_core.shell:Creating package descriptor '/home/harshit/mrt_ws/src/all_interfaces/install/all_interfaces/share/all_interfaces/package.dsv'
[4.248s] INFO:colcon.colcon_core.shell:Creating package script '/home/harshit/mrt_ws/src/all_interfaces/install/all_interfaces/share/all_interfaces/package.sh'
[4.248s] INFO:colcon.colcon_core.shell:Creating package script '/home/harshit/mrt_ws/src/all_interfaces/install/all_interfaces/share/all_interfaces/package.bash'
[4.248s] INFO:colcon.colcon_core.shell:Creating package script '/home/harshit/mrt_ws/src/all_interfaces/install/all_interfaces/share/all_interfaces/package.zsh'
[4.248s] Level 1:colcon.colcon_core.environment:create_file_with_runtime_dependencies(/home/harshit/mrt_ws/src/all_interfaces/install/all_interfaces/share/colcon-core/packages/all_interfaces)
[4.249s] DEBUG:colcon.colcon_parallel_executor.executor.parallel:closing loop
[4.249s] DEBUG:colcon.colcon_parallel_executor.executor.parallel:loop closed
[4.249s] DEBUG:colcon.colcon_parallel_executor.executor.parallel:run_until_complete finished with '0'
[4.249s] DEBUG:colcon.colcon_core.event_reactor:joining thread
[4.253s] INFO:colcon.colcon_core.plugin_system:Skipping extension 'colcon_notification.desktop_notification.terminal_notifier': Not used on non-Darwin systems
[4.253s] INFO:colcon.colcon_core.plugin_system:Skipping extension 'colcon_notification.desktop_notification.win32': Not used on non-Windows systems
[4.253s] INFO:colcon.colcon_notification.desktop_notification:Sending desktop notification using 'notify2'
[4.265s] DEBUG:colcon.colcon_core.event_reactor:joined thread
[4.265s] INFO:colcon.colcon_core.shell:Creating prefix script '/home/harshit/mrt_ws/src/all_interfaces/install/local_setup.ps1'
[4.266s] INFO:colcon.colcon_core.shell:Creating prefix util module '/home/harshit/mrt_ws/src/all_interfaces/install/_local_setup_util_ps1.py'
[4.268s] INFO:colcon.colcon_core.shell:Creating prefix chain script '/home/harshit/mrt_ws/src/all_interfaces/install/setup.ps1'
[4.270s] INFO:colcon.colcon_core.shell:Creating prefix script '/home/harshit/mrt_ws/src/all_interfaces/install/local_setup.sh'
[4.271s] INFO:colcon.colcon_core.shell:Creating prefix util module '/home/harshit/mrt_ws/src/all_interfaces/install/_local_setup_util_sh.py'
[4.272s] INFO:colcon.colcon_core.shell:Creating prefix chain script '/home/harshit/mrt_ws/src/all_interfaces/install/setup.sh'
[4.274s] INFO:colcon.colcon_core.shell:Creating prefix script '/home/harshit/mrt_ws/src/all_interfaces/install/local_setup.bash'
[4.275s] INFO:colcon.colcon_core.shell:Creating prefix chain script '/home/harshit/mrt_ws/src/all_interfaces/install/setup.bash'
[4.277s] INFO:colcon.colcon_core.shell:Creating prefix script '/home/harshit/mrt_ws/src/all_interfaces/install/local_setup.zsh'
[4.278s] INFO:colcon.colcon_core.shell:Creating prefix chain script '/home/harshit/mrt_ws/src/all_interfaces/install/setup.zsh'
