[0.071s] DEBUG:colcon:Command line arguments: ['/usr/bin/colcon', 'build']
[0.071s] DEBUG:colcon:Parsed command line arguments: Namespace(log_base=None, log_level=None, verb_name='build', build_base='build', install_base='install', merge_install=False, symlink_install=False, test_result_base=None, continue_on_error=False, executor='parallel', parallel_workers=8, event_handlers=None, ignore_user_meta=False, metas=['./colcon.meta'], base_paths=['.'], packages_ignore=None, packages_ignore_regex=None, paths=None, packages_up_to=None, packages_up_to_regex=None, packages_above=None, packages_above_and_dependencies=None, packages_above_depth=None, packages_select_by_dep=None, packages_skip_by_dep=None, packages_skip_up_to=None, packages_select_build_failed=False, packages_skip_build_finished=False, packages_select_test_failures=False, packages_skip_test_passed=False, packages_select=None, packages_skip=None, packages_select_regex=None, packages_skip_regex=None, packages_start=None, packages_end=None, allow_overriding=[], cmake_args=None, cmake_target=None, cmake_target_skip_unavailable=False, cmake_clean_cache=False, cmake_clean_first=False, cmake_force_configure=False, ament_cmake_args=None, catkin_cmake_args=None, catkin_skip_building_tests=False, verb_parser=<colcon_defaults.argument_parser.defaults.DefaultArgumentsDecorator object at 0x7786876249a0>, verb_extension=<colcon_core.verb.build.BuildVerb object at 0x778687794e50>, main=<bound method BuildVerb.main of <colcon_core.verb.build.BuildVerb object at 0x778687794e50>>)
[0.173s] Level 1:colcon.colcon_core.package_discovery:discover_packages(colcon_meta) check parameters
[0.173s] Level 1:colcon.colcon_core.package_discovery:discover_packages(recursive) check parameters
[0.173s] Level 1:colcon.colcon_core.package_discovery:discover_packages(ignore) check parameters
[0.173s] Level 1:colcon.colcon_core.package_discovery:discover_packages(path) check parameters
[0.173s] Level 1:colcon.colcon_core.package_discovery:discover_packages(colcon_meta) discover
[0.173s] Level 1:colcon.colcon_core.package_discovery:discover_packages(recursive) discover
[0.173s] INFO:colcon.colcon_core.package_discovery:Crawling recursively for packages in '/home/harshit/mrt_ws'
[0.173s] Level 1:colcon.colcon_core.package_identification:_identify(.) by extensions ['ignore', 'ignore_ament_install']
[0.173s] Level 1:colcon.colcon_core.package_identification:_identify(.) by extension 'ignore'
[0.173s] Level 1:colcon.colcon_core.package_identification:_identify(.) by extension 'ignore_ament_install'
[0.173s] Level 1:colcon.colcon_core.package_identification:_identify(.) by extensions ['colcon_pkg']
[0.173s] Level 1:colcon.colcon_core.package_identification:_identify(.) by extension 'colcon_pkg'
[0.173s] Level 1:colcon.colcon_core.package_identification:_identify(.) by extensions ['colcon_meta']
[0.173s] Level 1:colcon.colcon_core.package_identification:_identify(.) by extension 'colcon_meta'
[0.173s] Level 1:colcon.colcon_core.package_identification:_identify(.) by extensions ['ros']
[0.173s] Level 1:colcon.colcon_core.package_identification:_identify(.) by extension 'ros'
[0.181s] Level 1:colcon.colcon_core.package_identification:_identify(.) by extensions ['cmake', 'python']
[0.181s] Level 1:colcon.colcon_core.package_identification:_identify(.) by extension 'cmake'
[0.181s] Level 1:colcon.colcon_core.package_identification:_identify(.) by extension 'python'
[0.181s] Level 1:colcon.colcon_core.package_identification:_identify(.) by extensions ['python_setup_py']
[0.181s] Level 1:colcon.colcon_core.package_identification:_identify(.) by extension 'python_setup_py'
[0.181s] Level 1:colcon.colcon_core.package_identification:_identify(assignment_reports) by extensions ['ignore', 'ignore_ament_install']
[0.181s] Level 1:colcon.colcon_core.package_identification:_identify(assignment_reports) by extension 'ignore'
[0.181s] Level 1:colcon.colcon_core.package_identification:_identify(assignment_reports) by extension 'ignore_ament_install'
[0.182s] Level 1:colcon.colcon_core.package_identification:_identify(assignment_reports) by extensions ['colcon_pkg']
[0.182s] Level 1:colcon.colcon_core.package_identification:_identify(assignment_reports) by extension 'colcon_pkg'
[0.182s] Level 1:colcon.colcon_core.package_identification:_identify(assignment_reports) by extensions ['colcon_meta']
[0.182s] Level 1:colcon.colcon_core.package_identification:_identify(assignment_reports) by extension 'colcon_meta'
[0.182s] Level 1:colcon.colcon_core.package_identification:_identify(assignment_reports) by extensions ['ros']
[0.182s] Level 1:colcon.colcon_core.package_identification:_identify(assignment_reports) by extension 'ros'
[0.182s] Level 1:colcon.colcon_core.package_identification:_identify(assignment_reports) by extensions ['cmake', 'python']
[0.182s] Level 1:colcon.colcon_core.package_identification:_identify(assignment_reports) by extension 'cmake'
[0.182s] Level 1:colcon.colcon_core.package_identification:_identify(assignment_reports) by extension 'python'
[0.182s] Level 1:colcon.colcon_core.package_identification:_identify(assignment_reports) by extensions ['python_setup_py']
[0.182s] Level 1:colcon.colcon_core.package_identification:_identify(assignment_reports) by extension 'python_setup_py'
[0.182s] Level 1:colcon.colcon_core.package_identification:_identify(build) by extensions ['ignore', 'ignore_ament_install']
[0.182s] Level 1:colcon.colcon_core.package_identification:_identify(build) by extension 'ignore'
[0.182s] Level 1:colcon.colcon_core.package_identification:_identify(build) ignored
[0.182s] Level 1:colcon.colcon_core.package_identification:_identify(install) by extensions ['ignore', 'ignore_ament_install']
[0.182s] Level 1:colcon.colcon_core.package_identification:_identify(install) by extension 'ignore'
[0.182s] Level 1:colcon.colcon_core.package_identification:_identify(install) ignored
[0.182s] Level 1:colcon.colcon_core.package_identification:_identify(log) by extensions ['ignore', 'ignore_ament_install']
[0.182s] Level 1:colcon.colcon_core.package_identification:_identify(log) by extension 'ignore'
[0.182s] Level 1:colcon.colcon_core.package_identification:_identify(log) ignored
[0.182s] Level 1:colcon.colcon_core.package_identification:_identify(src) by extensions ['ignore', 'ignore_ament_install']
[0.182s] Level 1:colcon.colcon_core.package_identification:_identify(src) by extension 'ignore'
[0.182s] Level 1:colcon.colcon_core.package_identification:_identify(src) by extension 'ignore_ament_install'
[0.182s] Level 1:colcon.colcon_core.package_identification:_identify(src) by extensions ['colcon_pkg']
[0.182s] Level 1:colcon.colcon_core.package_identification:_identify(src) by extension 'colcon_pkg'
[0.182s] Level 1:colcon.colcon_core.package_identification:_identify(src) by extensions ['colcon_meta']
[0.182s] Level 1:colcon.colcon_core.package_identification:_identify(src) by extension 'colcon_meta'
[0.182s] Level 1:colcon.colcon_core.package_identification:_identify(src) by extensions ['ros']
[0.182s] Level 1:colcon.colcon_core.package_identification:_identify(src) by extension 'ros'
[0.183s] Level 1:colcon.colcon_core.package_identification:_identify(src) by extensions ['cmake', 'python']
[0.183s] Level 1:colcon.colcon_core.package_identification:_identify(src) by extension 'cmake'
[0.183s] Level 1:colcon.colcon_core.package_identification:_identify(src) by extension 'python'
[0.183s] Level 1:colcon.colcon_core.package_identification:_identify(src) by extensions ['python_setup_py']
[0.183s] Level 1:colcon.colcon_core.package_identification:_identify(src) by extension 'python_setup_py'
[0.183s] Level 1:colcon.colcon_core.package_identification:_identify(src/py_srvcli) by extensions ['ignore', 'ignore_ament_install']
[0.183s] Level 1:colcon.colcon_core.package_identification:_identify(src/py_srvcli) by extension 'ignore'
[0.183s] Level 1:colcon.colcon_core.package_identification:_identify(src/py_srvcli) by extension 'ignore_ament_install'
[0.183s] Level 1:colcon.colcon_core.package_identification:_identify(src/py_srvcli) by extensions ['colcon_pkg']
[0.183s] Level 1:colcon.colcon_core.package_identification:_identify(src/py_srvcli) by extension 'colcon_pkg'
[0.183s] Level 1:colcon.colcon_core.package_identification:_identify(src/py_srvcli) by extensions ['colcon_meta']
[0.183s] Level 1:colcon.colcon_core.package_identification:_identify(src/py_srvcli) by extension 'colcon_meta'
[0.183s] Level 1:colcon.colcon_core.package_identification:_identify(src/py_srvcli) by extensions ['ros']
[0.183s] Level 1:colcon.colcon_core.package_identification:_identify(src/py_srvcli) by extension 'ros'
[0.185s] DEBUG:colcon.colcon_core.package_identification:Package 'src/py_srvcli' with type 'ros.ament_python' and name 'py_srvcli'
[0.185s] Level 1:colcon.colcon_core.package_identification:_identify(src/sauron) by extensions ['ignore', 'ignore_ament_install']
[0.185s] Level 1:colcon.colcon_core.package_identification:_identify(src/sauron) by extension 'ignore'
[0.185s] Level 1:colcon.colcon_core.package_identification:_identify(src/sauron) by extension 'ignore_ament_install'
[0.185s] Level 1:colcon.colcon_core.package_identification:_identify(src/sauron) by extensions ['colcon_pkg']
[0.185s] Level 1:colcon.colcon_core.package_identification:_identify(src/sauron) by extension 'colcon_pkg'
[0.185s] Level 1:colcon.colcon_core.package_identification:_identify(src/sauron) by extensions ['colcon_meta']
[0.185s] Level 1:colcon.colcon_core.package_identification:_identify(src/sauron) by extension 'colcon_meta'
[0.185s] Level 1:colcon.colcon_core.package_identification:_identify(src/sauron) by extensions ['ros']
[0.185s] Level 1:colcon.colcon_core.package_identification:_identify(src/sauron) by extension 'ros'
[0.186s] DEBUG:colcon.colcon_core.package_identification:Package 'src/sauron' with type 'ros.ament_python' and name 'sauron'
[0.186s] Level 1:colcon.colcon_core.package_identification:_identify(src/tutorial_interfaces) by extensions ['ignore', 'ignore_ament_install']
[0.186s] Level 1:colcon.colcon_core.package_identification:_identify(src/tutorial_interfaces) by extension 'ignore'
[0.186s] Level 1:colcon.colcon_core.package_identification:_identify(src/tutorial_interfaces) by extension 'ignore_ament_install'
[0.186s] Level 1:colcon.colcon_core.package_identification:_identify(src/tutorial_interfaces) by extensions ['colcon_pkg']
[0.186s] Level 1:colcon.colcon_core.package_identification:_identify(src/tutorial_interfaces) by extension 'colcon_pkg'
[0.186s] Level 1:colcon.colcon_core.package_identification:_identify(src/tutorial_interfaces) by extensions ['colcon_meta']
[0.186s] Level 1:colcon.colcon_core.package_identification:_identify(src/tutorial_interfaces) by extension 'colcon_meta'
[0.186s] Level 1:colcon.colcon_core.package_identification:_identify(src/tutorial_interfaces) by extensions ['ros']
[0.186s] Level 1:colcon.colcon_core.package_identification:_identify(src/tutorial_interfaces) by extension 'ros'
[0.186s] DEBUG:colcon.colcon_core.package_identification:Package 'src/tutorial_interfaces' with type 'ros.ament_cmake' and name 'tutorial_interfaces'
[0.186s] Level 1:colcon.colcon_core.package_identification:_identify(src/week0_tutorials) by extensions ['ignore', 'ignore_ament_install']
[0.186s] Level 1:colcon.colcon_core.package_identification:_identify(src/week0_tutorials) by extension 'ignore'
[0.186s] Level 1:colcon.colcon_core.package_identification:_identify(src/week0_tutorials) by extension 'ignore_ament_install'
[0.186s] Level 1:colcon.colcon_core.package_identification:_identify(src/week0_tutorials) by extensions ['colcon_pkg']
[0.186s] Level 1:colcon.colcon_core.package_identification:_identify(src/week0_tutorials) by extension 'colcon_pkg'
[0.186s] Level 1:colcon.colcon_core.package_identification:_identify(src/week0_tutorials) by extensions ['colcon_meta']
[0.186s] Level 1:colcon.colcon_core.package_identification:_identify(src/week0_tutorials) by extension 'colcon_meta'
[0.186s] Level 1:colcon.colcon_core.package_identification:_identify(src/week0_tutorials) by extensions ['ros']
[0.187s] Level 1:colcon.colcon_core.package_identification:_identify(src/week0_tutorials) by extension 'ros'
[0.187s] DEBUG:colcon.colcon_core.package_identification:Package 'src/week0_tutorials' with type 'ros.ament_python' and name 'week0_tutorials'
[0.187s] Level 1:colcon.colcon_core.package_discovery:discover_packages(recursive) using defaults
[0.187s] Level 1:colcon.colcon_core.package_discovery:discover_packages(ignore) discover
[0.187s] Level 1:colcon.colcon_core.package_discovery:discover_packages(ignore) using defaults
[0.187s] Level 1:colcon.colcon_core.package_discovery:discover_packages(path) discover
[0.187s] Level 1:colcon.colcon_core.package_discovery:discover_packages(path) using defaults
[0.200s] Level 1:colcon.colcon_core.package_discovery:discover_packages(prefix_path) check parameters
[0.200s] Level 1:colcon.colcon_core.package_discovery:discover_packages(prefix_path) discover
[0.202s] DEBUG:colcon.colcon_installed_package_information.package_discovery:Found 4 installed packages in /home/harshit/mrt_ws/install
[0.202s] DEBUG:colcon.colcon_installed_package_information.package_discovery:Found 287 installed packages in /opt/ros/humble
[0.212s] Level 1:colcon.colcon_core.package_discovery:discover_packages(prefix_path) using defaults
[0.237s] Level 5:colcon.colcon_core.verb:set package 'sauron' build argument 'cmake_args' from command line to 'None'
[0.237s] Level 5:colcon.colcon_core.verb:set package 'sauron' build argument 'cmake_target' from command line to 'None'
[0.237s] Level 5:colcon.colcon_core.verb:set package 'sauron' build argument 'cmake_target_skip_unavailable' from command line to 'False'
[0.237s] Level 5:colcon.colcon_core.verb:set package 'sauron' build argument 'cmake_clean_cache' from command line to 'False'
[0.237s] Level 5:colcon.colcon_core.verb:set package 'sauron' build argument 'cmake_clean_first' from command line to 'False'
[0.237s] Level 5:colcon.colcon_core.verb:set package 'sauron' build argument 'cmake_force_configure' from command line to 'False'
[0.237s] Level 5:colcon.colcon_core.verb:set package 'sauron' build argument 'ament_cmake_args' from command line to 'None'
[0.237s] Level 5:colcon.colcon_core.verb:set package 'sauron' build argument 'catkin_cmake_args' from command line to 'None'
[0.237s] Level 5:colcon.colcon_core.verb:set package 'sauron' build argument 'catkin_skip_building_tests' from command line to 'False'
[0.237s] DEBUG:colcon.colcon_core.verb:Building package 'sauron' with the following arguments: {'ament_cmake_args': None, 'build_base': '/home/harshit/mrt_ws/build/sauron', 'catkin_cmake_args': None, 'catkin_skip_building_tests': False, 'cmake_args': None, 'cmake_clean_cache': False, 'cmake_clean_first': False, 'cmake_force_configure': False, 'cmake_target': None, 'cmake_target_skip_unavailable': False, 'install_base': '/home/harshit/mrt_ws/install/sauron', 'merge_install': False, 'path': '/home/harshit/mrt_ws/src/sauron', 'symlink_install': False, 'test_result_base': None}
[0.237s] Level 5:colcon.colcon_core.verb:set package 'tutorial_interfaces' build argument 'cmake_args' from command line to 'None'
[0.237s] Level 5:colcon.colcon_core.verb:set package 'tutorial_interfaces' build argument 'cmake_target' from command line to 'None'
[0.237s] Level 5:colcon.colcon_core.verb:set package 'tutorial_interfaces' build argument 'cmake_target_skip_unavailable' from command line to 'False'
[0.237s] Level 5:colcon.colcon_core.verb:set package 'tutorial_interfaces' build argument 'cmake_clean_cache' from command line to 'False'
[0.237s] Level 5:colcon.colcon_core.verb:set package 'tutorial_interfaces' build argument 'cmake_clean_first' from command line to 'False'
[0.237s] Level 5:colcon.colcon_core.verb:set package 'tutorial_interfaces' build argument 'cmake_force_configure' from command line to 'False'
[0.237s] Level 5:colcon.colcon_core.verb:set package 'tutorial_interfaces' build argument 'ament_cmake_args' from command line to 'None'
[0.237s] Level 5:colcon.colcon_core.verb:set package 'tutorial_interfaces' build argument 'catkin_cmake_args' from command line to 'None'
[0.237s] Level 5:colcon.colcon_core.verb:set package 'tutorial_interfaces' build argument 'catkin_skip_building_tests' from command line to 'False'
[0.237s] DEBUG:colcon.colcon_core.verb:Building package 'tutorial_interfaces' with the following arguments: {'ament_cmake_args': None, 'build_base': '/home/harshit/mrt_ws/build/tutorial_interfaces', 'catkin_cmake_args': None, 'catkin_skip_building_tests': False, 'cmake_args': None, 'cmake_clean_cache': False, 'cmake_clean_first': False, 'cmake_force_configure': False, 'cmake_target': None, 'cmake_target_skip_unavailable': False, 'install_base': '/home/harshit/mrt_ws/install/tutorial_interfaces', 'merge_install': False, 'path': '/home/harshit/mrt_ws/src/tutorial_interfaces', 'symlink_install': False, 'test_result_base': None}
[0.237s] Level 5:colcon.colcon_core.verb:set package 'py_srvcli' build argument 'cmake_args' from command line to 'None'
[0.237s] Level 5:colcon.colcon_core.verb:set package 'py_srvcli' build argument 'cmake_target' from command line to 'None'
[0.237s] Level 5:colcon.colcon_core.verb:set package 'py_srvcli' build argument 'cmake_target_skip_unavailable' from command line to 'False'
[0.237s] Level 5:colcon.colcon_core.verb:set package 'py_srvcli' build argument 'cmake_clean_cache' from command line to 'False'
[0.237s] Level 5:colcon.colcon_core.verb:set package 'py_srvcli' build argument 'cmake_clean_first' from command line to 'False'
[0.237s] Level 5:colcon.colcon_core.verb:set package 'py_srvcli' build argument 'cmake_force_configure' from command line to 'False'
[0.237s] Level 5:colcon.colcon_core.verb:set package 'py_srvcli' build argument 'ament_cmake_args' from command line to 'None'
[0.237s] Level 5:colcon.colcon_core.verb:set package 'py_srvcli' build argument 'catkin_cmake_args' from command line to 'None'
[0.237s] Level 5:colcon.colcon_core.verb:set package 'py_srvcli' build argument 'catkin_skip_building_tests' from command line to 'False'
[0.237s] DEBUG:colcon.colcon_core.verb:Building package 'py_srvcli' with the following arguments: {'ament_cmake_args': None, 'build_base': '/home/harshit/mrt_ws/build/py_srvcli', 'catkin_cmake_args': None, 'catkin_skip_building_tests': False, 'cmake_args': None, 'cmake_clean_cache': False, 'cmake_clean_first': False, 'cmake_force_configure': False, 'cmake_target': None, 'cmake_target_skip_unavailable': False, 'install_base': '/home/harshit/mrt_ws/install/py_srvcli', 'merge_install': False, 'path': '/home/harshit/mrt_ws/src/py_srvcli', 'symlink_install': False, 'test_result_base': None}
[0.238s] Level 5:colcon.colcon_core.verb:set package 'week0_tutorials' build argument 'cmake_args' from command line to 'None'
[0.238s] Level 5:colcon.colcon_core.verb:set package 'week0_tutorials' build argument 'cmake_target' from command line to 'None'
[0.238s] Level 5:colcon.colcon_core.verb:set package 'week0_tutorials' build argument 'cmake_target_skip_unavailable' from command line to 'False'
[0.238s] Level 5:colcon.colcon_core.verb:set package 'week0_tutorials' build argument 'cmake_clean_cache' from command line to 'False'
[0.238s] Level 5:colcon.colcon_core.verb:set package 'week0_tutorials' build argument 'cmake_clean_first' from command line to 'False'
[0.238s] Level 5:colcon.colcon_core.verb:set package 'week0_tutorials' build argument 'cmake_force_configure' from command line to 'False'
[0.238s] Level 5:colcon.colcon_core.verb:set package 'week0_tutorials' build argument 'ament_cmake_args' from command line to 'None'
[0.238s] Level 5:colcon.colcon_core.verb:set package 'week0_tutorials' build argument 'catkin_cmake_args' from command line to 'None'
[0.238s] Level 5:colcon.colcon_core.verb:set package 'week0_tutorials' build argument 'catkin_skip_building_tests' from command line to 'False'
[0.238s] DEBUG:colcon.colcon_core.verb:Building package 'week0_tutorials' with the following arguments: {'ament_cmake_args': None, 'build_base': '/home/harshit/mrt_ws/build/week0_tutorials', 'catkin_cmake_args': None, 'catkin_skip_building_tests': False, 'cmake_args': None, 'cmake_clean_cache': False, 'cmake_clean_first': False, 'cmake_force_configure': False, 'cmake_target': None, 'cmake_target_skip_unavailable': False, 'install_base': '/home/harshit/mrt_ws/install/week0_tutorials', 'merge_install': False, 'path': '/home/harshit/mrt_ws/src/week0_tutorials', 'symlink_install': False, 'test_result_base': None}
[0.238s] INFO:colcon.colcon_core.executor:Executing jobs using 'parallel' executor
[0.239s] DEBUG:colcon.colcon_parallel_executor.executor.parallel:run_until_complete
[0.239s] INFO:colcon.colcon_ros.task.ament_cmake.build:Building ROS package in '/home/harshit/mrt_ws/src/tutorial_interfaces' with build type 'ament_cmake'
[0.239s] INFO:colcon.colcon_cmake.task.cmake.build:Building CMake package in '/home/harshit/mrt_ws/src/tutorial_interfaces'
[0.240s] INFO:colcon.colcon_core.plugin_system:Skipping extension 'colcon_core.shell.bat': Not used on non-Windows systems
[0.240s] INFO:colcon.colcon_core.shell:Skip shell extension 'powershell' for command environment: Not usable outside of PowerShell
[0.240s] DEBUG:colcon.colcon_core.shell:Skip shell extension 'dsv' for command environment
[0.243s] INFO:colcon.colcon_ros.task.ament_python.build:Building ROS package in '/home/harshit/mrt_ws/src/sauron' with build type 'ament_python'
[0.243s] Level 1:colcon.colcon_core.shell:create_environment_hook('sauron', 'ament_prefix_path')
[0.243s] INFO:colcon.colcon_core.shell:Creating environment hook '/home/harshit/mrt_ws/install/sauron/share/sauron/hook/ament_prefix_path.ps1'
[0.243s] INFO:colcon.colcon_core.shell:Creating environment descriptor '/home/harshit/mrt_ws/install/sauron/share/sauron/hook/ament_prefix_path.dsv'
[0.244s] INFO:colcon.colcon_core.shell:Creating environment hook '/home/harshit/mrt_ws/install/sauron/share/sauron/hook/ament_prefix_path.sh'
[0.244s] INFO:colcon.colcon_core.shell:Skip shell extension 'powershell' for command environment: Not usable outside of PowerShell
[0.244s] DEBUG:colcon.colcon_core.shell:Skip shell extension 'dsv' for command environment
[0.250s] DEBUG:colcon.colcon_core.event_handler.log_command:Invoking command in '/home/harshit/mrt_ws/build/tutorial_interfaces': CMAKE_PREFIX_PATH=${CMAKE_PREFIX_PATH}:/home/harshit/mrt_ws/install/week0_tutorials:/home/harshit/mrt_ws/install/py_srvcli:/home/harshit/mrt_ws/install/sauron:/opt/ros/humble /usr/bin/cmake --build /home/harshit/mrt_ws/build/tutorial_interfaces -- -j8 -l8
[0.432s] INFO:colcon.colcon_core.task.python.build:Building Python package in '/home/harshit/mrt_ws/src/sauron'
[0.432s] INFO:colcon.colcon_core.shell:Skip shell extension 'powershell' for command environment: Not usable outside of PowerShell
[0.432s] DEBUG:colcon.colcon_core.shell:Skip shell extension 'dsv' for command environment
[0.469s] DEBUG:colcon.colcon_core.event_handler.log_command:Invoked command in '/home/harshit/mrt_ws/build/tutorial_interfaces' returned '0': CMAKE_PREFIX_PATH=${CMAKE_PREFIX_PATH}:/home/harshit/mrt_ws/install/week0_tutorials:/home/harshit/mrt_ws/install/py_srvcli:/home/harshit/mrt_ws/install/sauron:/opt/ros/humble /usr/bin/cmake --build /home/harshit/mrt_ws/build/tutorial_interfaces -- -j8 -l8
[0.536s] DEBUG:colcon.colcon_core.event_handler.log_command:Invoking command in '/home/harshit/mrt_ws/build/tutorial_interfaces': CMAKE_PREFIX_PATH=${CMAKE_PREFIX_PATH}:/home/harshit/mrt_ws/install/week0_tutorials:/home/harshit/mrt_ws/install/py_srvcli:/home/harshit/mrt_ws/install/sauron:/opt/ros/humble /usr/bin/cmake --install /home/harshit/mrt_ws/build/tutorial_interfaces
[0.576s] Level 1:colcon.colcon_core.environment:create_environment_scripts_only(tutorial_interfaces)
[0.576s] DEBUG:colcon.colcon_core.event_handler.log_command:Invoked command in '/home/harshit/mrt_ws/build/tutorial_interfaces' returned '0': CMAKE_PREFIX_PATH=${CMAKE_PREFIX_PATH}:/home/harshit/mrt_ws/install/week0_tutorials:/home/harshit/mrt_ws/install/py_srvcli:/home/harshit/mrt_ws/install/sauron:/opt/ros/humble /usr/bin/cmake --install /home/harshit/mrt_ws/build/tutorial_interfaces
[0.578s] Level 1:colcon.colcon_core.environment:checking '/home/harshit/mrt_ws/install/tutorial_interfaces' for CMake module files
[0.578s] Level 1:colcon.colcon_core.environment:checking '/home/harshit/mrt_ws/install/tutorial_interfaces' for CMake config files
[0.579s] Level 1:colcon.colcon_core.shell:create_environment_hook('tutorial_interfaces', 'cmake_prefix_path')
[0.579s] INFO:colcon.colcon_core.shell:Creating environment hook '/home/harshit/mrt_ws/install/tutorial_interfaces/share/tutorial_interfaces/hook/cmake_prefix_path.ps1'
[0.579s] INFO:colcon.colcon_core.shell:Creating environment descriptor '/home/harshit/mrt_ws/install/tutorial_interfaces/share/tutorial_interfaces/hook/cmake_prefix_path.dsv'
[0.580s] INFO:colcon.colcon_core.shell:Creating environment hook '/home/harshit/mrt_ws/install/tutorial_interfaces/share/tutorial_interfaces/hook/cmake_prefix_path.sh'
[0.580s] Level 1:colcon.colcon_core.environment:checking '/home/harshit/mrt_ws/install/tutorial_interfaces/lib'
[0.580s] Level 1:colcon.colcon_core.shell:create_environment_hook('tutorial_interfaces', 'ld_library_path_lib')
[0.580s] INFO:colcon.colcon_core.shell:Creating environment hook '/home/harshit/mrt_ws/install/tutorial_interfaces/share/tutorial_interfaces/hook/ld_library_path_lib.ps1'
[0.581s] INFO:colcon.colcon_core.shell:Creating environment descriptor '/home/harshit/mrt_ws/install/tutorial_interfaces/share/tutorial_interfaces/hook/ld_library_path_lib.dsv'
[0.581s] INFO:colcon.colcon_core.shell:Creating environment hook '/home/harshit/mrt_ws/install/tutorial_interfaces/share/tutorial_interfaces/hook/ld_library_path_lib.sh'
[0.581s] Level 1:colcon.colcon_core.environment:checking '/home/harshit/mrt_ws/install/tutorial_interfaces/bin'
[0.582s] Level 1:colcon.colcon_core.environment:checking '/home/harshit/mrt_ws/install/tutorial_interfaces/lib/pkgconfig/tutorial_interfaces.pc'
[0.582s] Level 1:colcon.colcon_core.environment:checking '/home/harshit/mrt_ws/install/tutorial_interfaces/lib/python3.10/site-packages'
[0.582s] Level 1:colcon.colcon_core.environment:checking '/home/harshit/mrt_ws/install/tutorial_interfaces/bin'
[0.582s] INFO:colcon.colcon_core.shell:Creating package script '/home/harshit/mrt_ws/install/tutorial_interfaces/share/tutorial_interfaces/package.ps1'
[0.583s] INFO:colcon.colcon_core.shell:Creating package descriptor '/home/harshit/mrt_ws/install/tutorial_interfaces/share/tutorial_interfaces/package.dsv'
[0.583s] INFO:colcon.colcon_core.shell:Creating package script '/home/harshit/mrt_ws/install/tutorial_interfaces/share/tutorial_interfaces/package.sh'
[0.583s] INFO:colcon.colcon_core.shell:Creating package script '/home/harshit/mrt_ws/install/tutorial_interfaces/share/tutorial_interfaces/package.bash'
[0.584s] INFO:colcon.colcon_core.shell:Creating package script '/home/harshit/mrt_ws/install/tutorial_interfaces/share/tutorial_interfaces/package.zsh'
[0.584s] Level 1:colcon.colcon_core.environment:create_file_with_runtime_dependencies(/home/harshit/mrt_ws/install/tutorial_interfaces/share/colcon-core/packages/tutorial_interfaces)
[0.656s] Level 1:colcon.colcon_core.environment:create_environment_scripts_only(tutorial_interfaces)
[0.657s] Level 1:colcon.colcon_core.environment:checking '/home/harshit/mrt_ws/install/tutorial_interfaces' for CMake module files
[0.658s] Level 1:colcon.colcon_core.environment:checking '/home/harshit/mrt_ws/install/tutorial_interfaces' for CMake config files
[0.658s] Level 1:colcon.colcon_core.shell:create_environment_hook('tutorial_interfaces', 'cmake_prefix_path')
[0.659s] INFO:colcon.colcon_core.shell:Creating environment hook '/home/harshit/mrt_ws/install/tutorial_interfaces/share/tutorial_interfaces/hook/cmake_prefix_path.ps1'
[0.659s] INFO:colcon.colcon_core.shell:Creating environment descriptor '/home/harshit/mrt_ws/install/tutorial_interfaces/share/tutorial_interfaces/hook/cmake_prefix_path.dsv'
[0.660s] INFO:colcon.colcon_core.shell:Creating environment hook '/home/harshit/mrt_ws/install/tutorial_interfaces/share/tutorial_interfaces/hook/cmake_prefix_path.sh'
[0.661s] Level 1:colcon.colcon_core.environment:checking '/home/harshit/mrt_ws/install/tutorial_interfaces/lib'
[0.661s] Level 1:colcon.colcon_core.shell:create_environment_hook('tutorial_interfaces', 'ld_library_path_lib')
[0.662s] INFO:colcon.colcon_core.shell:Creating environment hook '/home/harshit/mrt_ws/install/tutorial_interfaces/share/tutorial_interfaces/hook/ld_library_path_lib.ps1'
[0.662s] INFO:colcon.colcon_core.shell:Creating environment descriptor '/home/harshit/mrt_ws/install/tutorial_interfaces/share/tutorial_interfaces/hook/ld_library_path_lib.dsv'
[0.663s] INFO:colcon.colcon_core.shell:Creating environment hook '/home/harshit/mrt_ws/install/tutorial_interfaces/share/tutorial_interfaces/hook/ld_library_path_lib.sh'
[0.663s] Level 1:colcon.colcon_core.environment:checking '/home/harshit/mrt_ws/install/tutorial_interfaces/bin'
[0.664s] Level 1:colcon.colcon_core.environment:checking '/home/harshit/mrt_ws/install/tutorial_interfaces/lib/pkgconfig/tutorial_interfaces.pc'
[0.664s] Level 1:colcon.colcon_core.environment:checking '/home/harshit/mrt_ws/install/tutorial_interfaces/lib/python3.10/site-packages'
[0.664s] Level 1:colcon.colcon_core.environment:checking '/home/harshit/mrt_ws/install/tutorial_interfaces/bin'
[0.665s] INFO:colcon.colcon_core.shell:Creating package script '/home/harshit/mrt_ws/install/tutorial_interfaces/share/tutorial_interfaces/package.ps1'
[0.665s] INFO:colcon.colcon_core.shell:Creating package descriptor '/home/harshit/mrt_ws/install/tutorial_interfaces/share/tutorial_interfaces/package.dsv'
[0.666s] INFO:colcon.colcon_core.shell:Creating package script '/home/harshit/mrt_ws/install/tutorial_interfaces/share/tutorial_interfaces/package.sh'
[0.667s] INFO:colcon.colcon_core.shell:Creating package script '/home/harshit/mrt_ws/install/tutorial_interfaces/share/tutorial_interfaces/package.bash'
[0.667s] INFO:colcon.colcon_core.shell:Creating package script '/home/harshit/mrt_ws/install/tutorial_interfaces/share/tutorial_interfaces/package.zsh'
[0.667s] Level 1:colcon.colcon_core.environment:create_file_with_runtime_dependencies(/home/harshit/mrt_ws/install/tutorial_interfaces/share/colcon-core/packages/tutorial_interfaces)
[0.668s] INFO:colcon.colcon_ros.task.ament_python.build:Building ROS package in '/home/harshit/mrt_ws/src/py_srvcli' with build type 'ament_python'
[0.668s] Level 1:colcon.colcon_core.shell:create_environment_hook('py_srvcli', 'ament_prefix_path')
[0.668s] INFO:colcon.colcon_core.shell:Creating environment hook '/home/harshit/mrt_ws/install/py_srvcli/share/py_srvcli/hook/ament_prefix_path.ps1'
[0.669s] INFO:colcon.colcon_core.shell:Creating environment descriptor '/home/harshit/mrt_ws/install/py_srvcli/share/py_srvcli/hook/ament_prefix_path.dsv'
[0.669s] INFO:colcon.colcon_core.shell:Creating environment hook '/home/harshit/mrt_ws/install/py_srvcli/share/py_srvcli/hook/ament_prefix_path.sh'
[0.670s] INFO:colcon.colcon_core.shell:Skip shell extension 'powershell' for command environment: Not usable outside of PowerShell
[0.670s] DEBUG:colcon.colcon_core.shell:Skip shell extension 'dsv' for command environment
[0.675s] INFO:colcon.colcon_ros.task.ament_python.build:Building ROS package in '/home/harshit/mrt_ws/src/week0_tutorials' with build type 'ament_python'
[0.675s] Level 1:colcon.colcon_core.shell:create_environment_hook('week0_tutorials', 'ament_prefix_path')
[0.676s] INFO:colcon.colcon_core.shell:Creating environment hook '/home/harshit/mrt_ws/install/week0_tutorials/share/week0_tutorials/hook/ament_prefix_path.ps1'
[0.677s] INFO:colcon.colcon_core.shell:Creating environment descriptor '/home/harshit/mrt_ws/install/week0_tutorials/share/week0_tutorials/hook/ament_prefix_path.dsv'
[0.677s] INFO:colcon.colcon_core.shell:Creating environment hook '/home/harshit/mrt_ws/install/week0_tutorials/share/week0_tutorials/hook/ament_prefix_path.sh'
[0.679s] INFO:colcon.colcon_core.shell:Skip shell extension 'powershell' for command environment: Not usable outside of PowerShell
[0.679s] DEBUG:colcon.colcon_core.shell:Skip shell extension 'dsv' for command environment
[0.853s] INFO:colcon.colcon_core.task.python.build:Building Python package in '/home/harshit/mrt_ws/src/py_srvcli'
[0.853s] INFO:colcon.colcon_core.shell:Skip shell extension 'powershell' for command environment: Not usable outside of PowerShell
[0.853s] DEBUG:colcon.colcon_core.shell:Skip shell extension 'dsv' for command environment
[0.858s] DEBUG:colcon.colcon_core.event_handler.log_command:Invoking command in '/home/harshit/mrt_ws/src/sauron': PYTHONPATH=/home/harshit/mrt_ws/build/sauron/prefix_override:/usr/lib/python3/dist-packages/colcon_core/task/python/colcon_distutils_commands:/home/harshit/mrt_ws/install/sauron/lib/python3.10/site-packages:${PYTHONPATH} /usr/bin/python3 -W ignore:setup.py install is deprecated setup.py egg_info --egg-base ../../build/sauron build --build-base /home/harshit/mrt_ws/build/sauron/build install --record /home/harshit/mrt_ws/build/sauron/install.log --single-version-externally-managed install_data
[1.032s] INFO:colcon.colcon_core.task.python.build:Building Python package in '/home/harshit/mrt_ws/src/week0_tutorials'
[1.032s] INFO:colcon.colcon_core.shell:Skip shell extension 'powershell' for command environment: Not usable outside of PowerShell
[1.032s] DEBUG:colcon.colcon_core.shell:Skip shell extension 'dsv' for command environment
[1.067s] Level 1:colcon.colcon_core.environment:checking '/home/harshit/mrt_ws/install/sauron' for CMake module files
[1.067s] DEBUG:colcon.colcon_core.event_handler.log_command:Invoked command in '/home/harshit/mrt_ws/src/sauron' returned '0': PYTHONPATH=/home/harshit/mrt_ws/build/sauron/prefix_override:/usr/lib/python3/dist-packages/colcon_core/task/python/colcon_distutils_commands:/home/harshit/mrt_ws/install/sauron/lib/python3.10/site-packages:${PYTHONPATH} /usr/bin/python3 -W ignore:setup.py install is deprecated setup.py egg_info --egg-base ../../build/sauron build --build-base /home/harshit/mrt_ws/build/sauron/build install --record /home/harshit/mrt_ws/build/sauron/install.log --single-version-externally-managed install_data
[1.067s] Level 1:colcon.colcon_core.environment:checking '/home/harshit/mrt_ws/install/sauron' for CMake config files
[1.068s] Level 1:colcon.colcon_core.environment:checking '/home/harshit/mrt_ws/install/sauron/lib'
[1.068s] Level 1:colcon.colcon_core.environment:checking '/home/harshit/mrt_ws/install/sauron/bin'
[1.068s] Level 1:colcon.colcon_core.environment:checking '/home/harshit/mrt_ws/install/sauron/lib/pkgconfig/sauron.pc'
[1.068s] Level 1:colcon.colcon_core.environment:checking '/home/harshit/mrt_ws/install/sauron/lib/python3.10/site-packages'
[1.068s] Level 1:colcon.colcon_core.shell:create_environment_hook('sauron', 'pythonpath')
[1.068s] INFO:colcon.colcon_core.shell:Creating environment hook '/home/harshit/mrt_ws/install/sauron/share/sauron/hook/pythonpath.ps1'
[1.069s] INFO:colcon.colcon_core.shell:Creating environment descriptor '/home/harshit/mrt_ws/install/sauron/share/sauron/hook/pythonpath.dsv'
[1.069s] INFO:colcon.colcon_core.shell:Creating environment hook '/home/harshit/mrt_ws/install/sauron/share/sauron/hook/pythonpath.sh'
[1.069s] Level 1:colcon.colcon_core.environment:checking '/home/harshit/mrt_ws/install/sauron/bin'
[1.069s] Level 1:colcon.colcon_core.environment:create_environment_scripts_only(sauron)
[1.070s] INFO:colcon.colcon_core.shell:Creating package script '/home/harshit/mrt_ws/install/sauron/share/sauron/package.ps1'
[1.070s] INFO:colcon.colcon_core.shell:Creating package descriptor '/home/harshit/mrt_ws/install/sauron/share/sauron/package.dsv'
[1.071s] INFO:colcon.colcon_core.shell:Creating package script '/home/harshit/mrt_ws/install/sauron/share/sauron/package.sh'
[1.071s] INFO:colcon.colcon_core.shell:Creating package script '/home/harshit/mrt_ws/install/sauron/share/sauron/package.bash'
[1.071s] INFO:colcon.colcon_core.shell:Creating package script '/home/harshit/mrt_ws/install/sauron/share/sauron/package.zsh'
[1.071s] Level 1:colcon.colcon_core.environment:create_file_with_runtime_dependencies(/home/harshit/mrt_ws/install/sauron/share/colcon-core/packages/sauron)
[1.278s] DEBUG:colcon.colcon_core.event_handler.log_command:Invoking command in '/home/harshit/mrt_ws/src/py_srvcli': PYTHONPATH=/home/harshit/mrt_ws/build/py_srvcli/prefix_override:/usr/lib/python3/dist-packages/colcon_core/task/python/colcon_distutils_commands:/home/harshit/mrt_ws/install/py_srvcli/lib/python3.10/site-packages:${PYTHONPATH} /usr/bin/python3 -W ignore:setup.py install is deprecated setup.py egg_info --egg-base ../../build/py_srvcli build --build-base /home/harshit/mrt_ws/build/py_srvcli/build install --record /home/harshit/mrt_ws/build/py_srvcli/install.log --single-version-externally-managed install_data
[1.278s] DEBUG:colcon.colcon_core.event_handler.log_command:Invoking command in '/home/harshit/mrt_ws/src/week0_tutorials': PYTHONPATH=/home/harshit/mrt_ws/build/week0_tutorials/prefix_override:/usr/lib/python3/dist-packages/colcon_core/task/python/colcon_distutils_commands:/home/harshit/mrt_ws/install/week0_tutorials/lib/python3.10/site-packages:${PYTHONPATH} /usr/bin/python3 -W ignore:setup.py install is deprecated setup.py egg_info --egg-base ../../build/week0_tutorials build --build-base /home/harshit/mrt_ws/build/week0_tutorials/build install --record /home/harshit/mrt_ws/build/week0_tutorials/install.log --single-version-externally-managed install_data
[1.484s] Level 1:colcon.colcon_core.environment:checking '/home/harshit/mrt_ws/install/week0_tutorials' for CMake module files
[1.485s] DEBUG:colcon.colcon_core.event_handler.log_command:Invoked command in '/home/harshit/mrt_ws/src/week0_tutorials' returned '0': PYTHONPATH=/home/harshit/mrt_ws/build/week0_tutorials/prefix_override:/usr/lib/python3/dist-packages/colcon_core/task/python/colcon_distutils_commands:/home/harshit/mrt_ws/install/week0_tutorials/lib/python3.10/site-packages:${PYTHONPATH} /usr/bin/python3 -W ignore:setup.py install is deprecated setup.py egg_info --egg-base ../../build/week0_tutorials build --build-base /home/harshit/mrt_ws/build/week0_tutorials/build install --record /home/harshit/mrt_ws/build/week0_tutorials/install.log --single-version-externally-managed install_data
[1.485s] Level 1:colcon.colcon_core.environment:checking '/home/harshit/mrt_ws/install/week0_tutorials' for CMake config files
[1.486s] Level 1:colcon.colcon_core.environment:checking '/home/harshit/mrt_ws/install/week0_tutorials/lib'
[1.486s] Level 1:colcon.colcon_core.environment:checking '/home/harshit/mrt_ws/install/week0_tutorials/bin'
[1.486s] Level 1:colcon.colcon_core.environment:checking '/home/harshit/mrt_ws/install/week0_tutorials/lib/pkgconfig/week0_tutorials.pc'
[1.486s] Level 1:colcon.colcon_core.environment:checking '/home/harshit/mrt_ws/install/week0_tutorials/lib/python3.10/site-packages'
[1.486s] Level 1:colcon.colcon_core.shell:create_environment_hook('week0_tutorials', 'pythonpath')
[1.486s] INFO:colcon.colcon_core.shell:Creating environment hook '/home/harshit/mrt_ws/install/week0_tutorials/share/week0_tutorials/hook/pythonpath.ps1'
[1.487s] INFO:colcon.colcon_core.shell:Creating environment descriptor '/home/harshit/mrt_ws/install/week0_tutorials/share/week0_tutorials/hook/pythonpath.dsv'
[1.487s] INFO:colcon.colcon_core.shell:Creating environment hook '/home/harshit/mrt_ws/install/week0_tutorials/share/week0_tutorials/hook/pythonpath.sh'
[1.487s] Level 1:colcon.colcon_core.environment:checking '/home/harshit/mrt_ws/install/week0_tutorials/bin'
[1.487s] Level 1:colcon.colcon_core.environment:create_environment_scripts_only(week0_tutorials)
[1.487s] INFO:colcon.colcon_core.shell:Creating package script '/home/harshit/mrt_ws/install/week0_tutorials/share/week0_tutorials/package.ps1'
[1.488s] INFO:colcon.colcon_core.shell:Creating package descriptor '/home/harshit/mrt_ws/install/week0_tutorials/share/week0_tutorials/package.dsv'
[1.488s] INFO:colcon.colcon_core.shell:Creating package script '/home/harshit/mrt_ws/install/week0_tutorials/share/week0_tutorials/package.sh'
[1.488s] INFO:colcon.colcon_core.shell:Creating package script '/home/harshit/mrt_ws/install/week0_tutorials/share/week0_tutorials/package.bash'
[1.489s] INFO:colcon.colcon_core.shell:Creating package script '/home/harshit/mrt_ws/install/week0_tutorials/share/week0_tutorials/package.zsh'
[1.489s] Level 1:colcon.colcon_core.environment:create_file_with_runtime_dependencies(/home/harshit/mrt_ws/install/week0_tutorials/share/colcon-core/packages/week0_tutorials)
[1.492s] Level 1:colcon.colcon_core.environment:checking '/home/harshit/mrt_ws/install/py_srvcli' for CMake module files
[1.492s] DEBUG:colcon.colcon_core.event_handler.log_command:Invoked command in '/home/harshit/mrt_ws/src/py_srvcli' returned '0': PYTHONPATH=/home/harshit/mrt_ws/build/py_srvcli/prefix_override:/usr/lib/python3/dist-packages/colcon_core/task/python/colcon_distutils_commands:/home/harshit/mrt_ws/install/py_srvcli/lib/python3.10/site-packages:${PYTHONPATH} /usr/bin/python3 -W ignore:setup.py install is deprecated setup.py egg_info --egg-base ../../build/py_srvcli build --build-base /home/harshit/mrt_ws/build/py_srvcli/build install --record /home/harshit/mrt_ws/build/py_srvcli/install.log --single-version-externally-managed install_data
[1.492s] Level 1:colcon.colcon_core.environment:checking '/home/harshit/mrt_ws/install/py_srvcli' for CMake config files
[1.492s] Level 1:colcon.colcon_core.environment:checking '/home/harshit/mrt_ws/install/py_srvcli/lib'
[1.493s] Level 1:colcon.colcon_core.environment:checking '/home/harshit/mrt_ws/install/py_srvcli/bin'
[1.493s] Level 1:colcon.colcon_core.environment:checking '/home/harshit/mrt_ws/install/py_srvcli/lib/pkgconfig/py_srvcli.pc'
[1.493s] Level 1:colcon.colcon_core.environment:checking '/home/harshit/mrt_ws/install/py_srvcli/lib/python3.10/site-packages'
[1.493s] Level 1:colcon.colcon_core.shell:create_environment_hook('py_srvcli', 'pythonpath')
[1.493s] INFO:colcon.colcon_core.shell:Creating environment hook '/home/harshit/mrt_ws/install/py_srvcli/share/py_srvcli/hook/pythonpath.ps1'
[1.493s] INFO:colcon.colcon_core.shell:Creating environment descriptor '/home/harshit/mrt_ws/install/py_srvcli/share/py_srvcli/hook/pythonpath.dsv'
[1.493s] INFO:colcon.colcon_core.shell:Creating environment hook '/home/harshit/mrt_ws/install/py_srvcli/share/py_srvcli/hook/pythonpath.sh'
[1.494s] Level 1:colcon.colcon_core.environment:checking '/home/harshit/mrt_ws/install/py_srvcli/bin'
[1.494s] Level 1:colcon.colcon_core.environment:create_environment_scripts_only(py_srvcli)
[1.494s] INFO:colcon.colcon_core.shell:Creating package script '/home/harshit/mrt_ws/install/py_srvcli/share/py_srvcli/package.ps1'
[1.494s] INFO:colcon.colcon_core.shell:Creating package descriptor '/home/harshit/mrt_ws/install/py_srvcli/share/py_srvcli/package.dsv'
[1.495s] INFO:colcon.colcon_core.shell:Creating package script '/home/harshit/mrt_ws/install/py_srvcli/share/py_srvcli/package.sh'
[1.495s] INFO:colcon.colcon_core.shell:Creating package script '/home/harshit/mrt_ws/install/py_srvcli/share/py_srvcli/package.bash'
[1.495s] INFO:colcon.colcon_core.shell:Creating package script '/home/harshit/mrt_ws/install/py_srvcli/share/py_srvcli/package.zsh'
[1.495s] Level 1:colcon.colcon_core.environment:create_file_with_runtime_dependencies(/home/harshit/mrt_ws/install/py_srvcli/share/colcon-core/packages/py_srvcli)
[1.496s] DEBUG:colcon.colcon_parallel_executor.executor.parallel:closing loop
[1.496s] DEBUG:colcon.colcon_parallel_executor.executor.parallel:loop closed
[1.496s] DEBUG:colcon.colcon_parallel_executor.executor.parallel:run_until_complete finished with '0'
[1.496s] DEBUG:colcon.colcon_core.event_reactor:joining thread
[1.499s] INFO:colcon.colcon_core.plugin_system:Skipping extension 'colcon_notification.desktop_notification.terminal_notifier': Not used on non-Darwin systems
[1.499s] INFO:colcon.colcon_core.plugin_system:Skipping extension 'colcon_notification.desktop_notification.win32': Not used on non-Windows systems
[1.499s] INFO:colcon.colcon_notification.desktop_notification:Sending desktop notification using 'notify2'
[1.508s] DEBUG:colcon.colcon_core.event_reactor:joined thread
[1.508s] INFO:colcon.colcon_core.shell:Creating prefix script '/home/harshit/mrt_ws/install/local_setup.ps1'
[1.509s] INFO:colcon.colcon_core.shell:Creating prefix util module '/home/harshit/mrt_ws/install/_local_setup_util_ps1.py'
[1.511s] INFO:colcon.colcon_core.shell:Creating prefix chain script '/home/harshit/mrt_ws/install/setup.ps1'
[1.511s] INFO:colcon.colcon_core.shell:Creating prefix script '/home/harshit/mrt_ws/install/local_setup.sh'
[1.512s] INFO:colcon.colcon_core.shell:Creating prefix util module '/home/harshit/mrt_ws/install/_local_setup_util_sh.py'
[1.512s] INFO:colcon.colcon_core.shell:Creating prefix chain script '/home/harshit/mrt_ws/install/setup.sh'
[1.513s] INFO:colcon.colcon_core.shell:Creating prefix script '/home/harshit/mrt_ws/install/local_setup.bash'
[1.513s] INFO:colcon.colcon_core.shell:Creating prefix chain script '/home/harshit/mrt_ws/install/setup.bash'
[1.514s] INFO:colcon.colcon_core.shell:Creating prefix script '/home/harshit/mrt_ws/install/local_setup.zsh'
[1.514s] INFO:colcon.colcon_core.shell:Creating prefix chain script '/home/harshit/mrt_ws/install/setup.zsh'
