[0.544s] Invoking command in '/home/harshit/mrt_ws/src/sauron': PYTHONPATH=/home/harshit/mrt_ws/build/sauron/prefix_override:/usr/lib/python3/dist-packages/colcon_core/task/python/colcon_distutils_commands:/home/harshit/mrt_ws/install/sauron/lib/python3.10/site-packages:${PYTHONPATH} /usr/bin/python3 -W ignore:setup.py install is deprecated setup.py egg_info --egg-base ../../build/sauron build --build-base /home/harshit/mrt_ws/build/sauron/build install --record /home/harshit/mrt_ws/build/sauron/install.log --single-version-externally-managed install_data
[0.688s] running egg_info
[0.689s] creating ../../build/sauron/sauron.egg-info
[0.689s] writing ../../build/sauron/sauron.egg-info/PKG-INFO
[0.689s] writing dependency_links to ../../build/sauron/sauron.egg-info/dependency_links.txt
[0.689s] writing entry points to ../../build/sauron/sauron.egg-info/entry_points.txt
[0.690s] writing requirements to ../../build/sauron/sauron.egg-info/requires.txt
[0.690s] writing top-level names to ../../build/sauron/sauron.egg-info/top_level.txt
[0.690s] writing manifest file '../../build/sauron/sauron.egg-info/SOURCES.txt'
[0.691s] reading manifest file '../../build/sauron/sauron.egg-info/SOURCES.txt'
[0.692s] writing manifest file '../../build/sauron/sauron.egg-info/SOURCES.txt'
[0.692s] running build
[0.692s] running build_py
[0.692s] creating /home/harshit/mrt_ws/build/sauron/build
[0.692s] creating /home/harshit/mrt_ws/build/sauron/build/lib
[0.692s] creating /home/harshit/mrt_ws/build/sauron/build/lib/sauron
[0.692s] copying sauron/listener.py -> /home/harshit/mrt_ws/build/sauron/build/lib/sauron
[0.692s] copying sauron/talker2.py -> /home/harshit/mrt_ws/build/sauron/build/lib/sauron
[0.692s] copying sauron/talker1.py -> /home/harshit/mrt_ws/build/sauron/build/lib/sauron
[0.692s] copying sauron/__init__.py -> /home/harshit/mrt_ws/build/sauron/build/lib/sauron
[0.692s] running install
[0.693s] running install_lib
[0.693s] creating /home/harshit/mrt_ws/install/sauron/lib/python3.10/site-packages/sauron
[0.693s] copying /home/harshit/mrt_ws/build/sauron/build/lib/sauron/listener.py -> /home/harshit/mrt_ws/install/sauron/lib/python3.10/site-packages/sauron
[0.693s] copying /home/harshit/mrt_ws/build/sauron/build/lib/sauron/talker2.py -> /home/harshit/mrt_ws/install/sauron/lib/python3.10/site-packages/sauron
[0.693s] copying /home/harshit/mrt_ws/build/sauron/build/lib/sauron/talker1.py -> /home/harshit/mrt_ws/install/sauron/lib/python3.10/site-packages/sauron
[0.694s] copying /home/harshit/mrt_ws/build/sauron/build/lib/sauron/__init__.py -> /home/harshit/mrt_ws/install/sauron/lib/python3.10/site-packages/sauron
[0.694s] byte-compiling /home/harshit/mrt_ws/install/sauron/lib/python3.10/site-packages/sauron/listener.py to listener.cpython-310.pyc
[0.694s] byte-compiling /home/harshit/mrt_ws/install/sauron/lib/python3.10/site-packages/sauron/talker2.py to talker2.cpython-310.pyc
[0.695s] byte-compiling /home/harshit/mrt_ws/install/sauron/lib/python3.10/site-packages/sauron/talker1.py to talker1.cpython-310.pyc
[0.695s] byte-compiling /home/harshit/mrt_ws/install/sauron/lib/python3.10/site-packages/sauron/__init__.py to __init__.cpython-310.pyc
[0.695s] running install_data
[0.695s] creating /home/harshit/mrt_ws/install/sauron/share/ament_index
[0.695s] creating /home/harshit/mrt_ws/install/sauron/share/ament_index/resource_index
[0.695s] creating /home/harshit/mrt_ws/install/sauron/share/ament_index/resource_index/packages
[0.695s] copying resource/sauron -> /home/harshit/mrt_ws/install/sauron/share/ament_index/resource_index/packages
[0.695s] copying package.xml -> /home/harshit/mrt_ws/install/sauron/share/sauron
[0.695s] running install_egg_info
[0.697s] Copying ../../build/sauron/sauron.egg-info to /home/harshit/mrt_ws/install/sauron/lib/python3.10/site-packages/sauron-0.0.0-py3.10.egg-info
[0.697s] running install_scripts
[0.713s] Installing publisher1 script to /home/harshit/mrt_ws/install/sauron/lib/sauron
[0.713s] Installing publisher2 script to /home/harshit/mrt_ws/install/sauron/lib/sauron
[0.713s] Installing subscriber script to /home/harshit/mrt_ws/install/sauron/lib/sauron
[0.713s] writing list of installed files to '/home/harshit/mrt_ws/build/sauron/install.log'
[0.739s] Invoked command in '/home/harshit/mrt_ws/src/sauron' returned '0': PYTHONPATH=/home/harshit/mrt_ws/build/sauron/prefix_override:/usr/lib/python3/dist-packages/colcon_core/task/python/colcon_distutils_commands:/home/harshit/mrt_ws/install/sauron/lib/python3.10/site-packages:${PYTHONPATH} /usr/bin/python3 -W ignore:setup.py install is deprecated setup.py egg_info --egg-base ../../build/sauron build --build-base /home/harshit/mrt_ws/build/sauron/build install --record /home/harshit/mrt_ws/build/sauron/install.log --single-version-externally-managed install_data
