[0.007s] Invoking command in '/home/harshit/mrt_ws/build/tutorial_interfaces': CMAKE_PREFIX_PATH=${CMAKE_PREFIX_PATH}:/home/harshit/mrt_ws/install/week0_tutorials:/home/harshit/mrt_ws/install/py_srvcli:/home/harshit/mrt_ws/install/sauron:/opt/ros/humble /usr/bin/cmake --build /home/harshit/mrt_ws/build/tutorial_interfaces -- -j8 -l8
[0.020s] -- Found geometry_msgs: 4.2.4 (/opt/ros/humble/share/geometry_msgs/cmake)
[0.169s] -- Found rosidl_generator_c: 3.1.5 (/opt/ros/humble/share/rosidl_generator_c/cmake)
[0.170s] -- Found rosidl_adapter: 3.1.5 (/opt/ros/humble/share/rosidl_adapter/cmake)
[0.174s] -- Found rosidl_generator_cpp: 3.1.5 (/opt/ros/humble/share/rosidl_generator_cpp/cmake)
[0.181s] -- Using all available rosidl_typesupport_c: rosidl_typesupport_fastrtps_c;rosidl_typesupport_introspection_c
[0.189s] -- Using all available rosidl_typesupport_cpp: rosidl_typesupport_fastrtps_cpp;rosidl_typesupport_introspection_cpp
[0.226s] -- Found rosidl_default_generators: 1.2.0 (/opt/ros/humble/share/rosidl_default_generators/cmake)
[0.401s] [31mCMake Error at /opt/ros/humble/share/rosidl_adapter/cmake/rosidl_adapt_interfaces.cmake:59 (message):
[0.401s]   execute_process(/usr/bin/python3 -m rosidl_adapter --package-name
[0.401s]   tutorial_interfaces --arguments-file
[0.401s]   /home/harshit/mrt_ws/build/tutorial_interfaces/rosidl_adapter__arguments__tutorial_interfaces.json
[0.402s]   --output-dir
[0.402s]   /home/harshit/mrt_ws/build/tutorial_interfaces/rosidl_adapter/tutorial_interfaces
[0.402s]   --output-file
[0.402s]   /home/harshit/mrt_ws/build/tutorial_interfaces/rosidl_adapter/tutorial_interfaces.idls)
[0.402s]   returned error code 1:
[0.402s] 
[0.402s]   Error processing 'ImageBounds imgBounds' of
[0.402s]   'tutorial_interfaces/ProcessImage_Response': ''imgBounds' is an invalid
[0.402s]   field name.  It should have the pattern
[0.402s]   '^(?!.*__)(?!.*_$)[a-z][a-z0-9_]*$''
[0.402s] 
[0.402s]   Traceback (most recent call last):
[0.402s] 
[0.402s]     File "/usr/lib/python3.10/runpy.py", line 196, in _run_module_as_main
[0.402s]       return _run_code(code, main_globals, None,
[0.402s]     File "/usr/lib/python3.10/runpy.py", line 86, in _run_code
[0.402s]       exec(code, run_globals)
[0.402s]     File "/opt/ros/humble/local/lib/python3.10/dist-packages/rosidl_adapter/__main__.py", line 19, in <module>
[0.402s]       sys.exit(main())
[0.402s]     File "/opt/ros/humble/local/lib/python3.10/dist-packages/rosidl_adapter/main.py", line 53, in main
[0.403s]       abs_idl_file = convert_to_idl(
[0.403s]     File "/opt/ros/humble/local/lib/python3.10/dist-packages/rosidl_adapter/__init__.py", line 24, in convert_to_idl
[0.403s]       return convert_srv_to_idl(
[0.403s]     File "/opt/ros/humble/local/lib/python3.10/dist-packages/rosidl_adapter/srv/__init__.py", line 28, in convert_srv_to_idl
[0.403s]       srv = parse_service_string(package_name, input_file.stem, content)
[0.403s]     File "/opt/ros/humble/local/lib/python3.10/dist-packages/rosidl_adapter/parser.py", line 863, in parse_service_string
[0.403s]       response_message = parse_message_string(
[0.403s]     File "/opt/ros/humble/local/lib/python3.10/dist-packages/rosidl_adapter/parser.py", line 519, in parse_message_string
[0.403s]       fields.append(Field(
[0.403s]     File "/opt/ros/humble/local/lib/python3.10/dist-packages/rosidl_adapter/parser.py", line 354, in __init__
[0.403s]       raise NameError(
[0.403s] 
[0.403s]   NameError: 'imgBounds' is an invalid field name.  It should have the
[0.403s]   pattern '^(?!.*__)(?!.*_$)[a-z][a-z0-9_]*$'
[0.403s] 
[0.403s] Call Stack (most recent call first):
[0.403s]   /opt/ros/humble/share/rosidl_cmake/cmake/rosidl_generate_interfaces.cmake:130 (rosidl_adapt_interfaces)
[0.403s]   CMakeLists.txt:7 (rosidl_generate_interfaces)
[0.403s] 
[0.403s] [0m
[0.403s] -- Configuring incomplete, errors occurred!
[0.405s] gmake: *** [Makefile:1179: cmake_check_build_system] Error 1
[0.407s] Invoked command in '/home/harshit/mrt_ws/build/tutorial_interfaces' returned '2': CMAKE_PREFIX_PATH=${CMAKE_PREFIX_PATH}:/home/harshit/mrt_ws/install/week0_tutorials:/home/harshit/mrt_ws/install/py_srvcli:/home/harshit/mrt_ws/install/sauron:/opt/ros/humble /usr/bin/cmake --build /home/harshit/mrt_ws/build/tutorial_interfaces -- -j8 -l8
