[0.287s] DEBUG:colcon:Command line arguments: ['/usr/bin/colcon', 'build']
[0.287s] DEBUG:colcon:Parsed command line arguments: Namespace(log_base=None, log_level=None, verb_name='build', build_base='build', install_base='install', merge_install=False, symlink_install=False, test_result_base=None, continue_on_error=False, executor='parallel', parallel_workers=8, event_handlers=None, ignore_user_meta=False, metas=['./colcon.meta'], base_paths=['.'], packages_ignore=None, packages_ignore_regex=None, paths=None, packages_up_to=None, packages_up_to_regex=None, packages_above=None, packages_above_and_dependencies=None, packages_above_depth=None, packages_select_by_dep=None, packages_skip_by_dep=None, packages_skip_up_to=None, packages_select_build_failed=False, packages_skip_build_finished=False, packages_select_test_failures=False, packages_skip_test_passed=False, packages_select=None, packages_skip=None, packages_select_regex=None, packages_skip_regex=None, packages_start=None, packages_end=None, allow_overriding=[], cmake_args=None, cmake_target=None, cmake_target_skip_unavailable=False, cmake_clean_cache=False, cmake_clean_first=False, cmake_force_configure=False, ament_cmake_args=None, catkin_cmake_args=None, catkin_skip_building_tests=False, verb_parser=<colcon_defaults.argument_parser.defaults.DefaultArgumentsDecorator object at 0x71ee627ad780>, verb_extension=<colcon_core.verb.build.BuildVerb object at 0x71ee627ad270>, main=<bound method BuildVerb.main of <colcon_core.verb.build.BuildVerb object at 0x71ee627ad270>>)
[0.751s] Level 1:colcon.colcon_core.package_discovery:discover_packages(colcon_meta) check parameters
[0.751s] Level 1:colcon.colcon_core.package_discovery:discover_packages(recursive) check parameters
[0.751s] Level 1:colcon.colcon_core.package_discovery:discover_packages(ignore) check parameters
[0.751s] Level 1:colcon.colcon_core.package_discovery:discover_packages(path) check parameters
[0.751s] Level 1:colcon.colcon_core.package_discovery:discover_packages(colcon_meta) discover
[0.751s] Level 1:colcon.colcon_core.package_discovery:discover_packages(recursive) discover
[0.751s] INFO:colcon.colcon_core.package_discovery:Crawling recursively for packages in '/home/harshit/mrt_ws/arm_workspace'
[0.752s] Level 1:colcon.colcon_core.package_identification:_identify(.) by extensions ['ignore', 'ignore_ament_install']
[0.752s] Level 1:colcon.colcon_core.package_identification:_identify(.) by extension 'ignore'
[0.752s] Level 1:colcon.colcon_core.package_identification:_identify(.) by extension 'ignore_ament_install'
[0.752s] Level 1:colcon.colcon_core.package_identification:_identify(.) by extensions ['colcon_pkg']
[0.752s] Level 1:colcon.colcon_core.package_identification:_identify(.) by extension 'colcon_pkg'
[0.752s] Level 1:colcon.colcon_core.package_identification:_identify(.) by extensions ['colcon_meta']
[0.752s] Level 1:colcon.colcon_core.package_identification:_identify(.) by extension 'colcon_meta'
[0.752s] Level 1:colcon.colcon_core.package_identification:_identify(.) by extensions ['ros']
[0.753s] Level 1:colcon.colcon_core.package_identification:_identify(.) by extension 'ros'
[0.806s] Level 1:colcon.colcon_core.package_identification:_identify(.) by extensions ['cmake', 'python']
[0.806s] Level 1:colcon.colcon_core.package_identification:_identify(.) by extension 'cmake'
[0.806s] Level 1:colcon.colcon_core.package_identification:_identify(.) by extension 'python'
[0.806s] Level 1:colcon.colcon_core.package_identification:_identify(.) by extensions ['python_setup_py']
[0.807s] Level 1:colcon.colcon_core.package_identification:_identify(.) by extension 'python_setup_py'
[0.807s] Level 1:colcon.colcon_core.package_identification:_identify(build) by extensions ['ignore', 'ignore_ament_install']
[0.807s] Level 1:colcon.colcon_core.package_identification:_identify(build) by extension 'ignore'
[0.807s] Level 1:colcon.colcon_core.package_identification:_identify(build) ignored
[0.807s] Level 1:colcon.colcon_core.package_identification:_identify(install) by extensions ['ignore', 'ignore_ament_install']
[0.808s] Level 1:colcon.colcon_core.package_identification:_identify(install) by extension 'ignore'
[0.808s] Level 1:colcon.colcon_core.package_identification:_identify(install) ignored
[0.808s] Level 1:colcon.colcon_core.package_identification:_identify(log) by extensions ['ignore', 'ignore_ament_install']
[0.808s] Level 1:colcon.colcon_core.package_identification:_identify(log) by extension 'ignore'
[0.808s] Level 1:colcon.colcon_core.package_identification:_identify(log) ignored
[0.808s] Level 1:colcon.colcon_core.package_identification:_identify(src) by extensions ['ignore', 'ignore_ament_install']
[0.808s] Level 1:colcon.colcon_core.package_identification:_identify(src) by extension 'ignore'
[0.808s] Level 1:colcon.colcon_core.package_identification:_identify(src) by extension 'ignore_ament_install'
[0.809s] Level 1:colcon.colcon_core.package_identification:_identify(src) by extensions ['colcon_pkg']
[0.809s] Level 1:colcon.colcon_core.package_identification:_identify(src) by extension 'colcon_pkg'
[0.809s] Level 1:colcon.colcon_core.package_identification:_identify(src) by extensions ['colcon_meta']
[0.809s] Level 1:colcon.colcon_core.package_identification:_identify(src) by extension 'colcon_meta'
[0.809s] Level 1:colcon.colcon_core.package_identification:_identify(src) by extensions ['ros']
[0.809s] Level 1:colcon.colcon_core.package_identification:_identify(src) by extension 'ros'
[0.809s] Level 1:colcon.colcon_core.package_identification:_identify(src) by extensions ['cmake', 'python']
[0.809s] Level 1:colcon.colcon_core.package_identification:_identify(src) by extension 'cmake'
[0.809s] Level 1:colcon.colcon_core.package_identification:_identify(src) by extension 'python'
[0.809s] Level 1:colcon.colcon_core.package_identification:_identify(src) by extensions ['python_setup_py']
[0.809s] Level 1:colcon.colcon_core.package_identification:_identify(src) by extension 'python_setup_py'
[0.810s] Level 1:colcon.colcon_core.package_identification:_identify(src/arm_pos_control) by extensions ['ignore', 'ignore_ament_install']
[0.810s] Level 1:colcon.colcon_core.package_identification:_identify(src/arm_pos_control) by extension 'ignore'
[0.810s] Level 1:colcon.colcon_core.package_identification:_identify(src/arm_pos_control) by extension 'ignore_ament_install'
[0.810s] Level 1:colcon.colcon_core.package_identification:_identify(src/arm_pos_control) by extensions ['colcon_pkg']
[0.810s] Level 1:colcon.colcon_core.package_identification:_identify(src/arm_pos_control) by extension 'colcon_pkg'
[0.810s] Level 1:colcon.colcon_core.package_identification:_identify(src/arm_pos_control) by extensions ['colcon_meta']
[0.810s] Level 1:colcon.colcon_core.package_identification:_identify(src/arm_pos_control) by extension 'colcon_meta'
[0.811s] Level 1:colcon.colcon_core.package_identification:_identify(src/arm_pos_control) by extensions ['ros']
[0.811s] Level 1:colcon.colcon_core.package_identification:_identify(src/arm_pos_control) by extension 'ros'
[0.816s] DEBUG:colcon.colcon_core.package_identification:Package 'src/arm_pos_control' with type 'ros.ament_python' and name 'arm_pos_control'
[0.817s] Level 1:colcon.colcon_core.package_identification:_identify(src/pos_control_interfaces) by extensions ['ignore', 'ignore_ament_install']
[0.817s] Level 1:colcon.colcon_core.package_identification:_identify(src/pos_control_interfaces) by extension 'ignore'
[0.817s] Level 1:colcon.colcon_core.package_identification:_identify(src/pos_control_interfaces) by extension 'ignore_ament_install'
[0.817s] Level 1:colcon.colcon_core.package_identification:_identify(src/pos_control_interfaces) by extensions ['colcon_pkg']
[0.817s] Level 1:colcon.colcon_core.package_identification:_identify(src/pos_control_interfaces) by extension 'colcon_pkg'
[0.817s] Level 1:colcon.colcon_core.package_identification:_identify(src/pos_control_interfaces) by extensions ['colcon_meta']
[0.817s] Level 1:colcon.colcon_core.package_identification:_identify(src/pos_control_interfaces) by extension 'colcon_meta'
[0.817s] Level 1:colcon.colcon_core.package_identification:_identify(src/pos_control_interfaces) by extensions ['ros']
[0.817s] Level 1:colcon.colcon_core.package_identification:_identify(src/pos_control_interfaces) by extension 'ros'
[0.819s] DEBUG:colcon.colcon_core.package_identification:Package 'src/pos_control_interfaces' with type 'ros.ament_cmake' and name 'pos_control_interfaces'
[0.819s] Level 1:colcon.colcon_core.package_discovery:discover_packages(recursive) using defaults
[0.819s] Level 1:colcon.colcon_core.package_discovery:discover_packages(ignore) discover
[0.819s] Level 1:colcon.colcon_core.package_discovery:discover_packages(ignore) using defaults
[0.819s] Level 1:colcon.colcon_core.package_discovery:discover_packages(path) discover
[0.819s] Level 1:colcon.colcon_core.package_discovery:discover_packages(path) using defaults
[0.863s] Level 1:colcon.colcon_core.package_discovery:discover_packages(prefix_path) check parameters
[0.863s] Level 1:colcon.colcon_core.package_discovery:discover_packages(prefix_path) discover
[0.868s] DEBUG:colcon.colcon_installed_package_information.package_discovery:Found 2 installed packages in /home/harshit/urdf_rviz/install
[0.870s] DEBUG:colcon.colcon_installed_package_information.package_discovery:Found 9 installed packages in /home/harshit/mrt_ws/install
[0.872s] DEBUG:colcon.colcon_installed_package_information.package_discovery:Found 3 installed packages in /home/harshit/mrt_ws/arm_workspace/install
[0.876s] DEBUG:colcon.colcon_installed_package_information.package_discovery:Found 272 installed packages in /opt/ros/humble
[0.881s] Level 1:colcon.colcon_core.package_discovery:discover_packages(prefix_path) using defaults
[0.967s] Level 5:colcon.colcon_core.verb:set package 'pos_control_interfaces' build argument 'cmake_args' from command line to 'None'
[0.967s] Level 5:colcon.colcon_core.verb:set package 'pos_control_interfaces' build argument 'cmake_target' from command line to 'None'
[0.967s] Level 5:colcon.colcon_core.verb:set package 'pos_control_interfaces' build argument 'cmake_target_skip_unavailable' from command line to 'False'
[0.967s] Level 5:colcon.colcon_core.verb:set package 'pos_control_interfaces' build argument 'cmake_clean_cache' from command line to 'False'
[0.967s] Level 5:colcon.colcon_core.verb:set package 'pos_control_interfaces' build argument 'cmake_clean_first' from command line to 'False'
[0.967s] Level 5:colcon.colcon_core.verb:set package 'pos_control_interfaces' build argument 'cmake_force_configure' from command line to 'False'
[0.967s] Level 5:colcon.colcon_core.verb:set package 'pos_control_interfaces' build argument 'ament_cmake_args' from command line to 'None'
[0.967s] Level 5:colcon.colcon_core.verb:set package 'pos_control_interfaces' build argument 'catkin_cmake_args' from command line to 'None'
[0.967s] Level 5:colcon.colcon_core.verb:set package 'pos_control_interfaces' build argument 'catkin_skip_building_tests' from command line to 'False'
[0.967s] DEBUG:colcon.colcon_core.verb:Building package 'pos_control_interfaces' with the following arguments: {'ament_cmake_args': None, 'build_base': '/home/harshit/mrt_ws/arm_workspace/build/pos_control_interfaces', 'catkin_cmake_args': None, 'catkin_skip_building_tests': False, 'cmake_args': None, 'cmake_clean_cache': False, 'cmake_clean_first': False, 'cmake_force_configure': False, 'cmake_target': None, 'cmake_target_skip_unavailable': False, 'install_base': '/home/harshit/mrt_ws/arm_workspace/install/pos_control_interfaces', 'merge_install': False, 'path': '/home/harshit/mrt_ws/arm_workspace/src/pos_control_interfaces', 'symlink_install': False, 'test_result_base': None}
[0.968s] Level 5:colcon.colcon_core.verb:set package 'arm_pos_control' build argument 'cmake_args' from command line to 'None'
[0.968s] Level 5:colcon.colcon_core.verb:set package 'arm_pos_control' build argument 'cmake_target' from command line to 'None'
[0.968s] Level 5:colcon.colcon_core.verb:set package 'arm_pos_control' build argument 'cmake_target_skip_unavailable' from command line to 'False'
[0.968s] Level 5:colcon.colcon_core.verb:set package 'arm_pos_control' build argument 'cmake_clean_cache' from command line to 'False'
[0.968s] Level 5:colcon.colcon_core.verb:set package 'arm_pos_control' build argument 'cmake_clean_first' from command line to 'False'
[0.968s] Level 5:colcon.colcon_core.verb:set package 'arm_pos_control' build argument 'cmake_force_configure' from command line to 'False'
[0.968s] Level 5:colcon.colcon_core.verb:set package 'arm_pos_control' build argument 'ament_cmake_args' from command line to 'None'
[0.968s] Level 5:colcon.colcon_core.verb:set package 'arm_pos_control' build argument 'catkin_cmake_args' from command line to 'None'
[0.968s] Level 5:colcon.colcon_core.verb:set package 'arm_pos_control' build argument 'catkin_skip_building_tests' from command line to 'False'
[0.969s] DEBUG:colcon.colcon_core.verb:Building package 'arm_pos_control' with the following arguments: {'ament_cmake_args': None, 'build_base': '/home/harshit/mrt_ws/arm_workspace/build/arm_pos_control', 'catkin_cmake_args': None, 'catkin_skip_building_tests': False, 'cmake_args': None, 'cmake_clean_cache': False, 'cmake_clean_first': False, 'cmake_force_configure': False, 'cmake_target': None, 'cmake_target_skip_unavailable': False, 'install_base': '/home/harshit/mrt_ws/arm_workspace/install/arm_pos_control', 'merge_install': False, 'path': '/home/harshit/mrt_ws/arm_workspace/src/arm_pos_control', 'symlink_install': False, 'test_result_base': None}
[0.969s] INFO:colcon.colcon_core.executor:Executing jobs using 'parallel' executor
[0.971s] DEBUG:colcon.colcon_parallel_executor.executor.parallel:run_until_complete
[0.971s] INFO:colcon.colcon_ros.task.ament_cmake.build:Building ROS package in '/home/harshit/mrt_ws/arm_workspace/src/pos_control_interfaces' with build type 'ament_cmake'
[0.972s] INFO:colcon.colcon_cmake.task.cmake.build:Building CMake package in '/home/harshit/mrt_ws/arm_workspace/src/pos_control_interfaces'
[0.976s] INFO:colcon.colcon_core.plugin_system:Skipping extension 'colcon_core.shell.bat': Not used on non-Windows systems
[0.977s] INFO:colcon.colcon_core.shell:Skip shell extension 'powershell' for command environment: Not usable outside of PowerShell
[0.977s] DEBUG:colcon.colcon_core.shell:Skip shell extension 'dsv' for command environment
[0.996s] DEBUG:colcon.colcon_core.event_handler.log_command:Invoking command in '/home/harshit/mrt_ws/arm_workspace/build/pos_control_interfaces': CMAKE_PREFIX_PATH=${CMAKE_PREFIX_PATH}:/home/harshit/mrt_ws/arm_workspace/install/arm_pos_control:/home/harshit/urdf_rviz/install/urdf_testing:/home/harshit/urdf_rviz/install/robot_car:/home/harshit/mrt_ws/install/week1_tutorials:/home/harshit/mrt_ws/install/week0_tutorials:/home/harshit/mrt_ws/install/sauron:/home/harshit/mrt_ws/install/odom_tf_publisher:/home/harshit/mrt_ws/install/mrs_hudson:/home/harshit/mrt_ws/install/assgn:/home/harshit/mrt_ws/install/aruco_detection:/home/harshit/mrt_ws/install/arm_pos_control:/opt/ros/humble /usr/bin/cmake --build /home/harshit/mrt_ws/arm_workspace/build/pos_control_interfaces -- -j8 -l8
[1.845s] DEBUG:colcon.colcon_core.event_handler.log_command:Invoked command in '/home/harshit/mrt_ws/arm_workspace/build/pos_control_interfaces' returned '0': CMAKE_PREFIX_PATH=${CMAKE_PREFIX_PATH}:/home/harshit/mrt_ws/arm_workspace/install/arm_pos_control:/home/harshit/urdf_rviz/install/urdf_testing:/home/harshit/urdf_rviz/install/robot_car:/home/harshit/mrt_ws/install/week1_tutorials:/home/harshit/mrt_ws/install/week0_tutorials:/home/harshit/mrt_ws/install/sauron:/home/harshit/mrt_ws/install/odom_tf_publisher:/home/harshit/mrt_ws/install/mrs_hudson:/home/harshit/mrt_ws/install/assgn:/home/harshit/mrt_ws/install/aruco_detection:/home/harshit/mrt_ws/install/arm_pos_control:/opt/ros/humble /usr/bin/cmake --build /home/harshit/mrt_ws/arm_workspace/build/pos_control_interfaces -- -j8 -l8
[1.857s] DEBUG:colcon.colcon_core.event_handler.log_command:Invoking command in '/home/harshit/mrt_ws/arm_workspace/build/pos_control_interfaces': CMAKE_PREFIX_PATH=${CMAKE_PREFIX_PATH}:/home/harshit/mrt_ws/arm_workspace/install/arm_pos_control:/home/harshit/urdf_rviz/install/urdf_testing:/home/harshit/urdf_rviz/install/robot_car:/home/harshit/mrt_ws/install/week1_tutorials:/home/harshit/mrt_ws/install/week0_tutorials:/home/harshit/mrt_ws/install/sauron:/home/harshit/mrt_ws/install/odom_tf_publisher:/home/harshit/mrt_ws/install/mrs_hudson:/home/harshit/mrt_ws/install/assgn:/home/harshit/mrt_ws/install/aruco_detection:/home/harshit/mrt_ws/install/arm_pos_control:/opt/ros/humble /usr/bin/cmake --install /home/harshit/mrt_ws/arm_workspace/build/pos_control_interfaces
[1.995s] Level 1:colcon.colcon_core.environment:create_environment_scripts_only(pos_control_interfaces)
[1.997s] DEBUG:colcon.colcon_core.event_handler.log_command:Invoked command in '/home/harshit/mrt_ws/arm_workspace/build/pos_control_interfaces' returned '0': CMAKE_PREFIX_PATH=${CMAKE_PREFIX_PATH}:/home/harshit/mrt_ws/arm_workspace/install/arm_pos_control:/home/harshit/urdf_rviz/install/urdf_testing:/home/harshit/urdf_rviz/install/robot_car:/home/harshit/mrt_ws/install/week1_tutorials:/home/harshit/mrt_ws/install/week0_tutorials:/home/harshit/mrt_ws/install/sauron:/home/harshit/mrt_ws/install/odom_tf_publisher:/home/harshit/mrt_ws/install/mrs_hudson:/home/harshit/mrt_ws/install/assgn:/home/harshit/mrt_ws/install/aruco_detection:/home/harshit/mrt_ws/install/arm_pos_control:/opt/ros/humble /usr/bin/cmake --install /home/harshit/mrt_ws/arm_workspace/build/pos_control_interfaces
[2.004s] Level 1:colcon.colcon_core.environment:checking '/home/harshit/mrt_ws/arm_workspace/install/pos_control_interfaces' for CMake module files
[2.006s] Level 1:colcon.colcon_core.environment:checking '/home/harshit/mrt_ws/arm_workspace/install/pos_control_interfaces' for CMake config files
[2.007s] Level 1:colcon.colcon_core.shell:create_environment_hook('pos_control_interfaces', 'cmake_prefix_path')
[2.008s] INFO:colcon.colcon_core.shell:Creating environment hook '/home/harshit/mrt_ws/arm_workspace/install/pos_control_interfaces/share/pos_control_interfaces/hook/cmake_prefix_path.ps1'
[2.009s] INFO:colcon.colcon_core.shell:Creating environment descriptor '/home/harshit/mrt_ws/arm_workspace/install/pos_control_interfaces/share/pos_control_interfaces/hook/cmake_prefix_path.dsv'
[2.010s] INFO:colcon.colcon_core.shell:Creating environment hook '/home/harshit/mrt_ws/arm_workspace/install/pos_control_interfaces/share/pos_control_interfaces/hook/cmake_prefix_path.sh'
[2.013s] Level 1:colcon.colcon_core.environment:checking '/home/harshit/mrt_ws/arm_workspace/install/pos_control_interfaces/lib'
[2.013s] Level 1:colcon.colcon_core.shell:create_environment_hook('pos_control_interfaces', 'ld_library_path_lib')
[2.014s] INFO:colcon.colcon_core.shell:Creating environment hook '/home/harshit/mrt_ws/arm_workspace/install/pos_control_interfaces/share/pos_control_interfaces/hook/ld_library_path_lib.ps1'
[2.015s] INFO:colcon.colcon_core.shell:Creating environment descriptor '/home/harshit/mrt_ws/arm_workspace/install/pos_control_interfaces/share/pos_control_interfaces/hook/ld_library_path_lib.dsv'
[2.016s] INFO:colcon.colcon_core.shell:Creating environment hook '/home/harshit/mrt_ws/arm_workspace/install/pos_control_interfaces/share/pos_control_interfaces/hook/ld_library_path_lib.sh'
[2.017s] Level 1:colcon.colcon_core.environment:checking '/home/harshit/mrt_ws/arm_workspace/install/pos_control_interfaces/bin'
[2.017s] Level 1:colcon.colcon_core.environment:checking '/home/harshit/mrt_ws/arm_workspace/install/pos_control_interfaces/lib/pkgconfig/pos_control_interfaces.pc'
[2.018s] Level 1:colcon.colcon_core.environment:checking '/home/harshit/mrt_ws/arm_workspace/install/pos_control_interfaces/lib/python3.10/site-packages'
[2.018s] Level 1:colcon.colcon_core.environment:checking '/home/harshit/mrt_ws/arm_workspace/install/pos_control_interfaces/bin'
[2.019s] INFO:colcon.colcon_core.shell:Creating package script '/home/harshit/mrt_ws/arm_workspace/install/pos_control_interfaces/share/pos_control_interfaces/package.ps1'
[2.021s] INFO:colcon.colcon_core.shell:Creating package descriptor '/home/harshit/mrt_ws/arm_workspace/install/pos_control_interfaces/share/pos_control_interfaces/package.dsv'
[2.022s] INFO:colcon.colcon_core.shell:Creating package script '/home/harshit/mrt_ws/arm_workspace/install/pos_control_interfaces/share/pos_control_interfaces/package.sh'
[2.024s] INFO:colcon.colcon_core.shell:Creating package script '/home/harshit/mrt_ws/arm_workspace/install/pos_control_interfaces/share/pos_control_interfaces/package.bash'
[2.025s] INFO:colcon.colcon_core.shell:Creating package script '/home/harshit/mrt_ws/arm_workspace/install/pos_control_interfaces/share/pos_control_interfaces/package.zsh'
[2.027s] Level 1:colcon.colcon_core.environment:create_file_with_runtime_dependencies(/home/harshit/mrt_ws/arm_workspace/install/pos_control_interfaces/share/colcon-core/packages/pos_control_interfaces)
[2.029s] Level 1:colcon.colcon_core.environment:create_environment_scripts_only(pos_control_interfaces)
[2.030s] Level 1:colcon.colcon_core.environment:checking '/home/harshit/mrt_ws/arm_workspace/install/pos_control_interfaces' for CMake module files
[2.031s] Level 1:colcon.colcon_core.environment:checking '/home/harshit/mrt_ws/arm_workspace/install/pos_control_interfaces' for CMake config files
[2.032s] Level 1:colcon.colcon_core.shell:create_environment_hook('pos_control_interfaces', 'cmake_prefix_path')
[2.032s] INFO:colcon.colcon_core.shell:Creating environment hook '/home/harshit/mrt_ws/arm_workspace/install/pos_control_interfaces/share/pos_control_interfaces/hook/cmake_prefix_path.ps1'
[2.033s] INFO:colcon.colcon_core.shell:Creating environment descriptor '/home/harshit/mrt_ws/arm_workspace/install/pos_control_interfaces/share/pos_control_interfaces/hook/cmake_prefix_path.dsv'
[2.034s] INFO:colcon.colcon_core.shell:Creating environment hook '/home/harshit/mrt_ws/arm_workspace/install/pos_control_interfaces/share/pos_control_interfaces/hook/cmake_prefix_path.sh'
[2.035s] Level 1:colcon.colcon_core.environment:checking '/home/harshit/mrt_ws/arm_workspace/install/pos_control_interfaces/lib'
[2.035s] Level 1:colcon.colcon_core.shell:create_environment_hook('pos_control_interfaces', 'ld_library_path_lib')
[2.036s] INFO:colcon.colcon_core.shell:Creating environment hook '/home/harshit/mrt_ws/arm_workspace/install/pos_control_interfaces/share/pos_control_interfaces/hook/ld_library_path_lib.ps1'
[2.036s] INFO:colcon.colcon_core.shell:Creating environment descriptor '/home/harshit/mrt_ws/arm_workspace/install/pos_control_interfaces/share/pos_control_interfaces/hook/ld_library_path_lib.dsv'
[2.037s] INFO:colcon.colcon_core.shell:Creating environment hook '/home/harshit/mrt_ws/arm_workspace/install/pos_control_interfaces/share/pos_control_interfaces/hook/ld_library_path_lib.sh'
[2.038s] Level 1:colcon.colcon_core.environment:checking '/home/harshit/mrt_ws/arm_workspace/install/pos_control_interfaces/bin'
[2.038s] Level 1:colcon.colcon_core.environment:checking '/home/harshit/mrt_ws/arm_workspace/install/pos_control_interfaces/lib/pkgconfig/pos_control_interfaces.pc'
[2.038s] Level 1:colcon.colcon_core.environment:checking '/home/harshit/mrt_ws/arm_workspace/install/pos_control_interfaces/lib/python3.10/site-packages'
[2.039s] Level 1:colcon.colcon_core.environment:checking '/home/harshit/mrt_ws/arm_workspace/install/pos_control_interfaces/bin'
[2.040s] INFO:colcon.colcon_core.shell:Creating package script '/home/harshit/mrt_ws/arm_workspace/install/pos_control_interfaces/share/pos_control_interfaces/package.ps1'
[2.041s] INFO:colcon.colcon_core.shell:Creating package descriptor '/home/harshit/mrt_ws/arm_workspace/install/pos_control_interfaces/share/pos_control_interfaces/package.dsv'
[2.042s] INFO:colcon.colcon_core.shell:Creating package script '/home/harshit/mrt_ws/arm_workspace/install/pos_control_interfaces/share/pos_control_interfaces/package.sh'
[2.043s] INFO:colcon.colcon_core.shell:Creating package script '/home/harshit/mrt_ws/arm_workspace/install/pos_control_interfaces/share/pos_control_interfaces/package.bash'
[2.044s] INFO:colcon.colcon_core.shell:Creating package script '/home/harshit/mrt_ws/arm_workspace/install/pos_control_interfaces/share/pos_control_interfaces/package.zsh'
[2.044s] Level 1:colcon.colcon_core.environment:create_file_with_runtime_dependencies(/home/harshit/mrt_ws/arm_workspace/install/pos_control_interfaces/share/colcon-core/packages/pos_control_interfaces)
[2.045s] INFO:colcon.colcon_ros.task.ament_python.build:Building ROS package in '/home/harshit/mrt_ws/arm_workspace/src/arm_pos_control' with build type 'ament_python'
[2.045s] Level 1:colcon.colcon_core.shell:create_environment_hook('arm_pos_control', 'ament_prefix_path')
[2.046s] INFO:colcon.colcon_core.shell:Creating environment hook '/home/harshit/mrt_ws/arm_workspace/install/arm_pos_control/share/arm_pos_control/hook/ament_prefix_path.ps1'
[2.048s] INFO:colcon.colcon_core.shell:Creating environment descriptor '/home/harshit/mrt_ws/arm_workspace/install/arm_pos_control/share/arm_pos_control/hook/ament_prefix_path.dsv'
[2.049s] INFO:colcon.colcon_core.shell:Creating environment hook '/home/harshit/mrt_ws/arm_workspace/install/arm_pos_control/share/arm_pos_control/hook/ament_prefix_path.sh'
[2.050s] INFO:colcon.colcon_core.shell:Skip shell extension 'powershell' for command environment: Not usable outside of PowerShell
[2.050s] DEBUG:colcon.colcon_core.shell:Skip shell extension 'dsv' for command environment
[2.774s] INFO:colcon.colcon_core.task.python.build:Building Python package in '/home/harshit/mrt_ws/arm_workspace/src/arm_pos_control'
[2.774s] INFO:colcon.colcon_core.shell:Skip shell extension 'powershell' for command environment: Not usable outside of PowerShell
[2.775s] DEBUG:colcon.colcon_core.shell:Skip shell extension 'dsv' for command environment
[4.072s] DEBUG:colcon.colcon_core.event_handler.log_command:Invoking command in '/home/harshit/mrt_ws/arm_workspace/src/arm_pos_control': PYTHONPATH=/home/harshit/mrt_ws/arm_workspace/build/arm_pos_control/prefix_override:/usr/lib/python3/dist-packages/colcon_core/task/python/colcon_distutils_commands:/home/harshit/mrt_ws/arm_workspace/install/arm_pos_control/lib/python3.10/site-packages:${PYTHONPATH} /usr/bin/python3 -W ignore:setup.py install is deprecated -W ignore:easy_install command is deprecated setup.py egg_info --egg-base ../../build/arm_pos_control build --build-base /home/harshit/mrt_ws/arm_workspace/build/arm_pos_control/build install --record /home/harshit/mrt_ws/arm_workspace/build/arm_pos_control/install.log --single-version-externally-managed install_data
[4.863s] Level 1:colcon.colcon_core.environment:checking '/home/harshit/mrt_ws/arm_workspace/install/arm_pos_control' for CMake module files
[4.864s] DEBUG:colcon.colcon_core.event_handler.log_command:Invoked command in '/home/harshit/mrt_ws/arm_workspace/src/arm_pos_control' returned '0': PYTHONPATH=/home/harshit/mrt_ws/arm_workspace/build/arm_pos_control/prefix_override:/usr/lib/python3/dist-packages/colcon_core/task/python/colcon_distutils_commands:/home/harshit/mrt_ws/arm_workspace/install/arm_pos_control/lib/python3.10/site-packages:${PYTHONPATH} /usr/bin/python3 -W ignore:setup.py install is deprecated -W ignore:easy_install command is deprecated setup.py egg_info --egg-base ../../build/arm_pos_control build --build-base /home/harshit/mrt_ws/arm_workspace/build/arm_pos_control/build install --record /home/harshit/mrt_ws/arm_workspace/build/arm_pos_control/install.log --single-version-externally-managed install_data
[4.865s] Level 1:colcon.colcon_core.environment:checking '/home/harshit/mrt_ws/arm_workspace/install/arm_pos_control' for CMake config files
[4.866s] Level 1:colcon.colcon_core.environment:checking '/home/harshit/mrt_ws/arm_workspace/install/arm_pos_control/lib'
[4.866s] Level 1:colcon.colcon_core.environment:checking '/home/harshit/mrt_ws/arm_workspace/install/arm_pos_control/bin'
[4.866s] Level 1:colcon.colcon_core.environment:checking '/home/harshit/mrt_ws/arm_workspace/install/arm_pos_control/lib/pkgconfig/arm_pos_control.pc'
[4.867s] Level 1:colcon.colcon_core.environment:checking '/home/harshit/mrt_ws/arm_workspace/install/arm_pos_control/lib/python3.10/site-packages'
[4.867s] Level 1:colcon.colcon_core.shell:create_environment_hook('arm_pos_control', 'pythonpath')
[4.867s] INFO:colcon.colcon_core.shell:Creating environment hook '/home/harshit/mrt_ws/arm_workspace/install/arm_pos_control/share/arm_pos_control/hook/pythonpath.ps1'
[4.868s] INFO:colcon.colcon_core.shell:Creating environment descriptor '/home/harshit/mrt_ws/arm_workspace/install/arm_pos_control/share/arm_pos_control/hook/pythonpath.dsv'
[4.869s] INFO:colcon.colcon_core.shell:Creating environment hook '/home/harshit/mrt_ws/arm_workspace/install/arm_pos_control/share/arm_pos_control/hook/pythonpath.sh'
[4.870s] Level 1:colcon.colcon_core.environment:checking '/home/harshit/mrt_ws/arm_workspace/install/arm_pos_control/bin'
[4.870s] Level 1:colcon.colcon_core.environment:create_environment_scripts_only(arm_pos_control)
[4.871s] INFO:colcon.colcon_core.shell:Creating package script '/home/harshit/mrt_ws/arm_workspace/install/arm_pos_control/share/arm_pos_control/package.ps1'
[4.872s] INFO:colcon.colcon_core.shell:Creating package descriptor '/home/harshit/mrt_ws/arm_workspace/install/arm_pos_control/share/arm_pos_control/package.dsv'
[4.873s] INFO:colcon.colcon_core.shell:Creating package script '/home/harshit/mrt_ws/arm_workspace/install/arm_pos_control/share/arm_pos_control/package.sh'
[4.874s] INFO:colcon.colcon_core.shell:Creating package script '/home/harshit/mrt_ws/arm_workspace/install/arm_pos_control/share/arm_pos_control/package.bash'
[4.874s] INFO:colcon.colcon_core.shell:Creating package script '/home/harshit/mrt_ws/arm_workspace/install/arm_pos_control/share/arm_pos_control/package.zsh'
[4.875s] Level 1:colcon.colcon_core.environment:create_file_with_runtime_dependencies(/home/harshit/mrt_ws/arm_workspace/install/arm_pos_control/share/colcon-core/packages/arm_pos_control)
[4.875s] DEBUG:colcon.colcon_parallel_executor.executor.parallel:closing loop
[4.876s] DEBUG:colcon.colcon_parallel_executor.executor.parallel:loop closed
[4.876s] DEBUG:colcon.colcon_parallel_executor.executor.parallel:run_until_complete finished with '0'
[4.876s] DEBUG:colcon.colcon_core.event_reactor:joining thread
[4.894s] INFO:colcon.colcon_core.plugin_system:Skipping extension 'colcon_notification.desktop_notification.terminal_notifier': Not used on non-Darwin systems
[4.895s] INFO:colcon.colcon_core.plugin_system:Skipping extension 'colcon_notification.desktop_notification.win32': Not used on non-Windows systems
[4.895s] INFO:colcon.colcon_notification.desktop_notification:Sending desktop notification using 'notify2'
[4.922s] DEBUG:colcon.colcon_core.event_reactor:joined thread
[4.923s] INFO:colcon.colcon_core.shell:Creating prefix script '/home/harshit/mrt_ws/arm_workspace/install/local_setup.ps1'
[4.925s] INFO:colcon.colcon_core.shell:Creating prefix util module '/home/harshit/mrt_ws/arm_workspace/install/_local_setup_util_ps1.py'
[4.928s] INFO:colcon.colcon_core.shell:Creating prefix chain script '/home/harshit/mrt_ws/arm_workspace/install/setup.ps1'
[4.931s] INFO:colcon.colcon_core.shell:Creating prefix script '/home/harshit/mrt_ws/arm_workspace/install/local_setup.sh'
[4.933s] INFO:colcon.colcon_core.shell:Creating prefix util module '/home/harshit/mrt_ws/arm_workspace/install/_local_setup_util_sh.py'
[4.934s] INFO:colcon.colcon_core.shell:Creating prefix chain script '/home/harshit/mrt_ws/arm_workspace/install/setup.sh'
[4.937s] INFO:colcon.colcon_core.shell:Creating prefix script '/home/harshit/mrt_ws/arm_workspace/install/local_setup.bash'
[4.938s] INFO:colcon.colcon_core.shell:Creating prefix chain script '/home/harshit/mrt_ws/arm_workspace/install/setup.bash'
[4.941s] INFO:colcon.colcon_core.shell:Creating prefix script '/home/harshit/mrt_ws/arm_workspace/install/local_setup.zsh'
[4.942s] INFO:colcon.colcon_core.shell:Creating prefix chain script '/home/harshit/mrt_ws/arm_workspace/install/setup.zsh'
