[1.528s] Invoking command in '/home/harshit/mrt_ws/src/sauron': PYTHONPATH=/home/harshit/mrt_ws/build/sauron/prefix_override:/usr/lib/python3/dist-packages/colcon_core/task/python/colcon_distutils_commands:/home/harshit/mrt_ws/install/sauron/lib/python3.10/site-packages:${PYTHONPATH} /usr/bin/python3 -W ignore:setup.py install is deprecated setup.py egg_info --egg-base ../../build/sauron build --build-base /home/harshit/mrt_ws/build/sauron/build install --record /home/harshit/mrt_ws/build/sauron/install.log --single-version-externally-managed install_data
[2.106s] running egg_info
[2.108s] writing ../../build/sauron/sauron.egg-info/PKG-INFO
[2.109s] writing dependency_links to ../../build/sauron/sauron.egg-info/dependency_links.txt
[2.109s] writing entry points to ../../build/sauron/sauron.egg-info/entry_points.txt
[2.110s] writing requirements to ../../build/sauron/sauron.egg-info/requires.txt
[2.110s] writing top-level names to ../../build/sauron/sauron.egg-info/top_level.txt
[2.114s] reading manifest file '../../build/sauron/sauron.egg-info/SOURCES.txt'
[2.116s] writing manifest file '../../build/sauron/sauron.egg-info/SOURCES.txt'
[2.116s] running build
[2.117s] running build_py
[2.117s] running install
[2.118s] running install_lib
[2.121s] running install_data
[2.122s] running install_egg_info
[2.126s] removing '/home/harshit/mrt_ws/install/sauron/lib/python3.10/site-packages/sauron-0.0.0-py3.10.egg-info' (and everything under it)
[2.127s] Copying ../../build/sauron/sauron.egg-info to /home/harshit/mrt_ws/install/sauron/lib/python3.10/site-packages/sauron-0.0.0-py3.10.egg-info
[2.129s] running install_scripts
[2.173s] Installing publisher1 script to /home/harshit/mrt_ws/install/sauron/lib/sauron
[2.173s] Installing publisher2 script to /home/harshit/mrt_ws/install/sauron/lib/sauron
[2.174s] Installing subscriber script to /home/harshit/mrt_ws/install/sauron/lib/sauron
[2.174s] writing list of installed files to '/home/harshit/mrt_ws/build/sauron/install.log'
[2.852s] Invoked command in '/home/harshit/mrt_ws/src/sauron' returned '0': PYTHONPATH=/home/harshit/mrt_ws/build/sauron/prefix_override:/usr/lib/python3/dist-packages/colcon_core/task/python/colcon_distutils_commands:/home/harshit/mrt_ws/install/sauron/lib/python3.10/site-packages:${PYTHONPATH} /usr/bin/python3 -W ignore:setup.py install is deprecated setup.py egg_info --egg-base ../../build/sauron build --build-base /home/harshit/mrt_ws/build/sauron/build install --record /home/harshit/mrt_ws/build/sauron/install.log --single-version-externally-managed install_data
