[0.647s] Invoking command in '/home/harshit/mrt_ws/arm_workspace/src/arm_pos_control': PYTHONPATH=/home/harshit/mrt_ws/arm_workspace/build/arm_pos_control/prefix_override:/usr/lib/python3/dist-packages/colcon_core/task/python/colcon_distutils_commands:/home/harshit/mrt_ws/arm_workspace/install/arm_pos_control/lib/python3.10/site-packages:${PYTHONPATH} /usr/bin/python3 -W ignore:setup.py install is deprecated -W ignore:easy_install command is deprecated setup.py egg_info --egg-base ../../build/arm_pos_control build --build-base /home/harshit/mrt_ws/arm_workspace/build/arm_pos_control/build install --record /home/harshit/mrt_ws/arm_workspace/build/arm_pos_control/install.log --single-version-externally-managed install_data
[0.848s] running egg_info
[0.849s] writing ../../build/arm_pos_control/arm_pos_control.egg-info/PKG-INFO
[0.849s] writing dependency_links to ../../build/arm_pos_control/arm_pos_control.egg-info/dependency_links.txt
[0.849s] writing entry points to ../../build/arm_pos_control/arm_pos_control.egg-info/entry_points.txt
[0.849s] writing requirements to ../../build/arm_pos_control/arm_pos_control.egg-info/requires.txt
[0.849s] writing top-level names to ../../build/arm_pos_control/arm_pos_control.egg-info/top_level.txt
[0.851s] reading manifest file '../../build/arm_pos_control/arm_pos_control.egg-info/SOURCES.txt'
[0.851s] writing manifest file '../../build/arm_pos_control/arm_pos_control.egg-info/SOURCES.txt'
[0.851s] running build
[0.852s] running build_py
[0.852s] copying arm_pos_control/calculator.py -> /home/harshit/mrt_ws/arm_workspace/build/arm_pos_control/build/lib/arm_pos_control
[0.852s] running install
[0.852s] running install_lib
[0.853s] copying /home/harshit/mrt_ws/arm_workspace/build/arm_pos_control/build/lib/arm_pos_control/calculator.py -> /home/harshit/mrt_ws/arm_workspace/install/arm_pos_control/lib/python3.10/site-packages/arm_pos_control
[0.853s] byte-compiling /home/harshit/mrt_ws/arm_workspace/install/arm_pos_control/lib/python3.10/site-packages/arm_pos_control/calculator.py to calculator.cpython-310.pyc
[0.854s] running install_data
[0.854s] running install_egg_info
[0.855s] removing '/home/harshit/mrt_ws/arm_workspace/install/arm_pos_control/lib/python3.10/site-packages/arm_pos_control-0.0.0-py3.10.egg-info' (and everything under it)
[0.855s] Copying ../../build/arm_pos_control/arm_pos_control.egg-info to /home/harshit/mrt_ws/arm_workspace/install/arm_pos_control/lib/python3.10/site-packages/arm_pos_control-0.0.0-py3.10.egg-info
[0.856s] running install_scripts
[0.872s] Installing handler script to /home/harshit/mrt_ws/arm_workspace/install/arm_pos_control/lib/arm_pos_control
[0.872s] Installing pid_controller script to /home/harshit/mrt_ws/arm_workspace/install/arm_pos_control/lib/arm_pos_control
[0.872s] Installing queue script to /home/harshit/mrt_ws/arm_workspace/install/arm_pos_control/lib/arm_pos_control
[0.872s] writing list of installed files to '/home/harshit/mrt_ws/arm_workspace/build/arm_pos_control/install.log'
[0.897s] Invoked command in '/home/harshit/mrt_ws/arm_workspace/src/arm_pos_control' returned '0': PYTHONPATH=/home/harshit/mrt_ws/arm_workspace/build/arm_pos_control/prefix_override:/usr/lib/python3/dist-packages/colcon_core/task/python/colcon_distutils_commands:/home/harshit/mrt_ws/arm_workspace/install/arm_pos_control/lib/python3.10/site-packages:${PYTHONPATH} /usr/bin/python3 -W ignore:setup.py install is deprecated -W ignore:easy_install command is deprecated setup.py egg_info --egg-base ../../build/arm_pos_control build --build-base /home/harshit/mrt_ws/arm_workspace/build/arm_pos_control/build install --record /home/harshit/mrt_ws/arm_workspace/build/arm_pos_control/install.log --single-version-externally-managed install_data
