[0.626s] Invoking command in '/home/harshit/mrt_ws/src/py_srvcli': PYTHONPATH=/home/harshit/mrt_ws/build/py_srvcli/prefix_override:/usr/lib/python3/dist-packages/colcon_core/task/python/colcon_distutils_commands:/home/harshit/mrt_ws/install/py_srvcli/lib/python3.10/site-packages:${PYTHONPATH} /usr/bin/python3 -W ignore:setup.py install is deprecated setup.py egg_info --egg-base ../../build/py_srvcli build --build-base /home/harshit/mrt_ws/build/py_srvcli/build install --record /home/harshit/mrt_ws/build/py_srvcli/install.log --single-version-externally-managed install_data
[0.784s] running egg_info
[0.785s] writing ../../build/py_srvcli/py_srvcli.egg-info/PKG-INFO
[0.785s] writing dependency_links to ../../build/py_srvcli/py_srvcli.egg-info/dependency_links.txt
[0.786s] writing entry points to ../../build/py_srvcli/py_srvcli.egg-info/entry_points.txt
[0.786s] writing requirements to ../../build/py_srvcli/py_srvcli.egg-info/requires.txt
[0.786s] writing top-level names to ../../build/py_srvcli/py_srvcli.egg-info/top_level.txt
[0.795s] reading manifest file '../../build/py_srvcli/py_srvcli.egg-info/SOURCES.txt'
[0.795s] writing manifest file '../../build/py_srvcli/py_srvcli.egg-info/SOURCES.txt'
[0.795s] running build
[0.796s] running build_py
[0.796s] copying py_srvcli/client_vid.py -> /home/harshit/mrt_ws/build/py_srvcli/build/lib/py_srvcli
[0.796s] running install
[0.796s] running install_lib
[0.797s] copying /home/harshit/mrt_ws/build/py_srvcli/build/lib/py_srvcli/client_vid.py -> /home/harshit/mrt_ws/install/py_srvcli/lib/python3.10/site-packages/py_srvcli
[0.798s] byte-compiling /home/harshit/mrt_ws/install/py_srvcli/lib/python3.10/site-packages/py_srvcli/client_vid.py to client_vid.cpython-310.pyc
[0.799s] running install_data
[0.799s] running install_egg_info
[0.801s] removing '/home/harshit/mrt_ws/install/py_srvcli/lib/python3.10/site-packages/py_srvcli-0.0.0-py3.10.egg-info' (and everything under it)
[0.801s] Copying ../../build/py_srvcli/py_srvcli.egg-info to /home/harshit/mrt_ws/install/py_srvcli/lib/python3.10/site-packages/py_srvcli-0.0.0-py3.10.egg-info
[0.802s] running install_scripts
[0.820s] Installing clientimg script to /home/harshit/mrt_ws/install/py_srvcli/lib/py_srvcli
[0.820s] Installing clientvid script to /home/harshit/mrt_ws/install/py_srvcli/lib/py_srvcli
[0.820s] Installing service script to /home/harshit/mrt_ws/install/py_srvcli/lib/py_srvcli
[0.820s] writing list of installed files to '/home/harshit/mrt_ws/build/py_srvcli/install.log'
[0.845s] Invoked command in '/home/harshit/mrt_ws/src/py_srvcli' returned '0': PYTHONPATH=/home/harshit/mrt_ws/build/py_srvcli/prefix_override:/usr/lib/python3/dist-packages/colcon_core/task/python/colcon_distutils_commands:/home/harshit/mrt_ws/install/py_srvcli/lib/python3.10/site-packages:${PYTHONPATH} /usr/bin/python3 -W ignore:setup.py install is deprecated setup.py egg_info --egg-base ../../build/py_srvcli build --build-base /home/harshit/mrt_ws/build/py_srvcli/build install --record /home/harshit/mrt_ws/build/py_srvcli/install.log --single-version-externally-managed install_data
