[0.599s] Invoking command in '/home/harshit/mrt_ws/src/sauron': PYTHONPATH=/home/harshit/mrt_ws/build/sauron/prefix_override:/usr/lib/python3/dist-packages/colcon_core/task/python/colcon_distutils_commands:/home/harshit/mrt_ws/install/sauron/lib/python3.10/site-packages:${PYTHONPATH} /usr/bin/python3 -W ignore:setup.py install is deprecated setup.py egg_info --egg-base ../../build/sauron build --build-base /home/harshit/mrt_ws/build/sauron/build install --record /home/harshit/mrt_ws/build/sauron/install.log --single-version-externally-managed install_data
[0.757s] running egg_info
[0.757s] writing ../../build/sauron/sauron.egg-info/PKG-INFO
[0.758s] writing dependency_links to ../../build/sauron/sauron.egg-info/dependency_links.txt
[0.758s] writing entry points to ../../build/sauron/sauron.egg-info/entry_points.txt
[0.758s] writing requirements to ../../build/sauron/sauron.egg-info/requires.txt
[0.758s] writing top-level names to ../../build/sauron/sauron.egg-info/top_level.txt
[0.759s] reading manifest file '../../build/sauron/sauron.egg-info/SOURCES.txt'
[0.760s] writing manifest file '../../build/sauron/sauron.egg-info/SOURCES.txt'
[0.760s] running build
[0.760s] running build_py
[0.760s] copying sauron/listener.py -> /home/harshit/mrt_ws/build/sauron/build/lib/sauron
[0.761s] copying sauron/talker2.py -> /home/harshit/mrt_ws/build/sauron/build/lib/sauron
[0.761s] copying sauron/talker1.py -> /home/harshit/mrt_ws/build/sauron/build/lib/sauron
[0.761s] running install
[0.761s] running install_lib
[0.762s] copying /home/harshit/mrt_ws/build/sauron/build/lib/sauron/listener.py -> /home/harshit/mrt_ws/install/sauron/lib/python3.10/site-packages/sauron
[0.762s] copying /home/harshit/mrt_ws/build/sauron/build/lib/sauron/talker2.py -> /home/harshit/mrt_ws/install/sauron/lib/python3.10/site-packages/sauron
[0.762s] copying /home/harshit/mrt_ws/build/sauron/build/lib/sauron/talker1.py -> /home/harshit/mrt_ws/install/sauron/lib/python3.10/site-packages/sauron
[0.762s] byte-compiling /home/harshit/mrt_ws/install/sauron/lib/python3.10/site-packages/sauron/listener.py to listener.cpython-310.pyc
[0.763s] byte-compiling /home/harshit/mrt_ws/install/sauron/lib/python3.10/site-packages/sauron/talker2.py to talker2.cpython-310.pyc
[0.763s] byte-compiling /home/harshit/mrt_ws/install/sauron/lib/python3.10/site-packages/sauron/talker1.py to talker1.cpython-310.pyc
[0.763s] running install_data
[0.764s] running install_egg_info
[0.765s] removing '/home/harshit/mrt_ws/install/sauron/lib/python3.10/site-packages/sauron-0.0.0-py3.10.egg-info' (and everything under it)
[0.765s] Copying ../../build/sauron/sauron.egg-info to /home/harshit/mrt_ws/install/sauron/lib/python3.10/site-packages/sauron-0.0.0-py3.10.egg-info
[0.766s] running install_scripts
[0.781s] Installing publisher1 script to /home/harshit/mrt_ws/install/sauron/lib/sauron
[0.781s] Installing publisher2 script to /home/harshit/mrt_ws/install/sauron/lib/sauron
[0.781s] Installing subscriber script to /home/harshit/mrt_ws/install/sauron/lib/sauron
[0.781s] writing list of installed files to '/home/harshit/mrt_ws/build/sauron/install.log'
[0.815s] Invoked command in '/home/harshit/mrt_ws/src/sauron' returned '0': PYTHONPATH=/home/harshit/mrt_ws/build/sauron/prefix_override:/usr/lib/python3/dist-packages/colcon_core/task/python/colcon_distutils_commands:/home/harshit/mrt_ws/install/sauron/lib/python3.10/site-packages:${PYTHONPATH} /usr/bin/python3 -W ignore:setup.py install is deprecated setup.py egg_info --egg-base ../../build/sauron build --build-base /home/harshit/mrt_ws/build/sauron/build install --record /home/harshit/mrt_ws/build/sauron/install.log --single-version-externally-managed install_data
