[0.014s] Invoking command in '/home/harshit/mrt_ws/build/aruco_detection_interfaces': CMAKE_PREFIX_PATH=${CMAKE_PREFIX_PATH}:/home/harshit/mrt_ws/install/week0_tutorials:/home/harshit/mrt_ws/install/py_srvcli:/home/harshit/mrt_ws/install/sauron:/opt/ros/humble /usr/bin/cmake /home/harshit/mrt_ws/src/aruco_detection_interfaces -DCMAKE_INSTALL_PREFIX=/home/harshit/mrt_ws/install/aruco_detection_interfaces
[0.202s] -- The C compiler identification is GNU 11.4.0
[0.202s] -- The CXX compiler identification is GNU 11.4.0
[0.202s] -- Detecting C compiler ABI info
[0.202s] -- Detecting C compiler ABI info - done
[0.202s] -- Check for working C compiler: /usr/bin/cc - skipped
[0.202s] -- Detecting C compile features
[0.202s] -- Detecting C compile features - done
[0.202s] -- Detecting CXX compiler ABI info
[0.204s] -- Detecting CXX compiler ABI info - done
[0.215s] -- Check for working CXX compiler: /usr/bin/c++ - skipped
[0.215s] -- Detecting CXX compile features
[0.216s] -- Detecting CXX compile features - done
[0.217s] -- Found rosidl_default_generators: 1.2.0 (/opt/ros/humble/share/rosidl_default_generators/cmake)
[0.218s] -- Found ament_cmake_core: 1.3.10 (/opt/ros/humble/share/ament_cmake_core/cmake)
[0.310s] -- Found Python3: /usr/bin/python3 (found version "3.10.12") found components: Interpreter
[0.365s] -- Using all available rosidl_typesupport_c: rosidl_typesupport_fastrtps_c;rosidl_typesupport_introspection_c
[0.371s] -- Found rosidl_adapter: 3.1.5 (/opt/ros/humble/share/rosidl_adapter/cmake)
[0.418s] -- Using all available rosidl_typesupport_cpp: rosidl_typesupport_fastrtps_cpp;rosidl_typesupport_introspection_cpp
[0.443s] -- Found sensor_msgs: 4.2.4 (/opt/ros/humble/share/sensor_msgs/cmake)
[0.830s] -- Found ament_cmake_ros: 0.10.0 (/opt/ros/humble/share/ament_cmake_ros/cmake)
[1.199s] -- Using all available rosidl_typesupport_c: rosidl_typesupport_fastrtps_c;rosidl_typesupport_introspection_c
[1.670s] -- Using all available rosidl_typesupport_cpp: rosidl_typesupport_fastrtps_cpp;rosidl_typesupport_introspection_cpp
[1.671s] [33mCMake Warning (dev) at /opt/ros/humble/share/rosidl_generator_py/cmake/rosidl_generator_py_generate_interfaces.cmake:20 (find_package):
[1.671s]   Policy CMP0148 is not set: The FindPythonInterp and FindPythonLibs modules
[1.671s]   are removed.  Run "cmake --help-policy CMP0148" for policy details.  Use
[1.671s]   the cmake_policy command to set the policy and suppress this warning.
[1.671s] 
[1.671s] Call Stack (most recent call first):
[1.671s]   /opt/ros/humble/share/ament_cmake_core/cmake/core/ament_execute_extensions.cmake:48 (include)
[1.671s]   /opt/ros/humble/share/rosidl_cmake/cmake/rosidl_generate_interfaces.cmake:286 (ament_execute_extensions)
[1.671s]   CMakeLists.txt:7 (rosidl_generate_interfaces)
[1.671s] This warning is for project developers.  Use -Wno-dev to suppress it.
[1.671s] [0m
[1.685s] -- Found PythonInterp: /usr/bin/python3 (found suitable version "3.10.12", minimum required is "3.6")
[1.686s] -- Found python_cmake_module: 0.10.0 (/opt/ros/humble/share/python_cmake_module/cmake)
[1.687s] [33mCMake Warning (dev) at /opt/ros/humble/share/python_cmake_module/cmake/Modules/FindPythonExtra.cmake:52 (find_package):
[1.687s]   Policy CMP0148 is not set: The FindPythonInterp and FindPythonLibs modules
[1.687s]   are removed.  Run "cmake --help-policy CMP0148" for policy details.  Use
[1.687s]   the cmake_policy command to set the policy and suppress this warning.
[1.687s] 
[1.687s] Call Stack (most recent call first):
[1.687s]   /opt/ros/humble/share/rosidl_generator_py/cmake/rosidl_generator_py_generate_interfaces.cmake:23 (find_package)
[1.687s]   /opt/ros/humble/share/ament_cmake_core/cmake/core/ament_execute_extensions.cmake:48 (include)
[1.687s]   /opt/ros/humble/share/rosidl_cmake/cmake/rosidl_generate_interfaces.cmake:286 (ament_execute_extensions)
[1.687s]   CMakeLists.txt:7 (rosidl_generate_interfaces)
[1.687s] This warning is for project developers.  Use -Wno-dev to suppress it.
[1.687s] [0m
[1.702s] [33mCMake Warning (dev) at /opt/ros/humble/share/python_cmake_module/cmake/Modules/FindPythonExtra.cmake:140 (find_package):
[1.702s]   Policy CMP0148 is not set: The FindPythonInterp and FindPythonLibs modules
[1.702s]   are removed.  Run "cmake --help-policy CMP0148" for policy details.  Use
[1.702s]   the cmake_policy command to set the policy and suppress this warning.
[1.702s] 
[1.702s] Call Stack (most recent call first):
[1.702s]   /opt/ros/humble/share/rosidl_generator_py/cmake/rosidl_generator_py_generate_interfaces.cmake:23 (find_package)
[1.702s]   /opt/ros/humble/share/ament_cmake_core/cmake/core/ament_execute_extensions.cmake:48 (include)
[1.702s]   /opt/ros/humble/share/rosidl_cmake/cmake/rosidl_generate_interfaces.cmake:286 (ament_execute_extensions)
[1.702s]   CMakeLists.txt:7 (rosidl_generate_interfaces)
[1.702s] This warning is for project developers.  Use -Wno-dev to suppress it.
[1.702s] [0m
[1.706s] -- Found PythonLibs: /usr/lib/x86_64-linux-gnu/libpython3.10.so (found suitable version "3.10.12", minimum required is "3.5")
[1.706s] -- Using PYTHON_EXECUTABLE: /usr/bin/python3
[1.706s] -- Using PYTHON_INCLUDE_DIRS: /usr/include/python3.10
[1.706s] -- Using PYTHON_LIBRARIES: /usr/lib/x86_64-linux-gnu/libpython3.10.so
[1.721s] -- Found PythonExtra: .so
[1.775s] -- Found ament_lint_auto: 0.12.11 (/opt/ros/humble/share/ament_lint_auto/cmake)
[1.788s] -- Added test 'lint_cmake' to check CMake code style
[1.790s] -- Added test 'xmllint' to check XML markup files
[1.792s] -- Configuring done (1.8s)
[1.837s] -- Generating done (0.0s)
[1.837s] -- Build files have been written to: /home/harshit/mrt_ws/build/aruco_detection_interfaces
[1.845s] Invoked command in '/home/harshit/mrt_ws/build/aruco_detection_interfaces' returned '0': CMAKE_PREFIX_PATH=${CMAKE_PREFIX_PATH}:/home/harshit/mrt_ws/install/week0_tutorials:/home/harshit/mrt_ws/install/py_srvcli:/home/harshit/mrt_ws/install/sauron:/opt/ros/humble /usr/bin/cmake /home/harshit/mrt_ws/src/aruco_detection_interfaces -DCMAKE_INSTALL_PREFIX=/home/harshit/mrt_ws/install/aruco_detection_interfaces
[1.846s] Invoking command in '/home/harshit/mrt_ws/build/aruco_detection_interfaces': CMAKE_PREFIX_PATH=${CMAKE_PREFIX_PATH}:/home/harshit/mrt_ws/install/week0_tutorials:/home/harshit/mrt_ws/install/py_srvcli:/home/harshit/mrt_ws/install/sauron:/opt/ros/humble /usr/bin/cmake --build /home/harshit/mrt_ws/build/aruco_detection_interfaces -- -j8 -l8
[1.861s] [  1%] [34m[1mGenerating C code for ROS interfaces[0m
[1.865s] [  3%] [34m[1mGenerating C++ code for ROS interfaces[0m
[1.867s] [  3%] Built target ament_cmake_python_copy_aruco_detection_interfaces
[2.027s] running egg_info
[2.027s] creating aruco_detection_interfaces.egg-info
[2.027s] writing aruco_detection_interfaces.egg-info/PKG-INFO
[2.028s] writing dependency_links to aruco_detection_interfaces.egg-info/dependency_links.txt
[2.028s] writing top-level names to aruco_detection_interfaces.egg-info/top_level.txt
[2.028s] writing manifest file 'aruco_detection_interfaces.egg-info/SOURCES.txt'
[2.029s] reading manifest file 'aruco_detection_interfaces.egg-info/SOURCES.txt'
[2.029s] writing manifest file 'aruco_detection_interfaces.egg-info/SOURCES.txt'
[2.049s] [  3%] Built target ament_cmake_python_build_aruco_detection_interfaces_egg
[2.148s] [  3%] Built target aruco_detection_interfaces__cpp
[2.154s] [  5%] [34m[1mGenerating C++ type support dispatch for ROS interfaces[0m
[2.154s] [  7%] [34m[1mGenerating C++ type support for eProsima Fast-RTPS[0m
[2.156s] [  9%] [34m[1mGenerating C++ introspection for ROS interfaces[0m
[2.166s] [ 14%] [32mBuilding C object CMakeFiles/aruco_detection_interfaces__rosidl_generator_c.dir/rosidl_generator_c/aruco_detection_interfaces/msg/detail/image_bounds__functions.c.o[0m
[2.166s] [ 14%] [32mBuilding C object CMakeFiles/aruco_detection_interfaces__rosidl_generator_c.dir/rosidl_generator_c/aruco_detection_interfaces/msg/detail/point_array__functions.c.o[0m
[2.166s] [ 14%] [32mBuilding C object CMakeFiles/aruco_detection_interfaces__rosidl_generator_c.dir/rosidl_generator_c/aruco_detection_interfaces/msg/detail/point__functions.c.o[0m
[2.166s] [ 16%] [32mBuilding C object CMakeFiles/aruco_detection_interfaces__rosidl_generator_c.dir/rosidl_generator_c/aruco_detection_interfaces/srv/detail/process_image__functions.c.o[0m
[2.217s] [ 18%] [32m[1mLinking C shared library libaruco_detection_interfaces__rosidl_generator_c.so[0m
[2.237s] [ 18%] Built target aruco_detection_interfaces__rosidl_generator_c
[2.242s] [ 20%] [34m[1mGenerating C type support for eProsima Fast-RTPS[0m
[2.244s] [ 23%] [34m[1mGenerating C type support dispatch for ROS interfaces[0m
[2.244s] [ 23%] [34m[1mGenerating C introspection for ROS interfaces[0m
[2.451s] [ 27%] [32mBuilding CXX object CMakeFiles/aruco_detection_interfaces__rosidl_typesupport_introspection_cpp.dir/rosidl_typesupport_introspection_cpp/aruco_detection_interfaces/msg/detail/image_bounds__type_support.cpp.o[0m
[2.452s] [ 29%] [32mBuilding CXX object CMakeFiles/aruco_detection_interfaces__rosidl_typesupport_introspection_cpp.dir/rosidl_typesupport_introspection_cpp/aruco_detection_interfaces/msg/detail/point_array__type_support.cpp.o[0m
[2.452s] [ 29%] [32mBuilding CXX object CMakeFiles/aruco_detection_interfaces__rosidl_typesupport_introspection_cpp.dir/rosidl_typesupport_introspection_cpp/aruco_detection_interfaces/msg/detail/point__type_support.cpp.o[0m
[2.495s] [ 30%] [32mBuilding CXX object CMakeFiles/aruco_detection_interfaces__rosidl_typesupport_cpp.dir/rosidl_typesupport_cpp/aruco_detection_interfaces/msg/point__type_support.cpp.o[0m
[2.568s] [ 32%] [32mBuilding CXX object CMakeFiles/aruco_detection_interfaces__rosidl_typesupport_fastrtps_c.dir/rosidl_typesupport_fastrtps_c/aruco_detection_interfaces/msg/detail/point__type_support_c.cpp.o[0m
[2.569s] [ 34%] [32mBuilding CXX object CMakeFiles/aruco_detection_interfaces__rosidl_typesupport_fastrtps_cpp.dir/rosidl_typesupport_fastrtps_cpp/aruco_detection_interfaces/msg/detail/dds_fastrtps/point__type_support.cpp.o[0m
[2.609s] [ 36%] [32mBuilding CXX object CMakeFiles/aruco_detection_interfaces__rosidl_typesupport_c.dir/rosidl_typesupport_c/aruco_detection_interfaces/msg/point__type_support.cpp.o[0m
[2.649s] [ 38%] [32mBuilding CXX object CMakeFiles/aruco_detection_interfaces__rosidl_typesupport_c.dir/rosidl_typesupport_c/aruco_detection_interfaces/msg/point_array__type_support.cpp.o[0m
[2.675s] [ 40%] [32mBuilding CXX object CMakeFiles/aruco_detection_interfaces__rosidl_typesupport_c.dir/rosidl_typesupport_c/aruco_detection_interfaces/msg/image_bounds__type_support.cpp.o[0m
[2.708s] [ 41%] [32mBuilding CXX object CMakeFiles/aruco_detection_interfaces__rosidl_typesupport_c.dir/rosidl_typesupport_c/aruco_detection_interfaces/srv/process_image__type_support.cpp.o[0m
[2.729s] [ 43%] [32mBuilding C object CMakeFiles/aruco_detection_interfaces__rosidl_typesupport_introspection_c.dir/rosidl_typesupport_introspection_c/aruco_detection_interfaces/msg/detail/point__type_support.c.o[0m
[2.742s] [ 45%] [32m[1mLinking CXX shared library libaruco_detection_interfaces__rosidl_typesupport_c.so[0m
[2.764s] [ 47%] [32mBuilding C object CMakeFiles/aruco_detection_interfaces__rosidl_typesupport_introspection_c.dir/rosidl_typesupport_introspection_c/aruco_detection_interfaces/msg/detail/point_array__type_support.c.o[0m
[2.777s] [ 47%] Built target aruco_detection_interfaces__rosidl_typesupport_c
[2.780s] [ 49%] [32mBuilding CXX object CMakeFiles/aruco_detection_interfaces__rosidl_typesupport_cpp.dir/rosidl_typesupport_cpp/aruco_detection_interfaces/msg/point_array__type_support.cpp.o[0m
[2.781s] [ 50%] [32mBuilding C object CMakeFiles/aruco_detection_interfaces__rosidl_typesupport_introspection_c.dir/rosidl_typesupport_introspection_c/aruco_detection_interfaces/msg/detail/image_bounds__type_support.c.o[0m
[2.798s] [ 52%] [32mBuilding CXX object CMakeFiles/aruco_detection_interfaces__rosidl_typesupport_introspection_cpp.dir/rosidl_typesupport_introspection_cpp/aruco_detection_interfaces/srv/detail/process_image__type_support.cpp.o[0m
[2.821s] [ 54%] [32mBuilding C object CMakeFiles/aruco_detection_interfaces__rosidl_typesupport_introspection_c.dir/rosidl_typesupport_introspection_c/aruco_detection_interfaces/srv/detail/process_image__type_support.c.o[0m
[2.856s] [ 56%] [32m[1mLinking C shared library libaruco_detection_interfaces__rosidl_typesupport_introspection_c.so[0m
[2.881s] [ 56%] Built target aruco_detection_interfaces__rosidl_typesupport_introspection_c
[2.887s] [ 58%] [32mBuilding CXX object CMakeFiles/aruco_detection_interfaces__rosidl_typesupport_fastrtps_c.dir/rosidl_typesupport_fastrtps_c/aruco_detection_interfaces/msg/detail/point_array__type_support_c.cpp.o[0m
[2.895s] [ 60%] [32mBuilding CXX object CMakeFiles/aruco_detection_interfaces__rosidl_typesupport_cpp.dir/rosidl_typesupport_cpp/aruco_detection_interfaces/msg/image_bounds__type_support.cpp.o[0m
[2.903s] [ 61%] [32mBuilding CXX object CMakeFiles/aruco_detection_interfaces__rosidl_typesupport_fastrtps_cpp.dir/rosidl_typesupport_fastrtps_cpp/aruco_detection_interfaces/msg/detail/dds_fastrtps/point_array__type_support.cpp.o[0m
[2.912s] [ 63%] [32mBuilding CXX object CMakeFiles/aruco_detection_interfaces__rosidl_typesupport_fastrtps_c.dir/rosidl_typesupport_fastrtps_c/aruco_detection_interfaces/msg/detail/image_bounds__type_support_c.cpp.o[0m
[2.925s] [ 65%] [32mBuilding CXX object CMakeFiles/aruco_detection_interfaces__rosidl_typesupport_cpp.dir/rosidl_typesupport_cpp/aruco_detection_interfaces/srv/process_image__type_support.cpp.o[0m
[3.007s] [ 67%] [32mBuilding CXX object CMakeFiles/aruco_detection_interfaces__rosidl_typesupport_fastrtps_c.dir/rosidl_typesupport_fastrtps_c/aruco_detection_interfaces/srv/detail/process_image__type_support_c.cpp.o[0m
[3.067s] [ 69%] [32mBuilding CXX object CMakeFiles/aruco_detection_interfaces__rosidl_typesupport_fastrtps_cpp.dir/rosidl_typesupport_fastrtps_cpp/aruco_detection_interfaces/msg/detail/dds_fastrtps/image_bounds__type_support.cpp.o[0m
[3.170s] [ 70%] [32mBuilding CXX object CMakeFiles/aruco_detection_interfaces__rosidl_typesupport_fastrtps_cpp.dir/rosidl_typesupport_fastrtps_cpp/aruco_detection_interfaces/srv/detail/dds_fastrtps/process_image__type_support.cpp.o[0m
[3.212s] [ 72%] [32m[1mLinking CXX shared library libaruco_detection_interfaces__rosidl_typesupport_cpp.so[0m
[3.250s] [ 72%] Built target aruco_detection_interfaces__rosidl_typesupport_cpp
[3.272s] [ 74%] [32m[1mLinking CXX shared library libaruco_detection_interfaces__rosidl_typesupport_introspection_cpp.so[0m
[3.340s] [ 74%] Built target aruco_detection_interfaces__rosidl_typesupport_introspection_cpp
[3.351s] [ 76%] [32m[1mLinking CXX shared library libaruco_detection_interfaces__rosidl_typesupport_fastrtps_c.so[0m
[3.403s] [ 76%] Built target aruco_detection_interfaces__rosidl_typesupport_fastrtps_c
[3.486s] [ 78%] [32m[1mLinking CXX shared library libaruco_detection_interfaces__rosidl_typesupport_fastrtps_cpp.so[0m
[3.535s] [ 78%] Built target aruco_detection_interfaces__rosidl_typesupport_fastrtps_cpp
[3.543s] [ 78%] Built target aruco_detection_interfaces
[3.550s] [ 80%] [34m[1mGenerating Python code for ROS interfaces[0m
[3.955s] [ 80%] Built target aruco_detection_interfaces__py
[3.962s] [ 83%] [32mBuilding C object CMakeFiles/aruco_detection_interfaces__rosidl_generator_py.dir/rosidl_generator_py/aruco_detection_interfaces/msg/_point_s.c.o[0m
[3.962s] [ 83%] [32mBuilding C object CMakeFiles/aruco_detection_interfaces__rosidl_generator_py.dir/rosidl_generator_py/aruco_detection_interfaces/msg/_point_array_s.c.o[0m
[3.962s] [ 85%] [32mBuilding C object CMakeFiles/aruco_detection_interfaces__rosidl_generator_py.dir/rosidl_generator_py/aruco_detection_interfaces/msg/_image_bounds_s.c.o[0m
[3.963s] [ 87%] [32mBuilding C object CMakeFiles/aruco_detection_interfaces__rosidl_generator_py.dir/rosidl_generator_py/aruco_detection_interfaces/srv/_process_image_s.c.o[0m
[4.031s] [ 89%] [32m[1mLinking C shared library rosidl_generator_py/aruco_detection_interfaces/libaruco_detection_interfaces__rosidl_generator_py.so[0m
[4.053s] [ 89%] Built target aruco_detection_interfaces__rosidl_generator_py
[4.061s] [ 94%] [32mBuilding C object CMakeFiles/aruco_detection_interfaces__rosidl_typesupport_c__pyext.dir/rosidl_generator_py/aruco_detection_interfaces/_aruco_detection_interfaces_s.ep.rosidl_typesupport_c.c.o[0m
[4.061s] [ 94%] [32mBuilding C object CMakeFiles/aruco_detection_interfaces__rosidl_typesupport_fastrtps_c__pyext.dir/rosidl_generator_py/aruco_detection_interfaces/_aruco_detection_interfaces_s.ep.rosidl_typesupport_fastrtps_c.c.o[0m
[4.061s] [ 94%] [32mBuilding C object CMakeFiles/aruco_detection_interfaces__rosidl_typesupport_introspection_c__pyext.dir/rosidl_generator_py/aruco_detection_interfaces/_aruco_detection_interfaces_s.ep.rosidl_typesupport_introspection_c.c.o[0m
[4.130s] [100%] [32m[1mLinking C shared library rosidl_generator_py/aruco_detection_interfaces/aruco_detection_interfaces_s__rosidl_typesupport_fastrtps_c.cpython-310-x86_64-linux-gnu.so[0m
[4.130s] [100%] [32m[1mLinking C shared library rosidl_generator_py/aruco_detection_interfaces/aruco_detection_interfaces_s__rosidl_typesupport_c.cpython-310-x86_64-linux-gnu.so[0m
[4.130s] [100%] [32m[1mLinking C shared library rosidl_generator_py/aruco_detection_interfaces/aruco_detection_interfaces_s__rosidl_typesupport_introspection_c.cpython-310-x86_64-linux-gnu.so[0m
[4.152s] [100%] Built target aruco_detection_interfaces__rosidl_typesupport_c__pyext
[4.152s] [100%] Built target aruco_detection_interfaces__rosidl_typesupport_fastrtps_c__pyext
[4.152s] [100%] Built target aruco_detection_interfaces__rosidl_typesupport_introspection_c__pyext
[4.156s] Invoked command in '/home/harshit/mrt_ws/build/aruco_detection_interfaces' returned '0': CMAKE_PREFIX_PATH=${CMAKE_PREFIX_PATH}:/home/harshit/mrt_ws/install/week0_tutorials:/home/harshit/mrt_ws/install/py_srvcli:/home/harshit/mrt_ws/install/sauron:/opt/ros/humble /usr/bin/cmake --build /home/harshit/mrt_ws/build/aruco_detection_interfaces -- -j8 -l8
[4.224s] Invoking command in '/home/harshit/mrt_ws/build/aruco_detection_interfaces': CMAKE_PREFIX_PATH=${CMAKE_PREFIX_PATH}:/home/harshit/mrt_ws/install/week0_tutorials:/home/harshit/mrt_ws/install/py_srvcli:/home/harshit/mrt_ws/install/sauron:/opt/ros/humble /usr/bin/cmake --install /home/harshit/mrt_ws/build/aruco_detection_interfaces
[4.226s] -- Install configuration: ""
[4.226s] -- Installing: /home/harshit/mrt_ws/install/aruco_detection_interfaces/share/ament_index/resource_index/rosidl_interfaces/aruco_detection_interfaces
[4.226s] -- Installing: /home/harshit/mrt_ws/install/aruco_detection_interfaces/include/aruco_detection_interfaces/aruco_detection_interfaces
[4.227s] -- Installing: /home/harshit/mrt_ws/install/aruco_detection_interfaces/include/aruco_detection_interfaces/aruco_detection_interfaces/srv
[4.227s] -- Installing: /home/harshit/mrt_ws/install/aruco_detection_interfaces/include/aruco_detection_interfaces/aruco_detection_interfaces/srv/process_image.h
[4.227s] -- Installing: /home/harshit/mrt_ws/install/aruco_detection_interfaces/include/aruco_detection_interfaces/aruco_detection_interfaces/srv/detail
[4.227s] -- Installing: /home/harshit/mrt_ws/install/aruco_detection_interfaces/include/aruco_detection_interfaces/aruco_detection_interfaces/srv/detail/process_image__struct.h
[4.227s] -- Installing: /home/harshit/mrt_ws/install/aruco_detection_interfaces/include/aruco_detection_interfaces/aruco_detection_interfaces/srv/detail/process_image__functions.c
[4.227s] -- Installing: /home/harshit/mrt_ws/install/aruco_detection_interfaces/include/aruco_detection_interfaces/aruco_detection_interfaces/srv/detail/process_image__type_support.h
[4.227s] -- Installing: /home/harshit/mrt_ws/install/aruco_detection_interfaces/include/aruco_detection_interfaces/aruco_detection_interfaces/srv/detail/process_image__functions.h
[4.227s] -- Installing: /home/harshit/mrt_ws/install/aruco_detection_interfaces/include/aruco_detection_interfaces/aruco_detection_interfaces/msg
[4.227s] -- Installing: /home/harshit/mrt_ws/install/aruco_detection_interfaces/include/aruco_detection_interfaces/aruco_detection_interfaces/msg/rosidl_generator_c__visibility_control.h
[4.227s] -- Installing: /home/harshit/mrt_ws/install/aruco_detection_interfaces/include/aruco_detection_interfaces/aruco_detection_interfaces/msg/detail
[4.227s] -- Installing: /home/harshit/mrt_ws/install/aruco_detection_interfaces/include/aruco_detection_interfaces/aruco_detection_interfaces/msg/detail/point_array__struct.h
[4.227s] -- Installing: /home/harshit/mrt_ws/install/aruco_detection_interfaces/include/aruco_detection_interfaces/aruco_detection_interfaces/msg/detail/point__functions.c
[4.227s] -- Installing: /home/harshit/mrt_ws/install/aruco_detection_interfaces/include/aruco_detection_interfaces/aruco_detection_interfaces/msg/detail/point__struct.h
[4.227s] -- Installing: /home/harshit/mrt_ws/install/aruco_detection_interfaces/include/aruco_detection_interfaces/aruco_detection_interfaces/msg/detail/point__functions.h
[4.227s] -- Installing: /home/harshit/mrt_ws/install/aruco_detection_interfaces/include/aruco_detection_interfaces/aruco_detection_interfaces/msg/detail/image_bounds__functions.c
[4.228s] -- Installing: /home/harshit/mrt_ws/install/aruco_detection_interfaces/include/aruco_detection_interfaces/aruco_detection_interfaces/msg/detail/point_array__functions.h
[4.228s] -- Installing: /home/harshit/mrt_ws/install/aruco_detection_interfaces/include/aruco_detection_interfaces/aruco_detection_interfaces/msg/detail/point_array__type_support.h
[4.228s] -- Installing: /home/harshit/mrt_ws/install/aruco_detection_interfaces/include/aruco_detection_interfaces/aruco_detection_interfaces/msg/detail/point__type_support.h
[4.228s] -- Installing: /home/harshit/mrt_ws/install/aruco_detection_interfaces/include/aruco_detection_interfaces/aruco_detection_interfaces/msg/detail/image_bounds__struct.h
[4.228s] -- Installing: /home/harshit/mrt_ws/install/aruco_detection_interfaces/include/aruco_detection_interfaces/aruco_detection_interfaces/msg/detail/point_array__functions.c
[4.228s] -- Installing: /home/harshit/mrt_ws/install/aruco_detection_interfaces/include/aruco_detection_interfaces/aruco_detection_interfaces/msg/detail/image_bounds__functions.h
[4.228s] -- Installing: /home/harshit/mrt_ws/install/aruco_detection_interfaces/include/aruco_detection_interfaces/aruco_detection_interfaces/msg/detail/image_bounds__type_support.h
[4.228s] -- Installing: /home/harshit/mrt_ws/install/aruco_detection_interfaces/include/aruco_detection_interfaces/aruco_detection_interfaces/msg/image_bounds.h
[4.228s] -- Installing: /home/harshit/mrt_ws/install/aruco_detection_interfaces/include/aruco_detection_interfaces/aruco_detection_interfaces/msg/point.h
[4.228s] -- Installing: /home/harshit/mrt_ws/install/aruco_detection_interfaces/include/aruco_detection_interfaces/aruco_detection_interfaces/msg/point_array.h
[4.228s] -- Installing: /home/harshit/mrt_ws/install/aruco_detection_interfaces/share/aruco_detection_interfaces/environment/library_path.sh
[4.228s] -- Installing: /home/harshit/mrt_ws/install/aruco_detection_interfaces/share/aruco_detection_interfaces/environment/library_path.dsv
[4.228s] -- Installing: /home/harshit/mrt_ws/install/aruco_detection_interfaces/lib/libaruco_detection_interfaces__rosidl_generator_c.so
[4.228s] -- Set non-toolchain portion of runtime path of "/home/harshit/mrt_ws/install/aruco_detection_interfaces/lib/libaruco_detection_interfaces__rosidl_generator_c.so" to ""
[4.229s] -- Up-to-date: /home/harshit/mrt_ws/install/aruco_detection_interfaces/include/aruco_detection_interfaces/aruco_detection_interfaces
[4.229s] -- Up-to-date: /home/harshit/mrt_ws/install/aruco_detection_interfaces/include/aruco_detection_interfaces/aruco_detection_interfaces/srv
[4.229s] -- Up-to-date: /home/harshit/mrt_ws/install/aruco_detection_interfaces/include/aruco_detection_interfaces/aruco_detection_interfaces/srv/detail
[4.229s] -- Installing: /home/harshit/mrt_ws/install/aruco_detection_interfaces/include/aruco_detection_interfaces/aruco_detection_interfaces/srv/detail/process_image__rosidl_typesupport_fastrtps_c.h
[4.229s] -- Up-to-date: /home/harshit/mrt_ws/install/aruco_detection_interfaces/include/aruco_detection_interfaces/aruco_detection_interfaces/msg
[4.229s] -- Up-to-date: /home/harshit/mrt_ws/install/aruco_detection_interfaces/include/aruco_detection_interfaces/aruco_detection_interfaces/msg/detail
[4.229s] -- Installing: /home/harshit/mrt_ws/install/aruco_detection_interfaces/include/aruco_detection_interfaces/aruco_detection_interfaces/msg/detail/point_array__rosidl_typesupport_fastrtps_c.h
[4.229s] -- Installing: /home/harshit/mrt_ws/install/aruco_detection_interfaces/include/aruco_detection_interfaces/aruco_detection_interfaces/msg/detail/image_bounds__rosidl_typesupport_fastrtps_c.h
[4.229s] -- Installing: /home/harshit/mrt_ws/install/aruco_detection_interfaces/include/aruco_detection_interfaces/aruco_detection_interfaces/msg/detail/point__rosidl_typesupport_fastrtps_c.h
[4.229s] -- Installing: /home/harshit/mrt_ws/install/aruco_detection_interfaces/include/aruco_detection_interfaces/aruco_detection_interfaces/msg/rosidl_typesupport_fastrtps_c__visibility_control.h
[4.229s] -- Installing: /home/harshit/mrt_ws/install/aruco_detection_interfaces/lib/libaruco_detection_interfaces__rosidl_typesupport_fastrtps_c.so
[4.229s] -- Set non-toolchain portion of runtime path of "/home/harshit/mrt_ws/install/aruco_detection_interfaces/lib/libaruco_detection_interfaces__rosidl_typesupport_fastrtps_c.so" to ""
[4.229s] -- Up-to-date: /home/harshit/mrt_ws/install/aruco_detection_interfaces/include/aruco_detection_interfaces/aruco_detection_interfaces
[4.229s] -- Up-to-date: /home/harshit/mrt_ws/install/aruco_detection_interfaces/include/aruco_detection_interfaces/aruco_detection_interfaces/srv
[4.230s] -- Up-to-date: /home/harshit/mrt_ws/install/aruco_detection_interfaces/include/aruco_detection_interfaces/aruco_detection_interfaces/srv/detail
[4.230s] -- Installing: /home/harshit/mrt_ws/install/aruco_detection_interfaces/include/aruco_detection_interfaces/aruco_detection_interfaces/srv/detail/process_image__type_support.c
[4.230s] -- Installing: /home/harshit/mrt_ws/install/aruco_detection_interfaces/include/aruco_detection_interfaces/aruco_detection_interfaces/srv/detail/process_image__rosidl_typesupport_introspection_c.h
[4.230s] -- Up-to-date: /home/harshit/mrt_ws/install/aruco_detection_interfaces/include/aruco_detection_interfaces/aruco_detection_interfaces/msg
[4.230s] -- Installing: /home/harshit/mrt_ws/install/aruco_detection_interfaces/include/aruco_detection_interfaces/aruco_detection_interfaces/msg/rosidl_typesupport_introspection_c__visibility_control.h
[4.230s] -- Up-to-date: /home/harshit/mrt_ws/install/aruco_detection_interfaces/include/aruco_detection_interfaces/aruco_detection_interfaces/msg/detail
[4.230s] -- Installing: /home/harshit/mrt_ws/install/aruco_detection_interfaces/include/aruco_detection_interfaces/aruco_detection_interfaces/msg/detail/image_bounds__type_support.c
[4.230s] -- Installing: /home/harshit/mrt_ws/install/aruco_detection_interfaces/include/aruco_detection_interfaces/aruco_detection_interfaces/msg/detail/point_array__rosidl_typesupport_introspection_c.h
[4.230s] -- Installing: /home/harshit/mrt_ws/install/aruco_detection_interfaces/include/aruco_detection_interfaces/aruco_detection_interfaces/msg/detail/point__type_support.c
[4.230s] -- Installing: /home/harshit/mrt_ws/install/aruco_detection_interfaces/include/aruco_detection_interfaces/aruco_detection_interfaces/msg/detail/point__rosidl_typesupport_introspection_c.h
[4.230s] -- Installing: /home/harshit/mrt_ws/install/aruco_detection_interfaces/include/aruco_detection_interfaces/aruco_detection_interfaces/msg/detail/image_bounds__rosidl_typesupport_introspection_c.h
[4.230s] -- Installing: /home/harshit/mrt_ws/install/aruco_detection_interfaces/include/aruco_detection_interfaces/aruco_detection_interfaces/msg/detail/point_array__type_support.c
[4.230s] -- Installing: /home/harshit/mrt_ws/install/aruco_detection_interfaces/lib/libaruco_detection_interfaces__rosidl_typesupport_introspection_c.so
[4.230s] -- Set non-toolchain portion of runtime path of "/home/harshit/mrt_ws/install/aruco_detection_interfaces/lib/libaruco_detection_interfaces__rosidl_typesupport_introspection_c.so" to ""
[4.231s] -- Installing: /home/harshit/mrt_ws/install/aruco_detection_interfaces/lib/libaruco_detection_interfaces__rosidl_typesupport_c.so
[4.231s] -- Set non-toolchain portion of runtime path of "/home/harshit/mrt_ws/install/aruco_detection_interfaces/lib/libaruco_detection_interfaces__rosidl_typesupport_c.so" to ""
[4.231s] -- Up-to-date: /home/harshit/mrt_ws/install/aruco_detection_interfaces/include/aruco_detection_interfaces/aruco_detection_interfaces
[4.231s] -- Up-to-date: /home/harshit/mrt_ws/install/aruco_detection_interfaces/include/aruco_detection_interfaces/aruco_detection_interfaces/srv
[4.231s] -- Installing: /home/harshit/mrt_ws/install/aruco_detection_interfaces/include/aruco_detection_interfaces/aruco_detection_interfaces/srv/process_image.hpp
[4.231s] -- Up-to-date: /home/harshit/mrt_ws/install/aruco_detection_interfaces/include/aruco_detection_interfaces/aruco_detection_interfaces/srv/detail
[4.231s] -- Installing: /home/harshit/mrt_ws/install/aruco_detection_interfaces/include/aruco_detection_interfaces/aruco_detection_interfaces/srv/detail/process_image__builder.hpp
[4.231s] -- Installing: /home/harshit/mrt_ws/install/aruco_detection_interfaces/include/aruco_detection_interfaces/aruco_detection_interfaces/srv/detail/process_image__traits.hpp
[4.231s] -- Installing: /home/harshit/mrt_ws/install/aruco_detection_interfaces/include/aruco_detection_interfaces/aruco_detection_interfaces/srv/detail/process_image__struct.hpp
[4.231s] -- Up-to-date: /home/harshit/mrt_ws/install/aruco_detection_interfaces/include/aruco_detection_interfaces/aruco_detection_interfaces/msg
[4.231s] -- Installing: /home/harshit/mrt_ws/install/aruco_detection_interfaces/include/aruco_detection_interfaces/aruco_detection_interfaces/msg/point_array.hpp
[4.231s] -- Installing: /home/harshit/mrt_ws/install/aruco_detection_interfaces/include/aruco_detection_interfaces/aruco_detection_interfaces/msg/image_bounds.hpp
[4.231s] -- Up-to-date: /home/harshit/mrt_ws/install/aruco_detection_interfaces/include/aruco_detection_interfaces/aruco_detection_interfaces/msg/detail
[4.231s] -- Installing: /home/harshit/mrt_ws/install/aruco_detection_interfaces/include/aruco_detection_interfaces/aruco_detection_interfaces/msg/detail/point_array__builder.hpp
[4.231s] -- Installing: /home/harshit/mrt_ws/install/aruco_detection_interfaces/include/aruco_detection_interfaces/aruco_detection_interfaces/msg/detail/image_bounds__struct.hpp
[4.231s] -- Installing: /home/harshit/mrt_ws/install/aruco_detection_interfaces/include/aruco_detection_interfaces/aruco_detection_interfaces/msg/detail/point__struct.hpp
[4.232s] -- Installing: /home/harshit/mrt_ws/install/aruco_detection_interfaces/include/aruco_detection_interfaces/aruco_detection_interfaces/msg/detail/point_array__struct.hpp
[4.232s] -- Installing: /home/harshit/mrt_ws/install/aruco_detection_interfaces/include/aruco_detection_interfaces/aruco_detection_interfaces/msg/detail/image_bounds__builder.hpp
[4.232s] -- Installing: /home/harshit/mrt_ws/install/aruco_detection_interfaces/include/aruco_detection_interfaces/aruco_detection_interfaces/msg/detail/image_bounds__traits.hpp
[4.232s] -- Installing: /home/harshit/mrt_ws/install/aruco_detection_interfaces/include/aruco_detection_interfaces/aruco_detection_interfaces/msg/detail/point_array__traits.hpp
[4.232s] -- Installing: /home/harshit/mrt_ws/install/aruco_detection_interfaces/include/aruco_detection_interfaces/aruco_detection_interfaces/msg/detail/point__traits.hpp
[4.232s] -- Installing: /home/harshit/mrt_ws/install/aruco_detection_interfaces/include/aruco_detection_interfaces/aruco_detection_interfaces/msg/detail/point__builder.hpp
[4.232s] -- Installing: /home/harshit/mrt_ws/install/aruco_detection_interfaces/include/aruco_detection_interfaces/aruco_detection_interfaces/msg/point.hpp
[4.232s] -- Up-to-date: /home/harshit/mrt_ws/install/aruco_detection_interfaces/include/aruco_detection_interfaces/aruco_detection_interfaces
[4.232s] -- Up-to-date: /home/harshit/mrt_ws/install/aruco_detection_interfaces/include/aruco_detection_interfaces/aruco_detection_interfaces/srv
[4.232s] -- Up-to-date: /home/harshit/mrt_ws/install/aruco_detection_interfaces/include/aruco_detection_interfaces/aruco_detection_interfaces/srv/detail
[4.232s] -- Installing: /home/harshit/mrt_ws/install/aruco_detection_interfaces/include/aruco_detection_interfaces/aruco_detection_interfaces/srv/detail/process_image__rosidl_typesupport_fastrtps_cpp.hpp
[4.232s] -- Installing: /home/harshit/mrt_ws/install/aruco_detection_interfaces/include/aruco_detection_interfaces/aruco_detection_interfaces/srv/detail/dds_fastrtps
[4.232s] -- Up-to-date: /home/harshit/mrt_ws/install/aruco_detection_interfaces/include/aruco_detection_interfaces/aruco_detection_interfaces/msg
[4.232s] -- Installing: /home/harshit/mrt_ws/install/aruco_detection_interfaces/include/aruco_detection_interfaces/aruco_detection_interfaces/msg/rosidl_typesupport_fastrtps_cpp__visibility_control.h
[4.232s] -- Up-to-date: /home/harshit/mrt_ws/install/aruco_detection_interfaces/include/aruco_detection_interfaces/aruco_detection_interfaces/msg/detail
[4.232s] -- Installing: /home/harshit/mrt_ws/install/aruco_detection_interfaces/include/aruco_detection_interfaces/aruco_detection_interfaces/msg/detail/point__rosidl_typesupport_fastrtps_cpp.hpp
[4.232s] -- Installing: /home/harshit/mrt_ws/install/aruco_detection_interfaces/include/aruco_detection_interfaces/aruco_detection_interfaces/msg/detail/image_bounds__rosidl_typesupport_fastrtps_cpp.hpp
[4.232s] -- Installing: /home/harshit/mrt_ws/install/aruco_detection_interfaces/include/aruco_detection_interfaces/aruco_detection_interfaces/msg/detail/point_array__rosidl_typesupport_fastrtps_cpp.hpp
[4.232s] -- Installing: /home/harshit/mrt_ws/install/aruco_detection_interfaces/include/aruco_detection_interfaces/aruco_detection_interfaces/msg/detail/dds_fastrtps
[4.233s] -- Installing: /home/harshit/mrt_ws/install/aruco_detection_interfaces/lib/libaruco_detection_interfaces__rosidl_typesupport_fastrtps_cpp.so
[4.233s] -- Set non-toolchain portion of runtime path of "/home/harshit/mrt_ws/install/aruco_detection_interfaces/lib/libaruco_detection_interfaces__rosidl_typesupport_fastrtps_cpp.so" to ""
[4.233s] -- Up-to-date: /home/harshit/mrt_ws/install/aruco_detection_interfaces/include/aruco_detection_interfaces/aruco_detection_interfaces
[4.233s] -- Up-to-date: /home/harshit/mrt_ws/install/aruco_detection_interfaces/include/aruco_detection_interfaces/aruco_detection_interfaces/srv
[4.233s] -- Up-to-date: /home/harshit/mrt_ws/install/aruco_detection_interfaces/include/aruco_detection_interfaces/aruco_detection_interfaces/srv/detail
[4.233s] -- Installing: /home/harshit/mrt_ws/install/aruco_detection_interfaces/include/aruco_detection_interfaces/aruco_detection_interfaces/srv/detail/process_image__rosidl_typesupport_introspection_cpp.hpp
[4.233s] -- Installing: /home/harshit/mrt_ws/install/aruco_detection_interfaces/include/aruco_detection_interfaces/aruco_detection_interfaces/srv/detail/process_image__type_support.cpp
[4.233s] -- Up-to-date: /home/harshit/mrt_ws/install/aruco_detection_interfaces/include/aruco_detection_interfaces/aruco_detection_interfaces/msg
[4.233s] -- Up-to-date: /home/harshit/mrt_ws/install/aruco_detection_interfaces/include/aruco_detection_interfaces/aruco_detection_interfaces/msg/detail
[4.233s] -- Installing: /home/harshit/mrt_ws/install/aruco_detection_interfaces/include/aruco_detection_interfaces/aruco_detection_interfaces/msg/detail/image_bounds__rosidl_typesupport_introspection_cpp.hpp
[4.233s] -- Installing: /home/harshit/mrt_ws/install/aruco_detection_interfaces/include/aruco_detection_interfaces/aruco_detection_interfaces/msg/detail/point__type_support.cpp
[4.233s] -- Installing: /home/harshit/mrt_ws/install/aruco_detection_interfaces/include/aruco_detection_interfaces/aruco_detection_interfaces/msg/detail/point_array__type_support.cpp
[4.233s] -- Installing: /home/harshit/mrt_ws/install/aruco_detection_interfaces/include/aruco_detection_interfaces/aruco_detection_interfaces/msg/detail/point_array__rosidl_typesupport_introspection_cpp.hpp
[4.233s] -- Installing: /home/harshit/mrt_ws/install/aruco_detection_interfaces/include/aruco_detection_interfaces/aruco_detection_interfaces/msg/detail/image_bounds__type_support.cpp
[4.233s] -- Installing: /home/harshit/mrt_ws/install/aruco_detection_interfaces/include/aruco_detection_interfaces/aruco_detection_interfaces/msg/detail/point__rosidl_typesupport_introspection_cpp.hpp
[4.234s] -- Installing: /home/harshit/mrt_ws/install/aruco_detection_interfaces/lib/libaruco_detection_interfaces__rosidl_typesupport_introspection_cpp.so
[4.234s] -- Set non-toolchain portion of runtime path of "/home/harshit/mrt_ws/install/aruco_detection_interfaces/lib/libaruco_detection_interfaces__rosidl_typesupport_introspection_cpp.so" to ""
[4.234s] -- Installing: /home/harshit/mrt_ws/install/aruco_detection_interfaces/lib/libaruco_detection_interfaces__rosidl_typesupport_cpp.so
[4.234s] -- Set non-toolchain portion of runtime path of "/home/harshit/mrt_ws/install/aruco_detection_interfaces/lib/libaruco_detection_interfaces__rosidl_typesupport_cpp.so" to ""
[4.234s] -- Installing: /home/harshit/mrt_ws/install/aruco_detection_interfaces/share/aruco_detection_interfaces/environment/pythonpath.sh
[4.234s] -- Installing: /home/harshit/mrt_ws/install/aruco_detection_interfaces/share/aruco_detection_interfaces/environment/pythonpath.dsv
[4.234s] -- Installing: /home/harshit/mrt_ws/install/aruco_detection_interfaces/local/lib/python3.10/dist-packages/aruco_detection_interfaces-0.0.0-py3.10.egg-info
[4.234s] -- Installing: /home/harshit/mrt_ws/install/aruco_detection_interfaces/local/lib/python3.10/dist-packages/aruco_detection_interfaces-0.0.0-py3.10.egg-info/top_level.txt
[4.234s] -- Installing: /home/harshit/mrt_ws/install/aruco_detection_interfaces/local/lib/python3.10/dist-packages/aruco_detection_interfaces-0.0.0-py3.10.egg-info/SOURCES.txt
[4.234s] -- Installing: /home/harshit/mrt_ws/install/aruco_detection_interfaces/local/lib/python3.10/dist-packages/aruco_detection_interfaces-0.0.0-py3.10.egg-info/dependency_links.txt
[4.235s] -- Installing: /home/harshit/mrt_ws/install/aruco_detection_interfaces/local/lib/python3.10/dist-packages/aruco_detection_interfaces-0.0.0-py3.10.egg-info/PKG-INFO
[4.235s] -- Installing: /home/harshit/mrt_ws/install/aruco_detection_interfaces/local/lib/python3.10/dist-packages/aruco_detection_interfaces
[4.235s] -- Installing: /home/harshit/mrt_ws/install/aruco_detection_interfaces/local/lib/python3.10/dist-packages/aruco_detection_interfaces/libaruco_detection_interfaces__rosidl_generator_py.so
[4.235s] -- Installing: /home/harshit/mrt_ws/install/aruco_detection_interfaces/local/lib/python3.10/dist-packages/aruco_detection_interfaces/srv
[4.235s] -- Installing: /home/harshit/mrt_ws/install/aruco_detection_interfaces/local/lib/python3.10/dist-packages/aruco_detection_interfaces/srv/_process_image.py
[4.235s] -- Installing: /home/harshit/mrt_ws/install/aruco_detection_interfaces/local/lib/python3.10/dist-packages/aruco_detection_interfaces/srv/_process_image_s.c
[4.235s] -- Installing: /home/harshit/mrt_ws/install/aruco_detection_interfaces/local/lib/python3.10/dist-packages/aruco_detection_interfaces/srv/__init__.py
[4.235s] -- Installing: /home/harshit/mrt_ws/install/aruco_detection_interfaces/local/lib/python3.10/dist-packages/aruco_detection_interfaces/aruco_detection_interfaces_s__rosidl_typesupport_introspection_c.cpython-310-x86_64-linux-gnu.so
[4.235s] -- Installing: /home/harshit/mrt_ws/install/aruco_detection_interfaces/local/lib/python3.10/dist-packages/aruco_detection_interfaces/aruco_detection_interfaces_s__rosidl_typesupport_fastrtps_c.cpython-310-x86_64-linux-gnu.so
[4.235s] -- Installing: /home/harshit/mrt_ws/install/aruco_detection_interfaces/local/lib/python3.10/dist-packages/aruco_detection_interfaces/_aruco_detection_interfaces_s.ep.rosidl_typesupport_c.c
[4.235s] -- Installing: /home/harshit/mrt_ws/install/aruco_detection_interfaces/local/lib/python3.10/dist-packages/aruco_detection_interfaces/msg
[4.235s] -- Installing: /home/harshit/mrt_ws/install/aruco_detection_interfaces/local/lib/python3.10/dist-packages/aruco_detection_interfaces/msg/_point_s.c
[4.235s] -- Installing: /home/harshit/mrt_ws/install/aruco_detection_interfaces/local/lib/python3.10/dist-packages/aruco_detection_interfaces/msg/_point_array_s.c
[4.235s] -- Installing: /home/harshit/mrt_ws/install/aruco_detection_interfaces/local/lib/python3.10/dist-packages/aruco_detection_interfaces/msg/_image_bounds_s.c
[4.235s] -- Installing: /home/harshit/mrt_ws/install/aruco_detection_interfaces/local/lib/python3.10/dist-packages/aruco_detection_interfaces/msg/_point.py
[4.236s] -- Installing: /home/harshit/mrt_ws/install/aruco_detection_interfaces/local/lib/python3.10/dist-packages/aruco_detection_interfaces/msg/_point_array.py
[4.236s] -- Installing: /home/harshit/mrt_ws/install/aruco_detection_interfaces/local/lib/python3.10/dist-packages/aruco_detection_interfaces/msg/_image_bounds.py
[4.236s] -- Installing: /home/harshit/mrt_ws/install/aruco_detection_interfaces/local/lib/python3.10/dist-packages/aruco_detection_interfaces/msg/__init__.py
[4.236s] -- Installing: /home/harshit/mrt_ws/install/aruco_detection_interfaces/local/lib/python3.10/dist-packages/aruco_detection_interfaces/_aruco_detection_interfaces_s.ep.rosidl_typesupport_introspection_c.c
[4.236s] -- Installing: /home/harshit/mrt_ws/install/aruco_detection_interfaces/local/lib/python3.10/dist-packages/aruco_detection_interfaces/_aruco_detection_interfaces_s.ep.rosidl_typesupport_fastrtps_c.c
[4.236s] -- Installing: /home/harshit/mrt_ws/install/aruco_detection_interfaces/local/lib/python3.10/dist-packages/aruco_detection_interfaces/aruco_detection_interfaces_s__rosidl_typesupport_c.cpython-310-x86_64-linux-gnu.so
[4.236s] -- Installing: /home/harshit/mrt_ws/install/aruco_detection_interfaces/local/lib/python3.10/dist-packages/aruco_detection_interfaces/__init__.py
[4.261s] Listing '/home/harshit/mrt_ws/install/aruco_detection_interfaces/local/lib/python3.10/dist-packages/aruco_detection_interfaces'...
[4.261s] Compiling '/home/harshit/mrt_ws/install/aruco_detection_interfaces/local/lib/python3.10/dist-packages/aruco_detection_interfaces/__init__.py'...
[4.261s] Listing '/home/harshit/mrt_ws/install/aruco_detection_interfaces/local/lib/python3.10/dist-packages/aruco_detection_interfaces/msg'...
[4.261s] Compiling '/home/harshit/mrt_ws/install/aruco_detection_interfaces/local/lib/python3.10/dist-packages/aruco_detection_interfaces/msg/__init__.py'...
[4.261s] Compiling '/home/harshit/mrt_ws/install/aruco_detection_interfaces/local/lib/python3.10/dist-packages/aruco_detection_interfaces/msg/_image_bounds.py'...
[4.261s] Compiling '/home/harshit/mrt_ws/install/aruco_detection_interfaces/local/lib/python3.10/dist-packages/aruco_detection_interfaces/msg/_point.py'...
[4.261s] Compiling '/home/harshit/mrt_ws/install/aruco_detection_interfaces/local/lib/python3.10/dist-packages/aruco_detection_interfaces/msg/_point_array.py'...
[4.261s] Listing '/home/harshit/mrt_ws/install/aruco_detection_interfaces/local/lib/python3.10/dist-packages/aruco_detection_interfaces/srv'...
[4.262s] Compiling '/home/harshit/mrt_ws/install/aruco_detection_interfaces/local/lib/python3.10/dist-packages/aruco_detection_interfaces/srv/__init__.py'...
[4.262s] Compiling '/home/harshit/mrt_ws/install/aruco_detection_interfaces/local/lib/python3.10/dist-packages/aruco_detection_interfaces/srv/_process_image.py'...
[4.264s] -- Installing: /home/harshit/mrt_ws/install/aruco_detection_interfaces/local/lib/python3.10/dist-packages/aruco_detection_interfaces/aruco_detection_interfaces_s__rosidl_typesupport_fastrtps_c.cpython-310-x86_64-linux-gnu.so
[4.264s] -- Set non-toolchain portion of runtime path of "/home/harshit/mrt_ws/install/aruco_detection_interfaces/local/lib/python3.10/dist-packages/aruco_detection_interfaces/aruco_detection_interfaces_s__rosidl_typesupport_fastrtps_c.cpython-310-x86_64-linux-gnu.so" to ""
[4.265s] -- Installing: /home/harshit/mrt_ws/install/aruco_detection_interfaces/local/lib/python3.10/dist-packages/aruco_detection_interfaces/aruco_detection_interfaces_s__rosidl_typesupport_introspection_c.cpython-310-x86_64-linux-gnu.so
[4.265s] -- Set non-toolchain portion of runtime path of "/home/harshit/mrt_ws/install/aruco_detection_interfaces/local/lib/python3.10/dist-packages/aruco_detection_interfaces/aruco_detection_interfaces_s__rosidl_typesupport_introspection_c.cpython-310-x86_64-linux-gnu.so" to ""
[4.265s] -- Installing: /home/harshit/mrt_ws/install/aruco_detection_interfaces/local/lib/python3.10/dist-packages/aruco_detection_interfaces/aruco_detection_interfaces_s__rosidl_typesupport_c.cpython-310-x86_64-linux-gnu.so
[4.265s] -- Set non-toolchain portion of runtime path of "/home/harshit/mrt_ws/install/aruco_detection_interfaces/local/lib/python3.10/dist-packages/aruco_detection_interfaces/aruco_detection_interfaces_s__rosidl_typesupport_c.cpython-310-x86_64-linux-gnu.so" to ""
[4.265s] -- Installing: /home/harshit/mrt_ws/install/aruco_detection_interfaces/lib/libaruco_detection_interfaces__rosidl_generator_py.so
[4.265s] -- Set non-toolchain portion of runtime path of "/home/harshit/mrt_ws/install/aruco_detection_interfaces/lib/libaruco_detection_interfaces__rosidl_generator_py.so" to ""
[4.265s] -- Installing: /home/harshit/mrt_ws/install/aruco_detection_interfaces/share/aruco_detection_interfaces/msg/Point.idl
[4.265s] -- Installing: /home/harshit/mrt_ws/install/aruco_detection_interfaces/share/aruco_detection_interfaces/msg/PointArray.idl
[4.266s] -- Installing: /home/harshit/mrt_ws/install/aruco_detection_interfaces/share/aruco_detection_interfaces/msg/ImageBounds.idl
[4.266s] -- Installing: /home/harshit/mrt_ws/install/aruco_detection_interfaces/share/aruco_detection_interfaces/srv/ProcessImage.idl
[4.266s] -- Installing: /home/harshit/mrt_ws/install/aruco_detection_interfaces/share/aruco_detection_interfaces/msg/Point.msg
[4.266s] -- Installing: /home/harshit/mrt_ws/install/aruco_detection_interfaces/share/aruco_detection_interfaces/msg/PointArray.msg
[4.266s] -- Installing: /home/harshit/mrt_ws/install/aruco_detection_interfaces/share/aruco_detection_interfaces/msg/ImageBounds.msg
[4.266s] -- Installing: /home/harshit/mrt_ws/install/aruco_detection_interfaces/share/aruco_detection_interfaces/srv/ProcessImage.srv
[4.266s] -- Installing: /home/harshit/mrt_ws/install/aruco_detection_interfaces/share/aruco_detection_interfaces/srv/ProcessImage_Request.msg
[4.266s] -- Installing: /home/harshit/mrt_ws/install/aruco_detection_interfaces/share/aruco_detection_interfaces/srv/ProcessImage_Response.msg
[4.266s] -- Installing: /home/harshit/mrt_ws/install/aruco_detection_interfaces/share/ament_index/resource_index/package_run_dependencies/aruco_detection_interfaces
[4.266s] -- Installing: /home/harshit/mrt_ws/install/aruco_detection_interfaces/share/ament_index/resource_index/parent_prefix_path/aruco_detection_interfaces
[4.266s] -- Installing: /home/harshit/mrt_ws/install/aruco_detection_interfaces/share/aruco_detection_interfaces/environment/ament_prefix_path.sh
[4.266s] -- Installing: /home/harshit/mrt_ws/install/aruco_detection_interfaces/share/aruco_detection_interfaces/environment/ament_prefix_path.dsv
[4.267s] -- Installing: /home/harshit/mrt_ws/install/aruco_detection_interfaces/share/aruco_detection_interfaces/environment/path.sh
[4.267s] -- Installing: /home/harshit/mrt_ws/install/aruco_detection_interfaces/share/aruco_detection_interfaces/environment/path.dsv
[4.267s] -- Installing: /home/harshit/mrt_ws/install/aruco_detection_interfaces/share/aruco_detection_interfaces/local_setup.bash
[4.267s] -- Installing: /home/harshit/mrt_ws/install/aruco_detection_interfaces/share/aruco_detection_interfaces/local_setup.sh
[4.267s] -- Installing: /home/harshit/mrt_ws/install/aruco_detection_interfaces/share/aruco_detection_interfaces/local_setup.zsh
[4.267s] -- Installing: /home/harshit/mrt_ws/install/aruco_detection_interfaces/share/aruco_detection_interfaces/local_setup.dsv
[4.267s] -- Installing: /home/harshit/mrt_ws/install/aruco_detection_interfaces/share/aruco_detection_interfaces/package.dsv
[4.267s] -- Installing: /home/harshit/mrt_ws/install/aruco_detection_interfaces/share/ament_index/resource_index/packages/aruco_detection_interfaces
[4.267s] -- Installing: /home/harshit/mrt_ws/install/aruco_detection_interfaces/share/aruco_detection_interfaces/cmake/export_aruco_detection_interfaces__rosidl_generator_cExport.cmake
[4.267s] -- Installing: /home/harshit/mrt_ws/install/aruco_detection_interfaces/share/aruco_detection_interfaces/cmake/export_aruco_detection_interfaces__rosidl_generator_cExport-noconfig.cmake
[4.267s] -- Installing: /home/harshit/mrt_ws/install/aruco_detection_interfaces/share/aruco_detection_interfaces/cmake/export_aruco_detection_interfaces__rosidl_typesupport_fastrtps_cExport.cmake
[4.268s] -- Installing: /home/harshit/mrt_ws/install/aruco_detection_interfaces/share/aruco_detection_interfaces/cmake/export_aruco_detection_interfaces__rosidl_typesupport_fastrtps_cExport-noconfig.cmake
[4.268s] -- Installing: /home/harshit/mrt_ws/install/aruco_detection_interfaces/share/aruco_detection_interfaces/cmake/aruco_detection_interfaces__rosidl_typesupport_introspection_cExport.cmake
[4.268s] -- Installing: /home/harshit/mrt_ws/install/aruco_detection_interfaces/share/aruco_detection_interfaces/cmake/aruco_detection_interfaces__rosidl_typesupport_introspection_cExport-noconfig.cmake
[4.268s] -- Installing: /home/harshit/mrt_ws/install/aruco_detection_interfaces/share/aruco_detection_interfaces/cmake/aruco_detection_interfaces__rosidl_typesupport_cExport.cmake
[4.268s] -- Installing: /home/harshit/mrt_ws/install/aruco_detection_interfaces/share/aruco_detection_interfaces/cmake/aruco_detection_interfaces__rosidl_typesupport_cExport-noconfig.cmake
[4.268s] -- Installing: /home/harshit/mrt_ws/install/aruco_detection_interfaces/share/aruco_detection_interfaces/cmake/export_aruco_detection_interfaces__rosidl_generator_cppExport.cmake
[4.268s] -- Installing: /home/harshit/mrt_ws/install/aruco_detection_interfaces/share/aruco_detection_interfaces/cmake/export_aruco_detection_interfaces__rosidl_typesupport_fastrtps_cppExport.cmake
[4.268s] -- Installing: /home/harshit/mrt_ws/install/aruco_detection_interfaces/share/aruco_detection_interfaces/cmake/export_aruco_detection_interfaces__rosidl_typesupport_fastrtps_cppExport-noconfig.cmake
[4.268s] -- Installing: /home/harshit/mrt_ws/install/aruco_detection_interfaces/share/aruco_detection_interfaces/cmake/aruco_detection_interfaces__rosidl_typesupport_introspection_cppExport.cmake
[4.268s] -- Installing: /home/harshit/mrt_ws/install/aruco_detection_interfaces/share/aruco_detection_interfaces/cmake/aruco_detection_interfaces__rosidl_typesupport_introspection_cppExport-noconfig.cmake
[4.268s] -- Installing: /home/harshit/mrt_ws/install/aruco_detection_interfaces/share/aruco_detection_interfaces/cmake/aruco_detection_interfaces__rosidl_typesupport_cppExport.cmake
[4.268s] -- Installing: /home/harshit/mrt_ws/install/aruco_detection_interfaces/share/aruco_detection_interfaces/cmake/aruco_detection_interfaces__rosidl_typesupport_cppExport-noconfig.cmake
[4.269s] -- Installing: /home/harshit/mrt_ws/install/aruco_detection_interfaces/share/aruco_detection_interfaces/cmake/export_aruco_detection_interfaces__rosidl_generator_pyExport.cmake
[4.269s] -- Installing: /home/harshit/mrt_ws/install/aruco_detection_interfaces/share/aruco_detection_interfaces/cmake/export_aruco_detection_interfaces__rosidl_generator_pyExport-noconfig.cmake
[4.269s] -- Installing: /home/harshit/mrt_ws/install/aruco_detection_interfaces/share/aruco_detection_interfaces/cmake/rosidl_cmake-extras.cmake
[4.269s] -- Installing: /home/harshit/mrt_ws/install/aruco_detection_interfaces/share/aruco_detection_interfaces/cmake/ament_cmake_export_dependencies-extras.cmake
[4.269s] -- Installing: /home/harshit/mrt_ws/install/aruco_detection_interfaces/share/aruco_detection_interfaces/cmake/ament_cmake_export_include_directories-extras.cmake
[4.269s] -- Installing: /home/harshit/mrt_ws/install/aruco_detection_interfaces/share/aruco_detection_interfaces/cmake/ament_cmake_export_libraries-extras.cmake
[4.269s] -- Installing: /home/harshit/mrt_ws/install/aruco_detection_interfaces/share/aruco_detection_interfaces/cmake/ament_cmake_export_targets-extras.cmake
[4.269s] -- Installing: /home/harshit/mrt_ws/install/aruco_detection_interfaces/share/aruco_detection_interfaces/cmake/rosidl_cmake_export_typesupport_targets-extras.cmake
[4.269s] -- Installing: /home/harshit/mrt_ws/install/aruco_detection_interfaces/share/aruco_detection_interfaces/cmake/rosidl_cmake_export_typesupport_libraries-extras.cmake
[4.269s] -- Installing: /home/harshit/mrt_ws/install/aruco_detection_interfaces/share/aruco_detection_interfaces/cmake/aruco_detection_interfacesConfig.cmake
[4.269s] -- Installing: /home/harshit/mrt_ws/install/aruco_detection_interfaces/share/aruco_detection_interfaces/cmake/aruco_detection_interfacesConfig-version.cmake
[4.269s] -- Installing: /home/harshit/mrt_ws/install/aruco_detection_interfaces/share/aruco_detection_interfaces/package.xml
[4.271s] Invoked command in '/home/harshit/mrt_ws/build/aruco_detection_interfaces' returned '0': CMAKE_PREFIX_PATH=${CMAKE_PREFIX_PATH}:/home/harshit/mrt_ws/install/week0_tutorials:/home/harshit/mrt_ws/install/py_srvcli:/home/harshit/mrt_ws/install/sauron:/opt/ros/humble /usr/bin/cmake --install /home/harshit/mrt_ws/build/aruco_detection_interfaces
