[1.552s] Invoking command in '/home/harshit/mrt_ws/src/sauron': PYTHONPATH=/home/harshit/mrt_ws/build/sauron/prefix_override:/usr/lib/python3/dist-packages/colcon_core/task/python/colcon_distutils_commands:/home/harshit/mrt_ws/install/sauron/lib/python3.10/site-packages:${PYTHONPATH} /usr/bin/python3 -W ignore:setup.py install is deprecated -W ignore:easy_install command is deprecated setup.py egg_info --egg-base ../../build/sauron build --build-base /home/harshit/mrt_ws/build/sauron/build install --record /home/harshit/mrt_ws/build/sauron/install.log --single-version-externally-managed install_data
[1.864s] running egg_info
[1.865s] writing ../../build/sauron/sauron.egg-info/PKG-INFO
[1.867s] writing dependency_links to ../../build/sauron/sauron.egg-info/dependency_links.txt
[1.867s] writing entry points to ../../build/sauron/sauron.egg-info/entry_points.txt
[1.867s] writing requirements to ../../build/sauron/sauron.egg-info/requires.txt
[1.867s] writing top-level names to ../../build/sauron/sauron.egg-info/top_level.txt
[1.868s] reading manifest file '../../build/sauron/sauron.egg-info/SOURCES.txt'
[1.868s] writing manifest file '../../build/sauron/sauron.egg-info/SOURCES.txt'
[1.868s] running build
[1.869s] running build_py
[1.869s] running install
[1.870s] running install_lib
[1.873s] running install_data
[1.873s] running install_egg_info
[1.878s] removing '/home/harshit/mrt_ws/install/sauron/lib/python3.10/site-packages/sauron-0.0.0-py3.10.egg-info' (and everything under it)
[1.878s] Copying ../../build/sauron/sauron.egg-info to /home/harshit/mrt_ws/install/sauron/lib/python3.10/site-packages/sauron-0.0.0-py3.10.egg-info
[1.878s] running install_scripts
[1.915s] Installing publisher1 script to /home/harshit/mrt_ws/install/sauron/lib/sauron
[1.915s] Installing publisher2 script to /home/harshit/mrt_ws/install/sauron/lib/sauron
[1.915s] Installing subscriber script to /home/harshit/mrt_ws/install/sauron/lib/sauron
[1.915s] writing list of installed files to '/home/harshit/mrt_ws/build/sauron/install.log'
[1.962s] Invoked command in '/home/harshit/mrt_ws/src/sauron' returned '0': PYTHONPATH=/home/harshit/mrt_ws/build/sauron/prefix_override:/usr/lib/python3/dist-packages/colcon_core/task/python/colcon_distutils_commands:/home/harshit/mrt_ws/install/sauron/lib/python3.10/site-packages:${PYTHONPATH} /usr/bin/python3 -W ignore:setup.py install is deprecated -W ignore:easy_install command is deprecated setup.py egg_info --egg-base ../../build/sauron build --build-base /home/harshit/mrt_ws/build/sauron/build install --record /home/harshit/mrt_ws/build/sauron/install.log --single-version-externally-managed install_data
