[0.033s] Invoking command in '/home/harshit/mrt_ws/build/tutorial_interfaces': CMAKE_PREFIX_PATH=${CMAKE_PREFIX_PATH}:/home/harshit/mrt_ws/install/week0_tutorials:/home/harshit/mrt_ws/install/py_srvcli:/home/harshit/mrt_ws/install/sauron:/opt/ros/humble /usr/bin/cmake --build /home/harshit/mrt_ws/build/tutorial_interfaces -- -j8 -l8
[0.101s] [  1%] Built target tutorial_interfaces__cpp
[0.116s] [ 12%] Built target tutorial_interfaces__rosidl_generator_c
[0.116s] [ 12%] Built target ament_cmake_python_copy_tutorial_interfaces
[0.181s] [ 43%] Built target tutorial_interfaces__rosidl_typesupport_fastrtps_cpp
[0.182s] [ 43%] Built target tutorial_interfaces__rosidl_typesupport_introspection_cpp
[0.182s] [ 45%] Built target tutorial_interfaces__rosidl_typesupport_cpp
[0.191s] [ 56%] Built target tutorial_interfaces__rosidl_typesupport_c
[0.193s] [ 67%] Built target tutorial_interfaces__rosidl_typesupport_fastrtps_c
[0.198s] [ 78%] Built target tutorial_interfaces__rosidl_typesupport_introspection_c
[0.226s] [ 78%] Built target tutorial_interfaces
[0.256s] [ 80%] Built target tutorial_interfaces__py
[0.287s] [ 89%] Built target tutorial_interfaces__rosidl_generator_py
[0.323s] [ 92%] Built target tutorial_interfaces__rosidl_typesupport_fastrtps_c__pyext
[0.326s] [ 96%] Built target tutorial_interfaces__rosidl_typesupport_c__pyext
[0.328s] [100%] Built target tutorial_interfaces__rosidl_typesupport_introspection_c__pyext
[0.740s] running egg_info
[0.742s] writing tutorial_interfaces.egg-info/PKG-INFO
[0.742s] writing dependency_links to tutorial_interfaces.egg-info/dependency_links.txt
[0.743s] writing top-level names to tutorial_interfaces.egg-info/top_level.txt
[0.748s] reading manifest file 'tutorial_interfaces.egg-info/SOURCES.txt'
[0.749s] writing manifest file 'tutorial_interfaces.egg-info/SOURCES.txt'
[0.790s] [100%] Built target ament_cmake_python_build_tutorial_interfaces_egg
[0.804s] Invoked command in '/home/harshit/mrt_ws/build/tutorial_interfaces' returned '0': CMAKE_PREFIX_PATH=${CMAKE_PREFIX_PATH}:/home/harshit/mrt_ws/install/week0_tutorials:/home/harshit/mrt_ws/install/py_srvcli:/home/harshit/mrt_ws/install/sauron:/opt/ros/humble /usr/bin/cmake --build /home/harshit/mrt_ws/build/tutorial_interfaces -- -j8 -l8
[1.017s] Invoking command in '/home/harshit/mrt_ws/build/tutorial_interfaces': CMAKE_PREFIX_PATH=${CMAKE_PREFIX_PATH}:/home/harshit/mrt_ws/install/week0_tutorials:/home/harshit/mrt_ws/install/py_srvcli:/home/harshit/mrt_ws/install/sauron:/opt/ros/humble /usr/bin/cmake --install /home/harshit/mrt_ws/build/tutorial_interfaces
[1.024s] -- Install configuration: ""
[1.024s] -- Up-to-date: /home/harshit/mrt_ws/install/tutorial_interfaces/share/ament_index/resource_index/rosidl_interfaces/tutorial_interfaces
[1.025s] -- Up-to-date: /home/harshit/mrt_ws/install/tutorial_interfaces/include/tutorial_interfaces/tutorial_interfaces
[1.025s] -- Up-to-date: /home/harshit/mrt_ws/install/tutorial_interfaces/include/tutorial_interfaces/tutorial_interfaces/srv
[1.025s] -- Up-to-date: /home/harshit/mrt_ws/install/tutorial_interfaces/include/tutorial_interfaces/tutorial_interfaces/srv/process_image.h
[1.025s] -- Up-to-date: /home/harshit/mrt_ws/install/tutorial_interfaces/include/tutorial_interfaces/tutorial_interfaces/srv/add_three_ints.h
[1.026s] -- Up-to-date: /home/harshit/mrt_ws/install/tutorial_interfaces/include/tutorial_interfaces/tutorial_interfaces/srv/detail
[1.026s] -- Up-to-date: /home/harshit/mrt_ws/install/tutorial_interfaces/include/tutorial_interfaces/tutorial_interfaces/srv/detail/process_image__struct.h
[1.026s] -- Up-to-date: /home/harshit/mrt_ws/install/tutorial_interfaces/include/tutorial_interfaces/tutorial_interfaces/srv/detail/process_image__functions.c
[1.026s] -- Up-to-date: /home/harshit/mrt_ws/install/tutorial_interfaces/include/tutorial_interfaces/tutorial_interfaces/srv/detail/process_image__type_support.h
[1.027s] -- Up-to-date: /home/harshit/mrt_ws/install/tutorial_interfaces/include/tutorial_interfaces/tutorial_interfaces/srv/detail/add_three_ints__functions.c
[1.027s] -- Up-to-date: /home/harshit/mrt_ws/install/tutorial_interfaces/include/tutorial_interfaces/tutorial_interfaces/srv/detail/add_three_ints__functions.h
[1.027s] -- Up-to-date: /home/harshit/mrt_ws/install/tutorial_interfaces/include/tutorial_interfaces/tutorial_interfaces/srv/detail/add_three_ints__struct.h
[1.027s] -- Up-to-date: /home/harshit/mrt_ws/install/tutorial_interfaces/include/tutorial_interfaces/tutorial_interfaces/srv/detail/add_three_ints__type_support.h
[1.028s] -- Up-to-date: /home/harshit/mrt_ws/install/tutorial_interfaces/include/tutorial_interfaces/tutorial_interfaces/srv/detail/process_image__functions.h
[1.028s] -- Up-to-date: /home/harshit/mrt_ws/install/tutorial_interfaces/include/tutorial_interfaces/tutorial_interfaces/msg
[1.028s] -- Up-to-date: /home/harshit/mrt_ws/install/tutorial_interfaces/include/tutorial_interfaces/tutorial_interfaces/msg/sphere.h
[1.029s] -- Up-to-date: /home/harshit/mrt_ws/install/tutorial_interfaces/include/tutorial_interfaces/tutorial_interfaces/msg/rosidl_generator_c__visibility_control.h
[1.029s] -- Up-to-date: /home/harshit/mrt_ws/install/tutorial_interfaces/include/tutorial_interfaces/tutorial_interfaces/msg/detail
[1.029s] -- Up-to-date: /home/harshit/mrt_ws/install/tutorial_interfaces/include/tutorial_interfaces/tutorial_interfaces/msg/detail/point_array__struct.h
[1.029s] -- Up-to-date: /home/harshit/mrt_ws/install/tutorial_interfaces/include/tutorial_interfaces/tutorial_interfaces/msg/detail/point__functions.c
[1.030s] -- Up-to-date: /home/harshit/mrt_ws/install/tutorial_interfaces/include/tutorial_interfaces/tutorial_interfaces/msg/detail/num__struct.h
[1.030s] -- Up-to-date: /home/harshit/mrt_ws/install/tutorial_interfaces/include/tutorial_interfaces/tutorial_interfaces/msg/detail/sphere__type_support.h
[1.030s] -- Up-to-date: /home/harshit/mrt_ws/install/tutorial_interfaces/include/tutorial_interfaces/tutorial_interfaces/msg/detail/num__functions.h
[1.030s] -- Up-to-date: /home/harshit/mrt_ws/install/tutorial_interfaces/include/tutorial_interfaces/tutorial_interfaces/msg/detail/point__struct.h
[1.030s] -- Up-to-date: /home/harshit/mrt_ws/install/tutorial_interfaces/include/tutorial_interfaces/tutorial_interfaces/msg/detail/num__functions.c
[1.031s] -- Up-to-date: /home/harshit/mrt_ws/install/tutorial_interfaces/include/tutorial_interfaces/tutorial_interfaces/msg/detail/sphere__struct.h
[1.031s] -- Up-to-date: /home/harshit/mrt_ws/install/tutorial_interfaces/include/tutorial_interfaces/tutorial_interfaces/msg/detail/num__type_support.h
[1.031s] -- Up-to-date: /home/harshit/mrt_ws/install/tutorial_interfaces/include/tutorial_interfaces/tutorial_interfaces/msg/detail/point__functions.h
[1.031s] -- Up-to-date: /home/harshit/mrt_ws/install/tutorial_interfaces/include/tutorial_interfaces/tutorial_interfaces/msg/detail/image_bounds__functions.c
[1.032s] -- Up-to-date: /home/harshit/mrt_ws/install/tutorial_interfaces/include/tutorial_interfaces/tutorial_interfaces/msg/detail/point_array__functions.h
[1.032s] -- Up-to-date: /home/harshit/mrt_ws/install/tutorial_interfaces/include/tutorial_interfaces/tutorial_interfaces/msg/detail/point2_d__type_support.h
[1.032s] -- Up-to-date: /home/harshit/mrt_ws/install/tutorial_interfaces/include/tutorial_interfaces/tutorial_interfaces/msg/detail/sphere__functions.h
[1.032s] -- Up-to-date: /home/harshit/mrt_ws/install/tutorial_interfaces/include/tutorial_interfaces/tutorial_interfaces/msg/detail/point_array__type_support.h
[1.033s] -- Up-to-date: /home/harshit/mrt_ws/install/tutorial_interfaces/include/tutorial_interfaces/tutorial_interfaces/msg/detail/sphere__functions.c
[1.033s] -- Up-to-date: /home/harshit/mrt_ws/install/tutorial_interfaces/include/tutorial_interfaces/tutorial_interfaces/msg/detail/point__type_support.h
[1.033s] -- Up-to-date: /home/harshit/mrt_ws/install/tutorial_interfaces/include/tutorial_interfaces/tutorial_interfaces/msg/detail/point2_d__struct.h
[1.034s] -- Up-to-date: /home/harshit/mrt_ws/install/tutorial_interfaces/include/tutorial_interfaces/tutorial_interfaces/msg/detail/point2_d__functions.c
[1.034s] -- Up-to-date: /home/harshit/mrt_ws/install/tutorial_interfaces/include/tutorial_interfaces/tutorial_interfaces/msg/detail/image_bounds__struct.h
[1.034s] -- Up-to-date: /home/harshit/mrt_ws/install/tutorial_interfaces/include/tutorial_interfaces/tutorial_interfaces/msg/detail/point_array__functions.c
[1.035s] -- Up-to-date: /home/harshit/mrt_ws/install/tutorial_interfaces/include/tutorial_interfaces/tutorial_interfaces/msg/detail/image_bounds__functions.h
[1.035s] -- Up-to-date: /home/harshit/mrt_ws/install/tutorial_interfaces/include/tutorial_interfaces/tutorial_interfaces/msg/detail/point2_d__functions.h
[1.035s] -- Up-to-date: /home/harshit/mrt_ws/install/tutorial_interfaces/include/tutorial_interfaces/tutorial_interfaces/msg/detail/image_bounds__type_support.h
[1.036s] -- Up-to-date: /home/harshit/mrt_ws/install/tutorial_interfaces/include/tutorial_interfaces/tutorial_interfaces/msg/image_bounds.h
[1.036s] -- Up-to-date: /home/harshit/mrt_ws/install/tutorial_interfaces/include/tutorial_interfaces/tutorial_interfaces/msg/point.h
[1.036s] -- Up-to-date: /home/harshit/mrt_ws/install/tutorial_interfaces/include/tutorial_interfaces/tutorial_interfaces/msg/point_array.h
[1.036s] -- Up-to-date: /home/harshit/mrt_ws/install/tutorial_interfaces/include/tutorial_interfaces/tutorial_interfaces/msg/point2_d.h
[1.036s] -- Up-to-date: /home/harshit/mrt_ws/install/tutorial_interfaces/include/tutorial_interfaces/tutorial_interfaces/msg/num.h
[1.036s] -- Up-to-date: /home/harshit/mrt_ws/install/tutorial_interfaces/share/tutorial_interfaces/environment/library_path.sh
[1.037s] -- Up-to-date: /home/harshit/mrt_ws/install/tutorial_interfaces/share/tutorial_interfaces/environment/library_path.dsv
[1.037s] -- Up-to-date: /home/harshit/mrt_ws/install/tutorial_interfaces/lib/libtutorial_interfaces__rosidl_generator_c.so
[1.037s] -- Up-to-date: /home/harshit/mrt_ws/install/tutorial_interfaces/include/tutorial_interfaces/tutorial_interfaces
[1.037s] -- Up-to-date: /home/harshit/mrt_ws/install/tutorial_interfaces/include/tutorial_interfaces/tutorial_interfaces/srv
[1.037s] -- Up-to-date: /home/harshit/mrt_ws/install/tutorial_interfaces/include/tutorial_interfaces/tutorial_interfaces/srv/detail
[1.037s] -- Up-to-date: /home/harshit/mrt_ws/install/tutorial_interfaces/include/tutorial_interfaces/tutorial_interfaces/srv/detail/add_three_ints__rosidl_typesupport_fastrtps_c.h
[1.037s] -- Up-to-date: /home/harshit/mrt_ws/install/tutorial_interfaces/include/tutorial_interfaces/tutorial_interfaces/srv/detail/process_image__rosidl_typesupport_fastrtps_c.h
[1.038s] -- Up-to-date: /home/harshit/mrt_ws/install/tutorial_interfaces/include/tutorial_interfaces/tutorial_interfaces/msg
[1.038s] -- Up-to-date: /home/harshit/mrt_ws/install/tutorial_interfaces/include/tutorial_interfaces/tutorial_interfaces/msg/detail
[1.038s] -- Up-to-date: /home/harshit/mrt_ws/install/tutorial_interfaces/include/tutorial_interfaces/tutorial_interfaces/msg/detail/point_array__rosidl_typesupport_fastrtps_c.h
[1.038s] -- Up-to-date: /home/harshit/mrt_ws/install/tutorial_interfaces/include/tutorial_interfaces/tutorial_interfaces/msg/detail/num__rosidl_typesupport_fastrtps_c.h
[1.039s] -- Up-to-date: /home/harshit/mrt_ws/install/tutorial_interfaces/include/tutorial_interfaces/tutorial_interfaces/msg/detail/image_bounds__rosidl_typesupport_fastrtps_c.h
[1.039s] -- Up-to-date: /home/harshit/mrt_ws/install/tutorial_interfaces/include/tutorial_interfaces/tutorial_interfaces/msg/detail/point__rosidl_typesupport_fastrtps_c.h
[1.039s] -- Up-to-date: /home/harshit/mrt_ws/install/tutorial_interfaces/include/tutorial_interfaces/tutorial_interfaces/msg/detail/point2_d__rosidl_typesupport_fastrtps_c.h
[1.039s] -- Up-to-date: /home/harshit/mrt_ws/install/tutorial_interfaces/include/tutorial_interfaces/tutorial_interfaces/msg/detail/sphere__rosidl_typesupport_fastrtps_c.h
[1.040s] -- Up-to-date: /home/harshit/mrt_ws/install/tutorial_interfaces/include/tutorial_interfaces/tutorial_interfaces/msg/rosidl_typesupport_fastrtps_c__visibility_control.h
[1.040s] -- Up-to-date: /home/harshit/mrt_ws/install/tutorial_interfaces/lib/libtutorial_interfaces__rosidl_typesupport_fastrtps_c.so
[1.040s] -- Up-to-date: /home/harshit/mrt_ws/install/tutorial_interfaces/include/tutorial_interfaces/tutorial_interfaces
[1.041s] -- Up-to-date: /home/harshit/mrt_ws/install/tutorial_interfaces/include/tutorial_interfaces/tutorial_interfaces/srv
[1.041s] -- Up-to-date: /home/harshit/mrt_ws/install/tutorial_interfaces/include/tutorial_interfaces/tutorial_interfaces/srv/detail
[1.041s] -- Up-to-date: /home/harshit/mrt_ws/install/tutorial_interfaces/include/tutorial_interfaces/tutorial_interfaces/srv/detail/process_image__type_support.c
[1.041s] -- Up-to-date: /home/harshit/mrt_ws/install/tutorial_interfaces/include/tutorial_interfaces/tutorial_interfaces/srv/detail/process_image__rosidl_typesupport_introspection_c.h
[1.041s] -- Up-to-date: /home/harshit/mrt_ws/install/tutorial_interfaces/include/tutorial_interfaces/tutorial_interfaces/srv/detail/add_three_ints__type_support.c
[1.041s] -- Up-to-date: /home/harshit/mrt_ws/install/tutorial_interfaces/include/tutorial_interfaces/tutorial_interfaces/srv/detail/add_three_ints__rosidl_typesupport_introspection_c.h
[1.041s] -- Up-to-date: /home/harshit/mrt_ws/install/tutorial_interfaces/include/tutorial_interfaces/tutorial_interfaces/msg
[1.042s] -- Up-to-date: /home/harshit/mrt_ws/install/tutorial_interfaces/include/tutorial_interfaces/tutorial_interfaces/msg/rosidl_typesupport_introspection_c__visibility_control.h
[1.042s] -- Up-to-date: /home/harshit/mrt_ws/install/tutorial_interfaces/include/tutorial_interfaces/tutorial_interfaces/msg/detail
[1.042s] -- Up-to-date: /home/harshit/mrt_ws/install/tutorial_interfaces/include/tutorial_interfaces/tutorial_interfaces/msg/detail/image_bounds__type_support.c
[1.042s] -- Up-to-date: /home/harshit/mrt_ws/install/tutorial_interfaces/include/tutorial_interfaces/tutorial_interfaces/msg/detail/point_array__rosidl_typesupport_introspection_c.h
[1.042s] -- Up-to-date: /home/harshit/mrt_ws/install/tutorial_interfaces/include/tutorial_interfaces/tutorial_interfaces/msg/detail/point2_d__rosidl_typesupport_introspection_c.h
[1.043s] -- Up-to-date: /home/harshit/mrt_ws/install/tutorial_interfaces/include/tutorial_interfaces/tutorial_interfaces/msg/detail/point2_d__type_support.c
[1.043s] -- Up-to-date: /home/harshit/mrt_ws/install/tutorial_interfaces/include/tutorial_interfaces/tutorial_interfaces/msg/detail/num__type_support.c
[1.043s] -- Up-to-date: /home/harshit/mrt_ws/install/tutorial_interfaces/include/tutorial_interfaces/tutorial_interfaces/msg/detail/num__rosidl_typesupport_introspection_c.h
[1.043s] -- Up-to-date: /home/harshit/mrt_ws/install/tutorial_interfaces/include/tutorial_interfaces/tutorial_interfaces/msg/detail/point__type_support.c
[1.043s] -- Up-to-date: /home/harshit/mrt_ws/install/tutorial_interfaces/include/tutorial_interfaces/tutorial_interfaces/msg/detail/sphere__rosidl_typesupport_introspection_c.h
[1.043s] -- Up-to-date: /home/harshit/mrt_ws/install/tutorial_interfaces/include/tutorial_interfaces/tutorial_interfaces/msg/detail/sphere__type_support.c
[1.044s] -- Up-to-date: /home/harshit/mrt_ws/install/tutorial_interfaces/include/tutorial_interfaces/tutorial_interfaces/msg/detail/point__rosidl_typesupport_introspection_c.h
[1.044s] -- Up-to-date: /home/harshit/mrt_ws/install/tutorial_interfaces/include/tutorial_interfaces/tutorial_interfaces/msg/detail/image_bounds__rosidl_typesupport_introspection_c.h
[1.044s] -- Up-to-date: /home/harshit/mrt_ws/install/tutorial_interfaces/include/tutorial_interfaces/tutorial_interfaces/msg/detail/point_array__type_support.c
[1.044s] -- Up-to-date: /home/harshit/mrt_ws/install/tutorial_interfaces/lib/libtutorial_interfaces__rosidl_typesupport_introspection_c.so
[1.044s] -- Up-to-date: /home/harshit/mrt_ws/install/tutorial_interfaces/lib/libtutorial_interfaces__rosidl_typesupport_c.so
[1.044s] -- Up-to-date: /home/harshit/mrt_ws/install/tutorial_interfaces/include/tutorial_interfaces/tutorial_interfaces
[1.044s] -- Up-to-date: /home/harshit/mrt_ws/install/tutorial_interfaces/include/tutorial_interfaces/tutorial_interfaces/srv
[1.044s] -- Up-to-date: /home/harshit/mrt_ws/install/tutorial_interfaces/include/tutorial_interfaces/tutorial_interfaces/srv/process_image.hpp
[1.045s] -- Up-to-date: /home/harshit/mrt_ws/install/tutorial_interfaces/include/tutorial_interfaces/tutorial_interfaces/srv/detail
[1.045s] -- Up-to-date: /home/harshit/mrt_ws/install/tutorial_interfaces/include/tutorial_interfaces/tutorial_interfaces/srv/detail/process_image__builder.hpp
[1.045s] -- Up-to-date: /home/harshit/mrt_ws/install/tutorial_interfaces/include/tutorial_interfaces/tutorial_interfaces/srv/detail/add_three_ints__builder.hpp
[1.045s] -- Up-to-date: /home/harshit/mrt_ws/install/tutorial_interfaces/include/tutorial_interfaces/tutorial_interfaces/srv/detail/add_three_ints__traits.hpp
[1.045s] -- Up-to-date: /home/harshit/mrt_ws/install/tutorial_interfaces/include/tutorial_interfaces/tutorial_interfaces/srv/detail/process_image__traits.hpp
[1.045s] -- Up-to-date: /home/harshit/mrt_ws/install/tutorial_interfaces/include/tutorial_interfaces/tutorial_interfaces/srv/detail/add_three_ints__struct.hpp
[1.046s] -- Up-to-date: /home/harshit/mrt_ws/install/tutorial_interfaces/include/tutorial_interfaces/tutorial_interfaces/srv/detail/process_image__struct.hpp
[1.046s] -- Up-to-date: /home/harshit/mrt_ws/install/tutorial_interfaces/include/tutorial_interfaces/tutorial_interfaces/srv/add_three_ints.hpp
[1.046s] -- Up-to-date: /home/harshit/mrt_ws/install/tutorial_interfaces/include/tutorial_interfaces/tutorial_interfaces/msg
[1.046s] -- Up-to-date: /home/harshit/mrt_ws/install/tutorial_interfaces/include/tutorial_interfaces/tutorial_interfaces/msg/point2_d.hpp
[1.046s] -- Up-to-date: /home/harshit/mrt_ws/install/tutorial_interfaces/include/tutorial_interfaces/tutorial_interfaces/msg/point_array.hpp
[1.046s] -- Up-to-date: /home/harshit/mrt_ws/install/tutorial_interfaces/include/tutorial_interfaces/tutorial_interfaces/msg/image_bounds.hpp
[1.046s] -- Up-to-date: /home/harshit/mrt_ws/install/tutorial_interfaces/include/tutorial_interfaces/tutorial_interfaces/msg/detail
[1.047s] -- Up-to-date: /home/harshit/mrt_ws/install/tutorial_interfaces/include/tutorial_interfaces/tutorial_interfaces/msg/detail/point_array__builder.hpp
[1.047s] -- Up-to-date: /home/harshit/mrt_ws/install/tutorial_interfaces/include/tutorial_interfaces/tutorial_interfaces/msg/detail/sphere__struct.hpp
[1.047s] -- Up-to-date: /home/harshit/mrt_ws/install/tutorial_interfaces/include/tutorial_interfaces/tutorial_interfaces/msg/detail/point2_d__struct.hpp
[1.047s] -- Up-to-date: /home/harshit/mrt_ws/install/tutorial_interfaces/include/tutorial_interfaces/tutorial_interfaces/msg/detail/image_bounds__struct.hpp
[1.047s] -- Up-to-date: /home/harshit/mrt_ws/install/tutorial_interfaces/include/tutorial_interfaces/tutorial_interfaces/msg/detail/sphere__builder.hpp
[1.047s] -- Up-to-date: /home/harshit/mrt_ws/install/tutorial_interfaces/include/tutorial_interfaces/tutorial_interfaces/msg/detail/point__struct.hpp
[1.047s] -- Up-to-date: /home/harshit/mrt_ws/install/tutorial_interfaces/include/tutorial_interfaces/tutorial_interfaces/msg/detail/num__struct.hpp
[1.048s] -- Up-to-date: /home/harshit/mrt_ws/install/tutorial_interfaces/include/tutorial_interfaces/tutorial_interfaces/msg/detail/point_array__struct.hpp
[1.048s] -- Up-to-date: /home/harshit/mrt_ws/install/tutorial_interfaces/include/tutorial_interfaces/tutorial_interfaces/msg/detail/image_bounds__builder.hpp
[1.048s] -- Up-to-date: /home/harshit/mrt_ws/install/tutorial_interfaces/include/tutorial_interfaces/tutorial_interfaces/msg/detail/image_bounds__traits.hpp
[1.048s] -- Up-to-date: /home/harshit/mrt_ws/install/tutorial_interfaces/include/tutorial_interfaces/tutorial_interfaces/msg/detail/num__traits.hpp
[1.048s] -- Up-to-date: /home/harshit/mrt_ws/install/tutorial_interfaces/include/tutorial_interfaces/tutorial_interfaces/msg/detail/point2_d__traits.hpp
[1.048s] -- Up-to-date: /home/harshit/mrt_ws/install/tutorial_interfaces/include/tutorial_interfaces/tutorial_interfaces/msg/detail/num__builder.hpp
[1.049s] -- Up-to-date: /home/harshit/mrt_ws/install/tutorial_interfaces/include/tutorial_interfaces/tutorial_interfaces/msg/detail/sphere__traits.hpp
[1.049s] -- Up-to-date: /home/harshit/mrt_ws/install/tutorial_interfaces/include/tutorial_interfaces/tutorial_interfaces/msg/detail/point_array__traits.hpp
[1.049s] -- Up-to-date: /home/harshit/mrt_ws/install/tutorial_interfaces/include/tutorial_interfaces/tutorial_interfaces/msg/detail/point2_d__builder.hpp
[1.049s] -- Up-to-date: /home/harshit/mrt_ws/install/tutorial_interfaces/include/tutorial_interfaces/tutorial_interfaces/msg/detail/point__traits.hpp
[1.049s] -- Up-to-date: /home/harshit/mrt_ws/install/tutorial_interfaces/include/tutorial_interfaces/tutorial_interfaces/msg/detail/point__builder.hpp
[1.050s] -- Up-to-date: /home/harshit/mrt_ws/install/tutorial_interfaces/include/tutorial_interfaces/tutorial_interfaces/msg/point.hpp
[1.050s] -- Up-to-date: /home/harshit/mrt_ws/install/tutorial_interfaces/include/tutorial_interfaces/tutorial_interfaces/msg/sphere.hpp
[1.050s] -- Up-to-date: /home/harshit/mrt_ws/install/tutorial_interfaces/include/tutorial_interfaces/tutorial_interfaces/msg/num.hpp
[1.050s] -- Up-to-date: /home/harshit/mrt_ws/install/tutorial_interfaces/include/tutorial_interfaces/tutorial_interfaces
[1.051s] -- Up-to-date: /home/harshit/mrt_ws/install/tutorial_interfaces/include/tutorial_interfaces/tutorial_interfaces/srv
[1.051s] -- Up-to-date: /home/harshit/mrt_ws/install/tutorial_interfaces/include/tutorial_interfaces/tutorial_interfaces/srv/detail
[1.051s] -- Up-to-date: /home/harshit/mrt_ws/install/tutorial_interfaces/include/tutorial_interfaces/tutorial_interfaces/srv/detail/add_three_ints__rosidl_typesupport_fastrtps_cpp.hpp
[1.051s] -- Up-to-date: /home/harshit/mrt_ws/install/tutorial_interfaces/include/tutorial_interfaces/tutorial_interfaces/srv/detail/process_image__rosidl_typesupport_fastrtps_cpp.hpp
[1.052s] -- Up-to-date: /home/harshit/mrt_ws/install/tutorial_interfaces/include/tutorial_interfaces/tutorial_interfaces/srv/detail/dds_fastrtps
[1.052s] -- Up-to-date: /home/harshit/mrt_ws/install/tutorial_interfaces/include/tutorial_interfaces/tutorial_interfaces/msg
[1.052s] -- Up-to-date: /home/harshit/mrt_ws/install/tutorial_interfaces/include/tutorial_interfaces/tutorial_interfaces/msg/rosidl_typesupport_fastrtps_cpp__visibility_control.h
[1.052s] -- Up-to-date: /home/harshit/mrt_ws/install/tutorial_interfaces/include/tutorial_interfaces/tutorial_interfaces/msg/detail
[1.052s] -- Up-to-date: /home/harshit/mrt_ws/install/tutorial_interfaces/include/tutorial_interfaces/tutorial_interfaces/msg/detail/point2_d__rosidl_typesupport_fastrtps_cpp.hpp
[1.053s] -- Up-to-date: /home/harshit/mrt_ws/install/tutorial_interfaces/include/tutorial_interfaces/tutorial_interfaces/msg/detail/point__rosidl_typesupport_fastrtps_cpp.hpp
[1.053s] -- Up-to-date: /home/harshit/mrt_ws/install/tutorial_interfaces/include/tutorial_interfaces/tutorial_interfaces/msg/detail/num__rosidl_typesupport_fastrtps_cpp.hpp
[1.053s] -- Up-to-date: /home/harshit/mrt_ws/install/tutorial_interfaces/include/tutorial_interfaces/tutorial_interfaces/msg/detail/sphere__rosidl_typesupport_fastrtps_cpp.hpp
[1.053s] -- Up-to-date: /home/harshit/mrt_ws/install/tutorial_interfaces/include/tutorial_interfaces/tutorial_interfaces/msg/detail/image_bounds__rosidl_typesupport_fastrtps_cpp.hpp
[1.053s] -- Up-to-date: /home/harshit/mrt_ws/install/tutorial_interfaces/include/tutorial_interfaces/tutorial_interfaces/msg/detail/point_array__rosidl_typesupport_fastrtps_cpp.hpp
[1.053s] -- Up-to-date: /home/harshit/mrt_ws/install/tutorial_interfaces/include/tutorial_interfaces/tutorial_interfaces/msg/detail/dds_fastrtps
[1.054s] -- Up-to-date: /home/harshit/mrt_ws/install/tutorial_interfaces/lib/libtutorial_interfaces__rosidl_typesupport_fastrtps_cpp.so
[1.054s] -- Up-to-date: /home/harshit/mrt_ws/install/tutorial_interfaces/include/tutorial_interfaces/tutorial_interfaces
[1.054s] -- Up-to-date: /home/harshit/mrt_ws/install/tutorial_interfaces/include/tutorial_interfaces/tutorial_interfaces/srv
[1.054s] -- Up-to-date: /home/harshit/mrt_ws/install/tutorial_interfaces/include/tutorial_interfaces/tutorial_interfaces/srv/detail
[1.054s] -- Up-to-date: /home/harshit/mrt_ws/install/tutorial_interfaces/include/tutorial_interfaces/tutorial_interfaces/srv/detail/process_image__rosidl_typesupport_introspection_cpp.hpp
[1.055s] -- Up-to-date: /home/harshit/mrt_ws/install/tutorial_interfaces/include/tutorial_interfaces/tutorial_interfaces/srv/detail/add_three_ints__type_support.cpp
[1.055s] -- Up-to-date: /home/harshit/mrt_ws/install/tutorial_interfaces/include/tutorial_interfaces/tutorial_interfaces/srv/detail/process_image__type_support.cpp
[1.055s] -- Up-to-date: /home/harshit/mrt_ws/install/tutorial_interfaces/include/tutorial_interfaces/tutorial_interfaces/srv/detail/add_three_ints__rosidl_typesupport_introspection_cpp.hpp
[1.055s] -- Up-to-date: /home/harshit/mrt_ws/install/tutorial_interfaces/include/tutorial_interfaces/tutorial_interfaces/msg
[1.055s] -- Up-to-date: /home/harshit/mrt_ws/install/tutorial_interfaces/include/tutorial_interfaces/tutorial_interfaces/msg/detail
[1.056s] -- Up-to-date: /home/harshit/mrt_ws/install/tutorial_interfaces/include/tutorial_interfaces/tutorial_interfaces/msg/detail/num__type_support.cpp
[1.056s] -- Up-to-date: /home/harshit/mrt_ws/install/tutorial_interfaces/include/tutorial_interfaces/tutorial_interfaces/msg/detail/image_bounds__rosidl_typesupport_introspection_cpp.hpp
[1.056s] -- Up-to-date: /home/harshit/mrt_ws/install/tutorial_interfaces/include/tutorial_interfaces/tutorial_interfaces/msg/detail/point__type_support.cpp
[1.056s] -- Up-to-date: /home/harshit/mrt_ws/install/tutorial_interfaces/include/tutorial_interfaces/tutorial_interfaces/msg/detail/num__rosidl_typesupport_introspection_cpp.hpp
[1.056s] -- Up-to-date: /home/harshit/mrt_ws/install/tutorial_interfaces/include/tutorial_interfaces/tutorial_interfaces/msg/detail/point_array__type_support.cpp
[1.057s] -- Up-to-date: /home/harshit/mrt_ws/install/tutorial_interfaces/include/tutorial_interfaces/tutorial_interfaces/msg/detail/point_array__rosidl_typesupport_introspection_cpp.hpp
[1.057s] -- Up-to-date: /home/harshit/mrt_ws/install/tutorial_interfaces/include/tutorial_interfaces/tutorial_interfaces/msg/detail/image_bounds__type_support.cpp
[1.057s] -- Up-to-date: /home/harshit/mrt_ws/install/tutorial_interfaces/include/tutorial_interfaces/tutorial_interfaces/msg/detail/point2_d__type_support.cpp
[1.057s] -- Up-to-date: /home/harshit/mrt_ws/install/tutorial_interfaces/include/tutorial_interfaces/tutorial_interfaces/msg/detail/sphere__rosidl_typesupport_introspection_cpp.hpp
[1.057s] -- Up-to-date: /home/harshit/mrt_ws/install/tutorial_interfaces/include/tutorial_interfaces/tutorial_interfaces/msg/detail/point2_d__rosidl_typesupport_introspection_cpp.hpp
[1.058s] -- Up-to-date: /home/harshit/mrt_ws/install/tutorial_interfaces/include/tutorial_interfaces/tutorial_interfaces/msg/detail/sphere__type_support.cpp
[1.058s] -- Up-to-date: /home/harshit/mrt_ws/install/tutorial_interfaces/include/tutorial_interfaces/tutorial_interfaces/msg/detail/point__rosidl_typesupport_introspection_cpp.hpp
[1.058s] -- Up-to-date: /home/harshit/mrt_ws/install/tutorial_interfaces/lib/libtutorial_interfaces__rosidl_typesupport_introspection_cpp.so
[1.058s] -- Up-to-date: /home/harshit/mrt_ws/install/tutorial_interfaces/lib/libtutorial_interfaces__rosidl_typesupport_cpp.so
[1.058s] -- Up-to-date: /home/harshit/mrt_ws/install/tutorial_interfaces/share/tutorial_interfaces/environment/pythonpath.sh
[1.059s] -- Up-to-date: /home/harshit/mrt_ws/install/tutorial_interfaces/share/tutorial_interfaces/environment/pythonpath.dsv
[1.059s] -- Up-to-date: /home/harshit/mrt_ws/install/tutorial_interfaces/local/lib/python3.10/dist-packages/tutorial_interfaces-0.0.0-py3.10.egg-info
[1.059s] -- Installing: /home/harshit/mrt_ws/install/tutorial_interfaces/local/lib/python3.10/dist-packages/tutorial_interfaces-0.0.0-py3.10.egg-info/top_level.txt
[1.059s] -- Installing: /home/harshit/mrt_ws/install/tutorial_interfaces/local/lib/python3.10/dist-packages/tutorial_interfaces-0.0.0-py3.10.egg-info/SOURCES.txt
[1.059s] -- Installing: /home/harshit/mrt_ws/install/tutorial_interfaces/local/lib/python3.10/dist-packages/tutorial_interfaces-0.0.0-py3.10.egg-info/dependency_links.txt
[1.060s] -- Installing: /home/harshit/mrt_ws/install/tutorial_interfaces/local/lib/python3.10/dist-packages/tutorial_interfaces-0.0.0-py3.10.egg-info/PKG-INFO
[1.060s] -- Up-to-date: /home/harshit/mrt_ws/install/tutorial_interfaces/local/lib/python3.10/dist-packages/tutorial_interfaces
[1.060s] -- Up-to-date: /home/harshit/mrt_ws/install/tutorial_interfaces/local/lib/python3.10/dist-packages/tutorial_interfaces/srv
[1.060s] -- Up-to-date: /home/harshit/mrt_ws/install/tutorial_interfaces/local/lib/python3.10/dist-packages/tutorial_interfaces/srv/_add_three_ints.py
[1.061s] -- Up-to-date: /home/harshit/mrt_ws/install/tutorial_interfaces/local/lib/python3.10/dist-packages/tutorial_interfaces/srv/_add_three_ints_s.c
[1.061s] -- Up-to-date: /home/harshit/mrt_ws/install/tutorial_interfaces/local/lib/python3.10/dist-packages/tutorial_interfaces/srv/_process_image.py
[1.061s] -- Up-to-date: /home/harshit/mrt_ws/install/tutorial_interfaces/local/lib/python3.10/dist-packages/tutorial_interfaces/srv/_process_image_s.c
[1.061s] -- Up-to-date: /home/harshit/mrt_ws/install/tutorial_interfaces/local/lib/python3.10/dist-packages/tutorial_interfaces/srv/__init__.py
[1.061s] -- Up-to-date: /home/harshit/mrt_ws/install/tutorial_interfaces/local/lib/python3.10/dist-packages/tutorial_interfaces/_tutorial_interfaces_s.ep.rosidl_typesupport_c.c
[1.062s] -- Up-to-date: /home/harshit/mrt_ws/install/tutorial_interfaces/local/lib/python3.10/dist-packages/tutorial_interfaces/tutorial_interfaces_s__rosidl_typesupport_introspection_c.cpython-310-x86_64-linux-gnu.so
[1.062s] -- Up-to-date: /home/harshit/mrt_ws/install/tutorial_interfaces/local/lib/python3.10/dist-packages/tutorial_interfaces/_tutorial_interfaces_s.ep.rosidl_typesupport_introspection_c.c
[1.062s] -- Up-to-date: /home/harshit/mrt_ws/install/tutorial_interfaces/local/lib/python3.10/dist-packages/tutorial_interfaces/msg
[1.062s] -- Up-to-date: /home/harshit/mrt_ws/install/tutorial_interfaces/local/lib/python3.10/dist-packages/tutorial_interfaces/msg/_point2_d_s.c
[1.062s] -- Up-to-date: /home/harshit/mrt_ws/install/tutorial_interfaces/local/lib/python3.10/dist-packages/tutorial_interfaces/msg/_num_s.c
[1.063s] -- Up-to-date: /home/harshit/mrt_ws/install/tutorial_interfaces/local/lib/python3.10/dist-packages/tutorial_interfaces/msg/_point_s.c
[1.063s] -- Up-to-date: /home/harshit/mrt_ws/install/tutorial_interfaces/local/lib/python3.10/dist-packages/tutorial_interfaces/msg/_point_array_s.c
[1.063s] -- Up-to-date: /home/harshit/mrt_ws/install/tutorial_interfaces/local/lib/python3.10/dist-packages/tutorial_interfaces/msg/_image_bounds_s.c
[1.063s] -- Up-to-date: /home/harshit/mrt_ws/install/tutorial_interfaces/local/lib/python3.10/dist-packages/tutorial_interfaces/msg/_num.py
[1.063s] -- Up-to-date: /home/harshit/mrt_ws/install/tutorial_interfaces/local/lib/python3.10/dist-packages/tutorial_interfaces/msg/_sphere_s.c
[1.064s] -- Up-to-date: /home/harshit/mrt_ws/install/tutorial_interfaces/local/lib/python3.10/dist-packages/tutorial_interfaces/msg/_point.py
[1.064s] -- Up-to-date: /home/harshit/mrt_ws/install/tutorial_interfaces/local/lib/python3.10/dist-packages/tutorial_interfaces/msg/_point_array.py
[1.064s] -- Up-to-date: /home/harshit/mrt_ws/install/tutorial_interfaces/local/lib/python3.10/dist-packages/tutorial_interfaces/msg/_image_bounds.py
[1.064s] -- Up-to-date: /home/harshit/mrt_ws/install/tutorial_interfaces/local/lib/python3.10/dist-packages/tutorial_interfaces/msg/_sphere.py
[1.064s] -- Up-to-date: /home/harshit/mrt_ws/install/tutorial_interfaces/local/lib/python3.10/dist-packages/tutorial_interfaces/msg/__init__.py
[1.065s] -- Up-to-date: /home/harshit/mrt_ws/install/tutorial_interfaces/local/lib/python3.10/dist-packages/tutorial_interfaces/msg/_point2_d.py
[1.065s] -- Up-to-date: /home/harshit/mrt_ws/install/tutorial_interfaces/local/lib/python3.10/dist-packages/tutorial_interfaces/tutorial_interfaces_s__rosidl_typesupport_fastrtps_c.cpython-310-x86_64-linux-gnu.so
[1.065s] -- Up-to-date: /home/harshit/mrt_ws/install/tutorial_interfaces/local/lib/python3.10/dist-packages/tutorial_interfaces/libtutorial_interfaces__rosidl_generator_py.so
[1.065s] -- Up-to-date: /home/harshit/mrt_ws/install/tutorial_interfaces/local/lib/python3.10/dist-packages/tutorial_interfaces/tutorial_interfaces_s__rosidl_typesupport_c.cpython-310-x86_64-linux-gnu.so
[1.065s] -- Up-to-date: /home/harshit/mrt_ws/install/tutorial_interfaces/local/lib/python3.10/dist-packages/tutorial_interfaces/_tutorial_interfaces_s.ep.rosidl_typesupport_fastrtps_c.c
[1.066s] -- Up-to-date: /home/harshit/mrt_ws/install/tutorial_interfaces/local/lib/python3.10/dist-packages/tutorial_interfaces/__init__.py
[1.125s] Listing '/home/harshit/mrt_ws/install/tutorial_interfaces/local/lib/python3.10/dist-packages/tutorial_interfaces'...
[1.125s] Listing '/home/harshit/mrt_ws/install/tutorial_interfaces/local/lib/python3.10/dist-packages/tutorial_interfaces/msg'...
[1.126s] Listing '/home/harshit/mrt_ws/install/tutorial_interfaces/local/lib/python3.10/dist-packages/tutorial_interfaces/srv'...
[1.134s] -- Up-to-date: /home/harshit/mrt_ws/install/tutorial_interfaces/local/lib/python3.10/dist-packages/tutorial_interfaces/tutorial_interfaces_s__rosidl_typesupport_fastrtps_c.cpython-310-x86_64-linux-gnu.so
[1.135s] -- Up-to-date: /home/harshit/mrt_ws/install/tutorial_interfaces/local/lib/python3.10/dist-packages/tutorial_interfaces/tutorial_interfaces_s__rosidl_typesupport_introspection_c.cpython-310-x86_64-linux-gnu.so
[1.136s] -- Up-to-date: /home/harshit/mrt_ws/install/tutorial_interfaces/local/lib/python3.10/dist-packages/tutorial_interfaces/tutorial_interfaces_s__rosidl_typesupport_c.cpython-310-x86_64-linux-gnu.so
[1.138s] -- Up-to-date: /home/harshit/mrt_ws/install/tutorial_interfaces/lib/libtutorial_interfaces__rosidl_generator_py.so
[1.138s] -- Up-to-date: /home/harshit/mrt_ws/install/tutorial_interfaces/share/tutorial_interfaces/msg/Point.idl
[1.138s] -- Up-to-date: /home/harshit/mrt_ws/install/tutorial_interfaces/share/tutorial_interfaces/msg/PointArray.idl
[1.139s] -- Up-to-date: /home/harshit/mrt_ws/install/tutorial_interfaces/share/tutorial_interfaces/msg/ImageBounds.idl
[1.139s] -- Up-to-date: /home/harshit/mrt_ws/install/tutorial_interfaces/share/tutorial_interfaces/srv/ProcessImage.idl
[1.139s] -- Up-to-date: /home/harshit/mrt_ws/install/tutorial_interfaces/share/tutorial_interfaces/msg/Point.msg
[1.139s] -- Up-to-date: /home/harshit/mrt_ws/install/tutorial_interfaces/share/tutorial_interfaces/msg/PointArray.msg
[1.139s] -- Up-to-date: /home/harshit/mrt_ws/install/tutorial_interfaces/share/tutorial_interfaces/msg/ImageBounds.msg
[1.139s] -- Up-to-date: /home/harshit/mrt_ws/install/tutorial_interfaces/share/tutorial_interfaces/srv/ProcessImage.srv
[1.140s] -- Up-to-date: /home/harshit/mrt_ws/install/tutorial_interfaces/share/tutorial_interfaces/srv/ProcessImage_Request.msg
[1.140s] -- Up-to-date: /home/harshit/mrt_ws/install/tutorial_interfaces/share/tutorial_interfaces/srv/ProcessImage_Response.msg
[1.140s] -- Up-to-date: /home/harshit/mrt_ws/install/tutorial_interfaces/share/ament_index/resource_index/package_run_dependencies/tutorial_interfaces
[1.140s] -- Up-to-date: /home/harshit/mrt_ws/install/tutorial_interfaces/share/ament_index/resource_index/parent_prefix_path/tutorial_interfaces
[1.140s] -- Up-to-date: /home/harshit/mrt_ws/install/tutorial_interfaces/share/tutorial_interfaces/environment/ament_prefix_path.sh
[1.141s] -- Up-to-date: /home/harshit/mrt_ws/install/tutorial_interfaces/share/tutorial_interfaces/environment/ament_prefix_path.dsv
[1.141s] -- Up-to-date: /home/harshit/mrt_ws/install/tutorial_interfaces/share/tutorial_interfaces/environment/path.sh
[1.141s] -- Up-to-date: /home/harshit/mrt_ws/install/tutorial_interfaces/share/tutorial_interfaces/environment/path.dsv
[1.141s] -- Up-to-date: /home/harshit/mrt_ws/install/tutorial_interfaces/share/tutorial_interfaces/local_setup.bash
[1.141s] -- Up-to-date: /home/harshit/mrt_ws/install/tutorial_interfaces/share/tutorial_interfaces/local_setup.sh
[1.141s] -- Up-to-date: /home/harshit/mrt_ws/install/tutorial_interfaces/share/tutorial_interfaces/local_setup.zsh
[1.141s] -- Up-to-date: /home/harshit/mrt_ws/install/tutorial_interfaces/share/tutorial_interfaces/local_setup.dsv
[1.142s] -- Installing: /home/harshit/mrt_ws/install/tutorial_interfaces/share/tutorial_interfaces/package.dsv
[1.142s] -- Up-to-date: /home/harshit/mrt_ws/install/tutorial_interfaces/share/ament_index/resource_index/packages/tutorial_interfaces
[1.142s] -- Up-to-date: /home/harshit/mrt_ws/install/tutorial_interfaces/share/tutorial_interfaces/cmake/export_tutorial_interfaces__rosidl_generator_cExport.cmake
[1.142s] -- Up-to-date: /home/harshit/mrt_ws/install/tutorial_interfaces/share/tutorial_interfaces/cmake/export_tutorial_interfaces__rosidl_generator_cExport-noconfig.cmake
[1.143s] -- Up-to-date: /home/harshit/mrt_ws/install/tutorial_interfaces/share/tutorial_interfaces/cmake/export_tutorial_interfaces__rosidl_typesupport_fastrtps_cExport.cmake
[1.143s] -- Up-to-date: /home/harshit/mrt_ws/install/tutorial_interfaces/share/tutorial_interfaces/cmake/export_tutorial_interfaces__rosidl_typesupport_fastrtps_cExport-noconfig.cmake
[1.143s] -- Up-to-date: /home/harshit/mrt_ws/install/tutorial_interfaces/share/tutorial_interfaces/cmake/tutorial_interfaces__rosidl_typesupport_introspection_cExport.cmake
[1.144s] -- Up-to-date: /home/harshit/mrt_ws/install/tutorial_interfaces/share/tutorial_interfaces/cmake/tutorial_interfaces__rosidl_typesupport_introspection_cExport-noconfig.cmake
[1.144s] -- Up-to-date: /home/harshit/mrt_ws/install/tutorial_interfaces/share/tutorial_interfaces/cmake/tutorial_interfaces__rosidl_typesupport_cExport.cmake
[1.144s] -- Up-to-date: /home/harshit/mrt_ws/install/tutorial_interfaces/share/tutorial_interfaces/cmake/tutorial_interfaces__rosidl_typesupport_cExport-noconfig.cmake
[1.144s] -- Up-to-date: /home/harshit/mrt_ws/install/tutorial_interfaces/share/tutorial_interfaces/cmake/export_tutorial_interfaces__rosidl_generator_cppExport.cmake
[1.145s] -- Up-to-date: /home/harshit/mrt_ws/install/tutorial_interfaces/share/tutorial_interfaces/cmake/export_tutorial_interfaces__rosidl_typesupport_fastrtps_cppExport.cmake
[1.145s] -- Up-to-date: /home/harshit/mrt_ws/install/tutorial_interfaces/share/tutorial_interfaces/cmake/export_tutorial_interfaces__rosidl_typesupport_fastrtps_cppExport-noconfig.cmake
[1.145s] -- Up-to-date: /home/harshit/mrt_ws/install/tutorial_interfaces/share/tutorial_interfaces/cmake/tutorial_interfaces__rosidl_typesupport_introspection_cppExport.cmake
[1.146s] -- Up-to-date: /home/harshit/mrt_ws/install/tutorial_interfaces/share/tutorial_interfaces/cmake/tutorial_interfaces__rosidl_typesupport_introspection_cppExport-noconfig.cmake
[1.146s] -- Up-to-date: /home/harshit/mrt_ws/install/tutorial_interfaces/share/tutorial_interfaces/cmake/tutorial_interfaces__rosidl_typesupport_cppExport.cmake
[1.146s] -- Up-to-date: /home/harshit/mrt_ws/install/tutorial_interfaces/share/tutorial_interfaces/cmake/tutorial_interfaces__rosidl_typesupport_cppExport-noconfig.cmake
[1.147s] -- Up-to-date: /home/harshit/mrt_ws/install/tutorial_interfaces/share/tutorial_interfaces/cmake/export_tutorial_interfaces__rosidl_generator_pyExport.cmake
[1.147s] -- Up-to-date: /home/harshit/mrt_ws/install/tutorial_interfaces/share/tutorial_interfaces/cmake/export_tutorial_interfaces__rosidl_generator_pyExport-noconfig.cmake
[1.147s] -- Up-to-date: /home/harshit/mrt_ws/install/tutorial_interfaces/share/tutorial_interfaces/cmake/rosidl_cmake-extras.cmake
[1.148s] -- Up-to-date: /home/harshit/mrt_ws/install/tutorial_interfaces/share/tutorial_interfaces/cmake/ament_cmake_export_dependencies-extras.cmake
[1.148s] -- Up-to-date: /home/harshit/mrt_ws/install/tutorial_interfaces/share/tutorial_interfaces/cmake/ament_cmake_export_include_directories-extras.cmake
[1.148s] -- Up-to-date: /home/harshit/mrt_ws/install/tutorial_interfaces/share/tutorial_interfaces/cmake/ament_cmake_export_libraries-extras.cmake
[1.149s] -- Up-to-date: /home/harshit/mrt_ws/install/tutorial_interfaces/share/tutorial_interfaces/cmake/ament_cmake_export_targets-extras.cmake
[1.149s] -- Up-to-date: /home/harshit/mrt_ws/install/tutorial_interfaces/share/tutorial_interfaces/cmake/rosidl_cmake_export_typesupport_targets-extras.cmake
[1.149s] -- Up-to-date: /home/harshit/mrt_ws/install/tutorial_interfaces/share/tutorial_interfaces/cmake/rosidl_cmake_export_typesupport_libraries-extras.cmake
[1.149s] -- Up-to-date: /home/harshit/mrt_ws/install/tutorial_interfaces/share/tutorial_interfaces/cmake/tutorial_interfacesConfig.cmake
[1.149s] -- Up-to-date: /home/harshit/mrt_ws/install/tutorial_interfaces/share/tutorial_interfaces/cmake/tutorial_interfacesConfig-version.cmake
[1.150s] -- Up-to-date: /home/harshit/mrt_ws/install/tutorial_interfaces/share/tutorial_interfaces/package.xml
[1.154s] Invoked command in '/home/harshit/mrt_ws/build/tutorial_interfaces' returned '0': CMAKE_PREFIX_PATH=${CMAKE_PREFIX_PATH}:/home/harshit/mrt_ws/install/week0_tutorials:/home/harshit/mrt_ws/install/py_srvcli:/home/harshit/mrt_ws/install/sauron:/opt/ros/humble /usr/bin/cmake --install /home/harshit/mrt_ws/build/tutorial_interfaces
