[0.463s] Invoking command in '/home/harshit/mrt_ws/src/aruco_detection': PYTHONPATH=/home/harshit/mrt_ws/build/aruco_detection/prefix_override:/usr/lib/python3/dist-packages/colcon_core/task/python/colcon_distutils_commands:/home/harshit/mrt_ws/install/aruco_detection/lib/python3.10/site-packages:${PYTHONPATH} /usr/bin/python3 -W ignore:setup.py install is deprecated -W ignore:easy_install command is deprecated setup.py egg_info --egg-base ../../build/aruco_detection build --build-base /home/harshit/mrt_ws/build/aruco_detection/build install --record /home/harshit/mrt_ws/build/aruco_detection/install.log --single-version-externally-managed install_data
[0.634s] running egg_info
[0.634s] writing ../../build/aruco_detection/aruco_detection.egg-info/PKG-INFO
[0.634s] writing dependency_links to ../../build/aruco_detection/aruco_detection.egg-info/dependency_links.txt
[0.634s] writing entry points to ../../build/aruco_detection/aruco_detection.egg-info/entry_points.txt
[0.634s] writing requirements to ../../build/aruco_detection/aruco_detection.egg-info/requires.txt
[0.634s] writing top-level names to ../../build/aruco_detection/aruco_detection.egg-info/top_level.txt
[0.635s] reading manifest file '../../build/aruco_detection/aruco_detection.egg-info/SOURCES.txt'
[0.636s] writing manifest file '../../build/aruco_detection/aruco_detection.egg-info/SOURCES.txt'
[0.636s] running build
[0.636s] running build_py
[0.636s] copying aruco_detection/client_img.py -> /home/harshit/mrt_ws/build/aruco_detection/build/lib/aruco_detection
[0.636s] running install
[0.637s] running install_lib
[0.637s] copying /home/harshit/mrt_ws/build/aruco_detection/build/lib/aruco_detection/client_img.py -> /home/harshit/mrt_ws/install/aruco_detection/lib/python3.10/site-packages/aruco_detection
[0.638s] byte-compiling /home/harshit/mrt_ws/install/aruco_detection/lib/python3.10/site-packages/aruco_detection/client_img.py to client_img.cpython-310.pyc
[0.638s] running install_data
[0.638s] running install_egg_info
[0.640s] removing '/home/harshit/mrt_ws/install/aruco_detection/lib/python3.10/site-packages/aruco_detection-0.0.0-py3.10.egg-info' (and everything under it)
[0.640s] Copying ../../build/aruco_detection/aruco_detection.egg-info to /home/harshit/mrt_ws/install/aruco_detection/lib/python3.10/site-packages/aruco_detection-0.0.0-py3.10.egg-info
[0.643s] running install_scripts
[0.658s] Installing client-img script to /home/harshit/mrt_ws/install/aruco_detection/lib/aruco_detection
[0.659s] Installing client-vid script to /home/harshit/mrt_ws/install/aruco_detection/lib/aruco_detection
[0.659s] Installing service script to /home/harshit/mrt_ws/install/aruco_detection/lib/aruco_detection
[0.659s] writing list of installed files to '/home/harshit/mrt_ws/build/aruco_detection/install.log'
[0.683s] Invoked command in '/home/harshit/mrt_ws/src/aruco_detection' returned '0': PYTHONPATH=/home/harshit/mrt_ws/build/aruco_detection/prefix_override:/usr/lib/python3/dist-packages/colcon_core/task/python/colcon_distutils_commands:/home/harshit/mrt_ws/install/aruco_detection/lib/python3.10/site-packages:${PYTHONPATH} /usr/bin/python3 -W ignore:setup.py install is deprecated -W ignore:easy_install command is deprecated setup.py egg_info --egg-base ../../build/aruco_detection build --build-base /home/harshit/mrt_ws/build/aruco_detection/build install --record /home/harshit/mrt_ws/build/aruco_detection/install.log --single-version-externally-managed install_data
