[2.416s] Invoking command in '/home/harshit/mrt_ws/build/arm_pos_control': PYTHONPATH=/home/harshit/mrt_ws/build/arm_pos_control/prefix_override:/usr/lib/python3/dist-packages/colcon_core/task/python/colcon_distutils_commands:/home/harshit/mrt_ws/install/arm_pos_control/lib/python3.10/site-packages:${PYTHONPATH} /usr/bin/python3 -W ignore:setup.py install is deprecated -W ignore:easy_install command is deprecated setup.py develop --editable --build-directory /home/harshit/mrt_ws/build/arm_pos_control/build --no-deps symlink_data
[3.480s] running develop
[3.480s] running egg_info
[3.480s] creating arm_pos_control.egg-info
[3.480s] writing arm_pos_control.egg-info/PKG-INFO
[3.480s] writing dependency_links to arm_pos_control.egg-info/dependency_links.txt
[3.480s] writing entry points to arm_pos_control.egg-info/entry_points.txt
[3.480s] writing requirements to arm_pos_control.egg-info/requires.txt
[3.481s] writing top-level names to arm_pos_control.egg-info/top_level.txt
[3.481s] writing manifest file 'arm_pos_control.egg-info/SOURCES.txt'
[3.481s] reading manifest file 'arm_pos_control.egg-info/SOURCES.txt'
[3.481s] writing manifest file 'arm_pos_control.egg-info/SOURCES.txt'
[3.481s] running build_ext
[3.481s] Creating /home/harshit/mrt_ws/install/arm_pos_control/lib/python3.10/site-packages/arm-pos-control.egg-link (link to .)
[3.481s] Installing commander script to /home/harshit/mrt_ws/install/arm_pos_control/lib/arm_pos_control
[3.481s] Installing pid_controller script to /home/harshit/mrt_ws/install/arm_pos_control/lib/arm_pos_control
[3.481s] 
[3.481s] Installed /home/harshit/mrt_ws/build/arm_pos_control
[3.481s] running symlink_data
[3.481s] creating /home/harshit/mrt_ws/install/arm_pos_control/share/ament_index
[3.481s] creating /home/harshit/mrt_ws/install/arm_pos_control/share/ament_index/resource_index
[3.481s] creating /home/harshit/mrt_ws/install/arm_pos_control/share/ament_index/resource_index/packages
[3.481s] symbolically linking /home/harshit/mrt_ws/build/arm_pos_control/resource/arm_pos_control -> /home/harshit/mrt_ws/install/arm_pos_control/share/ament_index/resource_index/packages
[3.481s] symbolically linking /home/harshit/mrt_ws/build/arm_pos_control/package.xml -> /home/harshit/mrt_ws/install/arm_pos_control/share/arm_pos_control
[3.497s] Invoked command in '/home/harshit/mrt_ws/build/arm_pos_control' returned '0': PYTHONPATH=/home/harshit/mrt_ws/build/arm_pos_control/prefix_override:/usr/lib/python3/dist-packages/colcon_core/task/python/colcon_distutils_commands:/home/harshit/mrt_ws/install/arm_pos_control/lib/python3.10/site-packages:${PYTHONPATH} /usr/bin/python3 -W ignore:setup.py install is deprecated -W ignore:easy_install command is deprecated setup.py develop --editable --build-directory /home/harshit/mrt_ws/build/arm_pos_control/build --no-deps symlink_data
