-- The C compiler identification is GNU 11.4.0
-- The CXX compiler identification is GNU 11.4.0
-- Detecting C compiler ABI info
-- Detecting C compiler ABI info - done
-- Check for working C compiler: /usr/bin/cc - skipped
-- Detecting C compile features
-- Detecting C compile features - done
-- Detecting CXX compiler ABI info
-- Detecting CXX compiler ABI info - done
-- Check for working CXX compiler: /usr/bin/c++ - skipped
-- Detecting CXX compile features
-- Detecting CXX compile features - done
-- Found rosidl_default_generators: 1.2.0 (/opt/ros/humble/share/rosidl_default_generators/cmake)
-- Found ament_cmake_core: 1.3.12 (/opt/ros/humble/share/ament_cmake_core/cmake)
-- Found Python3: /usr/bin/python3 (found version "3.10.12") found components: Interpreter
-- Override CMake install command with custom implementation using symlinks instead of copying resources
-- Using all available rosidl_typesupport_c: rosidl_typesupport_fastrtps_c;rosidl_typesupport_introspection_c
-- Found rosidl_adapter: 3.1.7 (/opt/ros/humble/share/rosidl_adapter/cmake)
-- Using all available rosidl_typesupport_cpp: rosidl_typesupport_fastrtps_cpp;rosidl_typesupport_introspection_cpp
-- Found sensor_msgs: 4.9.0 (/opt/ros/humble/share/sensor_msgs/cmake)
-- Found ament_cmake_ros: 0.10.0 (/opt/ros/humble/share/ament_cmake_ros/cmake)
-- Using all available rosidl_typesupport_c: rosidl_typesupport_fastrtps_c;rosidl_typesupport_introspection_c
-- Using all available rosidl_typesupport_cpp: rosidl_typesupport_fastrtps_cpp;rosidl_typesupport_introspection_cpp
-- Found python_cmake_module: 0.10.0 (/opt/ros/humble/share/python_cmake_module/cmake)
-- Using PYTHON_EXECUTABLE: /usr/bin/python3
-- Using PYTHON_INCLUDE_DIRS: /usr/include/python3.10
-- Using PYTHON_LIBRARIES: /usr/lib/x86_64-linux-gnu/libpython3.10.so
-- Found ament_lint_auto: 0.12.14 (/opt/ros/humble/share/ament_lint_auto/cmake)
-- Added test 'lint_cmake' to check CMake code style
-- Added test 'xmllint' to check XML markup files
-- Configuring done (3.5s)
-- Generating done (0.1s)
-- Build files have been written to: /home/harshit/mrt_ws/build/aruco_detection_interfaces
[  1%] [1m[34mGenerating C code for ROS interfaces[0m
[  3%] [1m[34mGenerating C++ code for ROS interfaces[0m
[  3%] Built target aruco_detection_interfaces__cpp
[  5%] [32mBuilding C object CMakeFiles/aruco_detection_interfaces__rosidl_generator_c.dir/rosidl_generator_c/aruco_detection_interfaces/msg/detail/point__functions.c.o[0m
[  7%] [32mBuilding C object CMakeFiles/aruco_detection_interfaces__rosidl_generator_c.dir/rosidl_generator_c/aruco_detection_interfaces/msg/detail/image_bounds__functions.c.o[0m
[  9%] [32mBuilding C object CMakeFiles/aruco_detection_interfaces__rosidl_generator_c.dir/rosidl_generator_c/aruco_detection_interfaces/msg/detail/point_array__functions.c.o[0m
[ 10%] [32mBuilding C object CMakeFiles/aruco_detection_interfaces__rosidl_generator_c.dir/rosidl_generator_c/aruco_detection_interfaces/srv/detail/process_image__functions.c.o[0m
[ 12%] [1m[32mLinking C shared library libaruco_detection_interfaces__rosidl_generator_c.so[0m
[ 12%] Built target aruco_detection_interfaces__rosidl_generator_c
