/home/harshit/mrt_ws/install/aruco_detection/lib/python3.10/site-packages/aruco_detection/client_vid.py
/home/harshit/mrt_ws/install/aruco_detection/lib/python3.10/site-packages/aruco_detection/client_img.py
/home/harshit/mrt_ws/install/aruco_detection/lib/python3.10/site-packages/aruco_detection/service.py
/home/harshit/mrt_ws/install/aruco_detection/lib/python3.10/site-packages/aruco_detection/__init__.py
/home/harshit/mrt_ws/install/aruco_detection/lib/python3.10/site-packages/aruco_detection/__pycache__/client_vid.cpython-310.pyc
/home/harshit/mrt_ws/install/aruco_detection/lib/python3.10/site-packages/aruco_detection/__pycache__/client_img.cpython-310.pyc
/home/harshit/mrt_ws/install/aruco_detection/lib/python3.10/site-packages/aruco_detection/__pycache__/service.cpython-310.pyc
/home/harshit/mrt_ws/install/aruco_detection/lib/python3.10/site-packages/aruco_detection/__pycache__/__init__.cpython-310.pyc
/home/harshit/mrt_ws/install/aruco_detection/share/ament_index/resource_index/packages/aruco_detection
/home/harshit/mrt_ws/install/aruco_detection/share/aruco_detection/package.xml
/home/harshit/mrt_ws/install/aruco_detection/lib/python3.10/site-packages/aruco_detection-0.0.0-py3.10.egg-info/top_level.txt
/home/harshit/mrt_ws/install/aruco_detection/lib/python3.10/site-packages/aruco_detection-0.0.0-py3.10.egg-info/SOURCES.txt
/home/harshit/mrt_ws/install/aruco_detection/lib/python3.10/site-packages/aruco_detection-0.0.0-py3.10.egg-info/requires.txt
/home/harshit/mrt_ws/install/aruco_detection/lib/python3.10/site-packages/aruco_detection-0.0.0-py3.10.egg-info/dependency_links.txt
/home/harshit/mrt_ws/install/aruco_detection/lib/python3.10/site-packages/aruco_detection-0.0.0-py3.10.egg-info/entry_points.txt
/home/harshit/mrt_ws/install/aruco_detection/lib/python3.10/site-packages/aruco_detection-0.0.0-py3.10.egg-info/zip-safe
/home/harshit/mrt_ws/install/aruco_detection/lib/python3.10/site-packages/aruco_detection-0.0.0-py3.10.egg-info/PKG-INFO
/home/harshit/mrt_ws/install/aruco_detection/lib/aruco_detection/client-img
/home/harshit/mrt_ws/install/aruco_detection/lib/aruco_detection/client-vid
/home/harshit/mrt_ws/install/aruco_detection/lib/aruco_detection/service
