/home/harshit/mrt_ws/install/mrs_hudson/lib/python3.10/site-packages/mrs_hudson/mrs_hudson_teleop.py
/home/harshit/mrt_ws/install/mrs_hudson/lib/python3.10/site-packages/mrs_hudson/display_camera.py
/home/harshit/mrt_ws/install/mrs_hudson/lib/python3.10/site-packages/mrs_hudson/detect_marker.py
/home/harshit/mrt_ws/install/mrs_hudson/lib/python3.10/site-packages/mrs_hudson/vel_pub.py
/home/harshit/mrt_ws/install/mrs_hudson/lib/python3.10/site-packages/mrs_hudson/__init__.py
/home/harshit/mrt_ws/install/mrs_hudson/lib/python3.10/site-packages/mrs_hudson/__pycache__/mrs_hudson_teleop.cpython-310.pyc
/home/harshit/mrt_ws/install/mrs_hudson/lib/python3.10/site-packages/mrs_hudson/__pycache__/display_camera.cpython-310.pyc
/home/harshit/mrt_ws/install/mrs_hudson/lib/python3.10/site-packages/mrs_hudson/__pycache__/detect_marker.cpython-310.pyc
/home/harshit/mrt_ws/install/mrs_hudson/lib/python3.10/site-packages/mrs_hudson/__pycache__/vel_pub.cpython-310.pyc
/home/harshit/mrt_ws/install/mrs_hudson/lib/python3.10/site-packages/mrs_hudson/__pycache__/__init__.cpython-310.pyc
/home/harshit/mrt_ws/install/mrs_hudson/share/ament_index/resource_index/packages/mrs_hudson
/home/harshit/mrt_ws/install/mrs_hudson/share/mrs_hudson/package.xml
/home/harshit/mrt_ws/install/mrs_hudson/share/mrs_hudson/launch/mrs_hudson_empty_world.launch.py
/home/harshit/mrt_ws/install/mrs_hudson/share/mrs_hudson/launch/mrs_hudson_gazebo_rviz.launch.py
/home/harshit/mrt_ws/install/mrs_hudson/share/mrs_hudson/models/mrs_hudson.urdf
/home/harshit/mrt_ws/install/mrs_hudson/share/mrs_hudson/config/mrs_hudson.rviz
/home/harshit/mrt_ws/install/mrs_hudson/share/mrs_hudson/worlds/mrs_hudson.sdf
/home/harshit/mrt_ws/install/mrs_hudson/share/mrs_hudson/launch/mrs_hudson_world.launch.py
/home/harshit/mrt_ws/install/mrs_hudson/share/mrs_hudson/worlds/mrs_hudson_arena.sdf
/home/harshit/mrt_ws/install/mrs_hudson/share/mrs_hudson/launch/maze_aruco.launch.py
/home/harshit/mrt_ws/install/mrs_hudson/share/mrs_hudson/worlds/maze_aruco.sdf
/home/harshit/mrt_ws/install/mrs_hudson/lib/python3.10/site-packages/mrs_hudson-0.0.0-py3.10.egg-info/top_level.txt
/home/harshit/mrt_ws/install/mrs_hudson/lib/python3.10/site-packages/mrs_hudson-0.0.0-py3.10.egg-info/SOURCES.txt
/home/harshit/mrt_ws/install/mrs_hudson/lib/python3.10/site-packages/mrs_hudson-0.0.0-py3.10.egg-info/requires.txt
/home/harshit/mrt_ws/install/mrs_hudson/lib/python3.10/site-packages/mrs_hudson-0.0.0-py3.10.egg-info/dependency_links.txt
/home/harshit/mrt_ws/install/mrs_hudson/lib/python3.10/site-packages/mrs_hudson-0.0.0-py3.10.egg-info/entry_points.txt
/home/harshit/mrt_ws/install/mrs_hudson/lib/python3.10/site-packages/mrs_hudson-0.0.0-py3.10.egg-info/zip-safe
/home/harshit/mrt_ws/install/mrs_hudson/lib/python3.10/site-packages/mrs_hudson-0.0.0-py3.10.egg-info/PKG-INFO
/home/harshit/mrt_ws/install/mrs_hudson/lib/mrs_hudson/detect_marker
/home/harshit/mrt_ws/install/mrs_hudson/lib/mrs_hudson/display_camera
/home/harshit/mrt_ws/install/mrs_hudson/lib/mrs_hudson/mrs_hudson_teleop
/home/harshit/mrt_ws/install/mrs_hudson/lib/mrs_hudson/vel_pub
