[0.761s] Invoking command in '/home/harshit/mrt_ws/src/sauron': PYTHONPATH=/home/harshit/mrt_ws/build/sauron/prefix_override:/usr/lib/python3/dist-packages/colcon_core/task/python/colcon_distutils_commands:/home/harshit/mrt_ws/install/sauron/lib/python3.10/site-packages:${PYTHONPATH} /usr/bin/python3 -W ignore:setup.py install is deprecated setup.py egg_info --egg-base ../../build/sauron build --build-base /home/harshit/mrt_ws/build/sauron/build install --record /home/harshit/mrt_ws/build/sauron/install.log --single-version-externally-managed install_data
[0.915s] running egg_info
[0.915s] writing ../../build/sauron/sauron.egg-info/PKG-INFO
[0.915s] writing dependency_links to ../../build/sauron/sauron.egg-info/dependency_links.txt
[0.916s] writing entry points to ../../build/sauron/sauron.egg-info/entry_points.txt
[0.916s] writing requirements to ../../build/sauron/sauron.egg-info/requires.txt
[0.916s] writing top-level names to ../../build/sauron/sauron.egg-info/top_level.txt
[0.917s] reading manifest file '../../build/sauron/sauron.egg-info/SOURCES.txt'
[0.918s] writing manifest file '../../build/sauron/sauron.egg-info/SOURCES.txt'
[0.918s] running build
[0.918s] running build_py
[0.918s] running install
[0.919s] running install_lib
[0.920s] running install_data
[0.920s] running install_egg_info
[0.922s] removing '/home/harshit/mrt_ws/install/sauron/lib/python3.10/site-packages/sauron-0.0.0-py3.10.egg-info' (and everything under it)
[0.922s] Copying ../../build/sauron/sauron.egg-info to /home/harshit/mrt_ws/install/sauron/lib/python3.10/site-packages/sauron-0.0.0-py3.10.egg-info
[0.923s] running install_scripts
[0.941s] Installing publisher1 script to /home/harshit/mrt_ws/install/sauron/lib/sauron
[0.941s] Installing publisher2 script to /home/harshit/mrt_ws/install/sauron/lib/sauron
[0.941s] Installing subscriber script to /home/harshit/mrt_ws/install/sauron/lib/sauron
[0.942s] writing list of installed files to '/home/harshit/mrt_ws/build/sauron/install.log'
[0.966s] Invoked command in '/home/harshit/mrt_ws/src/sauron' returned '0': PYTHONPATH=/home/harshit/mrt_ws/build/sauron/prefix_override:/usr/lib/python3/dist-packages/colcon_core/task/python/colcon_distutils_commands:/home/harshit/mrt_ws/install/sauron/lib/python3.10/site-packages:${PYTHONPATH} /usr/bin/python3 -W ignore:setup.py install is deprecated setup.py egg_info --egg-base ../../build/sauron build --build-base /home/harshit/mrt_ws/build/sauron/build install --record /home/harshit/mrt_ws/build/sauron/install.log --single-version-externally-managed install_data
