[0.007s] Invoking command in '/home/harshit/mrt_ws/arm_workspace/build/msg_interfaces': CMAKE_PREFIX_PATH=${CMAKE_PREFIX_PATH}:/home/harshit/mrt_ws/install/week1_tutorials:/home/harshit/mrt_ws/install/week0_tutorials:/home/harshit/mrt_ws/install/sauron:/home/harshit/mrt_ws/install/odom_tf_publisher:/home/harshit/mrt_ws/install/mrs_hudson:/home/harshit/mrt_ws/install/assgn:/home/harshit/mrt_ws/install/aruco_detection:/home/harshit/urdf_rviz/install/urdf_testing:/home/harshit/urdf_rviz/install/robot_car:/opt/ros/humble /usr/bin/cmake /home/harshit/mrt_ws/arm_workspace/src/msg_interfaces -DAMENT_CMAKE_SYMLINK_INSTALL=1 -DCMAKE_INSTALL_PREFIX=/home/harshit/mrt_ws/arm_workspace/install/msg_interfaces
[0.020s] -- Found ament_cmake: 1.3.12 (/opt/ros/humble/share/ament_cmake/cmake)
[0.205s] -- Override CMake install command with custom implementation using symlinks instead of copying resources
[0.212s] -- Found ament_lint_auto: 0.12.14 (/opt/ros/humble/share/ament_lint_auto/cmake)
[0.265s] -- Found rosidl_default_generators: 1.2.0 (/opt/ros/humble/share/rosidl_default_generators/cmake)
[0.266s] -- Using all available rosidl_typesupport_c: rosidl_typesupport_fastrtps_c;rosidl_typesupport_introspection_c
[0.268s] -- Found rosidl_adapter: 3.1.7 (/opt/ros/humble/share/rosidl_adapter/cmake)
[0.291s] -- Using all available rosidl_typesupport_cpp: rosidl_typesupport_fastrtps_cpp;rosidl_typesupport_introspection_cpp
[0.655s] -- Found ament_cmake_ros: 0.10.0 (/opt/ros/humble/share/ament_cmake_ros/cmake)
[1.073s] -- Using all available rosidl_typesupport_c: rosidl_typesupport_fastrtps_c;rosidl_typesupport_introspection_c
[1.630s] -- Using all available rosidl_typesupport_cpp: rosidl_typesupport_fastrtps_cpp;rosidl_typesupport_introspection_cpp
[1.653s] -- Found python_cmake_module: 0.10.0 (/opt/ros/humble/share/python_cmake_module/cmake)
[1.676s] -- Using PYTHON_EXECUTABLE: /usr/bin/python3
[1.676s] -- Using PYTHON_INCLUDE_DIRS: /usr/include/python3.10
[1.676s] -- Using PYTHON_LIBRARIES: /usr/lib/x86_64-linux-gnu/libpython3.10.so
[1.689s] -- Added test 'lint_cmake' to check CMake code style
[1.690s] -- Added test 'xmllint' to check XML markup files
[1.692s] -- Configuring done (1.7s)
[1.718s] -- Generating done (0.0s)
[1.726s] -- Build files have been written to: /home/harshit/mrt_ws/arm_workspace/build/msg_interfaces
[1.732s] Invoked command in '/home/harshit/mrt_ws/arm_workspace/build/msg_interfaces' returned '0': CMAKE_PREFIX_PATH=${CMAKE_PREFIX_PATH}:/home/harshit/mrt_ws/install/week1_tutorials:/home/harshit/mrt_ws/install/week0_tutorials:/home/harshit/mrt_ws/install/sauron:/home/harshit/mrt_ws/install/odom_tf_publisher:/home/harshit/mrt_ws/install/mrs_hudson:/home/harshit/mrt_ws/install/assgn:/home/harshit/mrt_ws/install/aruco_detection:/home/harshit/urdf_rviz/install/urdf_testing:/home/harshit/urdf_rviz/install/robot_car:/opt/ros/humble /usr/bin/cmake /home/harshit/mrt_ws/arm_workspace/src/msg_interfaces -DAMENT_CMAKE_SYMLINK_INSTALL=1 -DCMAKE_INSTALL_PREFIX=/home/harshit/mrt_ws/arm_workspace/install/msg_interfaces
[1.734s] Invoking command in '/home/harshit/mrt_ws/arm_workspace/build/msg_interfaces': CMAKE_PREFIX_PATH=${CMAKE_PREFIX_PATH}:/home/harshit/mrt_ws/install/week1_tutorials:/home/harshit/mrt_ws/install/week0_tutorials:/home/harshit/mrt_ws/install/sauron:/home/harshit/mrt_ws/install/odom_tf_publisher:/home/harshit/mrt_ws/install/mrs_hudson:/home/harshit/mrt_ws/install/assgn:/home/harshit/mrt_ws/install/aruco_detection:/home/harshit/urdf_rviz/install/urdf_testing:/home/harshit/urdf_rviz/install/robot_car:/opt/ros/humble /usr/bin/cmake --build /home/harshit/mrt_ws/arm_workspace/build/msg_interfaces -- -j8 -l8
[1.753s] [  2%] Built target msg_interfaces__cpp
[1.755s] [ 12%] Built target msg_interfaces__rosidl_generator_c
[1.755s] [ 12%] Built target ament_cmake_python_symlink_msg_interfaces
[1.768s] [ 44%] Built target msg_interfaces__rosidl_typesupport_introspection_c
[1.768s] [ 44%] Built target msg_interfaces__rosidl_typesupport_introspection_cpp
[1.768s] [ 44%] Built target msg_interfaces__rosidl_typesupport_cpp
[1.769s] [ 55%] Built target msg_interfaces__rosidl_typesupport_c
[1.770s] [ 74%] Built target msg_interfaces__rosidl_typesupport_fastrtps_cpp
[1.770s] [ 76%] Built target msg_interfaces__rosidl_typesupport_fastrtps_c
[1.777s] [ 76%] Built target msg_interfaces
[1.785s] [ 78%] Built target msg_interfaces__py
[1.796s] [ 87%] Built target msg_interfaces__rosidl_generator_py
[1.806s] [ 91%] Built target msg_interfaces__rosidl_typesupport_introspection_c__pyext
[1.806s] [ 95%] Built target msg_interfaces__rosidl_typesupport_c__pyext
[1.809s] [100%] Built target msg_interfaces__rosidl_typesupport_fastrtps_c__pyext
[1.964s] running egg_info
[1.964s] writing msg_interfaces.egg-info/PKG-INFO
[1.964s] writing dependency_links to msg_interfaces.egg-info/dependency_links.txt
[1.964s] writing top-level names to msg_interfaces.egg-info/top_level.txt
[1.966s] reading manifest file 'msg_interfaces.egg-info/SOURCES.txt'
[1.966s] writing manifest file 'msg_interfaces.egg-info/SOURCES.txt'
[1.983s] [100%] Built target ament_cmake_python_build_msg_interfaces_egg
[1.987s] Invoked command in '/home/harshit/mrt_ws/arm_workspace/build/msg_interfaces' returned '0': CMAKE_PREFIX_PATH=${CMAKE_PREFIX_PATH}:/home/harshit/mrt_ws/install/week1_tutorials:/home/harshit/mrt_ws/install/week0_tutorials:/home/harshit/mrt_ws/install/sauron:/home/harshit/mrt_ws/install/odom_tf_publisher:/home/harshit/mrt_ws/install/mrs_hudson:/home/harshit/mrt_ws/install/assgn:/home/harshit/mrt_ws/install/aruco_detection:/home/harshit/urdf_rviz/install/urdf_testing:/home/harshit/urdf_rviz/install/robot_car:/opt/ros/humble /usr/bin/cmake --build /home/harshit/mrt_ws/arm_workspace/build/msg_interfaces -- -j8 -l8
[1.991s] Invoking command in '/home/harshit/mrt_ws/arm_workspace/build/msg_interfaces': CMAKE_PREFIX_PATH=${CMAKE_PREFIX_PATH}:/home/harshit/mrt_ws/install/week1_tutorials:/home/harshit/mrt_ws/install/week0_tutorials:/home/harshit/mrt_ws/install/sauron:/home/harshit/mrt_ws/install/odom_tf_publisher:/home/harshit/mrt_ws/install/mrs_hudson:/home/harshit/mrt_ws/install/assgn:/home/harshit/mrt_ws/install/aruco_detection:/home/harshit/urdf_rviz/install/urdf_testing:/home/harshit/urdf_rviz/install/robot_car:/opt/ros/humble /usr/bin/cmake --install /home/harshit/mrt_ws/arm_workspace/build/msg_interfaces
[1.993s] -- Install configuration: ""
[1.994s] -- Execute custom install script
[1.994s] -- Up-to-date symlink: /home/harshit/mrt_ws/arm_workspace/install/msg_interfaces/share/ament_index/resource_index/rosidl_interfaces/msg_interfaces
[1.994s] -- Up-to-date symlink: /home/harshit/mrt_ws/arm_workspace/install/msg_interfaces/include/msg_interfaces/msg_interfaces/msg/arm_end_motion.h
[1.994s] -- Up-to-date symlink: /home/harshit/mrt_ws/arm_workspace/install/msg_interfaces/include/msg_interfaces/msg_interfaces/msg/detail/arm_end_motion__functions.h
[1.994s] -- Up-to-date symlink: /home/harshit/mrt_ws/arm_workspace/install/msg_interfaces/include/msg_interfaces/msg_interfaces/msg/detail/arm_end_motion__struct.h
[1.994s] -- Up-to-date symlink: /home/harshit/mrt_ws/arm_workspace/install/msg_interfaces/include/msg_interfaces/msg_interfaces/msg/detail/arm_end_motion__type_support.h
[1.994s] -- Up-to-date symlink: /home/harshit/mrt_ws/arm_workspace/install/msg_interfaces/include/msg_interfaces/msg_interfaces/msg/detail/encoder_arm__functions.h
[1.994s] -- Up-to-date symlink: /home/harshit/mrt_ws/arm_workspace/install/msg_interfaces/include/msg_interfaces/msg_interfaces/msg/detail/encoder_arm__struct.h
[1.995s] -- Up-to-date symlink: /home/harshit/mrt_ws/arm_workspace/install/msg_interfaces/include/msg_interfaces/msg_interfaces/msg/detail/encoder_arm__type_support.h
[1.995s] -- Up-to-date symlink: /home/harshit/mrt_ws/arm_workspace/install/msg_interfaces/include/msg_interfaces/msg_interfaces/msg/detail/user_command__functions.h
[1.995s] -- Up-to-date symlink: /home/harshit/mrt_ws/arm_workspace/install/msg_interfaces/include/msg_interfaces/msg_interfaces/msg/detail/user_command__struct.h
[1.995s] -- Up-to-date symlink: /home/harshit/mrt_ws/arm_workspace/install/msg_interfaces/include/msg_interfaces/msg_interfaces/msg/detail/user_command__type_support.h
[1.995s] -- Up-to-date symlink: /home/harshit/mrt_ws/arm_workspace/install/msg_interfaces/include/msg_interfaces/msg_interfaces/msg/encoder_arm.h
[1.995s] -- Up-to-date symlink: /home/harshit/mrt_ws/arm_workspace/install/msg_interfaces/include/msg_interfaces/msg_interfaces/msg/rosidl_generator_c__visibility_control.h
[1.995s] -- Up-to-date symlink: /home/harshit/mrt_ws/arm_workspace/install/msg_interfaces/include/msg_interfaces/msg_interfaces/msg/user_command.h
[1.995s] -- Up-to-date symlink: /home/harshit/mrt_ws/arm_workspace/install/msg_interfaces/share/msg_interfaces/environment/library_path.sh
[1.995s] -- Up-to-date symlink: /home/harshit/mrt_ws/arm_workspace/install/msg_interfaces/share/msg_interfaces/environment/library_path.dsv
[1.995s] -- Up-to-date symlink: /home/harshit/mrt_ws/arm_workspace/install/msg_interfaces/include/msg_interfaces/msg_interfaces/msg/detail/arm_end_motion__rosidl_typesupport_fastrtps_c.h
[1.995s] -- Up-to-date symlink: /home/harshit/mrt_ws/arm_workspace/install/msg_interfaces/include/msg_interfaces/msg_interfaces/msg/detail/encoder_arm__rosidl_typesupport_fastrtps_c.h
[1.995s] -- Up-to-date symlink: /home/harshit/mrt_ws/arm_workspace/install/msg_interfaces/include/msg_interfaces/msg_interfaces/msg/detail/user_command__rosidl_typesupport_fastrtps_c.h
[1.995s] -- Up-to-date symlink: /home/harshit/mrt_ws/arm_workspace/install/msg_interfaces/include/msg_interfaces/msg_interfaces/msg/rosidl_typesupport_fastrtps_c__visibility_control.h
[1.996s] -- Up-to-date symlink: /home/harshit/mrt_ws/arm_workspace/install/msg_interfaces/include/msg_interfaces/msg_interfaces/msg/detail/arm_end_motion__rosidl_typesupport_introspection_c.h
[1.996s] -- Up-to-date symlink: /home/harshit/mrt_ws/arm_workspace/install/msg_interfaces/include/msg_interfaces/msg_interfaces/msg/detail/encoder_arm__rosidl_typesupport_introspection_c.h
[1.996s] -- Up-to-date symlink: /home/harshit/mrt_ws/arm_workspace/install/msg_interfaces/include/msg_interfaces/msg_interfaces/msg/detail/user_command__rosidl_typesupport_introspection_c.h
[1.996s] -- Up-to-date symlink: /home/harshit/mrt_ws/arm_workspace/install/msg_interfaces/include/msg_interfaces/msg_interfaces/msg/rosidl_typesupport_introspection_c__visibility_control.h
[1.996s] -- Up-to-date symlink: /home/harshit/mrt_ws/arm_workspace/install/msg_interfaces/include/msg_interfaces/msg_interfaces/msg/arm_end_motion.hpp
[1.996s] -- Up-to-date symlink: /home/harshit/mrt_ws/arm_workspace/install/msg_interfaces/include/msg_interfaces/msg_interfaces/msg/detail/arm_end_motion__builder.hpp
[1.996s] -- Up-to-date symlink: /home/harshit/mrt_ws/arm_workspace/install/msg_interfaces/include/msg_interfaces/msg_interfaces/msg/detail/arm_end_motion__struct.hpp
[1.996s] -- Up-to-date symlink: /home/harshit/mrt_ws/arm_workspace/install/msg_interfaces/include/msg_interfaces/msg_interfaces/msg/detail/arm_end_motion__traits.hpp
[1.996s] -- Up-to-date symlink: /home/harshit/mrt_ws/arm_workspace/install/msg_interfaces/include/msg_interfaces/msg_interfaces/msg/detail/arm_end_motion__type_support.hpp
[1.996s] -- Up-to-date symlink: /home/harshit/mrt_ws/arm_workspace/install/msg_interfaces/include/msg_interfaces/msg_interfaces/msg/detail/encoder_arm__builder.hpp
[1.996s] -- Up-to-date symlink: /home/harshit/mrt_ws/arm_workspace/install/msg_interfaces/include/msg_interfaces/msg_interfaces/msg/detail/encoder_arm__struct.hpp
[1.996s] -- Up-to-date symlink: /home/harshit/mrt_ws/arm_workspace/install/msg_interfaces/include/msg_interfaces/msg_interfaces/msg/detail/encoder_arm__traits.hpp
[1.996s] -- Up-to-date symlink: /home/harshit/mrt_ws/arm_workspace/install/msg_interfaces/include/msg_interfaces/msg_interfaces/msg/detail/encoder_arm__type_support.hpp
[1.996s] -- Up-to-date symlink: /home/harshit/mrt_ws/arm_workspace/install/msg_interfaces/include/msg_interfaces/msg_interfaces/msg/detail/user_command__builder.hpp
[1.997s] -- Up-to-date symlink: /home/harshit/mrt_ws/arm_workspace/install/msg_interfaces/include/msg_interfaces/msg_interfaces/msg/detail/user_command__struct.hpp
[1.997s] -- Up-to-date symlink: /home/harshit/mrt_ws/arm_workspace/install/msg_interfaces/include/msg_interfaces/msg_interfaces/msg/detail/user_command__traits.hpp
[1.997s] -- Up-to-date symlink: /home/harshit/mrt_ws/arm_workspace/install/msg_interfaces/include/msg_interfaces/msg_interfaces/msg/detail/user_command__type_support.hpp
[1.997s] -- Up-to-date symlink: /home/harshit/mrt_ws/arm_workspace/install/msg_interfaces/include/msg_interfaces/msg_interfaces/msg/encoder_arm.hpp
[1.997s] -- Up-to-date symlink: /home/harshit/mrt_ws/arm_workspace/install/msg_interfaces/include/msg_interfaces/msg_interfaces/msg/rosidl_generator_cpp__visibility_control.hpp
[1.997s] -- Up-to-date symlink: /home/harshit/mrt_ws/arm_workspace/install/msg_interfaces/include/msg_interfaces/msg_interfaces/msg/user_command.hpp
[1.997s] -- Up-to-date symlink: /home/harshit/mrt_ws/arm_workspace/install/msg_interfaces/include/msg_interfaces/msg_interfaces/msg/detail/arm_end_motion__rosidl_typesupport_fastrtps_cpp.hpp
[1.997s] -- Up-to-date symlink: /home/harshit/mrt_ws/arm_workspace/install/msg_interfaces/include/msg_interfaces/msg_interfaces/msg/detail/encoder_arm__rosidl_typesupport_fastrtps_cpp.hpp
[1.997s] -- Up-to-date symlink: /home/harshit/mrt_ws/arm_workspace/install/msg_interfaces/include/msg_interfaces/msg_interfaces/msg/detail/user_command__rosidl_typesupport_fastrtps_cpp.hpp
[1.997s] -- Up-to-date symlink: /home/harshit/mrt_ws/arm_workspace/install/msg_interfaces/include/msg_interfaces/msg_interfaces/msg/rosidl_typesupport_fastrtps_cpp__visibility_control.h
[1.997s] -- Up-to-date symlink: /home/harshit/mrt_ws/arm_workspace/install/msg_interfaces/include/msg_interfaces/msg_interfaces/msg/detail/arm_end_motion__rosidl_typesupport_introspection_cpp.hpp
[1.997s] -- Up-to-date symlink: /home/harshit/mrt_ws/arm_workspace/install/msg_interfaces/include/msg_interfaces/msg_interfaces/msg/detail/encoder_arm__rosidl_typesupport_introspection_cpp.hpp
[1.998s] -- Up-to-date symlink: /home/harshit/mrt_ws/arm_workspace/install/msg_interfaces/include/msg_interfaces/msg_interfaces/msg/detail/user_command__rosidl_typesupport_introspection_cpp.hpp
[1.998s] -- Up-to-date symlink: /home/harshit/mrt_ws/arm_workspace/install/msg_interfaces/share/msg_interfaces/environment/pythonpath.sh
[1.998s] -- Up-to-date symlink: /home/harshit/mrt_ws/arm_workspace/install/msg_interfaces/share/msg_interfaces/environment/pythonpath.dsv
[1.998s] -- Up-to-date symlink: /home/harshit/mrt_ws/arm_workspace/install/msg_interfaces/local/lib/python3.10/dist-packages/msg_interfaces-0.0.0-py3.10.egg-info/PKG-INFO
[1.998s] -- Up-to-date symlink: /home/harshit/mrt_ws/arm_workspace/install/msg_interfaces/local/lib/python3.10/dist-packages/msg_interfaces-0.0.0-py3.10.egg-info/SOURCES.txt
[1.998s] -- Up-to-date symlink: /home/harshit/mrt_ws/arm_workspace/install/msg_interfaces/local/lib/python3.10/dist-packages/msg_interfaces-0.0.0-py3.10.egg-info/dependency_links.txt
[1.998s] -- Up-to-date symlink: /home/harshit/mrt_ws/arm_workspace/install/msg_interfaces/local/lib/python3.10/dist-packages/msg_interfaces-0.0.0-py3.10.egg-info/top_level.txt
[1.998s] -- Up-to-date symlink: /home/harshit/mrt_ws/arm_workspace/install/msg_interfaces/local/lib/python3.10/dist-packages/msg_interfaces/__init__.py
[1.998s] -- Up-to-date symlink: /home/harshit/mrt_ws/arm_workspace/install/msg_interfaces/local/lib/python3.10/dist-packages/msg_interfaces/_msg_interfaces_s.ep.rosidl_typesupport_c.c
[1.998s] -- Up-to-date symlink: /home/harshit/mrt_ws/arm_workspace/install/msg_interfaces/local/lib/python3.10/dist-packages/msg_interfaces/_msg_interfaces_s.ep.rosidl_typesupport_fastrtps_c.c
[1.998s] -- Up-to-date symlink: /home/harshit/mrt_ws/arm_workspace/install/msg_interfaces/local/lib/python3.10/dist-packages/msg_interfaces/_msg_interfaces_s.ep.rosidl_typesupport_introspection_c.c
[1.999s] -- Up-to-date symlink: /home/harshit/mrt_ws/arm_workspace/install/msg_interfaces/local/lib/python3.10/dist-packages/msg_interfaces/libmsg_interfaces__rosidl_generator_py.so
[1.999s] -- Up-to-date symlink: /home/harshit/mrt_ws/arm_workspace/install/msg_interfaces/local/lib/python3.10/dist-packages/msg_interfaces/msg/__init__.py
[1.999s] -- Up-to-date symlink: /home/harshit/mrt_ws/arm_workspace/install/msg_interfaces/local/lib/python3.10/dist-packages/msg_interfaces/msg/_arm_end_motion.py
[1.999s] -- Up-to-date symlink: /home/harshit/mrt_ws/arm_workspace/install/msg_interfaces/local/lib/python3.10/dist-packages/msg_interfaces/msg/_arm_end_motion_s.c
[1.999s] -- Up-to-date symlink: /home/harshit/mrt_ws/arm_workspace/install/msg_interfaces/local/lib/python3.10/dist-packages/msg_interfaces/msg/_encoder_arm.py
[1.999s] -- Up-to-date symlink: /home/harshit/mrt_ws/arm_workspace/install/msg_interfaces/local/lib/python3.10/dist-packages/msg_interfaces/msg/_encoder_arm_s.c
[1.999s] -- Up-to-date symlink: /home/harshit/mrt_ws/arm_workspace/install/msg_interfaces/local/lib/python3.10/dist-packages/msg_interfaces/msg/_user_command.py
[1.999s] -- Up-to-date symlink: /home/harshit/mrt_ws/arm_workspace/install/msg_interfaces/local/lib/python3.10/dist-packages/msg_interfaces/msg/_user_command_s.c
[1.999s] -- Up-to-date symlink: /home/harshit/mrt_ws/arm_workspace/install/msg_interfaces/local/lib/python3.10/dist-packages/msg_interfaces/msg_interfaces_s__rosidl_typesupport_c.cpython-310-x86_64-linux-gnu.so
[1.999s] -- Up-to-date symlink: /home/harshit/mrt_ws/arm_workspace/install/msg_interfaces/local/lib/python3.10/dist-packages/msg_interfaces/msg_interfaces_s__rosidl_typesupport_fastrtps_c.cpython-310-x86_64-linux-gnu.so
[1.999s] -- Up-to-date symlink: /home/harshit/mrt_ws/arm_workspace/install/msg_interfaces/local/lib/python3.10/dist-packages/msg_interfaces/msg_interfaces_s__rosidl_typesupport_introspection_c.cpython-310-x86_64-linux-gnu.so
[1.999s] -- Up-to-date symlink: /home/harshit/mrt_ws/arm_workspace/install/msg_interfaces/local/lib/python3.10/dist-packages/msg_interfaces/msg_interfaces_s__rosidl_typesupport_fastrtps_c.cpython-310-x86_64-linux-gnu.so
[1.999s] -- Up-to-date symlink: /home/harshit/mrt_ws/arm_workspace/install/msg_interfaces/local/lib/python3.10/dist-packages/msg_interfaces/msg_interfaces_s__rosidl_typesupport_introspection_c.cpython-310-x86_64-linux-gnu.so
[1.999s] -- Up-to-date symlink: /home/harshit/mrt_ws/arm_workspace/install/msg_interfaces/local/lib/python3.10/dist-packages/msg_interfaces/msg_interfaces_s__rosidl_typesupport_c.cpython-310-x86_64-linux-gnu.so
[1.999s] -- Up-to-date symlink: /home/harshit/mrt_ws/arm_workspace/install/msg_interfaces/share/msg_interfaces/msg/UserCommand.idl
[2.000s] -- Up-to-date symlink: /home/harshit/mrt_ws/arm_workspace/install/msg_interfaces/share/msg_interfaces/msg/ArmEndMotion.idl
[2.000s] -- Up-to-date symlink: /home/harshit/mrt_ws/arm_workspace/install/msg_interfaces/share/msg_interfaces/msg/EncoderArm.idl
[2.000s] -- Up-to-date symlink: /home/harshit/mrt_ws/arm_workspace/install/msg_interfaces/share/msg_interfaces/msg/UserCommand.msg
[2.000s] -- Up-to-date symlink: /home/harshit/mrt_ws/arm_workspace/install/msg_interfaces/share/msg_interfaces/msg/ArmEndMotion.msg
[2.000s] -- Up-to-date symlink: /home/harshit/mrt_ws/arm_workspace/install/msg_interfaces/share/msg_interfaces/msg/EncoderArm.msg
[2.000s] -- Up-to-date symlink: /home/harshit/mrt_ws/arm_workspace/install/msg_interfaces/share/ament_index/resource_index/package_run_dependencies/msg_interfaces
[2.000s] -- Up-to-date symlink: /home/harshit/mrt_ws/arm_workspace/install/msg_interfaces/share/ament_index/resource_index/parent_prefix_path/msg_interfaces
[2.000s] -- Up-to-date symlink: /home/harshit/mrt_ws/arm_workspace/install/msg_interfaces/share/msg_interfaces/environment/ament_prefix_path.sh
[2.000s] -- Up-to-date symlink: /home/harshit/mrt_ws/arm_workspace/install/msg_interfaces/share/msg_interfaces/environment/ament_prefix_path.dsv
[2.000s] -- Up-to-date symlink: /home/harshit/mrt_ws/arm_workspace/install/msg_interfaces/share/msg_interfaces/environment/path.sh
[2.000s] -- Up-to-date symlink: /home/harshit/mrt_ws/arm_workspace/install/msg_interfaces/share/msg_interfaces/environment/path.dsv
[2.000s] -- Up-to-date symlink: /home/harshit/mrt_ws/arm_workspace/install/msg_interfaces/share/msg_interfaces/local_setup.bash
[2.000s] -- Up-to-date symlink: /home/harshit/mrt_ws/arm_workspace/install/msg_interfaces/share/msg_interfaces/local_setup.sh
[2.000s] -- Up-to-date symlink: /home/harshit/mrt_ws/arm_workspace/install/msg_interfaces/share/msg_interfaces/local_setup.zsh
[2.000s] -- Up-to-date symlink: /home/harshit/mrt_ws/arm_workspace/install/msg_interfaces/share/msg_interfaces/local_setup.dsv
[2.001s] -- Symlinking: /home/harshit/mrt_ws/arm_workspace/install/msg_interfaces/share/msg_interfaces/package.dsv
[2.003s] -- Up-to-date symlink: /home/harshit/mrt_ws/arm_workspace/install/msg_interfaces/share/ament_index/resource_index/packages/msg_interfaces
[2.003s] -- Up-to-date symlink: /home/harshit/mrt_ws/arm_workspace/install/msg_interfaces/share/msg_interfaces/cmake/rosidl_cmake-extras.cmake
[2.003s] -- Up-to-date symlink: /home/harshit/mrt_ws/arm_workspace/install/msg_interfaces/share/msg_interfaces/cmake/ament_cmake_export_include_directories-extras.cmake
[2.003s] -- Up-to-date symlink: /home/harshit/mrt_ws/arm_workspace/install/msg_interfaces/share/msg_interfaces/cmake/ament_cmake_export_libraries-extras.cmake
[2.003s] -- Up-to-date symlink: /home/harshit/mrt_ws/arm_workspace/install/msg_interfaces/share/msg_interfaces/cmake/ament_cmake_export_targets-extras.cmake
[2.003s] -- Up-to-date symlink: /home/harshit/mrt_ws/arm_workspace/install/msg_interfaces/share/msg_interfaces/cmake/rosidl_cmake_export_typesupport_targets-extras.cmake
[2.003s] -- Up-to-date symlink: /home/harshit/mrt_ws/arm_workspace/install/msg_interfaces/share/msg_interfaces/cmake/ament_cmake_export_dependencies-extras.cmake
[2.004s] -- Up-to-date symlink: /home/harshit/mrt_ws/arm_workspace/install/msg_interfaces/share/msg_interfaces/cmake/rosidl_cmake_export_typesupport_libraries-extras.cmake
[2.004s] -- Up-to-date symlink: /home/harshit/mrt_ws/arm_workspace/install/msg_interfaces/share/msg_interfaces/cmake/msg_interfacesConfig.cmake
[2.004s] -- Up-to-date symlink: /home/harshit/mrt_ws/arm_workspace/install/msg_interfaces/share/msg_interfaces/cmake/msg_interfacesConfig-version.cmake
[2.004s] -- Up-to-date symlink: /home/harshit/mrt_ws/arm_workspace/install/msg_interfaces/share/msg_interfaces/package.xml
[2.004s] -- Up-to-date: /home/harshit/mrt_ws/arm_workspace/install/msg_interfaces/lib/libmsg_interfaces__rosidl_generator_c.so
[2.004s] -- Up-to-date: /home/harshit/mrt_ws/arm_workspace/install/msg_interfaces/lib/libmsg_interfaces__rosidl_typesupport_fastrtps_c.so
[2.004s] -- Up-to-date: /home/harshit/mrt_ws/arm_workspace/install/msg_interfaces/lib/libmsg_interfaces__rosidl_typesupport_introspection_c.so
[2.004s] -- Up-to-date: /home/harshit/mrt_ws/arm_workspace/install/msg_interfaces/lib/libmsg_interfaces__rosidl_typesupport_c.so
[2.004s] -- Up-to-date: /home/harshit/mrt_ws/arm_workspace/install/msg_interfaces/lib/libmsg_interfaces__rosidl_typesupport_fastrtps_cpp.so
[2.004s] -- Up-to-date: /home/harshit/mrt_ws/arm_workspace/install/msg_interfaces/lib/libmsg_interfaces__rosidl_typesupport_introspection_cpp.so
[2.005s] -- Up-to-date: /home/harshit/mrt_ws/arm_workspace/install/msg_interfaces/lib/libmsg_interfaces__rosidl_typesupport_cpp.so
[2.037s] Listing '/home/harshit/mrt_ws/arm_workspace/install/msg_interfaces/local/lib/python3.10/dist-packages/msg_interfaces'...
[2.037s] Compiling '/home/harshit/mrt_ws/arm_workspace/install/msg_interfaces/local/lib/python3.10/dist-packages/msg_interfaces/__init__.py'...
[2.037s] Listing '/home/harshit/mrt_ws/arm_workspace/install/msg_interfaces/local/lib/python3.10/dist-packages/msg_interfaces/msg'...
[2.040s] -- Up-to-date: /home/harshit/mrt_ws/arm_workspace/install/msg_interfaces/lib/libmsg_interfaces__rosidl_generator_py.so
[2.040s] -- Up-to-date: /home/harshit/mrt_ws/arm_workspace/install/msg_interfaces/share/msg_interfaces/cmake/export_msg_interfaces__rosidl_generator_cExport.cmake
[2.040s] -- Up-to-date: /home/harshit/mrt_ws/arm_workspace/install/msg_interfaces/share/msg_interfaces/cmake/export_msg_interfaces__rosidl_generator_cExport-noconfig.cmake
[2.040s] -- Up-to-date: /home/harshit/mrt_ws/arm_workspace/install/msg_interfaces/share/msg_interfaces/cmake/export_msg_interfaces__rosidl_typesupport_fastrtps_cExport.cmake
[2.040s] -- Up-to-date: /home/harshit/mrt_ws/arm_workspace/install/msg_interfaces/share/msg_interfaces/cmake/export_msg_interfaces__rosidl_typesupport_fastrtps_cExport-noconfig.cmake
[2.040s] -- Up-to-date: /home/harshit/mrt_ws/arm_workspace/install/msg_interfaces/share/msg_interfaces/cmake/msg_interfaces__rosidl_typesupport_introspection_cExport.cmake
[2.041s] -- Up-to-date: /home/harshit/mrt_ws/arm_workspace/install/msg_interfaces/share/msg_interfaces/cmake/msg_interfaces__rosidl_typesupport_introspection_cExport-noconfig.cmake
[2.041s] -- Up-to-date: /home/harshit/mrt_ws/arm_workspace/install/msg_interfaces/share/msg_interfaces/cmake/msg_interfaces__rosidl_typesupport_cExport.cmake
[2.041s] -- Up-to-date: /home/harshit/mrt_ws/arm_workspace/install/msg_interfaces/share/msg_interfaces/cmake/msg_interfaces__rosidl_typesupport_cExport-noconfig.cmake
[2.041s] -- Up-to-date: /home/harshit/mrt_ws/arm_workspace/install/msg_interfaces/share/msg_interfaces/cmake/export_msg_interfaces__rosidl_generator_cppExport.cmake
[2.041s] -- Up-to-date: /home/harshit/mrt_ws/arm_workspace/install/msg_interfaces/share/msg_interfaces/cmake/export_msg_interfaces__rosidl_typesupport_fastrtps_cppExport.cmake
[2.041s] -- Up-to-date: /home/harshit/mrt_ws/arm_workspace/install/msg_interfaces/share/msg_interfaces/cmake/export_msg_interfaces__rosidl_typesupport_fastrtps_cppExport-noconfig.cmake
[2.041s] -- Up-to-date: /home/harshit/mrt_ws/arm_workspace/install/msg_interfaces/share/msg_interfaces/cmake/msg_interfaces__rosidl_typesupport_introspection_cppExport.cmake
[2.041s] -- Up-to-date: /home/harshit/mrt_ws/arm_workspace/install/msg_interfaces/share/msg_interfaces/cmake/msg_interfaces__rosidl_typesupport_introspection_cppExport-noconfig.cmake
[2.041s] -- Up-to-date: /home/harshit/mrt_ws/arm_workspace/install/msg_interfaces/share/msg_interfaces/cmake/msg_interfaces__rosidl_typesupport_cppExport.cmake
[2.041s] -- Up-to-date: /home/harshit/mrt_ws/arm_workspace/install/msg_interfaces/share/msg_interfaces/cmake/msg_interfaces__rosidl_typesupport_cppExport-noconfig.cmake
[2.041s] -- Up-to-date: /home/harshit/mrt_ws/arm_workspace/install/msg_interfaces/share/msg_interfaces/cmake/export_msg_interfaces__rosidl_generator_pyExport.cmake
[2.041s] -- Up-to-date: /home/harshit/mrt_ws/arm_workspace/install/msg_interfaces/share/msg_interfaces/cmake/export_msg_interfaces__rosidl_generator_pyExport-noconfig.cmake
[2.042s] Invoked command in '/home/harshit/mrt_ws/arm_workspace/build/msg_interfaces' returned '0': CMAKE_PREFIX_PATH=${CMAKE_PREFIX_PATH}:/home/harshit/mrt_ws/install/week1_tutorials:/home/harshit/mrt_ws/install/week0_tutorials:/home/harshit/mrt_ws/install/sauron:/home/harshit/mrt_ws/install/odom_tf_publisher:/home/harshit/mrt_ws/install/mrs_hudson:/home/harshit/mrt_ws/install/assgn:/home/harshit/mrt_ws/install/aruco_detection:/home/harshit/urdf_rviz/install/urdf_testing:/home/harshit/urdf_rviz/install/robot_car:/opt/ros/humble /usr/bin/cmake --install /home/harshit/mrt_ws/arm_workspace/build/msg_interfaces
