running egg_info
creating ../../build/assgn/assgn.egg-info
writing ../../build/assgn/assgn.egg-info/PKG-INFO
writing dependency_links to ../../build/assgn/assgn.egg-info/dependency_links.txt
writing entry points to ../../build/assgn/assgn.egg-info/entry_points.txt
writing requirements to ../../build/assgn/assgn.egg-info/requires.txt
writing top-level names to ../../build/assgn/assgn.egg-info/top_level.txt
writing manifest file '../../build/assgn/assgn.egg-info/SOURCES.txt'
reading manifest file '../../build/assgn/assgn.egg-info/SOURCES.txt'
writing manifest file '../../build/assgn/assgn.egg-info/SOURCES.txt'
running build
running build_py
creating /home/harshit/mrt_ws/build/assgn/build
creating /home/harshit/mrt_ws/build/assgn/build/lib
creating /home/harshit/mrt_ws/build/assgn/build/lib/assgn
copying assgn/96.py -> /home/harshit/mrt_ws/build/assgn/build/lib/assgn
copying assgn/__init__.py -> /home/harshit/mrt_ws/build/assgn/build/lib/assgn
running install
running install_lib
creating /home/harshit/mrt_ws/install/assgn/lib/python3.10/site-packages/assgn
copying /home/harshit/mrt_ws/build/assgn/build/lib/assgn/96.py -> /home/harshit/mrt_ws/install/assgn/lib/python3.10/site-packages/assgn
copying /home/harshit/mrt_ws/build/assgn/build/lib/assgn/__init__.py -> /home/harshit/mrt_ws/install/assgn/lib/python3.10/site-packages/assgn
byte-compiling /home/harshit/mrt_ws/install/assgn/lib/python3.10/site-packages/assgn/96.py to 96.cpython-310.pyc
byte-compiling /home/harshit/mrt_ws/install/assgn/lib/python3.10/site-packages/assgn/__init__.py to __init__.cpython-310.pyc
running install_data
creating /home/harshit/mrt_ws/install/assgn/share/ament_index
creating /home/harshit/mrt_ws/install/assgn/share/ament_index/resource_index
creating /home/harshit/mrt_ws/install/assgn/share/ament_index/resource_index/packages
copying resource/assgn -> /home/harshit/mrt_ws/install/assgn/share/ament_index/resource_index/packages
copying package.xml -> /home/harshit/mrt_ws/install/assgn/share/assgn
creating /home/harshit/mrt_ws/install/assgn/share/assgn/launch
copying launch/mrs_hudson_world.launch.py -> /home/harshit/mrt_ws/install/assgn/share/assgn/launch
creating /home/harshit/mrt_ws/install/assgn/share/assgn/models
copying models/mrs_hudson.urdf -> /home/harshit/mrt_ws/install/assgn/share/assgn/models
creating /home/harshit/mrt_ws/install/assgn/share/assgn/config
copying config/mrs_hudson.rviz -> /home/harshit/mrt_ws/install/assgn/share/assgn/config
creating /home/harshit/mrt_ws/install/assgn/share/assgn/worlds
copying worlds/mrs_hudson_arena.sdf -> /home/harshit/mrt_ws/install/assgn/share/assgn/worlds
running install_egg_info
Copying ../../build/assgn/assgn.egg-info to /home/harshit/mrt_ws/install/assgn/lib/python3.10/site-packages/assgn-0.0.0-py3.10.egg-info
running install_scripts
Installing 96 script to /home/harshit/mrt_ws/install/assgn/lib/assgn
writing list of installed files to '/home/harshit/mrt_ws/build/assgn/install.log'
