[1.917s] Invoking command in '/home/harshit/mrt_ws/src/assgn': PYTHONPATH=/home/harshit/mrt_ws/build/assgn/prefix_override:/usr/lib/python3/dist-packages/colcon_core/task/python/colcon_distutils_commands:/home/harshit/mrt_ws/install/assgn/lib/python3.10/site-packages:${PYTHONPATH} /usr/bin/python3 -W ignore:setup.py install is deprecated -W ignore:easy_install command is deprecated setup.py egg_info --egg-base ../../build/assgn build --build-base /home/harshit/mrt_ws/build/assgn/build install --record /home/harshit/mrt_ws/build/assgn/install.log --single-version-externally-managed install_data
[2.212s] running egg_info
[2.213s] creating ../../build/assgn/assgn.egg-info
[2.214s] writing ../../build/assgn/assgn.egg-info/PKG-INFO
[2.214s] writing dependency_links to ../../build/assgn/assgn.egg-info/dependency_links.txt
[2.214s] writing entry points to ../../build/assgn/assgn.egg-info/entry_points.txt
[2.215s] writing requirements to ../../build/assgn/assgn.egg-info/requires.txt
[2.215s] writing top-level names to ../../build/assgn/assgn.egg-info/top_level.txt
[2.215s] writing manifest file '../../build/assgn/assgn.egg-info/SOURCES.txt'
[2.217s] reading manifest file '../../build/assgn/assgn.egg-info/SOURCES.txt'
[2.218s] writing manifest file '../../build/assgn/assgn.egg-info/SOURCES.txt'
[2.218s] running build
[2.218s] running build_py
[2.218s] creating /home/harshit/mrt_ws/build/assgn/build
[2.218s] creating /home/harshit/mrt_ws/build/assgn/build/lib
[2.219s] creating /home/harshit/mrt_ws/build/assgn/build/lib/assgn
[2.220s] copying assgn/96.py -> /home/harshit/mrt_ws/build/assgn/build/lib/assgn
[2.220s] copying assgn/__init__.py -> /home/harshit/mrt_ws/build/assgn/build/lib/assgn
[2.220s] running install
[2.220s] running install_lib
[2.220s] creating /home/harshit/mrt_ws/install/assgn/lib/python3.10/site-packages/assgn
[2.220s] copying /home/harshit/mrt_ws/build/assgn/build/lib/assgn/96.py -> /home/harshit/mrt_ws/install/assgn/lib/python3.10/site-packages/assgn
[2.220s] copying /home/harshit/mrt_ws/build/assgn/build/lib/assgn/__init__.py -> /home/harshit/mrt_ws/install/assgn/lib/python3.10/site-packages/assgn
[2.221s] byte-compiling /home/harshit/mrt_ws/install/assgn/lib/python3.10/site-packages/assgn/96.py to 96.cpython-310.pyc
[2.221s] byte-compiling /home/harshit/mrt_ws/install/assgn/lib/python3.10/site-packages/assgn/__init__.py to __init__.cpython-310.pyc
[2.222s] running install_data
[2.222s] creating /home/harshit/mrt_ws/install/assgn/share/ament_index
[2.222s] creating /home/harshit/mrt_ws/install/assgn/share/ament_index/resource_index
[2.222s] creating /home/harshit/mrt_ws/install/assgn/share/ament_index/resource_index/packages
[2.222s] copying resource/assgn -> /home/harshit/mrt_ws/install/assgn/share/ament_index/resource_index/packages
[2.222s] copying package.xml -> /home/harshit/mrt_ws/install/assgn/share/assgn
[2.222s] creating /home/harshit/mrt_ws/install/assgn/share/assgn/launch
[2.222s] copying launch/mrs_hudson_world.launch.py -> /home/harshit/mrt_ws/install/assgn/share/assgn/launch
[2.222s] creating /home/harshit/mrt_ws/install/assgn/share/assgn/models
[2.222s] copying models/mrs_hudson.urdf -> /home/harshit/mrt_ws/install/assgn/share/assgn/models
[2.222s] creating /home/harshit/mrt_ws/install/assgn/share/assgn/config
[2.222s] copying config/mrs_hudson.rviz -> /home/harshit/mrt_ws/install/assgn/share/assgn/config
[2.222s] creating /home/harshit/mrt_ws/install/assgn/share/assgn/worlds
[2.223s] copying worlds/mrs_hudson_arena.sdf -> /home/harshit/mrt_ws/install/assgn/share/assgn/worlds
[2.223s] running install_egg_info
[2.226s] Copying ../../build/assgn/assgn.egg-info to /home/harshit/mrt_ws/install/assgn/lib/python3.10/site-packages/assgn-0.0.0-py3.10.egg-info
[2.228s] running install_scripts
[2.253s] Installing 96 script to /home/harshit/mrt_ws/install/assgn/lib/assgn
[2.253s] writing list of installed files to '/home/harshit/mrt_ws/build/assgn/install.log'
[2.290s] Invoked command in '/home/harshit/mrt_ws/src/assgn' returned '0': PYTHONPATH=/home/harshit/mrt_ws/build/assgn/prefix_override:/usr/lib/python3/dist-packages/colcon_core/task/python/colcon_distutils_commands:/home/harshit/mrt_ws/install/assgn/lib/python3.10/site-packages:${PYTHONPATH} /usr/bin/python3 -W ignore:setup.py install is deprecated -W ignore:easy_install command is deprecated setup.py egg_info --egg-base ../../build/assgn build --build-base /home/harshit/mrt_ws/build/assgn/build install --record /home/harshit/mrt_ws/build/assgn/install.log --single-version-externally-managed install_data
