[0.733s] Invoking command in '/home/harshit/mrt_ws/arm_workspace/src/arm_pos_control': CMAKE_PREFIX_PATH=/home/harshit/mrt_ws/arm_workspace/install/pos_control_interfaces:/home/harshit/mrt_ws/install/aruco_detection_interfaces LD_LIBRARY_PATH=/home/harshit/mrt_ws/arm_workspace/install/pos_control_interfaces/lib:/home/harshit/mrt_ws/install/aruco_detection_interfaces/lib:/opt/ros/humble/opt/rviz_ogre_vendor/lib:/opt/ros/humble/lib/x86_64-linux-gnu:/opt/ros/humble/lib PYTHONPATH=/home/harshit/mrt_ws/arm_workspace/build/arm_pos_control/prefix_override:/usr/lib/python3/dist-packages/colcon_core/task/python/colcon_distutils_commands:/home/harshit/mrt_ws/arm_workspace/install/arm_pos_control/lib/python3.10/site-packages:${PYTHONPATH} /usr/bin/python3 -W ignore:setup.py install is deprecated -W ignore:easy_install command is deprecated setup.py egg_info --egg-base ../../build/arm_pos_control build --build-base /home/harshit/mrt_ws/arm_workspace/build/arm_pos_control/build install --record /home/harshit/mrt_ws/arm_workspace/build/arm_pos_control/install.log --single-version-externally-managed install_data
[0.927s] running egg_info
[0.927s] writing ../../build/arm_pos_control/arm_pos_control.egg-info/PKG-INFO
[0.927s] writing dependency_links to ../../build/arm_pos_control/arm_pos_control.egg-info/dependency_links.txt
[0.927s] writing entry points to ../../build/arm_pos_control/arm_pos_control.egg-info/entry_points.txt
[0.927s] writing requirements to ../../build/arm_pos_control/arm_pos_control.egg-info/requires.txt
[0.927s] writing top-level names to ../../build/arm_pos_control/arm_pos_control.egg-info/top_level.txt
[0.929s] reading manifest file '../../build/arm_pos_control/arm_pos_control.egg-info/SOURCES.txt'
[0.936s] writing manifest file '../../build/arm_pos_control/arm_pos_control.egg-info/SOURCES.txt'
[0.936s] running build
[0.936s] running build_py
[0.936s] copying arm_pos_control/input_queue.py -> /home/harshit/mrt_ws/arm_workspace/build/arm_pos_control/build/lib/arm_pos_control
[0.936s] copying arm_pos_control/input_handler.py -> /home/harshit/mrt_ws/arm_workspace/build/arm_pos_control/build/lib/arm_pos_control
[0.936s] copying arm_pos_control/pid_controller.py -> /home/harshit/mrt_ws/arm_workspace/build/arm_pos_control/build/lib/arm_pos_control
[0.936s] copying arm_pos_control/min_jerk.py -> /home/harshit/mrt_ws/arm_workspace/build/arm_pos_control/build/lib/arm_pos_control
[0.936s] copying arm_pos_control/calculator.py -> /home/harshit/mrt_ws/arm_workspace/build/arm_pos_control/build/lib/arm_pos_control
[0.937s] running install
[0.937s] running install_lib
[0.937s] copying /home/harshit/mrt_ws/arm_workspace/build/arm_pos_control/build/lib/arm_pos_control/input_queue.py -> /home/harshit/mrt_ws/arm_workspace/install/arm_pos_control/lib/python3.10/site-packages/arm_pos_control
[0.938s] copying /home/harshit/mrt_ws/arm_workspace/build/arm_pos_control/build/lib/arm_pos_control/input_handler.py -> /home/harshit/mrt_ws/arm_workspace/install/arm_pos_control/lib/python3.10/site-packages/arm_pos_control
[0.938s] copying /home/harshit/mrt_ws/arm_workspace/build/arm_pos_control/build/lib/arm_pos_control/pid_controller.py -> /home/harshit/mrt_ws/arm_workspace/install/arm_pos_control/lib/python3.10/site-packages/arm_pos_control
[0.938s] copying /home/harshit/mrt_ws/arm_workspace/build/arm_pos_control/build/lib/arm_pos_control/min_jerk.py -> /home/harshit/mrt_ws/arm_workspace/install/arm_pos_control/lib/python3.10/site-packages/arm_pos_control
[0.938s] copying /home/harshit/mrt_ws/arm_workspace/build/arm_pos_control/build/lib/arm_pos_control/calculator.py -> /home/harshit/mrt_ws/arm_workspace/install/arm_pos_control/lib/python3.10/site-packages/arm_pos_control
[0.938s] byte-compiling /home/harshit/mrt_ws/arm_workspace/install/arm_pos_control/lib/python3.10/site-packages/arm_pos_control/input_queue.py to input_queue.cpython-310.pyc
[0.938s] byte-compiling /home/harshit/mrt_ws/arm_workspace/install/arm_pos_control/lib/python3.10/site-packages/arm_pos_control/input_handler.py to input_handler.cpython-310.pyc
[0.939s] byte-compiling /home/harshit/mrt_ws/arm_workspace/install/arm_pos_control/lib/python3.10/site-packages/arm_pos_control/pid_controller.py to pid_controller.cpython-310.pyc
[0.940s] byte-compiling /home/harshit/mrt_ws/arm_workspace/install/arm_pos_control/lib/python3.10/site-packages/arm_pos_control/min_jerk.py to min_jerk.cpython-310.pyc
[0.941s] byte-compiling /home/harshit/mrt_ws/arm_workspace/install/arm_pos_control/lib/python3.10/site-packages/arm_pos_control/calculator.py to calculator.cpython-310.pyc
[0.942s] running install_data
[0.942s] copying package.xml -> /home/harshit/mrt_ws/arm_workspace/install/arm_pos_control/share/arm_pos_control
[0.942s] running install_egg_info
[0.943s] removing '/home/harshit/mrt_ws/arm_workspace/install/arm_pos_control/lib/python3.10/site-packages/arm_pos_control-0.0.0-py3.10.egg-info' (and everything under it)
[0.943s] Copying ../../build/arm_pos_control/arm_pos_control.egg-info to /home/harshit/mrt_ws/arm_workspace/install/arm_pos_control/lib/python3.10/site-packages/arm_pos_control-0.0.0-py3.10.egg-info
[0.944s] running install_scripts
[0.959s] Installing input_handler script to /home/harshit/mrt_ws/arm_workspace/install/arm_pos_control/lib/arm_pos_control
[0.959s] writing list of installed files to '/home/harshit/mrt_ws/arm_workspace/build/arm_pos_control/install.log'
[0.981s] Invoked command in '/home/harshit/mrt_ws/arm_workspace/src/arm_pos_control' returned '0': CMAKE_PREFIX_PATH=/home/harshit/mrt_ws/arm_workspace/install/pos_control_interfaces:/home/harshit/mrt_ws/install/aruco_detection_interfaces LD_LIBRARY_PATH=/home/harshit/mrt_ws/arm_workspace/install/pos_control_interfaces/lib:/home/harshit/mrt_ws/install/aruco_detection_interfaces/lib:/opt/ros/humble/opt/rviz_ogre_vendor/lib:/opt/ros/humble/lib/x86_64-linux-gnu:/opt/ros/humble/lib PYTHONPATH=/home/harshit/mrt_ws/arm_workspace/build/arm_pos_control/prefix_override:/usr/lib/python3/dist-packages/colcon_core/task/python/colcon_distutils_commands:/home/harshit/mrt_ws/arm_workspace/install/arm_pos_control/lib/python3.10/site-packages:${PYTHONPATH} /usr/bin/python3 -W ignore:setup.py install is deprecated -W ignore:easy_install command is deprecated setup.py egg_info --egg-base ../../build/arm_pos_control build --build-base /home/harshit/mrt_ws/arm_workspace/build/arm_pos_control/build install --record /home/harshit/mrt_ws/arm_workspace/build/arm_pos_control/install.log --single-version-externally-managed install_data
