[1.974s] Invoking command in '/home/harshit/mrt_ws/src/week0_tutorials': PYTHONPATH=/home/harshit/mrt_ws/build/week0_tutorials/prefix_override:/usr/lib/python3/dist-packages/colcon_core/task/python/colcon_distutils_commands:/home/harshit/mrt_ws/install/week0_tutorials/lib/python3.10/site-packages:${PYTHONPATH} /usr/bin/python3 -W ignore:setup.py install is deprecated -W ignore:easy_install command is deprecated setup.py egg_info --egg-base ../../build/week0_tutorials build --build-base /home/harshit/mrt_ws/build/week0_tutorials/build install --record /home/harshit/mrt_ws/build/week0_tutorials/install.log --single-version-externally-managed install_data
[2.173s] running egg_info
[2.174s] writing ../../build/week0_tutorials/week0_tutorials.egg-info/PKG-INFO
[2.174s] writing dependency_links to ../../build/week0_tutorials/week0_tutorials.egg-info/dependency_links.txt
[2.174s] writing entry points to ../../build/week0_tutorials/week0_tutorials.egg-info/entry_points.txt
[2.174s] writing requirements to ../../build/week0_tutorials/week0_tutorials.egg-info/requires.txt
[2.174s] writing top-level names to ../../build/week0_tutorials/week0_tutorials.egg-info/top_level.txt
[2.176s] reading manifest file '../../build/week0_tutorials/week0_tutorials.egg-info/SOURCES.txt'
[2.177s] writing manifest file '../../build/week0_tutorials/week0_tutorials.egg-info/SOURCES.txt'
[2.177s] running build
[2.177s] running build_py
[2.177s] running install
[2.178s] running install_lib
[2.179s] running install_data
[2.179s] running install_egg_info
[2.181s] removing '/home/harshit/mrt_ws/install/week0_tutorials/lib/python3.10/site-packages/week0_tutorials-0.0.0-py3.10.egg-info' (and everything under it)
[2.181s] Copying ../../build/week0_tutorials/week0_tutorials.egg-info to /home/harshit/mrt_ws/install/week0_tutorials/lib/python3.10/site-packages/week0_tutorials-0.0.0-py3.10.egg-info
[2.182s] running install_scripts
[2.199s] Installing publisher script to /home/harshit/mrt_ws/install/week0_tutorials/lib/week0_tutorials
[2.199s] Installing subscriber script to /home/harshit/mrt_ws/install/week0_tutorials/lib/week0_tutorials
[2.199s] writing list of installed files to '/home/harshit/mrt_ws/build/week0_tutorials/install.log'
[2.230s] Invoked command in '/home/harshit/mrt_ws/src/week0_tutorials' returned '0': PYTHONPATH=/home/harshit/mrt_ws/build/week0_tutorials/prefix_override:/usr/lib/python3/dist-packages/colcon_core/task/python/colcon_distutils_commands:/home/harshit/mrt_ws/install/week0_tutorials/lib/python3.10/site-packages:${PYTHONPATH} /usr/bin/python3 -W ignore:setup.py install is deprecated -W ignore:easy_install command is deprecated setup.py egg_info --egg-base ../../build/week0_tutorials build --build-base /home/harshit/mrt_ws/build/week0_tutorials/build install --record /home/harshit/mrt_ws/build/week0_tutorials/install.log --single-version-externally-managed install_data
