[0.608s] Invoking command in '/home/harshit/mrt_ws/src/py_srvcli': PYTHONPATH=/home/harshit/mrt_ws/build/py_srvcli/prefix_override:/usr/lib/python3/dist-packages/colcon_core/task/python/colcon_distutils_commands:/home/harshit/mrt_ws/install/py_srvcli/lib/python3.10/site-packages:${PYTHONPATH} /usr/bin/python3 -W ignore:setup.py install is deprecated setup.py egg_info --egg-base ../../build/py_srvcli build --build-base /home/harshit/mrt_ws/build/py_srvcli/build install --record /home/harshit/mrt_ws/build/py_srvcli/install.log --single-version-externally-managed install_data
[0.759s] running egg_info
[0.760s] writing ../../build/py_srvcli/py_srvcli.egg-info/PKG-INFO
[0.760s] writing dependency_links to ../../build/py_srvcli/py_srvcli.egg-info/dependency_links.txt
[0.760s] writing entry points to ../../build/py_srvcli/py_srvcli.egg-info/entry_points.txt
[0.760s] writing requirements to ../../build/py_srvcli/py_srvcli.egg-info/requires.txt
[0.761s] writing top-level names to ../../build/py_srvcli/py_srvcli.egg-info/top_level.txt
[0.762s] reading manifest file '../../build/py_srvcli/py_srvcli.egg-info/SOURCES.txt'
[0.762s] writing manifest file '../../build/py_srvcli/py_srvcli.egg-info/SOURCES.txt'
[0.762s] running build
[0.762s] running build_py
[0.762s] copying py_srvcli/client_img.py -> /home/harshit/mrt_ws/build/py_srvcli/build/lib/py_srvcli
[0.763s] running install
[0.763s] running install_lib
[0.763s] copying /home/harshit/mrt_ws/build/py_srvcli/build/lib/py_srvcli/client_img.py -> /home/harshit/mrt_ws/install/py_srvcli/lib/python3.10/site-packages/py_srvcli
[0.764s] byte-compiling /home/harshit/mrt_ws/install/py_srvcli/lib/python3.10/site-packages/py_srvcli/client_img.py to client_img.cpython-310.pyc
[0.765s] running install_data
[0.765s] running install_egg_info
[0.766s] removing '/home/harshit/mrt_ws/install/py_srvcli/lib/python3.10/site-packages/py_srvcli-0.0.0-py3.10.egg-info' (and everything under it)
[0.766s] Copying ../../build/py_srvcli/py_srvcli.egg-info to /home/harshit/mrt_ws/install/py_srvcli/lib/python3.10/site-packages/py_srvcli-0.0.0-py3.10.egg-info
[0.767s] running install_scripts
[0.783s] Installing clientimg script to /home/harshit/mrt_ws/install/py_srvcli/lib/py_srvcli
[0.783s] Installing clientvid script to /home/harshit/mrt_ws/install/py_srvcli/lib/py_srvcli
[0.783s] Installing service script to /home/harshit/mrt_ws/install/py_srvcli/lib/py_srvcli
[0.783s] writing list of installed files to '/home/harshit/mrt_ws/build/py_srvcli/install.log'
[0.808s] Invoked command in '/home/harshit/mrt_ws/src/py_srvcli' returned '0': PYTHONPATH=/home/harshit/mrt_ws/build/py_srvcli/prefix_override:/usr/lib/python3/dist-packages/colcon_core/task/python/colcon_distutils_commands:/home/harshit/mrt_ws/install/py_srvcli/lib/python3.10/site-packages:${PYTHONPATH} /usr/bin/python3 -W ignore:setup.py install is deprecated setup.py egg_info --egg-base ../../build/py_srvcli build --build-base /home/harshit/mrt_ws/build/py_srvcli/build install --record /home/harshit/mrt_ws/build/py_srvcli/install.log --single-version-externally-managed install_data
