[0.011s] Invoking command in '/home/harshit/mrt_ws/build/tutorial_interfaces': CMAKE_PREFIX_PATH=${CMAKE_PREFIX_PATH}:/home/harshit/mrt_ws/install/week0_tutorials:/home/harshit/mrt_ws/install/py_srvcli:/home/harshit/mrt_ws/install/sauron:/opt/ros/humble /usr/bin/cmake --build /home/harshit/mrt_ws/build/tutorial_interfaces -- -j8 -l8
[0.025s] -- Found rosidl_default_generators: 1.2.0 (/opt/ros/humble/share/rosidl_default_generators/cmake)
[0.025s] -- Found ament_cmake_core: 1.3.10 (/opt/ros/humble/share/ament_cmake_core/cmake)
[0.161s] -- Using all available rosidl_typesupport_c: rosidl_typesupport_fastrtps_c;rosidl_typesupport_introspection_c
[0.163s] -- Found rosidl_adapter: 3.1.5 (/opt/ros/humble/share/rosidl_adapter/cmake)
[0.187s] -- Using all available rosidl_typesupport_cpp: rosidl_typesupport_fastrtps_cpp;rosidl_typesupport_introspection_cpp
[0.205s] -- Found sensor_msgs: 4.2.4 (/opt/ros/humble/share/sensor_msgs/cmake)
[0.587s] -- Found ament_cmake_ros: 0.10.0 (/opt/ros/humble/share/ament_cmake_ros/cmake)
[0.956s] -- Using all available rosidl_typesupport_c: rosidl_typesupport_fastrtps_c;rosidl_typesupport_introspection_c
[1.434s] -- Using all available rosidl_typesupport_cpp: rosidl_typesupport_fastrtps_cpp;rosidl_typesupport_introspection_cpp
[1.435s] [33mCMake Warning (dev) at /opt/ros/humble/share/rosidl_generator_py/cmake/rosidl_generator_py_generate_interfaces.cmake:20 (find_package):
[1.435s]   Policy CMP0148 is not set: The FindPythonInterp and FindPythonLibs modules
[1.435s]   are removed.  Run "cmake --help-policy CMP0148" for policy details.  Use
[1.435s]   the cmake_policy command to set the policy and suppress this warning.
[1.435s] 
[1.435s] Call Stack (most recent call first):
[1.435s]   /opt/ros/humble/share/ament_cmake_core/cmake/core/ament_execute_extensions.cmake:48 (include)
[1.435s]   /opt/ros/humble/share/rosidl_cmake/cmake/rosidl_generate_interfaces.cmake:286 (ament_execute_extensions)
[1.435s]   CMakeLists.txt:7 (rosidl_generate_interfaces)
[1.435s] This warning is for project developers.  Use -Wno-dev to suppress it.
[1.436s] [0m
[1.450s] -- Found python_cmake_module: 0.10.0 (/opt/ros/humble/share/python_cmake_module/cmake)
[1.450s] [33mCMake Warning (dev) at /opt/ros/humble/share/python_cmake_module/cmake/Modules/FindPythonExtra.cmake:52 (find_package):
[1.450s]   Policy CMP0148 is not set: The FindPythonInterp and FindPythonLibs modules
[1.450s]   are removed.  Run "cmake --help-policy CMP0148" for policy details.  Use
[1.450s]   the cmake_policy command to set the policy and suppress this warning.
[1.450s] 
[1.450s] Call Stack (most recent call first):
[1.450s]   /opt/ros/humble/share/rosidl_generator_py/cmake/rosidl_generator_py_generate_interfaces.cmake:23 (find_package)
[1.450s]   /opt/ros/humble/share/ament_cmake_core/cmake/core/ament_execute_extensions.cmake:48 (include)
[1.450s]   /opt/ros/humble/share/rosidl_cmake/cmake/rosidl_generate_interfaces.cmake:286 (ament_execute_extensions)
[1.450s]   CMakeLists.txt:7 (rosidl_generate_interfaces)
[1.451s] This warning is for project developers.  Use -Wno-dev to suppress it.
[1.451s] [0m
[1.465s] [33mCMake Warning (dev) at /opt/ros/humble/share/python_cmake_module/cmake/Modules/FindPythonExtra.cmake:140 (find_package):
[1.465s]   Policy CMP0148 is not set: The FindPythonInterp and FindPythonLibs modules
[1.465s]   are removed.  Run "cmake --help-policy CMP0148" for policy details.  Use
[1.465s]   the cmake_policy command to set the policy and suppress this warning.
[1.465s] 
[1.465s] Call Stack (most recent call first):
[1.465s]   /opt/ros/humble/share/rosidl_generator_py/cmake/rosidl_generator_py_generate_interfaces.cmake:23 (find_package)
[1.465s]   /opt/ros/humble/share/ament_cmake_core/cmake/core/ament_execute_extensions.cmake:48 (include)
[1.465s]   /opt/ros/humble/share/rosidl_cmake/cmake/rosidl_generate_interfaces.cmake:286 (ament_execute_extensions)
[1.465s]   CMakeLists.txt:7 (rosidl_generate_interfaces)
[1.465s] This warning is for project developers.  Use -Wno-dev to suppress it.
[1.465s] [0m
[1.466s] -- Using PYTHON_EXECUTABLE: /usr/bin/python3
[1.466s] -- Using PYTHON_INCLUDE_DIRS: /usr/include/python3.10
[1.466s] -- Using PYTHON_LIBRARIES: /usr/lib/x86_64-linux-gnu/libpython3.10.so
[1.504s] -- Found ament_lint_auto: 0.12.11 (/opt/ros/humble/share/ament_lint_auto/cmake)
[1.510s] -- Added test 'lint_cmake' to check CMake code style
[1.511s] -- Added test 'xmllint' to check XML markup files
[1.512s] -- Configuring done (1.5s)
[1.544s] -- Generating done (0.0s)
[1.544s] -- Build files have been written to: /home/harshit/mrt_ws/build/tutorial_interfaces
[1.557s] [  1%] [34m[1mGenerating C code for ROS interfaces[0m
[1.560s] [  3%] [34m[1mGenerating C++ code for ROS interfaces[0m
[1.565s] [  3%] Built target ament_cmake_python_copy_tutorial_interfaces
[1.725s] running egg_info
[1.725s] writing tutorial_interfaces.egg-info/PKG-INFO
[1.726s] writing dependency_links to tutorial_interfaces.egg-info/dependency_links.txt
[1.726s] writing top-level names to tutorial_interfaces.egg-info/top_level.txt
[1.728s] reading manifest file 'tutorial_interfaces.egg-info/SOURCES.txt'
[1.728s] writing manifest file 'tutorial_interfaces.egg-info/SOURCES.txt'
[1.752s] [  3%] Built target ament_cmake_python_build_tutorial_interfaces_egg
[1.843s] [  3%] Built target tutorial_interfaces__cpp
[1.848s] [  9%] [34m[1mGenerating C++ introspection for ROS interfaces[0m
[1.848s] [  9%] [34m[1mGenerating C++ type support for eProsima Fast-RTPS[0m
[1.848s] [  9%] [34m[1mGenerating C++ type support dispatch for ROS interfaces[0m
[2.015s] [ 10%] [32mBuilding C object CMakeFiles/tutorial_interfaces__rosidl_generator_c.dir/rosidl_generator_c/tutorial_interfaces/msg/detail/point__functions.c.o[0m
[2.015s] [ 12%] [32mBuilding C object CMakeFiles/tutorial_interfaces__rosidl_generator_c.dir/rosidl_generator_c/tutorial_interfaces/msg/detail/image_bounds__functions.c.o[0m
[2.016s] [ 14%] [32mBuilding C object CMakeFiles/tutorial_interfaces__rosidl_generator_c.dir/rosidl_generator_c/tutorial_interfaces/srv/detail/process_image__functions.c.o[0m
[2.019s] [ 16%] [32mBuilding C object CMakeFiles/tutorial_interfaces__rosidl_generator_c.dir/rosidl_generator_c/tutorial_interfaces/msg/detail/point_array__functions.c.o[0m
[2.078s] [ 18%] [32m[1mLinking C shared library libtutorial_interfaces__rosidl_generator_c.so[0m
[2.117s] [ 18%] Built target tutorial_interfaces__rosidl_generator_c
[2.129s] [ 20%] [34m[1mGenerating C type support for eProsima Fast-RTPS[0m
[2.129s] [ 21%] [34m[1mGenerating C introspection for ROS interfaces[0m
[2.130s] [ 23%] [34m[1mGenerating C type support dispatch for ROS interfaces[0m
[2.205s] [ 25%] [32mBuilding CXX object CMakeFiles/tutorial_interfaces__rosidl_typesupport_cpp.dir/rosidl_typesupport_cpp/tutorial_interfaces/msg/point__type_support.cpp.o[0m
[2.205s] [ 27%] [32mBuilding CXX object CMakeFiles/tutorial_interfaces__rosidl_typesupport_cpp.dir/rosidl_typesupport_cpp/tutorial_interfaces/msg/image_bounds__type_support.cpp.o[0m
[2.206s] [ 29%] [32mBuilding CXX object CMakeFiles/tutorial_interfaces__rosidl_typesupport_cpp.dir/rosidl_typesupport_cpp/tutorial_interfaces/msg/point_array__type_support.cpp.o[0m
[2.293s] [ 30%] [32mBuilding CXX object CMakeFiles/tutorial_interfaces__rosidl_typesupport_introspection_cpp.dir/rosidl_typesupport_introspection_cpp/tutorial_interfaces/msg/detail/point__type_support.cpp.o[0m
[2.355s] [ 32%] [32mBuilding CXX object CMakeFiles/tutorial_interfaces__rosidl_typesupport_fastrtps_cpp.dir/rosidl_typesupport_fastrtps_cpp/tutorial_interfaces/msg/detail/dds_fastrtps/point__type_support.cpp.o[0m
[2.520s] [ 34%] [32mBuilding CXX object CMakeFiles/tutorial_interfaces__rosidl_typesupport_fastrtps_cpp.dir/rosidl_typesupport_fastrtps_cpp/tutorial_interfaces/msg/detail/dds_fastrtps/point_array__type_support.cpp.o[0m
[2.520s] [ 36%] [32mBuilding CXX object CMakeFiles/tutorial_interfaces__rosidl_typesupport_fastrtps_cpp.dir/rosidl_typesupport_fastrtps_cpp/tutorial_interfaces/msg/detail/dds_fastrtps/image_bounds__type_support.cpp.o[0m
[2.559s] [ 38%] [32mBuilding CXX object CMakeFiles/tutorial_interfaces__rosidl_typesupport_c.dir/rosidl_typesupport_c/tutorial_interfaces/msg/point__type_support.cpp.o[0m
[2.612s] [ 40%] [32mBuilding CXX object CMakeFiles/tutorial_interfaces__rosidl_typesupport_c.dir/rosidl_typesupport_c/tutorial_interfaces/msg/point_array__type_support.cpp.o[0m
[2.612s] [ 41%] [32mBuilding CXX object CMakeFiles/tutorial_interfaces__rosidl_typesupport_cpp.dir/rosidl_typesupport_cpp/tutorial_interfaces/srv/process_image__type_support.cpp.o[0m
[2.653s] [ 43%] [32mBuilding CXX object CMakeFiles/tutorial_interfaces__rosidl_typesupport_c.dir/rosidl_typesupport_c/tutorial_interfaces/msg/image_bounds__type_support.cpp.o[0m
[2.687s] [ 45%] [32mBuilding CXX object CMakeFiles/tutorial_interfaces__rosidl_typesupport_fastrtps_c.dir/rosidl_typesupport_fastrtps_c/tutorial_interfaces/msg/detail/point__type_support_c.cpp.o[0m
[2.705s] [ 47%] [32mBuilding CXX object CMakeFiles/tutorial_interfaces__rosidl_typesupport_c.dir/rosidl_typesupport_c/tutorial_interfaces/srv/process_image__type_support.cpp.o[0m
[2.774s] [ 49%] [32m[1mLinking CXX shared library libtutorial_interfaces__rosidl_typesupport_c.so[0m
[2.814s] [ 49%] Built target tutorial_interfaces__rosidl_typesupport_c
[2.819s] [ 50%] [32mBuilding CXX object CMakeFiles/tutorial_interfaces__rosidl_typesupport_fastrtps_cpp.dir/rosidl_typesupport_fastrtps_cpp/tutorial_interfaces/srv/detail/dds_fastrtps/process_image__type_support.cpp.o[0m
[2.853s] [ 52%] [32mBuilding CXX object CMakeFiles/tutorial_interfaces__rosidl_typesupport_introspection_cpp.dir/rosidl_typesupport_introspection_cpp/tutorial_interfaces/msg/detail/point_array__type_support.cpp.o[0m
[2.957s] [ 54%] [32mBuilding CXX object CMakeFiles/tutorial_interfaces__rosidl_typesupport_introspection_cpp.dir/rosidl_typesupport_introspection_cpp/tutorial_interfaces/msg/detail/image_bounds__type_support.cpp.o[0m
[2.982s] [ 56%] [32mBuilding C object CMakeFiles/tutorial_interfaces__rosidl_typesupport_introspection_c.dir/rosidl_typesupport_introspection_c/tutorial_interfaces/msg/detail/point__type_support.c.o[0m
[3.028s] [ 58%] [32m[1mLinking CXX shared library libtutorial_interfaces__rosidl_typesupport_cpp.so[0m
[3.045s] [ 60%] [32mBuilding C object CMakeFiles/tutorial_interfaces__rosidl_typesupport_introspection_c.dir/rosidl_typesupport_introspection_c/tutorial_interfaces/msg/detail/point_array__type_support.c.o[0m
[3.066s] [ 61%] [32mBuilding C object CMakeFiles/tutorial_interfaces__rosidl_typesupport_introspection_c.dir/rosidl_typesupport_introspection_c/tutorial_interfaces/msg/detail/image_bounds__type_support.c.o[0m
[3.086s] [ 61%] Built target tutorial_interfaces__rosidl_typesupport_cpp
[3.087s] [ 63%] [32mBuilding CXX object CMakeFiles/tutorial_interfaces__rosidl_typesupport_fastrtps_c.dir/rosidl_typesupport_fastrtps_c/tutorial_interfaces/msg/detail/point_array__type_support_c.cpp.o[0m
[3.088s] [ 65%] [32mBuilding C object CMakeFiles/tutorial_interfaces__rosidl_typesupport_introspection_c.dir/rosidl_typesupport_introspection_c/tutorial_interfaces/srv/detail/process_image__type_support.c.o[0m
[3.092s] [ 67%] [32mBuilding CXX object CMakeFiles/tutorial_interfaces__rosidl_typesupport_introspection_cpp.dir/rosidl_typesupport_introspection_cpp/tutorial_interfaces/srv/detail/process_image__type_support.cpp.o[0m
[3.120s] [ 69%] [32mBuilding CXX object CMakeFiles/tutorial_interfaces__rosidl_typesupport_fastrtps_c.dir/rosidl_typesupport_fastrtps_c/tutorial_interfaces/msg/detail/image_bounds__type_support_c.cpp.o[0m
[3.120s] [ 70%] [32mBuilding CXX object CMakeFiles/tutorial_interfaces__rosidl_typesupport_fastrtps_c.dir/rosidl_typesupport_fastrtps_c/tutorial_interfaces/srv/detail/process_image__type_support_c.cpp.o[0m
[3.134s] [ 72%] [32m[1mLinking C shared library libtutorial_interfaces__rosidl_typesupport_introspection_c.so[0m
[3.178s] [ 72%] Built target tutorial_interfaces__rosidl_typesupport_introspection_c
[3.370s] [ 74%] [32m[1mLinking CXX shared library libtutorial_interfaces__rosidl_typesupport_fastrtps_cpp.so[0m
[3.462s] [ 74%] Built target tutorial_interfaces__rosidl_typesupport_fastrtps_cpp
[3.479s] [ 76%] [32m[1mLinking CXX shared library libtutorial_interfaces__rosidl_typesupport_fastrtps_c.so[0m
[3.532s] [ 76%] Built target tutorial_interfaces__rosidl_typesupport_fastrtps_c
[3.555s] [ 78%] [32m[1mLinking CXX shared library libtutorial_interfaces__rosidl_typesupport_introspection_cpp.so[0m
[3.602s] [ 78%] Built target tutorial_interfaces__rosidl_typesupport_introspection_cpp
[3.610s] [ 78%] Built target tutorial_interfaces
[3.617s] [ 80%] [34m[1mGenerating Python code for ROS interfaces[0m
[4.013s] [ 80%] Built target tutorial_interfaces__py
[4.024s] [ 81%] [32mBuilding C object CMakeFiles/tutorial_interfaces__rosidl_generator_py.dir/rosidl_generator_py/tutorial_interfaces/msg/_point_array_s.c.o[0m
[4.024s] [ 85%] [32mBuilding C object CMakeFiles/tutorial_interfaces__rosidl_generator_py.dir/rosidl_generator_py/tutorial_interfaces/msg/_image_bounds_s.c.o[0m
[4.024s] [ 85%] [32mBuilding C object CMakeFiles/tutorial_interfaces__rosidl_generator_py.dir/rosidl_generator_py/tutorial_interfaces/msg/_point_s.c.o[0m
[4.025s] [ 87%] [32mBuilding C object CMakeFiles/tutorial_interfaces__rosidl_generator_py.dir/rosidl_generator_py/tutorial_interfaces/srv/_process_image_s.c.o[0m
[4.133s] [ 89%] [32m[1mLinking C shared library rosidl_generator_py/tutorial_interfaces/libtutorial_interfaces__rosidl_generator_py.so[0m
[4.156s] [ 89%] Built target tutorial_interfaces__rosidl_generator_py
[4.166s] [ 94%] [32mBuilding C object CMakeFiles/tutorial_interfaces__rosidl_typesupport_fastrtps_c__pyext.dir/rosidl_generator_py/tutorial_interfaces/_tutorial_interfaces_s.ep.rosidl_typesupport_fastrtps_c.c.o[0m
[4.166s] [ 94%] [32mBuilding C object CMakeFiles/tutorial_interfaces__rosidl_typesupport_c__pyext.dir/rosidl_generator_py/tutorial_interfaces/_tutorial_interfaces_s.ep.rosidl_typesupport_c.c.o[0m
[4.166s] [ 94%] [32mBuilding C object CMakeFiles/tutorial_interfaces__rosidl_typesupport_introspection_c__pyext.dir/rosidl_generator_py/tutorial_interfaces/_tutorial_interfaces_s.ep.rosidl_typesupport_introspection_c.c.o[0m
[4.235s] [ 96%] [32m[1mLinking C shared library rosidl_generator_py/tutorial_interfaces/tutorial_interfaces_s__rosidl_typesupport_fastrtps_c.cpython-310-x86_64-linux-gnu.so[0m
[4.235s] [100%] [32m[1mLinking C shared library rosidl_generator_py/tutorial_interfaces/tutorial_interfaces_s__rosidl_typesupport_introspection_c.cpython-310-x86_64-linux-gnu.so[0m
[4.235s] [100%] [32m[1mLinking C shared library rosidl_generator_py/tutorial_interfaces/tutorial_interfaces_s__rosidl_typesupport_c.cpython-310-x86_64-linux-gnu.so[0m
[4.257s] [100%] Built target tutorial_interfaces__rosidl_typesupport_c__pyext
[4.257s] [100%] Built target tutorial_interfaces__rosidl_typesupport_introspection_c__pyext
[4.257s] [100%] Built target tutorial_interfaces__rosidl_typesupport_fastrtps_c__pyext
[4.261s] Invoked command in '/home/harshit/mrt_ws/build/tutorial_interfaces' returned '0': CMAKE_PREFIX_PATH=${CMAKE_PREFIX_PATH}:/home/harshit/mrt_ws/install/week0_tutorials:/home/harshit/mrt_ws/install/py_srvcli:/home/harshit/mrt_ws/install/sauron:/opt/ros/humble /usr/bin/cmake --build /home/harshit/mrt_ws/build/tutorial_interfaces -- -j8 -l8
[4.324s] Invoking command in '/home/harshit/mrt_ws/build/tutorial_interfaces': CMAKE_PREFIX_PATH=${CMAKE_PREFIX_PATH}:/home/harshit/mrt_ws/install/week0_tutorials:/home/harshit/mrt_ws/install/py_srvcli:/home/harshit/mrt_ws/install/sauron:/opt/ros/humble /usr/bin/cmake --install /home/harshit/mrt_ws/build/tutorial_interfaces
[4.326s] -- Install configuration: ""
[4.326s] -- Up-to-date: /home/harshit/mrt_ws/install/tutorial_interfaces/share/ament_index/resource_index/rosidl_interfaces/tutorial_interfaces
[4.326s] -- Up-to-date: /home/harshit/mrt_ws/install/tutorial_interfaces/include/tutorial_interfaces/tutorial_interfaces
[4.326s] -- Up-to-date: /home/harshit/mrt_ws/install/tutorial_interfaces/include/tutorial_interfaces/tutorial_interfaces/srv
[4.326s] -- Installing: /home/harshit/mrt_ws/install/tutorial_interfaces/include/tutorial_interfaces/tutorial_interfaces/srv/process_image.h
[4.327s] -- Up-to-date: /home/harshit/mrt_ws/install/tutorial_interfaces/include/tutorial_interfaces/tutorial_interfaces/srv/add_three_ints.h
[4.327s] -- Up-to-date: /home/harshit/mrt_ws/install/tutorial_interfaces/include/tutorial_interfaces/tutorial_interfaces/srv/detail
[4.327s] -- Installing: /home/harshit/mrt_ws/install/tutorial_interfaces/include/tutorial_interfaces/tutorial_interfaces/srv/detail/process_image__struct.h
[4.327s] -- Installing: /home/harshit/mrt_ws/install/tutorial_interfaces/include/tutorial_interfaces/tutorial_interfaces/srv/detail/process_image__functions.c
[4.327s] -- Installing: /home/harshit/mrt_ws/install/tutorial_interfaces/include/tutorial_interfaces/tutorial_interfaces/srv/detail/process_image__type_support.h
[4.327s] -- Up-to-date: /home/harshit/mrt_ws/install/tutorial_interfaces/include/tutorial_interfaces/tutorial_interfaces/srv/detail/add_three_ints__functions.c
[4.327s] -- Up-to-date: /home/harshit/mrt_ws/install/tutorial_interfaces/include/tutorial_interfaces/tutorial_interfaces/srv/detail/add_three_ints__functions.h
[4.327s] -- Up-to-date: /home/harshit/mrt_ws/install/tutorial_interfaces/include/tutorial_interfaces/tutorial_interfaces/srv/detail/add_three_ints__struct.h
[4.327s] -- Up-to-date: /home/harshit/mrt_ws/install/tutorial_interfaces/include/tutorial_interfaces/tutorial_interfaces/srv/detail/add_three_ints__type_support.h
[4.327s] -- Installing: /home/harshit/mrt_ws/install/tutorial_interfaces/include/tutorial_interfaces/tutorial_interfaces/srv/detail/process_image__functions.h
[4.327s] -- Up-to-date: /home/harshit/mrt_ws/install/tutorial_interfaces/include/tutorial_interfaces/tutorial_interfaces/msg
[4.327s] -- Up-to-date: /home/harshit/mrt_ws/install/tutorial_interfaces/include/tutorial_interfaces/tutorial_interfaces/msg/sphere.h
[4.327s] -- Up-to-date: /home/harshit/mrt_ws/install/tutorial_interfaces/include/tutorial_interfaces/tutorial_interfaces/msg/rosidl_generator_c__visibility_control.h
[4.327s] -- Up-to-date: /home/harshit/mrt_ws/install/tutorial_interfaces/include/tutorial_interfaces/tutorial_interfaces/msg/detail
[4.327s] -- Installing: /home/harshit/mrt_ws/install/tutorial_interfaces/include/tutorial_interfaces/tutorial_interfaces/msg/detail/point_array__struct.h
[4.327s] -- Installing: /home/harshit/mrt_ws/install/tutorial_interfaces/include/tutorial_interfaces/tutorial_interfaces/msg/detail/point__functions.c
[4.327s] -- Up-to-date: /home/harshit/mrt_ws/install/tutorial_interfaces/include/tutorial_interfaces/tutorial_interfaces/msg/detail/num__struct.h
[4.327s] -- Up-to-date: /home/harshit/mrt_ws/install/tutorial_interfaces/include/tutorial_interfaces/tutorial_interfaces/msg/detail/sphere__type_support.h
[4.327s] -- Up-to-date: /home/harshit/mrt_ws/install/tutorial_interfaces/include/tutorial_interfaces/tutorial_interfaces/msg/detail/num__functions.h
[4.327s] -- Installing: /home/harshit/mrt_ws/install/tutorial_interfaces/include/tutorial_interfaces/tutorial_interfaces/msg/detail/point__struct.h
[4.327s] -- Up-to-date: /home/harshit/mrt_ws/install/tutorial_interfaces/include/tutorial_interfaces/tutorial_interfaces/msg/detail/num__functions.c
[4.328s] -- Up-to-date: /home/harshit/mrt_ws/install/tutorial_interfaces/include/tutorial_interfaces/tutorial_interfaces/msg/detail/sphere__struct.h
[4.328s] -- Up-to-date: /home/harshit/mrt_ws/install/tutorial_interfaces/include/tutorial_interfaces/tutorial_interfaces/msg/detail/num__type_support.h
[4.328s] -- Installing: /home/harshit/mrt_ws/install/tutorial_interfaces/include/tutorial_interfaces/tutorial_interfaces/msg/detail/point__functions.h
[4.328s] -- Installing: /home/harshit/mrt_ws/install/tutorial_interfaces/include/tutorial_interfaces/tutorial_interfaces/msg/detail/image_bounds__functions.c
[4.328s] -- Installing: /home/harshit/mrt_ws/install/tutorial_interfaces/include/tutorial_interfaces/tutorial_interfaces/msg/detail/point_array__functions.h
[4.328s] -- Up-to-date: /home/harshit/mrt_ws/install/tutorial_interfaces/include/tutorial_interfaces/tutorial_interfaces/msg/detail/point2_d__type_support.h
[4.328s] -- Up-to-date: /home/harshit/mrt_ws/install/tutorial_interfaces/include/tutorial_interfaces/tutorial_interfaces/msg/detail/sphere__functions.h
[4.328s] -- Installing: /home/harshit/mrt_ws/install/tutorial_interfaces/include/tutorial_interfaces/tutorial_interfaces/msg/detail/point_array__type_support.h
[4.328s] -- Up-to-date: /home/harshit/mrt_ws/install/tutorial_interfaces/include/tutorial_interfaces/tutorial_interfaces/msg/detail/sphere__functions.c
[4.328s] -- Installing: /home/harshit/mrt_ws/install/tutorial_interfaces/include/tutorial_interfaces/tutorial_interfaces/msg/detail/point__type_support.h
[4.328s] -- Up-to-date: /home/harshit/mrt_ws/install/tutorial_interfaces/include/tutorial_interfaces/tutorial_interfaces/msg/detail/point2_d__struct.h
[4.328s] -- Up-to-date: /home/harshit/mrt_ws/install/tutorial_interfaces/include/tutorial_interfaces/tutorial_interfaces/msg/detail/point2_d__functions.c
[4.328s] -- Installing: /home/harshit/mrt_ws/install/tutorial_interfaces/include/tutorial_interfaces/tutorial_interfaces/msg/detail/image_bounds__struct.h
[4.328s] -- Installing: /home/harshit/mrt_ws/install/tutorial_interfaces/include/tutorial_interfaces/tutorial_interfaces/msg/detail/point_array__functions.c
[4.328s] -- Installing: /home/harshit/mrt_ws/install/tutorial_interfaces/include/tutorial_interfaces/tutorial_interfaces/msg/detail/image_bounds__functions.h
[4.328s] -- Up-to-date: /home/harshit/mrt_ws/install/tutorial_interfaces/include/tutorial_interfaces/tutorial_interfaces/msg/detail/point2_d__functions.h
[4.328s] -- Installing: /home/harshit/mrt_ws/install/tutorial_interfaces/include/tutorial_interfaces/tutorial_interfaces/msg/detail/image_bounds__type_support.h
[4.328s] -- Installing: /home/harshit/mrt_ws/install/tutorial_interfaces/include/tutorial_interfaces/tutorial_interfaces/msg/image_bounds.h
[4.328s] -- Installing: /home/harshit/mrt_ws/install/tutorial_interfaces/include/tutorial_interfaces/tutorial_interfaces/msg/point.h
[4.328s] -- Installing: /home/harshit/mrt_ws/install/tutorial_interfaces/include/tutorial_interfaces/tutorial_interfaces/msg/point_array.h
[4.328s] -- Up-to-date: /home/harshit/mrt_ws/install/tutorial_interfaces/include/tutorial_interfaces/tutorial_interfaces/msg/point2_d.h
[4.328s] -- Up-to-date: /home/harshit/mrt_ws/install/tutorial_interfaces/include/tutorial_interfaces/tutorial_interfaces/msg/num.h
[4.328s] -- Up-to-date: /home/harshit/mrt_ws/install/tutorial_interfaces/share/tutorial_interfaces/environment/library_path.sh
[4.329s] -- Installing: /home/harshit/mrt_ws/install/tutorial_interfaces/share/tutorial_interfaces/environment/library_path.dsv
[4.329s] -- Installing: /home/harshit/mrt_ws/install/tutorial_interfaces/lib/libtutorial_interfaces__rosidl_generator_c.so
[4.329s] -- Set non-toolchain portion of runtime path of "/home/harshit/mrt_ws/install/tutorial_interfaces/lib/libtutorial_interfaces__rosidl_generator_c.so" to ""
[4.329s] -- Up-to-date: /home/harshit/mrt_ws/install/tutorial_interfaces/include/tutorial_interfaces/tutorial_interfaces
[4.329s] -- Up-to-date: /home/harshit/mrt_ws/install/tutorial_interfaces/include/tutorial_interfaces/tutorial_interfaces/srv
[4.329s] -- Up-to-date: /home/harshit/mrt_ws/install/tutorial_interfaces/include/tutorial_interfaces/tutorial_interfaces/srv/detail
[4.329s] -- Up-to-date: /home/harshit/mrt_ws/install/tutorial_interfaces/include/tutorial_interfaces/tutorial_interfaces/srv/detail/add_three_ints__rosidl_typesupport_fastrtps_c.h
[4.329s] -- Installing: /home/harshit/mrt_ws/install/tutorial_interfaces/include/tutorial_interfaces/tutorial_interfaces/srv/detail/process_image__rosidl_typesupport_fastrtps_c.h
[4.329s] -- Up-to-date: /home/harshit/mrt_ws/install/tutorial_interfaces/include/tutorial_interfaces/tutorial_interfaces/msg
[4.329s] -- Up-to-date: /home/harshit/mrt_ws/install/tutorial_interfaces/include/tutorial_interfaces/tutorial_interfaces/msg/detail
[4.329s] -- Installing: /home/harshit/mrt_ws/install/tutorial_interfaces/include/tutorial_interfaces/tutorial_interfaces/msg/detail/point_array__rosidl_typesupport_fastrtps_c.h
[4.329s] -- Up-to-date: /home/harshit/mrt_ws/install/tutorial_interfaces/include/tutorial_interfaces/tutorial_interfaces/msg/detail/num__rosidl_typesupport_fastrtps_c.h
[4.329s] -- Installing: /home/harshit/mrt_ws/install/tutorial_interfaces/include/tutorial_interfaces/tutorial_interfaces/msg/detail/image_bounds__rosidl_typesupport_fastrtps_c.h
[4.329s] -- Installing: /home/harshit/mrt_ws/install/tutorial_interfaces/include/tutorial_interfaces/tutorial_interfaces/msg/detail/point__rosidl_typesupport_fastrtps_c.h
[4.329s] -- Up-to-date: /home/harshit/mrt_ws/install/tutorial_interfaces/include/tutorial_interfaces/tutorial_interfaces/msg/detail/point2_d__rosidl_typesupport_fastrtps_c.h
[4.329s] -- Up-to-date: /home/harshit/mrt_ws/install/tutorial_interfaces/include/tutorial_interfaces/tutorial_interfaces/msg/detail/sphere__rosidl_typesupport_fastrtps_c.h
[4.330s] -- Up-to-date: /home/harshit/mrt_ws/install/tutorial_interfaces/include/tutorial_interfaces/tutorial_interfaces/msg/rosidl_typesupport_fastrtps_c__visibility_control.h
[4.330s] -- Installing: /home/harshit/mrt_ws/install/tutorial_interfaces/lib/libtutorial_interfaces__rosidl_typesupport_fastrtps_c.so
[4.330s] -- Set non-toolchain portion of runtime path of "/home/harshit/mrt_ws/install/tutorial_interfaces/lib/libtutorial_interfaces__rosidl_typesupport_fastrtps_c.so" to ""
[4.330s] -- Up-to-date: /home/harshit/mrt_ws/install/tutorial_interfaces/include/tutorial_interfaces/tutorial_interfaces
[4.330s] -- Up-to-date: /home/harshit/mrt_ws/install/tutorial_interfaces/include/tutorial_interfaces/tutorial_interfaces/srv
[4.330s] -- Up-to-date: /home/harshit/mrt_ws/install/tutorial_interfaces/include/tutorial_interfaces/tutorial_interfaces/srv/detail
[4.330s] -- Installing: /home/harshit/mrt_ws/install/tutorial_interfaces/include/tutorial_interfaces/tutorial_interfaces/srv/detail/process_image__type_support.c
[4.330s] -- Installing: /home/harshit/mrt_ws/install/tutorial_interfaces/include/tutorial_interfaces/tutorial_interfaces/srv/detail/process_image__rosidl_typesupport_introspection_c.h
[4.330s] -- Up-to-date: /home/harshit/mrt_ws/install/tutorial_interfaces/include/tutorial_interfaces/tutorial_interfaces/srv/detail/add_three_ints__type_support.c
[4.330s] -- Up-to-date: /home/harshit/mrt_ws/install/tutorial_interfaces/include/tutorial_interfaces/tutorial_interfaces/srv/detail/add_three_ints__rosidl_typesupport_introspection_c.h
[4.330s] -- Up-to-date: /home/harshit/mrt_ws/install/tutorial_interfaces/include/tutorial_interfaces/tutorial_interfaces/msg
[4.330s] -- Up-to-date: /home/harshit/mrt_ws/install/tutorial_interfaces/include/tutorial_interfaces/tutorial_interfaces/msg/rosidl_typesupport_introspection_c__visibility_control.h
[4.330s] -- Up-to-date: /home/harshit/mrt_ws/install/tutorial_interfaces/include/tutorial_interfaces/tutorial_interfaces/msg/detail
[4.330s] -- Installing: /home/harshit/mrt_ws/install/tutorial_interfaces/include/tutorial_interfaces/tutorial_interfaces/msg/detail/image_bounds__type_support.c
[4.330s] -- Installing: /home/harshit/mrt_ws/install/tutorial_interfaces/include/tutorial_interfaces/tutorial_interfaces/msg/detail/point_array__rosidl_typesupport_introspection_c.h
[4.330s] -- Up-to-date: /home/harshit/mrt_ws/install/tutorial_interfaces/include/tutorial_interfaces/tutorial_interfaces/msg/detail/point2_d__rosidl_typesupport_introspection_c.h
[4.330s] -- Up-to-date: /home/harshit/mrt_ws/install/tutorial_interfaces/include/tutorial_interfaces/tutorial_interfaces/msg/detail/point2_d__type_support.c
[4.331s] -- Up-to-date: /home/harshit/mrt_ws/install/tutorial_interfaces/include/tutorial_interfaces/tutorial_interfaces/msg/detail/num__type_support.c
[4.331s] -- Up-to-date: /home/harshit/mrt_ws/install/tutorial_interfaces/include/tutorial_interfaces/tutorial_interfaces/msg/detail/num__rosidl_typesupport_introspection_c.h
[4.331s] -- Installing: /home/harshit/mrt_ws/install/tutorial_interfaces/include/tutorial_interfaces/tutorial_interfaces/msg/detail/point__type_support.c
[4.331s] -- Up-to-date: /home/harshit/mrt_ws/install/tutorial_interfaces/include/tutorial_interfaces/tutorial_interfaces/msg/detail/sphere__rosidl_typesupport_introspection_c.h
[4.331s] -- Up-to-date: /home/harshit/mrt_ws/install/tutorial_interfaces/include/tutorial_interfaces/tutorial_interfaces/msg/detail/sphere__type_support.c
[4.331s] -- Installing: /home/harshit/mrt_ws/install/tutorial_interfaces/include/tutorial_interfaces/tutorial_interfaces/msg/detail/point__rosidl_typesupport_introspection_c.h
[4.331s] -- Installing: /home/harshit/mrt_ws/install/tutorial_interfaces/include/tutorial_interfaces/tutorial_interfaces/msg/detail/image_bounds__rosidl_typesupport_introspection_c.h
[4.331s] -- Installing: /home/harshit/mrt_ws/install/tutorial_interfaces/include/tutorial_interfaces/tutorial_interfaces/msg/detail/point_array__type_support.c
[4.331s] -- Installing: /home/harshit/mrt_ws/install/tutorial_interfaces/lib/libtutorial_interfaces__rosidl_typesupport_introspection_c.so
[4.331s] -- Set non-toolchain portion of runtime path of "/home/harshit/mrt_ws/install/tutorial_interfaces/lib/libtutorial_interfaces__rosidl_typesupport_introspection_c.so" to ""
[4.331s] -- Installing: /home/harshit/mrt_ws/install/tutorial_interfaces/lib/libtutorial_interfaces__rosidl_typesupport_c.so
[4.332s] -- Set non-toolchain portion of runtime path of "/home/harshit/mrt_ws/install/tutorial_interfaces/lib/libtutorial_interfaces__rosidl_typesupport_c.so" to ""
[4.332s] -- Up-to-date: /home/harshit/mrt_ws/install/tutorial_interfaces/include/tutorial_interfaces/tutorial_interfaces
[4.332s] -- Up-to-date: /home/harshit/mrt_ws/install/tutorial_interfaces/include/tutorial_interfaces/tutorial_interfaces/srv
[4.332s] -- Installing: /home/harshit/mrt_ws/install/tutorial_interfaces/include/tutorial_interfaces/tutorial_interfaces/srv/process_image.hpp
[4.332s] -- Up-to-date: /home/harshit/mrt_ws/install/tutorial_interfaces/include/tutorial_interfaces/tutorial_interfaces/srv/detail
[4.332s] -- Installing: /home/harshit/mrt_ws/install/tutorial_interfaces/include/tutorial_interfaces/tutorial_interfaces/srv/detail/process_image__builder.hpp
[4.332s] -- Up-to-date: /home/harshit/mrt_ws/install/tutorial_interfaces/include/tutorial_interfaces/tutorial_interfaces/srv/detail/add_three_ints__builder.hpp
[4.332s] -- Up-to-date: /home/harshit/mrt_ws/install/tutorial_interfaces/include/tutorial_interfaces/tutorial_interfaces/srv/detail/add_three_ints__traits.hpp
[4.332s] -- Installing: /home/harshit/mrt_ws/install/tutorial_interfaces/include/tutorial_interfaces/tutorial_interfaces/srv/detail/process_image__traits.hpp
[4.332s] -- Up-to-date: /home/harshit/mrt_ws/install/tutorial_interfaces/include/tutorial_interfaces/tutorial_interfaces/srv/detail/add_three_ints__struct.hpp
[4.332s] -- Installing: /home/harshit/mrt_ws/install/tutorial_interfaces/include/tutorial_interfaces/tutorial_interfaces/srv/detail/process_image__struct.hpp
[4.332s] -- Up-to-date: /home/harshit/mrt_ws/install/tutorial_interfaces/include/tutorial_interfaces/tutorial_interfaces/srv/add_three_ints.hpp
[4.333s] -- Up-to-date: /home/harshit/mrt_ws/install/tutorial_interfaces/include/tutorial_interfaces/tutorial_interfaces/msg
[4.333s] -- Up-to-date: /home/harshit/mrt_ws/install/tutorial_interfaces/include/tutorial_interfaces/tutorial_interfaces/msg/point2_d.hpp
[4.333s] -- Installing: /home/harshit/mrt_ws/install/tutorial_interfaces/include/tutorial_interfaces/tutorial_interfaces/msg/point_array.hpp
[4.333s] -- Installing: /home/harshit/mrt_ws/install/tutorial_interfaces/include/tutorial_interfaces/tutorial_interfaces/msg/image_bounds.hpp
[4.333s] -- Up-to-date: /home/harshit/mrt_ws/install/tutorial_interfaces/include/tutorial_interfaces/tutorial_interfaces/msg/detail
[4.333s] -- Installing: /home/harshit/mrt_ws/install/tutorial_interfaces/include/tutorial_interfaces/tutorial_interfaces/msg/detail/point_array__builder.hpp
[4.333s] -- Up-to-date: /home/harshit/mrt_ws/install/tutorial_interfaces/include/tutorial_interfaces/tutorial_interfaces/msg/detail/sphere__struct.hpp
[4.333s] -- Up-to-date: /home/harshit/mrt_ws/install/tutorial_interfaces/include/tutorial_interfaces/tutorial_interfaces/msg/detail/point2_d__struct.hpp
[4.333s] -- Installing: /home/harshit/mrt_ws/install/tutorial_interfaces/include/tutorial_interfaces/tutorial_interfaces/msg/detail/image_bounds__struct.hpp
[4.333s] -- Up-to-date: /home/harshit/mrt_ws/install/tutorial_interfaces/include/tutorial_interfaces/tutorial_interfaces/msg/detail/sphere__builder.hpp
[4.333s] -- Installing: /home/harshit/mrt_ws/install/tutorial_interfaces/include/tutorial_interfaces/tutorial_interfaces/msg/detail/point__struct.hpp
[4.333s] -- Up-to-date: /home/harshit/mrt_ws/install/tutorial_interfaces/include/tutorial_interfaces/tutorial_interfaces/msg/detail/num__struct.hpp
[4.334s] -- Installing: /home/harshit/mrt_ws/install/tutorial_interfaces/include/tutorial_interfaces/tutorial_interfaces/msg/detail/point_array__struct.hpp
[4.334s] -- Installing: /home/harshit/mrt_ws/install/tutorial_interfaces/include/tutorial_interfaces/tutorial_interfaces/msg/detail/image_bounds__builder.hpp
[4.334s] -- Installing: /home/harshit/mrt_ws/install/tutorial_interfaces/include/tutorial_interfaces/tutorial_interfaces/msg/detail/image_bounds__traits.hpp
[4.334s] -- Up-to-date: /home/harshit/mrt_ws/install/tutorial_interfaces/include/tutorial_interfaces/tutorial_interfaces/msg/detail/num__traits.hpp
[4.334s] -- Up-to-date: /home/harshit/mrt_ws/install/tutorial_interfaces/include/tutorial_interfaces/tutorial_interfaces/msg/detail/point2_d__traits.hpp
[4.334s] -- Up-to-date: /home/harshit/mrt_ws/install/tutorial_interfaces/include/tutorial_interfaces/tutorial_interfaces/msg/detail/num__builder.hpp
[4.334s] -- Up-to-date: /home/harshit/mrt_ws/install/tutorial_interfaces/include/tutorial_interfaces/tutorial_interfaces/msg/detail/sphere__traits.hpp
[4.334s] -- Installing: /home/harshit/mrt_ws/install/tutorial_interfaces/include/tutorial_interfaces/tutorial_interfaces/msg/detail/point_array__traits.hpp
[4.334s] -- Up-to-date: /home/harshit/mrt_ws/install/tutorial_interfaces/include/tutorial_interfaces/tutorial_interfaces/msg/detail/point2_d__builder.hpp
[4.334s] -- Installing: /home/harshit/mrt_ws/install/tutorial_interfaces/include/tutorial_interfaces/tutorial_interfaces/msg/detail/point__traits.hpp
[4.334s] -- Installing: /home/harshit/mrt_ws/install/tutorial_interfaces/include/tutorial_interfaces/tutorial_interfaces/msg/detail/point__builder.hpp
[4.334s] -- Installing: /home/harshit/mrt_ws/install/tutorial_interfaces/include/tutorial_interfaces/tutorial_interfaces/msg/point.hpp
[4.334s] -- Up-to-date: /home/harshit/mrt_ws/install/tutorial_interfaces/include/tutorial_interfaces/tutorial_interfaces/msg/sphere.hpp
[4.335s] -- Up-to-date: /home/harshit/mrt_ws/install/tutorial_interfaces/include/tutorial_interfaces/tutorial_interfaces/msg/num.hpp
[4.335s] -- Up-to-date: /home/harshit/mrt_ws/install/tutorial_interfaces/include/tutorial_interfaces/tutorial_interfaces
[4.335s] -- Up-to-date: /home/harshit/mrt_ws/install/tutorial_interfaces/include/tutorial_interfaces/tutorial_interfaces/srv
[4.335s] -- Up-to-date: /home/harshit/mrt_ws/install/tutorial_interfaces/include/tutorial_interfaces/tutorial_interfaces/srv/detail
[4.335s] -- Up-to-date: /home/harshit/mrt_ws/install/tutorial_interfaces/include/tutorial_interfaces/tutorial_interfaces/srv/detail/add_three_ints__rosidl_typesupport_fastrtps_cpp.hpp
[4.335s] -- Installing: /home/harshit/mrt_ws/install/tutorial_interfaces/include/tutorial_interfaces/tutorial_interfaces/srv/detail/process_image__rosidl_typesupport_fastrtps_cpp.hpp
[4.335s] -- Up-to-date: /home/harshit/mrt_ws/install/tutorial_interfaces/include/tutorial_interfaces/tutorial_interfaces/srv/detail/dds_fastrtps
[4.335s] -- Up-to-date: /home/harshit/mrt_ws/install/tutorial_interfaces/include/tutorial_interfaces/tutorial_interfaces/msg
[4.335s] -- Up-to-date: /home/harshit/mrt_ws/install/tutorial_interfaces/include/tutorial_interfaces/tutorial_interfaces/msg/rosidl_typesupport_fastrtps_cpp__visibility_control.h
[4.335s] -- Up-to-date: /home/harshit/mrt_ws/install/tutorial_interfaces/include/tutorial_interfaces/tutorial_interfaces/msg/detail
[4.335s] -- Up-to-date: /home/harshit/mrt_ws/install/tutorial_interfaces/include/tutorial_interfaces/tutorial_interfaces/msg/detail/point2_d__rosidl_typesupport_fastrtps_cpp.hpp
[4.335s] -- Installing: /home/harshit/mrt_ws/install/tutorial_interfaces/include/tutorial_interfaces/tutorial_interfaces/msg/detail/point__rosidl_typesupport_fastrtps_cpp.hpp
[4.335s] -- Up-to-date: /home/harshit/mrt_ws/install/tutorial_interfaces/include/tutorial_interfaces/tutorial_interfaces/msg/detail/num__rosidl_typesupport_fastrtps_cpp.hpp
[4.336s] -- Up-to-date: /home/harshit/mrt_ws/install/tutorial_interfaces/include/tutorial_interfaces/tutorial_interfaces/msg/detail/sphere__rosidl_typesupport_fastrtps_cpp.hpp
[4.336s] -- Installing: /home/harshit/mrt_ws/install/tutorial_interfaces/include/tutorial_interfaces/tutorial_interfaces/msg/detail/image_bounds__rosidl_typesupport_fastrtps_cpp.hpp
[4.336s] -- Installing: /home/harshit/mrt_ws/install/tutorial_interfaces/include/tutorial_interfaces/tutorial_interfaces/msg/detail/point_array__rosidl_typesupport_fastrtps_cpp.hpp
[4.336s] -- Up-to-date: /home/harshit/mrt_ws/install/tutorial_interfaces/include/tutorial_interfaces/tutorial_interfaces/msg/detail/dds_fastrtps
[4.336s] -- Installing: /home/harshit/mrt_ws/install/tutorial_interfaces/lib/libtutorial_interfaces__rosidl_typesupport_fastrtps_cpp.so
[4.336s] -- Set non-toolchain portion of runtime path of "/home/harshit/mrt_ws/install/tutorial_interfaces/lib/libtutorial_interfaces__rosidl_typesupport_fastrtps_cpp.so" to ""
[4.336s] -- Up-to-date: /home/harshit/mrt_ws/install/tutorial_interfaces/include/tutorial_interfaces/tutorial_interfaces
[4.336s] -- Up-to-date: /home/harshit/mrt_ws/install/tutorial_interfaces/include/tutorial_interfaces/tutorial_interfaces/srv
[4.336s] -- Up-to-date: /home/harshit/mrt_ws/install/tutorial_interfaces/include/tutorial_interfaces/tutorial_interfaces/srv/detail
[4.336s] -- Installing: /home/harshit/mrt_ws/install/tutorial_interfaces/include/tutorial_interfaces/tutorial_interfaces/srv/detail/process_image__rosidl_typesupport_introspection_cpp.hpp
[4.336s] -- Up-to-date: /home/harshit/mrt_ws/install/tutorial_interfaces/include/tutorial_interfaces/tutorial_interfaces/srv/detail/add_three_ints__type_support.cpp
[4.336s] -- Installing: /home/harshit/mrt_ws/install/tutorial_interfaces/include/tutorial_interfaces/tutorial_interfaces/srv/detail/process_image__type_support.cpp
[4.336s] -- Up-to-date: /home/harshit/mrt_ws/install/tutorial_interfaces/include/tutorial_interfaces/tutorial_interfaces/srv/detail/add_three_ints__rosidl_typesupport_introspection_cpp.hpp
[4.336s] -- Up-to-date: /home/harshit/mrt_ws/install/tutorial_interfaces/include/tutorial_interfaces/tutorial_interfaces/msg
[4.336s] -- Up-to-date: /home/harshit/mrt_ws/install/tutorial_interfaces/include/tutorial_interfaces/tutorial_interfaces/msg/detail
[4.337s] -- Up-to-date: /home/harshit/mrt_ws/install/tutorial_interfaces/include/tutorial_interfaces/tutorial_interfaces/msg/detail/num__type_support.cpp
[4.337s] -- Installing: /home/harshit/mrt_ws/install/tutorial_interfaces/include/tutorial_interfaces/tutorial_interfaces/msg/detail/image_bounds__rosidl_typesupport_introspection_cpp.hpp
[4.337s] -- Installing: /home/harshit/mrt_ws/install/tutorial_interfaces/include/tutorial_interfaces/tutorial_interfaces/msg/detail/point__type_support.cpp
[4.337s] -- Up-to-date: /home/harshit/mrt_ws/install/tutorial_interfaces/include/tutorial_interfaces/tutorial_interfaces/msg/detail/num__rosidl_typesupport_introspection_cpp.hpp
[4.337s] -- Installing: /home/harshit/mrt_ws/install/tutorial_interfaces/include/tutorial_interfaces/tutorial_interfaces/msg/detail/point_array__type_support.cpp
[4.337s] -- Installing: /home/harshit/mrt_ws/install/tutorial_interfaces/include/tutorial_interfaces/tutorial_interfaces/msg/detail/point_array__rosidl_typesupport_introspection_cpp.hpp
[4.337s] -- Installing: /home/harshit/mrt_ws/install/tutorial_interfaces/include/tutorial_interfaces/tutorial_interfaces/msg/detail/image_bounds__type_support.cpp
[4.337s] -- Up-to-date: /home/harshit/mrt_ws/install/tutorial_interfaces/include/tutorial_interfaces/tutorial_interfaces/msg/detail/point2_d__type_support.cpp
[4.337s] -- Up-to-date: /home/harshit/mrt_ws/install/tutorial_interfaces/include/tutorial_interfaces/tutorial_interfaces/msg/detail/sphere__rosidl_typesupport_introspection_cpp.hpp
[4.337s] -- Up-to-date: /home/harshit/mrt_ws/install/tutorial_interfaces/include/tutorial_interfaces/tutorial_interfaces/msg/detail/point2_d__rosidl_typesupport_introspection_cpp.hpp
[4.337s] -- Up-to-date: /home/harshit/mrt_ws/install/tutorial_interfaces/include/tutorial_interfaces/tutorial_interfaces/msg/detail/sphere__type_support.cpp
[4.337s] -- Installing: /home/harshit/mrt_ws/install/tutorial_interfaces/include/tutorial_interfaces/tutorial_interfaces/msg/detail/point__rosidl_typesupport_introspection_cpp.hpp
[4.337s] -- Installing: /home/harshit/mrt_ws/install/tutorial_interfaces/lib/libtutorial_interfaces__rosidl_typesupport_introspection_cpp.so
[4.337s] -- Set non-toolchain portion of runtime path of "/home/harshit/mrt_ws/install/tutorial_interfaces/lib/libtutorial_interfaces__rosidl_typesupport_introspection_cpp.so" to ""
[4.338s] -- Installing: /home/harshit/mrt_ws/install/tutorial_interfaces/lib/libtutorial_interfaces__rosidl_typesupport_cpp.so
[4.338s] -- Set non-toolchain portion of runtime path of "/home/harshit/mrt_ws/install/tutorial_interfaces/lib/libtutorial_interfaces__rosidl_typesupport_cpp.so" to ""
[4.338s] -- Up-to-date: /home/harshit/mrt_ws/install/tutorial_interfaces/share/tutorial_interfaces/environment/pythonpath.sh
[4.338s] -- Installing: /home/harshit/mrt_ws/install/tutorial_interfaces/share/tutorial_interfaces/environment/pythonpath.dsv
[4.338s] -- Up-to-date: /home/harshit/mrt_ws/install/tutorial_interfaces/local/lib/python3.10/dist-packages/tutorial_interfaces-0.0.0-py3.10.egg-info
[4.338s] -- Installing: /home/harshit/mrt_ws/install/tutorial_interfaces/local/lib/python3.10/dist-packages/tutorial_interfaces-0.0.0-py3.10.egg-info/top_level.txt
[4.338s] -- Installing: /home/harshit/mrt_ws/install/tutorial_interfaces/local/lib/python3.10/dist-packages/tutorial_interfaces-0.0.0-py3.10.egg-info/SOURCES.txt
[4.338s] -- Installing: /home/harshit/mrt_ws/install/tutorial_interfaces/local/lib/python3.10/dist-packages/tutorial_interfaces-0.0.0-py3.10.egg-info/dependency_links.txt
[4.338s] -- Installing: /home/harshit/mrt_ws/install/tutorial_interfaces/local/lib/python3.10/dist-packages/tutorial_interfaces-0.0.0-py3.10.egg-info/PKG-INFO
[4.338s] -- Up-to-date: /home/harshit/mrt_ws/install/tutorial_interfaces/local/lib/python3.10/dist-packages/tutorial_interfaces
[4.338s] -- Up-to-date: /home/harshit/mrt_ws/install/tutorial_interfaces/local/lib/python3.10/dist-packages/tutorial_interfaces/srv
[4.338s] -- Up-to-date: /home/harshit/mrt_ws/install/tutorial_interfaces/local/lib/python3.10/dist-packages/tutorial_interfaces/srv/_add_three_ints.py
[4.338s] -- Up-to-date: /home/harshit/mrt_ws/install/tutorial_interfaces/local/lib/python3.10/dist-packages/tutorial_interfaces/srv/_add_three_ints_s.c
[4.338s] -- Installing: /home/harshit/mrt_ws/install/tutorial_interfaces/local/lib/python3.10/dist-packages/tutorial_interfaces/srv/_process_image.py
[4.339s] -- Installing: /home/harshit/mrt_ws/install/tutorial_interfaces/local/lib/python3.10/dist-packages/tutorial_interfaces/srv/_process_image_s.c
[4.339s] -- Installing: /home/harshit/mrt_ws/install/tutorial_interfaces/local/lib/python3.10/dist-packages/tutorial_interfaces/srv/__init__.py
[4.339s] -- Installing: /home/harshit/mrt_ws/install/tutorial_interfaces/local/lib/python3.10/dist-packages/tutorial_interfaces/_tutorial_interfaces_s.ep.rosidl_typesupport_c.c
[4.339s] -- Installing: /home/harshit/mrt_ws/install/tutorial_interfaces/local/lib/python3.10/dist-packages/tutorial_interfaces/tutorial_interfaces_s__rosidl_typesupport_introspection_c.cpython-310-x86_64-linux-gnu.so
[4.339s] -- Installing: /home/harshit/mrt_ws/install/tutorial_interfaces/local/lib/python3.10/dist-packages/tutorial_interfaces/_tutorial_interfaces_s.ep.rosidl_typesupport_introspection_c.c
[4.339s] -- Up-to-date: /home/harshit/mrt_ws/install/tutorial_interfaces/local/lib/python3.10/dist-packages/tutorial_interfaces/msg
[4.339s] -- Up-to-date: /home/harshit/mrt_ws/install/tutorial_interfaces/local/lib/python3.10/dist-packages/tutorial_interfaces/msg/_point2_d_s.c
[4.339s] -- Up-to-date: /home/harshit/mrt_ws/install/tutorial_interfaces/local/lib/python3.10/dist-packages/tutorial_interfaces/msg/_num_s.c
[4.339s] -- Installing: /home/harshit/mrt_ws/install/tutorial_interfaces/local/lib/python3.10/dist-packages/tutorial_interfaces/msg/_point_s.c
[4.339s] -- Installing: /home/harshit/mrt_ws/install/tutorial_interfaces/local/lib/python3.10/dist-packages/tutorial_interfaces/msg/_point_array_s.c
[4.339s] -- Installing: /home/harshit/mrt_ws/install/tutorial_interfaces/local/lib/python3.10/dist-packages/tutorial_interfaces/msg/_image_bounds_s.c
[4.339s] -- Up-to-date: /home/harshit/mrt_ws/install/tutorial_interfaces/local/lib/python3.10/dist-packages/tutorial_interfaces/msg/_num.py
[4.339s] -- Up-to-date: /home/harshit/mrt_ws/install/tutorial_interfaces/local/lib/python3.10/dist-packages/tutorial_interfaces/msg/_sphere_s.c
[4.339s] -- Installing: /home/harshit/mrt_ws/install/tutorial_interfaces/local/lib/python3.10/dist-packages/tutorial_interfaces/msg/_point.py
[4.339s] -- Installing: /home/harshit/mrt_ws/install/tutorial_interfaces/local/lib/python3.10/dist-packages/tutorial_interfaces/msg/_point_array.py
[4.340s] -- Installing: /home/harshit/mrt_ws/install/tutorial_interfaces/local/lib/python3.10/dist-packages/tutorial_interfaces/msg/_image_bounds.py
[4.340s] -- Up-to-date: /home/harshit/mrt_ws/install/tutorial_interfaces/local/lib/python3.10/dist-packages/tutorial_interfaces/msg/_sphere.py
[4.340s] -- Installing: /home/harshit/mrt_ws/install/tutorial_interfaces/local/lib/python3.10/dist-packages/tutorial_interfaces/msg/__init__.py
[4.340s] -- Up-to-date: /home/harshit/mrt_ws/install/tutorial_interfaces/local/lib/python3.10/dist-packages/tutorial_interfaces/msg/_point2_d.py
[4.340s] -- Installing: /home/harshit/mrt_ws/install/tutorial_interfaces/local/lib/python3.10/dist-packages/tutorial_interfaces/tutorial_interfaces_s__rosidl_typesupport_fastrtps_c.cpython-310-x86_64-linux-gnu.so
[4.340s] -- Installing: /home/harshit/mrt_ws/install/tutorial_interfaces/local/lib/python3.10/dist-packages/tutorial_interfaces/libtutorial_interfaces__rosidl_generator_py.so
[4.340s] -- Installing: /home/harshit/mrt_ws/install/tutorial_interfaces/local/lib/python3.10/dist-packages/tutorial_interfaces/tutorial_interfaces_s__rosidl_typesupport_c.cpython-310-x86_64-linux-gnu.so
[4.340s] -- Installing: /home/harshit/mrt_ws/install/tutorial_interfaces/local/lib/python3.10/dist-packages/tutorial_interfaces/_tutorial_interfaces_s.ep.rosidl_typesupport_fastrtps_c.c
[4.340s] -- Installing: /home/harshit/mrt_ws/install/tutorial_interfaces/local/lib/python3.10/dist-packages/tutorial_interfaces/__init__.py
[4.366s] Listing '/home/harshit/mrt_ws/install/tutorial_interfaces/local/lib/python3.10/dist-packages/tutorial_interfaces'...
[4.366s] Compiling '/home/harshit/mrt_ws/install/tutorial_interfaces/local/lib/python3.10/dist-packages/tutorial_interfaces/__init__.py'...
[4.367s] Listing '/home/harshit/mrt_ws/install/tutorial_interfaces/local/lib/python3.10/dist-packages/tutorial_interfaces/msg'...
[4.367s] Compiling '/home/harshit/mrt_ws/install/tutorial_interfaces/local/lib/python3.10/dist-packages/tutorial_interfaces/msg/__init__.py'...
[4.367s] Compiling '/home/harshit/mrt_ws/install/tutorial_interfaces/local/lib/python3.10/dist-packages/tutorial_interfaces/msg/_image_bounds.py'...
[4.367s] Compiling '/home/harshit/mrt_ws/install/tutorial_interfaces/local/lib/python3.10/dist-packages/tutorial_interfaces/msg/_point.py'...
[4.367s] Compiling '/home/harshit/mrt_ws/install/tutorial_interfaces/local/lib/python3.10/dist-packages/tutorial_interfaces/msg/_point_array.py'...
[4.367s] Listing '/home/harshit/mrt_ws/install/tutorial_interfaces/local/lib/python3.10/dist-packages/tutorial_interfaces/srv'...
[4.367s] Compiling '/home/harshit/mrt_ws/install/tutorial_interfaces/local/lib/python3.10/dist-packages/tutorial_interfaces/srv/__init__.py'...
[4.367s] Compiling '/home/harshit/mrt_ws/install/tutorial_interfaces/local/lib/python3.10/dist-packages/tutorial_interfaces/srv/_process_image.py'...
[4.370s] -- Installing: /home/harshit/mrt_ws/install/tutorial_interfaces/local/lib/python3.10/dist-packages/tutorial_interfaces/tutorial_interfaces_s__rosidl_typesupport_fastrtps_c.cpython-310-x86_64-linux-gnu.so
[4.370s] -- Set non-toolchain portion of runtime path of "/home/harshit/mrt_ws/install/tutorial_interfaces/local/lib/python3.10/dist-packages/tutorial_interfaces/tutorial_interfaces_s__rosidl_typesupport_fastrtps_c.cpython-310-x86_64-linux-gnu.so" to ""
[4.370s] -- Installing: /home/harshit/mrt_ws/install/tutorial_interfaces/local/lib/python3.10/dist-packages/tutorial_interfaces/tutorial_interfaces_s__rosidl_typesupport_introspection_c.cpython-310-x86_64-linux-gnu.so
[4.370s] -- Set non-toolchain portion of runtime path of "/home/harshit/mrt_ws/install/tutorial_interfaces/local/lib/python3.10/dist-packages/tutorial_interfaces/tutorial_interfaces_s__rosidl_typesupport_introspection_c.cpython-310-x86_64-linux-gnu.so" to ""
[4.370s] -- Installing: /home/harshit/mrt_ws/install/tutorial_interfaces/local/lib/python3.10/dist-packages/tutorial_interfaces/tutorial_interfaces_s__rosidl_typesupport_c.cpython-310-x86_64-linux-gnu.so
[4.371s] -- Set non-toolchain portion of runtime path of "/home/harshit/mrt_ws/install/tutorial_interfaces/local/lib/python3.10/dist-packages/tutorial_interfaces/tutorial_interfaces_s__rosidl_typesupport_c.cpython-310-x86_64-linux-gnu.so" to ""
[4.371s] -- Installing: /home/harshit/mrt_ws/install/tutorial_interfaces/lib/libtutorial_interfaces__rosidl_generator_py.so
[4.371s] -- Set non-toolchain portion of runtime path of "/home/harshit/mrt_ws/install/tutorial_interfaces/lib/libtutorial_interfaces__rosidl_generator_py.so" to ""
[4.371s] -- Up-to-date: /home/harshit/mrt_ws/install/tutorial_interfaces/share/tutorial_interfaces/msg/Point.idl
[4.371s] -- Up-to-date: /home/harshit/mrt_ws/install/tutorial_interfaces/share/tutorial_interfaces/msg/PointArray.idl
[4.371s] -- Installing: /home/harshit/mrt_ws/install/tutorial_interfaces/share/tutorial_interfaces/msg/ImageBounds.idl
[4.371s] -- Up-to-date: /home/harshit/mrt_ws/install/tutorial_interfaces/share/tutorial_interfaces/srv/ProcessImage.idl
[4.371s] -- Up-to-date: /home/harshit/mrt_ws/install/tutorial_interfaces/share/tutorial_interfaces/msg/Point.msg
[4.371s] -- Up-to-date: /home/harshit/mrt_ws/install/tutorial_interfaces/share/tutorial_interfaces/msg/PointArray.msg
[4.371s] -- Installing: /home/harshit/mrt_ws/install/tutorial_interfaces/share/tutorial_interfaces/msg/ImageBounds.msg
[4.371s] -- Up-to-date: /home/harshit/mrt_ws/install/tutorial_interfaces/share/tutorial_interfaces/srv/ProcessImage.srv
[4.371s] -- Up-to-date: /home/harshit/mrt_ws/install/tutorial_interfaces/share/tutorial_interfaces/srv/ProcessImage_Request.msg
[4.371s] -- Up-to-date: /home/harshit/mrt_ws/install/tutorial_interfaces/share/tutorial_interfaces/srv/ProcessImage_Response.msg
[4.371s] -- Up-to-date: /home/harshit/mrt_ws/install/tutorial_interfaces/share/ament_index/resource_index/package_run_dependencies/tutorial_interfaces
[4.371s] -- Up-to-date: /home/harshit/mrt_ws/install/tutorial_interfaces/share/ament_index/resource_index/parent_prefix_path/tutorial_interfaces
[4.371s] -- Up-to-date: /home/harshit/mrt_ws/install/tutorial_interfaces/share/tutorial_interfaces/environment/ament_prefix_path.sh
[4.372s] -- Installing: /home/harshit/mrt_ws/install/tutorial_interfaces/share/tutorial_interfaces/environment/ament_prefix_path.dsv
[4.372s] -- Up-to-date: /home/harshit/mrt_ws/install/tutorial_interfaces/share/tutorial_interfaces/environment/path.sh
[4.372s] -- Installing: /home/harshit/mrt_ws/install/tutorial_interfaces/share/tutorial_interfaces/environment/path.dsv
[4.372s] -- Up-to-date: /home/harshit/mrt_ws/install/tutorial_interfaces/share/tutorial_interfaces/local_setup.bash
[4.372s] -- Up-to-date: /home/harshit/mrt_ws/install/tutorial_interfaces/share/tutorial_interfaces/local_setup.sh
[4.372s] -- Up-to-date: /home/harshit/mrt_ws/install/tutorial_interfaces/share/tutorial_interfaces/local_setup.zsh
[4.372s] -- Installing: /home/harshit/mrt_ws/install/tutorial_interfaces/share/tutorial_interfaces/local_setup.dsv
[4.372s] -- Installing: /home/harshit/mrt_ws/install/tutorial_interfaces/share/tutorial_interfaces/package.dsv
[4.372s] -- Up-to-date: /home/harshit/mrt_ws/install/tutorial_interfaces/share/ament_index/resource_index/packages/tutorial_interfaces
[4.372s] -- Up-to-date: /home/harshit/mrt_ws/install/tutorial_interfaces/share/tutorial_interfaces/cmake/export_tutorial_interfaces__rosidl_generator_cExport.cmake
[4.372s] -- Up-to-date: /home/harshit/mrt_ws/install/tutorial_interfaces/share/tutorial_interfaces/cmake/export_tutorial_interfaces__rosidl_generator_cExport-noconfig.cmake
[4.372s] -- Up-to-date: /home/harshit/mrt_ws/install/tutorial_interfaces/share/tutorial_interfaces/cmake/export_tutorial_interfaces__rosidl_typesupport_fastrtps_cExport.cmake
[4.372s] -- Up-to-date: /home/harshit/mrt_ws/install/tutorial_interfaces/share/tutorial_interfaces/cmake/export_tutorial_interfaces__rosidl_typesupport_fastrtps_cExport-noconfig.cmake
[4.372s] -- Up-to-date: /home/harshit/mrt_ws/install/tutorial_interfaces/share/tutorial_interfaces/cmake/tutorial_interfaces__rosidl_typesupport_introspection_cExport.cmake
[4.372s] -- Up-to-date: /home/harshit/mrt_ws/install/tutorial_interfaces/share/tutorial_interfaces/cmake/tutorial_interfaces__rosidl_typesupport_introspection_cExport-noconfig.cmake
[4.372s] -- Up-to-date: /home/harshit/mrt_ws/install/tutorial_interfaces/share/tutorial_interfaces/cmake/tutorial_interfaces__rosidl_typesupport_cExport.cmake
[4.372s] -- Up-to-date: /home/harshit/mrt_ws/install/tutorial_interfaces/share/tutorial_interfaces/cmake/tutorial_interfaces__rosidl_typesupport_cExport-noconfig.cmake
[4.372s] -- Up-to-date: /home/harshit/mrt_ws/install/tutorial_interfaces/share/tutorial_interfaces/cmake/export_tutorial_interfaces__rosidl_generator_cppExport.cmake
[4.372s] -- Up-to-date: /home/harshit/mrt_ws/install/tutorial_interfaces/share/tutorial_interfaces/cmake/export_tutorial_interfaces__rosidl_typesupport_fastrtps_cppExport.cmake
[4.373s] -- Up-to-date: /home/harshit/mrt_ws/install/tutorial_interfaces/share/tutorial_interfaces/cmake/export_tutorial_interfaces__rosidl_typesupport_fastrtps_cppExport-noconfig.cmake
[4.373s] -- Up-to-date: /home/harshit/mrt_ws/install/tutorial_interfaces/share/tutorial_interfaces/cmake/tutorial_interfaces__rosidl_typesupport_introspection_cppExport.cmake
[4.373s] -- Up-to-date: /home/harshit/mrt_ws/install/tutorial_interfaces/share/tutorial_interfaces/cmake/tutorial_interfaces__rosidl_typesupport_introspection_cppExport-noconfig.cmake
[4.373s] -- Up-to-date: /home/harshit/mrt_ws/install/tutorial_interfaces/share/tutorial_interfaces/cmake/tutorial_interfaces__rosidl_typesupport_cppExport.cmake
[4.373s] -- Up-to-date: /home/harshit/mrt_ws/install/tutorial_interfaces/share/tutorial_interfaces/cmake/tutorial_interfaces__rosidl_typesupport_cppExport-noconfig.cmake
[4.373s] -- Up-to-date: /home/harshit/mrt_ws/install/tutorial_interfaces/share/tutorial_interfaces/cmake/export_tutorial_interfaces__rosidl_generator_pyExport.cmake
[4.373s] -- Up-to-date: /home/harshit/mrt_ws/install/tutorial_interfaces/share/tutorial_interfaces/cmake/export_tutorial_interfaces__rosidl_generator_pyExport-noconfig.cmake
[4.373s] -- Up-to-date: /home/harshit/mrt_ws/install/tutorial_interfaces/share/tutorial_interfaces/cmake/rosidl_cmake-extras.cmake
[4.373s] -- Up-to-date: /home/harshit/mrt_ws/install/tutorial_interfaces/share/tutorial_interfaces/cmake/ament_cmake_export_dependencies-extras.cmake
[4.373s] -- Up-to-date: /home/harshit/mrt_ws/install/tutorial_interfaces/share/tutorial_interfaces/cmake/ament_cmake_export_include_directories-extras.cmake
[4.373s] -- Up-to-date: /home/harshit/mrt_ws/install/tutorial_interfaces/share/tutorial_interfaces/cmake/ament_cmake_export_libraries-extras.cmake
[4.373s] -- Up-to-date: /home/harshit/mrt_ws/install/tutorial_interfaces/share/tutorial_interfaces/cmake/ament_cmake_export_targets-extras.cmake
[4.373s] -- Up-to-date: /home/harshit/mrt_ws/install/tutorial_interfaces/share/tutorial_interfaces/cmake/rosidl_cmake_export_typesupport_targets-extras.cmake
[4.373s] -- Up-to-date: /home/harshit/mrt_ws/install/tutorial_interfaces/share/tutorial_interfaces/cmake/rosidl_cmake_export_typesupport_libraries-extras.cmake
[4.373s] -- Up-to-date: /home/harshit/mrt_ws/install/tutorial_interfaces/share/tutorial_interfaces/cmake/tutorial_interfacesConfig.cmake
[4.373s] -- Up-to-date: /home/harshit/mrt_ws/install/tutorial_interfaces/share/tutorial_interfaces/cmake/tutorial_interfacesConfig-version.cmake
[4.373s] -- Up-to-date: /home/harshit/mrt_ws/install/tutorial_interfaces/share/tutorial_interfaces/package.xml
[4.375s] Invoked command in '/home/harshit/mrt_ws/build/tutorial_interfaces' returned '0': CMAKE_PREFIX_PATH=${CMAKE_PREFIX_PATH}:/home/harshit/mrt_ws/install/week0_tutorials:/home/harshit/mrt_ws/install/py_srvcli:/home/harshit/mrt_ws/install/sauron:/opt/ros/humble /usr/bin/cmake --install /home/harshit/mrt_ws/build/tutorial_interfaces
