[0.596s] Invoking command in '/home/harshit/mrt_ws/src/py_srvcli': PYTHONPATH=/home/harshit/mrt_ws/build/py_srvcli/prefix_override:/usr/lib/python3/dist-packages/colcon_core/task/python/colcon_distutils_commands:/home/harshit/mrt_ws/install/py_srvcli/lib/python3.10/site-packages:${PYTHONPATH} /usr/bin/python3 -W ignore:setup.py install is deprecated setup.py egg_info --egg-base ../../build/py_srvcli build --build-base /home/harshit/mrt_ws/build/py_srvcli/build install --record /home/harshit/mrt_ws/build/py_srvcli/install.log --single-version-externally-managed install_data
[0.754s] running egg_info
[0.755s] writing ../../build/py_srvcli/py_srvcli.egg-info/PKG-INFO
[0.755s] writing dependency_links to ../../build/py_srvcli/py_srvcli.egg-info/dependency_links.txt
[0.755s] writing entry points to ../../build/py_srvcli/py_srvcli.egg-info/entry_points.txt
[0.755s] writing requirements to ../../build/py_srvcli/py_srvcli.egg-info/requires.txt
[0.755s] writing top-level names to ../../build/py_srvcli/py_srvcli.egg-info/top_level.txt
[0.756s] reading manifest file '../../build/py_srvcli/py_srvcli.egg-info/SOURCES.txt'
[0.757s] writing manifest file '../../build/py_srvcli/py_srvcli.egg-info/SOURCES.txt'
[0.757s] running build
[0.757s] running build_py
[0.757s] copying py_srvcli/service_member_function.py -> /home/harshit/mrt_ws/build/py_srvcli/build/lib/py_srvcli
[0.757s] running install
[0.758s] running install_lib
[0.758s] copying /home/harshit/mrt_ws/build/py_srvcli/build/lib/py_srvcli/service_member_function.py -> /home/harshit/mrt_ws/install/py_srvcli/lib/python3.10/site-packages/py_srvcli
[0.758s] byte-compiling /home/harshit/mrt_ws/install/py_srvcli/lib/python3.10/site-packages/py_srvcli/service_member_function.py to service_member_function.cpython-310.pyc
[0.759s] running install_data
[0.759s] running install_egg_info
[0.760s] removing '/home/harshit/mrt_ws/install/py_srvcli/lib/python3.10/site-packages/py_srvcli-0.0.0-py3.10.egg-info' (and everything under it)
[0.761s] Copying ../../build/py_srvcli/py_srvcli.egg-info to /home/harshit/mrt_ws/install/py_srvcli/lib/python3.10/site-packages/py_srvcli-0.0.0-py3.10.egg-info
[0.761s] running install_scripts
[0.776s] Installing client script to /home/harshit/mrt_ws/install/py_srvcli/lib/py_srvcli
[0.776s] Installing service script to /home/harshit/mrt_ws/install/py_srvcli/lib/py_srvcli
[0.776s] writing list of installed files to '/home/harshit/mrt_ws/build/py_srvcli/install.log'
[0.803s] Invoked command in '/home/harshit/mrt_ws/src/py_srvcli' returned '0': PYTHONPATH=/home/harshit/mrt_ws/build/py_srvcli/prefix_override:/usr/lib/python3/dist-packages/colcon_core/task/python/colcon_distutils_commands:/home/harshit/mrt_ws/install/py_srvcli/lib/python3.10/site-packages:${PYTHONPATH} /usr/bin/python3 -W ignore:setup.py install is deprecated setup.py egg_info --egg-base ../../build/py_srvcli build --build-base /home/harshit/mrt_ws/build/py_srvcli/build install --record /home/harshit/mrt_ws/build/py_srvcli/install.log --single-version-externally-managed install_data
