[0.010s] Invoking command in '/home/harshit/mrt_ws/build/tutorial_interfaces': CMAKE_PREFIX_PATH=${CMAKE_PREFIX_PATH}:/home/harshit/mrt_ws/install/week0_tutorials:/home/harshit/mrt_ws/install/py_srvcli:/home/harshit/mrt_ws/install/sauron:/opt/ros/humble /usr/bin/cmake --build /home/harshit/mrt_ws/build/tutorial_interfaces -- -j8 -l8
[0.025s] -- Found rosidl_default_generators: 1.2.0 (/opt/ros/humble/share/rosidl_default_generators/cmake)
[0.025s] -- Found ament_cmake_core: 1.3.10 (/opt/ros/humble/share/ament_cmake_core/cmake)
[0.162s] -- Using all available rosidl_typesupport_c: rosidl_typesupport_fastrtps_c;rosidl_typesupport_introspection_c
[0.164s] -- Found rosidl_adapter: 3.1.5 (/opt/ros/humble/share/rosidl_adapter/cmake)
[0.189s] -- Using all available rosidl_typesupport_cpp: rosidl_typesupport_fastrtps_cpp;rosidl_typesupport_introspection_cpp
[0.207s] -- Found sensor_msgs: 4.2.4 (/opt/ros/humble/share/sensor_msgs/cmake)
[0.575s] -- Found ament_cmake_ros: 0.10.0 (/opt/ros/humble/share/ament_cmake_ros/cmake)
[0.931s] -- Using all available rosidl_typesupport_c: rosidl_typesupport_fastrtps_c;rosidl_typesupport_introspection_c
[1.401s] -- Using all available rosidl_typesupport_cpp: rosidl_typesupport_fastrtps_cpp;rosidl_typesupport_introspection_cpp
[1.403s] [33mCMake Warning (dev) at /opt/ros/humble/share/rosidl_generator_py/cmake/rosidl_generator_py_generate_interfaces.cmake:20 (find_package):
[1.403s]   Policy CMP0148 is not set: The FindPythonInterp and FindPythonLibs modules
[1.403s]   are removed.  Run "cmake --help-policy CMP0148" for policy details.  Use
[1.403s]   the cmake_policy command to set the policy and suppress this warning.
[1.403s] 
[1.403s] Call Stack (most recent call first):
[1.403s]   /opt/ros/humble/share/ament_cmake_core/cmake/core/ament_execute_extensions.cmake:48 (include)
[1.403s]   /opt/ros/humble/share/rosidl_cmake/cmake/rosidl_generate_interfaces.cmake:286 (ament_execute_extensions)
[1.403s]   CMakeLists.txt:7 (rosidl_generate_interfaces)
[1.403s] This warning is for project developers.  Use -Wno-dev to suppress it.
[1.403s] [0m
[1.417s] -- Found python_cmake_module: 0.10.0 (/opt/ros/humble/share/python_cmake_module/cmake)
[1.418s] [33mCMake Warning (dev) at /opt/ros/humble/share/python_cmake_module/cmake/Modules/FindPythonExtra.cmake:52 (find_package):
[1.418s]   Policy CMP0148 is not set: The FindPythonInterp and FindPythonLibs modules
[1.418s]   are removed.  Run "cmake --help-policy CMP0148" for policy details.  Use
[1.418s]   the cmake_policy command to set the policy and suppress this warning.
[1.418s] 
[1.418s] Call Stack (most recent call first):
[1.418s]   /opt/ros/humble/share/rosidl_generator_py/cmake/rosidl_generator_py_generate_interfaces.cmake:23 (find_package)
[1.418s]   /opt/ros/humble/share/ament_cmake_core/cmake/core/ament_execute_extensions.cmake:48 (include)
[1.418s]   /opt/ros/humble/share/rosidl_cmake/cmake/rosidl_generate_interfaces.cmake:286 (ament_execute_extensions)
[1.418s]   CMakeLists.txt:7 (rosidl_generate_interfaces)
[1.418s] This warning is for project developers.  Use -Wno-dev to suppress it.
[1.418s] [0m
[1.432s] [33mCMake Warning (dev) at /opt/ros/humble/share/python_cmake_module/cmake/Modules/FindPythonExtra.cmake:140 (find_package):
[1.432s]   Policy CMP0148 is not set: The FindPythonInterp and FindPythonLibs modules
[1.432s]   are removed.  Run "cmake --help-policy CMP0148" for policy details.  Use
[1.432s]   the cmake_policy command to set the policy and suppress this warning.
[1.432s] 
[1.432s] Call Stack (most recent call first):
[1.432s]   /opt/ros/humble/share/rosidl_generator_py/cmake/rosidl_generator_py_generate_interfaces.cmake:23 (find_package)
[1.432s]   /opt/ros/humble/share/ament_cmake_core/cmake/core/ament_execute_extensions.cmake:48 (include)
[1.432s]   /opt/ros/humble/share/rosidl_cmake/cmake/rosidl_generate_interfaces.cmake:286 (ament_execute_extensions)
[1.432s]   CMakeLists.txt:7 (rosidl_generate_interfaces)
[1.432s] This warning is for project developers.  Use -Wno-dev to suppress it.
[1.432s] [0m
[1.433s] -- Using PYTHON_EXECUTABLE: /usr/bin/python3
[1.433s] -- Using PYTHON_INCLUDE_DIRS: /usr/include/python3.10
[1.433s] -- Using PYTHON_LIBRARIES: /usr/lib/x86_64-linux-gnu/libpython3.10.so
[1.470s] -- Found ament_lint_auto: 0.12.11 (/opt/ros/humble/share/ament_lint_auto/cmake)
[1.476s] -- Added test 'lint_cmake' to check CMake code style
[1.477s] -- Added test 'xmllint' to check XML markup files
[1.478s] -- Configuring done (1.5s)
[1.508s] -- Generating done (0.0s)
[1.509s] -- Build files have been written to: /home/harshit/mrt_ws/build/tutorial_interfaces
[1.522s] [  1%] [34m[1mGenerating C code for ROS interfaces[0m
[1.526s] [  3%] [34m[1mGenerating C++ code for ROS interfaces[0m
[1.529s] [  3%] Built target ament_cmake_python_copy_tutorial_interfaces
[1.696s] running egg_info
[1.697s] writing tutorial_interfaces.egg-info/PKG-INFO
[1.697s] writing dependency_links to tutorial_interfaces.egg-info/dependency_links.txt
[1.697s] writing top-level names to tutorial_interfaces.egg-info/top_level.txt
[1.699s] reading manifest file 'tutorial_interfaces.egg-info/SOURCES.txt'
[1.700s] writing manifest file 'tutorial_interfaces.egg-info/SOURCES.txt'
[1.726s] [  3%] Built target ament_cmake_python_build_tutorial_interfaces_egg
[1.813s] [  3%] Built target tutorial_interfaces__cpp
[1.818s] [  7%] [34m[1mGenerating C++ type support dispatch for ROS interfaces[0m
[1.818s] [  7%] [34m[1mGenerating C++ introspection for ROS interfaces[0m
[1.818s] [  9%] [34m[1mGenerating C++ type support for eProsima Fast-RTPS[0m
[1.884s] [ 10%] [32mBuilding C object CMakeFiles/tutorial_interfaces__rosidl_generator_c.dir/rosidl_generator_c/tutorial_interfaces/msg/detail/point__functions.c.o[0m
[1.884s] [ 12%] [32mBuilding C object CMakeFiles/tutorial_interfaces__rosidl_generator_c.dir/rosidl_generator_c/tutorial_interfaces/srv/detail/process_image__functions.c.o[0m
[1.885s] [ 16%] [32mBuilding C object CMakeFiles/tutorial_interfaces__rosidl_generator_c.dir/rosidl_generator_c/tutorial_interfaces/msg/detail/image_bounds__functions.c.o[0m
[1.885s] [ 16%] [32mBuilding C object CMakeFiles/tutorial_interfaces__rosidl_generator_c.dir/rosidl_generator_c/tutorial_interfaces/msg/detail/point_array__functions.c.o[0m
[1.939s] [ 18%] [32m[1mLinking C shared library libtutorial_interfaces__rosidl_generator_c.so[0m
[1.964s] [ 18%] Built target tutorial_interfaces__rosidl_generator_c
[1.970s] [ 20%] [34m[1mGenerating C type support for eProsima Fast-RTPS[0m
[1.970s] [ 23%] [34m[1mGenerating C introspection for ROS interfaces[0m
[1.970s] [ 23%] [34m[1mGenerating C type support dispatch for ROS interfaces[0m
[2.190s] [ 25%] [32mBuilding CXX object CMakeFiles/tutorial_interfaces__rosidl_typesupport_cpp.dir/rosidl_typesupport_cpp/tutorial_interfaces/msg/point__type_support.cpp.o[0m
[2.197s] [ 27%] [32mBuilding CXX object CMakeFiles/tutorial_interfaces__rosidl_typesupport_cpp.dir/rosidl_typesupport_cpp/tutorial_interfaces/msg/point_array__type_support.cpp.o[0m
[2.204s] [ 29%] [32mBuilding CXX object CMakeFiles/tutorial_interfaces__rosidl_typesupport_cpp.dir/rosidl_typesupport_cpp/tutorial_interfaces/msg/image_bounds__type_support.cpp.o[0m
[2.217s] [ 30%] [32mBuilding CXX object CMakeFiles/tutorial_interfaces__rosidl_typesupport_introspection_cpp.dir/rosidl_typesupport_introspection_cpp/tutorial_interfaces/msg/detail/point__type_support.cpp.o[0m
[2.296s] [ 32%] [32mBuilding CXX object CMakeFiles/tutorial_interfaces__rosidl_typesupport_fastrtps_cpp.dir/rosidl_typesupport_fastrtps_cpp/tutorial_interfaces/msg/detail/dds_fastrtps/point__type_support.cpp.o[0m
[2.437s] [ 34%] [32mBuilding CXX object CMakeFiles/tutorial_interfaces__rosidl_typesupport_c.dir/rosidl_typesupport_c/tutorial_interfaces/msg/point__type_support.cpp.o[0m
[2.491s] [ 36%] [32mBuilding CXX object CMakeFiles/tutorial_interfaces__rosidl_typesupport_c.dir/rosidl_typesupport_c/tutorial_interfaces/msg/point_array__type_support.cpp.o[0m
[2.500s] [ 38%] [32mBuilding CXX object CMakeFiles/tutorial_interfaces__rosidl_typesupport_c.dir/rosidl_typesupport_c/tutorial_interfaces/msg/image_bounds__type_support.cpp.o[0m
[2.516s] [ 40%] [32mBuilding C object CMakeFiles/tutorial_interfaces__rosidl_typesupport_introspection_c.dir/rosidl_typesupport_introspection_c/tutorial_interfaces/msg/detail/point__type_support.c.o[0m
[2.525s] [ 41%] [32mBuilding CXX object CMakeFiles/tutorial_interfaces__rosidl_typesupport_fastrtps_c.dir/rosidl_typesupport_fastrtps_c/tutorial_interfaces/msg/detail/point__type_support_c.cpp.o[0m
[2.549s] [ 43%] [32mBuilding C object CMakeFiles/tutorial_interfaces__rosidl_typesupport_introspection_c.dir/rosidl_typesupport_introspection_c/tutorial_interfaces/msg/detail/image_bounds__type_support.c.o[0m
[2.551s] [ 45%] [32mBuilding C object CMakeFiles/tutorial_interfaces__rosidl_typesupport_introspection_c.dir/rosidl_typesupport_introspection_c/tutorial_interfaces/msg/detail/point_array__type_support.c.o[0m
[2.552s] [ 47%] [32mBuilding CXX object CMakeFiles/tutorial_interfaces__rosidl_typesupport_c.dir/rosidl_typesupport_c/tutorial_interfaces/srv/process_image__type_support.cpp.o[0m
[2.555s] [ 49%] [32mBuilding CXX object CMakeFiles/tutorial_interfaces__rosidl_typesupport_cpp.dir/rosidl_typesupport_cpp/tutorial_interfaces/srv/process_image__type_support.cpp.o[0m
[2.561s] [ 50%] [32mBuilding CXX object CMakeFiles/tutorial_interfaces__rosidl_typesupport_fastrtps_cpp.dir/rosidl_typesupport_fastrtps_cpp/tutorial_interfaces/msg/detail/dds_fastrtps/point_array__type_support.cpp.o[0m
[2.586s] [ 52%] [32m[1mLinking CXX shared library libtutorial_interfaces__rosidl_typesupport_c.so[0m
[2.592s] [ 54%] [32mBuilding CXX object CMakeFiles/tutorial_interfaces__rosidl_typesupport_introspection_cpp.dir/rosidl_typesupport_introspection_cpp/tutorial_interfaces/msg/detail/point_array__type_support.cpp.o[0m
[2.592s] [ 56%] [32mBuilding C object CMakeFiles/tutorial_interfaces__rosidl_typesupport_introspection_c.dir/rosidl_typesupport_introspection_c/tutorial_interfaces/srv/detail/process_image__type_support.c.o[0m
[2.653s] [ 58%] [32m[1mLinking C shared library libtutorial_interfaces__rosidl_typesupport_introspection_c.so[0m
[2.659s] [ 58%] Built target tutorial_interfaces__rosidl_typesupport_c
[2.668s] [ 60%] [32mBuilding CXX object CMakeFiles/tutorial_interfaces__rosidl_typesupport_fastrtps_c.dir/rosidl_typesupport_fastrtps_c/tutorial_interfaces/msg/detail/point_array__type_support_c.cpp.o[0m
[2.674s] [ 61%] [32mBuilding CXX object CMakeFiles/tutorial_interfaces__rosidl_typesupport_fastrtps_cpp.dir/rosidl_typesupport_fastrtps_cpp/tutorial_interfaces/msg/detail/dds_fastrtps/image_bounds__type_support.cpp.o[0m
[2.689s] [ 61%] Built target tutorial_interfaces__rosidl_typesupport_introspection_c
[2.696s] [ 63%] [32mBuilding CXX object CMakeFiles/tutorial_interfaces__rosidl_typesupport_fastrtps_c.dir/rosidl_typesupport_fastrtps_c/tutorial_interfaces/msg/detail/image_bounds__type_support_c.cpp.o[0m
[2.756s] [ 65%] [32mBuilding CXX object CMakeFiles/tutorial_interfaces__rosidl_typesupport_fastrtps_cpp.dir/rosidl_typesupport_fastrtps_cpp/tutorial_interfaces/srv/detail/dds_fastrtps/process_image__type_support.cpp.o[0m
[3.012s] [ 67%] [32m[1mLinking CXX shared library libtutorial_interfaces__rosidl_typesupport_cpp.so[0m
[3.029s] [ 69%] [32mBuilding CXX object CMakeFiles/tutorial_interfaces__rosidl_typesupport_fastrtps_c.dir/rosidl_typesupport_fastrtps_c/tutorial_interfaces/srv/detail/process_image__type_support_c.cpp.o[0m
[3.053s] [ 70%] [32mBuilding CXX object CMakeFiles/tutorial_interfaces__rosidl_typesupport_introspection_cpp.dir/rosidl_typesupport_introspection_cpp/tutorial_interfaces/msg/detail/image_bounds__type_support.cpp.o[0m
[3.066s] [ 70%] Built target tutorial_interfaces__rosidl_typesupport_cpp
[3.066s] [ 72%] [32mBuilding CXX object CMakeFiles/tutorial_interfaces__rosidl_typesupport_introspection_cpp.dir/rosidl_typesupport_introspection_cpp/tutorial_interfaces/srv/detail/process_image__type_support.cpp.o[0m
[3.301s] [ 74%] [32m[1mLinking CXX shared library libtutorial_interfaces__rosidl_typesupport_fastrtps_cpp.so[0m
[3.363s] [ 74%] Built target tutorial_interfaces__rosidl_typesupport_fastrtps_cpp
[3.403s] [ 76%] [32m[1mLinking CXX shared library libtutorial_interfaces__rosidl_typesupport_fastrtps_c.so[0m
[3.414s] [ 78%] [32m[1mLinking CXX shared library libtutorial_interfaces__rosidl_typesupport_introspection_cpp.so[0m
[3.464s] [ 78%] Built target tutorial_interfaces__rosidl_typesupport_fastrtps_c
[3.476s] [ 78%] Built target tutorial_interfaces__rosidl_typesupport_introspection_cpp
[3.483s] [ 78%] Built target tutorial_interfaces
[3.492s] [ 80%] [34m[1mGenerating Python code for ROS interfaces[0m
[3.880s] [ 80%] Built target tutorial_interfaces__py
[3.891s] [ 85%] [32mBuilding C object CMakeFiles/tutorial_interfaces__rosidl_generator_py.dir/rosidl_generator_py/tutorial_interfaces/msg/_point_s.c.o[0m
[3.892s] [ 85%] [32mBuilding C object CMakeFiles/tutorial_interfaces__rosidl_generator_py.dir/rosidl_generator_py/tutorial_interfaces/msg/_point_array_s.c.o[0m
[3.892s] [ 85%] [32mBuilding C object CMakeFiles/tutorial_interfaces__rosidl_generator_py.dir/rosidl_generator_py/tutorial_interfaces/msg/_image_bounds_s.c.o[0m
[3.892s] [ 87%] [32mBuilding C object CMakeFiles/tutorial_interfaces__rosidl_generator_py.dir/rosidl_generator_py/tutorial_interfaces/srv/_process_image_s.c.o[0m
[3.998s] [ 89%] [32m[1mLinking C shared library rosidl_generator_py/tutorial_interfaces/libtutorial_interfaces__rosidl_generator_py.so[0m
[4.020s] [ 89%] Built target tutorial_interfaces__rosidl_generator_py
[4.031s] [ 94%] [32mBuilding C object CMakeFiles/tutorial_interfaces__rosidl_typesupport_c__pyext.dir/rosidl_generator_py/tutorial_interfaces/_tutorial_interfaces_s.ep.rosidl_typesupport_c.c.o[0m
[4.031s] [ 94%] [32mBuilding C object CMakeFiles/tutorial_interfaces__rosidl_typesupport_fastrtps_c__pyext.dir/rosidl_generator_py/tutorial_interfaces/_tutorial_interfaces_s.ep.rosidl_typesupport_fastrtps_c.c.o[0m
[4.031s] [ 94%] [32mBuilding C object CMakeFiles/tutorial_interfaces__rosidl_typesupport_introspection_c__pyext.dir/rosidl_generator_py/tutorial_interfaces/_tutorial_interfaces_s.ep.rosidl_typesupport_introspection_c.c.o[0m
[4.100s] [100%] [32m[1mLinking C shared library rosidl_generator_py/tutorial_interfaces/tutorial_interfaces_s__rosidl_typesupport_fastrtps_c.cpython-310-x86_64-linux-gnu.so[0m
[4.101s] [100%] [32m[1mLinking C shared library rosidl_generator_py/tutorial_interfaces/tutorial_interfaces_s__rosidl_typesupport_c.cpython-310-x86_64-linux-gnu.so[0m
[4.101s] [100%] [32m[1mLinking C shared library rosidl_generator_py/tutorial_interfaces/tutorial_interfaces_s__rosidl_typesupport_introspection_c.cpython-310-x86_64-linux-gnu.so[0m
[4.122s] [100%] Built target tutorial_interfaces__rosidl_typesupport_introspection_c__pyext
[4.122s] [100%] Built target tutorial_interfaces__rosidl_typesupport_fastrtps_c__pyext
[4.122s] [100%] Built target tutorial_interfaces__rosidl_typesupport_c__pyext
[4.126s] Invoked command in '/home/harshit/mrt_ws/build/tutorial_interfaces' returned '0': CMAKE_PREFIX_PATH=${CMAKE_PREFIX_PATH}:/home/harshit/mrt_ws/install/week0_tutorials:/home/harshit/mrt_ws/install/py_srvcli:/home/harshit/mrt_ws/install/sauron:/opt/ros/humble /usr/bin/cmake --build /home/harshit/mrt_ws/build/tutorial_interfaces -- -j8 -l8
[4.192s] Invoking command in '/home/harshit/mrt_ws/build/tutorial_interfaces': CMAKE_PREFIX_PATH=${CMAKE_PREFIX_PATH}:/home/harshit/mrt_ws/install/week0_tutorials:/home/harshit/mrt_ws/install/py_srvcli:/home/harshit/mrt_ws/install/sauron:/opt/ros/humble /usr/bin/cmake --install /home/harshit/mrt_ws/build/tutorial_interfaces
[4.195s] -- Install configuration: ""
[4.195s] -- Up-to-date: /home/harshit/mrt_ws/install/tutorial_interfaces/share/ament_index/resource_index/rosidl_interfaces/tutorial_interfaces
[4.195s] -- Up-to-date: /home/harshit/mrt_ws/install/tutorial_interfaces/include/tutorial_interfaces/tutorial_interfaces
[4.195s] -- Up-to-date: /home/harshit/mrt_ws/install/tutorial_interfaces/include/tutorial_interfaces/tutorial_interfaces/srv
[4.196s] -- Installing: /home/harshit/mrt_ws/install/tutorial_interfaces/include/tutorial_interfaces/tutorial_interfaces/srv/process_image.h
[4.196s] -- Up-to-date: /home/harshit/mrt_ws/install/tutorial_interfaces/include/tutorial_interfaces/tutorial_interfaces/srv/add_three_ints.h
[4.196s] -- Up-to-date: /home/harshit/mrt_ws/install/tutorial_interfaces/include/tutorial_interfaces/tutorial_interfaces/srv/detail
[4.196s] -- Installing: /home/harshit/mrt_ws/install/tutorial_interfaces/include/tutorial_interfaces/tutorial_interfaces/srv/detail/process_image__struct.h
[4.196s] -- Installing: /home/harshit/mrt_ws/install/tutorial_interfaces/include/tutorial_interfaces/tutorial_interfaces/srv/detail/process_image__functions.c
[4.196s] -- Installing: /home/harshit/mrt_ws/install/tutorial_interfaces/include/tutorial_interfaces/tutorial_interfaces/srv/detail/process_image__type_support.h
[4.196s] -- Up-to-date: /home/harshit/mrt_ws/install/tutorial_interfaces/include/tutorial_interfaces/tutorial_interfaces/srv/detail/add_three_ints__functions.c
[4.196s] -- Up-to-date: /home/harshit/mrt_ws/install/tutorial_interfaces/include/tutorial_interfaces/tutorial_interfaces/srv/detail/add_three_ints__functions.h
[4.196s] -- Up-to-date: /home/harshit/mrt_ws/install/tutorial_interfaces/include/tutorial_interfaces/tutorial_interfaces/srv/detail/add_three_ints__struct.h
[4.196s] -- Up-to-date: /home/harshit/mrt_ws/install/tutorial_interfaces/include/tutorial_interfaces/tutorial_interfaces/srv/detail/add_three_ints__type_support.h
[4.196s] -- Installing: /home/harshit/mrt_ws/install/tutorial_interfaces/include/tutorial_interfaces/tutorial_interfaces/srv/detail/process_image__functions.h
[4.196s] -- Up-to-date: /home/harshit/mrt_ws/install/tutorial_interfaces/include/tutorial_interfaces/tutorial_interfaces/msg
[4.196s] -- Up-to-date: /home/harshit/mrt_ws/install/tutorial_interfaces/include/tutorial_interfaces/tutorial_interfaces/msg/sphere.h
[4.197s] -- Up-to-date: /home/harshit/mrt_ws/install/tutorial_interfaces/include/tutorial_interfaces/tutorial_interfaces/msg/rosidl_generator_c__visibility_control.h
[4.197s] -- Up-to-date: /home/harshit/mrt_ws/install/tutorial_interfaces/include/tutorial_interfaces/tutorial_interfaces/msg/detail
[4.197s] -- Installing: /home/harshit/mrt_ws/install/tutorial_interfaces/include/tutorial_interfaces/tutorial_interfaces/msg/detail/point_array__struct.h
[4.197s] -- Installing: /home/harshit/mrt_ws/install/tutorial_interfaces/include/tutorial_interfaces/tutorial_interfaces/msg/detail/point__functions.c
[4.197s] -- Up-to-date: /home/harshit/mrt_ws/install/tutorial_interfaces/include/tutorial_interfaces/tutorial_interfaces/msg/detail/num__struct.h
[4.197s] -- Up-to-date: /home/harshit/mrt_ws/install/tutorial_interfaces/include/tutorial_interfaces/tutorial_interfaces/msg/detail/sphere__type_support.h
[4.197s] -- Up-to-date: /home/harshit/mrt_ws/install/tutorial_interfaces/include/tutorial_interfaces/tutorial_interfaces/msg/detail/num__functions.h
[4.197s] -- Installing: /home/harshit/mrt_ws/install/tutorial_interfaces/include/tutorial_interfaces/tutorial_interfaces/msg/detail/point__struct.h
[4.197s] -- Up-to-date: /home/harshit/mrt_ws/install/tutorial_interfaces/include/tutorial_interfaces/tutorial_interfaces/msg/detail/num__functions.c
[4.197s] -- Up-to-date: /home/harshit/mrt_ws/install/tutorial_interfaces/include/tutorial_interfaces/tutorial_interfaces/msg/detail/sphere__struct.h
[4.197s] -- Up-to-date: /home/harshit/mrt_ws/install/tutorial_interfaces/include/tutorial_interfaces/tutorial_interfaces/msg/detail/num__type_support.h
[4.197s] -- Installing: /home/harshit/mrt_ws/install/tutorial_interfaces/include/tutorial_interfaces/tutorial_interfaces/msg/detail/point__functions.h
[4.197s] -- Installing: /home/harshit/mrt_ws/install/tutorial_interfaces/include/tutorial_interfaces/tutorial_interfaces/msg/detail/image_bounds__functions.c
[4.198s] -- Installing: /home/harshit/mrt_ws/install/tutorial_interfaces/include/tutorial_interfaces/tutorial_interfaces/msg/detail/point_array__functions.h
[4.198s] -- Up-to-date: /home/harshit/mrt_ws/install/tutorial_interfaces/include/tutorial_interfaces/tutorial_interfaces/msg/detail/point2_d__type_support.h
[4.198s] -- Up-to-date: /home/harshit/mrt_ws/install/tutorial_interfaces/include/tutorial_interfaces/tutorial_interfaces/msg/detail/sphere__functions.h
[4.198s] -- Installing: /home/harshit/mrt_ws/install/tutorial_interfaces/include/tutorial_interfaces/tutorial_interfaces/msg/detail/point_array__type_support.h
[4.198s] -- Up-to-date: /home/harshit/mrt_ws/install/tutorial_interfaces/include/tutorial_interfaces/tutorial_interfaces/msg/detail/sphere__functions.c
[4.198s] -- Installing: /home/harshit/mrt_ws/install/tutorial_interfaces/include/tutorial_interfaces/tutorial_interfaces/msg/detail/point__type_support.h
[4.198s] -- Up-to-date: /home/harshit/mrt_ws/install/tutorial_interfaces/include/tutorial_interfaces/tutorial_interfaces/msg/detail/point2_d__struct.h
[4.198s] -- Up-to-date: /home/harshit/mrt_ws/install/tutorial_interfaces/include/tutorial_interfaces/tutorial_interfaces/msg/detail/point2_d__functions.c
[4.198s] -- Installing: /home/harshit/mrt_ws/install/tutorial_interfaces/include/tutorial_interfaces/tutorial_interfaces/msg/detail/image_bounds__struct.h
[4.198s] -- Installing: /home/harshit/mrt_ws/install/tutorial_interfaces/include/tutorial_interfaces/tutorial_interfaces/msg/detail/point_array__functions.c
[4.198s] -- Installing: /home/harshit/mrt_ws/install/tutorial_interfaces/include/tutorial_interfaces/tutorial_interfaces/msg/detail/image_bounds__functions.h
[4.198s] -- Up-to-date: /home/harshit/mrt_ws/install/tutorial_interfaces/include/tutorial_interfaces/tutorial_interfaces/msg/detail/point2_d__functions.h
[4.199s] -- Installing: /home/harshit/mrt_ws/install/tutorial_interfaces/include/tutorial_interfaces/tutorial_interfaces/msg/detail/image_bounds__type_support.h
[4.199s] -- Installing: /home/harshit/mrt_ws/install/tutorial_interfaces/include/tutorial_interfaces/tutorial_interfaces/msg/image_bounds.h
[4.199s] -- Installing: /home/harshit/mrt_ws/install/tutorial_interfaces/include/tutorial_interfaces/tutorial_interfaces/msg/point.h
[4.199s] -- Installing: /home/harshit/mrt_ws/install/tutorial_interfaces/include/tutorial_interfaces/tutorial_interfaces/msg/point_array.h
[4.199s] -- Up-to-date: /home/harshit/mrt_ws/install/tutorial_interfaces/include/tutorial_interfaces/tutorial_interfaces/msg/point2_d.h
[4.199s] -- Up-to-date: /home/harshit/mrt_ws/install/tutorial_interfaces/include/tutorial_interfaces/tutorial_interfaces/msg/num.h
[4.199s] -- Up-to-date: /home/harshit/mrt_ws/install/tutorial_interfaces/share/tutorial_interfaces/environment/library_path.sh
[4.199s] -- Installing: /home/harshit/mrt_ws/install/tutorial_interfaces/share/tutorial_interfaces/environment/library_path.dsv
[4.199s] -- Installing: /home/harshit/mrt_ws/install/tutorial_interfaces/lib/libtutorial_interfaces__rosidl_generator_c.so
[4.200s] -- Set non-toolchain portion of runtime path of "/home/harshit/mrt_ws/install/tutorial_interfaces/lib/libtutorial_interfaces__rosidl_generator_c.so" to ""
[4.200s] -- Up-to-date: /home/harshit/mrt_ws/install/tutorial_interfaces/include/tutorial_interfaces/tutorial_interfaces
[4.200s] -- Up-to-date: /home/harshit/mrt_ws/install/tutorial_interfaces/include/tutorial_interfaces/tutorial_interfaces/srv
[4.200s] -- Up-to-date: /home/harshit/mrt_ws/install/tutorial_interfaces/include/tutorial_interfaces/tutorial_interfaces/srv/detail
[4.200s] -- Up-to-date: /home/harshit/mrt_ws/install/tutorial_interfaces/include/tutorial_interfaces/tutorial_interfaces/srv/detail/add_three_ints__rosidl_typesupport_fastrtps_c.h
[4.200s] -- Installing: /home/harshit/mrt_ws/install/tutorial_interfaces/include/tutorial_interfaces/tutorial_interfaces/srv/detail/process_image__rosidl_typesupport_fastrtps_c.h
[4.200s] -- Up-to-date: /home/harshit/mrt_ws/install/tutorial_interfaces/include/tutorial_interfaces/tutorial_interfaces/msg
[4.200s] -- Up-to-date: /home/harshit/mrt_ws/install/tutorial_interfaces/include/tutorial_interfaces/tutorial_interfaces/msg/detail
[4.200s] -- Installing: /home/harshit/mrt_ws/install/tutorial_interfaces/include/tutorial_interfaces/tutorial_interfaces/msg/detail/point_array__rosidl_typesupport_fastrtps_c.h
[4.200s] -- Up-to-date: /home/harshit/mrt_ws/install/tutorial_interfaces/include/tutorial_interfaces/tutorial_interfaces/msg/detail/num__rosidl_typesupport_fastrtps_c.h
[4.200s] -- Installing: /home/harshit/mrt_ws/install/tutorial_interfaces/include/tutorial_interfaces/tutorial_interfaces/msg/detail/image_bounds__rosidl_typesupport_fastrtps_c.h
[4.201s] -- Installing: /home/harshit/mrt_ws/install/tutorial_interfaces/include/tutorial_interfaces/tutorial_interfaces/msg/detail/point__rosidl_typesupport_fastrtps_c.h
[4.201s] -- Up-to-date: /home/harshit/mrt_ws/install/tutorial_interfaces/include/tutorial_interfaces/tutorial_interfaces/msg/detail/point2_d__rosidl_typesupport_fastrtps_c.h
[4.201s] -- Up-to-date: /home/harshit/mrt_ws/install/tutorial_interfaces/include/tutorial_interfaces/tutorial_interfaces/msg/detail/sphere__rosidl_typesupport_fastrtps_c.h
[4.201s] -- Up-to-date: /home/harshit/mrt_ws/install/tutorial_interfaces/include/tutorial_interfaces/tutorial_interfaces/msg/rosidl_typesupport_fastrtps_c__visibility_control.h
[4.201s] -- Installing: /home/harshit/mrt_ws/install/tutorial_interfaces/lib/libtutorial_interfaces__rosidl_typesupport_fastrtps_c.so
[4.201s] -- Set non-toolchain portion of runtime path of "/home/harshit/mrt_ws/install/tutorial_interfaces/lib/libtutorial_interfaces__rosidl_typesupport_fastrtps_c.so" to ""
[4.201s] -- Up-to-date: /home/harshit/mrt_ws/install/tutorial_interfaces/include/tutorial_interfaces/tutorial_interfaces
[4.201s] -- Up-to-date: /home/harshit/mrt_ws/install/tutorial_interfaces/include/tutorial_interfaces/tutorial_interfaces/srv
[4.201s] -- Up-to-date: /home/harshit/mrt_ws/install/tutorial_interfaces/include/tutorial_interfaces/tutorial_interfaces/srv/detail
[4.201s] -- Installing: /home/harshit/mrt_ws/install/tutorial_interfaces/include/tutorial_interfaces/tutorial_interfaces/srv/detail/process_image__type_support.c
[4.201s] -- Installing: /home/harshit/mrt_ws/install/tutorial_interfaces/include/tutorial_interfaces/tutorial_interfaces/srv/detail/process_image__rosidl_typesupport_introspection_c.h
[4.201s] -- Up-to-date: /home/harshit/mrt_ws/install/tutorial_interfaces/include/tutorial_interfaces/tutorial_interfaces/srv/detail/add_three_ints__type_support.c
[4.201s] -- Up-to-date: /home/harshit/mrt_ws/install/tutorial_interfaces/include/tutorial_interfaces/tutorial_interfaces/srv/detail/add_three_ints__rosidl_typesupport_introspection_c.h
[4.201s] -- Up-to-date: /home/harshit/mrt_ws/install/tutorial_interfaces/include/tutorial_interfaces/tutorial_interfaces/msg
[4.202s] -- Up-to-date: /home/harshit/mrt_ws/install/tutorial_interfaces/include/tutorial_interfaces/tutorial_interfaces/msg/rosidl_typesupport_introspection_c__visibility_control.h
[4.202s] -- Up-to-date: /home/harshit/mrt_ws/install/tutorial_interfaces/include/tutorial_interfaces/tutorial_interfaces/msg/detail
[4.202s] -- Installing: /home/harshit/mrt_ws/install/tutorial_interfaces/include/tutorial_interfaces/tutorial_interfaces/msg/detail/image_bounds__type_support.c
[4.202s] -- Installing: /home/harshit/mrt_ws/install/tutorial_interfaces/include/tutorial_interfaces/tutorial_interfaces/msg/detail/point_array__rosidl_typesupport_introspection_c.h
[4.202s] -- Up-to-date: /home/harshit/mrt_ws/install/tutorial_interfaces/include/tutorial_interfaces/tutorial_interfaces/msg/detail/point2_d__rosidl_typesupport_introspection_c.h
[4.202s] -- Up-to-date: /home/harshit/mrt_ws/install/tutorial_interfaces/include/tutorial_interfaces/tutorial_interfaces/msg/detail/point2_d__type_support.c
[4.202s] -- Up-to-date: /home/harshit/mrt_ws/install/tutorial_interfaces/include/tutorial_interfaces/tutorial_interfaces/msg/detail/num__type_support.c
[4.202s] -- Up-to-date: /home/harshit/mrt_ws/install/tutorial_interfaces/include/tutorial_interfaces/tutorial_interfaces/msg/detail/num__rosidl_typesupport_introspection_c.h
[4.202s] -- Installing: /home/harshit/mrt_ws/install/tutorial_interfaces/include/tutorial_interfaces/tutorial_interfaces/msg/detail/point__type_support.c
[4.202s] -- Up-to-date: /home/harshit/mrt_ws/install/tutorial_interfaces/include/tutorial_interfaces/tutorial_interfaces/msg/detail/sphere__rosidl_typesupport_introspection_c.h
[4.202s] -- Up-to-date: /home/harshit/mrt_ws/install/tutorial_interfaces/include/tutorial_interfaces/tutorial_interfaces/msg/detail/sphere__type_support.c
[4.202s] -- Installing: /home/harshit/mrt_ws/install/tutorial_interfaces/include/tutorial_interfaces/tutorial_interfaces/msg/detail/point__rosidl_typesupport_introspection_c.h
[4.202s] -- Installing: /home/harshit/mrt_ws/install/tutorial_interfaces/include/tutorial_interfaces/tutorial_interfaces/msg/detail/image_bounds__rosidl_typesupport_introspection_c.h
[4.202s] -- Installing: /home/harshit/mrt_ws/install/tutorial_interfaces/include/tutorial_interfaces/tutorial_interfaces/msg/detail/point_array__type_support.c
[4.202s] -- Installing: /home/harshit/mrt_ws/install/tutorial_interfaces/lib/libtutorial_interfaces__rosidl_typesupport_introspection_c.so
[4.203s] -- Set non-toolchain portion of runtime path of "/home/harshit/mrt_ws/install/tutorial_interfaces/lib/libtutorial_interfaces__rosidl_typesupport_introspection_c.so" to ""
[4.203s] -- Installing: /home/harshit/mrt_ws/install/tutorial_interfaces/lib/libtutorial_interfaces__rosidl_typesupport_c.so
[4.203s] -- Set non-toolchain portion of runtime path of "/home/harshit/mrt_ws/install/tutorial_interfaces/lib/libtutorial_interfaces__rosidl_typesupport_c.so" to ""
[4.203s] -- Up-to-date: /home/harshit/mrt_ws/install/tutorial_interfaces/include/tutorial_interfaces/tutorial_interfaces
[4.203s] -- Up-to-date: /home/harshit/mrt_ws/install/tutorial_interfaces/include/tutorial_interfaces/tutorial_interfaces/srv
[4.203s] -- Installing: /home/harshit/mrt_ws/install/tutorial_interfaces/include/tutorial_interfaces/tutorial_interfaces/srv/process_image.hpp
[4.203s] -- Up-to-date: /home/harshit/mrt_ws/install/tutorial_interfaces/include/tutorial_interfaces/tutorial_interfaces/srv/detail
[4.203s] -- Installing: /home/harshit/mrt_ws/install/tutorial_interfaces/include/tutorial_interfaces/tutorial_interfaces/srv/detail/process_image__builder.hpp
[4.203s] -- Up-to-date: /home/harshit/mrt_ws/install/tutorial_interfaces/include/tutorial_interfaces/tutorial_interfaces/srv/detail/add_three_ints__builder.hpp
[4.203s] -- Up-to-date: /home/harshit/mrt_ws/install/tutorial_interfaces/include/tutorial_interfaces/tutorial_interfaces/srv/detail/add_three_ints__traits.hpp
[4.203s] -- Installing: /home/harshit/mrt_ws/install/tutorial_interfaces/include/tutorial_interfaces/tutorial_interfaces/srv/detail/process_image__traits.hpp
[4.203s] -- Up-to-date: /home/harshit/mrt_ws/install/tutorial_interfaces/include/tutorial_interfaces/tutorial_interfaces/srv/detail/add_three_ints__struct.hpp
[4.204s] -- Installing: /home/harshit/mrt_ws/install/tutorial_interfaces/include/tutorial_interfaces/tutorial_interfaces/srv/detail/process_image__struct.hpp
[4.204s] -- Up-to-date: /home/harshit/mrt_ws/install/tutorial_interfaces/include/tutorial_interfaces/tutorial_interfaces/srv/add_three_ints.hpp
[4.204s] -- Up-to-date: /home/harshit/mrt_ws/install/tutorial_interfaces/include/tutorial_interfaces/tutorial_interfaces/msg
[4.204s] -- Up-to-date: /home/harshit/mrt_ws/install/tutorial_interfaces/include/tutorial_interfaces/tutorial_interfaces/msg/point2_d.hpp
[4.204s] -- Installing: /home/harshit/mrt_ws/install/tutorial_interfaces/include/tutorial_interfaces/tutorial_interfaces/msg/point_array.hpp
[4.204s] -- Installing: /home/harshit/mrt_ws/install/tutorial_interfaces/include/tutorial_interfaces/tutorial_interfaces/msg/image_bounds.hpp
[4.204s] -- Up-to-date: /home/harshit/mrt_ws/install/tutorial_interfaces/include/tutorial_interfaces/tutorial_interfaces/msg/detail
[4.204s] -- Installing: /home/harshit/mrt_ws/install/tutorial_interfaces/include/tutorial_interfaces/tutorial_interfaces/msg/detail/point_array__builder.hpp
[4.204s] -- Up-to-date: /home/harshit/mrt_ws/install/tutorial_interfaces/include/tutorial_interfaces/tutorial_interfaces/msg/detail/sphere__struct.hpp
[4.204s] -- Up-to-date: /home/harshit/mrt_ws/install/tutorial_interfaces/include/tutorial_interfaces/tutorial_interfaces/msg/detail/point2_d__struct.hpp
[4.204s] -- Installing: /home/harshit/mrt_ws/install/tutorial_interfaces/include/tutorial_interfaces/tutorial_interfaces/msg/detail/image_bounds__struct.hpp
[4.204s] -- Up-to-date: /home/harshit/mrt_ws/install/tutorial_interfaces/include/tutorial_interfaces/tutorial_interfaces/msg/detail/sphere__builder.hpp
[4.204s] -- Installing: /home/harshit/mrt_ws/install/tutorial_interfaces/include/tutorial_interfaces/tutorial_interfaces/msg/detail/point__struct.hpp
[4.204s] -- Up-to-date: /home/harshit/mrt_ws/install/tutorial_interfaces/include/tutorial_interfaces/tutorial_interfaces/msg/detail/num__struct.hpp
[4.205s] -- Installing: /home/harshit/mrt_ws/install/tutorial_interfaces/include/tutorial_interfaces/tutorial_interfaces/msg/detail/point_array__struct.hpp
[4.205s] -- Installing: /home/harshit/mrt_ws/install/tutorial_interfaces/include/tutorial_interfaces/tutorial_interfaces/msg/detail/image_bounds__builder.hpp
[4.205s] -- Installing: /home/harshit/mrt_ws/install/tutorial_interfaces/include/tutorial_interfaces/tutorial_interfaces/msg/detail/image_bounds__traits.hpp
[4.205s] -- Up-to-date: /home/harshit/mrt_ws/install/tutorial_interfaces/include/tutorial_interfaces/tutorial_interfaces/msg/detail/num__traits.hpp
[4.205s] -- Up-to-date: /home/harshit/mrt_ws/install/tutorial_interfaces/include/tutorial_interfaces/tutorial_interfaces/msg/detail/point2_d__traits.hpp
[4.205s] -- Up-to-date: /home/harshit/mrt_ws/install/tutorial_interfaces/include/tutorial_interfaces/tutorial_interfaces/msg/detail/num__builder.hpp
[4.205s] -- Up-to-date: /home/harshit/mrt_ws/install/tutorial_interfaces/include/tutorial_interfaces/tutorial_interfaces/msg/detail/sphere__traits.hpp
[4.205s] -- Installing: /home/harshit/mrt_ws/install/tutorial_interfaces/include/tutorial_interfaces/tutorial_interfaces/msg/detail/point_array__traits.hpp
[4.205s] -- Up-to-date: /home/harshit/mrt_ws/install/tutorial_interfaces/include/tutorial_interfaces/tutorial_interfaces/msg/detail/point2_d__builder.hpp
[4.205s] -- Installing: /home/harshit/mrt_ws/install/tutorial_interfaces/include/tutorial_interfaces/tutorial_interfaces/msg/detail/point__traits.hpp
[4.205s] -- Installing: /home/harshit/mrt_ws/install/tutorial_interfaces/include/tutorial_interfaces/tutorial_interfaces/msg/detail/point__builder.hpp
[4.205s] -- Installing: /home/harshit/mrt_ws/install/tutorial_interfaces/include/tutorial_interfaces/tutorial_interfaces/msg/point.hpp
[4.205s] -- Up-to-date: /home/harshit/mrt_ws/install/tutorial_interfaces/include/tutorial_interfaces/tutorial_interfaces/msg/sphere.hpp
[4.205s] -- Up-to-date: /home/harshit/mrt_ws/install/tutorial_interfaces/include/tutorial_interfaces/tutorial_interfaces/msg/num.hpp
[4.206s] -- Up-to-date: /home/harshit/mrt_ws/install/tutorial_interfaces/include/tutorial_interfaces/tutorial_interfaces
[4.206s] -- Up-to-date: /home/harshit/mrt_ws/install/tutorial_interfaces/include/tutorial_interfaces/tutorial_interfaces/srv
[4.206s] -- Up-to-date: /home/harshit/mrt_ws/install/tutorial_interfaces/include/tutorial_interfaces/tutorial_interfaces/srv/detail
[4.206s] -- Up-to-date: /home/harshit/mrt_ws/install/tutorial_interfaces/include/tutorial_interfaces/tutorial_interfaces/srv/detail/add_three_ints__rosidl_typesupport_fastrtps_cpp.hpp
[4.206s] -- Installing: /home/harshit/mrt_ws/install/tutorial_interfaces/include/tutorial_interfaces/tutorial_interfaces/srv/detail/process_image__rosidl_typesupport_fastrtps_cpp.hpp
[4.206s] -- Up-to-date: /home/harshit/mrt_ws/install/tutorial_interfaces/include/tutorial_interfaces/tutorial_interfaces/srv/detail/dds_fastrtps
[4.206s] -- Up-to-date: /home/harshit/mrt_ws/install/tutorial_interfaces/include/tutorial_interfaces/tutorial_interfaces/msg
[4.206s] -- Up-to-date: /home/harshit/mrt_ws/install/tutorial_interfaces/include/tutorial_interfaces/tutorial_interfaces/msg/rosidl_typesupport_fastrtps_cpp__visibility_control.h
[4.206s] -- Up-to-date: /home/harshit/mrt_ws/install/tutorial_interfaces/include/tutorial_interfaces/tutorial_interfaces/msg/detail
[4.206s] -- Up-to-date: /home/harshit/mrt_ws/install/tutorial_interfaces/include/tutorial_interfaces/tutorial_interfaces/msg/detail/point2_d__rosidl_typesupport_fastrtps_cpp.hpp
[4.206s] -- Installing: /home/harshit/mrt_ws/install/tutorial_interfaces/include/tutorial_interfaces/tutorial_interfaces/msg/detail/point__rosidl_typesupport_fastrtps_cpp.hpp
[4.206s] -- Up-to-date: /home/harshit/mrt_ws/install/tutorial_interfaces/include/tutorial_interfaces/tutorial_interfaces/msg/detail/num__rosidl_typesupport_fastrtps_cpp.hpp
[4.206s] -- Up-to-date: /home/harshit/mrt_ws/install/tutorial_interfaces/include/tutorial_interfaces/tutorial_interfaces/msg/detail/sphere__rosidl_typesupport_fastrtps_cpp.hpp
[4.206s] -- Installing: /home/harshit/mrt_ws/install/tutorial_interfaces/include/tutorial_interfaces/tutorial_interfaces/msg/detail/image_bounds__rosidl_typesupport_fastrtps_cpp.hpp
[4.206s] -- Installing: /home/harshit/mrt_ws/install/tutorial_interfaces/include/tutorial_interfaces/tutorial_interfaces/msg/detail/point_array__rosidl_typesupport_fastrtps_cpp.hpp
[4.206s] -- Up-to-date: /home/harshit/mrt_ws/install/tutorial_interfaces/include/tutorial_interfaces/tutorial_interfaces/msg/detail/dds_fastrtps
[4.207s] -- Installing: /home/harshit/mrt_ws/install/tutorial_interfaces/lib/libtutorial_interfaces__rosidl_typesupport_fastrtps_cpp.so
[4.207s] -- Set non-toolchain portion of runtime path of "/home/harshit/mrt_ws/install/tutorial_interfaces/lib/libtutorial_interfaces__rosidl_typesupport_fastrtps_cpp.so" to ""
[4.207s] -- Up-to-date: /home/harshit/mrt_ws/install/tutorial_interfaces/include/tutorial_interfaces/tutorial_interfaces
[4.207s] -- Up-to-date: /home/harshit/mrt_ws/install/tutorial_interfaces/include/tutorial_interfaces/tutorial_interfaces/srv
[4.207s] -- Up-to-date: /home/harshit/mrt_ws/install/tutorial_interfaces/include/tutorial_interfaces/tutorial_interfaces/srv/detail
[4.207s] -- Installing: /home/harshit/mrt_ws/install/tutorial_interfaces/include/tutorial_interfaces/tutorial_interfaces/srv/detail/process_image__rosidl_typesupport_introspection_cpp.hpp
[4.207s] -- Up-to-date: /home/harshit/mrt_ws/install/tutorial_interfaces/include/tutorial_interfaces/tutorial_interfaces/srv/detail/add_three_ints__type_support.cpp
[4.207s] -- Installing: /home/harshit/mrt_ws/install/tutorial_interfaces/include/tutorial_interfaces/tutorial_interfaces/srv/detail/process_image__type_support.cpp
[4.207s] -- Up-to-date: /home/harshit/mrt_ws/install/tutorial_interfaces/include/tutorial_interfaces/tutorial_interfaces/srv/detail/add_three_ints__rosidl_typesupport_introspection_cpp.hpp
[4.207s] -- Up-to-date: /home/harshit/mrt_ws/install/tutorial_interfaces/include/tutorial_interfaces/tutorial_interfaces/msg
[4.207s] -- Up-to-date: /home/harshit/mrt_ws/install/tutorial_interfaces/include/tutorial_interfaces/tutorial_interfaces/msg/detail
[4.207s] -- Up-to-date: /home/harshit/mrt_ws/install/tutorial_interfaces/include/tutorial_interfaces/tutorial_interfaces/msg/detail/num__type_support.cpp
[4.207s] -- Installing: /home/harshit/mrt_ws/install/tutorial_interfaces/include/tutorial_interfaces/tutorial_interfaces/msg/detail/image_bounds__rosidl_typesupport_introspection_cpp.hpp
[4.207s] -- Installing: /home/harshit/mrt_ws/install/tutorial_interfaces/include/tutorial_interfaces/tutorial_interfaces/msg/detail/point__type_support.cpp
[4.208s] -- Up-to-date: /home/harshit/mrt_ws/install/tutorial_interfaces/include/tutorial_interfaces/tutorial_interfaces/msg/detail/num__rosidl_typesupport_introspection_cpp.hpp
[4.208s] -- Installing: /home/harshit/mrt_ws/install/tutorial_interfaces/include/tutorial_interfaces/tutorial_interfaces/msg/detail/point_array__type_support.cpp
[4.208s] -- Installing: /home/harshit/mrt_ws/install/tutorial_interfaces/include/tutorial_interfaces/tutorial_interfaces/msg/detail/point_array__rosidl_typesupport_introspection_cpp.hpp
[4.208s] -- Installing: /home/harshit/mrt_ws/install/tutorial_interfaces/include/tutorial_interfaces/tutorial_interfaces/msg/detail/image_bounds__type_support.cpp
[4.208s] -- Up-to-date: /home/harshit/mrt_ws/install/tutorial_interfaces/include/tutorial_interfaces/tutorial_interfaces/msg/detail/point2_d__type_support.cpp
[4.208s] -- Up-to-date: /home/harshit/mrt_ws/install/tutorial_interfaces/include/tutorial_interfaces/tutorial_interfaces/msg/detail/sphere__rosidl_typesupport_introspection_cpp.hpp
[4.208s] -- Up-to-date: /home/harshit/mrt_ws/install/tutorial_interfaces/include/tutorial_interfaces/tutorial_interfaces/msg/detail/point2_d__rosidl_typesupport_introspection_cpp.hpp
[4.208s] -- Up-to-date: /home/harshit/mrt_ws/install/tutorial_interfaces/include/tutorial_interfaces/tutorial_interfaces/msg/detail/sphere__type_support.cpp
[4.208s] -- Installing: /home/harshit/mrt_ws/install/tutorial_interfaces/include/tutorial_interfaces/tutorial_interfaces/msg/detail/point__rosidl_typesupport_introspection_cpp.hpp
[4.208s] -- Installing: /home/harshit/mrt_ws/install/tutorial_interfaces/lib/libtutorial_interfaces__rosidl_typesupport_introspection_cpp.so
[4.208s] -- Set non-toolchain portion of runtime path of "/home/harshit/mrt_ws/install/tutorial_interfaces/lib/libtutorial_interfaces__rosidl_typesupport_introspection_cpp.so" to ""
[4.208s] -- Installing: /home/harshit/mrt_ws/install/tutorial_interfaces/lib/libtutorial_interfaces__rosidl_typesupport_cpp.so
[4.208s] -- Set non-toolchain portion of runtime path of "/home/harshit/mrt_ws/install/tutorial_interfaces/lib/libtutorial_interfaces__rosidl_typesupport_cpp.so" to ""
[4.208s] -- Up-to-date: /home/harshit/mrt_ws/install/tutorial_interfaces/share/tutorial_interfaces/environment/pythonpath.sh
[4.209s] -- Installing: /home/harshit/mrt_ws/install/tutorial_interfaces/share/tutorial_interfaces/environment/pythonpath.dsv
[4.209s] -- Up-to-date: /home/harshit/mrt_ws/install/tutorial_interfaces/local/lib/python3.10/dist-packages/tutorial_interfaces-0.0.0-py3.10.egg-info
[4.209s] -- Installing: /home/harshit/mrt_ws/install/tutorial_interfaces/local/lib/python3.10/dist-packages/tutorial_interfaces-0.0.0-py3.10.egg-info/top_level.txt
[4.209s] -- Installing: /home/harshit/mrt_ws/install/tutorial_interfaces/local/lib/python3.10/dist-packages/tutorial_interfaces-0.0.0-py3.10.egg-info/SOURCES.txt
[4.209s] -- Installing: /home/harshit/mrt_ws/install/tutorial_interfaces/local/lib/python3.10/dist-packages/tutorial_interfaces-0.0.0-py3.10.egg-info/dependency_links.txt
[4.209s] -- Installing: /home/harshit/mrt_ws/install/tutorial_interfaces/local/lib/python3.10/dist-packages/tutorial_interfaces-0.0.0-py3.10.egg-info/PKG-INFO
[4.209s] -- Up-to-date: /home/harshit/mrt_ws/install/tutorial_interfaces/local/lib/python3.10/dist-packages/tutorial_interfaces
[4.209s] -- Up-to-date: /home/harshit/mrt_ws/install/tutorial_interfaces/local/lib/python3.10/dist-packages/tutorial_interfaces/srv
[4.209s] -- Up-to-date: /home/harshit/mrt_ws/install/tutorial_interfaces/local/lib/python3.10/dist-packages/tutorial_interfaces/srv/_add_three_ints.py
[4.209s] -- Up-to-date: /home/harshit/mrt_ws/install/tutorial_interfaces/local/lib/python3.10/dist-packages/tutorial_interfaces/srv/_add_three_ints_s.c
[4.209s] -- Installing: /home/harshit/mrt_ws/install/tutorial_interfaces/local/lib/python3.10/dist-packages/tutorial_interfaces/srv/_process_image.py
[4.209s] -- Installing: /home/harshit/mrt_ws/install/tutorial_interfaces/local/lib/python3.10/dist-packages/tutorial_interfaces/srv/_process_image_s.c
[4.209s] -- Installing: /home/harshit/mrt_ws/install/tutorial_interfaces/local/lib/python3.10/dist-packages/tutorial_interfaces/srv/__init__.py
[4.209s] -- Installing: /home/harshit/mrt_ws/install/tutorial_interfaces/local/lib/python3.10/dist-packages/tutorial_interfaces/_tutorial_interfaces_s.ep.rosidl_typesupport_c.c
[4.210s] -- Installing: /home/harshit/mrt_ws/install/tutorial_interfaces/local/lib/python3.10/dist-packages/tutorial_interfaces/tutorial_interfaces_s__rosidl_typesupport_introspection_c.cpython-310-x86_64-linux-gnu.so
[4.210s] -- Installing: /home/harshit/mrt_ws/install/tutorial_interfaces/local/lib/python3.10/dist-packages/tutorial_interfaces/_tutorial_interfaces_s.ep.rosidl_typesupport_introspection_c.c
[4.210s] -- Up-to-date: /home/harshit/mrt_ws/install/tutorial_interfaces/local/lib/python3.10/dist-packages/tutorial_interfaces/msg
[4.210s] -- Up-to-date: /home/harshit/mrt_ws/install/tutorial_interfaces/local/lib/python3.10/dist-packages/tutorial_interfaces/msg/_point2_d_s.c
[4.210s] -- Up-to-date: /home/harshit/mrt_ws/install/tutorial_interfaces/local/lib/python3.10/dist-packages/tutorial_interfaces/msg/_num_s.c
[4.210s] -- Installing: /home/harshit/mrt_ws/install/tutorial_interfaces/local/lib/python3.10/dist-packages/tutorial_interfaces/msg/_point_s.c
[4.210s] -- Installing: /home/harshit/mrt_ws/install/tutorial_interfaces/local/lib/python3.10/dist-packages/tutorial_interfaces/msg/_point_array_s.c
[4.210s] -- Installing: /home/harshit/mrt_ws/install/tutorial_interfaces/local/lib/python3.10/dist-packages/tutorial_interfaces/msg/_image_bounds_s.c
[4.210s] -- Up-to-date: /home/harshit/mrt_ws/install/tutorial_interfaces/local/lib/python3.10/dist-packages/tutorial_interfaces/msg/_num.py
[4.210s] -- Up-to-date: /home/harshit/mrt_ws/install/tutorial_interfaces/local/lib/python3.10/dist-packages/tutorial_interfaces/msg/_sphere_s.c
[4.210s] -- Installing: /home/harshit/mrt_ws/install/tutorial_interfaces/local/lib/python3.10/dist-packages/tutorial_interfaces/msg/_point.py
[4.210s] -- Installing: /home/harshit/mrt_ws/install/tutorial_interfaces/local/lib/python3.10/dist-packages/tutorial_interfaces/msg/_point_array.py
[4.210s] -- Installing: /home/harshit/mrt_ws/install/tutorial_interfaces/local/lib/python3.10/dist-packages/tutorial_interfaces/msg/_image_bounds.py
[4.210s] -- Up-to-date: /home/harshit/mrt_ws/install/tutorial_interfaces/local/lib/python3.10/dist-packages/tutorial_interfaces/msg/_sphere.py
[4.210s] -- Installing: /home/harshit/mrt_ws/install/tutorial_interfaces/local/lib/python3.10/dist-packages/tutorial_interfaces/msg/__init__.py
[4.211s] -- Up-to-date: /home/harshit/mrt_ws/install/tutorial_interfaces/local/lib/python3.10/dist-packages/tutorial_interfaces/msg/_point2_d.py
[4.211s] -- Installing: /home/harshit/mrt_ws/install/tutorial_interfaces/local/lib/python3.10/dist-packages/tutorial_interfaces/tutorial_interfaces_s__rosidl_typesupport_fastrtps_c.cpython-310-x86_64-linux-gnu.so
[4.211s] -- Installing: /home/harshit/mrt_ws/install/tutorial_interfaces/local/lib/python3.10/dist-packages/tutorial_interfaces/libtutorial_interfaces__rosidl_generator_py.so
[4.211s] -- Installing: /home/harshit/mrt_ws/install/tutorial_interfaces/local/lib/python3.10/dist-packages/tutorial_interfaces/tutorial_interfaces_s__rosidl_typesupport_c.cpython-310-x86_64-linux-gnu.so
[4.211s] -- Installing: /home/harshit/mrt_ws/install/tutorial_interfaces/local/lib/python3.10/dist-packages/tutorial_interfaces/_tutorial_interfaces_s.ep.rosidl_typesupport_fastrtps_c.c
[4.211s] -- Installing: /home/harshit/mrt_ws/install/tutorial_interfaces/local/lib/python3.10/dist-packages/tutorial_interfaces/__init__.py
[4.238s] Listing '/home/harshit/mrt_ws/install/tutorial_interfaces/local/lib/python3.10/dist-packages/tutorial_interfaces'...
[4.238s] Compiling '/home/harshit/mrt_ws/install/tutorial_interfaces/local/lib/python3.10/dist-packages/tutorial_interfaces/__init__.py'...
[4.238s] Listing '/home/harshit/mrt_ws/install/tutorial_interfaces/local/lib/python3.10/dist-packages/tutorial_interfaces/msg'...
[4.238s] Compiling '/home/harshit/mrt_ws/install/tutorial_interfaces/local/lib/python3.10/dist-packages/tutorial_interfaces/msg/__init__.py'...
[4.238s] Compiling '/home/harshit/mrt_ws/install/tutorial_interfaces/local/lib/python3.10/dist-packages/tutorial_interfaces/msg/_image_bounds.py'...
[4.238s] Compiling '/home/harshit/mrt_ws/install/tutorial_interfaces/local/lib/python3.10/dist-packages/tutorial_interfaces/msg/_point.py'...
[4.238s] Compiling '/home/harshit/mrt_ws/install/tutorial_interfaces/local/lib/python3.10/dist-packages/tutorial_interfaces/msg/_point_array.py'...
[4.238s] Listing '/home/harshit/mrt_ws/install/tutorial_interfaces/local/lib/python3.10/dist-packages/tutorial_interfaces/srv'...
[4.238s] Compiling '/home/harshit/mrt_ws/install/tutorial_interfaces/local/lib/python3.10/dist-packages/tutorial_interfaces/srv/__init__.py'...
[4.239s] Compiling '/home/harshit/mrt_ws/install/tutorial_interfaces/local/lib/python3.10/dist-packages/tutorial_interfaces/srv/_process_image.py'...
[4.242s] -- Installing: /home/harshit/mrt_ws/install/tutorial_interfaces/local/lib/python3.10/dist-packages/tutorial_interfaces/tutorial_interfaces_s__rosidl_typesupport_fastrtps_c.cpython-310-x86_64-linux-gnu.so
[4.242s] -- Set non-toolchain portion of runtime path of "/home/harshit/mrt_ws/install/tutorial_interfaces/local/lib/python3.10/dist-packages/tutorial_interfaces/tutorial_interfaces_s__rosidl_typesupport_fastrtps_c.cpython-310-x86_64-linux-gnu.so" to ""
[4.242s] -- Installing: /home/harshit/mrt_ws/install/tutorial_interfaces/local/lib/python3.10/dist-packages/tutorial_interfaces/tutorial_interfaces_s__rosidl_typesupport_introspection_c.cpython-310-x86_64-linux-gnu.so
[4.242s] -- Set non-toolchain portion of runtime path of "/home/harshit/mrt_ws/install/tutorial_interfaces/local/lib/python3.10/dist-packages/tutorial_interfaces/tutorial_interfaces_s__rosidl_typesupport_introspection_c.cpython-310-x86_64-linux-gnu.so" to ""
[4.242s] -- Installing: /home/harshit/mrt_ws/install/tutorial_interfaces/local/lib/python3.10/dist-packages/tutorial_interfaces/tutorial_interfaces_s__rosidl_typesupport_c.cpython-310-x86_64-linux-gnu.so
[4.242s] -- Set non-toolchain portion of runtime path of "/home/harshit/mrt_ws/install/tutorial_interfaces/local/lib/python3.10/dist-packages/tutorial_interfaces/tutorial_interfaces_s__rosidl_typesupport_c.cpython-310-x86_64-linux-gnu.so" to ""
[4.242s] -- Installing: /home/harshit/mrt_ws/install/tutorial_interfaces/lib/libtutorial_interfaces__rosidl_generator_py.so
[4.243s] -- Set non-toolchain portion of runtime path of "/home/harshit/mrt_ws/install/tutorial_interfaces/lib/libtutorial_interfaces__rosidl_generator_py.so" to ""
[4.243s] -- Installing: /home/harshit/mrt_ws/install/tutorial_interfaces/share/tutorial_interfaces/msg/Point.idl
[4.243s] -- Up-to-date: /home/harshit/mrt_ws/install/tutorial_interfaces/share/tutorial_interfaces/msg/PointArray.idl
[4.243s] -- Up-to-date: /home/harshit/mrt_ws/install/tutorial_interfaces/share/tutorial_interfaces/msg/ImageBounds.idl
[4.243s] -- Up-to-date: /home/harshit/mrt_ws/install/tutorial_interfaces/share/tutorial_interfaces/srv/ProcessImage.idl
[4.243s] -- Installing: /home/harshit/mrt_ws/install/tutorial_interfaces/share/tutorial_interfaces/msg/Point.msg
[4.243s] -- Up-to-date: /home/harshit/mrt_ws/install/tutorial_interfaces/share/tutorial_interfaces/msg/PointArray.msg
[4.243s] -- Up-to-date: /home/harshit/mrt_ws/install/tutorial_interfaces/share/tutorial_interfaces/msg/ImageBounds.msg
[4.243s] -- Up-to-date: /home/harshit/mrt_ws/install/tutorial_interfaces/share/tutorial_interfaces/srv/ProcessImage.srv
[4.243s] -- Up-to-date: /home/harshit/mrt_ws/install/tutorial_interfaces/share/tutorial_interfaces/srv/ProcessImage_Request.msg
[4.243s] -- Up-to-date: /home/harshit/mrt_ws/install/tutorial_interfaces/share/tutorial_interfaces/srv/ProcessImage_Response.msg
[4.243s] -- Up-to-date: /home/harshit/mrt_ws/install/tutorial_interfaces/share/ament_index/resource_index/package_run_dependencies/tutorial_interfaces
[4.243s] -- Up-to-date: /home/harshit/mrt_ws/install/tutorial_interfaces/share/ament_index/resource_index/parent_prefix_path/tutorial_interfaces
[4.244s] -- Up-to-date: /home/harshit/mrt_ws/install/tutorial_interfaces/share/tutorial_interfaces/environment/ament_prefix_path.sh
[4.244s] -- Installing: /home/harshit/mrt_ws/install/tutorial_interfaces/share/tutorial_interfaces/environment/ament_prefix_path.dsv
[4.244s] -- Up-to-date: /home/harshit/mrt_ws/install/tutorial_interfaces/share/tutorial_interfaces/environment/path.sh
[4.244s] -- Installing: /home/harshit/mrt_ws/install/tutorial_interfaces/share/tutorial_interfaces/environment/path.dsv
[4.244s] -- Up-to-date: /home/harshit/mrt_ws/install/tutorial_interfaces/share/tutorial_interfaces/local_setup.bash
[4.244s] -- Up-to-date: /home/harshit/mrt_ws/install/tutorial_interfaces/share/tutorial_interfaces/local_setup.sh
[4.244s] -- Up-to-date: /home/harshit/mrt_ws/install/tutorial_interfaces/share/tutorial_interfaces/local_setup.zsh
[4.244s] -- Installing: /home/harshit/mrt_ws/install/tutorial_interfaces/share/tutorial_interfaces/local_setup.dsv
[4.244s] -- Installing: /home/harshit/mrt_ws/install/tutorial_interfaces/share/tutorial_interfaces/package.dsv
[4.244s] -- Up-to-date: /home/harshit/mrt_ws/install/tutorial_interfaces/share/ament_index/resource_index/packages/tutorial_interfaces
[4.244s] -- Up-to-date: /home/harshit/mrt_ws/install/tutorial_interfaces/share/tutorial_interfaces/cmake/export_tutorial_interfaces__rosidl_generator_cExport.cmake
[4.244s] -- Up-to-date: /home/harshit/mrt_ws/install/tutorial_interfaces/share/tutorial_interfaces/cmake/export_tutorial_interfaces__rosidl_generator_cExport-noconfig.cmake
[4.244s] -- Up-to-date: /home/harshit/mrt_ws/install/tutorial_interfaces/share/tutorial_interfaces/cmake/export_tutorial_interfaces__rosidl_typesupport_fastrtps_cExport.cmake
[4.244s] -- Up-to-date: /home/harshit/mrt_ws/install/tutorial_interfaces/share/tutorial_interfaces/cmake/export_tutorial_interfaces__rosidl_typesupport_fastrtps_cExport-noconfig.cmake
[4.244s] -- Up-to-date: /home/harshit/mrt_ws/install/tutorial_interfaces/share/tutorial_interfaces/cmake/tutorial_interfaces__rosidl_typesupport_introspection_cExport.cmake
[4.244s] -- Up-to-date: /home/harshit/mrt_ws/install/tutorial_interfaces/share/tutorial_interfaces/cmake/tutorial_interfaces__rosidl_typesupport_introspection_cExport-noconfig.cmake
[4.244s] -- Up-to-date: /home/harshit/mrt_ws/install/tutorial_interfaces/share/tutorial_interfaces/cmake/tutorial_interfaces__rosidl_typesupport_cExport.cmake
[4.244s] -- Up-to-date: /home/harshit/mrt_ws/install/tutorial_interfaces/share/tutorial_interfaces/cmake/tutorial_interfaces__rosidl_typesupport_cExport-noconfig.cmake
[4.244s] -- Up-to-date: /home/harshit/mrt_ws/install/tutorial_interfaces/share/tutorial_interfaces/cmake/export_tutorial_interfaces__rosidl_generator_cppExport.cmake
[4.244s] -- Up-to-date: /home/harshit/mrt_ws/install/tutorial_interfaces/share/tutorial_interfaces/cmake/export_tutorial_interfaces__rosidl_typesupport_fastrtps_cppExport.cmake
[4.244s] -- Up-to-date: /home/harshit/mrt_ws/install/tutorial_interfaces/share/tutorial_interfaces/cmake/export_tutorial_interfaces__rosidl_typesupport_fastrtps_cppExport-noconfig.cmake
[4.244s] -- Up-to-date: /home/harshit/mrt_ws/install/tutorial_interfaces/share/tutorial_interfaces/cmake/tutorial_interfaces__rosidl_typesupport_introspection_cppExport.cmake
[4.245s] -- Up-to-date: /home/harshit/mrt_ws/install/tutorial_interfaces/share/tutorial_interfaces/cmake/tutorial_interfaces__rosidl_typesupport_introspection_cppExport-noconfig.cmake
[4.245s] -- Up-to-date: /home/harshit/mrt_ws/install/tutorial_interfaces/share/tutorial_interfaces/cmake/tutorial_interfaces__rosidl_typesupport_cppExport.cmake
[4.245s] -- Up-to-date: /home/harshit/mrt_ws/install/tutorial_interfaces/share/tutorial_interfaces/cmake/tutorial_interfaces__rosidl_typesupport_cppExport-noconfig.cmake
[4.245s] -- Up-to-date: /home/harshit/mrt_ws/install/tutorial_interfaces/share/tutorial_interfaces/cmake/export_tutorial_interfaces__rosidl_generator_pyExport.cmake
[4.245s] -- Up-to-date: /home/harshit/mrt_ws/install/tutorial_interfaces/share/tutorial_interfaces/cmake/export_tutorial_interfaces__rosidl_generator_pyExport-noconfig.cmake
[4.245s] -- Up-to-date: /home/harshit/mrt_ws/install/tutorial_interfaces/share/tutorial_interfaces/cmake/rosidl_cmake-extras.cmake
[4.245s] -- Up-to-date: /home/harshit/mrt_ws/install/tutorial_interfaces/share/tutorial_interfaces/cmake/ament_cmake_export_dependencies-extras.cmake
[4.245s] -- Up-to-date: /home/harshit/mrt_ws/install/tutorial_interfaces/share/tutorial_interfaces/cmake/ament_cmake_export_include_directories-extras.cmake
[4.245s] -- Up-to-date: /home/harshit/mrt_ws/install/tutorial_interfaces/share/tutorial_interfaces/cmake/ament_cmake_export_libraries-extras.cmake
[4.245s] -- Up-to-date: /home/harshit/mrt_ws/install/tutorial_interfaces/share/tutorial_interfaces/cmake/ament_cmake_export_targets-extras.cmake
[4.245s] -- Up-to-date: /home/harshit/mrt_ws/install/tutorial_interfaces/share/tutorial_interfaces/cmake/rosidl_cmake_export_typesupport_targets-extras.cmake
[4.245s] -- Up-to-date: /home/harshit/mrt_ws/install/tutorial_interfaces/share/tutorial_interfaces/cmake/rosidl_cmake_export_typesupport_libraries-extras.cmake
[4.245s] -- Up-to-date: /home/harshit/mrt_ws/install/tutorial_interfaces/share/tutorial_interfaces/cmake/tutorial_interfacesConfig.cmake
[4.245s] -- Up-to-date: /home/harshit/mrt_ws/install/tutorial_interfaces/share/tutorial_interfaces/cmake/tutorial_interfacesConfig-version.cmake
[4.245s] -- Up-to-date: /home/harshit/mrt_ws/install/tutorial_interfaces/share/tutorial_interfaces/package.xml
[4.246s] Invoked command in '/home/harshit/mrt_ws/build/tutorial_interfaces' returned '0': CMAKE_PREFIX_PATH=${CMAKE_PREFIX_PATH}:/home/harshit/mrt_ws/install/week0_tutorials:/home/harshit/mrt_ws/install/py_srvcli:/home/harshit/mrt_ws/install/sauron:/opt/ros/humble /usr/bin/cmake --install /home/harshit/mrt_ws/build/tutorial_interfaces
