[1.901s] Invoking command in '/home/harshit/mrt_ws/src/mrs_hudson': PYTHONPATH=/home/harshit/mrt_ws/build/mrs_hudson/prefix_override:/usr/lib/python3/dist-packages/colcon_core/task/python/colcon_distutils_commands:/home/harshit/mrt_ws/install/mrs_hudson/lib/python3.10/site-packages:${PYTHONPATH} /usr/bin/python3 -W ignore:setup.py install is deprecated -W ignore:easy_install command is deprecated setup.py egg_info --egg-base ../../build/mrs_hudson build --build-base /home/harshit/mrt_ws/build/mrs_hudson/build install --record /home/harshit/mrt_ws/build/mrs_hudson/install.log --single-version-externally-managed install_data
[2.198s] running egg_info
[2.199s] writing ../../build/mrs_hudson/mrs_hudson.egg-info/PKG-INFO
[2.199s] writing dependency_links to ../../build/mrs_hudson/mrs_hudson.egg-info/dependency_links.txt
[2.199s] writing entry points to ../../build/mrs_hudson/mrs_hudson.egg-info/entry_points.txt
[2.199s] writing requirements to ../../build/mrs_hudson/mrs_hudson.egg-info/requires.txt
[2.199s] writing top-level names to ../../build/mrs_hudson/mrs_hudson.egg-info/top_level.txt
[2.202s] reading manifest file '../../build/mrs_hudson/mrs_hudson.egg-info/SOURCES.txt'
[2.203s] writing manifest file '../../build/mrs_hudson/mrs_hudson.egg-info/SOURCES.txt'
[2.203s] running build
[2.204s] running build_py
[2.204s] running install
[2.204s] running install_lib
[2.206s] running install_data
[2.206s] running install_egg_info
[2.209s] removing '/home/harshit/mrt_ws/install/mrs_hudson/lib/python3.10/site-packages/mrs_hudson-0.0.0-py3.10.egg-info' (and everything under it)
[2.211s] Copying ../../build/mrs_hudson/mrs_hudson.egg-info to /home/harshit/mrt_ws/install/mrs_hudson/lib/python3.10/site-packages/mrs_hudson-0.0.0-py3.10.egg-info
[2.211s] running install_scripts
[2.237s] Installing detect_marker script to /home/harshit/mrt_ws/install/mrs_hudson/lib/mrs_hudson
[2.237s] Installing display_camera script to /home/harshit/mrt_ws/install/mrs_hudson/lib/mrs_hudson
[2.238s] Installing mrs_hudson_teleop script to /home/harshit/mrt_ws/install/mrs_hudson/lib/mrs_hudson
[2.238s] Installing vel_pub script to /home/harshit/mrt_ws/install/mrs_hudson/lib/mrs_hudson
[2.238s] writing list of installed files to '/home/harshit/mrt_ws/build/mrs_hudson/install.log'
[2.282s] Invoked command in '/home/harshit/mrt_ws/src/mrs_hudson' returned '0': PYTHONPATH=/home/harshit/mrt_ws/build/mrs_hudson/prefix_override:/usr/lib/python3/dist-packages/colcon_core/task/python/colcon_distutils_commands:/home/harshit/mrt_ws/install/mrs_hudson/lib/python3.10/site-packages:${PYTHONPATH} /usr/bin/python3 -W ignore:setup.py install is deprecated -W ignore:easy_install command is deprecated setup.py egg_info --egg-base ../../build/mrs_hudson build --build-base /home/harshit/mrt_ws/build/mrs_hudson/build install --record /home/harshit/mrt_ws/build/mrs_hudson/install.log --single-version-externally-managed install_data
