running egg_info
creating ../../build/odom_tf_publisher/odom_tf_publisher.egg-info
writing ../../build/odom_tf_publisher/odom_tf_publisher.egg-info/PKG-INFO
writing dependency_links to ../../build/odom_tf_publisher/odom_tf_publisher.egg-info/dependency_links.txt
writing entry points to ../../build/odom_tf_publisher/odom_tf_publisher.egg-info/entry_points.txt
writing requirements to ../../build/odom_tf_publisher/odom_tf_publisher.egg-info/requires.txt
writing top-level names to ../../build/odom_tf_publisher/odom_tf_publisher.egg-info/top_level.txt
writing manifest file '../../build/odom_tf_publisher/odom_tf_publisher.egg-info/SOURCES.txt'
reading manifest file '../../build/odom_tf_publisher/odom_tf_publisher.egg-info/SOURCES.txt'
writing manifest file '../../build/odom_tf_publisher/odom_tf_publisher.egg-info/SOURCES.txt'
running build
running build_py
creating /home/harshit/mrt_ws/build/odom_tf_publisher/build
creating /home/harshit/mrt_ws/build/odom_tf_publisher/build/lib
creating /home/harshit/mrt_ws/build/odom_tf_publisher/build/lib/odom_tf_publisher
copying odom_tf_publisher/odom_tf_publisher.py -> /home/harshit/mrt_ws/build/odom_tf_publisher/build/lib/odom_tf_publisher
copying odom_tf_publisher/__init__.py -> /home/harshit/mrt_ws/build/odom_tf_publisher/build/lib/odom_tf_publisher
running install
running install_lib
creating /home/harshit/mrt_ws/install/odom_tf_publisher/lib/python3.10/site-packages/odom_tf_publisher
copying /home/harshit/mrt_ws/build/odom_tf_publisher/build/lib/odom_tf_publisher/odom_tf_publisher.py -> /home/harshit/mrt_ws/install/odom_tf_publisher/lib/python3.10/site-packages/odom_tf_publisher
copying /home/harshit/mrt_ws/build/odom_tf_publisher/build/lib/odom_tf_publisher/__init__.py -> /home/harshit/mrt_ws/install/odom_tf_publisher/lib/python3.10/site-packages/odom_tf_publisher
byte-compiling /home/harshit/mrt_ws/install/odom_tf_publisher/lib/python3.10/site-packages/odom_tf_publisher/odom_tf_publisher.py to odom_tf_publisher.cpython-310.pyc
byte-compiling /home/harshit/mrt_ws/install/odom_tf_publisher/lib/python3.10/site-packages/odom_tf_publisher/__init__.py to __init__.cpython-310.pyc
running install_data
creating /home/harshit/mrt_ws/install/odom_tf_publisher/share/ament_index
creating /home/harshit/mrt_ws/install/odom_tf_publisher/share/ament_index/resource_index
creating /home/harshit/mrt_ws/install/odom_tf_publisher/share/ament_index/resource_index/packages
copying resource/odom_tf_publisher -> /home/harshit/mrt_ws/install/odom_tf_publisher/share/ament_index/resource_index/packages
copying package.xml -> /home/harshit/mrt_ws/install/odom_tf_publisher/share/odom_tf_publisher
running install_egg_info
Copying ../../build/odom_tf_publisher/odom_tf_publisher.egg-info to /home/harshit/mrt_ws/install/odom_tf_publisher/lib/python3.10/site-packages/odom_tf_publisher-0.0.0-py3.10.egg-info
running install_scripts
Installing odom_tf_publisher script to /home/harshit/mrt_ws/install/odom_tf_publisher/lib/odom_tf_publisher
writing list of installed files to '/home/harshit/mrt_ws/build/odom_tf_publisher/install.log'
