[1.600s] Invoking command in '/home/harshit/mrt_ws/src/odom_tf_publisher': PYTHONPATH=/home/harshit/mrt_ws/build/odom_tf_publisher/prefix_override:/usr/lib/python3/dist-packages/colcon_core/task/python/colcon_distutils_commands:/home/harshit/mrt_ws/install/odom_tf_publisher/lib/python3.10/site-packages:${PYTHONPATH} /usr/bin/python3 -W ignore:setup.py install is deprecated -W ignore:easy_install command is deprecated setup.py egg_info --egg-base ../../build/odom_tf_publisher build --build-base /home/harshit/mrt_ws/build/odom_tf_publisher/build install --record /home/harshit/mrt_ws/build/odom_tf_publisher/install.log --single-version-externally-managed install_data
[1.894s] running egg_info
[1.896s] creating ../../build/odom_tf_publisher/odom_tf_publisher.egg-info
[1.900s] writing ../../build/odom_tf_publisher/odom_tf_publisher.egg-info/PKG-INFO
[1.900s] writing dependency_links to ../../build/odom_tf_publisher/odom_tf_publisher.egg-info/dependency_links.txt
[1.900s] writing entry points to ../../build/odom_tf_publisher/odom_tf_publisher.egg-info/entry_points.txt
[1.900s] writing requirements to ../../build/odom_tf_publisher/odom_tf_publisher.egg-info/requires.txt
[1.900s] writing top-level names to ../../build/odom_tf_publisher/odom_tf_publisher.egg-info/top_level.txt
[1.900s] writing manifest file '../../build/odom_tf_publisher/odom_tf_publisher.egg-info/SOURCES.txt'
[1.900s] reading manifest file '../../build/odom_tf_publisher/odom_tf_publisher.egg-info/SOURCES.txt'
[1.900s] writing manifest file '../../build/odom_tf_publisher/odom_tf_publisher.egg-info/SOURCES.txt'
[1.900s] running build
[1.900s] running build_py
[1.900s] creating /home/harshit/mrt_ws/build/odom_tf_publisher/build
[1.900s] creating /home/harshit/mrt_ws/build/odom_tf_publisher/build/lib
[1.900s] creating /home/harshit/mrt_ws/build/odom_tf_publisher/build/lib/odom_tf_publisher
[1.900s] copying odom_tf_publisher/odom_tf_publisher.py -> /home/harshit/mrt_ws/build/odom_tf_publisher/build/lib/odom_tf_publisher
[1.901s] copying odom_tf_publisher/__init__.py -> /home/harshit/mrt_ws/build/odom_tf_publisher/build/lib/odom_tf_publisher
[1.901s] running install
[1.901s] running install_lib
[1.903s] creating /home/harshit/mrt_ws/install/odom_tf_publisher/lib/python3.10/site-packages/odom_tf_publisher
[1.903s] copying /home/harshit/mrt_ws/build/odom_tf_publisher/build/lib/odom_tf_publisher/odom_tf_publisher.py -> /home/harshit/mrt_ws/install/odom_tf_publisher/lib/python3.10/site-packages/odom_tf_publisher
[1.903s] copying /home/harshit/mrt_ws/build/odom_tf_publisher/build/lib/odom_tf_publisher/__init__.py -> /home/harshit/mrt_ws/install/odom_tf_publisher/lib/python3.10/site-packages/odom_tf_publisher
[1.903s] byte-compiling /home/harshit/mrt_ws/install/odom_tf_publisher/lib/python3.10/site-packages/odom_tf_publisher/odom_tf_publisher.py to odom_tf_publisher.cpython-310.pyc
[1.903s] byte-compiling /home/harshit/mrt_ws/install/odom_tf_publisher/lib/python3.10/site-packages/odom_tf_publisher/__init__.py to __init__.cpython-310.pyc
[1.903s] running install_data
[1.903s] creating /home/harshit/mrt_ws/install/odom_tf_publisher/share/ament_index
[1.903s] creating /home/harshit/mrt_ws/install/odom_tf_publisher/share/ament_index/resource_index
[1.903s] creating /home/harshit/mrt_ws/install/odom_tf_publisher/share/ament_index/resource_index/packages
[1.903s] copying resource/odom_tf_publisher -> /home/harshit/mrt_ws/install/odom_tf_publisher/share/ament_index/resource_index/packages
[1.903s] copying package.xml -> /home/harshit/mrt_ws/install/odom_tf_publisher/share/odom_tf_publisher
[1.904s] running install_egg_info
[1.905s] Copying ../../build/odom_tf_publisher/odom_tf_publisher.egg-info to /home/harshit/mrt_ws/install/odom_tf_publisher/lib/python3.10/site-packages/odom_tf_publisher-0.0.0-py3.10.egg-info
[1.907s] running install_scripts
[1.933s] Installing odom_tf_publisher script to /home/harshit/mrt_ws/install/odom_tf_publisher/lib/odom_tf_publisher
[1.934s] writing list of installed files to '/home/harshit/mrt_ws/build/odom_tf_publisher/install.log'
[1.976s] Invoked command in '/home/harshit/mrt_ws/src/odom_tf_publisher' returned '0': PYTHONPATH=/home/harshit/mrt_ws/build/odom_tf_publisher/prefix_override:/usr/lib/python3/dist-packages/colcon_core/task/python/colcon_distutils_commands:/home/harshit/mrt_ws/install/odom_tf_publisher/lib/python3.10/site-packages:${PYTHONPATH} /usr/bin/python3 -W ignore:setup.py install is deprecated -W ignore:easy_install command is deprecated setup.py egg_info --egg-base ../../build/odom_tf_publisher build --build-base /home/harshit/mrt_ws/build/odom_tf_publisher/build install --record /home/harshit/mrt_ws/build/odom_tf_publisher/install.log --single-version-externally-managed install_data
