[1.901s] Invoking command in '/home/harshit/mrt_ws/src/py_srvcli': PYTHONPATH=/home/harshit/mrt_ws/build/py_srvcli/prefix_override:/usr/lib/python3/dist-packages/colcon_core/task/python/colcon_distutils_commands:/home/harshit/mrt_ws/install/py_srvcli/lib/python3.10/site-packages:${PYTHONPATH} /usr/bin/python3 -W ignore:setup.py install is deprecated setup.py egg_info --egg-base ../../build/py_srvcli build --build-base /home/harshit/mrt_ws/build/py_srvcli/build install --record /home/harshit/mrt_ws/build/py_srvcli/install.log --single-version-externally-managed install_data
[2.425s] running egg_info
[2.428s] writing ../../build/py_srvcli/py_srvcli.egg-info/PKG-INFO
[2.428s] writing dependency_links to ../../build/py_srvcli/py_srvcli.egg-info/dependency_links.txt
[2.429s] writing entry points to ../../build/py_srvcli/py_srvcli.egg-info/entry_points.txt
[2.429s] writing requirements to ../../build/py_srvcli/py_srvcli.egg-info/requires.txt
[2.429s] writing top-level names to ../../build/py_srvcli/py_srvcli.egg-info/top_level.txt
[2.435s] reading manifest file '../../build/py_srvcli/py_srvcli.egg-info/SOURCES.txt'
[2.438s] writing manifest file '../../build/py_srvcli/py_srvcli.egg-info/SOURCES.txt'
[2.438s] running build
[2.438s] running build_py
[2.438s] copying py_srvcli/client_vid.py -> /home/harshit/mrt_ws/build/py_srvcli/build/lib/py_srvcli
[2.439s] copying py_srvcli/client_img.py -> /home/harshit/mrt_ws/build/py_srvcli/build/lib/py_srvcli
[2.440s] running install
[2.441s] running install_lib
[2.445s] copying /home/harshit/mrt_ws/build/py_srvcli/build/lib/py_srvcli/client_vid.py -> /home/harshit/mrt_ws/install/py_srvcli/lib/python3.10/site-packages/py_srvcli
[2.445s] copying /home/harshit/mrt_ws/build/py_srvcli/build/lib/py_srvcli/client_img.py -> /home/harshit/mrt_ws/install/py_srvcli/lib/python3.10/site-packages/py_srvcli
[2.446s] byte-compiling /home/harshit/mrt_ws/install/py_srvcli/lib/python3.10/site-packages/py_srvcli/client_vid.py to client_vid.cpython-310.pyc
[2.448s] byte-compiling /home/harshit/mrt_ws/install/py_srvcli/lib/python3.10/site-packages/py_srvcli/client_img.py to client_img.cpython-310.pyc
[2.450s] running install_data
[2.450s] running install_egg_info
[2.456s] removing '/home/harshit/mrt_ws/install/py_srvcli/lib/python3.10/site-packages/py_srvcli-0.0.0-py3.10.egg-info' (and everything under it)
[2.456s] Copying ../../build/py_srvcli/py_srvcli.egg-info to /home/harshit/mrt_ws/install/py_srvcli/lib/python3.10/site-packages/py_srvcli-0.0.0-py3.10.egg-info
[2.459s] running install_scripts
[2.512s] Installing clientimg script to /home/harshit/mrt_ws/install/py_srvcli/lib/py_srvcli
[2.512s] Installing clientvid script to /home/harshit/mrt_ws/install/py_srvcli/lib/py_srvcli
[2.512s] Installing service script to /home/harshit/mrt_ws/install/py_srvcli/lib/py_srvcli
[2.513s] writing list of installed files to '/home/harshit/mrt_ws/build/py_srvcli/install.log'
[2.569s] Invoked command in '/home/harshit/mrt_ws/src/py_srvcli' returned '0': PYTHONPATH=/home/harshit/mrt_ws/build/py_srvcli/prefix_override:/usr/lib/python3/dist-packages/colcon_core/task/python/colcon_distutils_commands:/home/harshit/mrt_ws/install/py_srvcli/lib/python3.10/site-packages:${PYTHONPATH} /usr/bin/python3 -W ignore:setup.py install is deprecated setup.py egg_info --egg-base ../../build/py_srvcli build --build-base /home/harshit/mrt_ws/build/py_srvcli/build install --record /home/harshit/mrt_ws/build/py_srvcli/install.log --single-version-externally-managed install_data
