[0.011s] Invoking command in '/home/harshit/mrt_ws/build/tutorial_interfaces': CMAKE_PREFIX_PATH=${CMAKE_PREFIX_PATH}:/home/harshit/mrt_ws/install/week0_tutorials:/home/harshit/mrt_ws/install/py_srvcli:/home/harshit/mrt_ws/install/sauron:/opt/ros/humble /usr/bin/cmake --build /home/harshit/mrt_ws/build/tutorial_interfaces -- -j8 -l8
[0.034s] [  1%] Built target tutorial_interfaces__cpp
[0.038s] [ 12%] Built target tutorial_interfaces__rosidl_generator_c
[0.042s] [ 12%] Built target ament_cmake_python_copy_tutorial_interfaces
[0.059s] [ 23%] Built target tutorial_interfaces__rosidl_typesupport_fastrtps_cpp
[0.059s] [ 34%] Built target tutorial_interfaces__rosidl_typesupport_introspection_cpp
[0.059s] [ 45%] Built target tutorial_interfaces__rosidl_typesupport_c
[0.060s] [ 56%] Built target tutorial_interfaces__rosidl_typesupport_fastrtps_c
[0.060s] [ 67%] Built target tutorial_interfaces__rosidl_typesupport_cpp
[0.061s] [ 78%] Built target tutorial_interfaces__rosidl_typesupport_introspection_c
[0.070s] [ 78%] Built target tutorial_interfaces
[0.078s] [ 80%] Built target tutorial_interfaces__py
[0.091s] [ 89%] Built target tutorial_interfaces__rosidl_generator_py
[0.105s] [ 92%] Built target tutorial_interfaces__rosidl_typesupport_c__pyext
[0.105s] [ 96%] Built target tutorial_interfaces__rosidl_typesupport_fastrtps_c__pyext
[0.106s] [100%] Built target tutorial_interfaces__rosidl_typesupport_introspection_c__pyext
[0.269s] running egg_info
[0.269s] writing tutorial_interfaces.egg-info/PKG-INFO
[0.269s] writing dependency_links to tutorial_interfaces.egg-info/dependency_links.txt
[0.269s] writing top-level names to tutorial_interfaces.egg-info/top_level.txt
[0.271s] reading manifest file 'tutorial_interfaces.egg-info/SOURCES.txt'
[0.271s] writing manifest file 'tutorial_interfaces.egg-info/SOURCES.txt'
[0.289s] [100%] Built target ament_cmake_python_build_tutorial_interfaces_egg
[0.293s] Invoked command in '/home/harshit/mrt_ws/build/tutorial_interfaces' returned '0': CMAKE_PREFIX_PATH=${CMAKE_PREFIX_PATH}:/home/harshit/mrt_ws/install/week0_tutorials:/home/harshit/mrt_ws/install/py_srvcli:/home/harshit/mrt_ws/install/sauron:/opt/ros/humble /usr/bin/cmake --build /home/harshit/mrt_ws/build/tutorial_interfaces -- -j8 -l8
[0.358s] Invoking command in '/home/harshit/mrt_ws/build/tutorial_interfaces': CMAKE_PREFIX_PATH=${CMAKE_PREFIX_PATH}:/home/harshit/mrt_ws/install/week0_tutorials:/home/harshit/mrt_ws/install/py_srvcli:/home/harshit/mrt_ws/install/sauron:/opt/ros/humble /usr/bin/cmake --install /home/harshit/mrt_ws/build/tutorial_interfaces
[0.361s] -- Install configuration: ""
[0.361s] -- Up-to-date: /home/harshit/mrt_ws/install/tutorial_interfaces/share/ament_index/resource_index/rosidl_interfaces/tutorial_interfaces
[0.361s] -- Up-to-date: /home/harshit/mrt_ws/install/tutorial_interfaces/include/tutorial_interfaces/tutorial_interfaces
[0.361s] -- Up-to-date: /home/harshit/mrt_ws/install/tutorial_interfaces/include/tutorial_interfaces/tutorial_interfaces/srv
[0.361s] -- Up-to-date: /home/harshit/mrt_ws/install/tutorial_interfaces/include/tutorial_interfaces/tutorial_interfaces/srv/process_image.h
[0.361s] -- Up-to-date: /home/harshit/mrt_ws/install/tutorial_interfaces/include/tutorial_interfaces/tutorial_interfaces/srv/add_three_ints.h
[0.361s] -- Up-to-date: /home/harshit/mrt_ws/install/tutorial_interfaces/include/tutorial_interfaces/tutorial_interfaces/srv/detail
[0.361s] -- Up-to-date: /home/harshit/mrt_ws/install/tutorial_interfaces/include/tutorial_interfaces/tutorial_interfaces/srv/detail/process_image__struct.h
[0.362s] -- Up-to-date: /home/harshit/mrt_ws/install/tutorial_interfaces/include/tutorial_interfaces/tutorial_interfaces/srv/detail/process_image__functions.c
[0.362s] -- Up-to-date: /home/harshit/mrt_ws/install/tutorial_interfaces/include/tutorial_interfaces/tutorial_interfaces/srv/detail/process_image__type_support.h
[0.362s] -- Up-to-date: /home/harshit/mrt_ws/install/tutorial_interfaces/include/tutorial_interfaces/tutorial_interfaces/srv/detail/add_three_ints__functions.c
[0.362s] -- Up-to-date: /home/harshit/mrt_ws/install/tutorial_interfaces/include/tutorial_interfaces/tutorial_interfaces/srv/detail/add_three_ints__functions.h
[0.362s] -- Up-to-date: /home/harshit/mrt_ws/install/tutorial_interfaces/include/tutorial_interfaces/tutorial_interfaces/srv/detail/add_three_ints__struct.h
[0.362s] -- Up-to-date: /home/harshit/mrt_ws/install/tutorial_interfaces/include/tutorial_interfaces/tutorial_interfaces/srv/detail/add_three_ints__type_support.h
[0.362s] -- Up-to-date: /home/harshit/mrt_ws/install/tutorial_interfaces/include/tutorial_interfaces/tutorial_interfaces/srv/detail/process_image__functions.h
[0.362s] -- Up-to-date: /home/harshit/mrt_ws/install/tutorial_interfaces/include/tutorial_interfaces/tutorial_interfaces/msg
[0.362s] -- Up-to-date: /home/harshit/mrt_ws/install/tutorial_interfaces/include/tutorial_interfaces/tutorial_interfaces/msg/sphere.h
[0.362s] -- Up-to-date: /home/harshit/mrt_ws/install/tutorial_interfaces/include/tutorial_interfaces/tutorial_interfaces/msg/rosidl_generator_c__visibility_control.h
[0.363s] -- Up-to-date: /home/harshit/mrt_ws/install/tutorial_interfaces/include/tutorial_interfaces/tutorial_interfaces/msg/detail
[0.363s] -- Up-to-date: /home/harshit/mrt_ws/install/tutorial_interfaces/include/tutorial_interfaces/tutorial_interfaces/msg/detail/point_array__struct.h
[0.363s] -- Up-to-date: /home/harshit/mrt_ws/install/tutorial_interfaces/include/tutorial_interfaces/tutorial_interfaces/msg/detail/point__functions.c
[0.363s] -- Up-to-date: /home/harshit/mrt_ws/install/tutorial_interfaces/include/tutorial_interfaces/tutorial_interfaces/msg/detail/num__struct.h
[0.363s] -- Up-to-date: /home/harshit/mrt_ws/install/tutorial_interfaces/include/tutorial_interfaces/tutorial_interfaces/msg/detail/sphere__type_support.h
[0.363s] -- Up-to-date: /home/harshit/mrt_ws/install/tutorial_interfaces/include/tutorial_interfaces/tutorial_interfaces/msg/detail/num__functions.h
[0.363s] -- Up-to-date: /home/harshit/mrt_ws/install/tutorial_interfaces/include/tutorial_interfaces/tutorial_interfaces/msg/detail/point__struct.h
[0.363s] -- Up-to-date: /home/harshit/mrt_ws/install/tutorial_interfaces/include/tutorial_interfaces/tutorial_interfaces/msg/detail/num__functions.c
[0.363s] -- Up-to-date: /home/harshit/mrt_ws/install/tutorial_interfaces/include/tutorial_interfaces/tutorial_interfaces/msg/detail/sphere__struct.h
[0.363s] -- Up-to-date: /home/harshit/mrt_ws/install/tutorial_interfaces/include/tutorial_interfaces/tutorial_interfaces/msg/detail/num__type_support.h
[0.363s] -- Up-to-date: /home/harshit/mrt_ws/install/tutorial_interfaces/include/tutorial_interfaces/tutorial_interfaces/msg/detail/point__functions.h
[0.363s] -- Up-to-date: /home/harshit/mrt_ws/install/tutorial_interfaces/include/tutorial_interfaces/tutorial_interfaces/msg/detail/image_bounds__functions.c
[0.363s] -- Up-to-date: /home/harshit/mrt_ws/install/tutorial_interfaces/include/tutorial_interfaces/tutorial_interfaces/msg/detail/point_array__functions.h
[0.363s] -- Up-to-date: /home/harshit/mrt_ws/install/tutorial_interfaces/include/tutorial_interfaces/tutorial_interfaces/msg/detail/point2_d__type_support.h
[0.363s] -- Up-to-date: /home/harshit/mrt_ws/install/tutorial_interfaces/include/tutorial_interfaces/tutorial_interfaces/msg/detail/sphere__functions.h
[0.364s] -- Up-to-date: /home/harshit/mrt_ws/install/tutorial_interfaces/include/tutorial_interfaces/tutorial_interfaces/msg/detail/point_array__type_support.h
[0.364s] -- Up-to-date: /home/harshit/mrt_ws/install/tutorial_interfaces/include/tutorial_interfaces/tutorial_interfaces/msg/detail/sphere__functions.c
[0.364s] -- Up-to-date: /home/harshit/mrt_ws/install/tutorial_interfaces/include/tutorial_interfaces/tutorial_interfaces/msg/detail/point__type_support.h
[0.364s] -- Up-to-date: /home/harshit/mrt_ws/install/tutorial_interfaces/include/tutorial_interfaces/tutorial_interfaces/msg/detail/point2_d__struct.h
[0.364s] -- Up-to-date: /home/harshit/mrt_ws/install/tutorial_interfaces/include/tutorial_interfaces/tutorial_interfaces/msg/detail/point2_d__functions.c
[0.364s] -- Up-to-date: /home/harshit/mrt_ws/install/tutorial_interfaces/include/tutorial_interfaces/tutorial_interfaces/msg/detail/image_bounds__struct.h
[0.364s] -- Up-to-date: /home/harshit/mrt_ws/install/tutorial_interfaces/include/tutorial_interfaces/tutorial_interfaces/msg/detail/point_array__functions.c
[0.364s] -- Up-to-date: /home/harshit/mrt_ws/install/tutorial_interfaces/include/tutorial_interfaces/tutorial_interfaces/msg/detail/image_bounds__functions.h
[0.364s] -- Up-to-date: /home/harshit/mrt_ws/install/tutorial_interfaces/include/tutorial_interfaces/tutorial_interfaces/msg/detail/point2_d__functions.h
[0.364s] -- Up-to-date: /home/harshit/mrt_ws/install/tutorial_interfaces/include/tutorial_interfaces/tutorial_interfaces/msg/detail/image_bounds__type_support.h
[0.364s] -- Up-to-date: /home/harshit/mrt_ws/install/tutorial_interfaces/include/tutorial_interfaces/tutorial_interfaces/msg/image_bounds.h
[0.364s] -- Up-to-date: /home/harshit/mrt_ws/install/tutorial_interfaces/include/tutorial_interfaces/tutorial_interfaces/msg/point.h
[0.364s] -- Up-to-date: /home/harshit/mrt_ws/install/tutorial_interfaces/include/tutorial_interfaces/tutorial_interfaces/msg/point_array.h
[0.365s] -- Up-to-date: /home/harshit/mrt_ws/install/tutorial_interfaces/include/tutorial_interfaces/tutorial_interfaces/msg/point2_d.h
[0.365s] -- Up-to-date: /home/harshit/mrt_ws/install/tutorial_interfaces/include/tutorial_interfaces/tutorial_interfaces/msg/num.h
[0.365s] -- Up-to-date: /home/harshit/mrt_ws/install/tutorial_interfaces/share/tutorial_interfaces/environment/library_path.sh
[0.365s] -- Up-to-date: /home/harshit/mrt_ws/install/tutorial_interfaces/share/tutorial_interfaces/environment/library_path.dsv
[0.365s] -- Up-to-date: /home/harshit/mrt_ws/install/tutorial_interfaces/lib/libtutorial_interfaces__rosidl_generator_c.so
[0.365s] -- Up-to-date: /home/harshit/mrt_ws/install/tutorial_interfaces/include/tutorial_interfaces/tutorial_interfaces
[0.365s] -- Up-to-date: /home/harshit/mrt_ws/install/tutorial_interfaces/include/tutorial_interfaces/tutorial_interfaces/srv
[0.365s] -- Up-to-date: /home/harshit/mrt_ws/install/tutorial_interfaces/include/tutorial_interfaces/tutorial_interfaces/srv/detail
[0.365s] -- Up-to-date: /home/harshit/mrt_ws/install/tutorial_interfaces/include/tutorial_interfaces/tutorial_interfaces/srv/detail/add_three_ints__rosidl_typesupport_fastrtps_c.h
[0.365s] -- Up-to-date: /home/harshit/mrt_ws/install/tutorial_interfaces/include/tutorial_interfaces/tutorial_interfaces/srv/detail/process_image__rosidl_typesupport_fastrtps_c.h
[0.365s] -- Up-to-date: /home/harshit/mrt_ws/install/tutorial_interfaces/include/tutorial_interfaces/tutorial_interfaces/msg
[0.365s] -- Up-to-date: /home/harshit/mrt_ws/install/tutorial_interfaces/include/tutorial_interfaces/tutorial_interfaces/msg/detail
[0.365s] -- Up-to-date: /home/harshit/mrt_ws/install/tutorial_interfaces/include/tutorial_interfaces/tutorial_interfaces/msg/detail/point_array__rosidl_typesupport_fastrtps_c.h
[0.366s] -- Up-to-date: /home/harshit/mrt_ws/install/tutorial_interfaces/include/tutorial_interfaces/tutorial_interfaces/msg/detail/num__rosidl_typesupport_fastrtps_c.h
[0.366s] -- Up-to-date: /home/harshit/mrt_ws/install/tutorial_interfaces/include/tutorial_interfaces/tutorial_interfaces/msg/detail/image_bounds__rosidl_typesupport_fastrtps_c.h
[0.366s] -- Up-to-date: /home/harshit/mrt_ws/install/tutorial_interfaces/include/tutorial_interfaces/tutorial_interfaces/msg/detail/point__rosidl_typesupport_fastrtps_c.h
[0.366s] -- Up-to-date: /home/harshit/mrt_ws/install/tutorial_interfaces/include/tutorial_interfaces/tutorial_interfaces/msg/detail/point2_d__rosidl_typesupport_fastrtps_c.h
[0.366s] -- Up-to-date: /home/harshit/mrt_ws/install/tutorial_interfaces/include/tutorial_interfaces/tutorial_interfaces/msg/detail/sphere__rosidl_typesupport_fastrtps_c.h
[0.366s] -- Up-to-date: /home/harshit/mrt_ws/install/tutorial_interfaces/include/tutorial_interfaces/tutorial_interfaces/msg/rosidl_typesupport_fastrtps_c__visibility_control.h
[0.366s] -- Up-to-date: /home/harshit/mrt_ws/install/tutorial_interfaces/lib/libtutorial_interfaces__rosidl_typesupport_fastrtps_c.so
[0.366s] -- Up-to-date: /home/harshit/mrt_ws/install/tutorial_interfaces/include/tutorial_interfaces/tutorial_interfaces
[0.366s] -- Up-to-date: /home/harshit/mrt_ws/install/tutorial_interfaces/include/tutorial_interfaces/tutorial_interfaces/srv
[0.366s] -- Up-to-date: /home/harshit/mrt_ws/install/tutorial_interfaces/include/tutorial_interfaces/tutorial_interfaces/srv/detail
[0.366s] -- Up-to-date: /home/harshit/mrt_ws/install/tutorial_interfaces/include/tutorial_interfaces/tutorial_interfaces/srv/detail/process_image__type_support.c
[0.366s] -- Up-to-date: /home/harshit/mrt_ws/install/tutorial_interfaces/include/tutorial_interfaces/tutorial_interfaces/srv/detail/process_image__rosidl_typesupport_introspection_c.h
[0.366s] -- Up-to-date: /home/harshit/mrt_ws/install/tutorial_interfaces/include/tutorial_interfaces/tutorial_interfaces/srv/detail/add_three_ints__type_support.c
[0.366s] -- Up-to-date: /home/harshit/mrt_ws/install/tutorial_interfaces/include/tutorial_interfaces/tutorial_interfaces/srv/detail/add_three_ints__rosidl_typesupport_introspection_c.h
[0.367s] -- Up-to-date: /home/harshit/mrt_ws/install/tutorial_interfaces/include/tutorial_interfaces/tutorial_interfaces/msg
[0.367s] -- Up-to-date: /home/harshit/mrt_ws/install/tutorial_interfaces/include/tutorial_interfaces/tutorial_interfaces/msg/rosidl_typesupport_introspection_c__visibility_control.h
[0.367s] -- Up-to-date: /home/harshit/mrt_ws/install/tutorial_interfaces/include/tutorial_interfaces/tutorial_interfaces/msg/detail
[0.367s] -- Up-to-date: /home/harshit/mrt_ws/install/tutorial_interfaces/include/tutorial_interfaces/tutorial_interfaces/msg/detail/image_bounds__type_support.c
[0.367s] -- Up-to-date: /home/harshit/mrt_ws/install/tutorial_interfaces/include/tutorial_interfaces/tutorial_interfaces/msg/detail/point_array__rosidl_typesupport_introspection_c.h
[0.367s] -- Up-to-date: /home/harshit/mrt_ws/install/tutorial_interfaces/include/tutorial_interfaces/tutorial_interfaces/msg/detail/point2_d__rosidl_typesupport_introspection_c.h
[0.367s] -- Up-to-date: /home/harshit/mrt_ws/install/tutorial_interfaces/include/tutorial_interfaces/tutorial_interfaces/msg/detail/point2_d__type_support.c
[0.367s] -- Up-to-date: /home/harshit/mrt_ws/install/tutorial_interfaces/include/tutorial_interfaces/tutorial_interfaces/msg/detail/num__type_support.c
[0.367s] -- Up-to-date: /home/harshit/mrt_ws/install/tutorial_interfaces/include/tutorial_interfaces/tutorial_interfaces/msg/detail/num__rosidl_typesupport_introspection_c.h
[0.367s] -- Up-to-date: /home/harshit/mrt_ws/install/tutorial_interfaces/include/tutorial_interfaces/tutorial_interfaces/msg/detail/point__type_support.c
[0.367s] -- Up-to-date: /home/harshit/mrt_ws/install/tutorial_interfaces/include/tutorial_interfaces/tutorial_interfaces/msg/detail/sphere__rosidl_typesupport_introspection_c.h
[0.367s] -- Up-to-date: /home/harshit/mrt_ws/install/tutorial_interfaces/include/tutorial_interfaces/tutorial_interfaces/msg/detail/sphere__type_support.c
[0.367s] -- Up-to-date: /home/harshit/mrt_ws/install/tutorial_interfaces/include/tutorial_interfaces/tutorial_interfaces/msg/detail/point__rosidl_typesupport_introspection_c.h
[0.367s] -- Up-to-date: /home/harshit/mrt_ws/install/tutorial_interfaces/include/tutorial_interfaces/tutorial_interfaces/msg/detail/image_bounds__rosidl_typesupport_introspection_c.h
[0.368s] -- Up-to-date: /home/harshit/mrt_ws/install/tutorial_interfaces/include/tutorial_interfaces/tutorial_interfaces/msg/detail/point_array__type_support.c
[0.368s] -- Up-to-date: /home/harshit/mrt_ws/install/tutorial_interfaces/lib/libtutorial_interfaces__rosidl_typesupport_introspection_c.so
[0.368s] -- Up-to-date: /home/harshit/mrt_ws/install/tutorial_interfaces/lib/libtutorial_interfaces__rosidl_typesupport_c.so
[0.368s] -- Up-to-date: /home/harshit/mrt_ws/install/tutorial_interfaces/include/tutorial_interfaces/tutorial_interfaces
[0.368s] -- Up-to-date: /home/harshit/mrt_ws/install/tutorial_interfaces/include/tutorial_interfaces/tutorial_interfaces/srv
[0.368s] -- Up-to-date: /home/harshit/mrt_ws/install/tutorial_interfaces/include/tutorial_interfaces/tutorial_interfaces/srv/process_image.hpp
[0.368s] -- Up-to-date: /home/harshit/mrt_ws/install/tutorial_interfaces/include/tutorial_interfaces/tutorial_interfaces/srv/detail
[0.368s] -- Up-to-date: /home/harshit/mrt_ws/install/tutorial_interfaces/include/tutorial_interfaces/tutorial_interfaces/srv/detail/process_image__builder.hpp
[0.368s] -- Up-to-date: /home/harshit/mrt_ws/install/tutorial_interfaces/include/tutorial_interfaces/tutorial_interfaces/srv/detail/add_three_ints__builder.hpp
[0.368s] -- Up-to-date: /home/harshit/mrt_ws/install/tutorial_interfaces/include/tutorial_interfaces/tutorial_interfaces/srv/detail/add_three_ints__traits.hpp
[0.368s] -- Up-to-date: /home/harshit/mrt_ws/install/tutorial_interfaces/include/tutorial_interfaces/tutorial_interfaces/srv/detail/process_image__traits.hpp
[0.368s] -- Up-to-date: /home/harshit/mrt_ws/install/tutorial_interfaces/include/tutorial_interfaces/tutorial_interfaces/srv/detail/add_three_ints__struct.hpp
[0.368s] -- Up-to-date: /home/harshit/mrt_ws/install/tutorial_interfaces/include/tutorial_interfaces/tutorial_interfaces/srv/detail/process_image__struct.hpp
[0.368s] -- Up-to-date: /home/harshit/mrt_ws/install/tutorial_interfaces/include/tutorial_interfaces/tutorial_interfaces/srv/add_three_ints.hpp
[0.368s] -- Up-to-date: /home/harshit/mrt_ws/install/tutorial_interfaces/include/tutorial_interfaces/tutorial_interfaces/msg
[0.368s] -- Up-to-date: /home/harshit/mrt_ws/install/tutorial_interfaces/include/tutorial_interfaces/tutorial_interfaces/msg/point2_d.hpp
[0.369s] -- Up-to-date: /home/harshit/mrt_ws/install/tutorial_interfaces/include/tutorial_interfaces/tutorial_interfaces/msg/point_array.hpp
[0.369s] -- Up-to-date: /home/harshit/mrt_ws/install/tutorial_interfaces/include/tutorial_interfaces/tutorial_interfaces/msg/image_bounds.hpp
[0.369s] -- Up-to-date: /home/harshit/mrt_ws/install/tutorial_interfaces/include/tutorial_interfaces/tutorial_interfaces/msg/detail
[0.369s] -- Up-to-date: /home/harshit/mrt_ws/install/tutorial_interfaces/include/tutorial_interfaces/tutorial_interfaces/msg/detail/point_array__builder.hpp
[0.369s] -- Up-to-date: /home/harshit/mrt_ws/install/tutorial_interfaces/include/tutorial_interfaces/tutorial_interfaces/msg/detail/sphere__struct.hpp
[0.369s] -- Up-to-date: /home/harshit/mrt_ws/install/tutorial_interfaces/include/tutorial_interfaces/tutorial_interfaces/msg/detail/point2_d__struct.hpp
[0.369s] -- Up-to-date: /home/harshit/mrt_ws/install/tutorial_interfaces/include/tutorial_interfaces/tutorial_interfaces/msg/detail/image_bounds__struct.hpp
[0.369s] -- Up-to-date: /home/harshit/mrt_ws/install/tutorial_interfaces/include/tutorial_interfaces/tutorial_interfaces/msg/detail/sphere__builder.hpp
[0.369s] -- Up-to-date: /home/harshit/mrt_ws/install/tutorial_interfaces/include/tutorial_interfaces/tutorial_interfaces/msg/detail/point__struct.hpp
[0.369s] -- Up-to-date: /home/harshit/mrt_ws/install/tutorial_interfaces/include/tutorial_interfaces/tutorial_interfaces/msg/detail/num__struct.hpp
[0.369s] -- Up-to-date: /home/harshit/mrt_ws/install/tutorial_interfaces/include/tutorial_interfaces/tutorial_interfaces/msg/detail/point_array__struct.hpp
[0.369s] -- Up-to-date: /home/harshit/mrt_ws/install/tutorial_interfaces/include/tutorial_interfaces/tutorial_interfaces/msg/detail/image_bounds__builder.hpp
[0.369s] -- Up-to-date: /home/harshit/mrt_ws/install/tutorial_interfaces/include/tutorial_interfaces/tutorial_interfaces/msg/detail/image_bounds__traits.hpp
[0.369s] -- Up-to-date: /home/harshit/mrt_ws/install/tutorial_interfaces/include/tutorial_interfaces/tutorial_interfaces/msg/detail/num__traits.hpp
[0.369s] -- Up-to-date: /home/harshit/mrt_ws/install/tutorial_interfaces/include/tutorial_interfaces/tutorial_interfaces/msg/detail/point2_d__traits.hpp
[0.369s] -- Up-to-date: /home/harshit/mrt_ws/install/tutorial_interfaces/include/tutorial_interfaces/tutorial_interfaces/msg/detail/num__builder.hpp
[0.370s] -- Up-to-date: /home/harshit/mrt_ws/install/tutorial_interfaces/include/tutorial_interfaces/tutorial_interfaces/msg/detail/sphere__traits.hpp
[0.370s] -- Up-to-date: /home/harshit/mrt_ws/install/tutorial_interfaces/include/tutorial_interfaces/tutorial_interfaces/msg/detail/point_array__traits.hpp
[0.370s] -- Up-to-date: /home/harshit/mrt_ws/install/tutorial_interfaces/include/tutorial_interfaces/tutorial_interfaces/msg/detail/point2_d__builder.hpp
[0.370s] -- Up-to-date: /home/harshit/mrt_ws/install/tutorial_interfaces/include/tutorial_interfaces/tutorial_interfaces/msg/detail/point__traits.hpp
[0.370s] -- Up-to-date: /home/harshit/mrt_ws/install/tutorial_interfaces/include/tutorial_interfaces/tutorial_interfaces/msg/detail/point__builder.hpp
[0.370s] -- Up-to-date: /home/harshit/mrt_ws/install/tutorial_interfaces/include/tutorial_interfaces/tutorial_interfaces/msg/point.hpp
[0.370s] -- Up-to-date: /home/harshit/mrt_ws/install/tutorial_interfaces/include/tutorial_interfaces/tutorial_interfaces/msg/sphere.hpp
[0.370s] -- Up-to-date: /home/harshit/mrt_ws/install/tutorial_interfaces/include/tutorial_interfaces/tutorial_interfaces/msg/num.hpp
[0.370s] -- Up-to-date: /home/harshit/mrt_ws/install/tutorial_interfaces/include/tutorial_interfaces/tutorial_interfaces
[0.370s] -- Up-to-date: /home/harshit/mrt_ws/install/tutorial_interfaces/include/tutorial_interfaces/tutorial_interfaces/srv
[0.370s] -- Up-to-date: /home/harshit/mrt_ws/install/tutorial_interfaces/include/tutorial_interfaces/tutorial_interfaces/srv/detail
[0.370s] -- Up-to-date: /home/harshit/mrt_ws/install/tutorial_interfaces/include/tutorial_interfaces/tutorial_interfaces/srv/detail/add_three_ints__rosidl_typesupport_fastrtps_cpp.hpp
[0.370s] -- Up-to-date: /home/harshit/mrt_ws/install/tutorial_interfaces/include/tutorial_interfaces/tutorial_interfaces/srv/detail/process_image__rosidl_typesupport_fastrtps_cpp.hpp
[0.370s] -- Up-to-date: /home/harshit/mrt_ws/install/tutorial_interfaces/include/tutorial_interfaces/tutorial_interfaces/srv/detail/dds_fastrtps
[0.370s] -- Up-to-date: /home/harshit/mrt_ws/install/tutorial_interfaces/include/tutorial_interfaces/tutorial_interfaces/msg
[0.370s] -- Up-to-date: /home/harshit/mrt_ws/install/tutorial_interfaces/include/tutorial_interfaces/tutorial_interfaces/msg/rosidl_typesupport_fastrtps_cpp__visibility_control.h
[0.370s] -- Up-to-date: /home/harshit/mrt_ws/install/tutorial_interfaces/include/tutorial_interfaces/tutorial_interfaces/msg/detail
[0.371s] -- Up-to-date: /home/harshit/mrt_ws/install/tutorial_interfaces/include/tutorial_interfaces/tutorial_interfaces/msg/detail/point2_d__rosidl_typesupport_fastrtps_cpp.hpp
[0.371s] -- Up-to-date: /home/harshit/mrt_ws/install/tutorial_interfaces/include/tutorial_interfaces/tutorial_interfaces/msg/detail/point__rosidl_typesupport_fastrtps_cpp.hpp
[0.371s] -- Up-to-date: /home/harshit/mrt_ws/install/tutorial_interfaces/include/tutorial_interfaces/tutorial_interfaces/msg/detail/num__rosidl_typesupport_fastrtps_cpp.hpp
[0.371s] -- Up-to-date: /home/harshit/mrt_ws/install/tutorial_interfaces/include/tutorial_interfaces/tutorial_interfaces/msg/detail/sphere__rosidl_typesupport_fastrtps_cpp.hpp
[0.371s] -- Up-to-date: /home/harshit/mrt_ws/install/tutorial_interfaces/include/tutorial_interfaces/tutorial_interfaces/msg/detail/image_bounds__rosidl_typesupport_fastrtps_cpp.hpp
[0.371s] -- Up-to-date: /home/harshit/mrt_ws/install/tutorial_interfaces/include/tutorial_interfaces/tutorial_interfaces/msg/detail/point_array__rosidl_typesupport_fastrtps_cpp.hpp
[0.371s] -- Up-to-date: /home/harshit/mrt_ws/install/tutorial_interfaces/include/tutorial_interfaces/tutorial_interfaces/msg/detail/dds_fastrtps
[0.371s] -- Up-to-date: /home/harshit/mrt_ws/install/tutorial_interfaces/lib/libtutorial_interfaces__rosidl_typesupport_fastrtps_cpp.so
[0.371s] -- Up-to-date: /home/harshit/mrt_ws/install/tutorial_interfaces/include/tutorial_interfaces/tutorial_interfaces
[0.371s] -- Up-to-date: /home/harshit/mrt_ws/install/tutorial_interfaces/include/tutorial_interfaces/tutorial_interfaces/srv
[0.371s] -- Up-to-date: /home/harshit/mrt_ws/install/tutorial_interfaces/include/tutorial_interfaces/tutorial_interfaces/srv/detail
[0.371s] -- Up-to-date: /home/harshit/mrt_ws/install/tutorial_interfaces/include/tutorial_interfaces/tutorial_interfaces/srv/detail/process_image__rosidl_typesupport_introspection_cpp.hpp
[0.371s] -- Up-to-date: /home/harshit/mrt_ws/install/tutorial_interfaces/include/tutorial_interfaces/tutorial_interfaces/srv/detail/add_three_ints__type_support.cpp
[0.371s] -- Up-to-date: /home/harshit/mrt_ws/install/tutorial_interfaces/include/tutorial_interfaces/tutorial_interfaces/srv/detail/process_image__type_support.cpp
[0.371s] -- Up-to-date: /home/harshit/mrt_ws/install/tutorial_interfaces/include/tutorial_interfaces/tutorial_interfaces/srv/detail/add_three_ints__rosidl_typesupport_introspection_cpp.hpp
[0.371s] -- Up-to-date: /home/harshit/mrt_ws/install/tutorial_interfaces/include/tutorial_interfaces/tutorial_interfaces/msg
[0.372s] -- Up-to-date: /home/harshit/mrt_ws/install/tutorial_interfaces/include/tutorial_interfaces/tutorial_interfaces/msg/detail
[0.372s] -- Up-to-date: /home/harshit/mrt_ws/install/tutorial_interfaces/include/tutorial_interfaces/tutorial_interfaces/msg/detail/num__type_support.cpp
[0.372s] -- Up-to-date: /home/harshit/mrt_ws/install/tutorial_interfaces/include/tutorial_interfaces/tutorial_interfaces/msg/detail/image_bounds__rosidl_typesupport_introspection_cpp.hpp
[0.372s] -- Up-to-date: /home/harshit/mrt_ws/install/tutorial_interfaces/include/tutorial_interfaces/tutorial_interfaces/msg/detail/point__type_support.cpp
[0.372s] -- Up-to-date: /home/harshit/mrt_ws/install/tutorial_interfaces/include/tutorial_interfaces/tutorial_interfaces/msg/detail/num__rosidl_typesupport_introspection_cpp.hpp
[0.372s] -- Up-to-date: /home/harshit/mrt_ws/install/tutorial_interfaces/include/tutorial_interfaces/tutorial_interfaces/msg/detail/point_array__type_support.cpp
[0.372s] -- Up-to-date: /home/harshit/mrt_ws/install/tutorial_interfaces/include/tutorial_interfaces/tutorial_interfaces/msg/detail/point_array__rosidl_typesupport_introspection_cpp.hpp
[0.372s] -- Up-to-date: /home/harshit/mrt_ws/install/tutorial_interfaces/include/tutorial_interfaces/tutorial_interfaces/msg/detail/image_bounds__type_support.cpp
[0.372s] -- Up-to-date: /home/harshit/mrt_ws/install/tutorial_interfaces/include/tutorial_interfaces/tutorial_interfaces/msg/detail/point2_d__type_support.cpp
[0.372s] -- Up-to-date: /home/harshit/mrt_ws/install/tutorial_interfaces/include/tutorial_interfaces/tutorial_interfaces/msg/detail/sphere__rosidl_typesupport_introspection_cpp.hpp
[0.372s] -- Up-to-date: /home/harshit/mrt_ws/install/tutorial_interfaces/include/tutorial_interfaces/tutorial_interfaces/msg/detail/point2_d__rosidl_typesupport_introspection_cpp.hpp
[0.372s] -- Up-to-date: /home/harshit/mrt_ws/install/tutorial_interfaces/include/tutorial_interfaces/tutorial_interfaces/msg/detail/sphere__type_support.cpp
[0.372s] -- Up-to-date: /home/harshit/mrt_ws/install/tutorial_interfaces/include/tutorial_interfaces/tutorial_interfaces/msg/detail/point__rosidl_typesupport_introspection_cpp.hpp
[0.372s] -- Up-to-date: /home/harshit/mrt_ws/install/tutorial_interfaces/lib/libtutorial_interfaces__rosidl_typesupport_introspection_cpp.so
[0.372s] -- Up-to-date: /home/harshit/mrt_ws/install/tutorial_interfaces/lib/libtutorial_interfaces__rosidl_typesupport_cpp.so
[0.372s] -- Up-to-date: /home/harshit/mrt_ws/install/tutorial_interfaces/share/tutorial_interfaces/environment/pythonpath.sh
[0.372s] -- Up-to-date: /home/harshit/mrt_ws/install/tutorial_interfaces/share/tutorial_interfaces/environment/pythonpath.dsv
[0.373s] -- Up-to-date: /home/harshit/mrt_ws/install/tutorial_interfaces/local/lib/python3.10/dist-packages/tutorial_interfaces-0.0.0-py3.10.egg-info
[0.373s] -- Installing: /home/harshit/mrt_ws/install/tutorial_interfaces/local/lib/python3.10/dist-packages/tutorial_interfaces-0.0.0-py3.10.egg-info/top_level.txt
[0.373s] -- Installing: /home/harshit/mrt_ws/install/tutorial_interfaces/local/lib/python3.10/dist-packages/tutorial_interfaces-0.0.0-py3.10.egg-info/SOURCES.txt
[0.373s] -- Installing: /home/harshit/mrt_ws/install/tutorial_interfaces/local/lib/python3.10/dist-packages/tutorial_interfaces-0.0.0-py3.10.egg-info/dependency_links.txt
[0.373s] -- Installing: /home/harshit/mrt_ws/install/tutorial_interfaces/local/lib/python3.10/dist-packages/tutorial_interfaces-0.0.0-py3.10.egg-info/PKG-INFO
[0.373s] -- Up-to-date: /home/harshit/mrt_ws/install/tutorial_interfaces/local/lib/python3.10/dist-packages/tutorial_interfaces
[0.373s] -- Up-to-date: /home/harshit/mrt_ws/install/tutorial_interfaces/local/lib/python3.10/dist-packages/tutorial_interfaces/srv
[0.373s] -- Up-to-date: /home/harshit/mrt_ws/install/tutorial_interfaces/local/lib/python3.10/dist-packages/tutorial_interfaces/srv/_add_three_ints.py
[0.373s] -- Up-to-date: /home/harshit/mrt_ws/install/tutorial_interfaces/local/lib/python3.10/dist-packages/tutorial_interfaces/srv/_add_three_ints_s.c
[0.373s] -- Up-to-date: /home/harshit/mrt_ws/install/tutorial_interfaces/local/lib/python3.10/dist-packages/tutorial_interfaces/srv/_process_image.py
[0.373s] -- Up-to-date: /home/harshit/mrt_ws/install/tutorial_interfaces/local/lib/python3.10/dist-packages/tutorial_interfaces/srv/_process_image_s.c
[0.373s] -- Up-to-date: /home/harshit/mrt_ws/install/tutorial_interfaces/local/lib/python3.10/dist-packages/tutorial_interfaces/srv/__init__.py
[0.373s] -- Up-to-date: /home/harshit/mrt_ws/install/tutorial_interfaces/local/lib/python3.10/dist-packages/tutorial_interfaces/_tutorial_interfaces_s.ep.rosidl_typesupport_c.c
[0.373s] -- Up-to-date: /home/harshit/mrt_ws/install/tutorial_interfaces/local/lib/python3.10/dist-packages/tutorial_interfaces/tutorial_interfaces_s__rosidl_typesupport_introspection_c.cpython-310-x86_64-linux-gnu.so
[0.373s] -- Up-to-date: /home/harshit/mrt_ws/install/tutorial_interfaces/local/lib/python3.10/dist-packages/tutorial_interfaces/_tutorial_interfaces_s.ep.rosidl_typesupport_introspection_c.c
[0.373s] -- Up-to-date: /home/harshit/mrt_ws/install/tutorial_interfaces/local/lib/python3.10/dist-packages/tutorial_interfaces/msg
[0.374s] -- Up-to-date: /home/harshit/mrt_ws/install/tutorial_interfaces/local/lib/python3.10/dist-packages/tutorial_interfaces/msg/_point2_d_s.c
[0.374s] -- Up-to-date: /home/harshit/mrt_ws/install/tutorial_interfaces/local/lib/python3.10/dist-packages/tutorial_interfaces/msg/_num_s.c
[0.374s] -- Up-to-date: /home/harshit/mrt_ws/install/tutorial_interfaces/local/lib/python3.10/dist-packages/tutorial_interfaces/msg/_point_s.c
[0.374s] -- Up-to-date: /home/harshit/mrt_ws/install/tutorial_interfaces/local/lib/python3.10/dist-packages/tutorial_interfaces/msg/_point_array_s.c
[0.374s] -- Up-to-date: /home/harshit/mrt_ws/install/tutorial_interfaces/local/lib/python3.10/dist-packages/tutorial_interfaces/msg/_image_bounds_s.c
[0.374s] -- Up-to-date: /home/harshit/mrt_ws/install/tutorial_interfaces/local/lib/python3.10/dist-packages/tutorial_interfaces/msg/_num.py
[0.374s] -- Up-to-date: /home/harshit/mrt_ws/install/tutorial_interfaces/local/lib/python3.10/dist-packages/tutorial_interfaces/msg/_sphere_s.c
[0.374s] -- Up-to-date: /home/harshit/mrt_ws/install/tutorial_interfaces/local/lib/python3.10/dist-packages/tutorial_interfaces/msg/_point.py
[0.374s] -- Up-to-date: /home/harshit/mrt_ws/install/tutorial_interfaces/local/lib/python3.10/dist-packages/tutorial_interfaces/msg/_point_array.py
[0.374s] -- Up-to-date: /home/harshit/mrt_ws/install/tutorial_interfaces/local/lib/python3.10/dist-packages/tutorial_interfaces/msg/_image_bounds.py
[0.374s] -- Up-to-date: /home/harshit/mrt_ws/install/tutorial_interfaces/local/lib/python3.10/dist-packages/tutorial_interfaces/msg/_sphere.py
[0.374s] -- Up-to-date: /home/harshit/mrt_ws/install/tutorial_interfaces/local/lib/python3.10/dist-packages/tutorial_interfaces/msg/__init__.py
[0.374s] -- Up-to-date: /home/harshit/mrt_ws/install/tutorial_interfaces/local/lib/python3.10/dist-packages/tutorial_interfaces/msg/_point2_d.py
[0.374s] -- Up-to-date: /home/harshit/mrt_ws/install/tutorial_interfaces/local/lib/python3.10/dist-packages/tutorial_interfaces/tutorial_interfaces_s__rosidl_typesupport_fastrtps_c.cpython-310-x86_64-linux-gnu.so
[0.374s] -- Up-to-date: /home/harshit/mrt_ws/install/tutorial_interfaces/local/lib/python3.10/dist-packages/tutorial_interfaces/libtutorial_interfaces__rosidl_generator_py.so
[0.374s] -- Up-to-date: /home/harshit/mrt_ws/install/tutorial_interfaces/local/lib/python3.10/dist-packages/tutorial_interfaces/tutorial_interfaces_s__rosidl_typesupport_c.cpython-310-x86_64-linux-gnu.so
[0.374s] -- Up-to-date: /home/harshit/mrt_ws/install/tutorial_interfaces/local/lib/python3.10/dist-packages/tutorial_interfaces/_tutorial_interfaces_s.ep.rosidl_typesupport_fastrtps_c.c
[0.375s] -- Up-to-date: /home/harshit/mrt_ws/install/tutorial_interfaces/local/lib/python3.10/dist-packages/tutorial_interfaces/__init__.py
[0.389s] Listing '/home/harshit/mrt_ws/install/tutorial_interfaces/local/lib/python3.10/dist-packages/tutorial_interfaces'...
[0.389s] Listing '/home/harshit/mrt_ws/install/tutorial_interfaces/local/lib/python3.10/dist-packages/tutorial_interfaces/msg'...
[0.389s] Listing '/home/harshit/mrt_ws/install/tutorial_interfaces/local/lib/python3.10/dist-packages/tutorial_interfaces/srv'...
[0.392s] -- Up-to-date: /home/harshit/mrt_ws/install/tutorial_interfaces/local/lib/python3.10/dist-packages/tutorial_interfaces/tutorial_interfaces_s__rosidl_typesupport_fastrtps_c.cpython-310-x86_64-linux-gnu.so
[0.392s] -- Up-to-date: /home/harshit/mrt_ws/install/tutorial_interfaces/local/lib/python3.10/dist-packages/tutorial_interfaces/tutorial_interfaces_s__rosidl_typesupport_introspection_c.cpython-310-x86_64-linux-gnu.so
[0.392s] -- Up-to-date: /home/harshit/mrt_ws/install/tutorial_interfaces/local/lib/python3.10/dist-packages/tutorial_interfaces/tutorial_interfaces_s__rosidl_typesupport_c.cpython-310-x86_64-linux-gnu.so
[0.392s] -- Up-to-date: /home/harshit/mrt_ws/install/tutorial_interfaces/lib/libtutorial_interfaces__rosidl_generator_py.so
[0.392s] -- Up-to-date: /home/harshit/mrt_ws/install/tutorial_interfaces/share/tutorial_interfaces/msg/Point.idl
[0.392s] -- Up-to-date: /home/harshit/mrt_ws/install/tutorial_interfaces/share/tutorial_interfaces/msg/PointArray.idl
[0.392s] -- Up-to-date: /home/harshit/mrt_ws/install/tutorial_interfaces/share/tutorial_interfaces/msg/ImageBounds.idl
[0.392s] -- Up-to-date: /home/harshit/mrt_ws/install/tutorial_interfaces/share/tutorial_interfaces/srv/ProcessImage.idl
[0.392s] -- Up-to-date: /home/harshit/mrt_ws/install/tutorial_interfaces/share/tutorial_interfaces/msg/Point.msg
[0.393s] -- Up-to-date: /home/harshit/mrt_ws/install/tutorial_interfaces/share/tutorial_interfaces/msg/PointArray.msg
[0.393s] -- Up-to-date: /home/harshit/mrt_ws/install/tutorial_interfaces/share/tutorial_interfaces/msg/ImageBounds.msg
[0.393s] -- Up-to-date: /home/harshit/mrt_ws/install/tutorial_interfaces/share/tutorial_interfaces/srv/ProcessImage.srv
[0.393s] -- Up-to-date: /home/harshit/mrt_ws/install/tutorial_interfaces/share/tutorial_interfaces/srv/ProcessImage_Request.msg
[0.393s] -- Up-to-date: /home/harshit/mrt_ws/install/tutorial_interfaces/share/tutorial_interfaces/srv/ProcessImage_Response.msg
[0.393s] -- Up-to-date: /home/harshit/mrt_ws/install/tutorial_interfaces/share/ament_index/resource_index/package_run_dependencies/tutorial_interfaces
[0.393s] -- Up-to-date: /home/harshit/mrt_ws/install/tutorial_interfaces/share/ament_index/resource_index/parent_prefix_path/tutorial_interfaces
[0.393s] -- Up-to-date: /home/harshit/mrt_ws/install/tutorial_interfaces/share/tutorial_interfaces/environment/ament_prefix_path.sh
[0.393s] -- Up-to-date: /home/harshit/mrt_ws/install/tutorial_interfaces/share/tutorial_interfaces/environment/ament_prefix_path.dsv
[0.393s] -- Up-to-date: /home/harshit/mrt_ws/install/tutorial_interfaces/share/tutorial_interfaces/environment/path.sh
[0.393s] -- Up-to-date: /home/harshit/mrt_ws/install/tutorial_interfaces/share/tutorial_interfaces/environment/path.dsv
[0.393s] -- Up-to-date: /home/harshit/mrt_ws/install/tutorial_interfaces/share/tutorial_interfaces/local_setup.bash
[0.393s] -- Up-to-date: /home/harshit/mrt_ws/install/tutorial_interfaces/share/tutorial_interfaces/local_setup.sh
[0.393s] -- Up-to-date: /home/harshit/mrt_ws/install/tutorial_interfaces/share/tutorial_interfaces/local_setup.zsh
[0.394s] -- Up-to-date: /home/harshit/mrt_ws/install/tutorial_interfaces/share/tutorial_interfaces/local_setup.dsv
[0.394s] -- Installing: /home/harshit/mrt_ws/install/tutorial_interfaces/share/tutorial_interfaces/package.dsv
[0.394s] -- Up-to-date: /home/harshit/mrt_ws/install/tutorial_interfaces/share/ament_index/resource_index/packages/tutorial_interfaces
[0.394s] -- Up-to-date: /home/harshit/mrt_ws/install/tutorial_interfaces/share/tutorial_interfaces/cmake/export_tutorial_interfaces__rosidl_generator_cExport.cmake
[0.394s] -- Up-to-date: /home/harshit/mrt_ws/install/tutorial_interfaces/share/tutorial_interfaces/cmake/export_tutorial_interfaces__rosidl_generator_cExport-noconfig.cmake
[0.394s] -- Up-to-date: /home/harshit/mrt_ws/install/tutorial_interfaces/share/tutorial_interfaces/cmake/export_tutorial_interfaces__rosidl_typesupport_fastrtps_cExport.cmake
[0.394s] -- Up-to-date: /home/harshit/mrt_ws/install/tutorial_interfaces/share/tutorial_interfaces/cmake/export_tutorial_interfaces__rosidl_typesupport_fastrtps_cExport-noconfig.cmake
[0.394s] -- Up-to-date: /home/harshit/mrt_ws/install/tutorial_interfaces/share/tutorial_interfaces/cmake/tutorial_interfaces__rosidl_typesupport_introspection_cExport.cmake
[0.394s] -- Up-to-date: /home/harshit/mrt_ws/install/tutorial_interfaces/share/tutorial_interfaces/cmake/tutorial_interfaces__rosidl_typesupport_introspection_cExport-noconfig.cmake
[0.394s] -- Up-to-date: /home/harshit/mrt_ws/install/tutorial_interfaces/share/tutorial_interfaces/cmake/tutorial_interfaces__rosidl_typesupport_cExport.cmake
[0.394s] -- Up-to-date: /home/harshit/mrt_ws/install/tutorial_interfaces/share/tutorial_interfaces/cmake/tutorial_interfaces__rosidl_typesupport_cExport-noconfig.cmake
[0.394s] -- Up-to-date: /home/harshit/mrt_ws/install/tutorial_interfaces/share/tutorial_interfaces/cmake/export_tutorial_interfaces__rosidl_generator_cppExport.cmake
[0.394s] -- Up-to-date: /home/harshit/mrt_ws/install/tutorial_interfaces/share/tutorial_interfaces/cmake/export_tutorial_interfaces__rosidl_typesupport_fastrtps_cppExport.cmake
[0.395s] -- Up-to-date: /home/harshit/mrt_ws/install/tutorial_interfaces/share/tutorial_interfaces/cmake/export_tutorial_interfaces__rosidl_typesupport_fastrtps_cppExport-noconfig.cmake
[0.395s] -- Up-to-date: /home/harshit/mrt_ws/install/tutorial_interfaces/share/tutorial_interfaces/cmake/tutorial_interfaces__rosidl_typesupport_introspection_cppExport.cmake
[0.395s] -- Up-to-date: /home/harshit/mrt_ws/install/tutorial_interfaces/share/tutorial_interfaces/cmake/tutorial_interfaces__rosidl_typesupport_introspection_cppExport-noconfig.cmake
[0.395s] -- Up-to-date: /home/harshit/mrt_ws/install/tutorial_interfaces/share/tutorial_interfaces/cmake/tutorial_interfaces__rosidl_typesupport_cppExport.cmake
[0.395s] -- Up-to-date: /home/harshit/mrt_ws/install/tutorial_interfaces/share/tutorial_interfaces/cmake/tutorial_interfaces__rosidl_typesupport_cppExport-noconfig.cmake
[0.395s] -- Up-to-date: /home/harshit/mrt_ws/install/tutorial_interfaces/share/tutorial_interfaces/cmake/export_tutorial_interfaces__rosidl_generator_pyExport.cmake
[0.395s] -- Up-to-date: /home/harshit/mrt_ws/install/tutorial_interfaces/share/tutorial_interfaces/cmake/export_tutorial_interfaces__rosidl_generator_pyExport-noconfig.cmake
[0.395s] -- Up-to-date: /home/harshit/mrt_ws/install/tutorial_interfaces/share/tutorial_interfaces/cmake/rosidl_cmake-extras.cmake
[0.395s] -- Up-to-date: /home/harshit/mrt_ws/install/tutorial_interfaces/share/tutorial_interfaces/cmake/ament_cmake_export_dependencies-extras.cmake
[0.395s] -- Up-to-date: /home/harshit/mrt_ws/install/tutorial_interfaces/share/tutorial_interfaces/cmake/ament_cmake_export_include_directories-extras.cmake
[0.396s] -- Up-to-date: /home/harshit/mrt_ws/install/tutorial_interfaces/share/tutorial_interfaces/cmake/ament_cmake_export_libraries-extras.cmake
[0.396s] -- Up-to-date: /home/harshit/mrt_ws/install/tutorial_interfaces/share/tutorial_interfaces/cmake/ament_cmake_export_targets-extras.cmake
[0.396s] -- Up-to-date: /home/harshit/mrt_ws/install/tutorial_interfaces/share/tutorial_interfaces/cmake/rosidl_cmake_export_typesupport_targets-extras.cmake
[0.396s] -- Up-to-date: /home/harshit/mrt_ws/install/tutorial_interfaces/share/tutorial_interfaces/cmake/rosidl_cmake_export_typesupport_libraries-extras.cmake
[0.396s] -- Up-to-date: /home/harshit/mrt_ws/install/tutorial_interfaces/share/tutorial_interfaces/cmake/tutorial_interfacesConfig.cmake
[0.396s] -- Up-to-date: /home/harshit/mrt_ws/install/tutorial_interfaces/share/tutorial_interfaces/cmake/tutorial_interfacesConfig-version.cmake
[0.396s] -- Up-to-date: /home/harshit/mrt_ws/install/tutorial_interfaces/share/tutorial_interfaces/package.xml
[0.397s] Invoked command in '/home/harshit/mrt_ws/build/tutorial_interfaces' returned '0': CMAKE_PREFIX_PATH=${CMAKE_PREFIX_PATH}:/home/harshit/mrt_ws/install/week0_tutorials:/home/harshit/mrt_ws/install/py_srvcli:/home/harshit/mrt_ws/install/sauron:/opt/ros/humble /usr/bin/cmake --install /home/harshit/mrt_ws/build/tutorial_interfaces
