[0.023s] Invoking command in '/home/harshit/mrt_ws/arm_workspace/build/pos_control_interfaces': CMAKE_PREFIX_PATH=${CMAKE_PREFIX_PATH}:/home/harshit/mrt_ws/arm_workspace/install/arm_pos_control:/home/harshit/urdf_rviz/install/urdf_testing:/home/harshit/urdf_rviz/install/robot_car:/home/harshit/mrt_ws/install/week1_tutorials:/home/harshit/mrt_ws/install/week0_tutorials:/home/harshit/mrt_ws/install/sauron:/home/harshit/mrt_ws/install/odom_tf_publisher:/home/harshit/mrt_ws/install/mrs_hudson:/home/harshit/mrt_ws/install/assgn:/home/harshit/mrt_ws/install/aruco_detection:/home/harshit/mrt_ws/install/arm_pos_control:/opt/ros/humble /usr/bin/cmake --build /home/harshit/mrt_ws/arm_workspace/build/pos_control_interfaces -- -j8 -l8
[0.093s] [  3%] Built target pos_control_interfaces__cpp
[0.096s] [ 12%] Built target pos_control_interfaces__rosidl_generator_c
[0.108s] [ 12%] Built target ament_cmake_python_copy_pos_control_interfaces
[0.150s] [ 25%] Built target pos_control_interfaces__rosidl_typesupport_cpp
[0.150s] [ 32%] Built target pos_control_interfaces__rosidl_typesupport_introspection_cpp
[0.156s] [ 41%] Built target pos_control_interfaces__rosidl_typesupport_fastrtps_cpp
[0.160s] [ 51%] Built target pos_control_interfaces__rosidl_typesupport_introspection_c
[0.161s] [ 61%] Built target pos_control_interfaces__rosidl_typesupport_c
[0.162s] [ 70%] Built target pos_control_interfaces__rosidl_typesupport_fastrtps_c
[0.186s] [ 70%] Built target pos_control_interfaces
[0.215s] [ 74%] Built target pos_control_interfaces__py
[0.252s] [ 80%] Built target pos_control_interfaces__rosidl_generator_py
[0.281s] [ 87%] Built target pos_control_interfaces__rosidl_typesupport_introspection_c__pyext
[0.285s] [ 93%] Built target pos_control_interfaces__rosidl_typesupport_c__pyext
[0.290s] [100%] Built target pos_control_interfaces__rosidl_typesupport_fastrtps_c__pyext
[0.803s] running egg_info
[0.805s] writing pos_control_interfaces.egg-info/PKG-INFO
[0.806s] writing dependency_links to pos_control_interfaces.egg-info/dependency_links.txt
[0.806s] writing top-level names to pos_control_interfaces.egg-info/top_level.txt
[0.811s] reading manifest file 'pos_control_interfaces.egg-info/SOURCES.txt'
[0.813s] writing manifest file 'pos_control_interfaces.egg-info/SOURCES.txt'
[0.859s] [100%] Built target ament_cmake_python_build_pos_control_interfaces_egg
[0.872s] Invoked command in '/home/harshit/mrt_ws/arm_workspace/build/pos_control_interfaces' returned '0': CMAKE_PREFIX_PATH=${CMAKE_PREFIX_PATH}:/home/harshit/mrt_ws/arm_workspace/install/arm_pos_control:/home/harshit/urdf_rviz/install/urdf_testing:/home/harshit/urdf_rviz/install/robot_car:/home/harshit/mrt_ws/install/week1_tutorials:/home/harshit/mrt_ws/install/week0_tutorials:/home/harshit/mrt_ws/install/sauron:/home/harshit/mrt_ws/install/odom_tf_publisher:/home/harshit/mrt_ws/install/mrs_hudson:/home/harshit/mrt_ws/install/assgn:/home/harshit/mrt_ws/install/aruco_detection:/home/harshit/mrt_ws/install/arm_pos_control:/opt/ros/humble /usr/bin/cmake --build /home/harshit/mrt_ws/arm_workspace/build/pos_control_interfaces -- -j8 -l8
[0.884s] Invoking command in '/home/harshit/mrt_ws/arm_workspace/build/pos_control_interfaces': CMAKE_PREFIX_PATH=${CMAKE_PREFIX_PATH}:/home/harshit/mrt_ws/arm_workspace/install/arm_pos_control:/home/harshit/urdf_rviz/install/urdf_testing:/home/harshit/urdf_rviz/install/robot_car:/home/harshit/mrt_ws/install/week1_tutorials:/home/harshit/mrt_ws/install/week0_tutorials:/home/harshit/mrt_ws/install/sauron:/home/harshit/mrt_ws/install/odom_tf_publisher:/home/harshit/mrt_ws/install/mrs_hudson:/home/harshit/mrt_ws/install/assgn:/home/harshit/mrt_ws/install/aruco_detection:/home/harshit/mrt_ws/install/arm_pos_control:/opt/ros/humble /usr/bin/cmake --install /home/harshit/mrt_ws/arm_workspace/build/pos_control_interfaces
[0.891s] -- Install configuration: ""
[0.891s] -- Up-to-date: /home/harshit/mrt_ws/arm_workspace/install/pos_control_interfaces/share/ament_index/resource_index/rosidl_interfaces/pos_control_interfaces
[0.892s] -- Up-to-date: /home/harshit/mrt_ws/arm_workspace/install/pos_control_interfaces/include/pos_control_interfaces/pos_control_interfaces
[0.892s] -- Up-to-date: /home/harshit/mrt_ws/arm_workspace/install/pos_control_interfaces/include/pos_control_interfaces/pos_control_interfaces/action
[0.892s] -- Up-to-date: /home/harshit/mrt_ws/arm_workspace/install/pos_control_interfaces/include/pos_control_interfaces/pos_control_interfaces/action/trajectory.h
[0.893s] -- Up-to-date: /home/harshit/mrt_ws/arm_workspace/install/pos_control_interfaces/include/pos_control_interfaces/pos_control_interfaces/action/detail
[0.893s] -- Up-to-date: /home/harshit/mrt_ws/arm_workspace/install/pos_control_interfaces/include/pos_control_interfaces/pos_control_interfaces/action/detail/trajectory__type_support.h
[0.893s] -- Up-to-date: /home/harshit/mrt_ws/arm_workspace/install/pos_control_interfaces/include/pos_control_interfaces/pos_control_interfaces/action/detail/trajectory__struct.h
[0.893s] -- Up-to-date: /home/harshit/mrt_ws/arm_workspace/install/pos_control_interfaces/include/pos_control_interfaces/pos_control_interfaces/action/detail/trajectory__functions.c
[0.894s] -- Up-to-date: /home/harshit/mrt_ws/arm_workspace/install/pos_control_interfaces/include/pos_control_interfaces/pos_control_interfaces/action/detail/trajectory__functions.h
[0.894s] -- Up-to-date: /home/harshit/mrt_ws/arm_workspace/install/pos_control_interfaces/include/pos_control_interfaces/pos_control_interfaces/msg
[0.894s] -- Up-to-date: /home/harshit/mrt_ws/arm_workspace/install/pos_control_interfaces/include/pos_control_interfaces/pos_control_interfaces/msg/rosidl_generator_c__visibility_control.h
[0.895s] -- Up-to-date: /home/harshit/mrt_ws/arm_workspace/install/pos_control_interfaces/share/pos_control_interfaces/environment/library_path.sh
[0.895s] -- Up-to-date: /home/harshit/mrt_ws/arm_workspace/install/pos_control_interfaces/share/pos_control_interfaces/environment/library_path.dsv
[0.895s] -- Up-to-date: /home/harshit/mrt_ws/arm_workspace/install/pos_control_interfaces/lib/libpos_control_interfaces__rosidl_generator_c.so
[0.895s] -- Up-to-date: /home/harshit/mrt_ws/arm_workspace/install/pos_control_interfaces/include/pos_control_interfaces/pos_control_interfaces
[0.896s] -- Up-to-date: /home/harshit/mrt_ws/arm_workspace/install/pos_control_interfaces/include/pos_control_interfaces/pos_control_interfaces/action
[0.896s] -- Up-to-date: /home/harshit/mrt_ws/arm_workspace/install/pos_control_interfaces/include/pos_control_interfaces/pos_control_interfaces/action/detail
[0.896s] -- Up-to-date: /home/harshit/mrt_ws/arm_workspace/install/pos_control_interfaces/include/pos_control_interfaces/pos_control_interfaces/action/detail/trajectory__rosidl_typesupport_fastrtps_c.h
[0.896s] -- Up-to-date: /home/harshit/mrt_ws/arm_workspace/install/pos_control_interfaces/include/pos_control_interfaces/pos_control_interfaces/msg
[0.896s] -- Up-to-date: /home/harshit/mrt_ws/arm_workspace/install/pos_control_interfaces/include/pos_control_interfaces/pos_control_interfaces/msg/rosidl_typesupport_fastrtps_c__visibility_control.h
[0.897s] -- Up-to-date: /home/harshit/mrt_ws/arm_workspace/install/pos_control_interfaces/lib/libpos_control_interfaces__rosidl_typesupport_fastrtps_c.so
[0.897s] -- Up-to-date: /home/harshit/mrt_ws/arm_workspace/install/pos_control_interfaces/include/pos_control_interfaces/pos_control_interfaces
[0.897s] -- Up-to-date: /home/harshit/mrt_ws/arm_workspace/install/pos_control_interfaces/include/pos_control_interfaces/pos_control_interfaces/action
[0.898s] -- Up-to-date: /home/harshit/mrt_ws/arm_workspace/install/pos_control_interfaces/include/pos_control_interfaces/pos_control_interfaces/action/detail
[0.898s] -- Up-to-date: /home/harshit/mrt_ws/arm_workspace/install/pos_control_interfaces/include/pos_control_interfaces/pos_control_interfaces/action/detail/trajectory__struct.hpp
[0.898s] -- Up-to-date: /home/harshit/mrt_ws/arm_workspace/install/pos_control_interfaces/include/pos_control_interfaces/pos_control_interfaces/action/detail/trajectory__type_support.hpp
[0.898s] -- Up-to-date: /home/harshit/mrt_ws/arm_workspace/install/pos_control_interfaces/include/pos_control_interfaces/pos_control_interfaces/action/detail/trajectory__traits.hpp
[0.899s] -- Up-to-date: /home/harshit/mrt_ws/arm_workspace/install/pos_control_interfaces/include/pos_control_interfaces/pos_control_interfaces/action/detail/trajectory__builder.hpp
[0.899s] -- Up-to-date: /home/harshit/mrt_ws/arm_workspace/install/pos_control_interfaces/include/pos_control_interfaces/pos_control_interfaces/action/trajectory.hpp
[0.899s] -- Up-to-date: /home/harshit/mrt_ws/arm_workspace/install/pos_control_interfaces/include/pos_control_interfaces/pos_control_interfaces/msg
[0.899s] -- Up-to-date: /home/harshit/mrt_ws/arm_workspace/install/pos_control_interfaces/include/pos_control_interfaces/pos_control_interfaces/msg/rosidl_generator_cpp__visibility_control.hpp
[0.900s] -- Up-to-date: /home/harshit/mrt_ws/arm_workspace/install/pos_control_interfaces/include/pos_control_interfaces/pos_control_interfaces
[0.900s] -- Up-to-date: /home/harshit/mrt_ws/arm_workspace/install/pos_control_interfaces/include/pos_control_interfaces/pos_control_interfaces/action
[0.900s] -- Up-to-date: /home/harshit/mrt_ws/arm_workspace/install/pos_control_interfaces/include/pos_control_interfaces/pos_control_interfaces/action/detail
[0.900s] -- Up-to-date: /home/harshit/mrt_ws/arm_workspace/install/pos_control_interfaces/include/pos_control_interfaces/pos_control_interfaces/action/detail/dds_fastrtps
[0.901s] -- Up-to-date: /home/harshit/mrt_ws/arm_workspace/install/pos_control_interfaces/include/pos_control_interfaces/pos_control_interfaces/action/detail/trajectory__rosidl_typesupport_fastrtps_cpp.hpp
[0.901s] -- Up-to-date: /home/harshit/mrt_ws/arm_workspace/install/pos_control_interfaces/include/pos_control_interfaces/pos_control_interfaces/msg
[0.901s] -- Up-to-date: /home/harshit/mrt_ws/arm_workspace/install/pos_control_interfaces/include/pos_control_interfaces/pos_control_interfaces/msg/rosidl_typesupport_fastrtps_cpp__visibility_control.h
[0.901s] -- Up-to-date: /home/harshit/mrt_ws/arm_workspace/install/pos_control_interfaces/lib/libpos_control_interfaces__rosidl_typesupport_fastrtps_cpp.so
[0.902s] -- Up-to-date: /home/harshit/mrt_ws/arm_workspace/install/pos_control_interfaces/include/pos_control_interfaces/pos_control_interfaces
[0.902s] -- Up-to-date: /home/harshit/mrt_ws/arm_workspace/install/pos_control_interfaces/include/pos_control_interfaces/pos_control_interfaces/action
[0.902s] -- Up-to-date: /home/harshit/mrt_ws/arm_workspace/install/pos_control_interfaces/include/pos_control_interfaces/pos_control_interfaces/action/detail
[0.902s] -- Up-to-date: /home/harshit/mrt_ws/arm_workspace/install/pos_control_interfaces/include/pos_control_interfaces/pos_control_interfaces/action/detail/trajectory__rosidl_typesupport_introspection_c.h
[0.902s] -- Up-to-date: /home/harshit/mrt_ws/arm_workspace/install/pos_control_interfaces/include/pos_control_interfaces/pos_control_interfaces/action/detail/trajectory__type_support.c
[0.903s] -- Up-to-date: /home/harshit/mrt_ws/arm_workspace/install/pos_control_interfaces/include/pos_control_interfaces/pos_control_interfaces/msg
[0.903s] -- Up-to-date: /home/harshit/mrt_ws/arm_workspace/install/pos_control_interfaces/include/pos_control_interfaces/pos_control_interfaces/msg/rosidl_typesupport_introspection_c__visibility_control.h
[0.903s] -- Up-to-date: /home/harshit/mrt_ws/arm_workspace/install/pos_control_interfaces/lib/libpos_control_interfaces__rosidl_typesupport_introspection_c.so
[0.903s] -- Up-to-date: /home/harshit/mrt_ws/arm_workspace/install/pos_control_interfaces/lib/libpos_control_interfaces__rosidl_typesupport_c.so
[0.903s] -- Up-to-date: /home/harshit/mrt_ws/arm_workspace/install/pos_control_interfaces/include/pos_control_interfaces/pos_control_interfaces
[0.904s] -- Up-to-date: /home/harshit/mrt_ws/arm_workspace/install/pos_control_interfaces/include/pos_control_interfaces/pos_control_interfaces/action
[0.904s] -- Up-to-date: /home/harshit/mrt_ws/arm_workspace/install/pos_control_interfaces/include/pos_control_interfaces/pos_control_interfaces/action/detail
[0.904s] -- Up-to-date: /home/harshit/mrt_ws/arm_workspace/install/pos_control_interfaces/include/pos_control_interfaces/pos_control_interfaces/action/detail/trajectory__rosidl_typesupport_introspection_cpp.hpp
[0.905s] -- Up-to-date: /home/harshit/mrt_ws/arm_workspace/install/pos_control_interfaces/include/pos_control_interfaces/pos_control_interfaces/action/detail/trajectory__type_support.cpp
[0.905s] -- Up-to-date: /home/harshit/mrt_ws/arm_workspace/install/pos_control_interfaces/lib/libpos_control_interfaces__rosidl_typesupport_introspection_cpp.so
[0.905s] -- Up-to-date: /home/harshit/mrt_ws/arm_workspace/install/pos_control_interfaces/lib/libpos_control_interfaces__rosidl_typesupport_cpp.so
[0.905s] -- Up-to-date: /home/harshit/mrt_ws/arm_workspace/install/pos_control_interfaces/share/pos_control_interfaces/environment/pythonpath.sh
[0.905s] -- Up-to-date: /home/harshit/mrt_ws/arm_workspace/install/pos_control_interfaces/share/pos_control_interfaces/environment/pythonpath.dsv
[0.906s] -- Up-to-date: /home/harshit/mrt_ws/arm_workspace/install/pos_control_interfaces/local/lib/python3.10/dist-packages/pos_control_interfaces-0.0.0-py3.10.egg-info
[0.906s] -- Installing: /home/harshit/mrt_ws/arm_workspace/install/pos_control_interfaces/local/lib/python3.10/dist-packages/pos_control_interfaces-0.0.0-py3.10.egg-info/top_level.txt
[0.906s] -- Installing: /home/harshit/mrt_ws/arm_workspace/install/pos_control_interfaces/local/lib/python3.10/dist-packages/pos_control_interfaces-0.0.0-py3.10.egg-info/SOURCES.txt
[0.906s] -- Installing: /home/harshit/mrt_ws/arm_workspace/install/pos_control_interfaces/local/lib/python3.10/dist-packages/pos_control_interfaces-0.0.0-py3.10.egg-info/dependency_links.txt
[0.906s] -- Installing: /home/harshit/mrt_ws/arm_workspace/install/pos_control_interfaces/local/lib/python3.10/dist-packages/pos_control_interfaces-0.0.0-py3.10.egg-info/PKG-INFO
[0.907s] -- Up-to-date: /home/harshit/mrt_ws/arm_workspace/install/pos_control_interfaces/local/lib/python3.10/dist-packages/pos_control_interfaces
[0.907s] -- Up-to-date: /home/harshit/mrt_ws/arm_workspace/install/pos_control_interfaces/local/lib/python3.10/dist-packages/pos_control_interfaces/pos_control_interfaces_s__rosidl_typesupport_introspection_c.cpython-310-x86_64-linux-gnu.so
[0.907s] -- Up-to-date: /home/harshit/mrt_ws/arm_workspace/install/pos_control_interfaces/local/lib/python3.10/dist-packages/pos_control_interfaces/_pos_control_interfaces_s.ep.rosidl_typesupport_c.c
[0.907s] -- Up-to-date: /home/harshit/mrt_ws/arm_workspace/install/pos_control_interfaces/local/lib/python3.10/dist-packages/pos_control_interfaces/pos_control_interfaces_s__rosidl_typesupport_c.cpython-310-x86_64-linux-gnu.so
[0.907s] -- Up-to-date: /home/harshit/mrt_ws/arm_workspace/install/pos_control_interfaces/local/lib/python3.10/dist-packages/pos_control_interfaces/_pos_control_interfaces_s.ep.rosidl_typesupport_fastrtps_c.c
[0.908s] -- Up-to-date: /home/harshit/mrt_ws/arm_workspace/install/pos_control_interfaces/local/lib/python3.10/dist-packages/pos_control_interfaces/libpos_control_interfaces__rosidl_generator_py.so
[0.908s] -- Up-to-date: /home/harshit/mrt_ws/arm_workspace/install/pos_control_interfaces/local/lib/python3.10/dist-packages/pos_control_interfaces/action
[0.908s] -- Up-to-date: /home/harshit/mrt_ws/arm_workspace/install/pos_control_interfaces/local/lib/python3.10/dist-packages/pos_control_interfaces/action/_trajectory.py
[0.908s] -- Up-to-date: /home/harshit/mrt_ws/arm_workspace/install/pos_control_interfaces/local/lib/python3.10/dist-packages/pos_control_interfaces/action/_trajectory_s.c
[0.908s] -- Up-to-date: /home/harshit/mrt_ws/arm_workspace/install/pos_control_interfaces/local/lib/python3.10/dist-packages/pos_control_interfaces/action/__init__.py
[0.909s] -- Up-to-date: /home/harshit/mrt_ws/arm_workspace/install/pos_control_interfaces/local/lib/python3.10/dist-packages/pos_control_interfaces/pos_control_interfaces_s__rosidl_typesupport_fastrtps_c.cpython-310-x86_64-linux-gnu.so
[0.909s] -- Up-to-date: /home/harshit/mrt_ws/arm_workspace/install/pos_control_interfaces/local/lib/python3.10/dist-packages/pos_control_interfaces/_pos_control_interfaces_s.ep.rosidl_typesupport_introspection_c.c
[0.909s] -- Up-to-date: /home/harshit/mrt_ws/arm_workspace/install/pos_control_interfaces/local/lib/python3.10/dist-packages/pos_control_interfaces/__init__.py
[1.001s] Listing '/home/harshit/mrt_ws/arm_workspace/install/pos_control_interfaces/local/lib/python3.10/dist-packages/pos_control_interfaces'...
[1.001s] Listing '/home/harshit/mrt_ws/arm_workspace/install/pos_control_interfaces/local/lib/python3.10/dist-packages/pos_control_interfaces/action'...
[1.009s] -- Up-to-date: /home/harshit/mrt_ws/arm_workspace/install/pos_control_interfaces/local/lib/python3.10/dist-packages/pos_control_interfaces/pos_control_interfaces_s__rosidl_typesupport_fastrtps_c.cpython-310-x86_64-linux-gnu.so
[1.010s] -- Up-to-date: /home/harshit/mrt_ws/arm_workspace/install/pos_control_interfaces/local/lib/python3.10/dist-packages/pos_control_interfaces/pos_control_interfaces_s__rosidl_typesupport_introspection_c.cpython-310-x86_64-linux-gnu.so
[1.010s] -- Up-to-date: /home/harshit/mrt_ws/arm_workspace/install/pos_control_interfaces/local/lib/python3.10/dist-packages/pos_control_interfaces/pos_control_interfaces_s__rosidl_typesupport_c.cpython-310-x86_64-linux-gnu.so
[1.011s] -- Up-to-date: /home/harshit/mrt_ws/arm_workspace/install/pos_control_interfaces/lib/libpos_control_interfaces__rosidl_generator_py.so
[1.011s] -- Up-to-date: /home/harshit/mrt_ws/arm_workspace/install/pos_control_interfaces/share/pos_control_interfaces/action/Trajectory.idl
[1.011s] -- Up-to-date: /home/harshit/mrt_ws/arm_workspace/install/pos_control_interfaces/share/pos_control_interfaces/action/Trajectory.action
[1.011s] -- Up-to-date: /home/harshit/mrt_ws/arm_workspace/install/pos_control_interfaces/share/ament_index/resource_index/package_run_dependencies/pos_control_interfaces
[1.012s] -- Up-to-date: /home/harshit/mrt_ws/arm_workspace/install/pos_control_interfaces/share/ament_index/resource_index/parent_prefix_path/pos_control_interfaces
[1.012s] -- Up-to-date: /home/harshit/mrt_ws/arm_workspace/install/pos_control_interfaces/share/pos_control_interfaces/environment/ament_prefix_path.sh
[1.012s] -- Up-to-date: /home/harshit/mrt_ws/arm_workspace/install/pos_control_interfaces/share/pos_control_interfaces/environment/ament_prefix_path.dsv
[1.012s] -- Up-to-date: /home/harshit/mrt_ws/arm_workspace/install/pos_control_interfaces/share/pos_control_interfaces/environment/path.sh
[1.012s] -- Up-to-date: /home/harshit/mrt_ws/arm_workspace/install/pos_control_interfaces/share/pos_control_interfaces/environment/path.dsv
[1.013s] -- Up-to-date: /home/harshit/mrt_ws/arm_workspace/install/pos_control_interfaces/share/pos_control_interfaces/local_setup.bash
[1.013s] -- Up-to-date: /home/harshit/mrt_ws/arm_workspace/install/pos_control_interfaces/share/pos_control_interfaces/local_setup.sh
[1.013s] -- Up-to-date: /home/harshit/mrt_ws/arm_workspace/install/pos_control_interfaces/share/pos_control_interfaces/local_setup.zsh
[1.013s] -- Up-to-date: /home/harshit/mrt_ws/arm_workspace/install/pos_control_interfaces/share/pos_control_interfaces/local_setup.dsv
[1.015s] -- Installing: /home/harshit/mrt_ws/arm_workspace/install/pos_control_interfaces/share/pos_control_interfaces/package.dsv
[1.015s] -- Up-to-date: /home/harshit/mrt_ws/arm_workspace/install/pos_control_interfaces/share/ament_index/resource_index/packages/pos_control_interfaces
[1.015s] -- Up-to-date: /home/harshit/mrt_ws/arm_workspace/install/pos_control_interfaces/share/pos_control_interfaces/cmake/export_pos_control_interfaces__rosidl_generator_cExport.cmake
[1.015s] -- Up-to-date: /home/harshit/mrt_ws/arm_workspace/install/pos_control_interfaces/share/pos_control_interfaces/cmake/export_pos_control_interfaces__rosidl_generator_cExport-noconfig.cmake
[1.015s] -- Up-to-date: /home/harshit/mrt_ws/arm_workspace/install/pos_control_interfaces/share/pos_control_interfaces/cmake/export_pos_control_interfaces__rosidl_typesupport_fastrtps_cExport.cmake
[1.015s] -- Up-to-date: /home/harshit/mrt_ws/arm_workspace/install/pos_control_interfaces/share/pos_control_interfaces/cmake/export_pos_control_interfaces__rosidl_typesupport_fastrtps_cExport-noconfig.cmake
[1.016s] -- Up-to-date: /home/harshit/mrt_ws/arm_workspace/install/pos_control_interfaces/share/pos_control_interfaces/cmake/export_pos_control_interfaces__rosidl_generator_cppExport.cmake
[1.017s] -- Up-to-date: /home/harshit/mrt_ws/arm_workspace/install/pos_control_interfaces/share/pos_control_interfaces/cmake/export_pos_control_interfaces__rosidl_typesupport_fastrtps_cppExport.cmake
[1.017s] -- Up-to-date: /home/harshit/mrt_ws/arm_workspace/install/pos_control_interfaces/share/pos_control_interfaces/cmake/export_pos_control_interfaces__rosidl_typesupport_fastrtps_cppExport-noconfig.cmake
[1.017s] -- Up-to-date: /home/harshit/mrt_ws/arm_workspace/install/pos_control_interfaces/share/pos_control_interfaces/cmake/pos_control_interfaces__rosidl_typesupport_introspection_cExport.cmake
[1.018s] -- Up-to-date: /home/harshit/mrt_ws/arm_workspace/install/pos_control_interfaces/share/pos_control_interfaces/cmake/pos_control_interfaces__rosidl_typesupport_introspection_cExport-noconfig.cmake
[1.018s] -- Up-to-date: /home/harshit/mrt_ws/arm_workspace/install/pos_control_interfaces/share/pos_control_interfaces/cmake/pos_control_interfaces__rosidl_typesupport_cExport.cmake
[1.018s] -- Up-to-date: /home/harshit/mrt_ws/arm_workspace/install/pos_control_interfaces/share/pos_control_interfaces/cmake/pos_control_interfaces__rosidl_typesupport_cExport-noconfig.cmake
[1.018s] -- Up-to-date: /home/harshit/mrt_ws/arm_workspace/install/pos_control_interfaces/share/pos_control_interfaces/cmake/pos_control_interfaces__rosidl_typesupport_introspection_cppExport.cmake
[1.018s] -- Up-to-date: /home/harshit/mrt_ws/arm_workspace/install/pos_control_interfaces/share/pos_control_interfaces/cmake/pos_control_interfaces__rosidl_typesupport_introspection_cppExport-noconfig.cmake
[1.018s] -- Up-to-date: /home/harshit/mrt_ws/arm_workspace/install/pos_control_interfaces/share/pos_control_interfaces/cmake/pos_control_interfaces__rosidl_typesupport_cppExport.cmake
[1.019s] -- Up-to-date: /home/harshit/mrt_ws/arm_workspace/install/pos_control_interfaces/share/pos_control_interfaces/cmake/pos_control_interfaces__rosidl_typesupport_cppExport-noconfig.cmake
[1.019s] -- Up-to-date: /home/harshit/mrt_ws/arm_workspace/install/pos_control_interfaces/share/pos_control_interfaces/cmake/export_pos_control_interfaces__rosidl_generator_pyExport.cmake
[1.019s] -- Up-to-date: /home/harshit/mrt_ws/arm_workspace/install/pos_control_interfaces/share/pos_control_interfaces/cmake/export_pos_control_interfaces__rosidl_generator_pyExport-noconfig.cmake
[1.019s] -- Up-to-date: /home/harshit/mrt_ws/arm_workspace/install/pos_control_interfaces/share/pos_control_interfaces/cmake/rosidl_cmake-extras.cmake
[1.019s] -- Up-to-date: /home/harshit/mrt_ws/arm_workspace/install/pos_control_interfaces/share/pos_control_interfaces/cmake/ament_cmake_export_dependencies-extras.cmake
[1.019s] -- Up-to-date: /home/harshit/mrt_ws/arm_workspace/install/pos_control_interfaces/share/pos_control_interfaces/cmake/ament_cmake_export_include_directories-extras.cmake
[1.020s] -- Up-to-date: /home/harshit/mrt_ws/arm_workspace/install/pos_control_interfaces/share/pos_control_interfaces/cmake/ament_cmake_export_libraries-extras.cmake
[1.021s] -- Up-to-date: /home/harshit/mrt_ws/arm_workspace/install/pos_control_interfaces/share/pos_control_interfaces/cmake/ament_cmake_export_targets-extras.cmake
[1.021s] -- Up-to-date: /home/harshit/mrt_ws/arm_workspace/install/pos_control_interfaces/share/pos_control_interfaces/cmake/rosidl_cmake_export_typesupport_targets-extras.cmake
[1.021s] -- Up-to-date: /home/harshit/mrt_ws/arm_workspace/install/pos_control_interfaces/share/pos_control_interfaces/cmake/rosidl_cmake_export_typesupport_libraries-extras.cmake
[1.021s] -- Up-to-date: /home/harshit/mrt_ws/arm_workspace/install/pos_control_interfaces/share/pos_control_interfaces/cmake/pos_control_interfacesConfig.cmake
[1.022s] -- Up-to-date: /home/harshit/mrt_ws/arm_workspace/install/pos_control_interfaces/share/pos_control_interfaces/cmake/pos_control_interfacesConfig-version.cmake
[1.022s] -- Up-to-date: /home/harshit/mrt_ws/arm_workspace/install/pos_control_interfaces/share/pos_control_interfaces/package.xml
[1.024s] Invoked command in '/home/harshit/mrt_ws/arm_workspace/build/pos_control_interfaces' returned '0': CMAKE_PREFIX_PATH=${CMAKE_PREFIX_PATH}:/home/harshit/mrt_ws/arm_workspace/install/arm_pos_control:/home/harshit/urdf_rviz/install/urdf_testing:/home/harshit/urdf_rviz/install/robot_car:/home/harshit/mrt_ws/install/week1_tutorials:/home/harshit/mrt_ws/install/week0_tutorials:/home/harshit/mrt_ws/install/sauron:/home/harshit/mrt_ws/install/odom_tf_publisher:/home/harshit/mrt_ws/install/mrs_hudson:/home/harshit/mrt_ws/install/assgn:/home/harshit/mrt_ws/install/aruco_detection:/home/harshit/mrt_ws/install/arm_pos_control:/opt/ros/humble /usr/bin/cmake --install /home/harshit/mrt_ws/arm_workspace/build/pos_control_interfaces
