[0.107s] DEBUG:colcon:Command line arguments: ['/usr/bin/colcon', 'list', '-p', '--base-paths', '/home/harshit/mrt_ws']
[0.107s] DEBUG:colcon:Parsed command line arguments: Namespace(log_base=None, log_level=None, verb_name='list', build_base='build', ignore_user_meta=False, metas=['./colcon.meta'], base_paths=['/home/harshit/mrt_ws'], packages_ignore=None, packages_ignore_regex=None, paths=None, packages_up_to=None, packages_up_to_regex=None, packages_above=None, packages_above_and_dependencies=None, packages_above_depth=None, packages_select_by_dep=None, packages_skip_by_dep=None, packages_skip_up_to=None, packages_select_build_failed=False, packages_skip_build_finished=False, packages_select_test_failures=False, packages_skip_test_passed=False, packages_select=None, packages_skip=None, packages_select_regex=None, packages_skip_regex=None, packages_start=None, packages_end=None, allow_overriding=[], topological_order=False, names_only=False, paths_only=True, topological_graph=False, topological_graph_dot=False, topological_graph_density=False, topological_graph_legend=False, topological_graph_dot_cluster=False, topological_graph_dot_include_skipped=False, verb_parser=<colcon_defaults.argument_parser.defaults.DefaultArgumentsDecorator object at 0x76fef0925e70>, verb_extension=<colcon_package_information.verb.list.ListVerb object at 0x76fef0aa2b00>, main=<bound method ListVerb.main of <colcon_package_information.verb.list.ListVerb object at 0x76fef0aa2b00>>)
[0.309s] Level 1:colcon.colcon_core.package_discovery:discover_packages(colcon_meta) check parameters
[0.309s] Level 1:colcon.colcon_core.package_discovery:discover_packages(recursive) check parameters
[0.309s] Level 1:colcon.colcon_core.package_discovery:discover_packages(ignore) check parameters
[0.310s] Level 1:colcon.colcon_core.package_discovery:discover_packages(path) check parameters
[0.310s] Level 1:colcon.colcon_core.package_discovery:discover_packages(recursive) discover
[0.310s] INFO:colcon.colcon_core.package_discovery:Crawling recursively for packages in '/home/harshit/mrt_ws'
[0.310s] Level 1:colcon.colcon_core.package_identification:_identify(/home/harshit/mrt_ws) by extensions ['ignore', 'ignore_ament_install']
[0.310s] Level 1:colcon.colcon_core.package_identification:_identify(/home/harshit/mrt_ws) by extension 'ignore'
[0.310s] Level 1:colcon.colcon_core.package_identification:_identify(/home/harshit/mrt_ws) by extension 'ignore_ament_install'
[0.310s] Level 1:colcon.colcon_core.package_identification:_identify(/home/harshit/mrt_ws) by extensions ['colcon_pkg']
[0.310s] Level 1:colcon.colcon_core.package_identification:_identify(/home/harshit/mrt_ws) by extension 'colcon_pkg'
[0.310s] Level 1:colcon.colcon_core.package_identification:_identify(/home/harshit/mrt_ws) by extensions ['colcon_meta']
[0.310s] Level 1:colcon.colcon_core.package_identification:_identify(/home/harshit/mrt_ws) by extension 'colcon_meta'
[0.311s] Level 1:colcon.colcon_core.package_identification:_identify(/home/harshit/mrt_ws) by extensions ['ros']
[0.311s] Level 1:colcon.colcon_core.package_identification:_identify(/home/harshit/mrt_ws) by extension 'ros'
[0.324s] Level 1:colcon.colcon_core.package_identification:_identify(/home/harshit/mrt_ws) by extensions ['cmake', 'python']
[0.324s] Level 1:colcon.colcon_core.package_identification:_identify(/home/harshit/mrt_ws) by extension 'cmake'
[0.324s] Level 1:colcon.colcon_core.package_identification:_identify(/home/harshit/mrt_ws) by extension 'python'
[0.324s] Level 1:colcon.colcon_core.package_identification:_identify(/home/harshit/mrt_ws) by extensions ['python_setup_py']
[0.324s] Level 1:colcon.colcon_core.package_identification:_identify(/home/harshit/mrt_ws) by extension 'python_setup_py'
[0.324s] Level 1:colcon.colcon_core.package_identification:_identify(/home/harshit/mrt_ws/assignment_reports) by extensions ['ignore', 'ignore_ament_install']
[0.324s] Level 1:colcon.colcon_core.package_identification:_identify(/home/harshit/mrt_ws/assignment_reports) by extension 'ignore'
[0.324s] Level 1:colcon.colcon_core.package_identification:_identify(/home/harshit/mrt_ws/assignment_reports) by extension 'ignore_ament_install'
[0.325s] Level 1:colcon.colcon_core.package_identification:_identify(/home/harshit/mrt_ws/assignment_reports) by extensions ['colcon_pkg']
[0.325s] Level 1:colcon.colcon_core.package_identification:_identify(/home/harshit/mrt_ws/assignment_reports) by extension 'colcon_pkg'
[0.325s] Level 1:colcon.colcon_core.package_identification:_identify(/home/harshit/mrt_ws/assignment_reports) by extensions ['colcon_meta']
[0.325s] Level 1:colcon.colcon_core.package_identification:_identify(/home/harshit/mrt_ws/assignment_reports) by extension 'colcon_meta'
[0.325s] Level 1:colcon.colcon_core.package_identification:_identify(/home/harshit/mrt_ws/assignment_reports) by extensions ['ros']
[0.325s] Level 1:colcon.colcon_core.package_identification:_identify(/home/harshit/mrt_ws/assignment_reports) by extension 'ros'
[0.325s] Level 1:colcon.colcon_core.package_identification:_identify(/home/harshit/mrt_ws/assignment_reports) by extensions ['cmake', 'python']
[0.325s] Level 1:colcon.colcon_core.package_identification:_identify(/home/harshit/mrt_ws/assignment_reports) by extension 'cmake'
[0.325s] Level 1:colcon.colcon_core.package_identification:_identify(/home/harshit/mrt_ws/assignment_reports) by extension 'python'
[0.325s] Level 1:colcon.colcon_core.package_identification:_identify(/home/harshit/mrt_ws/assignment_reports) by extensions ['python_setup_py']
[0.325s] Level 1:colcon.colcon_core.package_identification:_identify(/home/harshit/mrt_ws/assignment_reports) by extension 'python_setup_py'
[0.325s] Level 1:colcon.colcon_core.package_identification:_identify(/home/harshit/mrt_ws/build) by extensions ['ignore', 'ignore_ament_install']
[0.325s] Level 1:colcon.colcon_core.package_identification:_identify(/home/harshit/mrt_ws/build) by extension 'ignore'
[0.325s] Level 1:colcon.colcon_core.package_identification:_identify(/home/harshit/mrt_ws/build) ignored
[0.325s] Level 1:colcon.colcon_core.package_identification:_identify(/home/harshit/mrt_ws/content) by extensions ['ignore', 'ignore_ament_install']
[0.325s] Level 1:colcon.colcon_core.package_identification:_identify(/home/harshit/mrt_ws/content) by extension 'ignore'
[0.325s] Level 1:colcon.colcon_core.package_identification:_identify(/home/harshit/mrt_ws/content) by extension 'ignore_ament_install'
[0.325s] Level 1:colcon.colcon_core.package_identification:_identify(/home/harshit/mrt_ws/content) by extensions ['colcon_pkg']
[0.325s] Level 1:colcon.colcon_core.package_identification:_identify(/home/harshit/mrt_ws/content) by extension 'colcon_pkg'
[0.325s] Level 1:colcon.colcon_core.package_identification:_identify(/home/harshit/mrt_ws/content) by extensions ['colcon_meta']
[0.325s] Level 1:colcon.colcon_core.package_identification:_identify(/home/harshit/mrt_ws/content) by extension 'colcon_meta'
[0.325s] Level 1:colcon.colcon_core.package_identification:_identify(/home/harshit/mrt_ws/content) by extensions ['ros']
[0.325s] Level 1:colcon.colcon_core.package_identification:_identify(/home/harshit/mrt_ws/content) by extension 'ros'
[0.325s] Level 1:colcon.colcon_core.package_identification:_identify(/home/harshit/mrt_ws/content) by extensions ['cmake', 'python']
[0.325s] Level 1:colcon.colcon_core.package_identification:_identify(/home/harshit/mrt_ws/content) by extension 'cmake'
[0.326s] Level 1:colcon.colcon_core.package_identification:_identify(/home/harshit/mrt_ws/content) by extension 'python'
[0.326s] Level 1:colcon.colcon_core.package_identification:_identify(/home/harshit/mrt_ws/content) by extensions ['python_setup_py']
[0.326s] Level 1:colcon.colcon_core.package_identification:_identify(/home/harshit/mrt_ws/content) by extension 'python_setup_py'
[0.326s] Level 1:colcon.colcon_core.package_identification:_identify(/home/harshit/mrt_ws/install) by extensions ['ignore', 'ignore_ament_install']
[0.326s] Level 1:colcon.colcon_core.package_identification:_identify(/home/harshit/mrt_ws/install) by extension 'ignore'
[0.326s] Level 1:colcon.colcon_core.package_identification:_identify(/home/harshit/mrt_ws/install) ignored
[0.326s] Level 1:colcon.colcon_core.package_identification:_identify(/home/harshit/mrt_ws/log) by extensions ['ignore', 'ignore_ament_install']
[0.326s] Level 1:colcon.colcon_core.package_identification:_identify(/home/harshit/mrt_ws/log) by extension 'ignore'
[0.326s] Level 1:colcon.colcon_core.package_identification:_identify(/home/harshit/mrt_ws/log) ignored
[0.327s] Level 1:colcon.colcon_core.package_identification:_identify(/home/harshit/mrt_ws/src) by extensions ['ignore', 'ignore_ament_install']
[0.327s] Level 1:colcon.colcon_core.package_identification:_identify(/home/harshit/mrt_ws/src) by extension 'ignore'
[0.327s] Level 1:colcon.colcon_core.package_identification:_identify(/home/harshit/mrt_ws/src) by extension 'ignore_ament_install'
[0.327s] Level 1:colcon.colcon_core.package_identification:_identify(/home/harshit/mrt_ws/src) by extensions ['colcon_pkg']
[0.327s] Level 1:colcon.colcon_core.package_identification:_identify(/home/harshit/mrt_ws/src) by extension 'colcon_pkg'
[0.327s] Level 1:colcon.colcon_core.package_identification:_identify(/home/harshit/mrt_ws/src) by extensions ['colcon_meta']
[0.327s] Level 1:colcon.colcon_core.package_identification:_identify(/home/harshit/mrt_ws/src) by extension 'colcon_meta'
[0.327s] Level 1:colcon.colcon_core.package_identification:_identify(/home/harshit/mrt_ws/src) by extensions ['ros']
[0.327s] Level 1:colcon.colcon_core.package_identification:_identify(/home/harshit/mrt_ws/src) by extension 'ros'
[0.327s] Level 1:colcon.colcon_core.package_identification:_identify(/home/harshit/mrt_ws/src) by extensions ['cmake', 'python']
[0.327s] Level 1:colcon.colcon_core.package_identification:_identify(/home/harshit/mrt_ws/src) by extension 'cmake'
[0.327s] Level 1:colcon.colcon_core.package_identification:_identify(/home/harshit/mrt_ws/src) by extension 'python'
[0.327s] Level 1:colcon.colcon_core.package_identification:_identify(/home/harshit/mrt_ws/src) by extensions ['python_setup_py']
[0.327s] Level 1:colcon.colcon_core.package_identification:_identify(/home/harshit/mrt_ws/src) by extension 'python_setup_py'
[0.327s] Level 1:colcon.colcon_core.package_identification:_identify(/home/harshit/mrt_ws/src/aruco_detection) by extensions ['ignore', 'ignore_ament_install']
[0.327s] Level 1:colcon.colcon_core.package_identification:_identify(/home/harshit/mrt_ws/src/aruco_detection) by extension 'ignore'
[0.327s] Level 1:colcon.colcon_core.package_identification:_identify(/home/harshit/mrt_ws/src/aruco_detection) by extension 'ignore_ament_install'
[0.327s] Level 1:colcon.colcon_core.package_identification:_identify(/home/harshit/mrt_ws/src/aruco_detection) by extensions ['colcon_pkg']
[0.327s] Level 1:colcon.colcon_core.package_identification:_identify(/home/harshit/mrt_ws/src/aruco_detection) by extension 'colcon_pkg'
[0.327s] Level 1:colcon.colcon_core.package_identification:_identify(/home/harshit/mrt_ws/src/aruco_detection) by extensions ['colcon_meta']
[0.327s] Level 1:colcon.colcon_core.package_identification:_identify(/home/harshit/mrt_ws/src/aruco_detection) by extension 'colcon_meta'
[0.327s] Level 1:colcon.colcon_core.package_identification:_identify(/home/harshit/mrt_ws/src/aruco_detection) by extensions ['ros']
[0.327s] Level 1:colcon.colcon_core.package_identification:_identify(/home/harshit/mrt_ws/src/aruco_detection) by extension 'ros'
[0.330s] DEBUG:colcon.colcon_core.package_identification:Package '/home/harshit/mrt_ws/src/aruco_detection' with type 'ros.ament_python' and name 'aruco_detection'
[0.330s] Level 1:colcon.colcon_core.package_identification:_identify(/home/harshit/mrt_ws/src/aruco_detection_interfaces) by extensions ['ignore', 'ignore_ament_install']
[0.330s] Level 1:colcon.colcon_core.package_identification:_identify(/home/harshit/mrt_ws/src/aruco_detection_interfaces) by extension 'ignore'
[0.330s] Level 1:colcon.colcon_core.package_identification:_identify(/home/harshit/mrt_ws/src/aruco_detection_interfaces) by extension 'ignore_ament_install'
[0.330s] Level 1:colcon.colcon_core.package_identification:_identify(/home/harshit/mrt_ws/src/aruco_detection_interfaces) by extensions ['colcon_pkg']
[0.330s] Level 1:colcon.colcon_core.package_identification:_identify(/home/harshit/mrt_ws/src/aruco_detection_interfaces) by extension 'colcon_pkg'
[0.330s] Level 1:colcon.colcon_core.package_identification:_identify(/home/harshit/mrt_ws/src/aruco_detection_interfaces) by extensions ['colcon_meta']
[0.330s] Level 1:colcon.colcon_core.package_identification:_identify(/home/harshit/mrt_ws/src/aruco_detection_interfaces) by extension 'colcon_meta'
[0.330s] Level 1:colcon.colcon_core.package_identification:_identify(/home/harshit/mrt_ws/src/aruco_detection_interfaces) by extensions ['ros']
[0.330s] Level 1:colcon.colcon_core.package_identification:_identify(/home/harshit/mrt_ws/src/aruco_detection_interfaces) by extension 'ros'
[0.331s] DEBUG:colcon.colcon_core.package_identification:Package '/home/harshit/mrt_ws/src/aruco_detection_interfaces' with type 'ros.ament_cmake' and name 'aruco_detection_interfaces'
[0.331s] Level 1:colcon.colcon_core.package_identification:_identify(/home/harshit/mrt_ws/src/sauron) by extensions ['ignore', 'ignore_ament_install']
[0.331s] Level 1:colcon.colcon_core.package_identification:_identify(/home/harshit/mrt_ws/src/sauron) by extension 'ignore'
[0.331s] Level 1:colcon.colcon_core.package_identification:_identify(/home/harshit/mrt_ws/src/sauron) by extension 'ignore_ament_install'
[0.332s] Level 1:colcon.colcon_core.package_identification:_identify(/home/harshit/mrt_ws/src/sauron) by extensions ['colcon_pkg']
[0.332s] Level 1:colcon.colcon_core.package_identification:_identify(/home/harshit/mrt_ws/src/sauron) by extension 'colcon_pkg'
[0.332s] Level 1:colcon.colcon_core.package_identification:_identify(/home/harshit/mrt_ws/src/sauron) by extensions ['colcon_meta']
[0.332s] Level 1:colcon.colcon_core.package_identification:_identify(/home/harshit/mrt_ws/src/sauron) by extension 'colcon_meta'
[0.332s] Level 1:colcon.colcon_core.package_identification:_identify(/home/harshit/mrt_ws/src/sauron) by extensions ['ros']
[0.332s] Level 1:colcon.colcon_core.package_identification:_identify(/home/harshit/mrt_ws/src/sauron) by extension 'ros'
[0.332s] DEBUG:colcon.colcon_core.package_identification:Package '/home/harshit/mrt_ws/src/sauron' with type 'ros.ament_python' and name 'sauron'
[0.332s] Level 1:colcon.colcon_core.package_identification:_identify(/home/harshit/mrt_ws/src/week0_tutorials) by extensions ['ignore', 'ignore_ament_install']
[0.333s] Level 1:colcon.colcon_core.package_identification:_identify(/home/harshit/mrt_ws/src/week0_tutorials) by extension 'ignore'
[0.333s] Level 1:colcon.colcon_core.package_identification:_identify(/home/harshit/mrt_ws/src/week0_tutorials) by extension 'ignore_ament_install'
[0.333s] Level 1:colcon.colcon_core.package_identification:_identify(/home/harshit/mrt_ws/src/week0_tutorials) by extensions ['colcon_pkg']
[0.333s] Level 1:colcon.colcon_core.package_identification:_identify(/home/harshit/mrt_ws/src/week0_tutorials) by extension 'colcon_pkg'
[0.333s] Level 1:colcon.colcon_core.package_identification:_identify(/home/harshit/mrt_ws/src/week0_tutorials) by extensions ['colcon_meta']
[0.333s] Level 1:colcon.colcon_core.package_identification:_identify(/home/harshit/mrt_ws/src/week0_tutorials) by extension 'colcon_meta'
[0.333s] Level 1:colcon.colcon_core.package_identification:_identify(/home/harshit/mrt_ws/src/week0_tutorials) by extensions ['ros']
[0.333s] Level 1:colcon.colcon_core.package_identification:_identify(/home/harshit/mrt_ws/src/week0_tutorials) by extension 'ros'
[0.333s] DEBUG:colcon.colcon_core.package_identification:Package '/home/harshit/mrt_ws/src/week0_tutorials' with type 'ros.ament_python' and name 'week0_tutorials'
[0.334s] Level 1:colcon.colcon_core.package_discovery:discover_packages(recursive) using defaults
