[0.015s] Invoking command in '/home/harshit/mrt_ws/build/aruco_detection_interfaces': CMAKE_PREFIX_PATH=${CMAKE_PREFIX_PATH}:/home/harshit/mrt_ws/install/week0_tutorials:/home/harshit/mrt_ws/install/sauron:/home/harshit/mrt_ws/install/aruco_detection:/opt/ros/humble /usr/bin/cmake --build /home/harshit/mrt_ws/build/aruco_detection_interfaces -- -j8 -l8
[0.198s] -- Found rosidl_default_generators: 1.2.0 (/opt/ros/humble/share/rosidl_default_generators/cmake)
[0.198s] -- Found ament_cmake_core: 1.3.10 (/opt/ros/humble/share/ament_cmake_core/cmake)
[0.198s] -- Using all available rosidl_typesupport_c: rosidl_typesupport_fastrtps_c;rosidl_typesupport_introspection_c
[0.198s] -- Found rosidl_adapter: 3.1.5 (/opt/ros/humble/share/rosidl_adapter/cmake)
[0.198s] -- Using all available rosidl_typesupport_cpp: rosidl_typesupport_fastrtps_cpp;rosidl_typesupport_introspection_cpp
[0.214s] -- Found sensor_msgs: 4.2.4 (/opt/ros/humble/share/sensor_msgs/cmake)
[0.627s] -- Found ament_cmake_ros: 0.10.0 (/opt/ros/humble/share/ament_cmake_ros/cmake)
[0.997s] -- Using all available rosidl_typesupport_c: rosidl_typesupport_fastrtps_c;rosidl_typesupport_introspection_c
[1.461s] -- Using all available rosidl_typesupport_cpp: rosidl_typesupport_fastrtps_cpp;rosidl_typesupport_introspection_cpp
[1.462s] [33mCMake Warning (dev) at /opt/ros/humble/share/rosidl_generator_py/cmake/rosidl_generator_py_generate_interfaces.cmake:20 (find_package):
[1.462s]   Policy CMP0148 is not set: The FindPythonInterp and FindPythonLibs modules
[1.462s]   are removed.  Run "cmake --help-policy CMP0148" for policy details.  Use
[1.462s]   the cmake_policy command to set the policy and suppress this warning.
[1.462s] 
[1.463s] Call Stack (most recent call first):
[1.463s]   /opt/ros/humble/share/ament_cmake_core/cmake/core/ament_execute_extensions.cmake:48 (include)
[1.463s]   /opt/ros/humble/share/rosidl_cmake/cmake/rosidl_generate_interfaces.cmake:286 (ament_execute_extensions)
[1.463s]   CMakeLists.txt:7 (rosidl_generate_interfaces)
[1.463s] This warning is for project developers.  Use -Wno-dev to suppress it.
[1.463s] [0m
[1.477s] -- Found python_cmake_module: 0.10.0 (/opt/ros/humble/share/python_cmake_module/cmake)
[1.477s] [33mCMake Warning (dev) at /opt/ros/humble/share/python_cmake_module/cmake/Modules/FindPythonExtra.cmake:52 (find_package):
[1.477s]   Policy CMP0148 is not set: The FindPythonInterp and FindPythonLibs modules
[1.477s]   are removed.  Run "cmake --help-policy CMP0148" for policy details.  Use
[1.477s]   the cmake_policy command to set the policy and suppress this warning.
[1.477s] 
[1.477s] Call Stack (most recent call first):
[1.477s]   /opt/ros/humble/share/rosidl_generator_py/cmake/rosidl_generator_py_generate_interfaces.cmake:23 (find_package)
[1.477s]   /opt/ros/humble/share/ament_cmake_core/cmake/core/ament_execute_extensions.cmake:48 (include)
[1.477s]   /opt/ros/humble/share/rosidl_cmake/cmake/rosidl_generate_interfaces.cmake:286 (ament_execute_extensions)
[1.477s]   CMakeLists.txt:7 (rosidl_generate_interfaces)
[1.477s] This warning is for project developers.  Use -Wno-dev to suppress it.
[1.477s] [0m
[1.491s] [33mCMake Warning (dev) at /opt/ros/humble/share/python_cmake_module/cmake/Modules/FindPythonExtra.cmake:140 (find_package):
[1.491s]   Policy CMP0148 is not set: The FindPythonInterp and FindPythonLibs modules
[1.491s]   are removed.  Run "cmake --help-policy CMP0148" for policy details.  Use
[1.491s]   the cmake_policy command to set the policy and suppress this warning.
[1.491s] 
[1.491s] Call Stack (most recent call first):
[1.491s]   /opt/ros/humble/share/rosidl_generator_py/cmake/rosidl_generator_py_generate_interfaces.cmake:23 (find_package)
[1.492s]   /opt/ros/humble/share/ament_cmake_core/cmake/core/ament_execute_extensions.cmake:48 (include)
[1.492s]   /opt/ros/humble/share/rosidl_cmake/cmake/rosidl_generate_interfaces.cmake:286 (ament_execute_extensions)
[1.492s]   CMakeLists.txt:7 (rosidl_generate_interfaces)
[1.492s] This warning is for project developers.  Use -Wno-dev to suppress it.
[1.492s] [0m
[1.493s] -- Using PYTHON_EXECUTABLE: /usr/bin/python3
[1.493s] -- Using PYTHON_INCLUDE_DIRS: /usr/include/python3.10
[1.493s] -- Using PYTHON_LIBRARIES: /usr/lib/x86_64-linux-gnu/libpython3.10.so
[1.534s] -- Found ament_lint_auto: 0.12.11 (/opt/ros/humble/share/ament_lint_auto/cmake)
[1.542s] -- Added test 'lint_cmake' to check CMake code style
[1.543s] -- Added test 'xmllint' to check XML markup files
[1.545s] -- Configuring done (1.5s)
[1.590s] -- Generating done (0.0s)
[1.590s] -- Build files have been written to: /home/harshit/mrt_ws/build/aruco_detection_interfaces
[1.607s] [  1%] Built target aruco_detection_interfaces__cpp
[1.610s] [ 12%] Built target aruco_detection_interfaces__rosidl_generator_c
[1.611s] [ 12%] Built target ament_cmake_python_copy_aruco_detection_interfaces
[1.625s] [ 25%] Built target aruco_detection_interfaces__rosidl_typesupport_cpp
[1.625s] [ 38%] Built target aruco_detection_interfaces__rosidl_typesupport_c
[1.625s] [ 45%] Built target aruco_detection_interfaces__rosidl_typesupport_introspection_cpp
[1.625s] [ 56%] Built target aruco_detection_interfaces__rosidl_typesupport_fastrtps_cpp
[1.626s] [ 67%] Built target aruco_detection_interfaces__rosidl_typesupport_introspection_c
[1.629s] [ 78%] Built target aruco_detection_interfaces__rosidl_typesupport_fastrtps_c
[1.636s] [ 78%] Built target aruco_detection_interfaces
[1.645s] [ 80%] Built target aruco_detection_interfaces__py
[1.657s] [ 89%] Built target aruco_detection_interfaces__rosidl_generator_py
[1.667s] [ 92%] Built target aruco_detection_interfaces__rosidl_typesupport_introspection_c__pyext
[1.667s] [ 96%] Built target aruco_detection_interfaces__rosidl_typesupport_c__pyext
[1.669s] [100%] Built target aruco_detection_interfaces__rosidl_typesupport_fastrtps_c__pyext
[1.772s] running egg_info
[1.772s] writing aruco_detection_interfaces.egg-info/PKG-INFO
[1.772s] writing dependency_links to aruco_detection_interfaces.egg-info/dependency_links.txt
[1.772s] writing top-level names to aruco_detection_interfaces.egg-info/top_level.txt
[1.774s] reading manifest file 'aruco_detection_interfaces.egg-info/SOURCES.txt'
[1.774s] writing manifest file 'aruco_detection_interfaces.egg-info/SOURCES.txt'
[1.790s] [100%] Built target ament_cmake_python_build_aruco_detection_interfaces_egg
[1.794s] Invoked command in '/home/harshit/mrt_ws/build/aruco_detection_interfaces' returned '0': CMAKE_PREFIX_PATH=${CMAKE_PREFIX_PATH}:/home/harshit/mrt_ws/install/week0_tutorials:/home/harshit/mrt_ws/install/sauron:/home/harshit/mrt_ws/install/aruco_detection:/opt/ros/humble /usr/bin/cmake --build /home/harshit/mrt_ws/build/aruco_detection_interfaces -- -j8 -l8
[1.859s] Invoking command in '/home/harshit/mrt_ws/build/aruco_detection_interfaces': CMAKE_PREFIX_PATH=${CMAKE_PREFIX_PATH}:/home/harshit/mrt_ws/install/week0_tutorials:/home/harshit/mrt_ws/install/sauron:/home/harshit/mrt_ws/install/aruco_detection:/opt/ros/humble /usr/bin/cmake --install /home/harshit/mrt_ws/build/aruco_detection_interfaces
[1.861s] -- Install configuration: ""
[1.861s] -- Up-to-date: /home/harshit/mrt_ws/install/aruco_detection_interfaces/share/ament_index/resource_index/rosidl_interfaces/aruco_detection_interfaces
[1.861s] -- Up-to-date: /home/harshit/mrt_ws/install/aruco_detection_interfaces/include/aruco_detection_interfaces/aruco_detection_interfaces
[1.861s] -- Up-to-date: /home/harshit/mrt_ws/install/aruco_detection_interfaces/include/aruco_detection_interfaces/aruco_detection_interfaces/srv
[1.862s] -- Up-to-date: /home/harshit/mrt_ws/install/aruco_detection_interfaces/include/aruco_detection_interfaces/aruco_detection_interfaces/srv/process_image.h
[1.862s] -- Up-to-date: /home/harshit/mrt_ws/install/aruco_detection_interfaces/include/aruco_detection_interfaces/aruco_detection_interfaces/srv/detail
[1.862s] -- Up-to-date: /home/harshit/mrt_ws/install/aruco_detection_interfaces/include/aruco_detection_interfaces/aruco_detection_interfaces/srv/detail/process_image__struct.h
[1.862s] -- Up-to-date: /home/harshit/mrt_ws/install/aruco_detection_interfaces/include/aruco_detection_interfaces/aruco_detection_interfaces/srv/detail/process_image__functions.c
[1.862s] -- Up-to-date: /home/harshit/mrt_ws/install/aruco_detection_interfaces/include/aruco_detection_interfaces/aruco_detection_interfaces/srv/detail/process_image__type_support.h
[1.862s] -- Up-to-date: /home/harshit/mrt_ws/install/aruco_detection_interfaces/include/aruco_detection_interfaces/aruco_detection_interfaces/srv/detail/process_image__functions.h
[1.862s] -- Up-to-date: /home/harshit/mrt_ws/install/aruco_detection_interfaces/include/aruco_detection_interfaces/aruco_detection_interfaces/msg
[1.862s] -- Up-to-date: /home/harshit/mrt_ws/install/aruco_detection_interfaces/include/aruco_detection_interfaces/aruco_detection_interfaces/msg/rosidl_generator_c__visibility_control.h
[1.862s] -- Up-to-date: /home/harshit/mrt_ws/install/aruco_detection_interfaces/include/aruco_detection_interfaces/aruco_detection_interfaces/msg/detail
[1.862s] -- Up-to-date: /home/harshit/mrt_ws/install/aruco_detection_interfaces/include/aruco_detection_interfaces/aruco_detection_interfaces/msg/detail/point_array__struct.h
[1.862s] -- Up-to-date: /home/harshit/mrt_ws/install/aruco_detection_interfaces/include/aruco_detection_interfaces/aruco_detection_interfaces/msg/detail/point__functions.c
[1.862s] -- Up-to-date: /home/harshit/mrt_ws/install/aruco_detection_interfaces/include/aruco_detection_interfaces/aruco_detection_interfaces/msg/detail/point__struct.h
[1.862s] -- Up-to-date: /home/harshit/mrt_ws/install/aruco_detection_interfaces/include/aruco_detection_interfaces/aruco_detection_interfaces/msg/detail/point__functions.h
[1.862s] -- Up-to-date: /home/harshit/mrt_ws/install/aruco_detection_interfaces/include/aruco_detection_interfaces/aruco_detection_interfaces/msg/detail/image_bounds__functions.c
[1.862s] -- Up-to-date: /home/harshit/mrt_ws/install/aruco_detection_interfaces/include/aruco_detection_interfaces/aruco_detection_interfaces/msg/detail/point_array__functions.h
[1.862s] -- Up-to-date: /home/harshit/mrt_ws/install/aruco_detection_interfaces/include/aruco_detection_interfaces/aruco_detection_interfaces/msg/detail/point_array__type_support.h
[1.862s] -- Up-to-date: /home/harshit/mrt_ws/install/aruco_detection_interfaces/include/aruco_detection_interfaces/aruco_detection_interfaces/msg/detail/point__type_support.h
[1.862s] -- Up-to-date: /home/harshit/mrt_ws/install/aruco_detection_interfaces/include/aruco_detection_interfaces/aruco_detection_interfaces/msg/detail/image_bounds__struct.h
[1.862s] -- Up-to-date: /home/harshit/mrt_ws/install/aruco_detection_interfaces/include/aruco_detection_interfaces/aruco_detection_interfaces/msg/detail/point_array__functions.c
[1.862s] -- Up-to-date: /home/harshit/mrt_ws/install/aruco_detection_interfaces/include/aruco_detection_interfaces/aruco_detection_interfaces/msg/detail/image_bounds__functions.h
[1.863s] -- Up-to-date: /home/harshit/mrt_ws/install/aruco_detection_interfaces/include/aruco_detection_interfaces/aruco_detection_interfaces/msg/detail/image_bounds__type_support.h
[1.863s] -- Up-to-date: /home/harshit/mrt_ws/install/aruco_detection_interfaces/include/aruco_detection_interfaces/aruco_detection_interfaces/msg/image_bounds.h
[1.863s] -- Up-to-date: /home/harshit/mrt_ws/install/aruco_detection_interfaces/include/aruco_detection_interfaces/aruco_detection_interfaces/msg/point.h
[1.863s] -- Up-to-date: /home/harshit/mrt_ws/install/aruco_detection_interfaces/include/aruco_detection_interfaces/aruco_detection_interfaces/msg/point_array.h
[1.863s] -- Up-to-date: /home/harshit/mrt_ws/install/aruco_detection_interfaces/share/aruco_detection_interfaces/environment/library_path.sh
[1.863s] -- Installing: /home/harshit/mrt_ws/install/aruco_detection_interfaces/share/aruco_detection_interfaces/environment/library_path.dsv
[1.863s] -- Up-to-date: /home/harshit/mrt_ws/install/aruco_detection_interfaces/lib/libaruco_detection_interfaces__rosidl_generator_c.so
[1.863s] -- Up-to-date: /home/harshit/mrt_ws/install/aruco_detection_interfaces/include/aruco_detection_interfaces/aruco_detection_interfaces
[1.863s] -- Up-to-date: /home/harshit/mrt_ws/install/aruco_detection_interfaces/include/aruco_detection_interfaces/aruco_detection_interfaces/srv
[1.863s] -- Up-to-date: /home/harshit/mrt_ws/install/aruco_detection_interfaces/include/aruco_detection_interfaces/aruco_detection_interfaces/srv/detail
[1.863s] -- Up-to-date: /home/harshit/mrt_ws/install/aruco_detection_interfaces/include/aruco_detection_interfaces/aruco_detection_interfaces/srv/detail/process_image__rosidl_typesupport_fastrtps_c.h
[1.863s] -- Up-to-date: /home/harshit/mrt_ws/install/aruco_detection_interfaces/include/aruco_detection_interfaces/aruco_detection_interfaces/msg
[1.863s] -- Up-to-date: /home/harshit/mrt_ws/install/aruco_detection_interfaces/include/aruco_detection_interfaces/aruco_detection_interfaces/msg/detail
[1.863s] -- Up-to-date: /home/harshit/mrt_ws/install/aruco_detection_interfaces/include/aruco_detection_interfaces/aruco_detection_interfaces/msg/detail/point_array__rosidl_typesupport_fastrtps_c.h
[1.863s] -- Up-to-date: /home/harshit/mrt_ws/install/aruco_detection_interfaces/include/aruco_detection_interfaces/aruco_detection_interfaces/msg/detail/image_bounds__rosidl_typesupport_fastrtps_c.h
[1.863s] -- Up-to-date: /home/harshit/mrt_ws/install/aruco_detection_interfaces/include/aruco_detection_interfaces/aruco_detection_interfaces/msg/detail/point__rosidl_typesupport_fastrtps_c.h
[1.863s] -- Up-to-date: /home/harshit/mrt_ws/install/aruco_detection_interfaces/include/aruco_detection_interfaces/aruco_detection_interfaces/msg/rosidl_typesupport_fastrtps_c__visibility_control.h
[1.863s] -- Up-to-date: /home/harshit/mrt_ws/install/aruco_detection_interfaces/lib/libaruco_detection_interfaces__rosidl_typesupport_fastrtps_c.so
[1.863s] -- Up-to-date: /home/harshit/mrt_ws/install/aruco_detection_interfaces/include/aruco_detection_interfaces/aruco_detection_interfaces
[1.863s] -- Up-to-date: /home/harshit/mrt_ws/install/aruco_detection_interfaces/include/aruco_detection_interfaces/aruco_detection_interfaces/srv
[1.864s] -- Up-to-date: /home/harshit/mrt_ws/install/aruco_detection_interfaces/include/aruco_detection_interfaces/aruco_detection_interfaces/srv/detail
[1.864s] -- Up-to-date: /home/harshit/mrt_ws/install/aruco_detection_interfaces/include/aruco_detection_interfaces/aruco_detection_interfaces/srv/detail/process_image__type_support.c
[1.864s] -- Up-to-date: /home/harshit/mrt_ws/install/aruco_detection_interfaces/include/aruco_detection_interfaces/aruco_detection_interfaces/srv/detail/process_image__rosidl_typesupport_introspection_c.h
[1.864s] -- Up-to-date: /home/harshit/mrt_ws/install/aruco_detection_interfaces/include/aruco_detection_interfaces/aruco_detection_interfaces/msg
[1.864s] -- Up-to-date: /home/harshit/mrt_ws/install/aruco_detection_interfaces/include/aruco_detection_interfaces/aruco_detection_interfaces/msg/rosidl_typesupport_introspection_c__visibility_control.h
[1.864s] -- Up-to-date: /home/harshit/mrt_ws/install/aruco_detection_interfaces/include/aruco_detection_interfaces/aruco_detection_interfaces/msg/detail
[1.864s] -- Up-to-date: /home/harshit/mrt_ws/install/aruco_detection_interfaces/include/aruco_detection_interfaces/aruco_detection_interfaces/msg/detail/image_bounds__type_support.c
[1.864s] -- Up-to-date: /home/harshit/mrt_ws/install/aruco_detection_interfaces/include/aruco_detection_interfaces/aruco_detection_interfaces/msg/detail/point_array__rosidl_typesupport_introspection_c.h
[1.864s] -- Up-to-date: /home/harshit/mrt_ws/install/aruco_detection_interfaces/include/aruco_detection_interfaces/aruco_detection_interfaces/msg/detail/point__type_support.c
[1.864s] -- Up-to-date: /home/harshit/mrt_ws/install/aruco_detection_interfaces/include/aruco_detection_interfaces/aruco_detection_interfaces/msg/detail/point__rosidl_typesupport_introspection_c.h
[1.864s] -- Up-to-date: /home/harshit/mrt_ws/install/aruco_detection_interfaces/include/aruco_detection_interfaces/aruco_detection_interfaces/msg/detail/image_bounds__rosidl_typesupport_introspection_c.h
[1.864s] -- Up-to-date: /home/harshit/mrt_ws/install/aruco_detection_interfaces/include/aruco_detection_interfaces/aruco_detection_interfaces/msg/detail/point_array__type_support.c
[1.864s] -- Up-to-date: /home/harshit/mrt_ws/install/aruco_detection_interfaces/lib/libaruco_detection_interfaces__rosidl_typesupport_introspection_c.so
[1.864s] -- Up-to-date: /home/harshit/mrt_ws/install/aruco_detection_interfaces/lib/libaruco_detection_interfaces__rosidl_typesupport_c.so
[1.864s] -- Up-to-date: /home/harshit/mrt_ws/install/aruco_detection_interfaces/include/aruco_detection_interfaces/aruco_detection_interfaces
[1.864s] -- Up-to-date: /home/harshit/mrt_ws/install/aruco_detection_interfaces/include/aruco_detection_interfaces/aruco_detection_interfaces/srv
[1.864s] -- Up-to-date: /home/harshit/mrt_ws/install/aruco_detection_interfaces/include/aruco_detection_interfaces/aruco_detection_interfaces/srv/process_image.hpp
[1.864s] -- Up-to-date: /home/harshit/mrt_ws/install/aruco_detection_interfaces/include/aruco_detection_interfaces/aruco_detection_interfaces/srv/detail
[1.864s] -- Up-to-date: /home/harshit/mrt_ws/install/aruco_detection_interfaces/include/aruco_detection_interfaces/aruco_detection_interfaces/srv/detail/process_image__builder.hpp
[1.865s] -- Up-to-date: /home/harshit/mrt_ws/install/aruco_detection_interfaces/include/aruco_detection_interfaces/aruco_detection_interfaces/srv/detail/process_image__traits.hpp
[1.865s] -- Up-to-date: /home/harshit/mrt_ws/install/aruco_detection_interfaces/include/aruco_detection_interfaces/aruco_detection_interfaces/srv/detail/process_image__struct.hpp
[1.865s] -- Up-to-date: /home/harshit/mrt_ws/install/aruco_detection_interfaces/include/aruco_detection_interfaces/aruco_detection_interfaces/msg
[1.865s] -- Up-to-date: /home/harshit/mrt_ws/install/aruco_detection_interfaces/include/aruco_detection_interfaces/aruco_detection_interfaces/msg/point_array.hpp
[1.865s] -- Up-to-date: /home/harshit/mrt_ws/install/aruco_detection_interfaces/include/aruco_detection_interfaces/aruco_detection_interfaces/msg/image_bounds.hpp
[1.865s] -- Up-to-date: /home/harshit/mrt_ws/install/aruco_detection_interfaces/include/aruco_detection_interfaces/aruco_detection_interfaces/msg/detail
[1.865s] -- Up-to-date: /home/harshit/mrt_ws/install/aruco_detection_interfaces/include/aruco_detection_interfaces/aruco_detection_interfaces/msg/detail/point_array__builder.hpp
[1.865s] -- Up-to-date: /home/harshit/mrt_ws/install/aruco_detection_interfaces/include/aruco_detection_interfaces/aruco_detection_interfaces/msg/detail/image_bounds__struct.hpp
[1.865s] -- Up-to-date: /home/harshit/mrt_ws/install/aruco_detection_interfaces/include/aruco_detection_interfaces/aruco_detection_interfaces/msg/detail/point__struct.hpp
[1.865s] -- Up-to-date: /home/harshit/mrt_ws/install/aruco_detection_interfaces/include/aruco_detection_interfaces/aruco_detection_interfaces/msg/detail/point_array__struct.hpp
[1.865s] -- Up-to-date: /home/harshit/mrt_ws/install/aruco_detection_interfaces/include/aruco_detection_interfaces/aruco_detection_interfaces/msg/detail/image_bounds__builder.hpp
[1.865s] -- Up-to-date: /home/harshit/mrt_ws/install/aruco_detection_interfaces/include/aruco_detection_interfaces/aruco_detection_interfaces/msg/detail/image_bounds__traits.hpp
[1.865s] -- Up-to-date: /home/harshit/mrt_ws/install/aruco_detection_interfaces/include/aruco_detection_interfaces/aruco_detection_interfaces/msg/detail/point_array__traits.hpp
[1.865s] -- Up-to-date: /home/harshit/mrt_ws/install/aruco_detection_interfaces/include/aruco_detection_interfaces/aruco_detection_interfaces/msg/detail/point__traits.hpp
[1.865s] -- Up-to-date: /home/harshit/mrt_ws/install/aruco_detection_interfaces/include/aruco_detection_interfaces/aruco_detection_interfaces/msg/detail/point__builder.hpp
[1.865s] -- Up-to-date: /home/harshit/mrt_ws/install/aruco_detection_interfaces/include/aruco_detection_interfaces/aruco_detection_interfaces/msg/point.hpp
[1.865s] -- Up-to-date: /home/harshit/mrt_ws/install/aruco_detection_interfaces/include/aruco_detection_interfaces/aruco_detection_interfaces
[1.865s] -- Up-to-date: /home/harshit/mrt_ws/install/aruco_detection_interfaces/include/aruco_detection_interfaces/aruco_detection_interfaces/srv
[1.865s] -- Up-to-date: /home/harshit/mrt_ws/install/aruco_detection_interfaces/include/aruco_detection_interfaces/aruco_detection_interfaces/srv/detail
[1.865s] -- Up-to-date: /home/harshit/mrt_ws/install/aruco_detection_interfaces/include/aruco_detection_interfaces/aruco_detection_interfaces/srv/detail/process_image__rosidl_typesupport_fastrtps_cpp.hpp
[1.865s] -- Up-to-date: /home/harshit/mrt_ws/install/aruco_detection_interfaces/include/aruco_detection_interfaces/aruco_detection_interfaces/srv/detail/dds_fastrtps
[1.866s] -- Up-to-date: /home/harshit/mrt_ws/install/aruco_detection_interfaces/include/aruco_detection_interfaces/aruco_detection_interfaces/msg
[1.866s] -- Up-to-date: /home/harshit/mrt_ws/install/aruco_detection_interfaces/include/aruco_detection_interfaces/aruco_detection_interfaces/msg/rosidl_typesupport_fastrtps_cpp__visibility_control.h
[1.866s] -- Up-to-date: /home/harshit/mrt_ws/install/aruco_detection_interfaces/include/aruco_detection_interfaces/aruco_detection_interfaces/msg/detail
[1.866s] -- Up-to-date: /home/harshit/mrt_ws/install/aruco_detection_interfaces/include/aruco_detection_interfaces/aruco_detection_interfaces/msg/detail/point__rosidl_typesupport_fastrtps_cpp.hpp
[1.866s] -- Up-to-date: /home/harshit/mrt_ws/install/aruco_detection_interfaces/include/aruco_detection_interfaces/aruco_detection_interfaces/msg/detail/image_bounds__rosidl_typesupport_fastrtps_cpp.hpp
[1.866s] -- Up-to-date: /home/harshit/mrt_ws/install/aruco_detection_interfaces/include/aruco_detection_interfaces/aruco_detection_interfaces/msg/detail/point_array__rosidl_typesupport_fastrtps_cpp.hpp
[1.866s] -- Up-to-date: /home/harshit/mrt_ws/install/aruco_detection_interfaces/include/aruco_detection_interfaces/aruco_detection_interfaces/msg/detail/dds_fastrtps
[1.866s] -- Up-to-date: /home/harshit/mrt_ws/install/aruco_detection_interfaces/lib/libaruco_detection_interfaces__rosidl_typesupport_fastrtps_cpp.so
[1.866s] -- Up-to-date: /home/harshit/mrt_ws/install/aruco_detection_interfaces/include/aruco_detection_interfaces/aruco_detection_interfaces
[1.866s] -- Up-to-date: /home/harshit/mrt_ws/install/aruco_detection_interfaces/include/aruco_detection_interfaces/aruco_detection_interfaces/srv
[1.866s] -- Up-to-date: /home/harshit/mrt_ws/install/aruco_detection_interfaces/include/aruco_detection_interfaces/aruco_detection_interfaces/srv/detail
[1.866s] -- Up-to-date: /home/harshit/mrt_ws/install/aruco_detection_interfaces/include/aruco_detection_interfaces/aruco_detection_interfaces/srv/detail/process_image__rosidl_typesupport_introspection_cpp.hpp
[1.866s] -- Up-to-date: /home/harshit/mrt_ws/install/aruco_detection_interfaces/include/aruco_detection_interfaces/aruco_detection_interfaces/srv/detail/process_image__type_support.cpp
[1.866s] -- Up-to-date: /home/harshit/mrt_ws/install/aruco_detection_interfaces/include/aruco_detection_interfaces/aruco_detection_interfaces/msg
[1.866s] -- Up-to-date: /home/harshit/mrt_ws/install/aruco_detection_interfaces/include/aruco_detection_interfaces/aruco_detection_interfaces/msg/detail
[1.866s] -- Up-to-date: /home/harshit/mrt_ws/install/aruco_detection_interfaces/include/aruco_detection_interfaces/aruco_detection_interfaces/msg/detail/image_bounds__rosidl_typesupport_introspection_cpp.hpp
[1.866s] -- Up-to-date: /home/harshit/mrt_ws/install/aruco_detection_interfaces/include/aruco_detection_interfaces/aruco_detection_interfaces/msg/detail/point__type_support.cpp
[1.866s] -- Up-to-date: /home/harshit/mrt_ws/install/aruco_detection_interfaces/include/aruco_detection_interfaces/aruco_detection_interfaces/msg/detail/point_array__type_support.cpp
[1.866s] -- Up-to-date: /home/harshit/mrt_ws/install/aruco_detection_interfaces/include/aruco_detection_interfaces/aruco_detection_interfaces/msg/detail/point_array__rosidl_typesupport_introspection_cpp.hpp
[1.866s] -- Up-to-date: /home/harshit/mrt_ws/install/aruco_detection_interfaces/include/aruco_detection_interfaces/aruco_detection_interfaces/msg/detail/image_bounds__type_support.cpp
[1.866s] -- Up-to-date: /home/harshit/mrt_ws/install/aruco_detection_interfaces/include/aruco_detection_interfaces/aruco_detection_interfaces/msg/detail/point__rosidl_typesupport_introspection_cpp.hpp
[1.866s] -- Up-to-date: /home/harshit/mrt_ws/install/aruco_detection_interfaces/lib/libaruco_detection_interfaces__rosidl_typesupport_introspection_cpp.so
[1.866s] -- Up-to-date: /home/harshit/mrt_ws/install/aruco_detection_interfaces/lib/libaruco_detection_interfaces__rosidl_typesupport_cpp.so
[1.866s] -- Up-to-date: /home/harshit/mrt_ws/install/aruco_detection_interfaces/share/aruco_detection_interfaces/environment/pythonpath.sh
[1.866s] -- Installing: /home/harshit/mrt_ws/install/aruco_detection_interfaces/share/aruco_detection_interfaces/environment/pythonpath.dsv
[1.866s] -- Up-to-date: /home/harshit/mrt_ws/install/aruco_detection_interfaces/local/lib/python3.10/dist-packages/aruco_detection_interfaces-0.0.0-py3.10.egg-info
[1.866s] -- Installing: /home/harshit/mrt_ws/install/aruco_detection_interfaces/local/lib/python3.10/dist-packages/aruco_detection_interfaces-0.0.0-py3.10.egg-info/top_level.txt
[1.866s] -- Installing: /home/harshit/mrt_ws/install/aruco_detection_interfaces/local/lib/python3.10/dist-packages/aruco_detection_interfaces-0.0.0-py3.10.egg-info/SOURCES.txt
[1.866s] -- Installing: /home/harshit/mrt_ws/install/aruco_detection_interfaces/local/lib/python3.10/dist-packages/aruco_detection_interfaces-0.0.0-py3.10.egg-info/dependency_links.txt
[1.867s] -- Installing: /home/harshit/mrt_ws/install/aruco_detection_interfaces/local/lib/python3.10/dist-packages/aruco_detection_interfaces-0.0.0-py3.10.egg-info/PKG-INFO
[1.867s] -- Up-to-date: /home/harshit/mrt_ws/install/aruco_detection_interfaces/local/lib/python3.10/dist-packages/aruco_detection_interfaces
[1.867s] -- Up-to-date: /home/harshit/mrt_ws/install/aruco_detection_interfaces/local/lib/python3.10/dist-packages/aruco_detection_interfaces/libaruco_detection_interfaces__rosidl_generator_py.so
[1.867s] -- Up-to-date: /home/harshit/mrt_ws/install/aruco_detection_interfaces/local/lib/python3.10/dist-packages/aruco_detection_interfaces/srv
[1.867s] -- Up-to-date: /home/harshit/mrt_ws/install/aruco_detection_interfaces/local/lib/python3.10/dist-packages/aruco_detection_interfaces/srv/_process_image.py
[1.867s] -- Up-to-date: /home/harshit/mrt_ws/install/aruco_detection_interfaces/local/lib/python3.10/dist-packages/aruco_detection_interfaces/srv/_process_image_s.c
[1.867s] -- Up-to-date: /home/harshit/mrt_ws/install/aruco_detection_interfaces/local/lib/python3.10/dist-packages/aruco_detection_interfaces/srv/__init__.py
[1.867s] -- Up-to-date: /home/harshit/mrt_ws/install/aruco_detection_interfaces/local/lib/python3.10/dist-packages/aruco_detection_interfaces/aruco_detection_interfaces_s__rosidl_typesupport_introspection_c.cpython-310-x86_64-linux-gnu.so
[1.867s] -- Up-to-date: /home/harshit/mrt_ws/install/aruco_detection_interfaces/local/lib/python3.10/dist-packages/aruco_detection_interfaces/aruco_detection_interfaces_s__rosidl_typesupport_fastrtps_c.cpython-310-x86_64-linux-gnu.so
[1.867s] -- Up-to-date: /home/harshit/mrt_ws/install/aruco_detection_interfaces/local/lib/python3.10/dist-packages/aruco_detection_interfaces/_aruco_detection_interfaces_s.ep.rosidl_typesupport_c.c
[1.867s] -- Up-to-date: /home/harshit/mrt_ws/install/aruco_detection_interfaces/local/lib/python3.10/dist-packages/aruco_detection_interfaces/msg
[1.867s] -- Up-to-date: /home/harshit/mrt_ws/install/aruco_detection_interfaces/local/lib/python3.10/dist-packages/aruco_detection_interfaces/msg/_point_s.c
[1.867s] -- Up-to-date: /home/harshit/mrt_ws/install/aruco_detection_interfaces/local/lib/python3.10/dist-packages/aruco_detection_interfaces/msg/_point_array_s.c
[1.867s] -- Up-to-date: /home/harshit/mrt_ws/install/aruco_detection_interfaces/local/lib/python3.10/dist-packages/aruco_detection_interfaces/msg/_image_bounds_s.c
[1.867s] -- Up-to-date: /home/harshit/mrt_ws/install/aruco_detection_interfaces/local/lib/python3.10/dist-packages/aruco_detection_interfaces/msg/_point.py
[1.867s] -- Up-to-date: /home/harshit/mrt_ws/install/aruco_detection_interfaces/local/lib/python3.10/dist-packages/aruco_detection_interfaces/msg/_point_array.py
[1.867s] -- Up-to-date: /home/harshit/mrt_ws/install/aruco_detection_interfaces/local/lib/python3.10/dist-packages/aruco_detection_interfaces/msg/_image_bounds.py
[1.867s] -- Up-to-date: /home/harshit/mrt_ws/install/aruco_detection_interfaces/local/lib/python3.10/dist-packages/aruco_detection_interfaces/msg/__init__.py
[1.867s] -- Up-to-date: /home/harshit/mrt_ws/install/aruco_detection_interfaces/local/lib/python3.10/dist-packages/aruco_detection_interfaces/_aruco_detection_interfaces_s.ep.rosidl_typesupport_introspection_c.c
[1.867s] -- Up-to-date: /home/harshit/mrt_ws/install/aruco_detection_interfaces/local/lib/python3.10/dist-packages/aruco_detection_interfaces/_aruco_detection_interfaces_s.ep.rosidl_typesupport_fastrtps_c.c
[1.867s] -- Up-to-date: /home/harshit/mrt_ws/install/aruco_detection_interfaces/local/lib/python3.10/dist-packages/aruco_detection_interfaces/aruco_detection_interfaces_s__rosidl_typesupport_c.cpython-310-x86_64-linux-gnu.so
[1.867s] -- Installing: /home/harshit/mrt_ws/install/aruco_detection_interfaces/local/lib/python3.10/dist-packages/aruco_detection_interfaces/__init__.py
[1.888s] Listing '/home/harshit/mrt_ws/install/aruco_detection_interfaces/local/lib/python3.10/dist-packages/aruco_detection_interfaces'...
[1.888s] Compiling '/home/harshit/mrt_ws/install/aruco_detection_interfaces/local/lib/python3.10/dist-packages/aruco_detection_interfaces/__init__.py'...
[1.888s] Listing '/home/harshit/mrt_ws/install/aruco_detection_interfaces/local/lib/python3.10/dist-packages/aruco_detection_interfaces/msg'...
[1.888s] Listing '/home/harshit/mrt_ws/install/aruco_detection_interfaces/local/lib/python3.10/dist-packages/aruco_detection_interfaces/srv'...
[1.891s] -- Up-to-date: /home/harshit/mrt_ws/install/aruco_detection_interfaces/local/lib/python3.10/dist-packages/aruco_detection_interfaces/aruco_detection_interfaces_s__rosidl_typesupport_fastrtps_c.cpython-310-x86_64-linux-gnu.so
[1.891s] -- Up-to-date: /home/harshit/mrt_ws/install/aruco_detection_interfaces/local/lib/python3.10/dist-packages/aruco_detection_interfaces/aruco_detection_interfaces_s__rosidl_typesupport_introspection_c.cpython-310-x86_64-linux-gnu.so
[1.891s] -- Up-to-date: /home/harshit/mrt_ws/install/aruco_detection_interfaces/local/lib/python3.10/dist-packages/aruco_detection_interfaces/aruco_detection_interfaces_s__rosidl_typesupport_c.cpython-310-x86_64-linux-gnu.so
[1.891s] -- Up-to-date: /home/harshit/mrt_ws/install/aruco_detection_interfaces/lib/libaruco_detection_interfaces__rosidl_generator_py.so
[1.891s] -- Up-to-date: /home/harshit/mrt_ws/install/aruco_detection_interfaces/share/aruco_detection_interfaces/msg/Point.idl
[1.891s] -- Up-to-date: /home/harshit/mrt_ws/install/aruco_detection_interfaces/share/aruco_detection_interfaces/msg/PointArray.idl
[1.892s] -- Up-to-date: /home/harshit/mrt_ws/install/aruco_detection_interfaces/share/aruco_detection_interfaces/msg/ImageBounds.idl
[1.892s] -- Up-to-date: /home/harshit/mrt_ws/install/aruco_detection_interfaces/share/aruco_detection_interfaces/srv/ProcessImage.idl
[1.892s] -- Up-to-date: /home/harshit/mrt_ws/install/aruco_detection_interfaces/share/aruco_detection_interfaces/msg/Point.msg
[1.892s] -- Up-to-date: /home/harshit/mrt_ws/install/aruco_detection_interfaces/share/aruco_detection_interfaces/msg/PointArray.msg
[1.892s] -- Installing: /home/harshit/mrt_ws/install/aruco_detection_interfaces/share/aruco_detection_interfaces/msg/ImageBounds.msg
[1.892s] -- Up-to-date: /home/harshit/mrt_ws/install/aruco_detection_interfaces/share/aruco_detection_interfaces/srv/ProcessImage.srv
[1.892s] -- Up-to-date: /home/harshit/mrt_ws/install/aruco_detection_interfaces/share/aruco_detection_interfaces/srv/ProcessImage_Request.msg
[1.892s] -- Up-to-date: /home/harshit/mrt_ws/install/aruco_detection_interfaces/share/aruco_detection_interfaces/srv/ProcessImage_Response.msg
[1.892s] -- Up-to-date: /home/harshit/mrt_ws/install/aruco_detection_interfaces/share/ament_index/resource_index/package_run_dependencies/aruco_detection_interfaces
[1.892s] -- Up-to-date: /home/harshit/mrt_ws/install/aruco_detection_interfaces/share/ament_index/resource_index/parent_prefix_path/aruco_detection_interfaces
[1.892s] -- Up-to-date: /home/harshit/mrt_ws/install/aruco_detection_interfaces/share/aruco_detection_interfaces/environment/ament_prefix_path.sh
[1.892s] -- Installing: /home/harshit/mrt_ws/install/aruco_detection_interfaces/share/aruco_detection_interfaces/environment/ament_prefix_path.dsv
[1.892s] -- Up-to-date: /home/harshit/mrt_ws/install/aruco_detection_interfaces/share/aruco_detection_interfaces/environment/path.sh
[1.892s] -- Installing: /home/harshit/mrt_ws/install/aruco_detection_interfaces/share/aruco_detection_interfaces/environment/path.dsv
[1.892s] -- Up-to-date: /home/harshit/mrt_ws/install/aruco_detection_interfaces/share/aruco_detection_interfaces/local_setup.bash
[1.892s] -- Up-to-date: /home/harshit/mrt_ws/install/aruco_detection_interfaces/share/aruco_detection_interfaces/local_setup.sh
[1.892s] -- Up-to-date: /home/harshit/mrt_ws/install/aruco_detection_interfaces/share/aruco_detection_interfaces/local_setup.zsh
[1.892s] -- Installing: /home/harshit/mrt_ws/install/aruco_detection_interfaces/share/aruco_detection_interfaces/local_setup.dsv
[1.892s] -- Installing: /home/harshit/mrt_ws/install/aruco_detection_interfaces/share/aruco_detection_interfaces/package.dsv
[1.892s] -- Up-to-date: /home/harshit/mrt_ws/install/aruco_detection_interfaces/share/ament_index/resource_index/packages/aruco_detection_interfaces
[1.892s] -- Up-to-date: /home/harshit/mrt_ws/install/aruco_detection_interfaces/share/aruco_detection_interfaces/cmake/export_aruco_detection_interfaces__rosidl_generator_cExport.cmake
[1.893s] -- Up-to-date: /home/harshit/mrt_ws/install/aruco_detection_interfaces/share/aruco_detection_interfaces/cmake/export_aruco_detection_interfaces__rosidl_generator_cExport-noconfig.cmake
[1.893s] -- Up-to-date: /home/harshit/mrt_ws/install/aruco_detection_interfaces/share/aruco_detection_interfaces/cmake/export_aruco_detection_interfaces__rosidl_typesupport_fastrtps_cExport.cmake
[1.893s] -- Up-to-date: /home/harshit/mrt_ws/install/aruco_detection_interfaces/share/aruco_detection_interfaces/cmake/export_aruco_detection_interfaces__rosidl_typesupport_fastrtps_cExport-noconfig.cmake
[1.893s] -- Up-to-date: /home/harshit/mrt_ws/install/aruco_detection_interfaces/share/aruco_detection_interfaces/cmake/aruco_detection_interfaces__rosidl_typesupport_introspection_cExport.cmake
[1.893s] -- Up-to-date: /home/harshit/mrt_ws/install/aruco_detection_interfaces/share/aruco_detection_interfaces/cmake/aruco_detection_interfaces__rosidl_typesupport_introspection_cExport-noconfig.cmake
[1.893s] -- Up-to-date: /home/harshit/mrt_ws/install/aruco_detection_interfaces/share/aruco_detection_interfaces/cmake/aruco_detection_interfaces__rosidl_typesupport_cExport.cmake
[1.893s] -- Up-to-date: /home/harshit/mrt_ws/install/aruco_detection_interfaces/share/aruco_detection_interfaces/cmake/aruco_detection_interfaces__rosidl_typesupport_cExport-noconfig.cmake
[1.893s] -- Up-to-date: /home/harshit/mrt_ws/install/aruco_detection_interfaces/share/aruco_detection_interfaces/cmake/export_aruco_detection_interfaces__rosidl_generator_cppExport.cmake
[1.893s] -- Up-to-date: /home/harshit/mrt_ws/install/aruco_detection_interfaces/share/aruco_detection_interfaces/cmake/export_aruco_detection_interfaces__rosidl_typesupport_fastrtps_cppExport.cmake
[1.893s] -- Up-to-date: /home/harshit/mrt_ws/install/aruco_detection_interfaces/share/aruco_detection_interfaces/cmake/export_aruco_detection_interfaces__rosidl_typesupport_fastrtps_cppExport-noconfig.cmake
[1.893s] -- Up-to-date: /home/harshit/mrt_ws/install/aruco_detection_interfaces/share/aruco_detection_interfaces/cmake/aruco_detection_interfaces__rosidl_typesupport_introspection_cppExport.cmake
[1.893s] -- Up-to-date: /home/harshit/mrt_ws/install/aruco_detection_interfaces/share/aruco_detection_interfaces/cmake/aruco_detection_interfaces__rosidl_typesupport_introspection_cppExport-noconfig.cmake
[1.893s] -- Up-to-date: /home/harshit/mrt_ws/install/aruco_detection_interfaces/share/aruco_detection_interfaces/cmake/aruco_detection_interfaces__rosidl_typesupport_cppExport.cmake
[1.893s] -- Up-to-date: /home/harshit/mrt_ws/install/aruco_detection_interfaces/share/aruco_detection_interfaces/cmake/aruco_detection_interfaces__rosidl_typesupport_cppExport-noconfig.cmake
[1.893s] -- Up-to-date: /home/harshit/mrt_ws/install/aruco_detection_interfaces/share/aruco_detection_interfaces/cmake/export_aruco_detection_interfaces__rosidl_generator_pyExport.cmake
[1.893s] -- Up-to-date: /home/harshit/mrt_ws/install/aruco_detection_interfaces/share/aruco_detection_interfaces/cmake/export_aruco_detection_interfaces__rosidl_generator_pyExport-noconfig.cmake
[1.893s] -- Up-to-date: /home/harshit/mrt_ws/install/aruco_detection_interfaces/share/aruco_detection_interfaces/cmake/rosidl_cmake-extras.cmake
[1.893s] -- Up-to-date: /home/harshit/mrt_ws/install/aruco_detection_interfaces/share/aruco_detection_interfaces/cmake/ament_cmake_export_dependencies-extras.cmake
[1.893s] -- Up-to-date: /home/harshit/mrt_ws/install/aruco_detection_interfaces/share/aruco_detection_interfaces/cmake/ament_cmake_export_include_directories-extras.cmake
[1.893s] -- Up-to-date: /home/harshit/mrt_ws/install/aruco_detection_interfaces/share/aruco_detection_interfaces/cmake/ament_cmake_export_libraries-extras.cmake
[1.894s] -- Up-to-date: /home/harshit/mrt_ws/install/aruco_detection_interfaces/share/aruco_detection_interfaces/cmake/ament_cmake_export_targets-extras.cmake
[1.894s] -- Up-to-date: /home/harshit/mrt_ws/install/aruco_detection_interfaces/share/aruco_detection_interfaces/cmake/rosidl_cmake_export_typesupport_targets-extras.cmake
[1.894s] -- Up-to-date: /home/harshit/mrt_ws/install/aruco_detection_interfaces/share/aruco_detection_interfaces/cmake/rosidl_cmake_export_typesupport_libraries-extras.cmake
[1.894s] -- Up-to-date: /home/harshit/mrt_ws/install/aruco_detection_interfaces/share/aruco_detection_interfaces/cmake/aruco_detection_interfacesConfig.cmake
[1.894s] -- Up-to-date: /home/harshit/mrt_ws/install/aruco_detection_interfaces/share/aruco_detection_interfaces/cmake/aruco_detection_interfacesConfig-version.cmake
[1.894s] -- Up-to-date: /home/harshit/mrt_ws/install/aruco_detection_interfaces/share/aruco_detection_interfaces/package.xml
[1.895s] Invoked command in '/home/harshit/mrt_ws/build/aruco_detection_interfaces' returned '0': CMAKE_PREFIX_PATH=${CMAKE_PREFIX_PATH}:/home/harshit/mrt_ws/install/week0_tutorials:/home/harshit/mrt_ws/install/sauron:/home/harshit/mrt_ws/install/aruco_detection:/opt/ros/humble /usr/bin/cmake --install /home/harshit/mrt_ws/build/aruco_detection_interfaces
