[0.784s] Invoking command in '/home/harshit/mrt_ws/src/aruco_detection': PYTHONPATH=/home/harshit/mrt_ws/build/aruco_detection/prefix_override:/usr/lib/python3/dist-packages/colcon_core/task/python/colcon_distutils_commands:/home/harshit/mrt_ws/install/aruco_detection/lib/python3.10/site-packages:${PYTHONPATH} /usr/bin/python3 -W ignore:setup.py install is deprecated -W ignore:easy_install command is deprecated setup.py egg_info --egg-base ../../build/aruco_detection build --build-base /home/harshit/mrt_ws/build/aruco_detection/build install --record /home/harshit/mrt_ws/build/aruco_detection/install.log --single-version-externally-managed install_data
[1.019s] running egg_info
[1.019s] writing ../../build/aruco_detection/aruco_detection.egg-info/PKG-INFO
[1.020s] writing dependency_links to ../../build/aruco_detection/aruco_detection.egg-info/dependency_links.txt
[1.020s] writing entry points to ../../build/aruco_detection/aruco_detection.egg-info/entry_points.txt
[1.020s] writing requirements to ../../build/aruco_detection/aruco_detection.egg-info/requires.txt
[1.020s] writing top-level names to ../../build/aruco_detection/aruco_detection.egg-info/top_level.txt
[1.022s] reading manifest file '../../build/aruco_detection/aruco_detection.egg-info/SOURCES.txt'
[1.023s] writing manifest file '../../build/aruco_detection/aruco_detection.egg-info/SOURCES.txt'
[1.024s] running build
[1.024s] running build_py
[1.024s] running install
[1.024s] running install_lib
[1.026s] running install_data
[1.027s] running install_egg_info
[1.028s] removing '/home/harshit/mrt_ws/install/aruco_detection/lib/python3.10/site-packages/aruco_detection-0.0.0-py3.10.egg-info' (and everything under it)
[1.032s] Copying ../../build/aruco_detection/aruco_detection.egg-info to /home/harshit/mrt_ws/install/aruco_detection/lib/python3.10/site-packages/aruco_detection-0.0.0-py3.10.egg-info
[1.032s] running install_scripts
[1.049s] Installing client-img script to /home/harshit/mrt_ws/install/aruco_detection/lib/aruco_detection
[1.049s] Installing client-vid script to /home/harshit/mrt_ws/install/aruco_detection/lib/aruco_detection
[1.050s] Installing service script to /home/harshit/mrt_ws/install/aruco_detection/lib/aruco_detection
[1.050s] writing list of installed files to '/home/harshit/mrt_ws/build/aruco_detection/install.log'
[1.080s] Invoked command in '/home/harshit/mrt_ws/src/aruco_detection' returned '0': PYTHONPATH=/home/harshit/mrt_ws/build/aruco_detection/prefix_override:/usr/lib/python3/dist-packages/colcon_core/task/python/colcon_distutils_commands:/home/harshit/mrt_ws/install/aruco_detection/lib/python3.10/site-packages:${PYTHONPATH} /usr/bin/python3 -W ignore:setup.py install is deprecated -W ignore:easy_install command is deprecated setup.py egg_info --egg-base ../../build/aruco_detection build --build-base /home/harshit/mrt_ws/build/aruco_detection/build install --record /home/harshit/mrt_ws/build/aruco_detection/install.log --single-version-externally-managed install_data
