[1.527s] Invoking command in '/home/harshit/mrt_ws/src/sauron': PYTHONPATH=/home/harshit/mrt_ws/build/sauron/prefix_override:/usr/lib/python3/dist-packages/colcon_core/task/python/colcon_distutils_commands:/home/harshit/mrt_ws/install/sauron/lib/python3.10/site-packages:${PYTHONPATH} /usr/bin/python3 -W ignore:setup.py install is deprecated setup.py egg_info --egg-base ../../build/sauron build --build-base /home/harshit/mrt_ws/build/sauron/build install --record /home/harshit/mrt_ws/build/sauron/install.log --single-version-externally-managed install_data
[2.049s] running egg_info
[2.051s] writing ../../build/sauron/sauron.egg-info/PKG-INFO
[2.051s] writing dependency_links to ../../build/sauron/sauron.egg-info/dependency_links.txt
[2.051s] writing entry points to ../../build/sauron/sauron.egg-info/entry_points.txt
[2.052s] writing requirements to ../../build/sauron/sauron.egg-info/requires.txt
[2.052s] writing top-level names to ../../build/sauron/sauron.egg-info/top_level.txt
[2.056s] reading manifest file '../../build/sauron/sauron.egg-info/SOURCES.txt'
[2.058s] writing manifest file '../../build/sauron/sauron.egg-info/SOURCES.txt'
[2.058s] running build
[2.058s] running build_py
[2.059s] running install
[2.060s] running install_lib
[2.063s] running install_data
[2.063s] running install_egg_info
[2.067s] removing '/home/harshit/mrt_ws/install/sauron/lib/python3.10/site-packages/sauron-0.0.0-py3.10.egg-info' (and everything under it)
[2.068s] Copying ../../build/sauron/sauron.egg-info to /home/harshit/mrt_ws/install/sauron/lib/python3.10/site-packages/sauron-0.0.0-py3.10.egg-info
[2.070s] running install_scripts
[2.119s] Installing publisher1 script to /home/harshit/mrt_ws/install/sauron/lib/sauron
[2.120s] Installing publisher2 script to /home/harshit/mrt_ws/install/sauron/lib/sauron
[2.120s] Installing subscriber script to /home/harshit/mrt_ws/install/sauron/lib/sauron
[2.121s] writing list of installed files to '/home/harshit/mrt_ws/build/sauron/install.log'
[2.641s] Invoked command in '/home/harshit/mrt_ws/src/sauron' returned '0': PYTHONPATH=/home/harshit/mrt_ws/build/sauron/prefix_override:/usr/lib/python3/dist-packages/colcon_core/task/python/colcon_distutils_commands:/home/harshit/mrt_ws/install/sauron/lib/python3.10/site-packages:${PYTHONPATH} /usr/bin/python3 -W ignore:setup.py install is deprecated setup.py egg_info --egg-base ../../build/sauron build --build-base /home/harshit/mrt_ws/build/sauron/build install --record /home/harshit/mrt_ws/build/sauron/install.log --single-version-externally-managed install_data
