[0.088s] DEBUG:colcon:Command line arguments: ['/usr/bin/colcon', 'build']
[0.088s] DEBUG:colcon:Parsed command line arguments: Namespace(log_base=None, log_level=None, verb_name='build', build_base='build', install_base='install', merge_install=False, symlink_install=False, test_result_base=None, continue_on_error=False, executor='parallel', parallel_workers=8, event_handlers=None, ignore_user_meta=False, metas=['./colcon.meta'], base_paths=['.'], packages_ignore=None, packages_ignore_regex=None, paths=None, packages_up_to=None, packages_up_to_regex=None, packages_above=None, packages_above_and_dependencies=None, packages_above_depth=None, packages_select_by_dep=None, packages_skip_by_dep=None, packages_skip_up_to=None, packages_select_build_failed=False, packages_skip_build_finished=False, packages_select_test_failures=False, packages_skip_test_passed=False, packages_select=None, packages_skip=None, packages_select_regex=None, packages_skip_regex=None, packages_start=None, packages_end=None, allow_overriding=[], cmake_args=None, cmake_target=None, cmake_target_skip_unavailable=False, cmake_clean_cache=False, cmake_clean_first=False, cmake_force_configure=False, ament_cmake_args=None, catkin_cmake_args=None, catkin_skip_building_tests=False, verb_parser=<colcon_defaults.argument_parser.defaults.DefaultArgumentsDecorator object at 0x7da69c82e2c0>, verb_extension=<colcon_core.verb.build.BuildVerb object at 0x7da69c82ddb0>, main=<bound method BuildVerb.main of <colcon_core.verb.build.BuildVerb object at 0x7da69c82ddb0>>)
[0.200s] Level 1:colcon.colcon_core.package_discovery:discover_packages(colcon_meta) check parameters
[0.200s] Level 1:colcon.colcon_core.package_discovery:discover_packages(recursive) check parameters
[0.200s] Level 1:colcon.colcon_core.package_discovery:discover_packages(ignore) check parameters
[0.200s] Level 1:colcon.colcon_core.package_discovery:discover_packages(path) check parameters
[0.200s] Level 1:colcon.colcon_core.package_discovery:discover_packages(colcon_meta) discover
[0.200s] Level 1:colcon.colcon_core.package_discovery:discover_packages(recursive) discover
[0.200s] INFO:colcon.colcon_core.package_discovery:Crawling recursively for packages in '/home/harshit/mrt_ws'
[0.200s] Level 1:colcon.colcon_core.package_identification:_identify(.) by extensions ['ignore', 'ignore_ament_install']
[0.200s] Level 1:colcon.colcon_core.package_identification:_identify(.) by extension 'ignore'
[0.200s] Level 1:colcon.colcon_core.package_identification:_identify(.) by extension 'ignore_ament_install'
[0.200s] Level 1:colcon.colcon_core.package_identification:_identify(.) by extensions ['colcon_pkg']
[0.200s] Level 1:colcon.colcon_core.package_identification:_identify(.) by extension 'colcon_pkg'
[0.200s] Level 1:colcon.colcon_core.package_identification:_identify(.) by extensions ['colcon_meta']
[0.200s] Level 1:colcon.colcon_core.package_identification:_identify(.) by extension 'colcon_meta'
[0.200s] Level 1:colcon.colcon_core.package_identification:_identify(.) by extensions ['ros']
[0.200s] Level 1:colcon.colcon_core.package_identification:_identify(.) by extension 'ros'
[0.208s] Level 1:colcon.colcon_core.package_identification:_identify(.) by extensions ['cmake', 'python']
[0.208s] Level 1:colcon.colcon_core.package_identification:_identify(.) by extension 'cmake'
[0.208s] Level 1:colcon.colcon_core.package_identification:_identify(.) by extension 'python'
[0.208s] Level 1:colcon.colcon_core.package_identification:_identify(.) by extensions ['python_setup_py']
[0.208s] Level 1:colcon.colcon_core.package_identification:_identify(.) by extension 'python_setup_py'
[0.208s] Level 1:colcon.colcon_core.package_identification:_identify(assignment_reports) by extensions ['ignore', 'ignore_ament_install']
[0.208s] Level 1:colcon.colcon_core.package_identification:_identify(assignment_reports) by extension 'ignore'
[0.208s] Level 1:colcon.colcon_core.package_identification:_identify(assignment_reports) by extension 'ignore_ament_install'
[0.208s] Level 1:colcon.colcon_core.package_identification:_identify(assignment_reports) by extensions ['colcon_pkg']
[0.208s] Level 1:colcon.colcon_core.package_identification:_identify(assignment_reports) by extension 'colcon_pkg'
[0.208s] Level 1:colcon.colcon_core.package_identification:_identify(assignment_reports) by extensions ['colcon_meta']
[0.208s] Level 1:colcon.colcon_core.package_identification:_identify(assignment_reports) by extension 'colcon_meta'
[0.208s] Level 1:colcon.colcon_core.package_identification:_identify(assignment_reports) by extensions ['ros']
[0.208s] Level 1:colcon.colcon_core.package_identification:_identify(assignment_reports) by extension 'ros'
[0.208s] Level 1:colcon.colcon_core.package_identification:_identify(assignment_reports) by extensions ['cmake', 'python']
[0.208s] Level 1:colcon.colcon_core.package_identification:_identify(assignment_reports) by extension 'cmake'
[0.208s] Level 1:colcon.colcon_core.package_identification:_identify(assignment_reports) by extension 'python'
[0.208s] Level 1:colcon.colcon_core.package_identification:_identify(assignment_reports) by extensions ['python_setup_py']
[0.208s] Level 1:colcon.colcon_core.package_identification:_identify(assignment_reports) by extension 'python_setup_py'
[0.208s] Level 1:colcon.colcon_core.package_identification:_identify(build) by extensions ['ignore', 'ignore_ament_install']
[0.208s] Level 1:colcon.colcon_core.package_identification:_identify(build) by extension 'ignore'
[0.208s] Level 1:colcon.colcon_core.package_identification:_identify(build) ignored
[0.208s] Level 1:colcon.colcon_core.package_identification:_identify(content) by extensions ['ignore', 'ignore_ament_install']
[0.208s] Level 1:colcon.colcon_core.package_identification:_identify(content) by extension 'ignore'
[0.208s] Level 1:colcon.colcon_core.package_identification:_identify(content) by extension 'ignore_ament_install'
[0.209s] Level 1:colcon.colcon_core.package_identification:_identify(content) by extensions ['colcon_pkg']
[0.209s] Level 1:colcon.colcon_core.package_identification:_identify(content) by extension 'colcon_pkg'
[0.209s] Level 1:colcon.colcon_core.package_identification:_identify(content) by extensions ['colcon_meta']
[0.209s] Level 1:colcon.colcon_core.package_identification:_identify(content) by extension 'colcon_meta'
[0.209s] Level 1:colcon.colcon_core.package_identification:_identify(content) by extensions ['ros']
[0.209s] Level 1:colcon.colcon_core.package_identification:_identify(content) by extension 'ros'
[0.209s] Level 1:colcon.colcon_core.package_identification:_identify(content) by extensions ['cmake', 'python']
[0.209s] Level 1:colcon.colcon_core.package_identification:_identify(content) by extension 'cmake'
[0.209s] Level 1:colcon.colcon_core.package_identification:_identify(content) by extension 'python'
[0.209s] Level 1:colcon.colcon_core.package_identification:_identify(content) by extensions ['python_setup_py']
[0.209s] Level 1:colcon.colcon_core.package_identification:_identify(content) by extension 'python_setup_py'
[0.209s] Level 1:colcon.colcon_core.package_identification:_identify(install) by extensions ['ignore', 'ignore_ament_install']
[0.209s] Level 1:colcon.colcon_core.package_identification:_identify(install) by extension 'ignore'
[0.209s] Level 1:colcon.colcon_core.package_identification:_identify(install) ignored
[0.209s] Level 1:colcon.colcon_core.package_identification:_identify(log) by extensions ['ignore', 'ignore_ament_install']
[0.209s] Level 1:colcon.colcon_core.package_identification:_identify(log) by extension 'ignore'
[0.209s] Level 1:colcon.colcon_core.package_identification:_identify(log) ignored
[0.209s] Level 1:colcon.colcon_core.package_identification:_identify(src) by extensions ['ignore', 'ignore_ament_install']
[0.209s] Level 1:colcon.colcon_core.package_identification:_identify(src) by extension 'ignore'
[0.209s] Level 1:colcon.colcon_core.package_identification:_identify(src) by extension 'ignore_ament_install'
[0.209s] Level 1:colcon.colcon_core.package_identification:_identify(src) by extensions ['colcon_pkg']
[0.209s] Level 1:colcon.colcon_core.package_identification:_identify(src) by extension 'colcon_pkg'
[0.209s] Level 1:colcon.colcon_core.package_identification:_identify(src) by extensions ['colcon_meta']
[0.209s] Level 1:colcon.colcon_core.package_identification:_identify(src) by extension 'colcon_meta'
[0.209s] Level 1:colcon.colcon_core.package_identification:_identify(src) by extensions ['ros']
[0.209s] Level 1:colcon.colcon_core.package_identification:_identify(src) by extension 'ros'
[0.209s] Level 1:colcon.colcon_core.package_identification:_identify(src) by extensions ['cmake', 'python']
[0.209s] Level 1:colcon.colcon_core.package_identification:_identify(src) by extension 'cmake'
[0.209s] Level 1:colcon.colcon_core.package_identification:_identify(src) by extension 'python'
[0.210s] Level 1:colcon.colcon_core.package_identification:_identify(src) by extensions ['python_setup_py']
[0.210s] Level 1:colcon.colcon_core.package_identification:_identify(src) by extension 'python_setup_py'
[0.210s] Level 1:colcon.colcon_core.package_identification:_identify(src/aruco_detection) by extensions ['ignore', 'ignore_ament_install']
[0.210s] Level 1:colcon.colcon_core.package_identification:_identify(src/aruco_detection) by extension 'ignore'
[0.210s] Level 1:colcon.colcon_core.package_identification:_identify(src/aruco_detection) by extension 'ignore_ament_install'
[0.210s] Level 1:colcon.colcon_core.package_identification:_identify(src/aruco_detection) by extensions ['colcon_pkg']
[0.210s] Level 1:colcon.colcon_core.package_identification:_identify(src/aruco_detection) by extension 'colcon_pkg'
[0.210s] Level 1:colcon.colcon_core.package_identification:_identify(src/aruco_detection) by extensions ['colcon_meta']
[0.210s] Level 1:colcon.colcon_core.package_identification:_identify(src/aruco_detection) by extension 'colcon_meta'
[0.210s] Level 1:colcon.colcon_core.package_identification:_identify(src/aruco_detection) by extensions ['ros']
[0.210s] Level 1:colcon.colcon_core.package_identification:_identify(src/aruco_detection) by extension 'ros'
[0.212s] DEBUG:colcon.colcon_core.package_identification:Package 'src/aruco_detection' with type 'ros.ament_python' and name 'aruco_detection'
[0.212s] Level 1:colcon.colcon_core.package_identification:_identify(src/aruco_detection_interfaces) by extensions ['ignore', 'ignore_ament_install']
[0.212s] Level 1:colcon.colcon_core.package_identification:_identify(src/aruco_detection_interfaces) by extension 'ignore'
[0.212s] Level 1:colcon.colcon_core.package_identification:_identify(src/aruco_detection_interfaces) by extension 'ignore_ament_install'
[0.212s] Level 1:colcon.colcon_core.package_identification:_identify(src/aruco_detection_interfaces) by extensions ['colcon_pkg']
[0.212s] Level 1:colcon.colcon_core.package_identification:_identify(src/aruco_detection_interfaces) by extension 'colcon_pkg'
[0.212s] Level 1:colcon.colcon_core.package_identification:_identify(src/aruco_detection_interfaces) by extensions ['colcon_meta']
[0.212s] Level 1:colcon.colcon_core.package_identification:_identify(src/aruco_detection_interfaces) by extension 'colcon_meta'
[0.212s] Level 1:colcon.colcon_core.package_identification:_identify(src/aruco_detection_interfaces) by extensions ['ros']
[0.212s] Level 1:colcon.colcon_core.package_identification:_identify(src/aruco_detection_interfaces) by extension 'ros'
[0.212s] DEBUG:colcon.colcon_core.package_identification:Package 'src/aruco_detection_interfaces' with type 'ros.ament_cmake' and name 'aruco_detection_interfaces'
[0.212s] Level 1:colcon.colcon_core.package_identification:_identify(src/assgn) by extensions ['ignore', 'ignore_ament_install']
[0.212s] Level 1:colcon.colcon_core.package_identification:_identify(src/assgn) by extension 'ignore'
[0.213s] Level 1:colcon.colcon_core.package_identification:_identify(src/assgn) by extension 'ignore_ament_install'
[0.213s] Level 1:colcon.colcon_core.package_identification:_identify(src/assgn) by extensions ['colcon_pkg']
[0.213s] Level 1:colcon.colcon_core.package_identification:_identify(src/assgn) by extension 'colcon_pkg'
[0.213s] Level 1:colcon.colcon_core.package_identification:_identify(src/assgn) by extensions ['colcon_meta']
[0.213s] Level 1:colcon.colcon_core.package_identification:_identify(src/assgn) by extension 'colcon_meta'
[0.213s] Level 1:colcon.colcon_core.package_identification:_identify(src/assgn) by extensions ['ros']
[0.213s] Level 1:colcon.colcon_core.package_identification:_identify(src/assgn) by extension 'ros'
[0.213s] DEBUG:colcon.colcon_core.package_identification:Package 'src/assgn' with type 'ros.ament_python' and name 'assgn'
[0.213s] Level 1:colcon.colcon_core.package_identification:_identify(src/mrs_hudson) by extensions ['ignore', 'ignore_ament_install']
[0.213s] Level 1:colcon.colcon_core.package_identification:_identify(src/mrs_hudson) by extension 'ignore'
[0.213s] Level 1:colcon.colcon_core.package_identification:_identify(src/mrs_hudson) by extension 'ignore_ament_install'
[0.213s] Level 1:colcon.colcon_core.package_identification:_identify(src/mrs_hudson) by extensions ['colcon_pkg']
[0.213s] Level 1:colcon.colcon_core.package_identification:_identify(src/mrs_hudson) by extension 'colcon_pkg'
[0.213s] Level 1:colcon.colcon_core.package_identification:_identify(src/mrs_hudson) by extensions ['colcon_meta']
[0.213s] Level 1:colcon.colcon_core.package_identification:_identify(src/mrs_hudson) by extension 'colcon_meta'
[0.213s] Level 1:colcon.colcon_core.package_identification:_identify(src/mrs_hudson) by extensions ['ros']
[0.213s] Level 1:colcon.colcon_core.package_identification:_identify(src/mrs_hudson) by extension 'ros'
[0.214s] DEBUG:colcon.colcon_core.package_identification:Package 'src/mrs_hudson' with type 'ros.ament_python' and name 'mrs_hudson'
[0.214s] Level 1:colcon.colcon_core.package_identification:_identify(src/odom_tf_publisher) by extensions ['ignore', 'ignore_ament_install']
[0.214s] Level 1:colcon.colcon_core.package_identification:_identify(src/odom_tf_publisher) by extension 'ignore'
[0.214s] Level 1:colcon.colcon_core.package_identification:_identify(src/odom_tf_publisher) by extension 'ignore_ament_install'
[0.214s] Level 1:colcon.colcon_core.package_identification:_identify(src/odom_tf_publisher) by extensions ['colcon_pkg']
[0.214s] Level 1:colcon.colcon_core.package_identification:_identify(src/odom_tf_publisher) by extension 'colcon_pkg'
[0.214s] Level 1:colcon.colcon_core.package_identification:_identify(src/odom_tf_publisher) by extensions ['colcon_meta']
[0.214s] Level 1:colcon.colcon_core.package_identification:_identify(src/odom_tf_publisher) by extension 'colcon_meta'
[0.214s] Level 1:colcon.colcon_core.package_identification:_identify(src/odom_tf_publisher) by extensions ['ros']
[0.214s] Level 1:colcon.colcon_core.package_identification:_identify(src/odom_tf_publisher) by extension 'ros'
[0.214s] DEBUG:colcon.colcon_core.package_identification:Package 'src/odom_tf_publisher' with type 'ros.ament_python' and name 'odom_tf_publisher'
[0.214s] Level 1:colcon.colcon_core.package_identification:_identify(src/sauron) by extensions ['ignore', 'ignore_ament_install']
[0.214s] Level 1:colcon.colcon_core.package_identification:_identify(src/sauron) by extension 'ignore'
[0.214s] Level 1:colcon.colcon_core.package_identification:_identify(src/sauron) by extension 'ignore_ament_install'
[0.214s] Level 1:colcon.colcon_core.package_identification:_identify(src/sauron) by extensions ['colcon_pkg']
[0.214s] Level 1:colcon.colcon_core.package_identification:_identify(src/sauron) by extension 'colcon_pkg'
[0.214s] Level 1:colcon.colcon_core.package_identification:_identify(src/sauron) by extensions ['colcon_meta']
[0.214s] Level 1:colcon.colcon_core.package_identification:_identify(src/sauron) by extension 'colcon_meta'
[0.215s] Level 1:colcon.colcon_core.package_identification:_identify(src/sauron) by extensions ['ros']
[0.215s] Level 1:colcon.colcon_core.package_identification:_identify(src/sauron) by extension 'ros'
[0.215s] DEBUG:colcon.colcon_core.package_identification:Package 'src/sauron' with type 'ros.ament_python' and name 'sauron'
[0.215s] Level 1:colcon.colcon_core.package_identification:_identify(src/week0_tutorials) by extensions ['ignore', 'ignore_ament_install']
[0.215s] Level 1:colcon.colcon_core.package_identification:_identify(src/week0_tutorials) by extension 'ignore'
[0.215s] Level 1:colcon.colcon_core.package_identification:_identify(src/week0_tutorials) by extension 'ignore_ament_install'
[0.215s] Level 1:colcon.colcon_core.package_identification:_identify(src/week0_tutorials) by extensions ['colcon_pkg']
[0.215s] Level 1:colcon.colcon_core.package_identification:_identify(src/week0_tutorials) by extension 'colcon_pkg'
[0.215s] Level 1:colcon.colcon_core.package_identification:_identify(src/week0_tutorials) by extensions ['colcon_meta']
[0.215s] Level 1:colcon.colcon_core.package_identification:_identify(src/week0_tutorials) by extension 'colcon_meta'
[0.215s] Level 1:colcon.colcon_core.package_identification:_identify(src/week0_tutorials) by extensions ['ros']
[0.215s] Level 1:colcon.colcon_core.package_identification:_identify(src/week0_tutorials) by extension 'ros'
[0.215s] DEBUG:colcon.colcon_core.package_identification:Package 'src/week0_tutorials' with type 'ros.ament_python' and name 'week0_tutorials'
[0.216s] Level 1:colcon.colcon_core.package_identification:_identify(src/week1_tutorials) by extensions ['ignore', 'ignore_ament_install']
[0.216s] Level 1:colcon.colcon_core.package_identification:_identify(src/week1_tutorials) by extension 'ignore'
[0.216s] Level 1:colcon.colcon_core.package_identification:_identify(src/week1_tutorials) by extension 'ignore_ament_install'
[0.216s] Level 1:colcon.colcon_core.package_identification:_identify(src/week1_tutorials) by extensions ['colcon_pkg']
[0.216s] Level 1:colcon.colcon_core.package_identification:_identify(src/week1_tutorials) by extension 'colcon_pkg'
[0.216s] Level 1:colcon.colcon_core.package_identification:_identify(src/week1_tutorials) by extensions ['colcon_meta']
[0.216s] Level 1:colcon.colcon_core.package_identification:_identify(src/week1_tutorials) by extension 'colcon_meta'
[0.216s] Level 1:colcon.colcon_core.package_identification:_identify(src/week1_tutorials) by extensions ['ros']
[0.216s] Level 1:colcon.colcon_core.package_identification:_identify(src/week1_tutorials) by extension 'ros'
[0.216s] DEBUG:colcon.colcon_core.package_identification:Package 'src/week1_tutorials' with type 'ros.ament_python' and name 'week1_tutorials'
[0.216s] Level 1:colcon.colcon_core.package_discovery:discover_packages(recursive) using defaults
[0.216s] Level 1:colcon.colcon_core.package_discovery:discover_packages(ignore) discover
[0.216s] Level 1:colcon.colcon_core.package_discovery:discover_packages(ignore) using defaults
[0.216s] Level 1:colcon.colcon_core.package_discovery:discover_packages(path) discover
[0.216s] Level 1:colcon.colcon_core.package_discovery:discover_packages(path) using defaults
[0.248s] Level 1:colcon.colcon_core.package_discovery:discover_packages(prefix_path) check parameters
[0.248s] Level 1:colcon.colcon_core.package_discovery:discover_packages(prefix_path) discover
[0.250s] DEBUG:colcon.colcon_installed_package_information.package_discovery:Found 2 installed packages in /home/harshit/urdf_rviz/install
[0.251s] DEBUG:colcon.colcon_installed_package_information.package_discovery:Found 7 installed packages in /home/harshit/mrt_ws/install
[0.252s] DEBUG:colcon.colcon_installed_package_information.package_discovery:Found 313 installed packages in /opt/ros/humble
[0.253s] Level 1:colcon.colcon_core.package_discovery:discover_packages(prefix_path) using defaults
[0.280s] Level 5:colcon.colcon_core.verb:set package 'aruco_detection_interfaces' build argument 'cmake_args' from command line to 'None'
[0.280s] Level 5:colcon.colcon_core.verb:set package 'aruco_detection_interfaces' build argument 'cmake_target' from command line to 'None'
[0.280s] Level 5:colcon.colcon_core.verb:set package 'aruco_detection_interfaces' build argument 'cmake_target_skip_unavailable' from command line to 'False'
[0.280s] Level 5:colcon.colcon_core.verb:set package 'aruco_detection_interfaces' build argument 'cmake_clean_cache' from command line to 'False'
[0.280s] Level 5:colcon.colcon_core.verb:set package 'aruco_detection_interfaces' build argument 'cmake_clean_first' from command line to 'False'
[0.280s] Level 5:colcon.colcon_core.verb:set package 'aruco_detection_interfaces' build argument 'cmake_force_configure' from command line to 'False'
[0.280s] Level 5:colcon.colcon_core.verb:set package 'aruco_detection_interfaces' build argument 'ament_cmake_args' from command line to 'None'
[0.280s] Level 5:colcon.colcon_core.verb:set package 'aruco_detection_interfaces' build argument 'catkin_cmake_args' from command line to 'None'
[0.280s] Level 5:colcon.colcon_core.verb:set package 'aruco_detection_interfaces' build argument 'catkin_skip_building_tests' from command line to 'False'
[0.280s] DEBUG:colcon.colcon_core.verb:Building package 'aruco_detection_interfaces' with the following arguments: {'ament_cmake_args': None, 'build_base': '/home/harshit/mrt_ws/build/aruco_detection_interfaces', 'catkin_cmake_args': None, 'catkin_skip_building_tests': False, 'cmake_args': None, 'cmake_clean_cache': False, 'cmake_clean_first': False, 'cmake_force_configure': False, 'cmake_target': None, 'cmake_target_skip_unavailable': False, 'install_base': '/home/harshit/mrt_ws/install/aruco_detection_interfaces', 'merge_install': False, 'path': '/home/harshit/mrt_ws/src/aruco_detection_interfaces', 'symlink_install': False, 'test_result_base': None}
[0.281s] Level 5:colcon.colcon_core.verb:set package 'assgn' build argument 'cmake_args' from command line to 'None'
[0.281s] Level 5:colcon.colcon_core.verb:set package 'assgn' build argument 'cmake_target' from command line to 'None'
[0.281s] Level 5:colcon.colcon_core.verb:set package 'assgn' build argument 'cmake_target_skip_unavailable' from command line to 'False'
[0.281s] Level 5:colcon.colcon_core.verb:set package 'assgn' build argument 'cmake_clean_cache' from command line to 'False'
[0.281s] Level 5:colcon.colcon_core.verb:set package 'assgn' build argument 'cmake_clean_first' from command line to 'False'
[0.281s] Level 5:colcon.colcon_core.verb:set package 'assgn' build argument 'cmake_force_configure' from command line to 'False'
[0.281s] Level 5:colcon.colcon_core.verb:set package 'assgn' build argument 'ament_cmake_args' from command line to 'None'
[0.281s] Level 5:colcon.colcon_core.verb:set package 'assgn' build argument 'catkin_cmake_args' from command line to 'None'
[0.281s] Level 5:colcon.colcon_core.verb:set package 'assgn' build argument 'catkin_skip_building_tests' from command line to 'False'
[0.281s] DEBUG:colcon.colcon_core.verb:Building package 'assgn' with the following arguments: {'ament_cmake_args': None, 'build_base': '/home/harshit/mrt_ws/build/assgn', 'catkin_cmake_args': None, 'catkin_skip_building_tests': False, 'cmake_args': None, 'cmake_clean_cache': False, 'cmake_clean_first': False, 'cmake_force_configure': False, 'cmake_target': None, 'cmake_target_skip_unavailable': False, 'install_base': '/home/harshit/mrt_ws/install/assgn', 'merge_install': False, 'path': '/home/harshit/mrt_ws/src/assgn', 'symlink_install': False, 'test_result_base': None}
[0.281s] Level 5:colcon.colcon_core.verb:set package 'mrs_hudson' build argument 'cmake_args' from command line to 'None'
[0.281s] Level 5:colcon.colcon_core.verb:set package 'mrs_hudson' build argument 'cmake_target' from command line to 'None'
[0.281s] Level 5:colcon.colcon_core.verb:set package 'mrs_hudson' build argument 'cmake_target_skip_unavailable' from command line to 'False'
[0.281s] Level 5:colcon.colcon_core.verb:set package 'mrs_hudson' build argument 'cmake_clean_cache' from command line to 'False'
[0.281s] Level 5:colcon.colcon_core.verb:set package 'mrs_hudson' build argument 'cmake_clean_first' from command line to 'False'
[0.281s] Level 5:colcon.colcon_core.verb:set package 'mrs_hudson' build argument 'cmake_force_configure' from command line to 'False'
[0.281s] Level 5:colcon.colcon_core.verb:set package 'mrs_hudson' build argument 'ament_cmake_args' from command line to 'None'
[0.281s] Level 5:colcon.colcon_core.verb:set package 'mrs_hudson' build argument 'catkin_cmake_args' from command line to 'None'
[0.281s] Level 5:colcon.colcon_core.verb:set package 'mrs_hudson' build argument 'catkin_skip_building_tests' from command line to 'False'
[0.281s] DEBUG:colcon.colcon_core.verb:Building package 'mrs_hudson' with the following arguments: {'ament_cmake_args': None, 'build_base': '/home/harshit/mrt_ws/build/mrs_hudson', 'catkin_cmake_args': None, 'catkin_skip_building_tests': False, 'cmake_args': None, 'cmake_clean_cache': False, 'cmake_clean_first': False, 'cmake_force_configure': False, 'cmake_target': None, 'cmake_target_skip_unavailable': False, 'install_base': '/home/harshit/mrt_ws/install/mrs_hudson', 'merge_install': False, 'path': '/home/harshit/mrt_ws/src/mrs_hudson', 'symlink_install': False, 'test_result_base': None}
[0.281s] Level 5:colcon.colcon_core.verb:set package 'odom_tf_publisher' build argument 'cmake_args' from command line to 'None'
[0.281s] Level 5:colcon.colcon_core.verb:set package 'odom_tf_publisher' build argument 'cmake_target' from command line to 'None'
[0.281s] Level 5:colcon.colcon_core.verb:set package 'odom_tf_publisher' build argument 'cmake_target_skip_unavailable' from command line to 'False'
[0.281s] Level 5:colcon.colcon_core.verb:set package 'odom_tf_publisher' build argument 'cmake_clean_cache' from command line to 'False'
[0.281s] Level 5:colcon.colcon_core.verb:set package 'odom_tf_publisher' build argument 'cmake_clean_first' from command line to 'False'
[0.281s] Level 5:colcon.colcon_core.verb:set package 'odom_tf_publisher' build argument 'cmake_force_configure' from command line to 'False'
[0.281s] Level 5:colcon.colcon_core.verb:set package 'odom_tf_publisher' build argument 'ament_cmake_args' from command line to 'None'
[0.281s] Level 5:colcon.colcon_core.verb:set package 'odom_tf_publisher' build argument 'catkin_cmake_args' from command line to 'None'
[0.281s] Level 5:colcon.colcon_core.verb:set package 'odom_tf_publisher' build argument 'catkin_skip_building_tests' from command line to 'False'
[0.281s] DEBUG:colcon.colcon_core.verb:Building package 'odom_tf_publisher' with the following arguments: {'ament_cmake_args': None, 'build_base': '/home/harshit/mrt_ws/build/odom_tf_publisher', 'catkin_cmake_args': None, 'catkin_skip_building_tests': False, 'cmake_args': None, 'cmake_clean_cache': False, 'cmake_clean_first': False, 'cmake_force_configure': False, 'cmake_target': None, 'cmake_target_skip_unavailable': False, 'install_base': '/home/harshit/mrt_ws/install/odom_tf_publisher', 'merge_install': False, 'path': '/home/harshit/mrt_ws/src/odom_tf_publisher', 'symlink_install': False, 'test_result_base': None}
[0.282s] Level 5:colcon.colcon_core.verb:set package 'sauron' build argument 'cmake_args' from command line to 'None'
[0.282s] Level 5:colcon.colcon_core.verb:set package 'sauron' build argument 'cmake_target' from command line to 'None'
[0.282s] Level 5:colcon.colcon_core.verb:set package 'sauron' build argument 'cmake_target_skip_unavailable' from command line to 'False'
[0.282s] Level 5:colcon.colcon_core.verb:set package 'sauron' build argument 'cmake_clean_cache' from command line to 'False'
[0.282s] Level 5:colcon.colcon_core.verb:set package 'sauron' build argument 'cmake_clean_first' from command line to 'False'
[0.282s] Level 5:colcon.colcon_core.verb:set package 'sauron' build argument 'cmake_force_configure' from command line to 'False'
[0.282s] Level 5:colcon.colcon_core.verb:set package 'sauron' build argument 'ament_cmake_args' from command line to 'None'
[0.282s] Level 5:colcon.colcon_core.verb:set package 'sauron' build argument 'catkin_cmake_args' from command line to 'None'
[0.282s] Level 5:colcon.colcon_core.verb:set package 'sauron' build argument 'catkin_skip_building_tests' from command line to 'False'
[0.282s] DEBUG:colcon.colcon_core.verb:Building package 'sauron' with the following arguments: {'ament_cmake_args': None, 'build_base': '/home/harshit/mrt_ws/build/sauron', 'catkin_cmake_args': None, 'catkin_skip_building_tests': False, 'cmake_args': None, 'cmake_clean_cache': False, 'cmake_clean_first': False, 'cmake_force_configure': False, 'cmake_target': None, 'cmake_target_skip_unavailable': False, 'install_base': '/home/harshit/mrt_ws/install/sauron', 'merge_install': False, 'path': '/home/harshit/mrt_ws/src/sauron', 'symlink_install': False, 'test_result_base': None}
[0.282s] Level 5:colcon.colcon_core.verb:set package 'week0_tutorials' build argument 'cmake_args' from command line to 'None'
[0.282s] Level 5:colcon.colcon_core.verb:set package 'week0_tutorials' build argument 'cmake_target' from command line to 'None'
[0.282s] Level 5:colcon.colcon_core.verb:set package 'week0_tutorials' build argument 'cmake_target_skip_unavailable' from command line to 'False'
[0.282s] Level 5:colcon.colcon_core.verb:set package 'week0_tutorials' build argument 'cmake_clean_cache' from command line to 'False'
[0.282s] Level 5:colcon.colcon_core.verb:set package 'week0_tutorials' build argument 'cmake_clean_first' from command line to 'False'
[0.282s] Level 5:colcon.colcon_core.verb:set package 'week0_tutorials' build argument 'cmake_force_configure' from command line to 'False'
[0.282s] Level 5:colcon.colcon_core.verb:set package 'week0_tutorials' build argument 'ament_cmake_args' from command line to 'None'
[0.282s] Level 5:colcon.colcon_core.verb:set package 'week0_tutorials' build argument 'catkin_cmake_args' from command line to 'None'
[0.282s] Level 5:colcon.colcon_core.verb:set package 'week0_tutorials' build argument 'catkin_skip_building_tests' from command line to 'False'
[0.282s] DEBUG:colcon.colcon_core.verb:Building package 'week0_tutorials' with the following arguments: {'ament_cmake_args': None, 'build_base': '/home/harshit/mrt_ws/build/week0_tutorials', 'catkin_cmake_args': None, 'catkin_skip_building_tests': False, 'cmake_args': None, 'cmake_clean_cache': False, 'cmake_clean_first': False, 'cmake_force_configure': False, 'cmake_target': None, 'cmake_target_skip_unavailable': False, 'install_base': '/home/harshit/mrt_ws/install/week0_tutorials', 'merge_install': False, 'path': '/home/harshit/mrt_ws/src/week0_tutorials', 'symlink_install': False, 'test_result_base': None}
[0.282s] Level 5:colcon.colcon_core.verb:set package 'week1_tutorials' build argument 'cmake_args' from command line to 'None'
[0.282s] Level 5:colcon.colcon_core.verb:set package 'week1_tutorials' build argument 'cmake_target' from command line to 'None'
[0.282s] Level 5:colcon.colcon_core.verb:set package 'week1_tutorials' build argument 'cmake_target_skip_unavailable' from command line to 'False'
[0.282s] Level 5:colcon.colcon_core.verb:set package 'week1_tutorials' build argument 'cmake_clean_cache' from command line to 'False'
[0.282s] Level 5:colcon.colcon_core.verb:set package 'week1_tutorials' build argument 'cmake_clean_first' from command line to 'False'
[0.282s] Level 5:colcon.colcon_core.verb:set package 'week1_tutorials' build argument 'cmake_force_configure' from command line to 'False'
[0.282s] Level 5:colcon.colcon_core.verb:set package 'week1_tutorials' build argument 'ament_cmake_args' from command line to 'None'
[0.282s] Level 5:colcon.colcon_core.verb:set package 'week1_tutorials' build argument 'catkin_cmake_args' from command line to 'None'
[0.282s] Level 5:colcon.colcon_core.verb:set package 'week1_tutorials' build argument 'catkin_skip_building_tests' from command line to 'False'
[0.282s] DEBUG:colcon.colcon_core.verb:Building package 'week1_tutorials' with the following arguments: {'ament_cmake_args': None, 'build_base': '/home/harshit/mrt_ws/build/week1_tutorials', 'catkin_cmake_args': None, 'catkin_skip_building_tests': False, 'cmake_args': None, 'cmake_clean_cache': False, 'cmake_clean_first': False, 'cmake_force_configure': False, 'cmake_target': None, 'cmake_target_skip_unavailable': False, 'install_base': '/home/harshit/mrt_ws/install/week1_tutorials', 'merge_install': False, 'path': '/home/harshit/mrt_ws/src/week1_tutorials', 'symlink_install': False, 'test_result_base': None}
[0.283s] Level 5:colcon.colcon_core.verb:set package 'aruco_detection' build argument 'cmake_args' from command line to 'None'
[0.283s] Level 5:colcon.colcon_core.verb:set package 'aruco_detection' build argument 'cmake_target' from command line to 'None'
[0.283s] Level 5:colcon.colcon_core.verb:set package 'aruco_detection' build argument 'cmake_target_skip_unavailable' from command line to 'False'
[0.283s] Level 5:colcon.colcon_core.verb:set package 'aruco_detection' build argument 'cmake_clean_cache' from command line to 'False'
[0.283s] Level 5:colcon.colcon_core.verb:set package 'aruco_detection' build argument 'cmake_clean_first' from command line to 'False'
[0.283s] Level 5:colcon.colcon_core.verb:set package 'aruco_detection' build argument 'cmake_force_configure' from command line to 'False'
[0.283s] Level 5:colcon.colcon_core.verb:set package 'aruco_detection' build argument 'ament_cmake_args' from command line to 'None'
[0.283s] Level 5:colcon.colcon_core.verb:set package 'aruco_detection' build argument 'catkin_cmake_args' from command line to 'None'
[0.283s] Level 5:colcon.colcon_core.verb:set package 'aruco_detection' build argument 'catkin_skip_building_tests' from command line to 'False'
[0.283s] DEBUG:colcon.colcon_core.verb:Building package 'aruco_detection' with the following arguments: {'ament_cmake_args': None, 'build_base': '/home/harshit/mrt_ws/build/aruco_detection', 'catkin_cmake_args': None, 'catkin_skip_building_tests': False, 'cmake_args': None, 'cmake_clean_cache': False, 'cmake_clean_first': False, 'cmake_force_configure': False, 'cmake_target': None, 'cmake_target_skip_unavailable': False, 'install_base': '/home/harshit/mrt_ws/install/aruco_detection', 'merge_install': False, 'path': '/home/harshit/mrt_ws/src/aruco_detection', 'symlink_install': False, 'test_result_base': None}
[0.283s] INFO:colcon.colcon_core.executor:Executing jobs using 'parallel' executor
[0.284s] DEBUG:colcon.colcon_parallel_executor.executor.parallel:run_until_complete
[0.284s] INFO:colcon.colcon_ros.task.ament_cmake.build:Building ROS package in '/home/harshit/mrt_ws/src/aruco_detection_interfaces' with build type 'ament_cmake'
[0.284s] INFO:colcon.colcon_cmake.task.cmake.build:Building CMake package in '/home/harshit/mrt_ws/src/aruco_detection_interfaces'
[0.287s] INFO:colcon.colcon_core.plugin_system:Skipping extension 'colcon_core.shell.bat': Not used on non-Windows systems
[0.287s] INFO:colcon.colcon_core.shell:Skip shell extension 'powershell' for command environment: Not usable outside of PowerShell
[0.287s] DEBUG:colcon.colcon_core.shell:Skip shell extension 'dsv' for command environment
[0.290s] INFO:colcon.colcon_ros.task.ament_python.build:Building ROS package in '/home/harshit/mrt_ws/src/assgn' with build type 'ament_python'
[0.290s] Level 1:colcon.colcon_core.shell:create_environment_hook('assgn', 'ament_prefix_path')
[0.291s] INFO:colcon.colcon_core.shell:Creating environment hook '/home/harshit/mrt_ws/install/assgn/share/assgn/hook/ament_prefix_path.ps1'
[0.291s] INFO:colcon.colcon_core.shell:Creating environment descriptor '/home/harshit/mrt_ws/install/assgn/share/assgn/hook/ament_prefix_path.dsv'
[0.292s] INFO:colcon.colcon_core.shell:Creating environment hook '/home/harshit/mrt_ws/install/assgn/share/assgn/hook/ament_prefix_path.sh'
[0.293s] INFO:colcon.colcon_core.shell:Skip shell extension 'powershell' for command environment: Not usable outside of PowerShell
[0.293s] DEBUG:colcon.colcon_core.shell:Skip shell extension 'dsv' for command environment
[0.296s] INFO:colcon.colcon_ros.task.ament_python.build:Building ROS package in '/home/harshit/mrt_ws/src/mrs_hudson' with build type 'ament_python'
[0.296s] Level 1:colcon.colcon_core.shell:create_environment_hook('mrs_hudson', 'ament_prefix_path')
[0.296s] INFO:colcon.colcon_core.shell:Creating environment hook '/home/harshit/mrt_ws/install/mrs_hudson/share/mrs_hudson/hook/ament_prefix_path.ps1'
[0.297s] INFO:colcon.colcon_core.shell:Creating environment descriptor '/home/harshit/mrt_ws/install/mrs_hudson/share/mrs_hudson/hook/ament_prefix_path.dsv'
[0.297s] INFO:colcon.colcon_core.shell:Creating environment hook '/home/harshit/mrt_ws/install/mrs_hudson/share/mrs_hudson/hook/ament_prefix_path.sh'
[0.298s] INFO:colcon.colcon_core.shell:Skip shell extension 'powershell' for command environment: Not usable outside of PowerShell
[0.298s] DEBUG:colcon.colcon_core.shell:Skip shell extension 'dsv' for command environment
[0.300s] INFO:colcon.colcon_ros.task.ament_python.build:Building ROS package in '/home/harshit/mrt_ws/src/odom_tf_publisher' with build type 'ament_python'
[0.301s] Level 1:colcon.colcon_core.shell:create_environment_hook('odom_tf_publisher', 'ament_prefix_path')
[0.301s] INFO:colcon.colcon_core.shell:Creating environment hook '/home/harshit/mrt_ws/install/odom_tf_publisher/share/odom_tf_publisher/hook/ament_prefix_path.ps1'
[0.301s] INFO:colcon.colcon_core.shell:Creating environment descriptor '/home/harshit/mrt_ws/install/odom_tf_publisher/share/odom_tf_publisher/hook/ament_prefix_path.dsv'
[0.301s] INFO:colcon.colcon_core.shell:Creating environment hook '/home/harshit/mrt_ws/install/odom_tf_publisher/share/odom_tf_publisher/hook/ament_prefix_path.sh'
[0.302s] INFO:colcon.colcon_core.shell:Skip shell extension 'powershell' for command environment: Not usable outside of PowerShell
[0.302s] DEBUG:colcon.colcon_core.shell:Skip shell extension 'dsv' for command environment
[0.305s] INFO:colcon.colcon_ros.task.ament_python.build:Building ROS package in '/home/harshit/mrt_ws/src/sauron' with build type 'ament_python'
[0.305s] Level 1:colcon.colcon_core.shell:create_environment_hook('sauron', 'ament_prefix_path')
[0.305s] INFO:colcon.colcon_core.shell:Creating environment hook '/home/harshit/mrt_ws/install/sauron/share/sauron/hook/ament_prefix_path.ps1'
[0.305s] INFO:colcon.colcon_core.shell:Creating environment descriptor '/home/harshit/mrt_ws/install/sauron/share/sauron/hook/ament_prefix_path.dsv'
[0.305s] INFO:colcon.colcon_core.shell:Creating environment hook '/home/harshit/mrt_ws/install/sauron/share/sauron/hook/ament_prefix_path.sh'
[0.306s] INFO:colcon.colcon_core.shell:Skip shell extension 'powershell' for command environment: Not usable outside of PowerShell
[0.306s] DEBUG:colcon.colcon_core.shell:Skip shell extension 'dsv' for command environment
[0.309s] INFO:colcon.colcon_ros.task.ament_python.build:Building ROS package in '/home/harshit/mrt_ws/src/week0_tutorials' with build type 'ament_python'
[0.309s] Level 1:colcon.colcon_core.shell:create_environment_hook('week0_tutorials', 'ament_prefix_path')
[0.309s] INFO:colcon.colcon_core.shell:Creating environment hook '/home/harshit/mrt_ws/install/week0_tutorials/share/week0_tutorials/hook/ament_prefix_path.ps1'
[0.309s] INFO:colcon.colcon_core.shell:Creating environment descriptor '/home/harshit/mrt_ws/install/week0_tutorials/share/week0_tutorials/hook/ament_prefix_path.dsv'
[0.310s] INFO:colcon.colcon_core.shell:Creating environment hook '/home/harshit/mrt_ws/install/week0_tutorials/share/week0_tutorials/hook/ament_prefix_path.sh'
[0.310s] INFO:colcon.colcon_core.shell:Skip shell extension 'powershell' for command environment: Not usable outside of PowerShell
[0.310s] DEBUG:colcon.colcon_core.shell:Skip shell extension 'dsv' for command environment
[0.313s] INFO:colcon.colcon_ros.task.ament_python.build:Building ROS package in '/home/harshit/mrt_ws/src/week1_tutorials' with build type 'ament_python'
[0.313s] Level 1:colcon.colcon_core.shell:create_environment_hook('week1_tutorials', 'ament_prefix_path')
[0.313s] INFO:colcon.colcon_core.shell:Creating environment hook '/home/harshit/mrt_ws/install/week1_tutorials/share/week1_tutorials/hook/ament_prefix_path.ps1'
[0.314s] INFO:colcon.colcon_core.shell:Creating environment descriptor '/home/harshit/mrt_ws/install/week1_tutorials/share/week1_tutorials/hook/ament_prefix_path.dsv'
[0.314s] INFO:colcon.colcon_core.shell:Creating environment hook '/home/harshit/mrt_ws/install/week1_tutorials/share/week1_tutorials/hook/ament_prefix_path.sh'
[0.314s] INFO:colcon.colcon_core.shell:Skip shell extension 'powershell' for command environment: Not usable outside of PowerShell
[0.315s] DEBUG:colcon.colcon_core.shell:Skip shell extension 'dsv' for command environment
[0.321s] DEBUG:colcon.colcon_core.event_handler.log_command:Invoking command in '/home/harshit/mrt_ws/build/aruco_detection_interfaces': CMAKE_PREFIX_PATH=${CMAKE_PREFIX_PATH}:/home/harshit/mrt_ws/install/week1_tutorials:/home/harshit/mrt_ws/install/week0_tutorials:/home/harshit/mrt_ws/install/sauron:/home/harshit/mrt_ws/install/odom_tf_publisher:/home/harshit/mrt_ws/install/mrs_hudson:/home/harshit/mrt_ws/install/aruco_detection:/home/harshit/urdf_rviz/install/urdf_testing:/home/harshit/urdf_rviz/install/robot_car:/opt/ros/humble /usr/bin/cmake --build /home/harshit/mrt_ws/build/aruco_detection_interfaces -- -j8 -l8
[0.519s] INFO:colcon.colcon_core.task.python.build:Building Python package in '/home/harshit/mrt_ws/src/assgn'
[0.520s] INFO:colcon.colcon_core.shell:Skip shell extension 'powershell' for command environment: Not usable outside of PowerShell
[0.520s] DEBUG:colcon.colcon_core.shell:Skip shell extension 'dsv' for command environment
[0.712s] INFO:colcon.colcon_core.task.python.build:Building Python package in '/home/harshit/mrt_ws/src/mrs_hudson'
[0.712s] INFO:colcon.colcon_core.shell:Skip shell extension 'powershell' for command environment: Not usable outside of PowerShell
[0.712s] DEBUG:colcon.colcon_core.shell:Skip shell extension 'dsv' for command environment
[0.900s] INFO:colcon.colcon_core.task.python.build:Building Python package in '/home/harshit/mrt_ws/src/odom_tf_publisher'
[0.900s] INFO:colcon.colcon_core.shell:Skip shell extension 'powershell' for command environment: Not usable outside of PowerShell
[0.900s] DEBUG:colcon.colcon_core.shell:Skip shell extension 'dsv' for command environment
[1.098s] INFO:colcon.colcon_core.task.python.build:Building Python package in '/home/harshit/mrt_ws/src/sauron'
[1.098s] INFO:colcon.colcon_core.shell:Skip shell extension 'powershell' for command environment: Not usable outside of PowerShell
[1.098s] DEBUG:colcon.colcon_core.shell:Skip shell extension 'dsv' for command environment
[1.287s] INFO:colcon.colcon_core.task.python.build:Building Python package in '/home/harshit/mrt_ws/src/week0_tutorials'
[1.288s] INFO:colcon.colcon_core.shell:Skip shell extension 'powershell' for command environment: Not usable outside of PowerShell
[1.288s] DEBUG:colcon.colcon_core.shell:Skip shell extension 'dsv' for command environment
[1.491s] INFO:colcon.colcon_core.task.python.build:Building Python package in '/home/harshit/mrt_ws/src/week1_tutorials'
[1.491s] INFO:colcon.colcon_core.shell:Skip shell extension 'powershell' for command environment: Not usable outside of PowerShell
[1.491s] DEBUG:colcon.colcon_core.shell:Skip shell extension 'dsv' for command environment
[1.495s] DEBUG:colcon.colcon_core.event_handler.log_command:Invoked command in '/home/harshit/mrt_ws/build/aruco_detection_interfaces' returned '0': CMAKE_PREFIX_PATH=${CMAKE_PREFIX_PATH}:/home/harshit/mrt_ws/install/week1_tutorials:/home/harshit/mrt_ws/install/week0_tutorials:/home/harshit/mrt_ws/install/sauron:/home/harshit/mrt_ws/install/odom_tf_publisher:/home/harshit/mrt_ws/install/mrs_hudson:/home/harshit/mrt_ws/install/aruco_detection:/home/harshit/urdf_rviz/install/urdf_testing:/home/harshit/urdf_rviz/install/robot_car:/opt/ros/humble /usr/bin/cmake --build /home/harshit/mrt_ws/build/aruco_detection_interfaces -- -j8 -l8
[1.612s] DEBUG:colcon.colcon_core.event_handler.log_command:Invoking command in '/home/harshit/mrt_ws/build/aruco_detection_interfaces': CMAKE_PREFIX_PATH=${CMAKE_PREFIX_PATH}:/home/harshit/mrt_ws/install/week1_tutorials:/home/harshit/mrt_ws/install/week0_tutorials:/home/harshit/mrt_ws/install/sauron:/home/harshit/mrt_ws/install/odom_tf_publisher:/home/harshit/mrt_ws/install/mrs_hudson:/home/harshit/mrt_ws/install/aruco_detection:/home/harshit/urdf_rviz/install/urdf_testing:/home/harshit/urdf_rviz/install/robot_car:/opt/ros/humble /usr/bin/cmake --install /home/harshit/mrt_ws/build/aruco_detection_interfaces
[1.738s] Level 1:colcon.colcon_core.environment:create_environment_scripts_only(aruco_detection_interfaces)
[1.739s] DEBUG:colcon.colcon_core.event_handler.log_command:Invoked command in '/home/harshit/mrt_ws/build/aruco_detection_interfaces' returned '0': CMAKE_PREFIX_PATH=${CMAKE_PREFIX_PATH}:/home/harshit/mrt_ws/install/week1_tutorials:/home/harshit/mrt_ws/install/week0_tutorials:/home/harshit/mrt_ws/install/sauron:/home/harshit/mrt_ws/install/odom_tf_publisher:/home/harshit/mrt_ws/install/mrs_hudson:/home/harshit/mrt_ws/install/aruco_detection:/home/harshit/urdf_rviz/install/urdf_testing:/home/harshit/urdf_rviz/install/robot_car:/opt/ros/humble /usr/bin/cmake --install /home/harshit/mrt_ws/build/aruco_detection_interfaces
[1.747s] Level 1:colcon.colcon_core.environment:checking '/home/harshit/mrt_ws/install/aruco_detection_interfaces' for CMake module files
[1.748s] Level 1:colcon.colcon_core.environment:checking '/home/harshit/mrt_ws/install/aruco_detection_interfaces' for CMake config files
[1.748s] Level 1:colcon.colcon_core.shell:create_environment_hook('aruco_detection_interfaces', 'cmake_prefix_path')
[1.749s] INFO:colcon.colcon_core.shell:Creating environment hook '/home/harshit/mrt_ws/install/aruco_detection_interfaces/share/aruco_detection_interfaces/hook/cmake_prefix_path.ps1'
[1.749s] INFO:colcon.colcon_core.shell:Creating environment descriptor '/home/harshit/mrt_ws/install/aruco_detection_interfaces/share/aruco_detection_interfaces/hook/cmake_prefix_path.dsv'
[1.750s] INFO:colcon.colcon_core.shell:Creating environment hook '/home/harshit/mrt_ws/install/aruco_detection_interfaces/share/aruco_detection_interfaces/hook/cmake_prefix_path.sh'
[1.750s] Level 1:colcon.colcon_core.environment:checking '/home/harshit/mrt_ws/install/aruco_detection_interfaces/lib'
[1.750s] Level 1:colcon.colcon_core.shell:create_environment_hook('aruco_detection_interfaces', 'ld_library_path_lib')
[1.758s] INFO:colcon.colcon_core.shell:Creating environment hook '/home/harshit/mrt_ws/install/aruco_detection_interfaces/share/aruco_detection_interfaces/hook/ld_library_path_lib.ps1'
[1.758s] INFO:colcon.colcon_core.shell:Creating environment descriptor '/home/harshit/mrt_ws/install/aruco_detection_interfaces/share/aruco_detection_interfaces/hook/ld_library_path_lib.dsv'
[1.759s] INFO:colcon.colcon_core.shell:Creating environment hook '/home/harshit/mrt_ws/install/aruco_detection_interfaces/share/aruco_detection_interfaces/hook/ld_library_path_lib.sh'
[1.759s] Level 1:colcon.colcon_core.environment:checking '/home/harshit/mrt_ws/install/aruco_detection_interfaces/bin'
[1.759s] Level 1:colcon.colcon_core.environment:checking '/home/harshit/mrt_ws/install/aruco_detection_interfaces/lib/pkgconfig/aruco_detection_interfaces.pc'
[1.760s] Level 1:colcon.colcon_core.environment:checking '/home/harshit/mrt_ws/install/aruco_detection_interfaces/lib/python3.10/site-packages'
[1.760s] Level 1:colcon.colcon_core.environment:checking '/home/harshit/mrt_ws/install/aruco_detection_interfaces/bin'
[1.760s] INFO:colcon.colcon_core.shell:Creating package script '/home/harshit/mrt_ws/install/aruco_detection_interfaces/share/aruco_detection_interfaces/package.ps1'
[1.765s] INFO:colcon.colcon_core.shell:Creating package descriptor '/home/harshit/mrt_ws/install/aruco_detection_interfaces/share/aruco_detection_interfaces/package.dsv'
[1.769s] INFO:colcon.colcon_core.shell:Creating package script '/home/harshit/mrt_ws/install/aruco_detection_interfaces/share/aruco_detection_interfaces/package.sh'
[1.770s] INFO:colcon.colcon_core.shell:Creating package script '/home/harshit/mrt_ws/install/aruco_detection_interfaces/share/aruco_detection_interfaces/package.bash'
[1.772s] INFO:colcon.colcon_core.shell:Creating package script '/home/harshit/mrt_ws/install/aruco_detection_interfaces/share/aruco_detection_interfaces/package.zsh'
[1.773s] Level 1:colcon.colcon_core.environment:create_file_with_runtime_dependencies(/home/harshit/mrt_ws/install/aruco_detection_interfaces/share/colcon-core/packages/aruco_detection_interfaces)
[1.893s] Level 1:colcon.colcon_core.environment:create_environment_scripts_only(aruco_detection_interfaces)
[1.894s] Level 1:colcon.colcon_core.environment:checking '/home/harshit/mrt_ws/install/aruco_detection_interfaces' for CMake module files
[1.895s] Level 1:colcon.colcon_core.environment:checking '/home/harshit/mrt_ws/install/aruco_detection_interfaces' for CMake config files
[1.895s] Level 1:colcon.colcon_core.shell:create_environment_hook('aruco_detection_interfaces', 'cmake_prefix_path')
[1.896s] INFO:colcon.colcon_core.shell:Creating environment hook '/home/harshit/mrt_ws/install/aruco_detection_interfaces/share/aruco_detection_interfaces/hook/cmake_prefix_path.ps1'
[1.896s] INFO:colcon.colcon_core.shell:Creating environment descriptor '/home/harshit/mrt_ws/install/aruco_detection_interfaces/share/aruco_detection_interfaces/hook/cmake_prefix_path.dsv'
[1.898s] INFO:colcon.colcon_core.shell:Creating environment hook '/home/harshit/mrt_ws/install/aruco_detection_interfaces/share/aruco_detection_interfaces/hook/cmake_prefix_path.sh'
[1.900s] Level 1:colcon.colcon_core.environment:checking '/home/harshit/mrt_ws/install/aruco_detection_interfaces/lib'
[1.900s] Level 1:colcon.colcon_core.shell:create_environment_hook('aruco_detection_interfaces', 'ld_library_path_lib')
[1.900s] INFO:colcon.colcon_core.shell:Creating environment hook '/home/harshit/mrt_ws/install/aruco_detection_interfaces/share/aruco_detection_interfaces/hook/ld_library_path_lib.ps1'
[1.901s] INFO:colcon.colcon_core.shell:Creating environment descriptor '/home/harshit/mrt_ws/install/aruco_detection_interfaces/share/aruco_detection_interfaces/hook/ld_library_path_lib.dsv'
[1.902s] INFO:colcon.colcon_core.shell:Creating environment hook '/home/harshit/mrt_ws/install/aruco_detection_interfaces/share/aruco_detection_interfaces/hook/ld_library_path_lib.sh'
[1.904s] Level 1:colcon.colcon_core.environment:checking '/home/harshit/mrt_ws/install/aruco_detection_interfaces/bin'
[1.904s] Level 1:colcon.colcon_core.environment:checking '/home/harshit/mrt_ws/install/aruco_detection_interfaces/lib/pkgconfig/aruco_detection_interfaces.pc'
[1.906s] Level 1:colcon.colcon_core.environment:checking '/home/harshit/mrt_ws/install/aruco_detection_interfaces/lib/python3.10/site-packages'
[1.906s] Level 1:colcon.colcon_core.environment:checking '/home/harshit/mrt_ws/install/aruco_detection_interfaces/bin'
[1.911s] INFO:colcon.colcon_core.shell:Creating package script '/home/harshit/mrt_ws/install/aruco_detection_interfaces/share/aruco_detection_interfaces/package.ps1'
[1.912s] INFO:colcon.colcon_core.shell:Creating package descriptor '/home/harshit/mrt_ws/install/aruco_detection_interfaces/share/aruco_detection_interfaces/package.dsv'
[1.914s] INFO:colcon.colcon_core.shell:Creating package script '/home/harshit/mrt_ws/install/aruco_detection_interfaces/share/aruco_detection_interfaces/package.sh'
[1.916s] INFO:colcon.colcon_core.shell:Creating package script '/home/harshit/mrt_ws/install/aruco_detection_interfaces/share/aruco_detection_interfaces/package.bash'
[1.917s] INFO:colcon.colcon_core.shell:Creating package script '/home/harshit/mrt_ws/install/aruco_detection_interfaces/share/aruco_detection_interfaces/package.zsh'
[1.922s] Level 1:colcon.colcon_core.environment:create_file_with_runtime_dependencies(/home/harshit/mrt_ws/install/aruco_detection_interfaces/share/colcon-core/packages/aruco_detection_interfaces)
[1.924s] INFO:colcon.colcon_ros.task.ament_python.build:Building ROS package in '/home/harshit/mrt_ws/src/aruco_detection' with build type 'ament_python'
[1.925s] Level 1:colcon.colcon_core.shell:create_environment_hook('aruco_detection', 'ament_prefix_path')
[1.926s] INFO:colcon.colcon_core.shell:Creating environment hook '/home/harshit/mrt_ws/install/aruco_detection/share/aruco_detection/hook/ament_prefix_path.ps1'
[1.927s] INFO:colcon.colcon_core.shell:Creating environment descriptor '/home/harshit/mrt_ws/install/aruco_detection/share/aruco_detection/hook/ament_prefix_path.dsv'
[1.927s] INFO:colcon.colcon_core.shell:Creating environment hook '/home/harshit/mrt_ws/install/aruco_detection/share/aruco_detection/hook/ament_prefix_path.sh'
[1.929s] INFO:colcon.colcon_core.shell:Skip shell extension 'powershell' for command environment: Not usable outside of PowerShell
[1.929s] DEBUG:colcon.colcon_core.shell:Skip shell extension 'dsv' for command environment
[1.958s] DEBUG:colcon.colcon_core.event_handler.log_command:Invoking command in '/home/harshit/mrt_ws/src/sauron': PYTHONPATH=/home/harshit/mrt_ws/build/sauron/prefix_override:/usr/lib/python3/dist-packages/colcon_core/task/python/colcon_distutils_commands:/home/harshit/mrt_ws/install/sauron/lib/python3.10/site-packages:${PYTHONPATH} /usr/bin/python3 -W ignore:setup.py install is deprecated -W ignore:easy_install command is deprecated setup.py egg_info --egg-base ../../build/sauron build --build-base /home/harshit/mrt_ws/build/sauron/build install --record /home/harshit/mrt_ws/build/sauron/install.log --single-version-externally-managed install_data
[1.974s] DEBUG:colcon.colcon_core.event_handler.log_command:Invoking command in '/home/harshit/mrt_ws/src/mrs_hudson': PYTHONPATH=/home/harshit/mrt_ws/build/mrs_hudson/prefix_override:/usr/lib/python3/dist-packages/colcon_core/task/python/colcon_distutils_commands:/home/harshit/mrt_ws/install/mrs_hudson/lib/python3.10/site-packages:${PYTHONPATH} /usr/bin/python3 -W ignore:setup.py install is deprecated -W ignore:easy_install command is deprecated setup.py egg_info --egg-base ../../build/mrs_hudson build --build-base /home/harshit/mrt_ws/build/mrs_hudson/build install --record /home/harshit/mrt_ws/build/mrs_hudson/install.log --single-version-externally-managed install_data
[2.193s] INFO:colcon.colcon_core.task.python.build:Building Python package in '/home/harshit/mrt_ws/src/aruco_detection'
[2.194s] INFO:colcon.colcon_core.shell:Skip shell extension 'powershell' for command environment: Not usable outside of PowerShell
[2.194s] DEBUG:colcon.colcon_core.shell:Skip shell extension 'dsv' for command environment
[2.201s] DEBUG:colcon.colcon_core.event_handler.log_command:Invoking command in '/home/harshit/mrt_ws/src/odom_tf_publisher': PYTHONPATH=/home/harshit/mrt_ws/build/odom_tf_publisher/prefix_override:/usr/lib/python3/dist-packages/colcon_core/task/python/colcon_distutils_commands:/home/harshit/mrt_ws/install/odom_tf_publisher/lib/python3.10/site-packages:${PYTHONPATH} /usr/bin/python3 -W ignore:setup.py install is deprecated -W ignore:easy_install command is deprecated setup.py egg_info --egg-base ../../build/odom_tf_publisher build --build-base /home/harshit/mrt_ws/build/odom_tf_publisher/build install --record /home/harshit/mrt_ws/build/odom_tf_publisher/install.log --single-version-externally-managed install_data
[2.208s] DEBUG:colcon.colcon_core.event_handler.log_command:Invoking command in '/home/harshit/mrt_ws/src/assgn': PYTHONPATH=/home/harshit/mrt_ws/build/assgn/prefix_override:/usr/lib/python3/dist-packages/colcon_core/task/python/colcon_distutils_commands:/home/harshit/mrt_ws/install/assgn/lib/python3.10/site-packages:${PYTHONPATH} /usr/bin/python3 -W ignore:setup.py install is deprecated -W ignore:easy_install command is deprecated setup.py egg_info --egg-base ../../build/assgn build --build-base /home/harshit/mrt_ws/build/assgn/build install --record /home/harshit/mrt_ws/build/assgn/install.log --single-version-externally-managed install_data
[2.210s] DEBUG:colcon.colcon_core.event_handler.log_command:Invoking command in '/home/harshit/mrt_ws/src/week1_tutorials': PYTHONPATH=/home/harshit/mrt_ws/build/week1_tutorials/prefix_override:/usr/lib/python3/dist-packages/colcon_core/task/python/colcon_distutils_commands:/home/harshit/mrt_ws/install/week1_tutorials/lib/python3.10/site-packages:${PYTHONPATH} /usr/bin/python3 -W ignore:setup.py install is deprecated -W ignore:easy_install command is deprecated setup.py egg_info --egg-base ../../build/week1_tutorials build --build-base /home/harshit/mrt_ws/build/week1_tutorials/build install --record /home/harshit/mrt_ws/build/week1_tutorials/install.log --single-version-externally-managed install_data
[2.213s] DEBUG:colcon.colcon_core.event_handler.log_command:Invoking command in '/home/harshit/mrt_ws/src/week0_tutorials': PYTHONPATH=/home/harshit/mrt_ws/build/week0_tutorials/prefix_override:/usr/lib/python3/dist-packages/colcon_core/task/python/colcon_distutils_commands:/home/harshit/mrt_ws/install/week0_tutorials/lib/python3.10/site-packages:${PYTHONPATH} /usr/bin/python3 -W ignore:setup.py install is deprecated -W ignore:easy_install command is deprecated setup.py egg_info --egg-base ../../build/week0_tutorials build --build-base /home/harshit/mrt_ws/build/week0_tutorials/build install --record /home/harshit/mrt_ws/build/week0_tutorials/install.log --single-version-externally-managed install_data
[2.225s] Level 1:colcon.colcon_core.environment:checking '/home/harshit/mrt_ws/install/mrs_hudson' for CMake module files
[2.227s] Level 1:colcon.colcon_core.environment:checking '/home/harshit/mrt_ws/install/mrs_hudson' for CMake config files
[2.226s] DEBUG:colcon.colcon_core.event_handler.log_command:Invoked command in '/home/harshit/mrt_ws/src/mrs_hudson' returned '0': PYTHONPATH=/home/harshit/mrt_ws/build/mrs_hudson/prefix_override:/usr/lib/python3/dist-packages/colcon_core/task/python/colcon_distutils_commands:/home/harshit/mrt_ws/install/mrs_hudson/lib/python3.10/site-packages:${PYTHONPATH} /usr/bin/python3 -W ignore:setup.py install is deprecated -W ignore:easy_install command is deprecated setup.py egg_info --egg-base ../../build/mrs_hudson build --build-base /home/harshit/mrt_ws/build/mrs_hudson/build install --record /home/harshit/mrt_ws/build/mrs_hudson/install.log --single-version-externally-managed install_data
[2.229s] Level 1:colcon.colcon_core.environment:checking '/home/harshit/mrt_ws/install/mrs_hudson/lib'
[2.231s] Level 1:colcon.colcon_core.environment:checking '/home/harshit/mrt_ws/install/mrs_hudson/bin'
[2.232s] Level 1:colcon.colcon_core.environment:checking '/home/harshit/mrt_ws/install/mrs_hudson/lib/pkgconfig/mrs_hudson.pc'
[2.232s] Level 1:colcon.colcon_core.environment:checking '/home/harshit/mrt_ws/install/mrs_hudson/lib/python3.10/site-packages'
[2.232s] Level 1:colcon.colcon_core.shell:create_environment_hook('mrs_hudson', 'pythonpath')
[2.232s] INFO:colcon.colcon_core.shell:Creating environment hook '/home/harshit/mrt_ws/install/mrs_hudson/share/mrs_hudson/hook/pythonpath.ps1'
[2.237s] INFO:colcon.colcon_core.shell:Creating environment descriptor '/home/harshit/mrt_ws/install/mrs_hudson/share/mrs_hudson/hook/pythonpath.dsv'
[2.237s] INFO:colcon.colcon_core.shell:Creating environment hook '/home/harshit/mrt_ws/install/mrs_hudson/share/mrs_hudson/hook/pythonpath.sh'
[2.242s] Level 1:colcon.colcon_core.environment:checking '/home/harshit/mrt_ws/install/mrs_hudson/bin'
[2.242s] Level 1:colcon.colcon_core.environment:create_environment_scripts_only(mrs_hudson)
[2.244s] INFO:colcon.colcon_core.shell:Creating package script '/home/harshit/mrt_ws/install/mrs_hudson/share/mrs_hudson/package.ps1'
[2.245s] INFO:colcon.colcon_core.shell:Creating package descriptor '/home/harshit/mrt_ws/install/mrs_hudson/share/mrs_hudson/package.dsv'
[2.246s] INFO:colcon.colcon_core.shell:Creating package script '/home/harshit/mrt_ws/install/mrs_hudson/share/mrs_hudson/package.sh'
[2.247s] INFO:colcon.colcon_core.shell:Creating package script '/home/harshit/mrt_ws/install/mrs_hudson/share/mrs_hudson/package.bash'
[2.248s] INFO:colcon.colcon_core.shell:Creating package script '/home/harshit/mrt_ws/install/mrs_hudson/share/mrs_hudson/package.zsh'
[2.249s] Level 1:colcon.colcon_core.environment:create_file_with_runtime_dependencies(/home/harshit/mrt_ws/install/mrs_hudson/share/colcon-core/packages/mrs_hudson)
[2.317s] Level 1:colcon.colcon_core.environment:checking '/home/harshit/mrt_ws/install/sauron' for CMake module files
[2.318s] DEBUG:colcon.colcon_core.event_handler.log_command:Invoked command in '/home/harshit/mrt_ws/src/sauron' returned '0': PYTHONPATH=/home/harshit/mrt_ws/build/sauron/prefix_override:/usr/lib/python3/dist-packages/colcon_core/task/python/colcon_distutils_commands:/home/harshit/mrt_ws/install/sauron/lib/python3.10/site-packages:${PYTHONPATH} /usr/bin/python3 -W ignore:setup.py install is deprecated -W ignore:easy_install command is deprecated setup.py egg_info --egg-base ../../build/sauron build --build-base /home/harshit/mrt_ws/build/sauron/build install --record /home/harshit/mrt_ws/build/sauron/install.log --single-version-externally-managed install_data
[2.318s] Level 1:colcon.colcon_core.environment:checking '/home/harshit/mrt_ws/install/sauron' for CMake config files
[2.319s] Level 1:colcon.colcon_core.environment:checking '/home/harshit/mrt_ws/install/sauron/lib'
[2.319s] Level 1:colcon.colcon_core.environment:checking '/home/harshit/mrt_ws/install/sauron/bin'
[2.319s] Level 1:colcon.colcon_core.environment:checking '/home/harshit/mrt_ws/install/sauron/lib/pkgconfig/sauron.pc'
[2.319s] Level 1:colcon.colcon_core.environment:checking '/home/harshit/mrt_ws/install/sauron/lib/python3.10/site-packages'
[2.319s] Level 1:colcon.colcon_core.shell:create_environment_hook('sauron', 'pythonpath')
[2.320s] INFO:colcon.colcon_core.shell:Creating environment hook '/home/harshit/mrt_ws/install/sauron/share/sauron/hook/pythonpath.ps1'
[2.320s] INFO:colcon.colcon_core.shell:Creating environment descriptor '/home/harshit/mrt_ws/install/sauron/share/sauron/hook/pythonpath.dsv'
[2.321s] INFO:colcon.colcon_core.shell:Creating environment hook '/home/harshit/mrt_ws/install/sauron/share/sauron/hook/pythonpath.sh'
[2.322s] Level 1:colcon.colcon_core.environment:checking '/home/harshit/mrt_ws/install/sauron/bin'
[2.322s] Level 1:colcon.colcon_core.environment:create_environment_scripts_only(sauron)
[2.322s] INFO:colcon.colcon_core.shell:Creating package script '/home/harshit/mrt_ws/install/sauron/share/sauron/package.ps1'
[2.323s] INFO:colcon.colcon_core.shell:Creating package descriptor '/home/harshit/mrt_ws/install/sauron/share/sauron/package.dsv'
[2.323s] INFO:colcon.colcon_core.shell:Creating package script '/home/harshit/mrt_ws/install/sauron/share/sauron/package.sh'
[2.324s] INFO:colcon.colcon_core.shell:Creating package script '/home/harshit/mrt_ws/install/sauron/share/sauron/package.bash'
[2.324s] INFO:colcon.colcon_core.shell:Creating package script '/home/harshit/mrt_ws/install/sauron/share/sauron/package.zsh'
[2.324s] Level 1:colcon.colcon_core.environment:create_file_with_runtime_dependencies(/home/harshit/mrt_ws/install/sauron/share/colcon-core/packages/sauron)
[2.524s] Level 1:colcon.colcon_core.environment:checking '/home/harshit/mrt_ws/install/odom_tf_publisher' for CMake module files
[2.524s] DEBUG:colcon.colcon_core.event_handler.log_command:Invoked command in '/home/harshit/mrt_ws/src/odom_tf_publisher' returned '0': PYTHONPATH=/home/harshit/mrt_ws/build/odom_tf_publisher/prefix_override:/usr/lib/python3/dist-packages/colcon_core/task/python/colcon_distutils_commands:/home/harshit/mrt_ws/install/odom_tf_publisher/lib/python3.10/site-packages:${PYTHONPATH} /usr/bin/python3 -W ignore:setup.py install is deprecated -W ignore:easy_install command is deprecated setup.py egg_info --egg-base ../../build/odom_tf_publisher build --build-base /home/harshit/mrt_ws/build/odom_tf_publisher/build install --record /home/harshit/mrt_ws/build/odom_tf_publisher/install.log --single-version-externally-managed install_data
[2.525s] Level 1:colcon.colcon_core.environment:checking '/home/harshit/mrt_ws/install/odom_tf_publisher' for CMake config files
[2.525s] Level 1:colcon.colcon_core.environment:checking '/home/harshit/mrt_ws/install/odom_tf_publisher/lib'
[2.525s] Level 1:colcon.colcon_core.environment:checking '/home/harshit/mrt_ws/install/odom_tf_publisher/bin'
[2.525s] Level 1:colcon.colcon_core.environment:checking '/home/harshit/mrt_ws/install/odom_tf_publisher/lib/pkgconfig/odom_tf_publisher.pc'
[2.525s] Level 1:colcon.colcon_core.environment:checking '/home/harshit/mrt_ws/install/odom_tf_publisher/lib/python3.10/site-packages'
[2.525s] Level 1:colcon.colcon_core.shell:create_environment_hook('odom_tf_publisher', 'pythonpath')
[2.526s] INFO:colcon.colcon_core.shell:Creating environment hook '/home/harshit/mrt_ws/install/odom_tf_publisher/share/odom_tf_publisher/hook/pythonpath.ps1'
[2.526s] INFO:colcon.colcon_core.shell:Creating environment descriptor '/home/harshit/mrt_ws/install/odom_tf_publisher/share/odom_tf_publisher/hook/pythonpath.dsv'
[2.526s] INFO:colcon.colcon_core.shell:Creating environment hook '/home/harshit/mrt_ws/install/odom_tf_publisher/share/odom_tf_publisher/hook/pythonpath.sh'
[2.527s] Level 1:colcon.colcon_core.environment:checking '/home/harshit/mrt_ws/install/odom_tf_publisher/bin'
[2.527s] Level 1:colcon.colcon_core.environment:create_environment_scripts_only(odom_tf_publisher)
[2.527s] INFO:colcon.colcon_core.shell:Creating package script '/home/harshit/mrt_ws/install/odom_tf_publisher/share/odom_tf_publisher/package.ps1'
[2.527s] INFO:colcon.colcon_core.shell:Creating package descriptor '/home/harshit/mrt_ws/install/odom_tf_publisher/share/odom_tf_publisher/package.dsv'
[2.528s] INFO:colcon.colcon_core.shell:Creating package script '/home/harshit/mrt_ws/install/odom_tf_publisher/share/odom_tf_publisher/package.sh'
[2.528s] INFO:colcon.colcon_core.shell:Creating package script '/home/harshit/mrt_ws/install/odom_tf_publisher/share/odom_tf_publisher/package.bash'
[2.528s] INFO:colcon.colcon_core.shell:Creating package script '/home/harshit/mrt_ws/install/odom_tf_publisher/share/odom_tf_publisher/package.zsh'
[2.528s] Level 1:colcon.colcon_core.environment:create_file_with_runtime_dependencies(/home/harshit/mrt_ws/install/odom_tf_publisher/share/colcon-core/packages/odom_tf_publisher)
[2.529s] Level 1:colcon.colcon_core.environment:checking '/home/harshit/mrt_ws/install/week1_tutorials' for CMake module files
[2.530s] DEBUG:colcon.colcon_core.event_handler.log_command:Invoked command in '/home/harshit/mrt_ws/src/week1_tutorials' returned '0': PYTHONPATH=/home/harshit/mrt_ws/build/week1_tutorials/prefix_override:/usr/lib/python3/dist-packages/colcon_core/task/python/colcon_distutils_commands:/home/harshit/mrt_ws/install/week1_tutorials/lib/python3.10/site-packages:${PYTHONPATH} /usr/bin/python3 -W ignore:setup.py install is deprecated -W ignore:easy_install command is deprecated setup.py egg_info --egg-base ../../build/week1_tutorials build --build-base /home/harshit/mrt_ws/build/week1_tutorials/build install --record /home/harshit/mrt_ws/build/week1_tutorials/install.log --single-version-externally-managed install_data
[2.530s] Level 1:colcon.colcon_core.environment:checking '/home/harshit/mrt_ws/install/week1_tutorials' for CMake config files
[2.531s] Level 1:colcon.colcon_core.environment:checking '/home/harshit/mrt_ws/install/week1_tutorials/lib'
[2.532s] Level 1:colcon.colcon_core.environment:checking '/home/harshit/mrt_ws/install/week1_tutorials/bin'
[2.532s] Level 1:colcon.colcon_core.environment:checking '/home/harshit/mrt_ws/install/week1_tutorials/lib/pkgconfig/week1_tutorials.pc'
[2.532s] Level 1:colcon.colcon_core.environment:checking '/home/harshit/mrt_ws/install/week1_tutorials/lib/python3.10/site-packages'
[2.532s] Level 1:colcon.colcon_core.shell:create_environment_hook('week1_tutorials', 'pythonpath')
[2.532s] INFO:colcon.colcon_core.shell:Creating environment hook '/home/harshit/mrt_ws/install/week1_tutorials/share/week1_tutorials/hook/pythonpath.ps1'
[2.532s] INFO:colcon.colcon_core.shell:Creating environment descriptor '/home/harshit/mrt_ws/install/week1_tutorials/share/week1_tutorials/hook/pythonpath.dsv'
[2.533s] INFO:colcon.colcon_core.shell:Creating environment hook '/home/harshit/mrt_ws/install/week1_tutorials/share/week1_tutorials/hook/pythonpath.sh'
[2.533s] Level 1:colcon.colcon_core.environment:checking '/home/harshit/mrt_ws/install/week1_tutorials/bin'
[2.533s] Level 1:colcon.colcon_core.environment:create_environment_scripts_only(week1_tutorials)
[2.533s] INFO:colcon.colcon_core.shell:Creating package script '/home/harshit/mrt_ws/install/week1_tutorials/share/week1_tutorials/package.ps1'
[2.534s] INFO:colcon.colcon_core.shell:Creating package descriptor '/home/harshit/mrt_ws/install/week1_tutorials/share/week1_tutorials/package.dsv'
[2.534s] INFO:colcon.colcon_core.shell:Creating package script '/home/harshit/mrt_ws/install/week1_tutorials/share/week1_tutorials/package.sh'
[2.535s] INFO:colcon.colcon_core.shell:Creating package script '/home/harshit/mrt_ws/install/week1_tutorials/share/week1_tutorials/package.bash'
[2.536s] INFO:colcon.colcon_core.shell:Creating package script '/home/harshit/mrt_ws/install/week1_tutorials/share/week1_tutorials/package.zsh'
[2.536s] Level 1:colcon.colcon_core.environment:create_file_with_runtime_dependencies(/home/harshit/mrt_ws/install/week1_tutorials/share/colcon-core/packages/week1_tutorials)
[2.580s] Level 1:colcon.colcon_core.environment:checking '/home/harshit/mrt_ws/install/assgn' for CMake module files
[2.581s] DEBUG:colcon.colcon_core.event_handler.log_command:Invoked command in '/home/harshit/mrt_ws/src/assgn' returned '0': PYTHONPATH=/home/harshit/mrt_ws/build/assgn/prefix_override:/usr/lib/python3/dist-packages/colcon_core/task/python/colcon_distutils_commands:/home/harshit/mrt_ws/install/assgn/lib/python3.10/site-packages:${PYTHONPATH} /usr/bin/python3 -W ignore:setup.py install is deprecated -W ignore:easy_install command is deprecated setup.py egg_info --egg-base ../../build/assgn build --build-base /home/harshit/mrt_ws/build/assgn/build install --record /home/harshit/mrt_ws/build/assgn/install.log --single-version-externally-managed install_data
[2.581s] Level 1:colcon.colcon_core.environment:checking '/home/harshit/mrt_ws/install/assgn' for CMake config files
[2.581s] Level 1:colcon.colcon_core.environment:checking '/home/harshit/mrt_ws/install/assgn/lib'
[2.581s] Level 1:colcon.colcon_core.environment:checking '/home/harshit/mrt_ws/install/assgn/bin'
[2.581s] Level 1:colcon.colcon_core.environment:checking '/home/harshit/mrt_ws/install/assgn/lib/pkgconfig/assgn.pc'
[2.582s] Level 1:colcon.colcon_core.environment:checking '/home/harshit/mrt_ws/install/assgn/lib/python3.10/site-packages'
[2.582s] Level 1:colcon.colcon_core.shell:create_environment_hook('assgn', 'pythonpath')
[2.582s] INFO:colcon.colcon_core.shell:Creating environment hook '/home/harshit/mrt_ws/install/assgn/share/assgn/hook/pythonpath.ps1'
[2.582s] INFO:colcon.colcon_core.shell:Creating environment descriptor '/home/harshit/mrt_ws/install/assgn/share/assgn/hook/pythonpath.dsv'
[2.583s] INFO:colcon.colcon_core.shell:Creating environment hook '/home/harshit/mrt_ws/install/assgn/share/assgn/hook/pythonpath.sh'
[2.583s] Level 1:colcon.colcon_core.environment:checking '/home/harshit/mrt_ws/install/assgn/bin'
[2.583s] Level 1:colcon.colcon_core.environment:create_environment_scripts_only(assgn)
[2.583s] INFO:colcon.colcon_core.shell:Creating package script '/home/harshit/mrt_ws/install/assgn/share/assgn/package.ps1'
[2.584s] INFO:colcon.colcon_core.shell:Creating package descriptor '/home/harshit/mrt_ws/install/assgn/share/assgn/package.dsv'
[2.584s] INFO:colcon.colcon_core.shell:Creating package script '/home/harshit/mrt_ws/install/assgn/share/assgn/package.sh'
[2.584s] INFO:colcon.colcon_core.shell:Creating package script '/home/harshit/mrt_ws/install/assgn/share/assgn/package.bash'
[2.584s] INFO:colcon.colcon_core.shell:Creating package script '/home/harshit/mrt_ws/install/assgn/share/assgn/package.zsh'
[2.585s] Level 1:colcon.colcon_core.environment:create_file_with_runtime_dependencies(/home/harshit/mrt_ws/install/assgn/share/colcon-core/packages/assgn)
[2.602s] Level 1:colcon.colcon_core.environment:checking '/home/harshit/mrt_ws/install/week0_tutorials' for CMake module files
[2.603s] DEBUG:colcon.colcon_core.event_handler.log_command:Invoked command in '/home/harshit/mrt_ws/src/week0_tutorials' returned '0': PYTHONPATH=/home/harshit/mrt_ws/build/week0_tutorials/prefix_override:/usr/lib/python3/dist-packages/colcon_core/task/python/colcon_distutils_commands:/home/harshit/mrt_ws/install/week0_tutorials/lib/python3.10/site-packages:${PYTHONPATH} /usr/bin/python3 -W ignore:setup.py install is deprecated -W ignore:easy_install command is deprecated setup.py egg_info --egg-base ../../build/week0_tutorials build --build-base /home/harshit/mrt_ws/build/week0_tutorials/build install --record /home/harshit/mrt_ws/build/week0_tutorials/install.log --single-version-externally-managed install_data
[2.603s] Level 1:colcon.colcon_core.environment:checking '/home/harshit/mrt_ws/install/week0_tutorials' for CMake config files
[2.604s] Level 1:colcon.colcon_core.environment:checking '/home/harshit/mrt_ws/install/week0_tutorials/lib'
[2.604s] Level 1:colcon.colcon_core.environment:checking '/home/harshit/mrt_ws/install/week0_tutorials/bin'
[2.604s] Level 1:colcon.colcon_core.environment:checking '/home/harshit/mrt_ws/install/week0_tutorials/lib/pkgconfig/week0_tutorials.pc'
[2.604s] Level 1:colcon.colcon_core.environment:checking '/home/harshit/mrt_ws/install/week0_tutorials/lib/python3.10/site-packages'
[2.604s] Level 1:colcon.colcon_core.shell:create_environment_hook('week0_tutorials', 'pythonpath')
[2.604s] INFO:colcon.colcon_core.shell:Creating environment hook '/home/harshit/mrt_ws/install/week0_tutorials/share/week0_tutorials/hook/pythonpath.ps1'
[2.605s] INFO:colcon.colcon_core.shell:Creating environment descriptor '/home/harshit/mrt_ws/install/week0_tutorials/share/week0_tutorials/hook/pythonpath.dsv'
[2.605s] INFO:colcon.colcon_core.shell:Creating environment hook '/home/harshit/mrt_ws/install/week0_tutorials/share/week0_tutorials/hook/pythonpath.sh'
[2.605s] Level 1:colcon.colcon_core.environment:checking '/home/harshit/mrt_ws/install/week0_tutorials/bin'
[2.605s] Level 1:colcon.colcon_core.environment:create_environment_scripts_only(week0_tutorials)
[2.605s] INFO:colcon.colcon_core.shell:Creating package script '/home/harshit/mrt_ws/install/week0_tutorials/share/week0_tutorials/package.ps1'
[2.606s] INFO:colcon.colcon_core.shell:Creating package descriptor '/home/harshit/mrt_ws/install/week0_tutorials/share/week0_tutorials/package.dsv'
[2.606s] INFO:colcon.colcon_core.shell:Creating package script '/home/harshit/mrt_ws/install/week0_tutorials/share/week0_tutorials/package.sh'
[2.606s] INFO:colcon.colcon_core.shell:Creating package script '/home/harshit/mrt_ws/install/week0_tutorials/share/week0_tutorials/package.bash'
[2.607s] INFO:colcon.colcon_core.shell:Creating package script '/home/harshit/mrt_ws/install/week0_tutorials/share/week0_tutorials/package.zsh'
[2.607s] Level 1:colcon.colcon_core.environment:create_file_with_runtime_dependencies(/home/harshit/mrt_ws/install/week0_tutorials/share/colcon-core/packages/week0_tutorials)
[2.609s] DEBUG:colcon.colcon_core.event_handler.log_command:Invoking command in '/home/harshit/mrt_ws/src/aruco_detection': PYTHONPATH=/home/harshit/mrt_ws/build/aruco_detection/prefix_override:/usr/lib/python3/dist-packages/colcon_core/task/python/colcon_distutils_commands:/home/harshit/mrt_ws/install/aruco_detection/lib/python3.10/site-packages:${PYTHONPATH} /usr/bin/python3 -W ignore:setup.py install is deprecated -W ignore:easy_install command is deprecated setup.py egg_info --egg-base ../../build/aruco_detection build --build-base /home/harshit/mrt_ws/build/aruco_detection/build install --record /home/harshit/mrt_ws/build/aruco_detection/install.log --single-version-externally-managed install_data
[2.850s] Level 1:colcon.colcon_core.environment:checking '/home/harshit/mrt_ws/install/aruco_detection' for CMake module files
[2.850s] DEBUG:colcon.colcon_core.event_handler.log_command:Invoked command in '/home/harshit/mrt_ws/src/aruco_detection' returned '0': PYTHONPATH=/home/harshit/mrt_ws/build/aruco_detection/prefix_override:/usr/lib/python3/dist-packages/colcon_core/task/python/colcon_distutils_commands:/home/harshit/mrt_ws/install/aruco_detection/lib/python3.10/site-packages:${PYTHONPATH} /usr/bin/python3 -W ignore:setup.py install is deprecated -W ignore:easy_install command is deprecated setup.py egg_info --egg-base ../../build/aruco_detection build --build-base /home/harshit/mrt_ws/build/aruco_detection/build install --record /home/harshit/mrt_ws/build/aruco_detection/install.log --single-version-externally-managed install_data
[2.850s] Level 1:colcon.colcon_core.environment:checking '/home/harshit/mrt_ws/install/aruco_detection' for CMake config files
[2.851s] Level 1:colcon.colcon_core.environment:checking '/home/harshit/mrt_ws/install/aruco_detection/lib'
[2.851s] Level 1:colcon.colcon_core.environment:checking '/home/harshit/mrt_ws/install/aruco_detection/bin'
[2.851s] Level 1:colcon.colcon_core.environment:checking '/home/harshit/mrt_ws/install/aruco_detection/lib/pkgconfig/aruco_detection.pc'
[2.851s] Level 1:colcon.colcon_core.environment:checking '/home/harshit/mrt_ws/install/aruco_detection/lib/python3.10/site-packages'
[2.851s] Level 1:colcon.colcon_core.shell:create_environment_hook('aruco_detection', 'pythonpath')
[2.851s] INFO:colcon.colcon_core.shell:Creating environment hook '/home/harshit/mrt_ws/install/aruco_detection/share/aruco_detection/hook/pythonpath.ps1'
[2.852s] INFO:colcon.colcon_core.shell:Creating environment descriptor '/home/harshit/mrt_ws/install/aruco_detection/share/aruco_detection/hook/pythonpath.dsv'
[2.852s] INFO:colcon.colcon_core.shell:Creating environment hook '/home/harshit/mrt_ws/install/aruco_detection/share/aruco_detection/hook/pythonpath.sh'
[2.853s] Level 1:colcon.colcon_core.environment:checking '/home/harshit/mrt_ws/install/aruco_detection/bin'
[2.853s] Level 1:colcon.colcon_core.environment:create_environment_scripts_only(aruco_detection)
[2.853s] INFO:colcon.colcon_core.shell:Creating package script '/home/harshit/mrt_ws/install/aruco_detection/share/aruco_detection/package.ps1'
[2.853s] INFO:colcon.colcon_core.shell:Creating package descriptor '/home/harshit/mrt_ws/install/aruco_detection/share/aruco_detection/package.dsv'
[2.854s] INFO:colcon.colcon_core.shell:Creating package script '/home/harshit/mrt_ws/install/aruco_detection/share/aruco_detection/package.sh'
[2.854s] INFO:colcon.colcon_core.shell:Creating package script '/home/harshit/mrt_ws/install/aruco_detection/share/aruco_detection/package.bash'
[2.854s] INFO:colcon.colcon_core.shell:Creating package script '/home/harshit/mrt_ws/install/aruco_detection/share/aruco_detection/package.zsh'
[2.855s] Level 1:colcon.colcon_core.environment:create_file_with_runtime_dependencies(/home/harshit/mrt_ws/install/aruco_detection/share/colcon-core/packages/aruco_detection)
[2.855s] DEBUG:colcon.colcon_parallel_executor.executor.parallel:closing loop
[2.855s] DEBUG:colcon.colcon_parallel_executor.executor.parallel:loop closed
[2.855s] DEBUG:colcon.colcon_parallel_executor.executor.parallel:run_until_complete finished with '0'
[2.855s] DEBUG:colcon.colcon_core.event_reactor:joining thread
[2.861s] INFO:colcon.colcon_core.plugin_system:Skipping extension 'colcon_notification.desktop_notification.terminal_notifier': Not used on non-Darwin systems
[2.861s] INFO:colcon.colcon_core.plugin_system:Skipping extension 'colcon_notification.desktop_notification.win32': Not used on non-Windows systems
[2.861s] INFO:colcon.colcon_notification.desktop_notification:Sending desktop notification using 'notify2'
[2.879s] DEBUG:colcon.colcon_core.event_reactor:joined thread
[2.880s] INFO:colcon.colcon_core.shell:Creating prefix script '/home/harshit/mrt_ws/install/local_setup.ps1'
[2.881s] INFO:colcon.colcon_core.shell:Creating prefix util module '/home/harshit/mrt_ws/install/_local_setup_util_ps1.py'
[2.882s] INFO:colcon.colcon_core.shell:Creating prefix chain script '/home/harshit/mrt_ws/install/setup.ps1'
[2.884s] INFO:colcon.colcon_core.shell:Creating prefix script '/home/harshit/mrt_ws/install/local_setup.sh'
[2.885s] INFO:colcon.colcon_core.shell:Creating prefix util module '/home/harshit/mrt_ws/install/_local_setup_util_sh.py'
[2.885s] INFO:colcon.colcon_core.shell:Creating prefix chain script '/home/harshit/mrt_ws/install/setup.sh'
[2.887s] INFO:colcon.colcon_core.shell:Creating prefix script '/home/harshit/mrt_ws/install/local_setup.bash'
[2.888s] INFO:colcon.colcon_core.shell:Creating prefix chain script '/home/harshit/mrt_ws/install/setup.bash'
[2.890s] INFO:colcon.colcon_core.shell:Creating prefix script '/home/harshit/mrt_ws/install/local_setup.zsh'
[2.891s] INFO:colcon.colcon_core.shell:Creating prefix chain script '/home/harshit/mrt_ws/install/setup.zsh'
