[1.176s] Invoking command in '/home/harshit/mrt_ws/build/week1_tutorials': PYTHONPATH=/home/harshit/mrt_ws/build/week1_tutorials/prefix_override:/usr/lib/python3/dist-packages/colcon_core/task/python/colcon_distutils_commands:/home/harshit/mrt_ws/install/week1_tutorials/lib/python3.10/site-packages:${PYTHONPATH} /usr/bin/python3 -W ignore:setup.py install is deprecated -W ignore:easy_install command is deprecated setup.py develop --editable --build-directory /home/harshit/mrt_ws/build/week1_tutorials/build --no-deps symlink_data --force
[1.832s] running develop
[2.224s] running egg_info
[2.224s] writing week1_tutorials.egg-info/PKG-INFO
[2.224s] writing dependency_links to week1_tutorials.egg-info/dependency_links.txt
[2.225s] writing entry points to week1_tutorials.egg-info/entry_points.txt
[2.225s] writing requirements to week1_tutorials.egg-info/requires.txt
[2.227s] writing top-level names to week1_tutorials.egg-info/top_level.txt
[2.229s] reading manifest file 'week1_tutorials.egg-info/SOURCES.txt'
[2.230s] writing manifest file 'week1_tutorials.egg-info/SOURCES.txt'
[2.280s] running build_ext
[2.280s] Creating /home/harshit/mrt_ws/install/week1_tutorials/lib/python3.10/site-packages/week1-tutorials.egg-link (link to .)
[2.282s] 
[2.282s] Installed /home/harshit/mrt_ws/build/week1_tutorials
[2.282s] running symlink_data
[2.283s] symbolically linking /home/harshit/mrt_ws/build/week1_tutorials/resource/week1_tutorials -> /home/harshit/mrt_ws/install/week1_tutorials/share/ament_index/resource_index/packages
[2.283s] symbolically linking /home/harshit/mrt_ws/build/week1_tutorials/package.xml -> /home/harshit/mrt_ws/install/week1_tutorials/share/week1_tutorials
[2.283s] symbolically linking /home/harshit/mrt_ws/build/week1_tutorials/models/cub_world.sdf -> /home/harshit/mrt_ws/install/week1_tutorials/share/week1_tutorials/models
[2.285s] symbolically linking /home/harshit/mrt_ws/build/week1_tutorials/launch/cub.launch.py -> /home/harshit/mrt_ws/install/week1_tutorials/share/week1_tutorials/launch
[2.285s] symbolically linking /home/harshit/mrt_ws/build/week1_tutorials/launch/custom_rviz.launch.py -> /home/harshit/mrt_ws/install/week1_tutorials/share/week1_tutorials/launch
