[0.008s] Invoking command in '/home/harshit/mrt_ws/arm_workspace/build/msg_interfaces': CMAKE_PREFIX_PATH=${CMAKE_PREFIX_PATH}:/home/harshit/mrt_ws/arm_workspace/install/arm_pos_control:/home/harshit/mrt_ws/install/week1_tutorials:/home/harshit/mrt_ws/install/week0_tutorials:/home/harshit/mrt_ws/install/sauron:/home/harshit/mrt_ws/install/odom_tf_publisher:/home/harshit/mrt_ws/install/mrs_hudson:/home/harshit/mrt_ws/install/assgn:/home/harshit/mrt_ws/install/aruco_detection:/home/harshit/urdf_rviz/install/urdf_testing:/home/harshit/urdf_rviz/install/robot_car:/opt/ros/humble /usr/bin/cmake --build /home/harshit/mrt_ws/arm_workspace/build/msg_interfaces -- -j8 -l8
[0.011s] gmake: Warning: File 'Makefile' has modification time 17498 s in the future
[0.018s] gmake[1]: Warning: File 'CMakeFiles/Makefile2' has modification time 17498 s in the future
[0.019s] gmake[2]: Warning: File 'CMakeFiles/msg_interfaces__cpp.dir/progress.make' has modification time 17498 s in the future
[0.019s] gmake[2]: Warning: File 'CMakeFiles/ament_cmake_python_symlink_msg_interfaces.dir/progress.make' has modification time 17498 s in the future
[0.019s] gmake[2]: Warning: File 'CMakeFiles/msg_interfaces__rosidl_generator_c.dir/progress.make' has modification time 17498 s in the future
[0.022s] gmake[2]: warning:  Clock skew detected.  Your build may be incomplete.
[0.022s] gmake[2]: warning:  Clock skew detected.  Your build may be incomplete.
[0.022s] gmake[2]: warning:  Clock skew detected.  Your build may be incomplete.
[0.023s] gmake[2]: Warning: File 'CMakeFiles/ament_cmake_python_symlink_msg_interfaces.dir/progress.make' has modification time 17498 s in the future
[0.023s] gmake[2]: Warning: File 'CMakeFiles/msg_interfaces__cpp.dir/progress.make' has modification time 17498 s in the future
[0.023s] gmake[2]: warning:  Clock skew detected.  Your build may be incomplete.
[0.023s] gmake[2]: Warning: File 'CMakeFiles/msg_interfaces__rosidl_generator_c.dir/progress.make' has modification time 17498 s in the future
[0.023s] gmake[2]: warning:  Clock skew detected.  Your build may be incomplete.
[0.025s] gmake[2]: warning:  Clock skew detected.  Your build may be incomplete.
[0.025s] [  4%] Built target msg_interfaces__cpp
[0.025s] [ 12%] Built target msg_interfaces__rosidl_generator_c
[0.028s] gmake[2]: Warning: File 'CMakeFiles/msg_interfaces__rosidl_typesupport_cpp.dir/progress.make' has modification time 17498 s in the future
[0.028s] gmake[2]: Warning: File 'CMakeFiles/msg_interfaces__rosidl_typesupport_introspection_c.dir/progress.make' has modification time 17498 s in the future
[0.028s] gmake[2]: Warning: File 'CMakeFiles/msg_interfaces__rosidl_typesupport_introspection_cpp.dir/progress.make' has modification time 17498 s in the future
[0.028s] gmake[2]: Warning: File 'CMakeFiles/msg_interfaces__rosidl_typesupport_c.dir/progress.make' has modification time 17498 s in the future
[0.028s] [ 12%] Built target ament_cmake_python_symlink_msg_interfaces
[0.028s] gmake[2]: Warning: File 'CMakeFiles/msg_interfaces__rosidl_typesupport_fastrtps_c.dir/progress.make' has modification time 17498 s in the future
[0.028s] gmake[2]: Warning: File 'CMakeFiles/msg_interfaces__rosidl_typesupport_fastrtps_cpp.dir/progress.make' has modification time 17498 s in the future
[0.029s] gmake[2]: Warning: File 'CMakeFiles/ament_cmake_python_build_msg_interfaces_egg.dir/progress.make' has modification time 17498 s in the future
[0.032s] gmake[2]: warning:  Clock skew detected.  Your build may be incomplete.
[0.032s] gmake[2]: warning:  Clock skew detected.  Your build may be incomplete.
[0.032s] gmake[2]: warning:  Clock skew detected.  Your build may be incomplete.
[0.032s] gmake[2]: warning:  Clock skew detected.  Your build may be incomplete.
[0.032s] gmake[2]: warning:  Clock skew detected.  Your build may be incomplete.
[0.032s] gmake[2]: warning:  Clock skew detected.  Your build may be incomplete.
[0.033s] gmake[2]: warning:  Clock skew detected.  Your build may be incomplete.
[0.033s] gmake[2]: Warning: File 'CMakeFiles/msg_interfaces__rosidl_typesupport_c.dir/progress.make' has modification time 17498 s in the future
[0.033s] gmake[2]: warning:  Clock skew detected.  Your build may be incomplete.
[0.033s] gmake[2]: Warning: File 'CMakeFiles/msg_interfaces__rosidl_typesupport_introspection_cpp.dir/progress.make' has modification time 17498 s in the future
[0.033s] gmake[2]: Warning: File 'CMakeFiles/msg_interfaces__rosidl_typesupport_introspection_c.dir/progress.make' has modification time 17498 s in the future
[0.034s] gmake[2]: Warning: File 'CMakeFiles/msg_interfaces__rosidl_typesupport_cpp.dir/progress.make' has modification time 17498 s in the future
[0.034s] gmake[2]: warning:  Clock skew detected.  Your build may be incomplete.
[0.034s] gmake[2]: warning:  Clock skew detected.  Your build may be incomplete.
[0.034s] gmake[2]: Warning: File 'CMakeFiles/ament_cmake_python_build_msg_interfaces_egg.dir/progress.make' has modification time 17498 s in the future
[0.034s] gmake[2]: Warning: File 'CMakeFiles/msg_interfaces__rosidl_typesupport_fastrtps_c.dir/progress.make' has modification time 17498 s in the future
[0.034s] gmake[2]: warning:  Clock skew detected.  Your build may be incomplete.
[0.034s] gmake[2]: Warning: File 'CMakeFiles/msg_interfaces__rosidl_typesupport_fastrtps_cpp.dir/progress.make' has modification time 17498 s in the future
[0.034s] gmake[2]: warning:  Clock skew detected.  Your build may be incomplete.
[0.034s] gmake[2]: warning:  Clock skew detected.  Your build may be incomplete.
[0.037s] [ 27%] Built target msg_interfaces__rosidl_typesupport_c
[0.038s] [ 34%] Built target msg_interfaces__rosidl_typesupport_cpp
[0.038s] [ 44%] Built target msg_interfaces__rosidl_typesupport_introspection_cpp
[0.038s] [ 65%] Built target msg_interfaces__rosidl_typesupport_introspection_c
[0.038s] [ 65%] Built target msg_interfaces__rosidl_typesupport_fastrtps_c
[0.038s] [ 76%] Built target msg_interfaces__rosidl_typesupport_fastrtps_cpp
[0.039s] gmake[2]: Warning: File 'CMakeFiles/msg_interfaces.dir/progress.make' has modification time 17498 s in the future
[0.042s] gmake[2]: warning:  Clock skew detected.  Your build may be incomplete.
[0.043s] gmake[2]: Warning: File 'CMakeFiles/msg_interfaces.dir/progress.make' has modification time 17498 s in the future
[0.043s] gmake[2]: warning:  Clock skew detected.  Your build may be incomplete.
[0.045s] [ 76%] Built target msg_interfaces
[0.047s] gmake[2]: Warning: File '/home/harshit/mrt_ws/arm_workspace/build/msg_interfaces/msg_interfaces__py/CMakeFiles/msg_interfaces__py.dir/progress.make' has modification time 17498 s in the future
[0.050s] gmake[2]: warning:  Clock skew detected.  Your build may be incomplete.
[0.050s] gmake[2]: Warning: File '/home/harshit/mrt_ws/arm_workspace/build/msg_interfaces/msg_interfaces__py/CMakeFiles/msg_interfaces__py.dir/progress.make' has modification time 17498 s in the future
[0.050s] gmake[2]: warning:  Clock skew detected.  Your build may be incomplete.
[0.053s] [ 78%] Built target msg_interfaces__py
[0.055s] gmake[2]: Warning: File 'CMakeFiles/msg_interfaces__rosidl_generator_py.dir/progress.make' has modification time 17498 s in the future
[0.058s] gmake[2]: warning:  Clock skew detected.  Your build may be incomplete.
[0.059s] gmake[2]: Warning: File 'CMakeFiles/msg_interfaces__rosidl_generator_py.dir/progress.make' has modification time 17498 s in the future
[0.059s] gmake[2]: warning:  Clock skew detected.  Your build may be incomplete.
[0.062s] [ 87%] Built target msg_interfaces__rosidl_generator_py
[0.064s] gmake[2]: Warning: File 'CMakeFiles/msg_interfaces__rosidl_typesupport_fastrtps_c__pyext.dir/progress.make' has modification time 17498 s in the future
[0.064s] gmake[2]: Warning: File 'CMakeFiles/msg_interfaces__rosidl_typesupport_introspection_c__pyext.dir/progress.make' has modification time 17498 s in the future
[0.064s] gmake[2]: Warning: File 'CMakeFiles/msg_interfaces__rosidl_typesupport_c__pyext.dir/progress.make' has modification time 17498 s in the future
[0.067s] gmake[2]: warning:  Clock skew detected.  Your build may be incomplete.
[0.067s] gmake[2]: warning:  Clock skew detected.  Your build may be incomplete.
[0.067s] gmake[2]: warning:  Clock skew detected.  Your build may be incomplete.
[0.068s] gmake[2]: Warning: File 'CMakeFiles/msg_interfaces__rosidl_typesupport_fastrtps_c__pyext.dir/progress.make' has modification time 17498 s in the future
[0.068s] gmake[2]: Warning: File 'CMakeFiles/msg_interfaces__rosidl_typesupport_introspection_c__pyext.dir/progress.make' has modification time 17498 s in the future
[0.068s] gmake[2]: Warning: File 'CMakeFiles/msg_interfaces__rosidl_typesupport_c__pyext.dir/progress.make' has modification time 17498 s in the future
[0.068s] gmake[2]: warning:  Clock skew detected.  Your build may be incomplete.
[0.068s] gmake[2]: warning:  Clock skew detected.  Your build may be incomplete.
[0.068s] gmake[2]: warning:  Clock skew detected.  Your build may be incomplete.
[0.071s] [ 97%] Built target msg_interfaces__rosidl_typesupport_fastrtps_c__pyext
[0.071s] [100%] Built target msg_interfaces__rosidl_typesupport_introspection_c__pyext
[0.071s] [100%] Built target msg_interfaces__rosidl_typesupport_c__pyext
[0.203s] running egg_info
[0.204s] writing msg_interfaces.egg-info/PKG-INFO
[0.204s] writing dependency_links to msg_interfaces.egg-info/dependency_links.txt
[0.204s] writing top-level names to msg_interfaces.egg-info/top_level.txt
[0.206s] reading manifest file 'msg_interfaces.egg-info/SOURCES.txt'
[0.206s] writing manifest file 'msg_interfaces.egg-info/SOURCES.txt'
[0.221s] gmake[2]: warning:  Clock skew detected.  Your build may be incomplete.
[0.223s] [100%] Built target ament_cmake_python_build_msg_interfaces_egg
[0.224s] gmake[1]: warning:  Clock skew detected.  Your build may be incomplete.
[0.226s] gmake: warning:  Clock skew detected.  Your build may be incomplete.
[0.227s] Invoked command in '/home/harshit/mrt_ws/arm_workspace/build/msg_interfaces' returned '0': CMAKE_PREFIX_PATH=${CMAKE_PREFIX_PATH}:/home/harshit/mrt_ws/arm_workspace/install/arm_pos_control:/home/harshit/mrt_ws/install/week1_tutorials:/home/harshit/mrt_ws/install/week0_tutorials:/home/harshit/mrt_ws/install/sauron:/home/harshit/mrt_ws/install/odom_tf_publisher:/home/harshit/mrt_ws/install/mrs_hudson:/home/harshit/mrt_ws/install/assgn:/home/harshit/mrt_ws/install/aruco_detection:/home/harshit/urdf_rviz/install/urdf_testing:/home/harshit/urdf_rviz/install/robot_car:/opt/ros/humble /usr/bin/cmake --build /home/harshit/mrt_ws/arm_workspace/build/msg_interfaces -- -j8 -l8
[0.231s] Invoking command in '/home/harshit/mrt_ws/arm_workspace/build/msg_interfaces': CMAKE_PREFIX_PATH=${CMAKE_PREFIX_PATH}:/home/harshit/mrt_ws/arm_workspace/install/arm_pos_control:/home/harshit/mrt_ws/install/week1_tutorials:/home/harshit/mrt_ws/install/week0_tutorials:/home/harshit/mrt_ws/install/sauron:/home/harshit/mrt_ws/install/odom_tf_publisher:/home/harshit/mrt_ws/install/mrs_hudson:/home/harshit/mrt_ws/install/assgn:/home/harshit/mrt_ws/install/aruco_detection:/home/harshit/urdf_rviz/install/urdf_testing:/home/harshit/urdf_rviz/install/robot_car:/opt/ros/humble /usr/bin/cmake --install /home/harshit/mrt_ws/arm_workspace/build/msg_interfaces
[0.234s] -- Install configuration: ""
[0.234s] -- Execute custom install script
[0.234s] -- Up-to-date symlink: /home/harshit/mrt_ws/arm_workspace/install/msg_interfaces/share/ament_index/resource_index/rosidl_interfaces/msg_interfaces
[0.234s] -- Up-to-date symlink: /home/harshit/mrt_ws/arm_workspace/install/msg_interfaces/include/msg_interfaces/msg_interfaces/msg/arm_end_motion.h
[0.234s] -- Up-to-date symlink: /home/harshit/mrt_ws/arm_workspace/install/msg_interfaces/include/msg_interfaces/msg_interfaces/msg/detail/arm_end_motion__functions.h
[0.234s] -- Up-to-date symlink: /home/harshit/mrt_ws/arm_workspace/install/msg_interfaces/include/msg_interfaces/msg_interfaces/msg/detail/arm_end_motion__struct.h
[0.234s] -- Up-to-date symlink: /home/harshit/mrt_ws/arm_workspace/install/msg_interfaces/include/msg_interfaces/msg_interfaces/msg/detail/arm_end_motion__type_support.h
[0.235s] -- Up-to-date symlink: /home/harshit/mrt_ws/arm_workspace/install/msg_interfaces/include/msg_interfaces/msg_interfaces/msg/detail/encoder_arm__functions.h
[0.235s] -- Up-to-date symlink: /home/harshit/mrt_ws/arm_workspace/install/msg_interfaces/include/msg_interfaces/msg_interfaces/msg/detail/encoder_arm__struct.h
[0.235s] -- Up-to-date symlink: /home/harshit/mrt_ws/arm_workspace/install/msg_interfaces/include/msg_interfaces/msg_interfaces/msg/detail/encoder_arm__type_support.h
[0.235s] -- Up-to-date symlink: /home/harshit/mrt_ws/arm_workspace/install/msg_interfaces/include/msg_interfaces/msg_interfaces/msg/detail/user_command__functions.h
[0.235s] -- Up-to-date symlink: /home/harshit/mrt_ws/arm_workspace/install/msg_interfaces/include/msg_interfaces/msg_interfaces/msg/detail/user_command__struct.h
[0.235s] -- Up-to-date symlink: /home/harshit/mrt_ws/arm_workspace/install/msg_interfaces/include/msg_interfaces/msg_interfaces/msg/detail/user_command__type_support.h
[0.235s] -- Up-to-date symlink: /home/harshit/mrt_ws/arm_workspace/install/msg_interfaces/include/msg_interfaces/msg_interfaces/msg/encoder_arm.h
[0.235s] -- Up-to-date symlink: /home/harshit/mrt_ws/arm_workspace/install/msg_interfaces/include/msg_interfaces/msg_interfaces/msg/rosidl_generator_c__visibility_control.h
[0.235s] -- Up-to-date symlink: /home/harshit/mrt_ws/arm_workspace/install/msg_interfaces/include/msg_interfaces/msg_interfaces/msg/user_command.h
[0.235s] -- Up-to-date symlink: /home/harshit/mrt_ws/arm_workspace/install/msg_interfaces/share/msg_interfaces/environment/library_path.sh
[0.235s] -- Up-to-date symlink: /home/harshit/mrt_ws/arm_workspace/install/msg_interfaces/share/msg_interfaces/environment/library_path.dsv
[0.235s] -- Up-to-date symlink: /home/harshit/mrt_ws/arm_workspace/install/msg_interfaces/include/msg_interfaces/msg_interfaces/msg/detail/arm_end_motion__rosidl_typesupport_fastrtps_c.h
[0.235s] -- Up-to-date symlink: /home/harshit/mrt_ws/arm_workspace/install/msg_interfaces/include/msg_interfaces/msg_interfaces/msg/detail/encoder_arm__rosidl_typesupport_fastrtps_c.h
[0.235s] -- Up-to-date symlink: /home/harshit/mrt_ws/arm_workspace/install/msg_interfaces/include/msg_interfaces/msg_interfaces/msg/detail/user_command__rosidl_typesupport_fastrtps_c.h
[0.235s] -- Up-to-date symlink: /home/harshit/mrt_ws/arm_workspace/install/msg_interfaces/include/msg_interfaces/msg_interfaces/msg/rosidl_typesupport_fastrtps_c__visibility_control.h
[0.236s] -- Up-to-date symlink: /home/harshit/mrt_ws/arm_workspace/install/msg_interfaces/include/msg_interfaces/msg_interfaces/msg/detail/arm_end_motion__rosidl_typesupport_introspection_c.h
[0.236s] -- Up-to-date symlink: /home/harshit/mrt_ws/arm_workspace/install/msg_interfaces/include/msg_interfaces/msg_interfaces/msg/detail/encoder_arm__rosidl_typesupport_introspection_c.h
[0.236s] -- Up-to-date symlink: /home/harshit/mrt_ws/arm_workspace/install/msg_interfaces/include/msg_interfaces/msg_interfaces/msg/detail/user_command__rosidl_typesupport_introspection_c.h
[0.236s] -- Up-to-date symlink: /home/harshit/mrt_ws/arm_workspace/install/msg_interfaces/include/msg_interfaces/msg_interfaces/msg/rosidl_typesupport_introspection_c__visibility_control.h
[0.236s] -- Up-to-date symlink: /home/harshit/mrt_ws/arm_workspace/install/msg_interfaces/include/msg_interfaces/msg_interfaces/msg/arm_end_motion.hpp
[0.236s] -- Up-to-date symlink: /home/harshit/mrt_ws/arm_workspace/install/msg_interfaces/include/msg_interfaces/msg_interfaces/msg/detail/arm_end_motion__builder.hpp
[0.236s] -- Up-to-date symlink: /home/harshit/mrt_ws/arm_workspace/install/msg_interfaces/include/msg_interfaces/msg_interfaces/msg/detail/arm_end_motion__struct.hpp
[0.236s] -- Up-to-date symlink: /home/harshit/mrt_ws/arm_workspace/install/msg_interfaces/include/msg_interfaces/msg_interfaces/msg/detail/arm_end_motion__traits.hpp
[0.236s] -- Up-to-date symlink: /home/harshit/mrt_ws/arm_workspace/install/msg_interfaces/include/msg_interfaces/msg_interfaces/msg/detail/arm_end_motion__type_support.hpp
[0.236s] -- Up-to-date symlink: /home/harshit/mrt_ws/arm_workspace/install/msg_interfaces/include/msg_interfaces/msg_interfaces/msg/detail/encoder_arm__builder.hpp
[0.236s] -- Up-to-date symlink: /home/harshit/mrt_ws/arm_workspace/install/msg_interfaces/include/msg_interfaces/msg_interfaces/msg/detail/encoder_arm__struct.hpp
[0.236s] -- Up-to-date symlink: /home/harshit/mrt_ws/arm_workspace/install/msg_interfaces/include/msg_interfaces/msg_interfaces/msg/detail/encoder_arm__traits.hpp
[0.236s] -- Up-to-date symlink: /home/harshit/mrt_ws/arm_workspace/install/msg_interfaces/include/msg_interfaces/msg_interfaces/msg/detail/encoder_arm__type_support.hpp
[0.236s] -- Up-to-date symlink: /home/harshit/mrt_ws/arm_workspace/install/msg_interfaces/include/msg_interfaces/msg_interfaces/msg/detail/user_command__builder.hpp
[0.236s] -- Up-to-date symlink: /home/harshit/mrt_ws/arm_workspace/install/msg_interfaces/include/msg_interfaces/msg_interfaces/msg/detail/user_command__struct.hpp
[0.237s] -- Up-to-date symlink: /home/harshit/mrt_ws/arm_workspace/install/msg_interfaces/include/msg_interfaces/msg_interfaces/msg/detail/user_command__traits.hpp
[0.237s] -- Up-to-date symlink: /home/harshit/mrt_ws/arm_workspace/install/msg_interfaces/include/msg_interfaces/msg_interfaces/msg/detail/user_command__type_support.hpp
[0.237s] -- Up-to-date symlink: /home/harshit/mrt_ws/arm_workspace/install/msg_interfaces/include/msg_interfaces/msg_interfaces/msg/encoder_arm.hpp
[0.237s] -- Up-to-date symlink: /home/harshit/mrt_ws/arm_workspace/install/msg_interfaces/include/msg_interfaces/msg_interfaces/msg/rosidl_generator_cpp__visibility_control.hpp
[0.237s] -- Up-to-date symlink: /home/harshit/mrt_ws/arm_workspace/install/msg_interfaces/include/msg_interfaces/msg_interfaces/msg/user_command.hpp
[0.237s] -- Up-to-date symlink: /home/harshit/mrt_ws/arm_workspace/install/msg_interfaces/include/msg_interfaces/msg_interfaces/msg/detail/arm_end_motion__rosidl_typesupport_fastrtps_cpp.hpp
[0.237s] -- Up-to-date symlink: /home/harshit/mrt_ws/arm_workspace/install/msg_interfaces/include/msg_interfaces/msg_interfaces/msg/detail/encoder_arm__rosidl_typesupport_fastrtps_cpp.hpp
[0.237s] -- Up-to-date symlink: /home/harshit/mrt_ws/arm_workspace/install/msg_interfaces/include/msg_interfaces/msg_interfaces/msg/detail/user_command__rosidl_typesupport_fastrtps_cpp.hpp
[0.237s] -- Up-to-date symlink: /home/harshit/mrt_ws/arm_workspace/install/msg_interfaces/include/msg_interfaces/msg_interfaces/msg/rosidl_typesupport_fastrtps_cpp__visibility_control.h
[0.237s] -- Up-to-date symlink: /home/harshit/mrt_ws/arm_workspace/install/msg_interfaces/include/msg_interfaces/msg_interfaces/msg/detail/arm_end_motion__rosidl_typesupport_introspection_cpp.hpp
[0.237s] -- Up-to-date symlink: /home/harshit/mrt_ws/arm_workspace/install/msg_interfaces/include/msg_interfaces/msg_interfaces/msg/detail/encoder_arm__rosidl_typesupport_introspection_cpp.hpp
[0.237s] -- Up-to-date symlink: /home/harshit/mrt_ws/arm_workspace/install/msg_interfaces/include/msg_interfaces/msg_interfaces/msg/detail/user_command__rosidl_typesupport_introspection_cpp.hpp
[0.237s] -- Up-to-date symlink: /home/harshit/mrt_ws/arm_workspace/install/msg_interfaces/share/msg_interfaces/environment/pythonpath.sh
[0.237s] -- Up-to-date symlink: /home/harshit/mrt_ws/arm_workspace/install/msg_interfaces/share/msg_interfaces/environment/pythonpath.dsv
[0.238s] -- Up-to-date symlink: /home/harshit/mrt_ws/arm_workspace/install/msg_interfaces/local/lib/python3.10/dist-packages/msg_interfaces-0.0.0-py3.10.egg-info/PKG-INFO
[0.238s] -- Up-to-date symlink: /home/harshit/mrt_ws/arm_workspace/install/msg_interfaces/local/lib/python3.10/dist-packages/msg_interfaces-0.0.0-py3.10.egg-info/SOURCES.txt
[0.238s] -- Up-to-date symlink: /home/harshit/mrt_ws/arm_workspace/install/msg_interfaces/local/lib/python3.10/dist-packages/msg_interfaces-0.0.0-py3.10.egg-info/dependency_links.txt
[0.238s] -- Up-to-date symlink: /home/harshit/mrt_ws/arm_workspace/install/msg_interfaces/local/lib/python3.10/dist-packages/msg_interfaces-0.0.0-py3.10.egg-info/top_level.txt
[0.238s] -- Up-to-date symlink: /home/harshit/mrt_ws/arm_workspace/install/msg_interfaces/local/lib/python3.10/dist-packages/msg_interfaces/__init__.py
[0.238s] -- Up-to-date symlink: /home/harshit/mrt_ws/arm_workspace/install/msg_interfaces/local/lib/python3.10/dist-packages/msg_interfaces/_msg_interfaces_s.ep.rosidl_typesupport_c.c
[0.238s] -- Up-to-date symlink: /home/harshit/mrt_ws/arm_workspace/install/msg_interfaces/local/lib/python3.10/dist-packages/msg_interfaces/_msg_interfaces_s.ep.rosidl_typesupport_fastrtps_c.c
[0.238s] -- Up-to-date symlink: /home/harshit/mrt_ws/arm_workspace/install/msg_interfaces/local/lib/python3.10/dist-packages/msg_interfaces/_msg_interfaces_s.ep.rosidl_typesupport_introspection_c.c
[0.238s] -- Up-to-date symlink: /home/harshit/mrt_ws/arm_workspace/install/msg_interfaces/local/lib/python3.10/dist-packages/msg_interfaces/libmsg_interfaces__rosidl_generator_py.so
[0.238s] -- Up-to-date symlink: /home/harshit/mrt_ws/arm_workspace/install/msg_interfaces/local/lib/python3.10/dist-packages/msg_interfaces/msg/__init__.py
[0.238s] -- Up-to-date symlink: /home/harshit/mrt_ws/arm_workspace/install/msg_interfaces/local/lib/python3.10/dist-packages/msg_interfaces/msg/_arm_end_motion.py
[0.238s] -- Up-to-date symlink: /home/harshit/mrt_ws/arm_workspace/install/msg_interfaces/local/lib/python3.10/dist-packages/msg_interfaces/msg/_arm_end_motion_s.c
[0.238s] -- Up-to-date symlink: /home/harshit/mrt_ws/arm_workspace/install/msg_interfaces/local/lib/python3.10/dist-packages/msg_interfaces/msg/_encoder_arm.py
[0.238s] -- Up-to-date symlink: /home/harshit/mrt_ws/arm_workspace/install/msg_interfaces/local/lib/python3.10/dist-packages/msg_interfaces/msg/_encoder_arm_s.c
[0.239s] -- Up-to-date symlink: /home/harshit/mrt_ws/arm_workspace/install/msg_interfaces/local/lib/python3.10/dist-packages/msg_interfaces/msg/_user_command.py
[0.239s] -- Up-to-date symlink: /home/harshit/mrt_ws/arm_workspace/install/msg_interfaces/local/lib/python3.10/dist-packages/msg_interfaces/msg/_user_command_s.c
[0.239s] -- Up-to-date symlink: /home/harshit/mrt_ws/arm_workspace/install/msg_interfaces/local/lib/python3.10/dist-packages/msg_interfaces/msg_interfaces_s__rosidl_typesupport_c.cpython-310-x86_64-linux-gnu.so
[0.239s] -- Up-to-date symlink: /home/harshit/mrt_ws/arm_workspace/install/msg_interfaces/local/lib/python3.10/dist-packages/msg_interfaces/msg_interfaces_s__rosidl_typesupport_fastrtps_c.cpython-310-x86_64-linux-gnu.so
[0.239s] -- Up-to-date symlink: /home/harshit/mrt_ws/arm_workspace/install/msg_interfaces/local/lib/python3.10/dist-packages/msg_interfaces/msg_interfaces_s__rosidl_typesupport_introspection_c.cpython-310-x86_64-linux-gnu.so
[0.239s] -- Up-to-date symlink: /home/harshit/mrt_ws/arm_workspace/install/msg_interfaces/local/lib/python3.10/dist-packages/msg_interfaces/msg_interfaces_s__rosidl_typesupport_fastrtps_c.cpython-310-x86_64-linux-gnu.so
[0.239s] -- Up-to-date symlink: /home/harshit/mrt_ws/arm_workspace/install/msg_interfaces/local/lib/python3.10/dist-packages/msg_interfaces/msg_interfaces_s__rosidl_typesupport_introspection_c.cpython-310-x86_64-linux-gnu.so
[0.239s] -- Up-to-date symlink: /home/harshit/mrt_ws/arm_workspace/install/msg_interfaces/local/lib/python3.10/dist-packages/msg_interfaces/msg_interfaces_s__rosidl_typesupport_c.cpython-310-x86_64-linux-gnu.so
[0.239s] -- Up-to-date symlink: /home/harshit/mrt_ws/arm_workspace/install/msg_interfaces/share/msg_interfaces/msg/UserCommand.idl
[0.239s] -- Up-to-date symlink: /home/harshit/mrt_ws/arm_workspace/install/msg_interfaces/share/msg_interfaces/msg/ArmEndMotion.idl
[0.239s] -- Up-to-date symlink: /home/harshit/mrt_ws/arm_workspace/install/msg_interfaces/share/msg_interfaces/msg/EncoderArm.idl
[0.239s] -- Up-to-date symlink: /home/harshit/mrt_ws/arm_workspace/install/msg_interfaces/share/msg_interfaces/msg/UserCommand.msg
[0.239s] -- Up-to-date symlink: /home/harshit/mrt_ws/arm_workspace/install/msg_interfaces/share/msg_interfaces/msg/ArmEndMotion.msg
[0.239s] -- Up-to-date symlink: /home/harshit/mrt_ws/arm_workspace/install/msg_interfaces/share/msg_interfaces/msg/EncoderArm.msg
[0.239s] -- Up-to-date symlink: /home/harshit/mrt_ws/arm_workspace/install/msg_interfaces/share/ament_index/resource_index/package_run_dependencies/msg_interfaces
[0.240s] -- Up-to-date symlink: /home/harshit/mrt_ws/arm_workspace/install/msg_interfaces/share/ament_index/resource_index/parent_prefix_path/msg_interfaces
[0.240s] -- Up-to-date symlink: /home/harshit/mrt_ws/arm_workspace/install/msg_interfaces/share/msg_interfaces/environment/ament_prefix_path.sh
[0.240s] -- Up-to-date symlink: /home/harshit/mrt_ws/arm_workspace/install/msg_interfaces/share/msg_interfaces/environment/ament_prefix_path.dsv
[0.240s] -- Up-to-date symlink: /home/harshit/mrt_ws/arm_workspace/install/msg_interfaces/share/msg_interfaces/environment/path.sh
[0.240s] -- Up-to-date symlink: /home/harshit/mrt_ws/arm_workspace/install/msg_interfaces/share/msg_interfaces/environment/path.dsv
[0.240s] -- Up-to-date symlink: /home/harshit/mrt_ws/arm_workspace/install/msg_interfaces/share/msg_interfaces/local_setup.bash
[0.240s] -- Up-to-date symlink: /home/harshit/mrt_ws/arm_workspace/install/msg_interfaces/share/msg_interfaces/local_setup.sh
[0.240s] -- Up-to-date symlink: /home/harshit/mrt_ws/arm_workspace/install/msg_interfaces/share/msg_interfaces/local_setup.zsh
[0.240s] -- Up-to-date symlink: /home/harshit/mrt_ws/arm_workspace/install/msg_interfaces/share/msg_interfaces/local_setup.dsv
[0.240s] -- Symlinking: /home/harshit/mrt_ws/arm_workspace/install/msg_interfaces/share/msg_interfaces/package.dsv
[0.243s] -- Up-to-date symlink: /home/harshit/mrt_ws/arm_workspace/install/msg_interfaces/share/ament_index/resource_index/packages/msg_interfaces
[0.243s] -- Up-to-date symlink: /home/harshit/mrt_ws/arm_workspace/install/msg_interfaces/share/msg_interfaces/cmake/rosidl_cmake-extras.cmake
[0.243s] -- Up-to-date symlink: /home/harshit/mrt_ws/arm_workspace/install/msg_interfaces/share/msg_interfaces/cmake/ament_cmake_export_include_directories-extras.cmake
[0.243s] -- Up-to-date symlink: /home/harshit/mrt_ws/arm_workspace/install/msg_interfaces/share/msg_interfaces/cmake/ament_cmake_export_libraries-extras.cmake
[0.243s] -- Up-to-date symlink: /home/harshit/mrt_ws/arm_workspace/install/msg_interfaces/share/msg_interfaces/cmake/ament_cmake_export_targets-extras.cmake
[0.243s] -- Up-to-date symlink: /home/harshit/mrt_ws/arm_workspace/install/msg_interfaces/share/msg_interfaces/cmake/rosidl_cmake_export_typesupport_targets-extras.cmake
[0.243s] -- Up-to-date symlink: /home/harshit/mrt_ws/arm_workspace/install/msg_interfaces/share/msg_interfaces/cmake/ament_cmake_export_dependencies-extras.cmake
[0.243s] -- Up-to-date symlink: /home/harshit/mrt_ws/arm_workspace/install/msg_interfaces/share/msg_interfaces/cmake/rosidl_cmake_export_typesupport_libraries-extras.cmake
[0.243s] -- Up-to-date symlink: /home/harshit/mrt_ws/arm_workspace/install/msg_interfaces/share/msg_interfaces/cmake/msg_interfacesConfig.cmake
[0.243s] -- Up-to-date symlink: /home/harshit/mrt_ws/arm_workspace/install/msg_interfaces/share/msg_interfaces/cmake/msg_interfacesConfig-version.cmake
[0.243s] -- Up-to-date symlink: /home/harshit/mrt_ws/arm_workspace/install/msg_interfaces/share/msg_interfaces/package.xml
[0.243s] -- Up-to-date: /home/harshit/mrt_ws/arm_workspace/install/msg_interfaces/lib/libmsg_interfaces__rosidl_generator_c.so
[0.243s] -- Up-to-date: /home/harshit/mrt_ws/arm_workspace/install/msg_interfaces/lib/libmsg_interfaces__rosidl_typesupport_fastrtps_c.so
[0.244s] -- Up-to-date: /home/harshit/mrt_ws/arm_workspace/install/msg_interfaces/lib/libmsg_interfaces__rosidl_typesupport_introspection_c.so
[0.244s] -- Up-to-date: /home/harshit/mrt_ws/arm_workspace/install/msg_interfaces/lib/libmsg_interfaces__rosidl_typesupport_c.so
[0.244s] -- Up-to-date: /home/harshit/mrt_ws/arm_workspace/install/msg_interfaces/lib/libmsg_interfaces__rosidl_typesupport_fastrtps_cpp.so
[0.244s] -- Up-to-date: /home/harshit/mrt_ws/arm_workspace/install/msg_interfaces/lib/libmsg_interfaces__rosidl_typesupport_introspection_cpp.so
[0.244s] -- Up-to-date: /home/harshit/mrt_ws/arm_workspace/install/msg_interfaces/lib/libmsg_interfaces__rosidl_typesupport_cpp.so
[0.268s] Listing '/home/harshit/mrt_ws/arm_workspace/install/msg_interfaces/local/lib/python3.10/dist-packages/msg_interfaces'...
[0.268s] Listing '/home/harshit/mrt_ws/arm_workspace/install/msg_interfaces/local/lib/python3.10/dist-packages/msg_interfaces/msg'...
[0.271s] -- Up-to-date: /home/harshit/mrt_ws/arm_workspace/install/msg_interfaces/lib/libmsg_interfaces__rosidl_generator_py.so
[0.271s] -- Up-to-date: /home/harshit/mrt_ws/arm_workspace/install/msg_interfaces/share/msg_interfaces/cmake/export_msg_interfaces__rosidl_generator_cExport.cmake
[0.271s] -- Up-to-date: /home/harshit/mrt_ws/arm_workspace/install/msg_interfaces/share/msg_interfaces/cmake/export_msg_interfaces__rosidl_generator_cExport-noconfig.cmake
[0.271s] -- Up-to-date: /home/harshit/mrt_ws/arm_workspace/install/msg_interfaces/share/msg_interfaces/cmake/export_msg_interfaces__rosidl_typesupport_fastrtps_cExport.cmake
[0.271s] -- Up-to-date: /home/harshit/mrt_ws/arm_workspace/install/msg_interfaces/share/msg_interfaces/cmake/export_msg_interfaces__rosidl_typesupport_fastrtps_cExport-noconfig.cmake
[0.271s] -- Up-to-date: /home/harshit/mrt_ws/arm_workspace/install/msg_interfaces/share/msg_interfaces/cmake/msg_interfaces__rosidl_typesupport_introspection_cExport.cmake
[0.271s] -- Up-to-date: /home/harshit/mrt_ws/arm_workspace/install/msg_interfaces/share/msg_interfaces/cmake/msg_interfaces__rosidl_typesupport_introspection_cExport-noconfig.cmake
[0.271s] -- Up-to-date: /home/harshit/mrt_ws/arm_workspace/install/msg_interfaces/share/msg_interfaces/cmake/msg_interfaces__rosidl_typesupport_cExport.cmake
[0.271s] -- Up-to-date: /home/harshit/mrt_ws/arm_workspace/install/msg_interfaces/share/msg_interfaces/cmake/msg_interfaces__rosidl_typesupport_cExport-noconfig.cmake
[0.271s] -- Up-to-date: /home/harshit/mrt_ws/arm_workspace/install/msg_interfaces/share/msg_interfaces/cmake/export_msg_interfaces__rosidl_generator_cppExport.cmake
[0.271s] -- Up-to-date: /home/harshit/mrt_ws/arm_workspace/install/msg_interfaces/share/msg_interfaces/cmake/export_msg_interfaces__rosidl_typesupport_fastrtps_cppExport.cmake
[0.271s] -- Up-to-date: /home/harshit/mrt_ws/arm_workspace/install/msg_interfaces/share/msg_interfaces/cmake/export_msg_interfaces__rosidl_typesupport_fastrtps_cppExport-noconfig.cmake
[0.272s] -- Up-to-date: /home/harshit/mrt_ws/arm_workspace/install/msg_interfaces/share/msg_interfaces/cmake/msg_interfaces__rosidl_typesupport_introspection_cppExport.cmake
[0.272s] -- Up-to-date: /home/harshit/mrt_ws/arm_workspace/install/msg_interfaces/share/msg_interfaces/cmake/msg_interfaces__rosidl_typesupport_introspection_cppExport-noconfig.cmake
[0.272s] -- Up-to-date: /home/harshit/mrt_ws/arm_workspace/install/msg_interfaces/share/msg_interfaces/cmake/msg_interfaces__rosidl_typesupport_cppExport.cmake
[0.272s] -- Up-to-date: /home/harshit/mrt_ws/arm_workspace/install/msg_interfaces/share/msg_interfaces/cmake/msg_interfaces__rosidl_typesupport_cppExport-noconfig.cmake
[0.272s] -- Up-to-date: /home/harshit/mrt_ws/arm_workspace/install/msg_interfaces/share/msg_interfaces/cmake/export_msg_interfaces__rosidl_generator_pyExport.cmake
[0.272s] -- Up-to-date: /home/harshit/mrt_ws/arm_workspace/install/msg_interfaces/share/msg_interfaces/cmake/export_msg_interfaces__rosidl_generator_pyExport-noconfig.cmake
[0.273s] Invoked command in '/home/harshit/mrt_ws/arm_workspace/build/msg_interfaces' returned '0': CMAKE_PREFIX_PATH=${CMAKE_PREFIX_PATH}:/home/harshit/mrt_ws/arm_workspace/install/arm_pos_control:/home/harshit/mrt_ws/install/week1_tutorials:/home/harshit/mrt_ws/install/week0_tutorials:/home/harshit/mrt_ws/install/sauron:/home/harshit/mrt_ws/install/odom_tf_publisher:/home/harshit/mrt_ws/install/mrs_hudson:/home/harshit/mrt_ws/install/assgn:/home/harshit/mrt_ws/install/aruco_detection:/home/harshit/urdf_rviz/install/urdf_testing:/home/harshit/urdf_rviz/install/robot_car:/opt/ros/humble /usr/bin/cmake --install /home/harshit/mrt_ws/arm_workspace/build/msg_interfaces
