[1.978s] Invoking command in '/home/harshit/mrt_ws/src/week0_tutorials': PYTHONPATH=/home/harshit/mrt_ws/build/week0_tutorials/prefix_override:/usr/lib/python3/dist-packages/colcon_core/task/python/colcon_distutils_commands:/home/harshit/mrt_ws/install/week0_tutorials/lib/python3.10/site-packages:${PYTHONPATH} /usr/bin/python3 -W ignore:setup.py install is deprecated setup.py egg_info --egg-base ../../build/week0_tutorials build --build-base /home/harshit/mrt_ws/build/week0_tutorials/build install --record /home/harshit/mrt_ws/build/week0_tutorials/install.log --single-version-externally-managed install_data
[2.542s] running egg_info
[2.544s] writing ../../build/week0_tutorials/week0_tutorials.egg-info/PKG-INFO
[2.545s] writing dependency_links to ../../build/week0_tutorials/week0_tutorials.egg-info/dependency_links.txt
[2.545s] writing entry points to ../../build/week0_tutorials/week0_tutorials.egg-info/entry_points.txt
[2.545s] writing requirements to ../../build/week0_tutorials/week0_tutorials.egg-info/requires.txt
[2.546s] writing top-level names to ../../build/week0_tutorials/week0_tutorials.egg-info/top_level.txt
[2.550s] reading manifest file '../../build/week0_tutorials/week0_tutorials.egg-info/SOURCES.txt'
[2.553s] writing manifest file '../../build/week0_tutorials/week0_tutorials.egg-info/SOURCES.txt'
[2.554s] running build
[2.554s] running build_py
[2.555s] running install
[2.555s] running install_lib
[2.559s] running install_data
[2.560s] running install_egg_info
[2.565s] removing '/home/harshit/mrt_ws/install/week0_tutorials/lib/python3.10/site-packages/week0_tutorials-0.0.0-py3.10.egg-info' (and everything under it)
[2.566s] Copying ../../build/week0_tutorials/week0_tutorials.egg-info to /home/harshit/mrt_ws/install/week0_tutorials/lib/python3.10/site-packages/week0_tutorials-0.0.0-py3.10.egg-info
[2.569s] running install_scripts
[2.627s] Installing publisher script to /home/harshit/mrt_ws/install/week0_tutorials/lib/week0_tutorials
[2.627s] Installing subscriber script to /home/harshit/mrt_ws/install/week0_tutorials/lib/week0_tutorials
[2.628s] writing list of installed files to '/home/harshit/mrt_ws/build/week0_tutorials/install.log'
[2.691s] Invoked command in '/home/harshit/mrt_ws/src/week0_tutorials' returned '0': PYTHONPATH=/home/harshit/mrt_ws/build/week0_tutorials/prefix_override:/usr/lib/python3/dist-packages/colcon_core/task/python/colcon_distutils_commands:/home/harshit/mrt_ws/install/week0_tutorials/lib/python3.10/site-packages:${PYTHONPATH} /usr/bin/python3 -W ignore:setup.py install is deprecated setup.py egg_info --egg-base ../../build/week0_tutorials build --build-base /home/harshit/mrt_ws/build/week0_tutorials/build install --record /home/harshit/mrt_ws/build/week0_tutorials/install.log --single-version-externally-managed install_data
