running egg_info
creating ../../build/aruco_detection/aruco_detection.egg-info
writing ../../build/aruco_detection/aruco_detection.egg-info/PKG-INFO
writing dependency_links to ../../build/aruco_detection/aruco_detection.egg-info/dependency_links.txt
writing entry points to ../../build/aruco_detection/aruco_detection.egg-info/entry_points.txt
writing requirements to ../../build/aruco_detection/aruco_detection.egg-info/requires.txt
writing top-level names to ../../build/aruco_detection/aruco_detection.egg-info/top_level.txt
writing manifest file '../../build/aruco_detection/aruco_detection.egg-info/SOURCES.txt'
reading manifest file '../../build/aruco_detection/aruco_detection.egg-info/SOURCES.txt'
writing manifest file '../../build/aruco_detection/aruco_detection.egg-info/SOURCES.txt'
running build
running build_py
creating /home/harshit/mrt_ws/build/aruco_detection/build
creating /home/harshit/mrt_ws/build/aruco_detection/build/lib
creating /home/harshit/mrt_ws/build/aruco_detection/build/lib/aruco_detection
copying aruco_detection/client_vid.py -> /home/harshit/mrt_ws/build/aruco_detection/build/lib/aruco_detection
copying aruco_detection/client_img.py -> /home/harshit/mrt_ws/build/aruco_detection/build/lib/aruco_detection
copying aruco_detection/service.py -> /home/harshit/mrt_ws/build/aruco_detection/build/lib/aruco_detection
copying aruco_detection/__init__.py -> /home/harshit/mrt_ws/build/aruco_detection/build/lib/aruco_detection
running install
running install_lib
creating /home/harshit/mrt_ws/install/aruco_detection/lib/python3.10/site-packages/aruco_detection
copying /home/harshit/mrt_ws/build/aruco_detection/build/lib/aruco_detection/client_vid.py -> /home/harshit/mrt_ws/install/aruco_detection/lib/python3.10/site-packages/aruco_detection
copying /home/harshit/mrt_ws/build/aruco_detection/build/lib/aruco_detection/client_img.py -> /home/harshit/mrt_ws/install/aruco_detection/lib/python3.10/site-packages/aruco_detection
copying /home/harshit/mrt_ws/build/aruco_detection/build/lib/aruco_detection/service.py -> /home/harshit/mrt_ws/install/aruco_detection/lib/python3.10/site-packages/aruco_detection
copying /home/harshit/mrt_ws/build/aruco_detection/build/lib/aruco_detection/__init__.py -> /home/harshit/mrt_ws/install/aruco_detection/lib/python3.10/site-packages/aruco_detection
byte-compiling /home/harshit/mrt_ws/install/aruco_detection/lib/python3.10/site-packages/aruco_detection/client_vid.py to client_vid.cpython-310.pyc
byte-compiling /home/harshit/mrt_ws/install/aruco_detection/lib/python3.10/site-packages/aruco_detection/client_img.py to client_img.cpython-310.pyc
byte-compiling /home/harshit/mrt_ws/install/aruco_detection/lib/python3.10/site-packages/aruco_detection/service.py to service.cpython-310.pyc
byte-compiling /home/harshit/mrt_ws/install/aruco_detection/lib/python3.10/site-packages/aruco_detection/__init__.py to __init__.cpython-310.pyc
running install_data
creating /home/harshit/mrt_ws/install/aruco_detection/share/ament_index
creating /home/harshit/mrt_ws/install/aruco_detection/share/ament_index/resource_index
creating /home/harshit/mrt_ws/install/aruco_detection/share/ament_index/resource_index/packages
copying resource/aruco_detection -> /home/harshit/mrt_ws/install/aruco_detection/share/ament_index/resource_index/packages
copying package.xml -> /home/harshit/mrt_ws/install/aruco_detection/share/aruco_detection
running install_egg_info
Copying ../../build/aruco_detection/aruco_detection.egg-info to /home/harshit/mrt_ws/install/aruco_detection/lib/python3.10/site-packages/aruco_detection-0.0.0-py3.10.egg-info
running install_scripts
Installing client-img script to /home/harshit/mrt_ws/install/aruco_detection/lib/aruco_detection
Installing client-vid script to /home/harshit/mrt_ws/install/aruco_detection/lib/aruco_detection
Installing service script to /home/harshit/mrt_ws/install/aruco_detection/lib/aruco_detection
writing list of installed files to '/home/harshit/mrt_ws/build/aruco_detection/install.log'
