[1.900s] Invoking command in '/home/harshit/mrt_ws/src/odom_tf_publisher': PYTHONPATH=/home/harshit/mrt_ws/build/odom_tf_publisher/prefix_override:/usr/lib/python3/dist-packages/colcon_core/task/python/colcon_distutils_commands:/home/harshit/mrt_ws/install/odom_tf_publisher/lib/python3.10/site-packages:${PYTHONPATH} /usr/bin/python3 -W ignore:setup.py install is deprecated -W ignore:easy_install command is deprecated setup.py egg_info --egg-base ../../build/odom_tf_publisher build --build-base /home/harshit/mrt_ws/build/odom_tf_publisher/build install --record /home/harshit/mrt_ws/build/odom_tf_publisher/install.log --single-version-externally-managed install_data
[2.159s] running egg_info
[2.159s] writing ../../build/odom_tf_publisher/odom_tf_publisher.egg-info/PKG-INFO
[2.159s] writing dependency_links to ../../build/odom_tf_publisher/odom_tf_publisher.egg-info/dependency_links.txt
[2.160s] writing entry points to ../../build/odom_tf_publisher/odom_tf_publisher.egg-info/entry_points.txt
[2.160s] writing requirements to ../../build/odom_tf_publisher/odom_tf_publisher.egg-info/requires.txt
[2.160s] writing top-level names to ../../build/odom_tf_publisher/odom_tf_publisher.egg-info/top_level.txt
[2.162s] reading manifest file '../../build/odom_tf_publisher/odom_tf_publisher.egg-info/SOURCES.txt'
[2.162s] writing manifest file '../../build/odom_tf_publisher/odom_tf_publisher.egg-info/SOURCES.txt'
[2.162s] running build
[2.162s] running build_py
[2.162s] running install
[2.162s] running install_lib
[2.163s] running install_data
[2.164s] running install_egg_info
[2.167s] removing '/home/harshit/mrt_ws/install/odom_tf_publisher/lib/python3.10/site-packages/odom_tf_publisher-0.0.0-py3.10.egg-info' (and everything under it)
[2.167s] Copying ../../build/odom_tf_publisher/odom_tf_publisher.egg-info to /home/harshit/mrt_ws/install/odom_tf_publisher/lib/python3.10/site-packages/odom_tf_publisher-0.0.0-py3.10.egg-info
[2.167s] running install_scripts
[2.186s] Installing odom_tf_publisher script to /home/harshit/mrt_ws/install/odom_tf_publisher/lib/odom_tf_publisher
[2.186s] writing list of installed files to '/home/harshit/mrt_ws/build/odom_tf_publisher/install.log'
[2.224s] Invoked command in '/home/harshit/mrt_ws/src/odom_tf_publisher' returned '0': PYTHONPATH=/home/harshit/mrt_ws/build/odom_tf_publisher/prefix_override:/usr/lib/python3/dist-packages/colcon_core/task/python/colcon_distutils_commands:/home/harshit/mrt_ws/install/odom_tf_publisher/lib/python3.10/site-packages:${PYTHONPATH} /usr/bin/python3 -W ignore:setup.py install is deprecated -W ignore:easy_install command is deprecated setup.py egg_info --egg-base ../../build/odom_tf_publisher build --build-base /home/harshit/mrt_ws/build/odom_tf_publisher/build install --record /home/harshit/mrt_ws/build/odom_tf_publisher/install.log --single-version-externally-managed install_data
