[0.614s] Invoking command in '/home/harshit/mrt_ws/src/sauron': PYTHONPATH=/home/harshit/mrt_ws/build/sauron/prefix_override:/usr/lib/python3/dist-packages/colcon_core/task/python/colcon_distutils_commands:/home/harshit/mrt_ws/install/sauron/lib/python3.10/site-packages:${PYTHONPATH} /usr/bin/python3 -W ignore:setup.py install is deprecated setup.py egg_info --egg-base ../../build/sauron build --build-base /home/harshit/mrt_ws/build/sauron/build install --record /home/harshit/mrt_ws/build/sauron/install.log --single-version-externally-managed install_data
[0.777s] running egg_info
[0.777s] writing ../../build/sauron/sauron.egg-info/PKG-INFO
[0.777s] writing dependency_links to ../../build/sauron/sauron.egg-info/dependency_links.txt
[0.778s] writing entry points to ../../build/sauron/sauron.egg-info/entry_points.txt
[0.778s] writing requirements to ../../build/sauron/sauron.egg-info/requires.txt
[0.778s] writing top-level names to ../../build/sauron/sauron.egg-info/top_level.txt
[0.779s] reading manifest file '../../build/sauron/sauron.egg-info/SOURCES.txt'
[0.780s] writing manifest file '../../build/sauron/sauron.egg-info/SOURCES.txt'
[0.780s] running build
[0.780s] running build_py
[0.780s] running install
[0.781s] running install_lib
[0.782s] running install_data
[0.782s] running install_egg_info
[0.783s] removing '/home/harshit/mrt_ws/install/sauron/lib/python3.10/site-packages/sauron-0.0.0-py3.10.egg-info' (and everything under it)
[0.784s] Copying ../../build/sauron/sauron.egg-info to /home/harshit/mrt_ws/install/sauron/lib/python3.10/site-packages/sauron-0.0.0-py3.10.egg-info
[0.784s] running install_scripts
[0.801s] Installing publisher1 script to /home/harshit/mrt_ws/install/sauron/lib/sauron
[0.801s] Installing publisher2 script to /home/harshit/mrt_ws/install/sauron/lib/sauron
[0.801s] Installing subscriber script to /home/harshit/mrt_ws/install/sauron/lib/sauron
[0.802s] writing list of installed files to '/home/harshit/mrt_ws/build/sauron/install.log'
[0.827s] Invoked command in '/home/harshit/mrt_ws/src/sauron' returned '0': PYTHONPATH=/home/harshit/mrt_ws/build/sauron/prefix_override:/usr/lib/python3/dist-packages/colcon_core/task/python/colcon_distutils_commands:/home/harshit/mrt_ws/install/sauron/lib/python3.10/site-packages:${PYTHONPATH} /usr/bin/python3 -W ignore:setup.py install is deprecated setup.py egg_info --egg-base ../../build/sauron build --build-base /home/harshit/mrt_ws/build/sauron/build install --record /home/harshit/mrt_ws/build/sauron/install.log --single-version-externally-managed install_data
