[2.271s] Invoking command in '/home/harshit/mrt_ws/build/week0_tutorials': PYTHONPATH=/home/harshit/mrt_ws/build/week0_tutorials/prefix_override:/usr/lib/python3/dist-packages/colcon_core/task/python/colcon_distutils_commands:/home/harshit/mrt_ws/install/week0_tutorials/lib/python3.10/site-packages:${PYTHONPATH} /usr/bin/python3 -W ignore:setup.py install is deprecated -W ignore:easy_install command is deprecated setup.py develop --editable --build-directory /home/harshit/mrt_ws/build/week0_tutorials/build --no-deps symlink_data --force
[2.694s] running develop
[2.974s] running egg_info
[2.975s] writing week0_tutorials.egg-info/PKG-INFO
[2.975s] writing dependency_links to week0_tutorials.egg-info/dependency_links.txt
[2.975s] writing entry points to week0_tutorials.egg-info/entry_points.txt
[2.975s] writing requirements to week0_tutorials.egg-info/requires.txt
[2.975s] writing top-level names to week0_tutorials.egg-info/top_level.txt
[2.975s] reading manifest file 'week0_tutorials.egg-info/SOURCES.txt'
[2.980s] writing manifest file 'week0_tutorials.egg-info/SOURCES.txt'
[3.030s] running build_ext
[3.030s] Creating /home/harshit/mrt_ws/install/week0_tutorials/lib/python3.10/site-packages/week0-tutorials.egg-link (link to .)
[3.033s] Installing publisher script to /home/harshit/mrt_ws/install/week0_tutorials/lib/week0_tutorials
[3.033s] Installing subscriber script to /home/harshit/mrt_ws/install/week0_tutorials/lib/week0_tutorials
[3.039s] 
[3.039s] Installed /home/harshit/mrt_ws/build/week0_tutorials
[3.039s] running symlink_data
[3.040s] symbolically linking /home/harshit/mrt_ws/build/week0_tutorials/resource/week0_tutorials -> /home/harshit/mrt_ws/install/week0_tutorials/share/ament_index/resource_index/packages
[3.040s] symbolically linking /home/harshit/mrt_ws/build/week0_tutorials/package.xml -> /home/harshit/mrt_ws/install/week0_tutorials/share/week0_tutorials
[3.040s] symbolically linking /home/harshit/mrt_ws/build/week0_tutorials/launch/pubsub_launch.py -> /home/harshit/mrt_ws/install/week0_tutorials/share/week0_tutorials/launch
[3.444s] Invoked command in '/home/harshit/mrt_ws/build/week0_tutorials' returned '0': PYTHONPATH=/home/harshit/mrt_ws/build/week0_tutorials/prefix_override:/usr/lib/python3/dist-packages/colcon_core/task/python/colcon_distutils_commands:/home/harshit/mrt_ws/install/week0_tutorials/lib/python3.10/site-packages:${PYTHONPATH} /usr/bin/python3 -W ignore:setup.py install is deprecated -W ignore:easy_install command is deprecated setup.py develop --editable --build-directory /home/harshit/mrt_ws/build/week0_tutorials/build --no-deps symlink_data --force
