[0.753s] Invoking command in '/home/harshit/mrt_ws/src/sauron': PYTHONPATH=/home/harshit/mrt_ws/build/sauron/prefix_override:/usr/lib/python3/dist-packages/colcon_core/task/python/colcon_distutils_commands:/home/harshit/mrt_ws/install/sauron/lib/python3.10/site-packages:${PYTHONPATH} /usr/bin/python3 -W ignore:setup.py install is deprecated setup.py egg_info --egg-base ../../build/sauron build --build-base /home/harshit/mrt_ws/build/sauron/build install --record /home/harshit/mrt_ws/build/sauron/install.log --single-version-externally-managed install_data
[1.040s] running egg_info
[1.041s] writing ../../build/sauron/sauron.egg-info/PKG-INFO
[1.041s] writing dependency_links to ../../build/sauron/sauron.egg-info/dependency_links.txt
[1.042s] writing entry points to ../../build/sauron/sauron.egg-info/entry_points.txt
[1.042s] writing requirements to ../../build/sauron/sauron.egg-info/requires.txt
[1.042s] writing top-level names to ../../build/sauron/sauron.egg-info/top_level.txt
[1.044s] reading manifest file '../../build/sauron/sauron.egg-info/SOURCES.txt'
[1.045s] writing manifest file '../../build/sauron/sauron.egg-info/SOURCES.txt'
[1.045s] running build
[1.045s] running build_py
[1.046s] running install
[1.046s] running install_lib
[1.048s] running install_data
[1.048s] running install_egg_info
[1.050s] removing '/home/harshit/mrt_ws/install/sauron/lib/python3.10/site-packages/sauron-0.0.0-py3.10.egg-info' (and everything under it)
[1.051s] Copying ../../build/sauron/sauron.egg-info to /home/harshit/mrt_ws/install/sauron/lib/python3.10/site-packages/sauron-0.0.0-py3.10.egg-info
[1.052s] running install_scripts
[1.076s] Installing publisher1 script to /home/harshit/mrt_ws/install/sauron/lib/sauron
[1.077s] Installing publisher2 script to /home/harshit/mrt_ws/install/sauron/lib/sauron
[1.077s] Installing subscriber script to /home/harshit/mrt_ws/install/sauron/lib/sauron
[1.077s] writing list of installed files to '/home/harshit/mrt_ws/build/sauron/install.log'
[1.116s] Invoked command in '/home/harshit/mrt_ws/src/sauron' returned '0': PYTHONPATH=/home/harshit/mrt_ws/build/sauron/prefix_override:/usr/lib/python3/dist-packages/colcon_core/task/python/colcon_distutils_commands:/home/harshit/mrt_ws/install/sauron/lib/python3.10/site-packages:${PYTHONPATH} /usr/bin/python3 -W ignore:setup.py install is deprecated setup.py egg_info --egg-base ../../build/sauron build --build-base /home/harshit/mrt_ws/build/sauron/build install --record /home/harshit/mrt_ws/build/sauron/install.log --single-version-externally-managed install_data
