[1.409s] Invoking command in '/home/harshit/mrt_ws/src/sauron': PYTHONPATH=/home/harshit/mrt_ws/build/sauron/prefix_override:/usr/lib/python3/dist-packages/colcon_core/task/python/colcon_distutils_commands:/home/harshit/mrt_ws/install/sauron/lib/python3.10/site-packages:${PYTHONPATH} /usr/bin/python3 -W ignore:setup.py install is deprecated setup.py egg_info --egg-base ../../build/sauron build --build-base /home/harshit/mrt_ws/build/sauron/build install --record /home/harshit/mrt_ws/build/sauron/install.log --single-version-externally-managed install_data
[1.952s] running egg_info
[1.954s] writing ../../build/sauron/sauron.egg-info/PKG-INFO
[1.955s] writing dependency_links to ../../build/sauron/sauron.egg-info/dependency_links.txt
[1.955s] writing entry points to ../../build/sauron/sauron.egg-info/entry_points.txt
[1.955s] writing requirements to ../../build/sauron/sauron.egg-info/requires.txt
[1.956s] writing top-level names to ../../build/sauron/sauron.egg-info/top_level.txt
[1.960s] reading manifest file '../../build/sauron/sauron.egg-info/SOURCES.txt'
[1.963s] writing manifest file '../../build/sauron/sauron.egg-info/SOURCES.txt'
[1.963s] running build
[1.963s] running build_py
[1.964s] running install
[1.965s] running install_lib
[1.968s] running install_data
[1.968s] running install_egg_info
[1.972s] removing '/home/harshit/mrt_ws/install/sauron/lib/python3.10/site-packages/sauron-0.0.0-py3.10.egg-info' (and everything under it)
[1.973s] Copying ../../build/sauron/sauron.egg-info to /home/harshit/mrt_ws/install/sauron/lib/python3.10/site-packages/sauron-0.0.0-py3.10.egg-info
[1.975s] running install_scripts
[2.030s] Installing publisher1 script to /home/harshit/mrt_ws/install/sauron/lib/sauron
[2.030s] Installing publisher2 script to /home/harshit/mrt_ws/install/sauron/lib/sauron
[2.031s] Installing subscriber script to /home/harshit/mrt_ws/install/sauron/lib/sauron
[2.031s] writing list of installed files to '/home/harshit/mrt_ws/build/sauron/install.log'
[2.541s] Invoked command in '/home/harshit/mrt_ws/src/sauron' returned '0': PYTHONPATH=/home/harshit/mrt_ws/build/sauron/prefix_override:/usr/lib/python3/dist-packages/colcon_core/task/python/colcon_distutils_commands:/home/harshit/mrt_ws/install/sauron/lib/python3.10/site-packages:${PYTHONPATH} /usr/bin/python3 -W ignore:setup.py install is deprecated setup.py egg_info --egg-base ../../build/sauron build --build-base /home/harshit/mrt_ws/build/sauron/build install --record /home/harshit/mrt_ws/build/sauron/install.log --single-version-externally-managed install_data
