[0.575s] Invoking command in '/home/harshit/mrt_ws/src/sauron': PYTHONPATH=/home/harshit/mrt_ws/build/sauron/prefix_override:/usr/lib/python3/dist-packages/colcon_core/task/python/colcon_distutils_commands:/home/harshit/mrt_ws/install/sauron/lib/python3.10/site-packages:${PYTHONPATH} /usr/bin/python3 -W ignore:setup.py install is deprecated setup.py egg_info --egg-base ../../build/sauron build --build-base /home/harshit/mrt_ws/build/sauron/build install --record /home/harshit/mrt_ws/build/sauron/install.log --single-version-externally-managed install_data
[0.725s] running egg_info
[0.726s] writing ../../build/sauron/sauron.egg-info/PKG-INFO
[0.726s] writing dependency_links to ../../build/sauron/sauron.egg-info/dependency_links.txt
[0.726s] writing entry points to ../../build/sauron/sauron.egg-info/entry_points.txt
[0.726s] writing requirements to ../../build/sauron/sauron.egg-info/requires.txt
[0.726s] writing top-level names to ../../build/sauron/sauron.egg-info/top_level.txt
[0.728s] reading manifest file '../../build/sauron/sauron.egg-info/SOURCES.txt'
[0.728s] writing manifest file '../../build/sauron/sauron.egg-info/SOURCES.txt'
[0.729s] running build
[0.729s] running build_py
[0.729s] copying sauron/listener.py -> /home/harshit/mrt_ws/build/sauron/build/lib/sauron
[0.729s] running install
[0.729s] running install_lib
[0.730s] copying /home/harshit/mrt_ws/build/sauron/build/lib/sauron/listener.py -> /home/harshit/mrt_ws/install/sauron/lib/python3.10/site-packages/sauron
[0.730s] byte-compiling /home/harshit/mrt_ws/install/sauron/lib/python3.10/site-packages/sauron/listener.py to listener.cpython-310.pyc
[0.731s] running install_data
[0.731s] creating /home/harshit/mrt_ws/install/sauron/share/sauron/launch
[0.731s] copying launch/pubsub_launch.py -> /home/harshit/mrt_ws/install/sauron/share/sauron/launch
[0.731s] running install_egg_info
[0.733s] removing '/home/harshit/mrt_ws/install/sauron/lib/python3.10/site-packages/sauron-0.0.0-py3.10.egg-info' (and everything under it)
[0.733s] Copying ../../build/sauron/sauron.egg-info to /home/harshit/mrt_ws/install/sauron/lib/python3.10/site-packages/sauron-0.0.0-py3.10.egg-info
[0.733s] running install_scripts
[0.748s] Installing publisher1 script to /home/harshit/mrt_ws/install/sauron/lib/sauron
[0.748s] Installing publisher2 script to /home/harshit/mrt_ws/install/sauron/lib/sauron
[0.748s] Installing subscriber script to /home/harshit/mrt_ws/install/sauron/lib/sauron
[0.749s] writing list of installed files to '/home/harshit/mrt_ws/build/sauron/install.log'
[0.780s] Invoked command in '/home/harshit/mrt_ws/src/sauron' returned '0': PYTHONPATH=/home/harshit/mrt_ws/build/sauron/prefix_override:/usr/lib/python3/dist-packages/colcon_core/task/python/colcon_distutils_commands:/home/harshit/mrt_ws/install/sauron/lib/python3.10/site-packages:${PYTHONPATH} /usr/bin/python3 -W ignore:setup.py install is deprecated setup.py egg_info --egg-base ../../build/sauron build --build-base /home/harshit/mrt_ws/build/sauron/build install --record /home/harshit/mrt_ws/build/sauron/install.log --single-version-externally-managed install_data
