[2.713s] Invoking command in '/home/harshit/mrt_ws/src/sauron': PYTHONPATH=/home/harshit/mrt_ws/build/sauron/prefix_override:/usr/lib/python3/dist-packages/colcon_core/task/python/colcon_distutils_commands:/home/harshit/mrt_ws/install/sauron/lib/python3.10/site-packages:${PYTHONPATH} /usr/bin/python3 -W ignore:setup.py install is deprecated setup.py egg_info --egg-base ../../build/sauron build --build-base /home/harshit/mrt_ws/build/sauron/build install --record /home/harshit/mrt_ws/build/sauron/install.log --single-version-externally-managed install_data
[3.240s] running egg_info
[3.242s] writing ../../build/sauron/sauron.egg-info/PKG-INFO
[3.242s] writing dependency_links to ../../build/sauron/sauron.egg-info/dependency_links.txt
[3.243s] writing entry points to ../../build/sauron/sauron.egg-info/entry_points.txt
[3.243s] writing requirements to ../../build/sauron/sauron.egg-info/requires.txt
[3.243s] writing top-level names to ../../build/sauron/sauron.egg-info/top_level.txt
[3.247s] reading manifest file '../../build/sauron/sauron.egg-info/SOURCES.txt'
[3.249s] writing manifest file '../../build/sauron/sauron.egg-info/SOURCES.txt'
[3.249s] running build
[3.249s] running build_py
[3.250s] running install
[3.251s] running install_lib
[3.254s] running install_data
[3.254s] running install_egg_info
[3.259s] removing '/home/harshit/mrt_ws/install/sauron/lib/python3.10/site-packages/sauron-0.0.0-py3.10.egg-info' (and everything under it)
[3.259s] Copying ../../build/sauron/sauron.egg-info to /home/harshit/mrt_ws/install/sauron/lib/python3.10/site-packages/sauron-0.0.0-py3.10.egg-info
[3.260s] running install_scripts
[3.307s] Installing publisher1 script to /home/harshit/mrt_ws/install/sauron/lib/sauron
[3.308s] Installing publisher2 script to /home/harshit/mrt_ws/install/sauron/lib/sauron
[3.309s] Installing subscriber script to /home/harshit/mrt_ws/install/sauron/lib/sauron
[3.309s] writing list of installed files to '/home/harshit/mrt_ws/build/sauron/install.log'
[3.365s] Invoked command in '/home/harshit/mrt_ws/src/sauron' returned '0': PYTHONPATH=/home/harshit/mrt_ws/build/sauron/prefix_override:/usr/lib/python3/dist-packages/colcon_core/task/python/colcon_distutils_commands:/home/harshit/mrt_ws/install/sauron/lib/python3.10/site-packages:${PYTHONPATH} /usr/bin/python3 -W ignore:setup.py install is deprecated setup.py egg_info --egg-base ../../build/sauron build --build-base /home/harshit/mrt_ws/build/sauron/build install --record /home/harshit/mrt_ws/build/sauron/install.log --single-version-externally-managed install_data
