[0.007s] Invoking command in '/home/harshit/mrt_ws/arm_workspace/build/msg_interfaces': CMAKE_PREFIX_PATH=${CMAKE_PREFIX_PATH}:/home/harshit/mrt_ws/arm_workspace/install/arm_pos_control:/home/harshit/mrt_ws/install/week1_tutorials:/home/harshit/mrt_ws/install/week0_tutorials:/home/harshit/mrt_ws/install/sauron:/home/harshit/mrt_ws/install/odom_tf_publisher:/home/harshit/mrt_ws/install/mrs_hudson:/home/harshit/mrt_ws/install/assgn:/home/harshit/mrt_ws/install/aruco_detection:/home/harshit/urdf_rviz/install/urdf_testing:/home/harshit/urdf_rviz/install/robot_car:/opt/ros/humble /usr/bin/cmake /home/harshit/mrt_ws/arm_workspace/src/msg_interfaces -DAMENT_CMAKE_SYMLINK_INSTALL=1 -DCMAKE_INSTALL_PREFIX=/home/harshit/mrt_ws/arm_workspace/install/msg_interfaces
[0.014s] -- Found ament_cmake: 1.3.12 (/opt/ros/humble/share/ament_cmake/cmake)
[0.184s] -- Override CMake install command with custom implementation using symlinks instead of copying resources
[0.188s] -- Found ament_lint_auto: 0.12.14 (/opt/ros/humble/share/ament_lint_auto/cmake)
[0.237s] -- Found rosidl_default_generators: 1.2.0 (/opt/ros/humble/share/rosidl_default_generators/cmake)
[0.239s] -- Using all available rosidl_typesupport_c: rosidl_typesupport_fastrtps_c;rosidl_typesupport_introspection_c
[0.241s] -- Found rosidl_adapter: 3.1.7 (/opt/ros/humble/share/rosidl_adapter/cmake)
[0.262s] -- Using all available rosidl_typesupport_cpp: rosidl_typesupport_fastrtps_cpp;rosidl_typesupport_introspection_cpp
[0.586s] -- Found ament_cmake_ros: 0.10.0 (/opt/ros/humble/share/ament_cmake_ros/cmake)
[0.972s] -- Using all available rosidl_typesupport_c: rosidl_typesupport_fastrtps_c;rosidl_typesupport_introspection_c
[1.486s] -- Using all available rosidl_typesupport_cpp: rosidl_typesupport_fastrtps_cpp;rosidl_typesupport_introspection_cpp
[1.507s] -- Found python_cmake_module: 0.10.0 (/opt/ros/humble/share/python_cmake_module/cmake)
[1.529s] -- Using PYTHON_EXECUTABLE: /usr/bin/python3
[1.529s] -- Using PYTHON_INCLUDE_DIRS: /usr/include/python3.10
[1.529s] -- Using PYTHON_LIBRARIES: /usr/lib/x86_64-linux-gnu/libpython3.10.so
[1.542s] -- Added test 'lint_cmake' to check CMake code style
[1.542s] -- Added test 'xmllint' to check XML markup files
[1.545s] -- Configuring done (1.5s)
[1.565s] -- Generating done (0.0s)
[1.569s] -- Build files have been written to: /home/harshit/mrt_ws/arm_workspace/build/msg_interfaces
[1.574s] Invoked command in '/home/harshit/mrt_ws/arm_workspace/build/msg_interfaces' returned '0': CMAKE_PREFIX_PATH=${CMAKE_PREFIX_PATH}:/home/harshit/mrt_ws/arm_workspace/install/arm_pos_control:/home/harshit/mrt_ws/install/week1_tutorials:/home/harshit/mrt_ws/install/week0_tutorials:/home/harshit/mrt_ws/install/sauron:/home/harshit/mrt_ws/install/odom_tf_publisher:/home/harshit/mrt_ws/install/mrs_hudson:/home/harshit/mrt_ws/install/assgn:/home/harshit/mrt_ws/install/aruco_detection:/home/harshit/urdf_rviz/install/urdf_testing:/home/harshit/urdf_rviz/install/robot_car:/opt/ros/humble /usr/bin/cmake /home/harshit/mrt_ws/arm_workspace/src/msg_interfaces -DAMENT_CMAKE_SYMLINK_INSTALL=1 -DCMAKE_INSTALL_PREFIX=/home/harshit/mrt_ws/arm_workspace/install/msg_interfaces
[1.575s] Invoking command in '/home/harshit/mrt_ws/arm_workspace/build/msg_interfaces': CMAKE_PREFIX_PATH=${CMAKE_PREFIX_PATH}:/home/harshit/mrt_ws/arm_workspace/install/arm_pos_control:/home/harshit/mrt_ws/install/week1_tutorials:/home/harshit/mrt_ws/install/week0_tutorials:/home/harshit/mrt_ws/install/sauron:/home/harshit/mrt_ws/install/odom_tf_publisher:/home/harshit/mrt_ws/install/mrs_hudson:/home/harshit/mrt_ws/install/assgn:/home/harshit/mrt_ws/install/aruco_detection:/home/harshit/urdf_rviz/install/urdf_testing:/home/harshit/urdf_rviz/install/robot_car:/opt/ros/humble /usr/bin/cmake --build /home/harshit/mrt_ws/arm_workspace/build/msg_interfaces -- -j8 -l8
[1.587s] -- Found ament_cmake: 1.3.12 (/opt/ros/humble/share/ament_cmake/cmake)
[1.762s] -- Override CMake install command with custom implementation using symlinks instead of copying resources
[1.766s] -- Found ament_lint_auto: 0.12.14 (/opt/ros/humble/share/ament_lint_auto/cmake)
[1.814s] -- Found rosidl_default_generators: 1.2.0 (/opt/ros/humble/share/rosidl_default_generators/cmake)
[1.815s] -- Using all available rosidl_typesupport_c: rosidl_typesupport_fastrtps_c;rosidl_typesupport_introspection_c
[1.817s] -- Found rosidl_adapter: 3.1.7 (/opt/ros/humble/share/rosidl_adapter/cmake)
[1.839s] -- Using all available rosidl_typesupport_cpp: rosidl_typesupport_fastrtps_cpp;rosidl_typesupport_introspection_cpp
[2.161s] -- Found ament_cmake_ros: 0.10.0 (/opt/ros/humble/share/ament_cmake_ros/cmake)
[2.549s] -- Using all available rosidl_typesupport_c: rosidl_typesupport_fastrtps_c;rosidl_typesupport_introspection_c
[3.063s] -- Using all available rosidl_typesupport_cpp: rosidl_typesupport_fastrtps_cpp;rosidl_typesupport_introspection_cpp
[3.085s] -- Found python_cmake_module: 0.10.0 (/opt/ros/humble/share/python_cmake_module/cmake)
[3.106s] -- Using PYTHON_EXECUTABLE: /usr/bin/python3
[3.106s] -- Using PYTHON_INCLUDE_DIRS: /usr/include/python3.10
[3.106s] -- Using PYTHON_LIBRARIES: /usr/lib/x86_64-linux-gnu/libpython3.10.so
[3.118s] -- Added test 'lint_cmake' to check CMake code style
[3.119s] -- Added test 'xmllint' to check XML markup files
[3.121s] -- Configuring done (1.5s)
[3.142s] -- Generating done (0.0s)
[3.146s] -- Build files have been written to: /home/harshit/mrt_ws/arm_workspace/build/msg_interfaces
[3.161s] [  2%] Built target msg_interfaces__cpp
[3.162s] [ 12%] Built target msg_interfaces__rosidl_generator_c
[3.163s] [ 12%] Built target ament_cmake_python_symlink_msg_interfaces
[3.173s] [ 23%] Built target msg_interfaces__rosidl_typesupport_introspection_cpp
[3.173s] [ 44%] Built target msg_interfaces__rosidl_typesupport_c
[3.173s] [ 42%] Built target msg_interfaces__rosidl_typesupport_cpp
[3.174s] [ 55%] Built target msg_interfaces__rosidl_typesupport_fastrtps_cpp
[3.174s] [ 65%] Built target msg_interfaces__rosidl_typesupport_introspection_c
[3.175s] [ 76%] Built target msg_interfaces__rosidl_typesupport_fastrtps_c
[3.182s] [ 76%] Built target msg_interfaces
[3.189s] [ 78%] Built target msg_interfaces__py
[3.199s] [ 87%] Built target msg_interfaces__rosidl_generator_py
[3.208s] [100%] Built target msg_interfaces__rosidl_typesupport_c__pyext
[3.208s] [100%] Built target msg_interfaces__rosidl_typesupport_fastrtps_c__pyext
[3.208s] [100%] Built target msg_interfaces__rosidl_typesupport_introspection_c__pyext
[3.337s] running egg_info
[3.337s] writing msg_interfaces.egg-info/PKG-INFO
[3.337s] writing dependency_links to msg_interfaces.egg-info/dependency_links.txt
[3.338s] writing top-level names to msg_interfaces.egg-info/top_level.txt
[3.339s] reading manifest file 'msg_interfaces.egg-info/SOURCES.txt'
[3.340s] writing manifest file 'msg_interfaces.egg-info/SOURCES.txt'
[3.356s] [100%] Built target ament_cmake_python_build_msg_interfaces_egg
[3.360s] Invoked command in '/home/harshit/mrt_ws/arm_workspace/build/msg_interfaces' returned '0': CMAKE_PREFIX_PATH=${CMAKE_PREFIX_PATH}:/home/harshit/mrt_ws/arm_workspace/install/arm_pos_control:/home/harshit/mrt_ws/install/week1_tutorials:/home/harshit/mrt_ws/install/week0_tutorials:/home/harshit/mrt_ws/install/sauron:/home/harshit/mrt_ws/install/odom_tf_publisher:/home/harshit/mrt_ws/install/mrs_hudson:/home/harshit/mrt_ws/install/assgn:/home/harshit/mrt_ws/install/aruco_detection:/home/harshit/urdf_rviz/install/urdf_testing:/home/harshit/urdf_rviz/install/robot_car:/opt/ros/humble /usr/bin/cmake --build /home/harshit/mrt_ws/arm_workspace/build/msg_interfaces -- -j8 -l8
[3.364s] Invoking command in '/home/harshit/mrt_ws/arm_workspace/build/msg_interfaces': CMAKE_PREFIX_PATH=${CMAKE_PREFIX_PATH}:/home/harshit/mrt_ws/arm_workspace/install/arm_pos_control:/home/harshit/mrt_ws/install/week1_tutorials:/home/harshit/mrt_ws/install/week0_tutorials:/home/harshit/mrt_ws/install/sauron:/home/harshit/mrt_ws/install/odom_tf_publisher:/home/harshit/mrt_ws/install/mrs_hudson:/home/harshit/mrt_ws/install/assgn:/home/harshit/mrt_ws/install/aruco_detection:/home/harshit/urdf_rviz/install/urdf_testing:/home/harshit/urdf_rviz/install/robot_car:/opt/ros/humble /usr/bin/cmake --install /home/harshit/mrt_ws/arm_workspace/build/msg_interfaces
[3.366s] -- Install configuration: ""
[3.367s] -- Execute custom install script
[3.367s] -- Up-to-date symlink: /home/harshit/mrt_ws/arm_workspace/install/msg_interfaces/share/ament_index/resource_index/rosidl_interfaces/msg_interfaces
[3.367s] -- Up-to-date symlink: /home/harshit/mrt_ws/arm_workspace/install/msg_interfaces/include/msg_interfaces/msg_interfaces/msg/arm_end_motion.h
[3.367s] -- Up-to-date symlink: /home/harshit/mrt_ws/arm_workspace/install/msg_interfaces/include/msg_interfaces/msg_interfaces/msg/detail/arm_end_motion__functions.h
[3.367s] -- Up-to-date symlink: /home/harshit/mrt_ws/arm_workspace/install/msg_interfaces/include/msg_interfaces/msg_interfaces/msg/detail/arm_end_motion__struct.h
[3.367s] -- Up-to-date symlink: /home/harshit/mrt_ws/arm_workspace/install/msg_interfaces/include/msg_interfaces/msg_interfaces/msg/detail/arm_end_motion__type_support.h
[3.367s] -- Up-to-date symlink: /home/harshit/mrt_ws/arm_workspace/install/msg_interfaces/include/msg_interfaces/msg_interfaces/msg/detail/encoder_arm__functions.h
[3.367s] -- Up-to-date symlink: /home/harshit/mrt_ws/arm_workspace/install/msg_interfaces/include/msg_interfaces/msg_interfaces/msg/detail/encoder_arm__struct.h
[3.367s] -- Up-to-date symlink: /home/harshit/mrt_ws/arm_workspace/install/msg_interfaces/include/msg_interfaces/msg_interfaces/msg/detail/encoder_arm__type_support.h
[3.367s] -- Up-to-date symlink: /home/harshit/mrt_ws/arm_workspace/install/msg_interfaces/include/msg_interfaces/msg_interfaces/msg/detail/user_command__functions.h
[3.367s] -- Up-to-date symlink: /home/harshit/mrt_ws/arm_workspace/install/msg_interfaces/include/msg_interfaces/msg_interfaces/msg/detail/user_command__struct.h
[3.367s] -- Up-to-date symlink: /home/harshit/mrt_ws/arm_workspace/install/msg_interfaces/include/msg_interfaces/msg_interfaces/msg/detail/user_command__type_support.h
[3.368s] -- Up-to-date symlink: /home/harshit/mrt_ws/arm_workspace/install/msg_interfaces/include/msg_interfaces/msg_interfaces/msg/encoder_arm.h
[3.368s] -- Up-to-date symlink: /home/harshit/mrt_ws/arm_workspace/install/msg_interfaces/include/msg_interfaces/msg_interfaces/msg/rosidl_generator_c__visibility_control.h
[3.368s] -- Up-to-date symlink: /home/harshit/mrt_ws/arm_workspace/install/msg_interfaces/include/msg_interfaces/msg_interfaces/msg/user_command.h
[3.368s] -- Up-to-date symlink: /home/harshit/mrt_ws/arm_workspace/install/msg_interfaces/share/msg_interfaces/environment/library_path.sh
[3.368s] -- Up-to-date symlink: /home/harshit/mrt_ws/arm_workspace/install/msg_interfaces/share/msg_interfaces/environment/library_path.dsv
[3.368s] -- Up-to-date symlink: /home/harshit/mrt_ws/arm_workspace/install/msg_interfaces/include/msg_interfaces/msg_interfaces/msg/detail/arm_end_motion__rosidl_typesupport_fastrtps_c.h
[3.368s] -- Up-to-date symlink: /home/harshit/mrt_ws/arm_workspace/install/msg_interfaces/include/msg_interfaces/msg_interfaces/msg/detail/encoder_arm__rosidl_typesupport_fastrtps_c.h
[3.368s] -- Up-to-date symlink: /home/harshit/mrt_ws/arm_workspace/install/msg_interfaces/include/msg_interfaces/msg_interfaces/msg/detail/user_command__rosidl_typesupport_fastrtps_c.h
[3.368s] -- Up-to-date symlink: /home/harshit/mrt_ws/arm_workspace/install/msg_interfaces/include/msg_interfaces/msg_interfaces/msg/rosidl_typesupport_fastrtps_c__visibility_control.h
[3.368s] -- Up-to-date symlink: /home/harshit/mrt_ws/arm_workspace/install/msg_interfaces/include/msg_interfaces/msg_interfaces/msg/detail/arm_end_motion__rosidl_typesupport_introspection_c.h
[3.368s] -- Up-to-date symlink: /home/harshit/mrt_ws/arm_workspace/install/msg_interfaces/include/msg_interfaces/msg_interfaces/msg/detail/encoder_arm__rosidl_typesupport_introspection_c.h
[3.368s] -- Up-to-date symlink: /home/harshit/mrt_ws/arm_workspace/install/msg_interfaces/include/msg_interfaces/msg_interfaces/msg/detail/user_command__rosidl_typesupport_introspection_c.h
[3.368s] -- Up-to-date symlink: /home/harshit/mrt_ws/arm_workspace/install/msg_interfaces/include/msg_interfaces/msg_interfaces/msg/rosidl_typesupport_introspection_c__visibility_control.h
[3.369s] -- Up-to-date symlink: /home/harshit/mrt_ws/arm_workspace/install/msg_interfaces/include/msg_interfaces/msg_interfaces/msg/arm_end_motion.hpp
[3.369s] -- Up-to-date symlink: /home/harshit/mrt_ws/arm_workspace/install/msg_interfaces/include/msg_interfaces/msg_interfaces/msg/detail/arm_end_motion__builder.hpp
[3.369s] -- Up-to-date symlink: /home/harshit/mrt_ws/arm_workspace/install/msg_interfaces/include/msg_interfaces/msg_interfaces/msg/detail/arm_end_motion__struct.hpp
[3.369s] -- Up-to-date symlink: /home/harshit/mrt_ws/arm_workspace/install/msg_interfaces/include/msg_interfaces/msg_interfaces/msg/detail/arm_end_motion__traits.hpp
[3.369s] -- Up-to-date symlink: /home/harshit/mrt_ws/arm_workspace/install/msg_interfaces/include/msg_interfaces/msg_interfaces/msg/detail/arm_end_motion__type_support.hpp
[3.369s] -- Up-to-date symlink: /home/harshit/mrt_ws/arm_workspace/install/msg_interfaces/include/msg_interfaces/msg_interfaces/msg/detail/encoder_arm__builder.hpp
[3.369s] -- Up-to-date symlink: /home/harshit/mrt_ws/arm_workspace/install/msg_interfaces/include/msg_interfaces/msg_interfaces/msg/detail/encoder_arm__struct.hpp
[3.369s] -- Up-to-date symlink: /home/harshit/mrt_ws/arm_workspace/install/msg_interfaces/include/msg_interfaces/msg_interfaces/msg/detail/encoder_arm__traits.hpp
[3.369s] -- Up-to-date symlink: /home/harshit/mrt_ws/arm_workspace/install/msg_interfaces/include/msg_interfaces/msg_interfaces/msg/detail/encoder_arm__type_support.hpp
[3.369s] -- Up-to-date symlink: /home/harshit/mrt_ws/arm_workspace/install/msg_interfaces/include/msg_interfaces/msg_interfaces/msg/detail/user_command__builder.hpp
[3.369s] -- Up-to-date symlink: /home/harshit/mrt_ws/arm_workspace/install/msg_interfaces/include/msg_interfaces/msg_interfaces/msg/detail/user_command__struct.hpp
[3.369s] -- Up-to-date symlink: /home/harshit/mrt_ws/arm_workspace/install/msg_interfaces/include/msg_interfaces/msg_interfaces/msg/detail/user_command__traits.hpp
[3.369s] -- Up-to-date symlink: /home/harshit/mrt_ws/arm_workspace/install/msg_interfaces/include/msg_interfaces/msg_interfaces/msg/detail/user_command__type_support.hpp
[3.369s] -- Up-to-date symlink: /home/harshit/mrt_ws/arm_workspace/install/msg_interfaces/include/msg_interfaces/msg_interfaces/msg/encoder_arm.hpp
[3.369s] -- Up-to-date symlink: /home/harshit/mrt_ws/arm_workspace/install/msg_interfaces/include/msg_interfaces/msg_interfaces/msg/rosidl_generator_cpp__visibility_control.hpp
[3.369s] -- Up-to-date symlink: /home/harshit/mrt_ws/arm_workspace/install/msg_interfaces/include/msg_interfaces/msg_interfaces/msg/user_command.hpp
[3.370s] -- Up-to-date symlink: /home/harshit/mrt_ws/arm_workspace/install/msg_interfaces/include/msg_interfaces/msg_interfaces/msg/detail/arm_end_motion__rosidl_typesupport_fastrtps_cpp.hpp
[3.370s] -- Up-to-date symlink: /home/harshit/mrt_ws/arm_workspace/install/msg_interfaces/include/msg_interfaces/msg_interfaces/msg/detail/encoder_arm__rosidl_typesupport_fastrtps_cpp.hpp
[3.370s] -- Up-to-date symlink: /home/harshit/mrt_ws/arm_workspace/install/msg_interfaces/include/msg_interfaces/msg_interfaces/msg/detail/user_command__rosidl_typesupport_fastrtps_cpp.hpp
[3.370s] -- Up-to-date symlink: /home/harshit/mrt_ws/arm_workspace/install/msg_interfaces/include/msg_interfaces/msg_interfaces/msg/rosidl_typesupport_fastrtps_cpp__visibility_control.h
[3.370s] -- Up-to-date symlink: /home/harshit/mrt_ws/arm_workspace/install/msg_interfaces/include/msg_interfaces/msg_interfaces/msg/detail/arm_end_motion__rosidl_typesupport_introspection_cpp.hpp
[3.370s] -- Up-to-date symlink: /home/harshit/mrt_ws/arm_workspace/install/msg_interfaces/include/msg_interfaces/msg_interfaces/msg/detail/encoder_arm__rosidl_typesupport_introspection_cpp.hpp
[3.370s] -- Up-to-date symlink: /home/harshit/mrt_ws/arm_workspace/install/msg_interfaces/include/msg_interfaces/msg_interfaces/msg/detail/user_command__rosidl_typesupport_introspection_cpp.hpp
[3.370s] -- Up-to-date symlink: /home/harshit/mrt_ws/arm_workspace/install/msg_interfaces/share/msg_interfaces/environment/pythonpath.sh
[3.370s] -- Up-to-date symlink: /home/harshit/mrt_ws/arm_workspace/install/msg_interfaces/share/msg_interfaces/environment/pythonpath.dsv
[3.370s] -- Up-to-date symlink: /home/harshit/mrt_ws/arm_workspace/install/msg_interfaces/local/lib/python3.10/dist-packages/msg_interfaces-0.0.0-py3.10.egg-info/PKG-INFO
[3.370s] -- Up-to-date symlink: /home/harshit/mrt_ws/arm_workspace/install/msg_interfaces/local/lib/python3.10/dist-packages/msg_interfaces-0.0.0-py3.10.egg-info/SOURCES.txt
[3.370s] -- Up-to-date symlink: /home/harshit/mrt_ws/arm_workspace/install/msg_interfaces/local/lib/python3.10/dist-packages/msg_interfaces-0.0.0-py3.10.egg-info/dependency_links.txt
[3.370s] -- Up-to-date symlink: /home/harshit/mrt_ws/arm_workspace/install/msg_interfaces/local/lib/python3.10/dist-packages/msg_interfaces-0.0.0-py3.10.egg-info/top_level.txt
[3.371s] -- Up-to-date symlink: /home/harshit/mrt_ws/arm_workspace/install/msg_interfaces/local/lib/python3.10/dist-packages/msg_interfaces/__init__.py
[3.371s] -- Up-to-date symlink: /home/harshit/mrt_ws/arm_workspace/install/msg_interfaces/local/lib/python3.10/dist-packages/msg_interfaces/_msg_interfaces_s.ep.rosidl_typesupport_c.c
[3.371s] -- Up-to-date symlink: /home/harshit/mrt_ws/arm_workspace/install/msg_interfaces/local/lib/python3.10/dist-packages/msg_interfaces/_msg_interfaces_s.ep.rosidl_typesupport_fastrtps_c.c
[3.371s] -- Up-to-date symlink: /home/harshit/mrt_ws/arm_workspace/install/msg_interfaces/local/lib/python3.10/dist-packages/msg_interfaces/_msg_interfaces_s.ep.rosidl_typesupport_introspection_c.c
[3.371s] -- Up-to-date symlink: /home/harshit/mrt_ws/arm_workspace/install/msg_interfaces/local/lib/python3.10/dist-packages/msg_interfaces/libmsg_interfaces__rosidl_generator_py.so
[3.371s] -- Up-to-date symlink: /home/harshit/mrt_ws/arm_workspace/install/msg_interfaces/local/lib/python3.10/dist-packages/msg_interfaces/msg/__init__.py
[3.371s] -- Up-to-date symlink: /home/harshit/mrt_ws/arm_workspace/install/msg_interfaces/local/lib/python3.10/dist-packages/msg_interfaces/msg/_arm_end_motion.py
[3.371s] -- Up-to-date symlink: /home/harshit/mrt_ws/arm_workspace/install/msg_interfaces/local/lib/python3.10/dist-packages/msg_interfaces/msg/_arm_end_motion_s.c
[3.371s] -- Up-to-date symlink: /home/harshit/mrt_ws/arm_workspace/install/msg_interfaces/local/lib/python3.10/dist-packages/msg_interfaces/msg/_encoder_arm.py
[3.371s] -- Up-to-date symlink: /home/harshit/mrt_ws/arm_workspace/install/msg_interfaces/local/lib/python3.10/dist-packages/msg_interfaces/msg/_encoder_arm_s.c
[3.371s] -- Up-to-date symlink: /home/harshit/mrt_ws/arm_workspace/install/msg_interfaces/local/lib/python3.10/dist-packages/msg_interfaces/msg/_user_command.py
[3.371s] -- Up-to-date symlink: /home/harshit/mrt_ws/arm_workspace/install/msg_interfaces/local/lib/python3.10/dist-packages/msg_interfaces/msg/_user_command_s.c
[3.371s] -- Up-to-date symlink: /home/harshit/mrt_ws/arm_workspace/install/msg_interfaces/local/lib/python3.10/dist-packages/msg_interfaces/msg_interfaces_s__rosidl_typesupport_c.cpython-310-x86_64-linux-gnu.so
[3.371s] -- Up-to-date symlink: /home/harshit/mrt_ws/arm_workspace/install/msg_interfaces/local/lib/python3.10/dist-packages/msg_interfaces/msg_interfaces_s__rosidl_typesupport_fastrtps_c.cpython-310-x86_64-linux-gnu.so
[3.371s] -- Up-to-date symlink: /home/harshit/mrt_ws/arm_workspace/install/msg_interfaces/local/lib/python3.10/dist-packages/msg_interfaces/msg_interfaces_s__rosidl_typesupport_introspection_c.cpython-310-x86_64-linux-gnu.so
[3.371s] -- Up-to-date symlink: /home/harshit/mrt_ws/arm_workspace/install/msg_interfaces/local/lib/python3.10/dist-packages/msg_interfaces/msg_interfaces_s__rosidl_typesupport_fastrtps_c.cpython-310-x86_64-linux-gnu.so
[3.371s] -- Up-to-date symlink: /home/harshit/mrt_ws/arm_workspace/install/msg_interfaces/local/lib/python3.10/dist-packages/msg_interfaces/msg_interfaces_s__rosidl_typesupport_introspection_c.cpython-310-x86_64-linux-gnu.so
[3.372s] -- Up-to-date symlink: /home/harshit/mrt_ws/arm_workspace/install/msg_interfaces/local/lib/python3.10/dist-packages/msg_interfaces/msg_interfaces_s__rosidl_typesupport_c.cpython-310-x86_64-linux-gnu.so
[3.372s] -- Up-to-date symlink: /home/harshit/mrt_ws/arm_workspace/install/msg_interfaces/share/msg_interfaces/msg/UserCommand.idl
[3.372s] -- Up-to-date symlink: /home/harshit/mrt_ws/arm_workspace/install/msg_interfaces/share/msg_interfaces/msg/ArmEndMotion.idl
[3.372s] -- Up-to-date symlink: /home/harshit/mrt_ws/arm_workspace/install/msg_interfaces/share/msg_interfaces/msg/EncoderArm.idl
[3.372s] -- Up-to-date symlink: /home/harshit/mrt_ws/arm_workspace/install/msg_interfaces/share/msg_interfaces/msg/UserCommand.msg
[3.372s] -- Up-to-date symlink: /home/harshit/mrt_ws/arm_workspace/install/msg_interfaces/share/msg_interfaces/msg/ArmEndMotion.msg
[3.372s] -- Up-to-date symlink: /home/harshit/mrt_ws/arm_workspace/install/msg_interfaces/share/msg_interfaces/msg/EncoderArm.msg
[3.372s] -- Up-to-date symlink: /home/harshit/mrt_ws/arm_workspace/install/msg_interfaces/share/ament_index/resource_index/package_run_dependencies/msg_interfaces
[3.372s] -- Up-to-date symlink: /home/harshit/mrt_ws/arm_workspace/install/msg_interfaces/share/ament_index/resource_index/parent_prefix_path/msg_interfaces
[3.372s] -- Up-to-date symlink: /home/harshit/mrt_ws/arm_workspace/install/msg_interfaces/share/msg_interfaces/environment/ament_prefix_path.sh
[3.372s] -- Up-to-date symlink: /home/harshit/mrt_ws/arm_workspace/install/msg_interfaces/share/msg_interfaces/environment/ament_prefix_path.dsv
[3.372s] -- Up-to-date symlink: /home/harshit/mrt_ws/arm_workspace/install/msg_interfaces/share/msg_interfaces/environment/path.sh
[3.372s] -- Up-to-date symlink: /home/harshit/mrt_ws/arm_workspace/install/msg_interfaces/share/msg_interfaces/environment/path.dsv
[3.372s] -- Up-to-date symlink: /home/harshit/mrt_ws/arm_workspace/install/msg_interfaces/share/msg_interfaces/local_setup.bash
[3.372s] -- Up-to-date symlink: /home/harshit/mrt_ws/arm_workspace/install/msg_interfaces/share/msg_interfaces/local_setup.sh
[3.372s] -- Up-to-date symlink: /home/harshit/mrt_ws/arm_workspace/install/msg_interfaces/share/msg_interfaces/local_setup.zsh
[3.372s] -- Up-to-date symlink: /home/harshit/mrt_ws/arm_workspace/install/msg_interfaces/share/msg_interfaces/local_setup.dsv
[3.373s] -- Symlinking: /home/harshit/mrt_ws/arm_workspace/install/msg_interfaces/share/msg_interfaces/package.dsv
[3.375s] -- Up-to-date symlink: /home/harshit/mrt_ws/arm_workspace/install/msg_interfaces/share/ament_index/resource_index/packages/msg_interfaces
[3.375s] -- Up-to-date symlink: /home/harshit/mrt_ws/arm_workspace/install/msg_interfaces/share/msg_interfaces/cmake/rosidl_cmake-extras.cmake
[3.375s] -- Up-to-date symlink: /home/harshit/mrt_ws/arm_workspace/install/msg_interfaces/share/msg_interfaces/cmake/ament_cmake_export_include_directories-extras.cmake
[3.375s] -- Up-to-date symlink: /home/harshit/mrt_ws/arm_workspace/install/msg_interfaces/share/msg_interfaces/cmake/ament_cmake_export_libraries-extras.cmake
[3.375s] -- Up-to-date symlink: /home/harshit/mrt_ws/arm_workspace/install/msg_interfaces/share/msg_interfaces/cmake/ament_cmake_export_targets-extras.cmake
[3.375s] -- Up-to-date symlink: /home/harshit/mrt_ws/arm_workspace/install/msg_interfaces/share/msg_interfaces/cmake/rosidl_cmake_export_typesupport_targets-extras.cmake
[3.375s] -- Up-to-date symlink: /home/harshit/mrt_ws/arm_workspace/install/msg_interfaces/share/msg_interfaces/cmake/ament_cmake_export_dependencies-extras.cmake
[3.375s] -- Up-to-date symlink: /home/harshit/mrt_ws/arm_workspace/install/msg_interfaces/share/msg_interfaces/cmake/rosidl_cmake_export_typesupport_libraries-extras.cmake
[3.375s] -- Up-to-date symlink: /home/harshit/mrt_ws/arm_workspace/install/msg_interfaces/share/msg_interfaces/cmake/msg_interfacesConfig.cmake
[3.376s] -- Up-to-date symlink: /home/harshit/mrt_ws/arm_workspace/install/msg_interfaces/share/msg_interfaces/cmake/msg_interfacesConfig-version.cmake
[3.376s] -- Up-to-date symlink: /home/harshit/mrt_ws/arm_workspace/install/msg_interfaces/share/msg_interfaces/package.xml
[3.376s] -- Up-to-date: /home/harshit/mrt_ws/arm_workspace/install/msg_interfaces/lib/libmsg_interfaces__rosidl_generator_c.so
[3.376s] -- Up-to-date: /home/harshit/mrt_ws/arm_workspace/install/msg_interfaces/lib/libmsg_interfaces__rosidl_typesupport_fastrtps_c.so
[3.376s] -- Up-to-date: /home/harshit/mrt_ws/arm_workspace/install/msg_interfaces/lib/libmsg_interfaces__rosidl_typesupport_introspection_c.so
[3.376s] -- Up-to-date: /home/harshit/mrt_ws/arm_workspace/install/msg_interfaces/lib/libmsg_interfaces__rosidl_typesupport_c.so
[3.376s] -- Up-to-date: /home/harshit/mrt_ws/arm_workspace/install/msg_interfaces/lib/libmsg_interfaces__rosidl_typesupport_fastrtps_cpp.so
[3.376s] -- Up-to-date: /home/harshit/mrt_ws/arm_workspace/install/msg_interfaces/lib/libmsg_interfaces__rosidl_typesupport_introspection_cpp.so
[3.376s] -- Up-to-date: /home/harshit/mrt_ws/arm_workspace/install/msg_interfaces/lib/libmsg_interfaces__rosidl_typesupport_cpp.so
[3.401s] Listing '/home/harshit/mrt_ws/arm_workspace/install/msg_interfaces/local/lib/python3.10/dist-packages/msg_interfaces'...
[3.401s] Compiling '/home/harshit/mrt_ws/arm_workspace/install/msg_interfaces/local/lib/python3.10/dist-packages/msg_interfaces/__init__.py'...
[3.401s] Listing '/home/harshit/mrt_ws/arm_workspace/install/msg_interfaces/local/lib/python3.10/dist-packages/msg_interfaces/msg'...
[3.404s] -- Up-to-date: /home/harshit/mrt_ws/arm_workspace/install/msg_interfaces/lib/libmsg_interfaces__rosidl_generator_py.so
[3.405s] -- Up-to-date: /home/harshit/mrt_ws/arm_workspace/install/msg_interfaces/share/msg_interfaces/cmake/export_msg_interfaces__rosidl_generator_cExport.cmake
[3.405s] -- Up-to-date: /home/harshit/mrt_ws/arm_workspace/install/msg_interfaces/share/msg_interfaces/cmake/export_msg_interfaces__rosidl_generator_cExport-noconfig.cmake
[3.405s] -- Up-to-date: /home/harshit/mrt_ws/arm_workspace/install/msg_interfaces/share/msg_interfaces/cmake/export_msg_interfaces__rosidl_typesupport_fastrtps_cExport.cmake
[3.405s] -- Up-to-date: /home/harshit/mrt_ws/arm_workspace/install/msg_interfaces/share/msg_interfaces/cmake/export_msg_interfaces__rosidl_typesupport_fastrtps_cExport-noconfig.cmake
[3.405s] -- Up-to-date: /home/harshit/mrt_ws/arm_workspace/install/msg_interfaces/share/msg_interfaces/cmake/msg_interfaces__rosidl_typesupport_introspection_cExport.cmake
[3.405s] -- Up-to-date: /home/harshit/mrt_ws/arm_workspace/install/msg_interfaces/share/msg_interfaces/cmake/msg_interfaces__rosidl_typesupport_introspection_cExport-noconfig.cmake
[3.405s] -- Up-to-date: /home/harshit/mrt_ws/arm_workspace/install/msg_interfaces/share/msg_interfaces/cmake/msg_interfaces__rosidl_typesupport_cExport.cmake
[3.405s] -- Up-to-date: /home/harshit/mrt_ws/arm_workspace/install/msg_interfaces/share/msg_interfaces/cmake/msg_interfaces__rosidl_typesupport_cExport-noconfig.cmake
[3.405s] -- Up-to-date: /home/harshit/mrt_ws/arm_workspace/install/msg_interfaces/share/msg_interfaces/cmake/export_msg_interfaces__rosidl_generator_cppExport.cmake
[3.405s] -- Up-to-date: /home/harshit/mrt_ws/arm_workspace/install/msg_interfaces/share/msg_interfaces/cmake/export_msg_interfaces__rosidl_typesupport_fastrtps_cppExport.cmake
[3.405s] -- Up-to-date: /home/harshit/mrt_ws/arm_workspace/install/msg_interfaces/share/msg_interfaces/cmake/export_msg_interfaces__rosidl_typesupport_fastrtps_cppExport-noconfig.cmake
[3.405s] -- Up-to-date: /home/harshit/mrt_ws/arm_workspace/install/msg_interfaces/share/msg_interfaces/cmake/msg_interfaces__rosidl_typesupport_introspection_cppExport.cmake
[3.405s] -- Up-to-date: /home/harshit/mrt_ws/arm_workspace/install/msg_interfaces/share/msg_interfaces/cmake/msg_interfaces__rosidl_typesupport_introspection_cppExport-noconfig.cmake
[3.405s] -- Up-to-date: /home/harshit/mrt_ws/arm_workspace/install/msg_interfaces/share/msg_interfaces/cmake/msg_interfaces__rosidl_typesupport_cppExport.cmake
[3.405s] -- Up-to-date: /home/harshit/mrt_ws/arm_workspace/install/msg_interfaces/share/msg_interfaces/cmake/msg_interfaces__rosidl_typesupport_cppExport-noconfig.cmake
[3.405s] -- Up-to-date: /home/harshit/mrt_ws/arm_workspace/install/msg_interfaces/share/msg_interfaces/cmake/export_msg_interfaces__rosidl_generator_pyExport.cmake
[3.405s] -- Up-to-date: /home/harshit/mrt_ws/arm_workspace/install/msg_interfaces/share/msg_interfaces/cmake/export_msg_interfaces__rosidl_generator_pyExport-noconfig.cmake
[3.406s] Invoked command in '/home/harshit/mrt_ws/arm_workspace/build/msg_interfaces' returned '0': CMAKE_PREFIX_PATH=${CMAKE_PREFIX_PATH}:/home/harshit/mrt_ws/arm_workspace/install/arm_pos_control:/home/harshit/mrt_ws/install/week1_tutorials:/home/harshit/mrt_ws/install/week0_tutorials:/home/harshit/mrt_ws/install/sauron:/home/harshit/mrt_ws/install/odom_tf_publisher:/home/harshit/mrt_ws/install/mrs_hudson:/home/harshit/mrt_ws/install/assgn:/home/harshit/mrt_ws/install/aruco_detection:/home/harshit/urdf_rviz/install/urdf_testing:/home/harshit/urdf_rviz/install/robot_car:/opt/ros/humble /usr/bin/cmake --install /home/harshit/mrt_ws/arm_workspace/build/msg_interfaces
