[0.741s] Invoking command in '/home/harshit/mrt_ws/arm_workspace/build/arm_pos_control': PYTHONPATH=/home/harshit/mrt_ws/arm_workspace/build/arm_pos_control/prefix_override:/usr/lib/python3/dist-packages/colcon_core/task/python/colcon_distutils_commands:/home/harshit/mrt_ws/arm_workspace/install/arm_pos_control/lib/python3.10/site-packages:${PYTHONPATH} /usr/bin/python3 -W ignore:setup.py install is deprecated -W ignore:easy_install command is deprecated setup.py develop --uninstall --editable --build-directory /home/harshit/mrt_ws/arm_workspace/build/arm_pos_control/build
[0.990s] running develop
[1.148s] Removing /home/harshit/mrt_ws/arm_workspace/install/arm_pos_control/lib/python3.10/site-packages/arm-pos-control.egg-link (link to .)
[1.180s] Invoked command in '/home/harshit/mrt_ws/arm_workspace/build/arm_pos_control' returned '0': PYTHONPATH=/home/harshit/mrt_ws/arm_workspace/build/arm_pos_control/prefix_override:/usr/lib/python3/dist-packages/colcon_core/task/python/colcon_distutils_commands:/home/harshit/mrt_ws/arm_workspace/install/arm_pos_control/lib/python3.10/site-packages:${PYTHONPATH} /usr/bin/python3 -W ignore:setup.py install is deprecated -W ignore:easy_install command is deprecated setup.py develop --uninstall --editable --build-directory /home/harshit/mrt_ws/arm_workspace/build/arm_pos_control/build
[1.181s] Invoking command in '/home/harshit/mrt_ws/arm_workspace/src/arm_pos_control': PYTHONPATH=/home/harshit/mrt_ws/arm_workspace/build/arm_pos_control/prefix_override:/usr/lib/python3/dist-packages/colcon_core/task/python/colcon_distutils_commands:/home/harshit/mrt_ws/arm_workspace/install/arm_pos_control/lib/python3.10/site-packages:${PYTHONPATH} /usr/bin/python3 -W ignore:setup.py install is deprecated -W ignore:easy_install command is deprecated setup.py egg_info --egg-base ../../build/arm_pos_control build --build-base /home/harshit/mrt_ws/arm_workspace/build/arm_pos_control/build install --record /home/harshit/mrt_ws/arm_workspace/build/arm_pos_control/install.log --single-version-externally-managed install_data --force
[1.382s] running egg_info
[1.382s] writing ../../build/arm_pos_control/arm_pos_control.egg-info/PKG-INFO
[1.382s] writing dependency_links to ../../build/arm_pos_control/arm_pos_control.egg-info/dependency_links.txt
[1.382s] writing entry points to ../../build/arm_pos_control/arm_pos_control.egg-info/entry_points.txt
[1.382s] writing requirements to ../../build/arm_pos_control/arm_pos_control.egg-info/requires.txt
[1.382s] writing top-level names to ../../build/arm_pos_control/arm_pos_control.egg-info/top_level.txt
[1.384s] reading manifest file '../../build/arm_pos_control/arm_pos_control.egg-info/SOURCES.txt'
[1.384s] adding license file 'LICENSE'
[1.384s] writing manifest file '../../build/arm_pos_control/arm_pos_control.egg-info/SOURCES.txt'
[1.384s] running build
[1.385s] running build_py
[1.385s] creating /home/harshit/mrt_ws/arm_workspace/build/arm_pos_control/build
[1.385s] creating /home/harshit/mrt_ws/arm_workspace/build/arm_pos_control/build/lib
[1.385s] creating /home/harshit/mrt_ws/arm_workspace/build/arm_pos_control/build/lib/arm_pos_control
[1.385s] copying arm_pos_control/controller.py -> /home/harshit/mrt_ws/arm_workspace/build/arm_pos_control/build/lib/arm_pos_control
[1.385s] copying arm_pos_control/min_jerk.py -> /home/harshit/mrt_ws/arm_workspace/build/arm_pos_control/build/lib/arm_pos_control
[1.385s] copying arm_pos_control/command_publisher.py -> /home/harshit/mrt_ws/arm_workspace/build/arm_pos_control/build/lib/arm_pos_control
[1.385s] copying arm_pos_control/__init__.py -> /home/harshit/mrt_ws/arm_workspace/build/arm_pos_control/build/lib/arm_pos_control
[1.385s] running install
[1.385s] running install_lib
[1.386s] creating /home/harshit/mrt_ws/arm_workspace/install/arm_pos_control/lib/python3.10/site-packages/arm_pos_control
[1.386s] copying /home/harshit/mrt_ws/arm_workspace/build/arm_pos_control/build/lib/arm_pos_control/controller.py -> /home/harshit/mrt_ws/arm_workspace/install/arm_pos_control/lib/python3.10/site-packages/arm_pos_control
[1.386s] copying /home/harshit/mrt_ws/arm_workspace/build/arm_pos_control/build/lib/arm_pos_control/min_jerk.py -> /home/harshit/mrt_ws/arm_workspace/install/arm_pos_control/lib/python3.10/site-packages/arm_pos_control
[1.386s] copying /home/harshit/mrt_ws/arm_workspace/build/arm_pos_control/build/lib/arm_pos_control/command_publisher.py -> /home/harshit/mrt_ws/arm_workspace/install/arm_pos_control/lib/python3.10/site-packages/arm_pos_control
[1.386s] copying /home/harshit/mrt_ws/arm_workspace/build/arm_pos_control/build/lib/arm_pos_control/__init__.py -> /home/harshit/mrt_ws/arm_workspace/install/arm_pos_control/lib/python3.10/site-packages/arm_pos_control
[1.387s] byte-compiling /home/harshit/mrt_ws/arm_workspace/install/arm_pos_control/lib/python3.10/site-packages/arm_pos_control/controller.py to controller.cpython-310.pyc
[1.388s] byte-compiling /home/harshit/mrt_ws/arm_workspace/install/arm_pos_control/lib/python3.10/site-packages/arm_pos_control/min_jerk.py to min_jerk.cpython-310.pyc
[1.389s] byte-compiling /home/harshit/mrt_ws/arm_workspace/install/arm_pos_control/lib/python3.10/site-packages/arm_pos_control/command_publisher.py to command_publisher.cpython-310.pyc
[1.390s] byte-compiling /home/harshit/mrt_ws/arm_workspace/install/arm_pos_control/lib/python3.10/site-packages/arm_pos_control/__init__.py to __init__.cpython-310.pyc
[1.390s] running install_data
[1.390s] copying resource/arm_pos_control -> /home/harshit/mrt_ws/arm_workspace/install/arm_pos_control/share/ament_index/resource_index/packages
[1.390s] copying package.xml -> /home/harshit/mrt_ws/arm_workspace/install/arm_pos_control/share/arm_pos_control
[1.390s] running install_egg_info
[1.392s] Copying ../../build/arm_pos_control/arm_pos_control.egg-info to /home/harshit/mrt_ws/arm_workspace/install/arm_pos_control/lib/python3.10/site-packages/arm_pos_control-0.0.0-py3.10.egg-info
[1.392s] running install_scripts
[1.407s] Installing commander script to /home/harshit/mrt_ws/arm_workspace/install/arm_pos_control/lib/arm_pos_control
[1.407s] Installing pid_controller script to /home/harshit/mrt_ws/arm_workspace/install/arm_pos_control/lib/arm_pos_control
[1.407s] writing list of installed files to '/home/harshit/mrt_ws/arm_workspace/build/arm_pos_control/install.log'
[1.426s] Invoked command in '/home/harshit/mrt_ws/arm_workspace/src/arm_pos_control' returned '0': PYTHONPATH=/home/harshit/mrt_ws/arm_workspace/build/arm_pos_control/prefix_override:/usr/lib/python3/dist-packages/colcon_core/task/python/colcon_distutils_commands:/home/harshit/mrt_ws/arm_workspace/install/arm_pos_control/lib/python3.10/site-packages:${PYTHONPATH} /usr/bin/python3 -W ignore:setup.py install is deprecated -W ignore:easy_install command is deprecated setup.py egg_info --egg-base ../../build/arm_pos_control build --build-base /home/harshit/mrt_ws/arm_workspace/build/arm_pos_control/build install --record /home/harshit/mrt_ws/arm_workspace/build/arm_pos_control/install.log --single-version-externally-managed install_data --force
