[0.389s] Invoking command in '/home/harshit/mrt_ws/src/aruco_detection': AMENT_PREFIX_PATH=/home/harshit/mrt_ws/install/aruco_detection_interfaces:${AMENT_PREFIX_PATH} CMAKE_PREFIX_PATH=/home/harshit/mrt_ws/install/aruco_detection_interfaces:${CMAKE_PREFIX_PATH} LD_LIBRARY_PATH=/home/harshit/mrt_ws/install/aruco_detection_interfaces/lib:${LD_LIBRARY_PATH} PYTHONPATH=/home/harshit/mrt_ws/build/aruco_detection/prefix_override:/usr/lib/python3/dist-packages/colcon_core/task/python/colcon_distutils_commands:/home/harshit/mrt_ws/install/aruco_detection/lib/python3.10/site-packages:/home/harshit/mrt_ws/install/aruco_detection_interfaces/local/lib/python3.10/dist-packages:${PYTHONPATH} /usr/bin/python3 -W ignore:setup.py install is deprecated setup.py egg_info --egg-base ../../build/aruco_detection build --build-base /home/harshit/mrt_ws/build/aruco_detection/build install --record /home/harshit/mrt_ws/build/aruco_detection/install.log --single-version-externally-managed install_data
[0.538s] running egg_info
[0.539s] creating ../../build/aruco_detection/aruco_detection.egg-info
[0.539s] writing ../../build/aruco_detection/aruco_detection.egg-info/PKG-INFO
[0.539s] writing dependency_links to ../../build/aruco_detection/aruco_detection.egg-info/dependency_links.txt
[0.539s] writing entry points to ../../build/aruco_detection/aruco_detection.egg-info/entry_points.txt
[0.539s] writing requirements to ../../build/aruco_detection/aruco_detection.egg-info/requires.txt
[0.539s] writing top-level names to ../../build/aruco_detection/aruco_detection.egg-info/top_level.txt
[0.539s] writing manifest file '../../build/aruco_detection/aruco_detection.egg-info/SOURCES.txt'
[0.540s] reading manifest file '../../build/aruco_detection/aruco_detection.egg-info/SOURCES.txt'
[0.541s] writing manifest file '../../build/aruco_detection/aruco_detection.egg-info/SOURCES.txt'
[0.541s] running build
[0.541s] running build_py
[0.541s] creating /home/harshit/mrt_ws/build/aruco_detection/build
[0.541s] creating /home/harshit/mrt_ws/build/aruco_detection/build/lib
[0.541s] creating /home/harshit/mrt_ws/build/aruco_detection/build/lib/aruco_detection
[0.541s] copying aruco_detection/client_vid.py -> /home/harshit/mrt_ws/build/aruco_detection/build/lib/aruco_detection
[0.541s] copying aruco_detection/client_img.py -> /home/harshit/mrt_ws/build/aruco_detection/build/lib/aruco_detection
[0.541s] copying aruco_detection/service.py -> /home/harshit/mrt_ws/build/aruco_detection/build/lib/aruco_detection
[0.541s] copying aruco_detection/__init__.py -> /home/harshit/mrt_ws/build/aruco_detection/build/lib/aruco_detection
[0.542s] running install
[0.542s] running install_lib
[0.542s] creating /home/harshit/mrt_ws/install/aruco_detection/lib/python3.10/site-packages/aruco_detection
[0.542s] copying /home/harshit/mrt_ws/build/aruco_detection/build/lib/aruco_detection/client_vid.py -> /home/harshit/mrt_ws/install/aruco_detection/lib/python3.10/site-packages/aruco_detection
[0.542s] copying /home/harshit/mrt_ws/build/aruco_detection/build/lib/aruco_detection/client_img.py -> /home/harshit/mrt_ws/install/aruco_detection/lib/python3.10/site-packages/aruco_detection
[0.543s] copying /home/harshit/mrt_ws/build/aruco_detection/build/lib/aruco_detection/service.py -> /home/harshit/mrt_ws/install/aruco_detection/lib/python3.10/site-packages/aruco_detection
[0.543s] copying /home/harshit/mrt_ws/build/aruco_detection/build/lib/aruco_detection/__init__.py -> /home/harshit/mrt_ws/install/aruco_detection/lib/python3.10/site-packages/aruco_detection
[0.543s] byte-compiling /home/harshit/mrt_ws/install/aruco_detection/lib/python3.10/site-packages/aruco_detection/client_vid.py to client_vid.cpython-310.pyc
[0.543s] byte-compiling /home/harshit/mrt_ws/install/aruco_detection/lib/python3.10/site-packages/aruco_detection/client_img.py to client_img.cpython-310.pyc
[0.544s] byte-compiling /home/harshit/mrt_ws/install/aruco_detection/lib/python3.10/site-packages/aruco_detection/service.py to service.cpython-310.pyc
[0.544s] byte-compiling /home/harshit/mrt_ws/install/aruco_detection/lib/python3.10/site-packages/aruco_detection/__init__.py to __init__.cpython-310.pyc
[0.544s] running install_data
[0.544s] creating /home/harshit/mrt_ws/install/aruco_detection/share/ament_index
[0.544s] creating /home/harshit/mrt_ws/install/aruco_detection/share/ament_index/resource_index
[0.544s] creating /home/harshit/mrt_ws/install/aruco_detection/share/ament_index/resource_index/packages
[0.544s] copying resource/aruco_detection -> /home/harshit/mrt_ws/install/aruco_detection/share/ament_index/resource_index/packages
[0.544s] copying package.xml -> /home/harshit/mrt_ws/install/aruco_detection/share/aruco_detection
[0.544s] running install_egg_info
[0.546s] Copying ../../build/aruco_detection/aruco_detection.egg-info to /home/harshit/mrt_ws/install/aruco_detection/lib/python3.10/site-packages/aruco_detection-0.0.0-py3.10.egg-info
[0.546s] running install_scripts
[0.560s] Installing client-img script to /home/harshit/mrt_ws/install/aruco_detection/lib/aruco_detection
[0.560s] Installing client-vid script to /home/harshit/mrt_ws/install/aruco_detection/lib/aruco_detection
[0.560s] Installing service script to /home/harshit/mrt_ws/install/aruco_detection/lib/aruco_detection
[0.560s] writing list of installed files to '/home/harshit/mrt_ws/build/aruco_detection/install.log'
[0.580s] Invoked command in '/home/harshit/mrt_ws/src/aruco_detection' returned '0': AMENT_PREFIX_PATH=/home/harshit/mrt_ws/install/aruco_detection_interfaces:${AMENT_PREFIX_PATH} CMAKE_PREFIX_PATH=/home/harshit/mrt_ws/install/aruco_detection_interfaces:${CMAKE_PREFIX_PATH} LD_LIBRARY_PATH=/home/harshit/mrt_ws/install/aruco_detection_interfaces/lib:${LD_LIBRARY_PATH} PYTHONPATH=/home/harshit/mrt_ws/build/aruco_detection/prefix_override:/usr/lib/python3/dist-packages/colcon_core/task/python/colcon_distutils_commands:/home/harshit/mrt_ws/install/aruco_detection/lib/python3.10/site-packages:/home/harshit/mrt_ws/install/aruco_detection_interfaces/local/lib/python3.10/dist-packages:${PYTHONPATH} /usr/bin/python3 -W ignore:setup.py install is deprecated setup.py egg_info --egg-base ../../build/aruco_detection build --build-base /home/harshit/mrt_ws/build/aruco_detection/build install --record /home/harshit/mrt_ws/build/aruco_detection/install.log --single-version-externally-managed install_data
