[0.008s] Invoking command in '/home/harshit/mrt_ws/src/all_interfaces/build/all_interfaces': CMAKE_PREFIX_PATH=${CMAKE_PREFIX_PATH}:/home/harshit/mrt_ws/install/week1_tutorials:/home/harshit/mrt_ws/install/week0_tutorials:/home/harshit/mrt_ws/install/sauron:/home/harshit/mrt_ws/install/odom_tf_publisher:/home/harshit/mrt_ws/install/mrs_hudson:/home/harshit/mrt_ws/install/assgn:/home/harshit/mrt_ws/install/aruco_detection:/home/harshit/urdf_rviz/install/urdf_testing:/home/harshit/urdf_rviz/install/robot_car:/opt/ros/humble /usr/bin/cmake /home/harshit/mrt_ws/src/all_interfaces -DCMAKE_INSTALL_PREFIX=/home/harshit/mrt_ws/src/all_interfaces/install/all_interfaces
[0.031s] [0mCMake Deprecation Warning at CMakeLists.txt:1 (cmake_minimum_required):
[0.031s]   Compatibility with CMake < 3.10 will be removed from a future version of
[0.031s]   CMake.
[0.031s] 
[0.031s]   Update the VERSION argument <min> value.  Or, use the <min>...<max> syntax
[0.031s]   to tell CMake that the project requires at least <min> but has been updated
[0.031s]   to work with policies introduced by <max> or earlier.
[0.031s] 
[0.031s] [0m
[0.092s] -- The C compiler identification is GNU 11.4.0
[0.159s] -- The CXX compiler identification is GNU 11.4.0
[0.169s] -- Detecting C compiler ABI info
[0.215s] -- Detecting C compiler ABI info - done
[0.226s] -- Check for working C compiler: /usr/bin/cc - skipped
[0.227s] -- Detecting C compile features
[0.227s] -- Detecting C compile features - done
[0.237s] -- Detecting CXX compiler ABI info
[0.283s] -- Detecting CXX compiler ABI info - done
[0.293s] -- Check for working CXX compiler: /usr/bin/c++ - skipped
[0.293s] -- Detecting CXX compile features
[0.294s] -- Detecting CXX compile features - done
[0.302s] -- Found ament_cmake: 1.3.12 (/opt/ros/humble/share/ament_cmake/cmake)
[0.459s] -- Found Python3: /usr/bin/python3 (found version "3.10.12") found components: Interpreter
[0.562s] -- Found rosidl_default_generators: 1.2.0 (/opt/ros/humble/share/rosidl_default_generators/cmake)
[0.568s] -- Using all available rosidl_typesupport_c: rosidl_typesupport_fastrtps_c;rosidl_typesupport_introspection_c
[0.577s] -- Found rosidl_adapter: 3.1.7 (/opt/ros/humble/share/rosidl_adapter/cmake)
[0.637s] -- Using all available rosidl_typesupport_cpp: rosidl_typesupport_fastrtps_cpp;rosidl_typesupport_introspection_cpp
[1.088s] -- Found ament_cmake_ros: 0.10.0 (/opt/ros/humble/share/ament_cmake_ros/cmake)
[1.568s] -- Using all available rosidl_typesupport_c: rosidl_typesupport_fastrtps_c;rosidl_typesupport_introspection_c
[2.181s] -- Using all available rosidl_typesupport_cpp: rosidl_typesupport_fastrtps_cpp;rosidl_typesupport_introspection_cpp
[2.190s] [33mCMake Warning (dev) at /opt/ros/humble/share/rosidl_generator_py/cmake/rosidl_generator_py_generate_interfaces.cmake:20 (find_package):
[2.190s]   Policy CMP0148 is not set: The FindPythonInterp and FindPythonLibs modules
[2.190s]   are removed.  Run "cmake --help-policy CMP0148" for policy details.  Use
[2.190s]   the cmake_policy command to set the policy and suppress this warning.
[2.190s] 
[2.190s] Call Stack (most recent call first):
[2.190s]   /opt/ros/humble/share/ament_cmake_core/cmake/core/ament_execute_extensions.cmake:48 (include)
[2.190s]   /opt/ros/humble/share/rosidl_cmake/cmake/rosidl_generate_interfaces.cmake:286 (ament_execute_extensions)
[2.190s]   CMakeLists.txt:15 (rosidl_generate_interfaces)
[2.190s] This warning is for project developers.  Use -Wno-dev to suppress it.
[2.191s] [0m
[2.216s] -- Found PythonInterp: /usr/bin/python3 (found suitable version "3.10.12", minimum required is "3.6")
[2.218s] -- Found python_cmake_module: 0.10.0 (/opt/ros/humble/share/python_cmake_module/cmake)
[2.221s] [33mCMake Warning (dev) at /opt/ros/humble/share/python_cmake_module/cmake/Modules/FindPythonExtra.cmake:52 (find_package):
[2.221s]   Policy CMP0148 is not set: The FindPythonInterp and FindPythonLibs modules
[2.221s]   are removed.  Run "cmake --help-policy CMP0148" for policy details.  Use
[2.221s]   the cmake_policy command to set the policy and suppress this warning.
[2.221s] 
[2.221s] Call Stack (most recent call first):
[2.221s]   /opt/ros/humble/share/rosidl_generator_py/cmake/rosidl_generator_py_generate_interfaces.cmake:23 (find_package)
[2.221s]   /opt/ros/humble/share/ament_cmake_core/cmake/core/ament_execute_extensions.cmake:48 (include)
[2.221s]   /opt/ros/humble/share/rosidl_cmake/cmake/rosidl_generate_interfaces.cmake:286 (ament_execute_extensions)
[2.221s]   CMakeLists.txt:15 (rosidl_generate_interfaces)
[2.221s] This warning is for project developers.  Use -Wno-dev to suppress it.
[2.221s] [0m
[2.247s] [33mCMake Warning (dev) at /opt/ros/humble/share/python_cmake_module/cmake/Modules/FindPythonExtra.cmake:140 (find_package):
[2.247s]   Policy CMP0148 is not set: The FindPythonInterp and FindPythonLibs modules
[2.247s]   are removed.  Run "cmake --help-policy CMP0148" for policy details.  Use
[2.247s]   the cmake_policy command to set the policy and suppress this warning.
[2.247s] 
[2.247s] Call Stack (most recent call first):
[2.247s]   /opt/ros/humble/share/rosidl_generator_py/cmake/rosidl_generator_py_generate_interfaces.cmake:23 (find_package)
[2.247s]   /opt/ros/humble/share/ament_cmake_core/cmake/core/ament_execute_extensions.cmake:48 (include)
[2.248s]   /opt/ros/humble/share/rosidl_cmake/cmake/rosidl_generate_interfaces.cmake:286 (ament_execute_extensions)
[2.248s]   CMakeLists.txt:15 (rosidl_generate_interfaces)
[2.248s] This warning is for project developers.  Use -Wno-dev to suppress it.
[2.248s] [0m
[2.256s] -- Found PythonLibs: /usr/lib/x86_64-linux-gnu/libpython3.10.so (found suitable version "3.10.12", minimum required is "3.5")
[2.256s] -- Using PYTHON_EXECUTABLE: /usr/bin/python3
[2.256s] -- Using PYTHON_INCLUDE_DIRS: /usr/include/python3.10
[2.256s] -- Using PYTHON_LIBRARIES: /usr/lib/x86_64-linux-gnu/libpython3.10.so
[2.278s] -- Found PythonExtra: .so
[2.311s] -- Found ament_lint_auto: 0.12.14 (/opt/ros/humble/share/ament_lint_auto/cmake)
[2.349s] -- Added test 'cppcheck' to perform static code analysis on C / C++ code
[2.349s] -- Configured cppcheck include dirs: $<BUILD_INTERFACE:/home/harshit/mrt_ws/src/all_interfaces/build/all_interfaces/rosidl_generator_c>;$<BUILD_INTERFACE:/home/harshit/mrt_ws/src/all_interfaces/build/all_interfaces/rosidl_typesupport_fastrtps_c>;$<BUILD_INTERFACE:/home/harshit/mrt_ws/src/all_interfaces/build/all_interfaces/rosidl_typesupport_introspection_c>;$<BUILD_INTERFACE:/home/harshit/mrt_ws/src/all_interfaces/build/all_interfaces/rosidl_generator_cpp>;$<BUILD_INTERFACE:/home/harshit/mrt_ws/src/all_interfaces/build/all_interfaces/rosidl_typesupport_fastrtps_cpp>;$<BUILD_INTERFACE:/home/harshit/mrt_ws/src/all_interfaces/build/all_interfaces/rosidl_typesupport_introspection_cpp>;/home/harshit/mrt_ws/src/all_interfaces/build/all_interfaces/rosidl_generator_c;/home/harshit/mrt_ws/src/all_interfaces/build/all_interfaces/rosidl_generator_py
[2.349s] -- Configured cppcheck exclude dirs and/or files: 
[2.351s] -- Added test 'flake8' to check Python code syntax and style conventions
[2.353s] -- Added test 'lint_cmake' to check CMake code style
[2.355s] -- Added test 'pep257' to check Python code against some of the docstring style conventions in PEP 257
[2.361s] -- Added test 'uncrustify' to check C / C++ code style
[2.361s] -- Configured uncrustify additional arguments: 
[2.363s] -- Added test 'xmllint' to check XML markup files
[2.365s] -- Configuring done (2.3s)
[2.385s] -- Generating done (0.0s)
[2.390s] -- Build files have been written to: /home/harshit/mrt_ws/src/all_interfaces/build/all_interfaces
[2.394s] Invoked command in '/home/harshit/mrt_ws/src/all_interfaces/build/all_interfaces' returned '0': CMAKE_PREFIX_PATH=${CMAKE_PREFIX_PATH}:/home/harshit/mrt_ws/install/week1_tutorials:/home/harshit/mrt_ws/install/week0_tutorials:/home/harshit/mrt_ws/install/sauron:/home/harshit/mrt_ws/install/odom_tf_publisher:/home/harshit/mrt_ws/install/mrs_hudson:/home/harshit/mrt_ws/install/assgn:/home/harshit/mrt_ws/install/aruco_detection:/home/harshit/urdf_rviz/install/urdf_testing:/home/harshit/urdf_rviz/install/robot_car:/opt/ros/humble /usr/bin/cmake /home/harshit/mrt_ws/src/all_interfaces -DCMAKE_INSTALL_PREFIX=/home/harshit/mrt_ws/src/all_interfaces/install/all_interfaces
[2.396s] Invoking command in '/home/harshit/mrt_ws/src/all_interfaces/build/all_interfaces': CMAKE_PREFIX_PATH=${CMAKE_PREFIX_PATH}:/home/harshit/mrt_ws/install/week1_tutorials:/home/harshit/mrt_ws/install/week0_tutorials:/home/harshit/mrt_ws/install/sauron:/home/harshit/mrt_ws/install/odom_tf_publisher:/home/harshit/mrt_ws/install/mrs_hudson:/home/harshit/mrt_ws/install/assgn:/home/harshit/mrt_ws/install/aruco_detection:/home/harshit/urdf_rviz/install/urdf_testing:/home/harshit/urdf_rviz/install/robot_car:/opt/ros/humble /usr/bin/cmake --build /home/harshit/mrt_ws/src/all_interfaces/build/all_interfaces -- -j8 -l8
[2.411s] [  3%] [1m[34mGenerating C code for ROS interfaces[0m
[2.415s] [  6%] [1m[34mGenerating C++ code for ROS interfaces[0m
[2.418s] [  6%] Built target ament_cmake_python_copy_all_interfaces
[2.618s] [  9%] [32mBuilding C object CMakeFiles/all_interfaces__rosidl_generator_c.dir/rosidl_generator_c/all_interfaces/msg/detail/waypoint__functions.c.o[0m
[2.655s] [  9%] Built target all_interfaces__cpp
[2.659s] [ 16%] [1m[34mGenerating C++ type support dispatch for ROS interfaces[0m
[2.659s] [ 16%] [1m[34mGenerating C++ type support for eProsima Fast-RTPS[0m
[2.661s] [ 19%] [1m[34mGenerating C++ introspection for ROS interfaces[0m
[2.669s] [ 22%] [1m[32mLinking C shared library liball_interfaces__rosidl_generator_c.so[0m
[2.675s] running egg_info
[2.675s] creating all_interfaces.egg-info
[2.675s] writing all_interfaces.egg-info/PKG-INFO
[2.676s] writing dependency_links to all_interfaces.egg-info/dependency_links.txt
[2.676s] writing top-level names to all_interfaces.egg-info/top_level.txt
[2.676s] writing manifest file 'all_interfaces.egg-info/SOURCES.txt'
[2.678s] reading manifest file 'all_interfaces.egg-info/SOURCES.txt'
[2.678s] writing manifest file 'all_interfaces.egg-info/SOURCES.txt'
[2.689s] [ 22%] Built target all_interfaces__rosidl_generator_c
[2.695s] [ 32%] [1m[34mGenerating C type support for eProsima Fast-RTPS[0m
[2.695s] [ 32%] [1m[34mGenerating C introspection for ROS interfaces[0m
[2.696s] [ 32%] [1m[34mGenerating C type support dispatch for ROS interfaces[0m
[2.705s] [ 32%] Built target ament_cmake_python_build_all_interfaces_egg
[2.932s] [ 35%] [32mBuilding CXX object CMakeFiles/all_interfaces__rosidl_typesupport_fastrtps_cpp.dir/rosidl_typesupport_fastrtps_cpp/all_interfaces/msg/detail/dds_fastrtps/waypoint__type_support.cpp.o[0m
[2.954s] [ 38%] [32mBuilding CXX object CMakeFiles/all_interfaces__rosidl_typesupport_cpp.dir/rosidl_typesupport_cpp/all_interfaces/msg/waypoint__type_support.cpp.o[0m
[2.973s] [ 41%] [32mBuilding CXX object CMakeFiles/all_interfaces__rosidl_typesupport_introspection_cpp.dir/rosidl_typesupport_introspection_cpp/all_interfaces/msg/detail/waypoint__type_support.cpp.o[0m
[2.979s] [ 45%] [32mBuilding CXX object CMakeFiles/all_interfaces__rosidl_typesupport_c.dir/rosidl_typesupport_c/all_interfaces/msg/waypoint__type_support.cpp.o[0m
[2.994s] [ 48%] [32mBuilding C object CMakeFiles/all_interfaces__rosidl_typesupport_introspection_c.dir/rosidl_typesupport_introspection_c/all_interfaces/msg/detail/waypoint__type_support.c.o[0m
[2.998s] [ 51%] [32mBuilding CXX object CMakeFiles/all_interfaces__rosidl_typesupport_fastrtps_c.dir/rosidl_typesupport_fastrtps_c/all_interfaces/msg/detail/waypoint__type_support_c.cpp.o[0m
[3.004s] [ 54%] [1m[32mLinking CXX shared library liball_interfaces__rosidl_typesupport_c.so[0m
[3.039s] [ 54%] Built target all_interfaces__rosidl_typesupport_c
[3.039s] [ 58%] [1m[32mLinking C shared library liball_interfaces__rosidl_typesupport_introspection_c.so[0m
[3.059s] [ 58%] Built target all_interfaces__rosidl_typesupport_introspection_c
[3.172s] [ 61%] [1m[32mLinking CXX shared library liball_interfaces__rosidl_typesupport_cpp.so[0m
[3.193s] [ 61%] Built target all_interfaces__rosidl_typesupport_cpp
[3.260s] [ 64%] [1m[32mLinking CXX shared library liball_interfaces__rosidl_typesupport_fastrtps_c.so[0m
[3.311s] [ 64%] Built target all_interfaces__rosidl_typesupport_fastrtps_c
[3.372s] [ 67%] [1m[32mLinking CXX shared library liball_interfaces__rosidl_typesupport_introspection_cpp.so[0m
[3.383s] [ 70%] [1m[32mLinking CXX shared library liball_interfaces__rosidl_typesupport_fastrtps_cpp.so[0m
[3.430s] [ 70%] Built target all_interfaces__rosidl_typesupport_introspection_cpp
[3.439s] [ 70%] Built target all_interfaces__rosidl_typesupport_fastrtps_cpp
[3.447s] [ 70%] Built target all_interfaces
[3.455s] [ 74%] [1m[34mGenerating Python code for ROS interfaces[0m
[3.667s] [ 74%] Built target all_interfaces__py
[3.675s] [ 77%] [32mBuilding C object CMakeFiles/all_interfaces__rosidl_generator_py.dir/rosidl_generator_py/all_interfaces/msg/_waypoint_s.c.o[0m
[3.772s] [ 80%] [1m[32mLinking C shared library rosidl_generator_py/all_interfaces/liball_interfaces__rosidl_generator_py.so[0m
[3.791s] [ 80%] Built target all_interfaces__rosidl_generator_py
[3.799s] [ 90%] [32mBuilding C object CMakeFiles/all_interfaces__rosidl_typesupport_fastrtps_c__pyext.dir/rosidl_generator_py/all_interfaces/_all_interfaces_s.ep.rosidl_typesupport_fastrtps_c.c.o[0m
[3.799s] [ 90%] [32mBuilding C object CMakeFiles/all_interfaces__rosidl_typesupport_c__pyext.dir/rosidl_generator_py/all_interfaces/_all_interfaces_s.ep.rosidl_typesupport_c.c.o[0m
[3.799s] [ 90%] [32mBuilding C object CMakeFiles/all_interfaces__rosidl_typesupport_introspection_c__pyext.dir/rosidl_generator_py/all_interfaces/_all_interfaces_s.ep.rosidl_typesupport_introspection_c.c.o[0m
[3.862s] [ 93%] [1m[32mLinking C shared library rosidl_generator_py/all_interfaces/all_interfaces_s__rosidl_typesupport_c.cpython-310-x86_64-linux-gnu.so[0m
[3.865s] [ 96%] [1m[32mLinking C shared library rosidl_generator_py/all_interfaces/all_interfaces_s__rosidl_typesupport_fastrtps_c.cpython-310-x86_64-linux-gnu.so[0m
[3.871s] [100%] [1m[32mLinking C shared library rosidl_generator_py/all_interfaces/all_interfaces_s__rosidl_typesupport_introspection_c.cpython-310-x86_64-linux-gnu.so[0m
[3.878s] [100%] Built target all_interfaces__rosidl_typesupport_c__pyext
[3.881s] [100%] Built target all_interfaces__rosidl_typesupport_fastrtps_c__pyext
[3.886s] [100%] Built target all_interfaces__rosidl_typesupport_introspection_c__pyext
[3.890s] Invoked command in '/home/harshit/mrt_ws/src/all_interfaces/build/all_interfaces' returned '0': CMAKE_PREFIX_PATH=${CMAKE_PREFIX_PATH}:/home/harshit/mrt_ws/install/week1_tutorials:/home/harshit/mrt_ws/install/week0_tutorials:/home/harshit/mrt_ws/install/sauron:/home/harshit/mrt_ws/install/odom_tf_publisher:/home/harshit/mrt_ws/install/mrs_hudson:/home/harshit/mrt_ws/install/assgn:/home/harshit/mrt_ws/install/aruco_detection:/home/harshit/urdf_rviz/install/urdf_testing:/home/harshit/urdf_rviz/install/robot_car:/opt/ros/humble /usr/bin/cmake --build /home/harshit/mrt_ws/src/all_interfaces/build/all_interfaces -- -j8 -l8
[3.894s] Invoking command in '/home/harshit/mrt_ws/src/all_interfaces/build/all_interfaces': CMAKE_PREFIX_PATH=${CMAKE_PREFIX_PATH}:/home/harshit/mrt_ws/install/week1_tutorials:/home/harshit/mrt_ws/install/week0_tutorials:/home/harshit/mrt_ws/install/sauron:/home/harshit/mrt_ws/install/odom_tf_publisher:/home/harshit/mrt_ws/install/mrs_hudson:/home/harshit/mrt_ws/install/assgn:/home/harshit/mrt_ws/install/aruco_detection:/home/harshit/urdf_rviz/install/urdf_testing:/home/harshit/urdf_rviz/install/robot_car:/opt/ros/humble /usr/bin/cmake --install /home/harshit/mrt_ws/src/all_interfaces/build/all_interfaces
[3.896s] -- Install configuration: ""
[3.897s] -- Installing: /home/harshit/mrt_ws/src/all_interfaces/install/all_interfaces/share/ament_index/resource_index/rosidl_interfaces/all_interfaces
[3.897s] -- Installing: /home/harshit/mrt_ws/src/all_interfaces/install/all_interfaces/include/all_interfaces/all_interfaces
[3.897s] -- Installing: /home/harshit/mrt_ws/src/all_interfaces/install/all_interfaces/include/all_interfaces/all_interfaces/msg
[3.897s] -- Installing: /home/harshit/mrt_ws/src/all_interfaces/install/all_interfaces/include/all_interfaces/all_interfaces/msg/rosidl_generator_c__visibility_control.h
[3.897s] -- Installing: /home/harshit/mrt_ws/src/all_interfaces/install/all_interfaces/include/all_interfaces/all_interfaces/msg/detail
[3.897s] -- Installing: /home/harshit/mrt_ws/src/all_interfaces/install/all_interfaces/include/all_interfaces/all_interfaces/msg/detail/waypoint__functions.c
[3.897s] -- Installing: /home/harshit/mrt_ws/src/all_interfaces/install/all_interfaces/include/all_interfaces/all_interfaces/msg/detail/waypoint__struct.h
[3.897s] -- Installing: /home/harshit/mrt_ws/src/all_interfaces/install/all_interfaces/include/all_interfaces/all_interfaces/msg/detail/waypoint__type_support.h
[3.897s] -- Installing: /home/harshit/mrt_ws/src/all_interfaces/install/all_interfaces/include/all_interfaces/all_interfaces/msg/detail/waypoint__functions.h
[3.897s] -- Installing: /home/harshit/mrt_ws/src/all_interfaces/install/all_interfaces/include/all_interfaces/all_interfaces/msg/waypoint.h
[3.897s] -- Installing: /home/harshit/mrt_ws/src/all_interfaces/install/all_interfaces/share/all_interfaces/environment/library_path.sh
[3.897s] -- Installing: /home/harshit/mrt_ws/src/all_interfaces/install/all_interfaces/share/all_interfaces/environment/library_path.dsv
[3.897s] -- Installing: /home/harshit/mrt_ws/src/all_interfaces/install/all_interfaces/lib/liball_interfaces__rosidl_generator_c.so
[3.898s] -- Set non-toolchain portion of runtime path of "/home/harshit/mrt_ws/src/all_interfaces/install/all_interfaces/lib/liball_interfaces__rosidl_generator_c.so" to ""
[3.898s] -- Up-to-date: /home/harshit/mrt_ws/src/all_interfaces/install/all_interfaces/include/all_interfaces/all_interfaces
[3.898s] -- Up-to-date: /home/harshit/mrt_ws/src/all_interfaces/install/all_interfaces/include/all_interfaces/all_interfaces/msg
[3.898s] -- Up-to-date: /home/harshit/mrt_ws/src/all_interfaces/install/all_interfaces/include/all_interfaces/all_interfaces/msg/detail
[3.898s] -- Installing: /home/harshit/mrt_ws/src/all_interfaces/install/all_interfaces/include/all_interfaces/all_interfaces/msg/detail/waypoint__rosidl_typesupport_fastrtps_c.h
[3.898s] -- Installing: /home/harshit/mrt_ws/src/all_interfaces/install/all_interfaces/include/all_interfaces/all_interfaces/msg/rosidl_typesupport_fastrtps_c__visibility_control.h
[3.898s] -- Installing: /home/harshit/mrt_ws/src/all_interfaces/install/all_interfaces/lib/liball_interfaces__rosidl_typesupport_fastrtps_c.so
[3.898s] -- Set non-toolchain portion of runtime path of "/home/harshit/mrt_ws/src/all_interfaces/install/all_interfaces/lib/liball_interfaces__rosidl_typesupport_fastrtps_c.so" to ""
[3.898s] -- Up-to-date: /home/harshit/mrt_ws/src/all_interfaces/install/all_interfaces/include/all_interfaces/all_interfaces
[3.898s] -- Up-to-date: /home/harshit/mrt_ws/src/all_interfaces/install/all_interfaces/include/all_interfaces/all_interfaces/msg
[3.898s] -- Installing: /home/harshit/mrt_ws/src/all_interfaces/install/all_interfaces/include/all_interfaces/all_interfaces/msg/rosidl_typesupport_introspection_c__visibility_control.h
[3.898s] -- Up-to-date: /home/harshit/mrt_ws/src/all_interfaces/install/all_interfaces/include/all_interfaces/all_interfaces/msg/detail
[3.898s] -- Installing: /home/harshit/mrt_ws/src/all_interfaces/install/all_interfaces/include/all_interfaces/all_interfaces/msg/detail/waypoint__rosidl_typesupport_introspection_c.h
[3.898s] -- Installing: /home/harshit/mrt_ws/src/all_interfaces/install/all_interfaces/include/all_interfaces/all_interfaces/msg/detail/waypoint__type_support.c
[3.899s] -- Installing: /home/harshit/mrt_ws/src/all_interfaces/install/all_interfaces/lib/liball_interfaces__rosidl_typesupport_introspection_c.so
[3.899s] -- Set non-toolchain portion of runtime path of "/home/harshit/mrt_ws/src/all_interfaces/install/all_interfaces/lib/liball_interfaces__rosidl_typesupport_introspection_c.so" to ""
[3.899s] -- Installing: /home/harshit/mrt_ws/src/all_interfaces/install/all_interfaces/lib/liball_interfaces__rosidl_typesupport_c.so
[3.899s] -- Set non-toolchain portion of runtime path of "/home/harshit/mrt_ws/src/all_interfaces/install/all_interfaces/lib/liball_interfaces__rosidl_typesupport_c.so" to ""
[3.899s] -- Up-to-date: /home/harshit/mrt_ws/src/all_interfaces/install/all_interfaces/include/all_interfaces/all_interfaces
[3.899s] -- Up-to-date: /home/harshit/mrt_ws/src/all_interfaces/install/all_interfaces/include/all_interfaces/all_interfaces/msg
[3.899s] -- Installing: /home/harshit/mrt_ws/src/all_interfaces/install/all_interfaces/include/all_interfaces/all_interfaces/msg/rosidl_generator_cpp__visibility_control.hpp
[3.899s] -- Up-to-date: /home/harshit/mrt_ws/src/all_interfaces/install/all_interfaces/include/all_interfaces/all_interfaces/msg/detail
[3.899s] -- Installing: /home/harshit/mrt_ws/src/all_interfaces/install/all_interfaces/include/all_interfaces/all_interfaces/msg/detail/waypoint__traits.hpp
[3.899s] -- Installing: /home/harshit/mrt_ws/src/all_interfaces/install/all_interfaces/include/all_interfaces/all_interfaces/msg/detail/waypoint__builder.hpp
[3.899s] -- Installing: /home/harshit/mrt_ws/src/all_interfaces/install/all_interfaces/include/all_interfaces/all_interfaces/msg/detail/waypoint__struct.hpp
[3.899s] -- Installing: /home/harshit/mrt_ws/src/all_interfaces/install/all_interfaces/include/all_interfaces/all_interfaces/msg/detail/waypoint__type_support.hpp
[3.899s] -- Installing: /home/harshit/mrt_ws/src/all_interfaces/install/all_interfaces/include/all_interfaces/all_interfaces/msg/waypoint.hpp
[3.899s] -- Up-to-date: /home/harshit/mrt_ws/src/all_interfaces/install/all_interfaces/include/all_interfaces/all_interfaces
[3.899s] -- Up-to-date: /home/harshit/mrt_ws/src/all_interfaces/install/all_interfaces/include/all_interfaces/all_interfaces/msg
[3.900s] -- Installing: /home/harshit/mrt_ws/src/all_interfaces/install/all_interfaces/include/all_interfaces/all_interfaces/msg/rosidl_typesupport_fastrtps_cpp__visibility_control.h
[3.900s] -- Up-to-date: /home/harshit/mrt_ws/src/all_interfaces/install/all_interfaces/include/all_interfaces/all_interfaces/msg/detail
[3.900s] -- Installing: /home/harshit/mrt_ws/src/all_interfaces/install/all_interfaces/include/all_interfaces/all_interfaces/msg/detail/waypoint__rosidl_typesupport_fastrtps_cpp.hpp
[3.900s] -- Installing: /home/harshit/mrt_ws/src/all_interfaces/install/all_interfaces/include/all_interfaces/all_interfaces/msg/detail/dds_fastrtps
[3.900s] -- Installing: /home/harshit/mrt_ws/src/all_interfaces/install/all_interfaces/lib/liball_interfaces__rosidl_typesupport_fastrtps_cpp.so
[3.900s] -- Set non-toolchain portion of runtime path of "/home/harshit/mrt_ws/src/all_interfaces/install/all_interfaces/lib/liball_interfaces__rosidl_typesupport_fastrtps_cpp.so" to ""
[3.900s] -- Up-to-date: /home/harshit/mrt_ws/src/all_interfaces/install/all_interfaces/include/all_interfaces/all_interfaces
[3.900s] -- Up-to-date: /home/harshit/mrt_ws/src/all_interfaces/install/all_interfaces/include/all_interfaces/all_interfaces/msg
[3.900s] -- Up-to-date: /home/harshit/mrt_ws/src/all_interfaces/install/all_interfaces/include/all_interfaces/all_interfaces/msg/detail
[3.900s] -- Installing: /home/harshit/mrt_ws/src/all_interfaces/install/all_interfaces/include/all_interfaces/all_interfaces/msg/detail/waypoint__rosidl_typesupport_introspection_cpp.hpp
[3.900s] -- Installing: /home/harshit/mrt_ws/src/all_interfaces/install/all_interfaces/include/all_interfaces/all_interfaces/msg/detail/waypoint__type_support.cpp
[3.900s] -- Installing: /home/harshit/mrt_ws/src/all_interfaces/install/all_interfaces/lib/liball_interfaces__rosidl_typesupport_introspection_cpp.so
[3.900s] -- Set non-toolchain portion of runtime path of "/home/harshit/mrt_ws/src/all_interfaces/install/all_interfaces/lib/liball_interfaces__rosidl_typesupport_introspection_cpp.so" to ""
[3.900s] -- Installing: /home/harshit/mrt_ws/src/all_interfaces/install/all_interfaces/lib/liball_interfaces__rosidl_typesupport_cpp.so
[3.900s] -- Set non-toolchain portion of runtime path of "/home/harshit/mrt_ws/src/all_interfaces/install/all_interfaces/lib/liball_interfaces__rosidl_typesupport_cpp.so" to ""
[3.901s] -- Installing: /home/harshit/mrt_ws/src/all_interfaces/install/all_interfaces/share/all_interfaces/environment/pythonpath.sh
[3.901s] -- Installing: /home/harshit/mrt_ws/src/all_interfaces/install/all_interfaces/share/all_interfaces/environment/pythonpath.dsv
[3.901s] -- Installing: /home/harshit/mrt_ws/src/all_interfaces/install/all_interfaces/local/lib/python3.10/dist-packages/all_interfaces-0.0.0-py3.10.egg-info
[3.901s] -- Installing: /home/harshit/mrt_ws/src/all_interfaces/install/all_interfaces/local/lib/python3.10/dist-packages/all_interfaces-0.0.0-py3.10.egg-info/top_level.txt
[3.901s] -- Installing: /home/harshit/mrt_ws/src/all_interfaces/install/all_interfaces/local/lib/python3.10/dist-packages/all_interfaces-0.0.0-py3.10.egg-info/SOURCES.txt
[3.901s] -- Installing: /home/harshit/mrt_ws/src/all_interfaces/install/all_interfaces/local/lib/python3.10/dist-packages/all_interfaces-0.0.0-py3.10.egg-info/dependency_links.txt
[3.901s] -- Installing: /home/harshit/mrt_ws/src/all_interfaces/install/all_interfaces/local/lib/python3.10/dist-packages/all_interfaces-0.0.0-py3.10.egg-info/PKG-INFO
[3.901s] -- Installing: /home/harshit/mrt_ws/src/all_interfaces/install/all_interfaces/local/lib/python3.10/dist-packages/all_interfaces
[3.901s] -- Installing: /home/harshit/mrt_ws/src/all_interfaces/install/all_interfaces/local/lib/python3.10/dist-packages/all_interfaces/all_interfaces_s__rosidl_typesupport_c.cpython-310-x86_64-linux-gnu.so
[3.901s] -- Installing: /home/harshit/mrt_ws/src/all_interfaces/install/all_interfaces/local/lib/python3.10/dist-packages/all_interfaces/_all_interfaces_s.ep.rosidl_typesupport_introspection_c.c
[3.901s] -- Installing: /home/harshit/mrt_ws/src/all_interfaces/install/all_interfaces/local/lib/python3.10/dist-packages/all_interfaces/_all_interfaces_s.ep.rosidl_typesupport_c.c
[3.901s] -- Installing: /home/harshit/mrt_ws/src/all_interfaces/install/all_interfaces/local/lib/python3.10/dist-packages/all_interfaces/liball_interfaces__rosidl_generator_py.so
[3.901s] -- Installing: /home/harshit/mrt_ws/src/all_interfaces/install/all_interfaces/local/lib/python3.10/dist-packages/all_interfaces/all_interfaces_s__rosidl_typesupport_introspection_c.cpython-310-x86_64-linux-gnu.so
[3.901s] -- Installing: /home/harshit/mrt_ws/src/all_interfaces/install/all_interfaces/local/lib/python3.10/dist-packages/all_interfaces/_all_interfaces_s.ep.rosidl_typesupport_fastrtps_c.c
[3.901s] -- Installing: /home/harshit/mrt_ws/src/all_interfaces/install/all_interfaces/local/lib/python3.10/dist-packages/all_interfaces/msg
[3.901s] -- Installing: /home/harshit/mrt_ws/src/all_interfaces/install/all_interfaces/local/lib/python3.10/dist-packages/all_interfaces/msg/_waypoint_s.c
[3.902s] -- Installing: /home/harshit/mrt_ws/src/all_interfaces/install/all_interfaces/local/lib/python3.10/dist-packages/all_interfaces/msg/_waypoint.py
[3.902s] -- Installing: /home/harshit/mrt_ws/src/all_interfaces/install/all_interfaces/local/lib/python3.10/dist-packages/all_interfaces/msg/__init__.py
[3.902s] -- Installing: /home/harshit/mrt_ws/src/all_interfaces/install/all_interfaces/local/lib/python3.10/dist-packages/all_interfaces/all_interfaces_s__rosidl_typesupport_fastrtps_c.cpython-310-x86_64-linux-gnu.so
[3.902s] -- Installing: /home/harshit/mrt_ws/src/all_interfaces/install/all_interfaces/local/lib/python3.10/dist-packages/all_interfaces/__init__.py
[3.936s] Listing '/home/harshit/mrt_ws/src/all_interfaces/install/all_interfaces/local/lib/python3.10/dist-packages/all_interfaces'...
[3.936s] Compiling '/home/harshit/mrt_ws/src/all_interfaces/install/all_interfaces/local/lib/python3.10/dist-packages/all_interfaces/__init__.py'...
[3.936s] Listing '/home/harshit/mrt_ws/src/all_interfaces/install/all_interfaces/local/lib/python3.10/dist-packages/all_interfaces/msg'...
[3.937s] Compiling '/home/harshit/mrt_ws/src/all_interfaces/install/all_interfaces/local/lib/python3.10/dist-packages/all_interfaces/msg/__init__.py'...
[3.937s] Compiling '/home/harshit/mrt_ws/src/all_interfaces/install/all_interfaces/local/lib/python3.10/dist-packages/all_interfaces/msg/_waypoint.py'...
[3.941s] -- Installing: /home/harshit/mrt_ws/src/all_interfaces/install/all_interfaces/local/lib/python3.10/dist-packages/all_interfaces/all_interfaces_s__rosidl_typesupport_fastrtps_c.cpython-310-x86_64-linux-gnu.so
[3.941s] -- Set non-toolchain portion of runtime path of "/home/harshit/mrt_ws/src/all_interfaces/install/all_interfaces/local/lib/python3.10/dist-packages/all_interfaces/all_interfaces_s__rosidl_typesupport_fastrtps_c.cpython-310-x86_64-linux-gnu.so" to ""
[3.941s] -- Installing: /home/harshit/mrt_ws/src/all_interfaces/install/all_interfaces/local/lib/python3.10/dist-packages/all_interfaces/all_interfaces_s__rosidl_typesupport_introspection_c.cpython-310-x86_64-linux-gnu.so
[3.941s] -- Set non-toolchain portion of runtime path of "/home/harshit/mrt_ws/src/all_interfaces/install/all_interfaces/local/lib/python3.10/dist-packages/all_interfaces/all_interfaces_s__rosidl_typesupport_introspection_c.cpython-310-x86_64-linux-gnu.so" to ""
[3.941s] -- Installing: /home/harshit/mrt_ws/src/all_interfaces/install/all_interfaces/local/lib/python3.10/dist-packages/all_interfaces/all_interfaces_s__rosidl_typesupport_c.cpython-310-x86_64-linux-gnu.so
[3.941s] -- Set non-toolchain portion of runtime path of "/home/harshit/mrt_ws/src/all_interfaces/install/all_interfaces/local/lib/python3.10/dist-packages/all_interfaces/all_interfaces_s__rosidl_typesupport_c.cpython-310-x86_64-linux-gnu.so" to ""
[3.941s] -- Installing: /home/harshit/mrt_ws/src/all_interfaces/install/all_interfaces/lib/liball_interfaces__rosidl_generator_py.so
[3.941s] -- Set non-toolchain portion of runtime path of "/home/harshit/mrt_ws/src/all_interfaces/install/all_interfaces/lib/liball_interfaces__rosidl_generator_py.so" to ""
[3.941s] -- Installing: /home/harshit/mrt_ws/src/all_interfaces/install/all_interfaces/share/all_interfaces/msg/Waypoint.idl
[3.942s] -- Installing: /home/harshit/mrt_ws/src/all_interfaces/install/all_interfaces/share/all_interfaces/msg/Waypoint.msg
[3.942s] -- Installing: /home/harshit/mrt_ws/src/all_interfaces/install/all_interfaces/share/ament_index/resource_index/package_run_dependencies/all_interfaces
[3.942s] -- Installing: /home/harshit/mrt_ws/src/all_interfaces/install/all_interfaces/share/ament_index/resource_index/parent_prefix_path/all_interfaces
[3.942s] -- Installing: /home/harshit/mrt_ws/src/all_interfaces/install/all_interfaces/share/all_interfaces/environment/ament_prefix_path.sh
[3.942s] -- Installing: /home/harshit/mrt_ws/src/all_interfaces/install/all_interfaces/share/all_interfaces/environment/ament_prefix_path.dsv
[3.942s] -- Installing: /home/harshit/mrt_ws/src/all_interfaces/install/all_interfaces/share/all_interfaces/environment/path.sh
[3.942s] -- Installing: /home/harshit/mrt_ws/src/all_interfaces/install/all_interfaces/share/all_interfaces/environment/path.dsv
[3.942s] -- Installing: /home/harshit/mrt_ws/src/all_interfaces/install/all_interfaces/share/all_interfaces/local_setup.bash
[3.942s] -- Installing: /home/harshit/mrt_ws/src/all_interfaces/install/all_interfaces/share/all_interfaces/local_setup.sh
[3.942s] -- Installing: /home/harshit/mrt_ws/src/all_interfaces/install/all_interfaces/share/all_interfaces/local_setup.zsh
[3.942s] -- Installing: /home/harshit/mrt_ws/src/all_interfaces/install/all_interfaces/share/all_interfaces/local_setup.dsv
[3.942s] -- Installing: /home/harshit/mrt_ws/src/all_interfaces/install/all_interfaces/share/all_interfaces/package.dsv
[3.942s] -- Installing: /home/harshit/mrt_ws/src/all_interfaces/install/all_interfaces/share/ament_index/resource_index/packages/all_interfaces
[3.943s] -- Installing: /home/harshit/mrt_ws/src/all_interfaces/install/all_interfaces/share/all_interfaces/cmake/export_all_interfaces__rosidl_generator_cExport.cmake
[3.943s] -- Installing: /home/harshit/mrt_ws/src/all_interfaces/install/all_interfaces/share/all_interfaces/cmake/export_all_interfaces__rosidl_generator_cExport-noconfig.cmake
[3.943s] -- Installing: /home/harshit/mrt_ws/src/all_interfaces/install/all_interfaces/share/all_interfaces/cmake/export_all_interfaces__rosidl_typesupport_fastrtps_cExport.cmake
[3.943s] -- Installing: /home/harshit/mrt_ws/src/all_interfaces/install/all_interfaces/share/all_interfaces/cmake/export_all_interfaces__rosidl_typesupport_fastrtps_cExport-noconfig.cmake
[3.943s] -- Installing: /home/harshit/mrt_ws/src/all_interfaces/install/all_interfaces/share/all_interfaces/cmake/all_interfaces__rosidl_typesupport_introspection_cExport.cmake
[3.943s] -- Installing: /home/harshit/mrt_ws/src/all_interfaces/install/all_interfaces/share/all_interfaces/cmake/all_interfaces__rosidl_typesupport_introspection_cExport-noconfig.cmake
[3.943s] -- Installing: /home/harshit/mrt_ws/src/all_interfaces/install/all_interfaces/share/all_interfaces/cmake/all_interfaces__rosidl_typesupport_cExport.cmake
[3.943s] -- Installing: /home/harshit/mrt_ws/src/all_interfaces/install/all_interfaces/share/all_interfaces/cmake/all_interfaces__rosidl_typesupport_cExport-noconfig.cmake
[3.943s] -- Installing: /home/harshit/mrt_ws/src/all_interfaces/install/all_interfaces/share/all_interfaces/cmake/export_all_interfaces__rosidl_generator_cppExport.cmake
[3.943s] -- Installing: /home/harshit/mrt_ws/src/all_interfaces/install/all_interfaces/share/all_interfaces/cmake/export_all_interfaces__rosidl_typesupport_fastrtps_cppExport.cmake
[3.943s] -- Installing: /home/harshit/mrt_ws/src/all_interfaces/install/all_interfaces/share/all_interfaces/cmake/export_all_interfaces__rosidl_typesupport_fastrtps_cppExport-noconfig.cmake
[3.943s] -- Installing: /home/harshit/mrt_ws/src/all_interfaces/install/all_interfaces/share/all_interfaces/cmake/all_interfaces__rosidl_typesupport_introspection_cppExport.cmake
[3.943s] -- Installing: /home/harshit/mrt_ws/src/all_interfaces/install/all_interfaces/share/all_interfaces/cmake/all_interfaces__rosidl_typesupport_introspection_cppExport-noconfig.cmake
[3.944s] -- Installing: /home/harshit/mrt_ws/src/all_interfaces/install/all_interfaces/share/all_interfaces/cmake/all_interfaces__rosidl_typesupport_cppExport.cmake
[3.944s] -- Installing: /home/harshit/mrt_ws/src/all_interfaces/install/all_interfaces/share/all_interfaces/cmake/all_interfaces__rosidl_typesupport_cppExport-noconfig.cmake
[3.944s] -- Installing: /home/harshit/mrt_ws/src/all_interfaces/install/all_interfaces/share/all_interfaces/cmake/export_all_interfaces__rosidl_generator_pyExport.cmake
[3.944s] -- Installing: /home/harshit/mrt_ws/src/all_interfaces/install/all_interfaces/share/all_interfaces/cmake/export_all_interfaces__rosidl_generator_pyExport-noconfig.cmake
[3.944s] -- Installing: /home/harshit/mrt_ws/src/all_interfaces/install/all_interfaces/share/all_interfaces/cmake/rosidl_cmake-extras.cmake
[3.944s] -- Installing: /home/harshit/mrt_ws/src/all_interfaces/install/all_interfaces/share/all_interfaces/cmake/ament_cmake_export_include_directories-extras.cmake
[3.944s] -- Installing: /home/harshit/mrt_ws/src/all_interfaces/install/all_interfaces/share/all_interfaces/cmake/ament_cmake_export_libraries-extras.cmake
[3.944s] -- Installing: /home/harshit/mrt_ws/src/all_interfaces/install/all_interfaces/share/all_interfaces/cmake/ament_cmake_export_targets-extras.cmake
[3.944s] -- Installing: /home/harshit/mrt_ws/src/all_interfaces/install/all_interfaces/share/all_interfaces/cmake/rosidl_cmake_export_typesupport_targets-extras.cmake
[3.944s] -- Installing: /home/harshit/mrt_ws/src/all_interfaces/install/all_interfaces/share/all_interfaces/cmake/ament_cmake_export_dependencies-extras.cmake
[3.944s] -- Installing: /home/harshit/mrt_ws/src/all_interfaces/install/all_interfaces/share/all_interfaces/cmake/rosidl_cmake_export_typesupport_libraries-extras.cmake
[3.944s] -- Installing: /home/harshit/mrt_ws/src/all_interfaces/install/all_interfaces/share/all_interfaces/cmake/all_interfacesConfig.cmake
[3.944s] -- Installing: /home/harshit/mrt_ws/src/all_interfaces/install/all_interfaces/share/all_interfaces/cmake/all_interfacesConfig-version.cmake
[3.945s] -- Installing: /home/harshit/mrt_ws/src/all_interfaces/install/all_interfaces/share/all_interfaces/package.xml
[3.946s] Invoked command in '/home/harshit/mrt_ws/src/all_interfaces/build/all_interfaces' returned '0': CMAKE_PREFIX_PATH=${CMAKE_PREFIX_PATH}:/home/harshit/mrt_ws/install/week1_tutorials:/home/harshit/mrt_ws/install/week0_tutorials:/home/harshit/mrt_ws/install/sauron:/home/harshit/mrt_ws/install/odom_tf_publisher:/home/harshit/mrt_ws/install/mrs_hudson:/home/harshit/mrt_ws/install/assgn:/home/harshit/mrt_ws/install/aruco_detection:/home/harshit/urdf_rviz/install/urdf_testing:/home/harshit/urdf_rviz/install/robot_car:/opt/ros/humble /usr/bin/cmake --install /home/harshit/mrt_ws/src/all_interfaces/build/all_interfaces
