gmake: Warning: File 'Makefile' has modification time 17479 s in the future
gmake[1]: Warning: File 'CMakeFiles/Makefile2' has modification time 17479 s in the future
gmake[2]: Warning: File 'CMakeFiles/ament_cmake_python_symlink_msg_interfaces.dir/progress.make' has modification time 17479 s in the future
gmake[2]: Warning: File 'CMakeFiles/msg_interfaces__cpp.dir/progress.make' has modification time 17479 s in the future
gmake[2]: Warning: File 'CMakeFiles/msg_interfaces__rosidl_generator_c.dir/progress.make' has modification time 17479 s in the future
gmake[2]: warning:  Clock skew detected.  Your build may be incomplete.
gmake[2]: warning:  Clock skew detected.  Your build may be incomplete.
gmake[2]: warning:  Clock skew detected.  Your build may be incomplete.
gmake[2]: Warning: File 'CMakeFiles/ament_cmake_python_symlink_msg_interfaces.dir/progress.make' has modification time 17479 s in the future
gmake[2]: Warning: File 'CMakeFiles/msg_interfaces__cpp.dir/progress.make' has modification time 17479 s in the future
gmake[2]: warning:  Clock skew detected.  Your build may be incomplete.
gmake[2]: Warning: File 'CMakeFiles/msg_interfaces__rosidl_generator_c.dir/progress.make' has modification time 17479 s in the future
gmake[2]: warning:  Clock skew detected.  Your build may be incomplete.
gmake[2]: warning:  Clock skew detected.  Your build may be incomplete.
[  2%] Built target msg_interfaces__cpp
[ 12%] Built target msg_interfaces__rosidl_generator_c
gmake[2]: Warning: File 'CMakeFiles/msg_interfaces__rosidl_typesupport_introspection_cpp.dir/progress.make' has modification time 17479 s in the future
gmake[2]: Warning: File 'CMakeFiles/msg_interfaces__rosidl_typesupport_cpp.dir/progress.make' has modification time 17479 s in the future
gmake[2]: Warning: File 'CMakeFiles/msg_interfaces__rosidl_typesupport_fastrtps_cpp.dir/progress.make' has modification time 17479 s in the future
[ 12%] Built target ament_cmake_python_symlink_msg_interfaces
gmake[2]: Warning: File 'CMakeFiles/ament_cmake_python_build_msg_interfaces_egg.dir/progress.make' has modification time 17479 s in the future
gmake[2]: Warning: File 'CMakeFiles/msg_interfaces__rosidl_typesupport_c.dir/progress.make' has modification time 17479 s in the future
gmake[2]: Warning: File 'CMakeFiles/msg_interfaces__rosidl_typesupport_introspection_c.dir/progress.make' has modification time 17479 s in the future
gmake[2]: Warning: File 'CMakeFiles/msg_interfaces__rosidl_typesupport_fastrtps_c.dir/progress.make' has modification time 17479 s in the future
gmake[2]: warning:  Clock skew detected.  Your build may be incomplete.
gmake[2]: warning:  Clock skew detected.  Your build may be incomplete.
gmake[2]: warning:  Clock skew detected.  Your build may be incomplete.
gmake[2]: Warning: File 'CMakeFiles/msg_interfaces__rosidl_typesupport_cpp.dir/progress.make' has modification time 17479 s in the future
gmake[2]: Warning: File 'CMakeFiles/msg_interfaces__rosidl_typesupport_introspection_cpp.dir/progress.make' has modification time 17479 s in the future
gmake[2]: warning:  Clock skew detected.  Your build may be incomplete.
gmake[2]: warning:  Clock skew detected.  Your build may be incomplete.
gmake[2]: Warning: File 'CMakeFiles/msg_interfaces__rosidl_typesupport_fastrtps_cpp.dir/progress.make' has modification time 17479 s in the future
gmake[2]: warning:  Clock skew detected.  Your build may be incomplete.
gmake[2]: warning:  Clock skew detected.  Your build may be incomplete.
gmake[2]: warning:  Clock skew detected.  Your build may be incomplete.
gmake[2]: warning:  Clock skew detected.  Your build may be incomplete.
gmake[2]: warning:  Clock skew detected.  Your build may be incomplete.
gmake[2]: Warning: File 'CMakeFiles/ament_cmake_python_build_msg_interfaces_egg.dir/progress.make' has modification time 17479 s in the future
gmake[2]: Warning: File 'CMakeFiles/msg_interfaces__rosidl_typesupport_c.dir/progress.make' has modification time 17479 s in the future
gmake[2]: warning:  Clock skew detected.  Your build may be incomplete.
gmake[2]: Warning: File 'CMakeFiles/msg_interfaces__rosidl_typesupport_introspection_c.dir/progress.make' has modification time 17479 s in the future
gmake[2]: warning:  Clock skew detected.  Your build may be incomplete.
gmake[2]: Warning: File 'CMakeFiles/msg_interfaces__rosidl_typesupport_fastrtps_c.dir/progress.make' has modification time 17479 s in the future
gmake[2]: warning:  Clock skew detected.  Your build may be incomplete.
[ 23%] Built target msg_interfaces__rosidl_typesupport_cpp
[ 34%] Built target msg_interfaces__rosidl_typesupport_fastrtps_cpp
[ 44%] Built target msg_interfaces__rosidl_typesupport_introspection_cpp
[ 55%] Built target msg_interfaces__rosidl_typesupport_c
[ 65%] Built target msg_interfaces__rosidl_typesupport_introspection_c
[ 76%] Built target msg_interfaces__rosidl_typesupport_fastrtps_c
gmake[2]: Warning: File 'CMakeFiles/msg_interfaces.dir/progress.make' has modification time 17479 s in the future
gmake[2]: warning:  Clock skew detected.  Your build may be incomplete.
gmake[2]: Warning: File 'CMakeFiles/msg_interfaces.dir/progress.make' has modification time 17479 s in the future
gmake[2]: warning:  Clock skew detected.  Your build may be incomplete.
[ 76%] Built target msg_interfaces
gmake[2]: Warning: File '/home/harshit/mrt_ws/arm_workspace/build/msg_interfaces/msg_interfaces__py/CMakeFiles/msg_interfaces__py.dir/progress.make' has modification time 17479 s in the future
gmake[2]: warning:  Clock skew detected.  Your build may be incomplete.
gmake[2]: Warning: File '/home/harshit/mrt_ws/arm_workspace/build/msg_interfaces/msg_interfaces__py/CMakeFiles/msg_interfaces__py.dir/progress.make' has modification time 17479 s in the future
gmake[2]: warning:  Clock skew detected.  Your build may be incomplete.
[ 78%] Built target msg_interfaces__py
gmake[2]: Warning: File 'CMakeFiles/msg_interfaces__rosidl_generator_py.dir/progress.make' has modification time 17479 s in the future
gmake[2]: warning:  Clock skew detected.  Your build may be incomplete.
gmake[2]: Warning: File 'CMakeFiles/msg_interfaces__rosidl_generator_py.dir/progress.make' has modification time 17479 s in the future
gmake[2]: warning:  Clock skew detected.  Your build may be incomplete.
[ 87%] Built target msg_interfaces__rosidl_generator_py
gmake[2]: Warning: File 'CMakeFiles/msg_interfaces__rosidl_typesupport_fastrtps_c__pyext.dir/progress.make' has modification time 17479 s in the future
gmake[2]: Warning: File 'CMakeFiles/msg_interfaces__rosidl_typesupport_introspection_c__pyext.dir/progress.make' has modification time 17479 s in the future
gmake[2]: Warning: File 'CMakeFiles/msg_interfaces__rosidl_typesupport_c__pyext.dir/progress.make' has modification time 17479 s in the future
gmake[2]: warning:  Clock skew detected.  Your build may be incomplete.
gmake[2]: warning:  Clock skew detected.  Your build may be incomplete.
gmake[2]: warning:  Clock skew detected.  Your build may be incomplete.
gmake[2]: Warning: File 'CMakeFiles/msg_interfaces__rosidl_typesupport_fastrtps_c__pyext.dir/progress.make' has modification time 17479 s in the future
gmake[2]: Warning: File 'CMakeFiles/msg_interfaces__rosidl_typesupport_introspection_c__pyext.dir/progress.make' has modification time 17479 s in the future
gmake[2]: Warning: File 'CMakeFiles/msg_interfaces__rosidl_typesupport_c__pyext.dir/progress.make' has modification time 17479 s in the future
gmake[2]: warning:  Clock skew detected.  Your build may be incomplete.
gmake[2]: warning:  Clock skew detected.  Your build may be incomplete.
gmake[2]: warning:  Clock skew detected.  Your build may be incomplete.
[100%] Built target msg_interfaces__rosidl_typesupport_introspection_c__pyext
[100%] Built target msg_interfaces__rosidl_typesupport_fastrtps_c__pyext
[100%] Built target msg_interfaces__rosidl_typesupport_c__pyext
running egg_info
writing msg_interfaces.egg-info/PKG-INFO
writing dependency_links to msg_interfaces.egg-info/dependency_links.txt
writing top-level names to msg_interfaces.egg-info/top_level.txt
reading manifest file 'msg_interfaces.egg-info/SOURCES.txt'
writing manifest file 'msg_interfaces.egg-info/SOURCES.txt'
gmake[2]: warning:  Clock skew detected.  Your build may be incomplete.
[100%] Built target ament_cmake_python_build_msg_interfaces_egg
gmake[1]: warning:  Clock skew detected.  Your build may be incomplete.
gmake: warning:  Clock skew detected.  Your build may be incomplete.
-- Install configuration: ""
-- Execute custom install script
-- Up-to-date symlink: /home/harshit/mrt_ws/arm_workspace/install/msg_interfaces/share/ament_index/resource_index/rosidl_interfaces/msg_interfaces
-- Up-to-date symlink: /home/harshit/mrt_ws/arm_workspace/install/msg_interfaces/include/msg_interfaces/msg_interfaces/msg/arm_end_motion.h
-- Up-to-date symlink: /home/harshit/mrt_ws/arm_workspace/install/msg_interfaces/include/msg_interfaces/msg_interfaces/msg/detail/arm_end_motion__functions.h
-- Up-to-date symlink: /home/harshit/mrt_ws/arm_workspace/install/msg_interfaces/include/msg_interfaces/msg_interfaces/msg/detail/arm_end_motion__struct.h
-- Up-to-date symlink: /home/harshit/mrt_ws/arm_workspace/install/msg_interfaces/include/msg_interfaces/msg_interfaces/msg/detail/arm_end_motion__type_support.h
-- Up-to-date symlink: /home/harshit/mrt_ws/arm_workspace/install/msg_interfaces/include/msg_interfaces/msg_interfaces/msg/detail/encoder_arm__functions.h
-- Up-to-date symlink: /home/harshit/mrt_ws/arm_workspace/install/msg_interfaces/include/msg_interfaces/msg_interfaces/msg/detail/encoder_arm__struct.h
-- Up-to-date symlink: /home/harshit/mrt_ws/arm_workspace/install/msg_interfaces/include/msg_interfaces/msg_interfaces/msg/detail/encoder_arm__type_support.h
-- Up-to-date symlink: /home/harshit/mrt_ws/arm_workspace/install/msg_interfaces/include/msg_interfaces/msg_interfaces/msg/detail/user_command__functions.h
-- Up-to-date symlink: /home/harshit/mrt_ws/arm_workspace/install/msg_interfaces/include/msg_interfaces/msg_interfaces/msg/detail/user_command__struct.h
-- Up-to-date symlink: /home/harshit/mrt_ws/arm_workspace/install/msg_interfaces/include/msg_interfaces/msg_interfaces/msg/detail/user_command__type_support.h
-- Up-to-date symlink: /home/harshit/mrt_ws/arm_workspace/install/msg_interfaces/include/msg_interfaces/msg_interfaces/msg/encoder_arm.h
-- Up-to-date symlink: /home/harshit/mrt_ws/arm_workspace/install/msg_interfaces/include/msg_interfaces/msg_interfaces/msg/rosidl_generator_c__visibility_control.h
-- Up-to-date symlink: /home/harshit/mrt_ws/arm_workspace/install/msg_interfaces/include/msg_interfaces/msg_interfaces/msg/user_command.h
-- Up-to-date symlink: /home/harshit/mrt_ws/arm_workspace/install/msg_interfaces/share/msg_interfaces/environment/library_path.sh
-- Up-to-date symlink: /home/harshit/mrt_ws/arm_workspace/install/msg_interfaces/share/msg_interfaces/environment/library_path.dsv
-- Up-to-date symlink: /home/harshit/mrt_ws/arm_workspace/install/msg_interfaces/include/msg_interfaces/msg_interfaces/msg/detail/arm_end_motion__rosidl_typesupport_fastrtps_c.h
-- Up-to-date symlink: /home/harshit/mrt_ws/arm_workspace/install/msg_interfaces/include/msg_interfaces/msg_interfaces/msg/detail/encoder_arm__rosidl_typesupport_fastrtps_c.h
-- Up-to-date symlink: /home/harshit/mrt_ws/arm_workspace/install/msg_interfaces/include/msg_interfaces/msg_interfaces/msg/detail/user_command__rosidl_typesupport_fastrtps_c.h
-- Up-to-date symlink: /home/harshit/mrt_ws/arm_workspace/install/msg_interfaces/include/msg_interfaces/msg_interfaces/msg/rosidl_typesupport_fastrtps_c__visibility_control.h
-- Up-to-date symlink: /home/harshit/mrt_ws/arm_workspace/install/msg_interfaces/include/msg_interfaces/msg_interfaces/msg/detail/arm_end_motion__rosidl_typesupport_introspection_c.h
-- Up-to-date symlink: /home/harshit/mrt_ws/arm_workspace/install/msg_interfaces/include/msg_interfaces/msg_interfaces/msg/detail/encoder_arm__rosidl_typesupport_introspection_c.h
-- Up-to-date symlink: /home/harshit/mrt_ws/arm_workspace/install/msg_interfaces/include/msg_interfaces/msg_interfaces/msg/detail/user_command__rosidl_typesupport_introspection_c.h
-- Up-to-date symlink: /home/harshit/mrt_ws/arm_workspace/install/msg_interfaces/include/msg_interfaces/msg_interfaces/msg/rosidl_typesupport_introspection_c__visibility_control.h
-- Up-to-date symlink: /home/harshit/mrt_ws/arm_workspace/install/msg_interfaces/include/msg_interfaces/msg_interfaces/msg/arm_end_motion.hpp
-- Up-to-date symlink: /home/harshit/mrt_ws/arm_workspace/install/msg_interfaces/include/msg_interfaces/msg_interfaces/msg/detail/arm_end_motion__builder.hpp
-- Up-to-date symlink: /home/harshit/mrt_ws/arm_workspace/install/msg_interfaces/include/msg_interfaces/msg_interfaces/msg/detail/arm_end_motion__struct.hpp
-- Up-to-date symlink: /home/harshit/mrt_ws/arm_workspace/install/msg_interfaces/include/msg_interfaces/msg_interfaces/msg/detail/arm_end_motion__traits.hpp
-- Up-to-date symlink: /home/harshit/mrt_ws/arm_workspace/install/msg_interfaces/include/msg_interfaces/msg_interfaces/msg/detail/arm_end_motion__type_support.hpp
-- Up-to-date symlink: /home/harshit/mrt_ws/arm_workspace/install/msg_interfaces/include/msg_interfaces/msg_interfaces/msg/detail/encoder_arm__builder.hpp
-- Up-to-date symlink: /home/harshit/mrt_ws/arm_workspace/install/msg_interfaces/include/msg_interfaces/msg_interfaces/msg/detail/encoder_arm__struct.hpp
-- Up-to-date symlink: /home/harshit/mrt_ws/arm_workspace/install/msg_interfaces/include/msg_interfaces/msg_interfaces/msg/detail/encoder_arm__traits.hpp
-- Up-to-date symlink: /home/harshit/mrt_ws/arm_workspace/install/msg_interfaces/include/msg_interfaces/msg_interfaces/msg/detail/encoder_arm__type_support.hpp
-- Up-to-date symlink: /home/harshit/mrt_ws/arm_workspace/install/msg_interfaces/include/msg_interfaces/msg_interfaces/msg/detail/user_command__builder.hpp
-- Up-to-date symlink: /home/harshit/mrt_ws/arm_workspace/install/msg_interfaces/include/msg_interfaces/msg_interfaces/msg/detail/user_command__struct.hpp
-- Up-to-date symlink: /home/harshit/mrt_ws/arm_workspace/install/msg_interfaces/include/msg_interfaces/msg_interfaces/msg/detail/user_command__traits.hpp
-- Up-to-date symlink: /home/harshit/mrt_ws/arm_workspace/install/msg_interfaces/include/msg_interfaces/msg_interfaces/msg/detail/user_command__type_support.hpp
-- Up-to-date symlink: /home/harshit/mrt_ws/arm_workspace/install/msg_interfaces/include/msg_interfaces/msg_interfaces/msg/encoder_arm.hpp
-- Up-to-date symlink: /home/harshit/mrt_ws/arm_workspace/install/msg_interfaces/include/msg_interfaces/msg_interfaces/msg/rosidl_generator_cpp__visibility_control.hpp
-- Up-to-date symlink: /home/harshit/mrt_ws/arm_workspace/install/msg_interfaces/include/msg_interfaces/msg_interfaces/msg/user_command.hpp
-- Up-to-date symlink: /home/harshit/mrt_ws/arm_workspace/install/msg_interfaces/include/msg_interfaces/msg_interfaces/msg/detail/arm_end_motion__rosidl_typesupport_fastrtps_cpp.hpp
-- Up-to-date symlink: /home/harshit/mrt_ws/arm_workspace/install/msg_interfaces/include/msg_interfaces/msg_interfaces/msg/detail/encoder_arm__rosidl_typesupport_fastrtps_cpp.hpp
-- Up-to-date symlink: /home/harshit/mrt_ws/arm_workspace/install/msg_interfaces/include/msg_interfaces/msg_interfaces/msg/detail/user_command__rosidl_typesupport_fastrtps_cpp.hpp
-- Up-to-date symlink: /home/harshit/mrt_ws/arm_workspace/install/msg_interfaces/include/msg_interfaces/msg_interfaces/msg/rosidl_typesupport_fastrtps_cpp__visibility_control.h
-- Up-to-date symlink: /home/harshit/mrt_ws/arm_workspace/install/msg_interfaces/include/msg_interfaces/msg_interfaces/msg/detail/arm_end_motion__rosidl_typesupport_introspection_cpp.hpp
-- Up-to-date symlink: /home/harshit/mrt_ws/arm_workspace/install/msg_interfaces/include/msg_interfaces/msg_interfaces/msg/detail/encoder_arm__rosidl_typesupport_introspection_cpp.hpp
-- Up-to-date symlink: /home/harshit/mrt_ws/arm_workspace/install/msg_interfaces/include/msg_interfaces/msg_interfaces/msg/detail/user_command__rosidl_typesupport_introspection_cpp.hpp
-- Up-to-date symlink: /home/harshit/mrt_ws/arm_workspace/install/msg_interfaces/share/msg_interfaces/environment/pythonpath.sh
-- Up-to-date symlink: /home/harshit/mrt_ws/arm_workspace/install/msg_interfaces/share/msg_interfaces/environment/pythonpath.dsv
-- Up-to-date symlink: /home/harshit/mrt_ws/arm_workspace/install/msg_interfaces/local/lib/python3.10/dist-packages/msg_interfaces-0.0.0-py3.10.egg-info/PKG-INFO
-- Up-to-date symlink: /home/harshit/mrt_ws/arm_workspace/install/msg_interfaces/local/lib/python3.10/dist-packages/msg_interfaces-0.0.0-py3.10.egg-info/SOURCES.txt
-- Up-to-date symlink: /home/harshit/mrt_ws/arm_workspace/install/msg_interfaces/local/lib/python3.10/dist-packages/msg_interfaces-0.0.0-py3.10.egg-info/dependency_links.txt
-- Up-to-date symlink: /home/harshit/mrt_ws/arm_workspace/install/msg_interfaces/local/lib/python3.10/dist-packages/msg_interfaces-0.0.0-py3.10.egg-info/top_level.txt
-- Up-to-date symlink: /home/harshit/mrt_ws/arm_workspace/install/msg_interfaces/local/lib/python3.10/dist-packages/msg_interfaces/__init__.py
-- Up-to-date symlink: /home/harshit/mrt_ws/arm_workspace/install/msg_interfaces/local/lib/python3.10/dist-packages/msg_interfaces/_msg_interfaces_s.ep.rosidl_typesupport_c.c
-- Up-to-date symlink: /home/harshit/mrt_ws/arm_workspace/install/msg_interfaces/local/lib/python3.10/dist-packages/msg_interfaces/_msg_interfaces_s.ep.rosidl_typesupport_fastrtps_c.c
-- Up-to-date symlink: /home/harshit/mrt_ws/arm_workspace/install/msg_interfaces/local/lib/python3.10/dist-packages/msg_interfaces/_msg_interfaces_s.ep.rosidl_typesupport_introspection_c.c
-- Up-to-date symlink: /home/harshit/mrt_ws/arm_workspace/install/msg_interfaces/local/lib/python3.10/dist-packages/msg_interfaces/libmsg_interfaces__rosidl_generator_py.so
-- Up-to-date symlink: /home/harshit/mrt_ws/arm_workspace/install/msg_interfaces/local/lib/python3.10/dist-packages/msg_interfaces/msg/__init__.py
-- Up-to-date symlink: /home/harshit/mrt_ws/arm_workspace/install/msg_interfaces/local/lib/python3.10/dist-packages/msg_interfaces/msg/_arm_end_motion.py
-- Up-to-date symlink: /home/harshit/mrt_ws/arm_workspace/install/msg_interfaces/local/lib/python3.10/dist-packages/msg_interfaces/msg/_arm_end_motion_s.c
-- Up-to-date symlink: /home/harshit/mrt_ws/arm_workspace/install/msg_interfaces/local/lib/python3.10/dist-packages/msg_interfaces/msg/_encoder_arm.py
-- Up-to-date symlink: /home/harshit/mrt_ws/arm_workspace/install/msg_interfaces/local/lib/python3.10/dist-packages/msg_interfaces/msg/_encoder_arm_s.c
-- Up-to-date symlink: /home/harshit/mrt_ws/arm_workspace/install/msg_interfaces/local/lib/python3.10/dist-packages/msg_interfaces/msg/_user_command.py
-- Up-to-date symlink: /home/harshit/mrt_ws/arm_workspace/install/msg_interfaces/local/lib/python3.10/dist-packages/msg_interfaces/msg/_user_command_s.c
-- Up-to-date symlink: /home/harshit/mrt_ws/arm_workspace/install/msg_interfaces/local/lib/python3.10/dist-packages/msg_interfaces/msg_interfaces_s__rosidl_typesupport_c.cpython-310-x86_64-linux-gnu.so
-- Up-to-date symlink: /home/harshit/mrt_ws/arm_workspace/install/msg_interfaces/local/lib/python3.10/dist-packages/msg_interfaces/msg_interfaces_s__rosidl_typesupport_fastrtps_c.cpython-310-x86_64-linux-gnu.so
-- Up-to-date symlink: /home/harshit/mrt_ws/arm_workspace/install/msg_interfaces/local/lib/python3.10/dist-packages/msg_interfaces/msg_interfaces_s__rosidl_typesupport_introspection_c.cpython-310-x86_64-linux-gnu.so
-- Up-to-date symlink: /home/harshit/mrt_ws/arm_workspace/install/msg_interfaces/local/lib/python3.10/dist-packages/msg_interfaces/msg_interfaces_s__rosidl_typesupport_fastrtps_c.cpython-310-x86_64-linux-gnu.so
-- Up-to-date symlink: /home/harshit/mrt_ws/arm_workspace/install/msg_interfaces/local/lib/python3.10/dist-packages/msg_interfaces/msg_interfaces_s__rosidl_typesupport_introspection_c.cpython-310-x86_64-linux-gnu.so
-- Up-to-date symlink: /home/harshit/mrt_ws/arm_workspace/install/msg_interfaces/local/lib/python3.10/dist-packages/msg_interfaces/msg_interfaces_s__rosidl_typesupport_c.cpython-310-x86_64-linux-gnu.so
-- Up-to-date symlink: /home/harshit/mrt_ws/arm_workspace/install/msg_interfaces/share/msg_interfaces/msg/UserCommand.idl
-- Up-to-date symlink: /home/harshit/mrt_ws/arm_workspace/install/msg_interfaces/share/msg_interfaces/msg/ArmEndMotion.idl
-- Up-to-date symlink: /home/harshit/mrt_ws/arm_workspace/install/msg_interfaces/share/msg_interfaces/msg/EncoderArm.idl
-- Up-to-date symlink: /home/harshit/mrt_ws/arm_workspace/install/msg_interfaces/share/msg_interfaces/msg/UserCommand.msg
-- Up-to-date symlink: /home/harshit/mrt_ws/arm_workspace/install/msg_interfaces/share/msg_interfaces/msg/ArmEndMotion.msg
-- Up-to-date symlink: /home/harshit/mrt_ws/arm_workspace/install/msg_interfaces/share/msg_interfaces/msg/EncoderArm.msg
-- Up-to-date symlink: /home/harshit/mrt_ws/arm_workspace/install/msg_interfaces/share/ament_index/resource_index/package_run_dependencies/msg_interfaces
-- Up-to-date symlink: /home/harshit/mrt_ws/arm_workspace/install/msg_interfaces/share/ament_index/resource_index/parent_prefix_path/msg_interfaces
-- Up-to-date symlink: /home/harshit/mrt_ws/arm_workspace/install/msg_interfaces/share/msg_interfaces/environment/ament_prefix_path.sh
-- Up-to-date symlink: /home/harshit/mrt_ws/arm_workspace/install/msg_interfaces/share/msg_interfaces/environment/ament_prefix_path.dsv
-- Up-to-date symlink: /home/harshit/mrt_ws/arm_workspace/install/msg_interfaces/share/msg_interfaces/environment/path.sh
-- Up-to-date symlink: /home/harshit/mrt_ws/arm_workspace/install/msg_interfaces/share/msg_interfaces/environment/path.dsv
-- Up-to-date symlink: /home/harshit/mrt_ws/arm_workspace/install/msg_interfaces/share/msg_interfaces/local_setup.bash
-- Up-to-date symlink: /home/harshit/mrt_ws/arm_workspace/install/msg_interfaces/share/msg_interfaces/local_setup.sh
-- Up-to-date symlink: /home/harshit/mrt_ws/arm_workspace/install/msg_interfaces/share/msg_interfaces/local_setup.zsh
-- Up-to-date symlink: /home/harshit/mrt_ws/arm_workspace/install/msg_interfaces/share/msg_interfaces/local_setup.dsv
-- Symlinking: /home/harshit/mrt_ws/arm_workspace/install/msg_interfaces/share/msg_interfaces/package.dsv
-- Up-to-date symlink: /home/harshit/mrt_ws/arm_workspace/install/msg_interfaces/share/ament_index/resource_index/packages/msg_interfaces
-- Up-to-date symlink: /home/harshit/mrt_ws/arm_workspace/install/msg_interfaces/share/msg_interfaces/cmake/rosidl_cmake-extras.cmake
-- Up-to-date symlink: /home/harshit/mrt_ws/arm_workspace/install/msg_interfaces/share/msg_interfaces/cmake/ament_cmake_export_include_directories-extras.cmake
-- Up-to-date symlink: /home/harshit/mrt_ws/arm_workspace/install/msg_interfaces/share/msg_interfaces/cmake/ament_cmake_export_libraries-extras.cmake
-- Up-to-date symlink: /home/harshit/mrt_ws/arm_workspace/install/msg_interfaces/share/msg_interfaces/cmake/ament_cmake_export_targets-extras.cmake
-- Up-to-date symlink: /home/harshit/mrt_ws/arm_workspace/install/msg_interfaces/share/msg_interfaces/cmake/rosidl_cmake_export_typesupport_targets-extras.cmake
-- Up-to-date symlink: /home/harshit/mrt_ws/arm_workspace/install/msg_interfaces/share/msg_interfaces/cmake/ament_cmake_export_dependencies-extras.cmake
-- Up-to-date symlink: /home/harshit/mrt_ws/arm_workspace/install/msg_interfaces/share/msg_interfaces/cmake/rosidl_cmake_export_typesupport_libraries-extras.cmake
-- Up-to-date symlink: /home/harshit/mrt_ws/arm_workspace/install/msg_interfaces/share/msg_interfaces/cmake/msg_interfacesConfig.cmake
-- Up-to-date symlink: /home/harshit/mrt_ws/arm_workspace/install/msg_interfaces/share/msg_interfaces/cmake/msg_interfacesConfig-version.cmake
-- Up-to-date symlink: /home/harshit/mrt_ws/arm_workspace/install/msg_interfaces/share/msg_interfaces/package.xml
-- Up-to-date: /home/harshit/mrt_ws/arm_workspace/install/msg_interfaces/lib/libmsg_interfaces__rosidl_generator_c.so
-- Up-to-date: /home/harshit/mrt_ws/arm_workspace/install/msg_interfaces/lib/libmsg_interfaces__rosidl_typesupport_fastrtps_c.so
-- Up-to-date: /home/harshit/mrt_ws/arm_workspace/install/msg_interfaces/lib/libmsg_interfaces__rosidl_typesupport_introspection_c.so
-- Up-to-date: /home/harshit/mrt_ws/arm_workspace/install/msg_interfaces/lib/libmsg_interfaces__rosidl_typesupport_c.so
-- Up-to-date: /home/harshit/mrt_ws/arm_workspace/install/msg_interfaces/lib/libmsg_interfaces__rosidl_typesupport_fastrtps_cpp.so
-- Up-to-date: /home/harshit/mrt_ws/arm_workspace/install/msg_interfaces/lib/libmsg_interfaces__rosidl_typesupport_introspection_cpp.so
-- Up-to-date: /home/harshit/mrt_ws/arm_workspace/install/msg_interfaces/lib/libmsg_interfaces__rosidl_typesupport_cpp.so
Listing '/home/harshit/mrt_ws/arm_workspace/install/msg_interfaces/local/lib/python3.10/dist-packages/msg_interfaces'...
Listing '/home/harshit/mrt_ws/arm_workspace/install/msg_interfaces/local/lib/python3.10/dist-packages/msg_interfaces/msg'...
-- Up-to-date: /home/harshit/mrt_ws/arm_workspace/install/msg_interfaces/lib/libmsg_interfaces__rosidl_generator_py.so
-- Up-to-date: /home/harshit/mrt_ws/arm_workspace/install/msg_interfaces/share/msg_interfaces/cmake/export_msg_interfaces__rosidl_generator_cExport.cmake
-- Up-to-date: /home/harshit/mrt_ws/arm_workspace/install/msg_interfaces/share/msg_interfaces/cmake/export_msg_interfaces__rosidl_generator_cExport-noconfig.cmake
-- Up-to-date: /home/harshit/mrt_ws/arm_workspace/install/msg_interfaces/share/msg_interfaces/cmake/export_msg_interfaces__rosidl_typesupport_fastrtps_cExport.cmake
-- Up-to-date: /home/harshit/mrt_ws/arm_workspace/install/msg_interfaces/share/msg_interfaces/cmake/export_msg_interfaces__rosidl_typesupport_fastrtps_cExport-noconfig.cmake
-- Up-to-date: /home/harshit/mrt_ws/arm_workspace/install/msg_interfaces/share/msg_interfaces/cmake/msg_interfaces__rosidl_typesupport_introspection_cExport.cmake
-- Up-to-date: /home/harshit/mrt_ws/arm_workspace/install/msg_interfaces/share/msg_interfaces/cmake/msg_interfaces__rosidl_typesupport_introspection_cExport-noconfig.cmake
-- Up-to-date: /home/harshit/mrt_ws/arm_workspace/install/msg_interfaces/share/msg_interfaces/cmake/msg_interfaces__rosidl_typesupport_cExport.cmake
-- Up-to-date: /home/harshit/mrt_ws/arm_workspace/install/msg_interfaces/share/msg_interfaces/cmake/msg_interfaces__rosidl_typesupport_cExport-noconfig.cmake
-- Up-to-date: /home/harshit/mrt_ws/arm_workspace/install/msg_interfaces/share/msg_interfaces/cmake/export_msg_interfaces__rosidl_generator_cppExport.cmake
-- Up-to-date: /home/harshit/mrt_ws/arm_workspace/install/msg_interfaces/share/msg_interfaces/cmake/export_msg_interfaces__rosidl_typesupport_fastrtps_cppExport.cmake
-- Up-to-date: /home/harshit/mrt_ws/arm_workspace/install/msg_interfaces/share/msg_interfaces/cmake/export_msg_interfaces__rosidl_typesupport_fastrtps_cppExport-noconfig.cmake
-- Up-to-date: /home/harshit/mrt_ws/arm_workspace/install/msg_interfaces/share/msg_interfaces/cmake/msg_interfaces__rosidl_typesupport_introspection_cppExport.cmake
-- Up-to-date: /home/harshit/mrt_ws/arm_workspace/install/msg_interfaces/share/msg_interfaces/cmake/msg_interfaces__rosidl_typesupport_introspection_cppExport-noconfig.cmake
-- Up-to-date: /home/harshit/mrt_ws/arm_workspace/install/msg_interfaces/share/msg_interfaces/cmake/msg_interfaces__rosidl_typesupport_cppExport.cmake
-- Up-to-date: /home/harshit/mrt_ws/arm_workspace/install/msg_interfaces/share/msg_interfaces/cmake/msg_interfaces__rosidl_typesupport_cppExport-noconfig.cmake
-- Up-to-date: /home/harshit/mrt_ws/arm_workspace/install/msg_interfaces/share/msg_interfaces/cmake/export_msg_interfaces__rosidl_generator_pyExport.cmake
-- Up-to-date: /home/harshit/mrt_ws/arm_workspace/install/msg_interfaces/share/msg_interfaces/cmake/export_msg_interfaces__rosidl_generator_pyExport-noconfig.cmake
