[1.503s] Invoking command in '/home/harshit/mrt_ws/src/sauron': PYTHONPATH=/home/harshit/mrt_ws/build/sauron/prefix_override:/usr/lib/python3/dist-packages/colcon_core/task/python/colcon_distutils_commands:/home/harshit/mrt_ws/install/sauron/lib/python3.10/site-packages:${PYTHONPATH} /usr/bin/python3 -W ignore:setup.py install is deprecated setup.py egg_info --egg-base ../../build/sauron build --build-base /home/harshit/mrt_ws/build/sauron/build install --record /home/harshit/mrt_ws/build/sauron/install.log --single-version-externally-managed install_data
[2.057s] running egg_info
[2.058s] writing ../../build/sauron/sauron.egg-info/PKG-INFO
[2.058s] writing dependency_links to ../../build/sauron/sauron.egg-info/dependency_links.txt
[2.059s] writing entry points to ../../build/sauron/sauron.egg-info/entry_points.txt
[2.059s] writing requirements to ../../build/sauron/sauron.egg-info/requires.txt
[2.059s] writing top-level names to ../../build/sauron/sauron.egg-info/top_level.txt
[2.063s] reading manifest file '../../build/sauron/sauron.egg-info/SOURCES.txt'
[2.065s] writing manifest file '../../build/sauron/sauron.egg-info/SOURCES.txt'
[2.066s] running build
[2.066s] running build_py
[2.067s] running install
[2.067s] running install_lib
[2.070s] running install_data
[2.071s] running install_egg_info
[2.075s] removing '/home/harshit/mrt_ws/install/sauron/lib/python3.10/site-packages/sauron-0.0.0-py3.10.egg-info' (and everything under it)
[2.076s] Copying ../../build/sauron/sauron.egg-info to /home/harshit/mrt_ws/install/sauron/lib/python3.10/site-packages/sauron-0.0.0-py3.10.egg-info
[2.078s] running install_scripts
[2.135s] Installing publisher1 script to /home/harshit/mrt_ws/install/sauron/lib/sauron
[2.141s] Installing publisher2 script to /home/harshit/mrt_ws/install/sauron/lib/sauron
[2.141s] Installing subscriber script to /home/harshit/mrt_ws/install/sauron/lib/sauron
[2.141s] writing list of installed files to '/home/harshit/mrt_ws/build/sauron/install.log'
[2.745s] Invoked command in '/home/harshit/mrt_ws/src/sauron' returned '0': PYTHONPATH=/home/harshit/mrt_ws/build/sauron/prefix_override:/usr/lib/python3/dist-packages/colcon_core/task/python/colcon_distutils_commands:/home/harshit/mrt_ws/install/sauron/lib/python3.10/site-packages:${PYTHONPATH} /usr/bin/python3 -W ignore:setup.py install is deprecated setup.py egg_info --egg-base ../../build/sauron build --build-base /home/harshit/mrt_ws/build/sauron/build install --record /home/harshit/mrt_ws/build/sauron/install.log --single-version-externally-managed install_data
