[2.704s] Invoking command in '/home/harshit/mrt_ws/src/sauron': PYTHONPATH=/home/harshit/mrt_ws/build/sauron/prefix_override:/usr/lib/python3/dist-packages/colcon_core/task/python/colcon_distutils_commands:/home/harshit/mrt_ws/install/sauron/lib/python3.10/site-packages:${PYTHONPATH} /usr/bin/python3 -W ignore:setup.py install is deprecated setup.py egg_info --egg-base ../../build/sauron build --build-base /home/harshit/mrt_ws/build/sauron/build install --record /home/harshit/mrt_ws/build/sauron/install.log --single-version-externally-managed install_data
[3.235s] running egg_info
[3.237s] writing ../../build/sauron/sauron.egg-info/PKG-INFO
[3.238s] writing dependency_links to ../../build/sauron/sauron.egg-info/dependency_links.txt
[3.238s] writing entry points to ../../build/sauron/sauron.egg-info/entry_points.txt
[3.238s] writing requirements to ../../build/sauron/sauron.egg-info/requires.txt
[3.239s] writing top-level names to ../../build/sauron/sauron.egg-info/top_level.txt
[3.242s] reading manifest file '../../build/sauron/sauron.egg-info/SOURCES.txt'
[3.244s] writing manifest file '../../build/sauron/sauron.egg-info/SOURCES.txt'
[3.244s] running build
[3.245s] running build_py
[3.245s] running install
[3.246s] running install_lib
[3.248s] running install_data
[3.249s] running install_egg_info
[3.253s] removing '/home/harshit/mrt_ws/install/sauron/lib/python3.10/site-packages/sauron-0.0.0-py3.10.egg-info' (and everything under it)
[3.253s] Copying ../../build/sauron/sauron.egg-info to /home/harshit/mrt_ws/install/sauron/lib/python3.10/site-packages/sauron-0.0.0-py3.10.egg-info
[3.255s] running install_scripts
[3.301s] Installing publisher1 script to /home/harshit/mrt_ws/install/sauron/lib/sauron
[3.301s] Installing publisher2 script to /home/harshit/mrt_ws/install/sauron/lib/sauron
[3.302s] Installing subscriber script to /home/harshit/mrt_ws/install/sauron/lib/sauron
[3.302s] writing list of installed files to '/home/harshit/mrt_ws/build/sauron/install.log'
[3.357s] Invoked command in '/home/harshit/mrt_ws/src/sauron' returned '0': PYTHONPATH=/home/harshit/mrt_ws/build/sauron/prefix_override:/usr/lib/python3/dist-packages/colcon_core/task/python/colcon_distutils_commands:/home/harshit/mrt_ws/install/sauron/lib/python3.10/site-packages:${PYTHONPATH} /usr/bin/python3 -W ignore:setup.py install is deprecated setup.py egg_info --egg-base ../../build/sauron build --build-base /home/harshit/mrt_ws/build/sauron/build install --record /home/harshit/mrt_ws/build/sauron/install.log --single-version-externally-managed install_data
