[1.862s] Invoking command in '/home/harshit/mrt_ws/src/week1_tutorials': PYTHONPATH=/home/harshit/mrt_ws/build/week1_tutorials/prefix_override:/usr/lib/python3/dist-packages/colcon_core/task/python/colcon_distutils_commands:/home/harshit/mrt_ws/install/week1_tutorials/lib/python3.10/site-packages:${PYTHONPATH} /usr/bin/python3 -W ignore:setup.py install is deprecated -W ignore:easy_install command is deprecated setup.py egg_info --egg-base ../../build/week1_tutorials build --build-base /home/harshit/mrt_ws/build/week1_tutorials/build install --record /home/harshit/mrt_ws/build/week1_tutorials/install.log --single-version-externally-managed install_data
[2.134s] running egg_info
[2.135s] writing ../../build/week1_tutorials/week1_tutorials.egg-info/PKG-INFO
[2.136s] writing dependency_links to ../../build/week1_tutorials/week1_tutorials.egg-info/dependency_links.txt
[2.136s] writing entry points to ../../build/week1_tutorials/week1_tutorials.egg-info/entry_points.txt
[2.136s] writing requirements to ../../build/week1_tutorials/week1_tutorials.egg-info/requires.txt
[2.136s] writing top-level names to ../../build/week1_tutorials/week1_tutorials.egg-info/top_level.txt
[2.138s] reading manifest file '../../build/week1_tutorials/week1_tutorials.egg-info/SOURCES.txt'
[2.139s] writing manifest file '../../build/week1_tutorials/week1_tutorials.egg-info/SOURCES.txt'
[2.139s] running build
[2.140s] running build_py
[2.140s] running install
[2.140s] running install_lib
[2.142s] running install_data
[2.142s] running install_egg_info
[2.146s] removing '/home/harshit/mrt_ws/install/week1_tutorials/lib/python3.10/site-packages/week1_tutorials-0.0.0-py3.10.egg-info' (and everything under it)
[2.146s] Copying ../../build/week1_tutorials/week1_tutorials.egg-info to /home/harshit/mrt_ws/install/week1_tutorials/lib/python3.10/site-packages/week1_tutorials-0.0.0-py3.10.egg-info
[2.146s] running install_scripts
[2.172s] writing list of installed files to '/home/harshit/mrt_ws/build/week1_tutorials/install.log'
[2.216s] Invoked command in '/home/harshit/mrt_ws/src/week1_tutorials' returned '0': PYTHONPATH=/home/harshit/mrt_ws/build/week1_tutorials/prefix_override:/usr/lib/python3/dist-packages/colcon_core/task/python/colcon_distutils_commands:/home/harshit/mrt_ws/install/week1_tutorials/lib/python3.10/site-packages:${PYTHONPATH} /usr/bin/python3 -W ignore:setup.py install is deprecated -W ignore:easy_install command is deprecated setup.py egg_info --egg-base ../../build/week1_tutorials build --build-base /home/harshit/mrt_ws/build/week1_tutorials/build install --record /home/harshit/mrt_ws/build/week1_tutorials/install.log --single-version-externally-managed install_data
