[0.076s] DEBUG:colcon:Command line arguments: ['/usr/bin/colcon', 'build']
[0.076s] DEBUG:colcon:Parsed command line arguments: Namespace(log_base=None, log_level=None, verb_name='build', build_base='build', install_base='install', merge_install=False, symlink_install=False, test_result_base=None, continue_on_error=False, executor='parallel', parallel_workers=8, event_handlers=None, ignore_user_meta=False, metas=['./colcon.meta'], base_paths=['.'], packages_ignore=None, packages_ignore_regex=None, paths=None, packages_up_to=None, packages_up_to_regex=None, packages_above=None, packages_above_and_dependencies=None, packages_above_depth=None, packages_select_by_dep=None, packages_skip_by_dep=None, packages_skip_up_to=None, packages_select_build_failed=False, packages_skip_build_finished=False, packages_select_test_failures=False, packages_skip_test_passed=False, packages_select=None, packages_skip=None, packages_select_regex=None, packages_skip_regex=None, packages_start=None, packages_end=None, allow_overriding=[], cmake_args=None, cmake_target=None, cmake_target_skip_unavailable=False, cmake_clean_cache=False, cmake_clean_first=False, cmake_force_configure=False, ament_cmake_args=None, catkin_cmake_args=None, catkin_skip_building_tests=False, verb_parser=<colcon_defaults.argument_parser.defaults.DefaultArgumentsDecorator object at 0x759aaf478b20>, verb_extension=<colcon_core.verb.build.BuildVerb object at 0x759aaf478610>, main=<bound method BuildVerb.main of <colcon_core.verb.build.BuildVerb object at 0x759aaf478610>>)
[0.201s] Level 1:colcon.colcon_core.package_discovery:discover_packages(colcon_meta) check parameters
[0.201s] Level 1:colcon.colcon_core.package_discovery:discover_packages(recursive) check parameters
[0.201s] Level 1:colcon.colcon_core.package_discovery:discover_packages(ignore) check parameters
[0.201s] Level 1:colcon.colcon_core.package_discovery:discover_packages(path) check parameters
[0.201s] Level 1:colcon.colcon_core.package_discovery:discover_packages(colcon_meta) discover
[0.201s] Level 1:colcon.colcon_core.package_discovery:discover_packages(recursive) discover
[0.201s] INFO:colcon.colcon_core.package_discovery:Crawling recursively for packages in '/home/harshit/mrt_ws/arm_workspace'
[0.202s] Level 1:colcon.colcon_core.package_identification:_identify(.) by extensions ['ignore', 'ignore_ament_install']
[0.202s] Level 1:colcon.colcon_core.package_identification:_identify(.) by extension 'ignore'
[0.202s] Level 1:colcon.colcon_core.package_identification:_identify(.) by extension 'ignore_ament_install'
[0.202s] Level 1:colcon.colcon_core.package_identification:_identify(.) by extensions ['colcon_pkg']
[0.202s] Level 1:colcon.colcon_core.package_identification:_identify(.) by extension 'colcon_pkg'
[0.202s] Level 1:colcon.colcon_core.package_identification:_identify(.) by extensions ['colcon_meta']
[0.202s] Level 1:colcon.colcon_core.package_identification:_identify(.) by extension 'colcon_meta'
[0.202s] Level 1:colcon.colcon_core.package_identification:_identify(.) by extensions ['ros']
[0.202s] Level 1:colcon.colcon_core.package_identification:_identify(.) by extension 'ros'
[0.217s] Level 1:colcon.colcon_core.package_identification:_identify(.) by extensions ['cmake', 'python']
[0.217s] Level 1:colcon.colcon_core.package_identification:_identify(.) by extension 'cmake'
[0.217s] Level 1:colcon.colcon_core.package_identification:_identify(.) by extension 'python'
[0.217s] Level 1:colcon.colcon_core.package_identification:_identify(.) by extensions ['python_setup_py']
[0.217s] Level 1:colcon.colcon_core.package_identification:_identify(.) by extension 'python_setup_py'
[0.217s] Level 1:colcon.colcon_core.package_identification:_identify(arm) by extensions ['ignore', 'ignore_ament_install']
[0.217s] Level 1:colcon.colcon_core.package_identification:_identify(arm) by extension 'ignore'
[0.217s] Level 1:colcon.colcon_core.package_identification:_identify(arm) by extension 'ignore_ament_install'
[0.217s] Level 1:colcon.colcon_core.package_identification:_identify(arm) by extensions ['colcon_pkg']
[0.217s] Level 1:colcon.colcon_core.package_identification:_identify(arm) by extension 'colcon_pkg'
[0.217s] Level 1:colcon.colcon_core.package_identification:_identify(arm) by extensions ['colcon_meta']
[0.217s] Level 1:colcon.colcon_core.package_identification:_identify(arm) by extension 'colcon_meta'
[0.217s] Level 1:colcon.colcon_core.package_identification:_identify(arm) by extensions ['ros']
[0.217s] Level 1:colcon.colcon_core.package_identification:_identify(arm) by extension 'ros'
[0.217s] Level 1:colcon.colcon_core.package_identification:_identify(arm) by extensions ['cmake', 'python']
[0.217s] Level 1:colcon.colcon_core.package_identification:_identify(arm) by extension 'cmake'
[0.217s] Level 1:colcon.colcon_core.package_identification:_identify(arm) by extension 'python'
[0.217s] Level 1:colcon.colcon_core.package_identification:_identify(arm) by extensions ['python_setup_py']
[0.218s] Level 1:colcon.colcon_core.package_identification:_identify(arm) by extension 'python_setup_py'
[0.218s] Level 1:colcon.colcon_core.package_identification:_identify(arm/__pycache__) by extensions ['ignore', 'ignore_ament_install']
[0.218s] Level 1:colcon.colcon_core.package_identification:_identify(arm/__pycache__) by extension 'ignore'
[0.218s] Level 1:colcon.colcon_core.package_identification:_identify(arm/__pycache__) by extension 'ignore_ament_install'
[0.218s] Level 1:colcon.colcon_core.package_identification:_identify(arm/__pycache__) by extensions ['colcon_pkg']
[0.218s] Level 1:colcon.colcon_core.package_identification:_identify(arm/__pycache__) by extension 'colcon_pkg'
[0.218s] Level 1:colcon.colcon_core.package_identification:_identify(arm/__pycache__) by extensions ['colcon_meta']
[0.218s] Level 1:colcon.colcon_core.package_identification:_identify(arm/__pycache__) by extension 'colcon_meta'
[0.218s] Level 1:colcon.colcon_core.package_identification:_identify(arm/__pycache__) by extensions ['ros']
[0.218s] Level 1:colcon.colcon_core.package_identification:_identify(arm/__pycache__) by extension 'ros'
[0.218s] Level 1:colcon.colcon_core.package_identification:_identify(arm/__pycache__) by extensions ['cmake', 'python']
[0.218s] Level 1:colcon.colcon_core.package_identification:_identify(arm/__pycache__) by extension 'cmake'
[0.218s] Level 1:colcon.colcon_core.package_identification:_identify(arm/__pycache__) by extension 'python'
[0.218s] Level 1:colcon.colcon_core.package_identification:_identify(arm/__pycache__) by extensions ['python_setup_py']
[0.218s] Level 1:colcon.colcon_core.package_identification:_identify(arm/__pycache__) by extension 'python_setup_py'
[0.218s] Level 1:colcon.colcon_core.package_identification:_identify(arm/log) by extensions ['ignore', 'ignore_ament_install']
[0.218s] Level 1:colcon.colcon_core.package_identification:_identify(arm/log) by extension 'ignore'
[0.218s] Level 1:colcon.colcon_core.package_identification:_identify(arm/log) ignored
[0.218s] Level 1:colcon.colcon_core.package_identification:_identify(build) by extensions ['ignore', 'ignore_ament_install']
[0.218s] Level 1:colcon.colcon_core.package_identification:_identify(build) by extension 'ignore'
[0.218s] Level 1:colcon.colcon_core.package_identification:_identify(build) ignored
[0.218s] Level 1:colcon.colcon_core.package_identification:_identify(install) by extensions ['ignore', 'ignore_ament_install']
[0.218s] Level 1:colcon.colcon_core.package_identification:_identify(install) by extension 'ignore'
[0.218s] Level 1:colcon.colcon_core.package_identification:_identify(install) ignored
[0.218s] Level 1:colcon.colcon_core.package_identification:_identify(log) by extensions ['ignore', 'ignore_ament_install']
[0.218s] Level 1:colcon.colcon_core.package_identification:_identify(log) by extension 'ignore'
[0.219s] Level 1:colcon.colcon_core.package_identification:_identify(log) ignored
[0.219s] Level 1:colcon.colcon_core.package_identification:_identify(src) by extensions ['ignore', 'ignore_ament_install']
[0.219s] Level 1:colcon.colcon_core.package_identification:_identify(src) by extension 'ignore'
[0.219s] Level 1:colcon.colcon_core.package_identification:_identify(src) by extension 'ignore_ament_install'
[0.219s] Level 1:colcon.colcon_core.package_identification:_identify(src) by extensions ['colcon_pkg']
[0.219s] Level 1:colcon.colcon_core.package_identification:_identify(src) by extension 'colcon_pkg'
[0.219s] Level 1:colcon.colcon_core.package_identification:_identify(src) by extensions ['colcon_meta']
[0.219s] Level 1:colcon.colcon_core.package_identification:_identify(src) by extension 'colcon_meta'
[0.219s] Level 1:colcon.colcon_core.package_identification:_identify(src) by extensions ['ros']
[0.219s] Level 1:colcon.colcon_core.package_identification:_identify(src) by extension 'ros'
[0.219s] Level 1:colcon.colcon_core.package_identification:_identify(src) by extensions ['cmake', 'python']
[0.219s] Level 1:colcon.colcon_core.package_identification:_identify(src) by extension 'cmake'
[0.219s] Level 1:colcon.colcon_core.package_identification:_identify(src) by extension 'python'
[0.219s] Level 1:colcon.colcon_core.package_identification:_identify(src) by extensions ['python_setup_py']
[0.219s] Level 1:colcon.colcon_core.package_identification:_identify(src) by extension 'python_setup_py'
[0.219s] Level 1:colcon.colcon_core.package_identification:_identify(src/arm_pos_control) by extensions ['ignore', 'ignore_ament_install']
[0.219s] Level 1:colcon.colcon_core.package_identification:_identify(src/arm_pos_control) by extension 'ignore'
[0.219s] Level 1:colcon.colcon_core.package_identification:_identify(src/arm_pos_control) by extension 'ignore_ament_install'
[0.219s] Level 1:colcon.colcon_core.package_identification:_identify(src/arm_pos_control) by extensions ['colcon_pkg']
[0.219s] Level 1:colcon.colcon_core.package_identification:_identify(src/arm_pos_control) by extension 'colcon_pkg'
[0.219s] Level 1:colcon.colcon_core.package_identification:_identify(src/arm_pos_control) by extensions ['colcon_meta']
[0.219s] Level 1:colcon.colcon_core.package_identification:_identify(src/arm_pos_control) by extension 'colcon_meta'
[0.219s] Level 1:colcon.colcon_core.package_identification:_identify(src/arm_pos_control) by extensions ['ros']
[0.219s] Level 1:colcon.colcon_core.package_identification:_identify(src/arm_pos_control) by extension 'ros'
[0.221s] DEBUG:colcon.colcon_core.package_identification:Package 'src/arm_pos_control' with type 'ros.ament_python' and name 'arm_pos_control'
[0.221s] Level 1:colcon.colcon_core.package_identification:_identify(src/msg_interfaces) by extensions ['ignore', 'ignore_ament_install']
[0.221s] Level 1:colcon.colcon_core.package_identification:_identify(src/msg_interfaces) by extension 'ignore'
[0.221s] Level 1:colcon.colcon_core.package_identification:_identify(src/msg_interfaces) by extension 'ignore_ament_install'
[0.221s] Level 1:colcon.colcon_core.package_identification:_identify(src/msg_interfaces) by extensions ['colcon_pkg']
[0.221s] Level 1:colcon.colcon_core.package_identification:_identify(src/msg_interfaces) by extension 'colcon_pkg'
[0.221s] Level 1:colcon.colcon_core.package_identification:_identify(src/msg_interfaces) by extensions ['colcon_meta']
[0.221s] Level 1:colcon.colcon_core.package_identification:_identify(src/msg_interfaces) by extension 'colcon_meta'
[0.221s] Level 1:colcon.colcon_core.package_identification:_identify(src/msg_interfaces) by extensions ['ros']
[0.221s] Level 1:colcon.colcon_core.package_identification:_identify(src/msg_interfaces) by extension 'ros'
[0.222s] DEBUG:colcon.colcon_core.package_identification:Package 'src/msg_interfaces' with type 'ros.ament_cmake' and name 'msg_interfaces'
[0.222s] Level 1:colcon.colcon_core.package_discovery:discover_packages(recursive) using defaults
[0.222s] Level 1:colcon.colcon_core.package_discovery:discover_packages(ignore) discover
[0.222s] Level 1:colcon.colcon_core.package_discovery:discover_packages(ignore) using defaults
[0.222s] Level 1:colcon.colcon_core.package_discovery:discover_packages(path) discover
[0.222s] Level 1:colcon.colcon_core.package_discovery:discover_packages(path) using defaults
[0.235s] Level 1:colcon.colcon_core.package_discovery:discover_packages(prefix_path) check parameters
[0.235s] Level 1:colcon.colcon_core.package_discovery:discover_packages(prefix_path) discover
[0.236s] DEBUG:colcon.colcon_installed_package_information.package_discovery:Found 2 installed packages in /home/harshit/mrt_ws/arm_workspace/install
[0.237s] DEBUG:colcon.colcon_installed_package_information.package_discovery:Found 2 installed packages in /home/harshit/urdf_rviz/install
[0.237s] DEBUG:colcon.colcon_installed_package_information.package_discovery:Found 8 installed packages in /home/harshit/mrt_ws/install
[0.238s] DEBUG:colcon.colcon_installed_package_information.package_discovery:Found 272 installed packages in /opt/ros/humble
[0.239s] Level 1:colcon.colcon_core.package_discovery:discover_packages(prefix_path) using defaults
[0.262s] Level 5:colcon.colcon_core.verb:set package 'msg_interfaces' build argument 'cmake_args' from command line to 'None'
[0.262s] Level 5:colcon.colcon_core.verb:set package 'msg_interfaces' build argument 'cmake_target' from command line to 'None'
[0.262s] Level 5:colcon.colcon_core.verb:set package 'msg_interfaces' build argument 'cmake_target_skip_unavailable' from command line to 'False'
[0.262s] Level 5:colcon.colcon_core.verb:set package 'msg_interfaces' build argument 'cmake_clean_cache' from command line to 'False'
[0.262s] Level 5:colcon.colcon_core.verb:set package 'msg_interfaces' build argument 'cmake_clean_first' from command line to 'False'
[0.262s] Level 5:colcon.colcon_core.verb:set package 'msg_interfaces' build argument 'cmake_force_configure' from command line to 'False'
[0.262s] Level 5:colcon.colcon_core.verb:set package 'msg_interfaces' build argument 'ament_cmake_args' from command line to 'None'
[0.262s] Level 5:colcon.colcon_core.verb:set package 'msg_interfaces' build argument 'catkin_cmake_args' from command line to 'None'
[0.262s] Level 5:colcon.colcon_core.verb:set package 'msg_interfaces' build argument 'catkin_skip_building_tests' from command line to 'False'
[0.262s] DEBUG:colcon.colcon_core.verb:Building package 'msg_interfaces' with the following arguments: {'ament_cmake_args': None, 'build_base': '/home/harshit/mrt_ws/arm_workspace/build/msg_interfaces', 'catkin_cmake_args': None, 'catkin_skip_building_tests': False, 'cmake_args': None, 'cmake_clean_cache': False, 'cmake_clean_first': False, 'cmake_force_configure': False, 'cmake_target': None, 'cmake_target_skip_unavailable': False, 'install_base': '/home/harshit/mrt_ws/arm_workspace/install/msg_interfaces', 'merge_install': False, 'path': '/home/harshit/mrt_ws/arm_workspace/src/msg_interfaces', 'symlink_install': False, 'test_result_base': None}
[0.262s] Level 5:colcon.colcon_core.verb:set package 'arm_pos_control' build argument 'cmake_args' from command line to 'None'
[0.262s] Level 5:colcon.colcon_core.verb:set package 'arm_pos_control' build argument 'cmake_target' from command line to 'None'
[0.262s] Level 5:colcon.colcon_core.verb:set package 'arm_pos_control' build argument 'cmake_target_skip_unavailable' from command line to 'False'
[0.262s] Level 5:colcon.colcon_core.verb:set package 'arm_pos_control' build argument 'cmake_clean_cache' from command line to 'False'
[0.262s] Level 5:colcon.colcon_core.verb:set package 'arm_pos_control' build argument 'cmake_clean_first' from command line to 'False'
[0.262s] Level 5:colcon.colcon_core.verb:set package 'arm_pos_control' build argument 'cmake_force_configure' from command line to 'False'
[0.262s] Level 5:colcon.colcon_core.verb:set package 'arm_pos_control' build argument 'ament_cmake_args' from command line to 'None'
[0.262s] Level 5:colcon.colcon_core.verb:set package 'arm_pos_control' build argument 'catkin_cmake_args' from command line to 'None'
[0.262s] Level 5:colcon.colcon_core.verb:set package 'arm_pos_control' build argument 'catkin_skip_building_tests' from command line to 'False'
[0.262s] DEBUG:colcon.colcon_core.verb:Building package 'arm_pos_control' with the following arguments: {'ament_cmake_args': None, 'build_base': '/home/harshit/mrt_ws/arm_workspace/build/arm_pos_control', 'catkin_cmake_args': None, 'catkin_skip_building_tests': False, 'cmake_args': None, 'cmake_clean_cache': False, 'cmake_clean_first': False, 'cmake_force_configure': False, 'cmake_target': None, 'cmake_target_skip_unavailable': False, 'install_base': '/home/harshit/mrt_ws/arm_workspace/install/arm_pos_control', 'merge_install': False, 'path': '/home/harshit/mrt_ws/arm_workspace/src/arm_pos_control', 'symlink_install': False, 'test_result_base': None}
[0.262s] INFO:colcon.colcon_core.executor:Executing jobs using 'parallel' executor
[0.263s] DEBUG:colcon.colcon_parallel_executor.executor.parallel:run_until_complete
[0.263s] INFO:colcon.colcon_ros.task.ament_cmake.build:Building ROS package in '/home/harshit/mrt_ws/arm_workspace/src/msg_interfaces' with build type 'ament_cmake'
[0.263s] INFO:colcon.colcon_cmake.task.cmake.build:Building CMake package in '/home/harshit/mrt_ws/arm_workspace/src/msg_interfaces'
[0.265s] INFO:colcon.colcon_core.plugin_system:Skipping extension 'colcon_core.shell.bat': Not used on non-Windows systems
[0.265s] INFO:colcon.colcon_core.shell:Skip shell extension 'powershell' for command environment: Not usable outside of PowerShell
[0.265s] DEBUG:colcon.colcon_core.shell:Skip shell extension 'dsv' for command environment
[0.270s] DEBUG:colcon.colcon_core.event_handler.log_command:Invoking command in '/home/harshit/mrt_ws/arm_workspace/build/msg_interfaces': CMAKE_PREFIX_PATH=${CMAKE_PREFIX_PATH}:/home/harshit/mrt_ws/arm_workspace/install/arm_pos_control:/home/harshit/mrt_ws/install/week1_tutorials:/home/harshit/mrt_ws/install/week0_tutorials:/home/harshit/mrt_ws/install/sauron:/home/harshit/mrt_ws/install/odom_tf_publisher:/home/harshit/mrt_ws/install/mrs_hudson:/home/harshit/mrt_ws/install/assgn:/home/harshit/mrt_ws/install/aruco_detection:/home/harshit/urdf_rviz/install/urdf_testing:/home/harshit/urdf_rviz/install/robot_car:/opt/ros/humble /usr/bin/cmake /home/harshit/mrt_ws/arm_workspace/src/msg_interfaces -DCMAKE_INSTALL_PREFIX=/home/harshit/mrt_ws/arm_workspace/install/msg_interfaces
[2.104s] DEBUG:colcon.colcon_core.event_handler.log_command:Invoked command in '/home/harshit/mrt_ws/arm_workspace/build/msg_interfaces' returned '0': CMAKE_PREFIX_PATH=${CMAKE_PREFIX_PATH}:/home/harshit/mrt_ws/arm_workspace/install/arm_pos_control:/home/harshit/mrt_ws/install/week1_tutorials:/home/harshit/mrt_ws/install/week0_tutorials:/home/harshit/mrt_ws/install/sauron:/home/harshit/mrt_ws/install/odom_tf_publisher:/home/harshit/mrt_ws/install/mrs_hudson:/home/harshit/mrt_ws/install/assgn:/home/harshit/mrt_ws/install/aruco_detection:/home/harshit/urdf_rviz/install/urdf_testing:/home/harshit/urdf_rviz/install/robot_car:/opt/ros/humble /usr/bin/cmake /home/harshit/mrt_ws/arm_workspace/src/msg_interfaces -DCMAKE_INSTALL_PREFIX=/home/harshit/mrt_ws/arm_workspace/install/msg_interfaces
[2.105s] DEBUG:colcon.colcon_core.event_handler.log_command:Invoking command in '/home/harshit/mrt_ws/arm_workspace/build/msg_interfaces': CMAKE_PREFIX_PATH=${CMAKE_PREFIX_PATH}:/home/harshit/mrt_ws/arm_workspace/install/arm_pos_control:/home/harshit/mrt_ws/install/week1_tutorials:/home/harshit/mrt_ws/install/week0_tutorials:/home/harshit/mrt_ws/install/sauron:/home/harshit/mrt_ws/install/odom_tf_publisher:/home/harshit/mrt_ws/install/mrs_hudson:/home/harshit/mrt_ws/install/assgn:/home/harshit/mrt_ws/install/aruco_detection:/home/harshit/urdf_rviz/install/urdf_testing:/home/harshit/urdf_rviz/install/robot_car:/opt/ros/humble /usr/bin/cmake --build /home/harshit/mrt_ws/arm_workspace/build/msg_interfaces -- -j8 -l8
[2.360s] DEBUG:colcon.colcon_core.event_handler.log_command:Invoked command in '/home/harshit/mrt_ws/arm_workspace/build/msg_interfaces' returned '0': CMAKE_PREFIX_PATH=${CMAKE_PREFIX_PATH}:/home/harshit/mrt_ws/arm_workspace/install/arm_pos_control:/home/harshit/mrt_ws/install/week1_tutorials:/home/harshit/mrt_ws/install/week0_tutorials:/home/harshit/mrt_ws/install/sauron:/home/harshit/mrt_ws/install/odom_tf_publisher:/home/harshit/mrt_ws/install/mrs_hudson:/home/harshit/mrt_ws/install/assgn:/home/harshit/mrt_ws/install/aruco_detection:/home/harshit/urdf_rviz/install/urdf_testing:/home/harshit/urdf_rviz/install/robot_car:/opt/ros/humble /usr/bin/cmake --build /home/harshit/mrt_ws/arm_workspace/build/msg_interfaces -- -j8 -l8
[2.363s] DEBUG:colcon.colcon_core.event_handler.log_command:Invoking command in '/home/harshit/mrt_ws/arm_workspace/build/msg_interfaces': CMAKE_PREFIX_PATH=${CMAKE_PREFIX_PATH}:/home/harshit/mrt_ws/arm_workspace/install/arm_pos_control:/home/harshit/mrt_ws/install/week1_tutorials:/home/harshit/mrt_ws/install/week0_tutorials:/home/harshit/mrt_ws/install/sauron:/home/harshit/mrt_ws/install/odom_tf_publisher:/home/harshit/mrt_ws/install/mrs_hudson:/home/harshit/mrt_ws/install/assgn:/home/harshit/mrt_ws/install/aruco_detection:/home/harshit/urdf_rviz/install/urdf_testing:/home/harshit/urdf_rviz/install/robot_car:/opt/ros/humble /usr/bin/cmake --install /home/harshit/mrt_ws/arm_workspace/build/msg_interfaces
[2.418s] Level 1:colcon.colcon_core.environment:create_environment_scripts_only(msg_interfaces)
[2.418s] DEBUG:colcon.colcon_core.event_handler.log_command:Invoked command in '/home/harshit/mrt_ws/arm_workspace/build/msg_interfaces' returned '0': CMAKE_PREFIX_PATH=${CMAKE_PREFIX_PATH}:/home/harshit/mrt_ws/arm_workspace/install/arm_pos_control:/home/harshit/mrt_ws/install/week1_tutorials:/home/harshit/mrt_ws/install/week0_tutorials:/home/harshit/mrt_ws/install/sauron:/home/harshit/mrt_ws/install/odom_tf_publisher:/home/harshit/mrt_ws/install/mrs_hudson:/home/harshit/mrt_ws/install/assgn:/home/harshit/mrt_ws/install/aruco_detection:/home/harshit/urdf_rviz/install/urdf_testing:/home/harshit/urdf_rviz/install/robot_car:/opt/ros/humble /usr/bin/cmake --install /home/harshit/mrt_ws/arm_workspace/build/msg_interfaces
[2.420s] Level 1:colcon.colcon_core.environment:checking '/home/harshit/mrt_ws/arm_workspace/install/msg_interfaces' for CMake module files
[2.420s] Level 1:colcon.colcon_core.environment:checking '/home/harshit/mrt_ws/arm_workspace/install/msg_interfaces' for CMake config files
[2.420s] Level 1:colcon.colcon_core.shell:create_environment_hook('msg_interfaces', 'cmake_prefix_path')
[2.421s] INFO:colcon.colcon_core.shell:Creating environment hook '/home/harshit/mrt_ws/arm_workspace/install/msg_interfaces/share/msg_interfaces/hook/cmake_prefix_path.ps1'
[2.421s] INFO:colcon.colcon_core.shell:Creating environment descriptor '/home/harshit/mrt_ws/arm_workspace/install/msg_interfaces/share/msg_interfaces/hook/cmake_prefix_path.dsv'
[2.421s] INFO:colcon.colcon_core.shell:Creating environment hook '/home/harshit/mrt_ws/arm_workspace/install/msg_interfaces/share/msg_interfaces/hook/cmake_prefix_path.sh'
[2.422s] Level 1:colcon.colcon_core.environment:checking '/home/harshit/mrt_ws/arm_workspace/install/msg_interfaces/lib'
[2.422s] Level 1:colcon.colcon_core.shell:create_environment_hook('msg_interfaces', 'ld_library_path_lib')
[2.422s] INFO:colcon.colcon_core.shell:Creating environment hook '/home/harshit/mrt_ws/arm_workspace/install/msg_interfaces/share/msg_interfaces/hook/ld_library_path_lib.ps1'
[2.422s] INFO:colcon.colcon_core.shell:Creating environment descriptor '/home/harshit/mrt_ws/arm_workspace/install/msg_interfaces/share/msg_interfaces/hook/ld_library_path_lib.dsv'
[2.422s] INFO:colcon.colcon_core.shell:Creating environment hook '/home/harshit/mrt_ws/arm_workspace/install/msg_interfaces/share/msg_interfaces/hook/ld_library_path_lib.sh'
[2.423s] Level 1:colcon.colcon_core.environment:checking '/home/harshit/mrt_ws/arm_workspace/install/msg_interfaces/bin'
[2.423s] Level 1:colcon.colcon_core.environment:checking '/home/harshit/mrt_ws/arm_workspace/install/msg_interfaces/lib/pkgconfig/msg_interfaces.pc'
[2.423s] Level 1:colcon.colcon_core.environment:checking '/home/harshit/mrt_ws/arm_workspace/install/msg_interfaces/lib/python3.10/site-packages'
[2.423s] Level 1:colcon.colcon_core.environment:checking '/home/harshit/mrt_ws/arm_workspace/install/msg_interfaces/bin'
[2.423s] INFO:colcon.colcon_core.shell:Creating package script '/home/harshit/mrt_ws/arm_workspace/install/msg_interfaces/share/msg_interfaces/package.ps1'
[2.424s] INFO:colcon.colcon_core.shell:Creating package descriptor '/home/harshit/mrt_ws/arm_workspace/install/msg_interfaces/share/msg_interfaces/package.dsv'
[2.424s] INFO:colcon.colcon_core.shell:Creating package script '/home/harshit/mrt_ws/arm_workspace/install/msg_interfaces/share/msg_interfaces/package.sh'
[2.425s] INFO:colcon.colcon_core.shell:Creating package script '/home/harshit/mrt_ws/arm_workspace/install/msg_interfaces/share/msg_interfaces/package.bash'
[2.425s] INFO:colcon.colcon_core.shell:Creating package script '/home/harshit/mrt_ws/arm_workspace/install/msg_interfaces/share/msg_interfaces/package.zsh'
[2.425s] Level 1:colcon.colcon_core.environment:create_file_with_runtime_dependencies(/home/harshit/mrt_ws/arm_workspace/install/msg_interfaces/share/colcon-core/packages/msg_interfaces)
[2.426s] Level 1:colcon.colcon_core.environment:create_environment_scripts_only(msg_interfaces)
[2.426s] Level 1:colcon.colcon_core.environment:checking '/home/harshit/mrt_ws/arm_workspace/install/msg_interfaces' for CMake module files
[2.426s] Level 1:colcon.colcon_core.environment:checking '/home/harshit/mrt_ws/arm_workspace/install/msg_interfaces' for CMake config files
[2.427s] Level 1:colcon.colcon_core.shell:create_environment_hook('msg_interfaces', 'cmake_prefix_path')
[2.427s] INFO:colcon.colcon_core.shell:Creating environment hook '/home/harshit/mrt_ws/arm_workspace/install/msg_interfaces/share/msg_interfaces/hook/cmake_prefix_path.ps1'
[2.427s] INFO:colcon.colcon_core.shell:Creating environment descriptor '/home/harshit/mrt_ws/arm_workspace/install/msg_interfaces/share/msg_interfaces/hook/cmake_prefix_path.dsv'
[2.427s] INFO:colcon.colcon_core.shell:Creating environment hook '/home/harshit/mrt_ws/arm_workspace/install/msg_interfaces/share/msg_interfaces/hook/cmake_prefix_path.sh'
[2.427s] Level 1:colcon.colcon_core.environment:checking '/home/harshit/mrt_ws/arm_workspace/install/msg_interfaces/lib'
[2.428s] Level 1:colcon.colcon_core.shell:create_environment_hook('msg_interfaces', 'ld_library_path_lib')
[2.428s] INFO:colcon.colcon_core.shell:Creating environment hook '/home/harshit/mrt_ws/arm_workspace/install/msg_interfaces/share/msg_interfaces/hook/ld_library_path_lib.ps1'
[2.428s] INFO:colcon.colcon_core.shell:Creating environment descriptor '/home/harshit/mrt_ws/arm_workspace/install/msg_interfaces/share/msg_interfaces/hook/ld_library_path_lib.dsv'
[2.428s] INFO:colcon.colcon_core.shell:Creating environment hook '/home/harshit/mrt_ws/arm_workspace/install/msg_interfaces/share/msg_interfaces/hook/ld_library_path_lib.sh'
[2.428s] Level 1:colcon.colcon_core.environment:checking '/home/harshit/mrt_ws/arm_workspace/install/msg_interfaces/bin'
[2.428s] Level 1:colcon.colcon_core.environment:checking '/home/harshit/mrt_ws/arm_workspace/install/msg_interfaces/lib/pkgconfig/msg_interfaces.pc'
[2.429s] Level 1:colcon.colcon_core.environment:checking '/home/harshit/mrt_ws/arm_workspace/install/msg_interfaces/lib/python3.10/site-packages'
[2.429s] Level 1:colcon.colcon_core.environment:checking '/home/harshit/mrt_ws/arm_workspace/install/msg_interfaces/bin'
[2.429s] INFO:colcon.colcon_core.shell:Creating package script '/home/harshit/mrt_ws/arm_workspace/install/msg_interfaces/share/msg_interfaces/package.ps1'
[2.429s] INFO:colcon.colcon_core.shell:Creating package descriptor '/home/harshit/mrt_ws/arm_workspace/install/msg_interfaces/share/msg_interfaces/package.dsv'
[2.430s] INFO:colcon.colcon_core.shell:Creating package script '/home/harshit/mrt_ws/arm_workspace/install/msg_interfaces/share/msg_interfaces/package.sh'
[2.430s] INFO:colcon.colcon_core.shell:Creating package script '/home/harshit/mrt_ws/arm_workspace/install/msg_interfaces/share/msg_interfaces/package.bash'
[2.430s] INFO:colcon.colcon_core.shell:Creating package script '/home/harshit/mrt_ws/arm_workspace/install/msg_interfaces/share/msg_interfaces/package.zsh'
[2.430s] Level 1:colcon.colcon_core.environment:create_file_with_runtime_dependencies(/home/harshit/mrt_ws/arm_workspace/install/msg_interfaces/share/colcon-core/packages/msg_interfaces)
[2.431s] INFO:colcon.colcon_ros.task.ament_python.build:Building ROS package in '/home/harshit/mrt_ws/arm_workspace/src/arm_pos_control' with build type 'ament_python'
[2.431s] Level 1:colcon.colcon_core.shell:create_environment_hook('arm_pos_control', 'ament_prefix_path')
[2.431s] INFO:colcon.colcon_core.shell:Creating environment hook '/home/harshit/mrt_ws/arm_workspace/install/arm_pos_control/share/arm_pos_control/hook/ament_prefix_path.ps1'
[2.431s] INFO:colcon.colcon_core.shell:Creating environment descriptor '/home/harshit/mrt_ws/arm_workspace/install/arm_pos_control/share/arm_pos_control/hook/ament_prefix_path.dsv'
[2.431s] INFO:colcon.colcon_core.shell:Creating environment hook '/home/harshit/mrt_ws/arm_workspace/install/arm_pos_control/share/arm_pos_control/hook/ament_prefix_path.sh'
[2.432s] INFO:colcon.colcon_core.shell:Skip shell extension 'powershell' for command environment: Not usable outside of PowerShell
[2.432s] DEBUG:colcon.colcon_core.shell:Skip shell extension 'dsv' for command environment
[2.699s] INFO:colcon.colcon_core.task.python.build:Building Python package in '/home/harshit/mrt_ws/arm_workspace/src/arm_pos_control'
[2.699s] INFO:colcon.colcon_core.shell:Skip shell extension 'powershell' for command environment: Not usable outside of PowerShell
[2.700s] DEBUG:colcon.colcon_core.shell:Skip shell extension 'dsv' for command environment
[3.172s] DEBUG:colcon.colcon_core.event_handler.log_command:Invoking command in '/home/harshit/mrt_ws/arm_workspace/build/arm_pos_control': PYTHONPATH=/home/harshit/mrt_ws/arm_workspace/build/arm_pos_control/prefix_override:/usr/lib/python3/dist-packages/colcon_core/task/python/colcon_distutils_commands:/home/harshit/mrt_ws/arm_workspace/install/arm_pos_control/lib/python3.10/site-packages:${PYTHONPATH} /usr/bin/python3 -W ignore:setup.py install is deprecated -W ignore:easy_install command is deprecated setup.py develop --uninstall --editable --build-directory /home/harshit/mrt_ws/arm_workspace/build/arm_pos_control/build
[3.611s] DEBUG:colcon.colcon_core.event_handler.log_command:Invoked command in '/home/harshit/mrt_ws/arm_workspace/build/arm_pos_control' returned '0': PYTHONPATH=/home/harshit/mrt_ws/arm_workspace/build/arm_pos_control/prefix_override:/usr/lib/python3/dist-packages/colcon_core/task/python/colcon_distutils_commands:/home/harshit/mrt_ws/arm_workspace/install/arm_pos_control/lib/python3.10/site-packages:${PYTHONPATH} /usr/bin/python3 -W ignore:setup.py install is deprecated -W ignore:easy_install command is deprecated setup.py develop --uninstall --editable --build-directory /home/harshit/mrt_ws/arm_workspace/build/arm_pos_control/build
[3.613s] DEBUG:colcon.colcon_core.event_handler.log_command:Invoking command in '/home/harshit/mrt_ws/arm_workspace/src/arm_pos_control': PYTHONPATH=/home/harshit/mrt_ws/arm_workspace/build/arm_pos_control/prefix_override:/usr/lib/python3/dist-packages/colcon_core/task/python/colcon_distutils_commands:/home/harshit/mrt_ws/arm_workspace/install/arm_pos_control/lib/python3.10/site-packages:${PYTHONPATH} /usr/bin/python3 -W ignore:setup.py install is deprecated -W ignore:easy_install command is deprecated setup.py egg_info --egg-base ../../build/arm_pos_control build --build-base /home/harshit/mrt_ws/arm_workspace/build/arm_pos_control/build install --record /home/harshit/mrt_ws/arm_workspace/build/arm_pos_control/install.log --single-version-externally-managed install_data --force
[3.857s] Level 1:colcon.colcon_core.environment:checking '/home/harshit/mrt_ws/arm_workspace/install/arm_pos_control' for CMake module files
[3.857s] DEBUG:colcon.colcon_core.event_handler.log_command:Invoked command in '/home/harshit/mrt_ws/arm_workspace/src/arm_pos_control' returned '0': PYTHONPATH=/home/harshit/mrt_ws/arm_workspace/build/arm_pos_control/prefix_override:/usr/lib/python3/dist-packages/colcon_core/task/python/colcon_distutils_commands:/home/harshit/mrt_ws/arm_workspace/install/arm_pos_control/lib/python3.10/site-packages:${PYTHONPATH} /usr/bin/python3 -W ignore:setup.py install is deprecated -W ignore:easy_install command is deprecated setup.py egg_info --egg-base ../../build/arm_pos_control build --build-base /home/harshit/mrt_ws/arm_workspace/build/arm_pos_control/build install --record /home/harshit/mrt_ws/arm_workspace/build/arm_pos_control/install.log --single-version-externally-managed install_data --force
[3.857s] Level 1:colcon.colcon_core.environment:checking '/home/harshit/mrt_ws/arm_workspace/install/arm_pos_control' for CMake config files
[3.858s] Level 1:colcon.colcon_core.environment:checking '/home/harshit/mrt_ws/arm_workspace/install/arm_pos_control/lib'
[3.858s] Level 1:colcon.colcon_core.environment:checking '/home/harshit/mrt_ws/arm_workspace/install/arm_pos_control/bin'
[3.858s] Level 1:colcon.colcon_core.environment:checking '/home/harshit/mrt_ws/arm_workspace/install/arm_pos_control/lib/pkgconfig/arm_pos_control.pc'
[3.858s] Level 1:colcon.colcon_core.environment:checking '/home/harshit/mrt_ws/arm_workspace/install/arm_pos_control/lib/python3.10/site-packages'
[3.858s] Level 1:colcon.colcon_core.shell:create_environment_hook('arm_pos_control', 'pythonpath')
[3.858s] INFO:colcon.colcon_core.shell:Creating environment hook '/home/harshit/mrt_ws/arm_workspace/install/arm_pos_control/share/arm_pos_control/hook/pythonpath.ps1'
[3.859s] INFO:colcon.colcon_core.shell:Creating environment descriptor '/home/harshit/mrt_ws/arm_workspace/install/arm_pos_control/share/arm_pos_control/hook/pythonpath.dsv'
[3.859s] INFO:colcon.colcon_core.shell:Creating environment hook '/home/harshit/mrt_ws/arm_workspace/install/arm_pos_control/share/arm_pos_control/hook/pythonpath.sh'
[3.859s] Level 1:colcon.colcon_core.environment:checking '/home/harshit/mrt_ws/arm_workspace/install/arm_pos_control/bin'
[3.859s] Level 1:colcon.colcon_core.environment:create_environment_scripts_only(arm_pos_control)
[3.859s] INFO:colcon.colcon_core.shell:Creating package script '/home/harshit/mrt_ws/arm_workspace/install/arm_pos_control/share/arm_pos_control/package.ps1'
[3.860s] INFO:colcon.colcon_core.shell:Creating package descriptor '/home/harshit/mrt_ws/arm_workspace/install/arm_pos_control/share/arm_pos_control/package.dsv'
[3.860s] INFO:colcon.colcon_core.shell:Creating package script '/home/harshit/mrt_ws/arm_workspace/install/arm_pos_control/share/arm_pos_control/package.sh'
[3.860s] INFO:colcon.colcon_core.shell:Creating package script '/home/harshit/mrt_ws/arm_workspace/install/arm_pos_control/share/arm_pos_control/package.bash'
[3.860s] INFO:colcon.colcon_core.shell:Creating package script '/home/harshit/mrt_ws/arm_workspace/install/arm_pos_control/share/arm_pos_control/package.zsh'
[3.861s] Level 1:colcon.colcon_core.environment:create_file_with_runtime_dependencies(/home/harshit/mrt_ws/arm_workspace/install/arm_pos_control/share/colcon-core/packages/arm_pos_control)
[3.861s] DEBUG:colcon.colcon_parallel_executor.executor.parallel:closing loop
[3.861s] DEBUG:colcon.colcon_parallel_executor.executor.parallel:loop closed
[3.861s] DEBUG:colcon.colcon_parallel_executor.executor.parallel:run_until_complete finished with '0'
[3.861s] DEBUG:colcon.colcon_core.event_reactor:joining thread
[3.865s] INFO:colcon.colcon_core.plugin_system:Skipping extension 'colcon_notification.desktop_notification.terminal_notifier': Not used on non-Darwin systems
[3.865s] INFO:colcon.colcon_core.plugin_system:Skipping extension 'colcon_notification.desktop_notification.win32': Not used on non-Windows systems
[3.865s] INFO:colcon.colcon_notification.desktop_notification:Sending desktop notification using 'notify2'
[3.873s] DEBUG:colcon.colcon_core.event_reactor:joined thread
[3.874s] INFO:colcon.colcon_core.shell:Creating prefix script '/home/harshit/mrt_ws/arm_workspace/install/local_setup.ps1'
[3.875s] INFO:colcon.colcon_core.shell:Creating prefix util module '/home/harshit/mrt_ws/arm_workspace/install/_local_setup_util_ps1.py'
[3.876s] INFO:colcon.colcon_core.shell:Creating prefix chain script '/home/harshit/mrt_ws/arm_workspace/install/setup.ps1'
[3.878s] INFO:colcon.colcon_core.shell:Creating prefix script '/home/harshit/mrt_ws/arm_workspace/install/local_setup.sh'
[3.878s] INFO:colcon.colcon_core.shell:Creating prefix util module '/home/harshit/mrt_ws/arm_workspace/install/_local_setup_util_sh.py'
[3.878s] INFO:colcon.colcon_core.shell:Creating prefix chain script '/home/harshit/mrt_ws/arm_workspace/install/setup.sh'
[3.879s] INFO:colcon.colcon_core.shell:Creating prefix script '/home/harshit/mrt_ws/arm_workspace/install/local_setup.bash'
[3.880s] INFO:colcon.colcon_core.shell:Creating prefix chain script '/home/harshit/mrt_ws/arm_workspace/install/setup.bash'
[3.880s] INFO:colcon.colcon_core.shell:Creating prefix script '/home/harshit/mrt_ws/arm_workspace/install/local_setup.zsh'
[3.881s] INFO:colcon.colcon_core.shell:Creating prefix chain script '/home/harshit/mrt_ws/arm_workspace/install/setup.zsh'
