[1.601s] Invoking command in '/home/harshit/mrt_ws/src/mrs_hudson': PYTHONPATH=/home/harshit/mrt_ws/build/mrs_hudson/prefix_override:/usr/lib/python3/dist-packages/colcon_core/task/python/colcon_distutils_commands:/home/harshit/mrt_ws/install/mrs_hudson/lib/python3.10/site-packages:${PYTHONPATH} /usr/bin/python3 -W ignore:setup.py install is deprecated -W ignore:easy_install command is deprecated setup.py egg_info --egg-base ../../build/mrs_hudson build --build-base /home/harshit/mrt_ws/build/mrs_hudson/build install --record /home/harshit/mrt_ws/build/mrs_hudson/install.log --single-version-externally-managed install_data
[1.893s] running egg_info
[1.894s] writing ../../build/mrs_hudson/mrs_hudson.egg-info/PKG-INFO
[1.896s] writing dependency_links to ../../build/mrs_hudson/mrs_hudson.egg-info/dependency_links.txt
[1.896s] writing entry points to ../../build/mrs_hudson/mrs_hudson.egg-info/entry_points.txt
[1.897s] writing requirements to ../../build/mrs_hudson/mrs_hudson.egg-info/requires.txt
[1.897s] writing top-level names to ../../build/mrs_hudson/mrs_hudson.egg-info/top_level.txt
[1.900s] reading manifest file '../../build/mrs_hudson/mrs_hudson.egg-info/SOURCES.txt'
[1.901s] writing manifest file '../../build/mrs_hudson/mrs_hudson.egg-info/SOURCES.txt'
[1.901s] running build
[1.901s] running build_py
[1.901s] running install
[1.903s] running install_lib
[1.903s] running install_data
[1.904s] running install_egg_info
[1.907s] removing '/home/harshit/mrt_ws/install/mrs_hudson/lib/python3.10/site-packages/mrs_hudson-0.0.0-py3.10.egg-info' (and everything under it)
[1.908s] Copying ../../build/mrs_hudson/mrs_hudson.egg-info to /home/harshit/mrt_ws/install/mrs_hudson/lib/python3.10/site-packages/mrs_hudson-0.0.0-py3.10.egg-info
[1.908s] running install_scripts
[1.944s] Installing detect_marker script to /home/harshit/mrt_ws/install/mrs_hudson/lib/mrs_hudson
[1.944s] Installing display_camera script to /home/harshit/mrt_ws/install/mrs_hudson/lib/mrs_hudson
[1.944s] Installing mrs_hudson_teleop script to /home/harshit/mrt_ws/install/mrs_hudson/lib/mrs_hudson
[1.944s] Installing vel_pub script to /home/harshit/mrt_ws/install/mrs_hudson/lib/mrs_hudson
[1.945s] writing list of installed files to '/home/harshit/mrt_ws/build/mrs_hudson/install.log'
[1.997s] Invoked command in '/home/harshit/mrt_ws/src/mrs_hudson' returned '0': PYTHONPATH=/home/harshit/mrt_ws/build/mrs_hudson/prefix_override:/usr/lib/python3/dist-packages/colcon_core/task/python/colcon_distutils_commands:/home/harshit/mrt_ws/install/mrs_hudson/lib/python3.10/site-packages:${PYTHONPATH} /usr/bin/python3 -W ignore:setup.py install is deprecated -W ignore:easy_install command is deprecated setup.py egg_info --egg-base ../../build/mrs_hudson build --build-base /home/harshit/mrt_ws/build/mrs_hudson/build install --record /home/harshit/mrt_ws/build/mrs_hudson/install.log --single-version-externally-managed install_data
