[1.249s] Invoking command in '/home/harshit/mrt_ws/src/week0_tutorials': PYTHONPATH=/home/harshit/mrt_ws/build/week0_tutorials/prefix_override:/usr/lib/python3/dist-packages/colcon_core/task/python/colcon_distutils_commands:/home/harshit/mrt_ws/install/week0_tutorials/lib/python3.10/site-packages:${PYTHONPATH} /usr/bin/python3 -W ignore:setup.py install is deprecated setup.py egg_info --egg-base ../../build/week0_tutorials build --build-base /home/harshit/mrt_ws/build/week0_tutorials/build install --record /home/harshit/mrt_ws/build/week0_tutorials/install.log --single-version-externally-managed install_data
[1.723s] running egg_info
[1.724s] creating ../../build/week0_tutorials/week0_tutorials.egg-info
[1.725s] writing ../../build/week0_tutorials/week0_tutorials.egg-info/PKG-INFO
[1.725s] writing dependency_links to ../../build/week0_tutorials/week0_tutorials.egg-info/dependency_links.txt
[1.725s] writing entry points to ../../build/week0_tutorials/week0_tutorials.egg-info/entry_points.txt
[1.725s] writing requirements to ../../build/week0_tutorials/week0_tutorials.egg-info/requires.txt
[1.726s] writing top-level names to ../../build/week0_tutorials/week0_tutorials.egg-info/top_level.txt
[1.726s] writing manifest file '../../build/week0_tutorials/week0_tutorials.egg-info/SOURCES.txt'
[1.730s] reading manifest file '../../build/week0_tutorials/week0_tutorials.egg-info/SOURCES.txt'
[1.733s] writing manifest file '../../build/week0_tutorials/week0_tutorials.egg-info/SOURCES.txt'
[1.733s] running build
[1.733s] running build_py
[1.733s] creating /home/harshit/mrt_ws/build/week0_tutorials/build
[1.734s] creating /home/harshit/mrt_ws/build/week0_tutorials/build/lib
[1.734s] creating /home/harshit/mrt_ws/build/week0_tutorials/build/lib/week0_tutorials
[1.734s] copying week0_tutorials/listener.py -> /home/harshit/mrt_ws/build/week0_tutorials/build/lib/week0_tutorials
[1.734s] copying week0_tutorials/talker.py -> /home/harshit/mrt_ws/build/week0_tutorials/build/lib/week0_tutorials
[1.734s] copying week0_tutorials/__init__.py -> /home/harshit/mrt_ws/build/week0_tutorials/build/lib/week0_tutorials
[1.735s] running install
[1.736s] running install_lib
[1.737s] creating /home/harshit/mrt_ws/install/week0_tutorials/lib/python3.10/site-packages/week0_tutorials
[1.737s] copying /home/harshit/mrt_ws/build/week0_tutorials/build/lib/week0_tutorials/listener.py -> /home/harshit/mrt_ws/install/week0_tutorials/lib/python3.10/site-packages/week0_tutorials
[1.738s] copying /home/harshit/mrt_ws/build/week0_tutorials/build/lib/week0_tutorials/talker.py -> /home/harshit/mrt_ws/install/week0_tutorials/lib/python3.10/site-packages/week0_tutorials
[1.738s] copying /home/harshit/mrt_ws/build/week0_tutorials/build/lib/week0_tutorials/__init__.py -> /home/harshit/mrt_ws/install/week0_tutorials/lib/python3.10/site-packages/week0_tutorials
[1.739s] byte-compiling /home/harshit/mrt_ws/install/week0_tutorials/lib/python3.10/site-packages/week0_tutorials/listener.py to listener.cpython-310.pyc
[1.739s] byte-compiling /home/harshit/mrt_ws/install/week0_tutorials/lib/python3.10/site-packages/week0_tutorials/talker.py to talker.cpython-310.pyc
[1.740s] byte-compiling /home/harshit/mrt_ws/install/week0_tutorials/lib/python3.10/site-packages/week0_tutorials/__init__.py to __init__.cpython-310.pyc
[1.740s] running install_data
[1.741s] creating /home/harshit/mrt_ws/install/week0_tutorials/share/ament_index
[1.741s] creating /home/harshit/mrt_ws/install/week0_tutorials/share/ament_index/resource_index
[1.741s] creating /home/harshit/mrt_ws/install/week0_tutorials/share/ament_index/resource_index/packages
[1.741s] copying resource/week0_tutorials -> /home/harshit/mrt_ws/install/week0_tutorials/share/ament_index/resource_index/packages
[1.741s] copying package.xml -> /home/harshit/mrt_ws/install/week0_tutorials/share/week0_tutorials
[1.741s] running install_egg_info
[1.745s] Copying ../../build/week0_tutorials/week0_tutorials.egg-info to /home/harshit/mrt_ws/install/week0_tutorials/lib/python3.10/site-packages/week0_tutorials-0.0.0-py3.10.egg-info
[1.747s] running install_scripts
[1.789s] Installing publisher script to /home/harshit/mrt_ws/install/week0_tutorials/lib/week0_tutorials
[1.790s] Installing subscriber script to /home/harshit/mrt_ws/install/week0_tutorials/lib/week0_tutorials
[1.790s] writing list of installed files to '/home/harshit/mrt_ws/build/week0_tutorials/install.log'
[1.836s] Invoked command in '/home/harshit/mrt_ws/src/week0_tutorials' returned '0': PYTHONPATH=/home/harshit/mrt_ws/build/week0_tutorials/prefix_override:/usr/lib/python3/dist-packages/colcon_core/task/python/colcon_distutils_commands:/home/harshit/mrt_ws/install/week0_tutorials/lib/python3.10/site-packages:${PYTHONPATH} /usr/bin/python3 -W ignore:setup.py install is deprecated setup.py egg_info --egg-base ../../build/week0_tutorials build --build-base /home/harshit/mrt_ws/build/week0_tutorials/build install --record /home/harshit/mrt_ws/build/week0_tutorials/install.log --single-version-externally-managed install_data
