[  2%] Built target arm_pos_interfaces__cpp
[ 12%] Built target arm_pos_interfaces__rosidl_generator_c
[ 12%] Built target ament_cmake_python_symlink_arm_pos_interfaces
[ 23%] Built target arm_pos_interfaces__rosidl_typesupport_c
[ 33%] Built target arm_pos_interfaces__rosidl_typesupport_introspection_c
[ 43%] Built target arm_pos_interfaces__rosidl_typesupport_introspection_cpp
[ 53%] Built target arm_pos_interfaces__rosidl_typesupport_fastrtps_cpp
[ 64%] Built target arm_pos_interfaces__rosidl_typesupport_fastrtps_c
[ 74%] Built target arm_pos_interfaces__rosidl_typesupport_cpp
[ 74%] Built target arm_pos_interfaces
[ 76%] Built target arm_pos_interfaces__py
[ 84%] Built target arm_pos_interfaces__rosidl_generator_py
[ 89%] Built target arm_pos_interfaces__rosidl_typesupport_c__pyext
[ 94%] Built target arm_pos_interfaces__rosidl_typesupport_fastrtps_c__pyext
[100%] Built target arm_pos_interfaces__rosidl_typesupport_introspection_c__pyext
running egg_info
writing arm_pos_interfaces.egg-info/PKG-INFO
writing dependency_links to arm_pos_interfaces.egg-info/dependency_links.txt
writing top-level names to arm_pos_interfaces.egg-info/top_level.txt
reading manifest file 'arm_pos_interfaces.egg-info/SOURCES.txt'
writing manifest file 'arm_pos_interfaces.egg-info/SOURCES.txt'
[100%] Built target ament_cmake_python_build_arm_pos_interfaces_egg
-- Install configuration: ""
-- Execute custom install script
-- Up-to-date symlink: /home/harshit/mrt_ws/arm_workspace/install/arm_pos_interfaces/share/ament_index/resource_index/rosidl_interfaces/arm_pos_interfaces
-- Up-to-date symlink: /home/harshit/mrt_ws/arm_workspace/install/arm_pos_interfaces/include/arm_pos_interfaces/arm_pos_interfaces/msg/arm_end_motion.h
-- Up-to-date symlink: /home/harshit/mrt_ws/arm_workspace/install/arm_pos_interfaces/include/arm_pos_interfaces/arm_pos_interfaces/msg/detail/arm_end_motion__functions.h
-- Up-to-date symlink: /home/harshit/mrt_ws/arm_workspace/install/arm_pos_interfaces/include/arm_pos_interfaces/arm_pos_interfaces/msg/detail/arm_end_motion__struct.h
-- Up-to-date symlink: /home/harshit/mrt_ws/arm_workspace/install/arm_pos_interfaces/include/arm_pos_interfaces/arm_pos_interfaces/msg/detail/arm_end_motion__type_support.h
-- Up-to-date symlink: /home/harshit/mrt_ws/arm_workspace/install/arm_pos_interfaces/include/arm_pos_interfaces/arm_pos_interfaces/msg/detail/encoder_arm__functions.h
-- Up-to-date symlink: /home/harshit/mrt_ws/arm_workspace/install/arm_pos_interfaces/include/arm_pos_interfaces/arm_pos_interfaces/msg/detail/encoder_arm__struct.h
-- Up-to-date symlink: /home/harshit/mrt_ws/arm_workspace/install/arm_pos_interfaces/include/arm_pos_interfaces/arm_pos_interfaces/msg/detail/encoder_arm__type_support.h
-- Up-to-date symlink: /home/harshit/mrt_ws/arm_workspace/install/arm_pos_interfaces/include/arm_pos_interfaces/arm_pos_interfaces/msg/encoder_arm.h
-- Up-to-date symlink: /home/harshit/mrt_ws/arm_workspace/install/arm_pos_interfaces/include/arm_pos_interfaces/arm_pos_interfaces/msg/rosidl_generator_c__visibility_control.h
-- Up-to-date symlink: /home/harshit/mrt_ws/arm_workspace/install/arm_pos_interfaces/share/arm_pos_interfaces/environment/library_path.sh
-- Up-to-date symlink: /home/harshit/mrt_ws/arm_workspace/install/arm_pos_interfaces/share/arm_pos_interfaces/environment/library_path.dsv
-- Up-to-date symlink: /home/harshit/mrt_ws/arm_workspace/install/arm_pos_interfaces/include/arm_pos_interfaces/arm_pos_interfaces/msg/detail/arm_end_motion__rosidl_typesupport_fastrtps_c.h
-- Up-to-date symlink: /home/harshit/mrt_ws/arm_workspace/install/arm_pos_interfaces/include/arm_pos_interfaces/arm_pos_interfaces/msg/detail/encoder_arm__rosidl_typesupport_fastrtps_c.h
-- Up-to-date symlink: /home/harshit/mrt_ws/arm_workspace/install/arm_pos_interfaces/include/arm_pos_interfaces/arm_pos_interfaces/msg/rosidl_typesupport_fastrtps_c__visibility_control.h
-- Up-to-date symlink: /home/harshit/mrt_ws/arm_workspace/install/arm_pos_interfaces/include/arm_pos_interfaces/arm_pos_interfaces/msg/detail/arm_end_motion__rosidl_typesupport_introspection_c.h
-- Up-to-date symlink: /home/harshit/mrt_ws/arm_workspace/install/arm_pos_interfaces/include/arm_pos_interfaces/arm_pos_interfaces/msg/detail/encoder_arm__rosidl_typesupport_introspection_c.h
-- Up-to-date symlink: /home/harshit/mrt_ws/arm_workspace/install/arm_pos_interfaces/include/arm_pos_interfaces/arm_pos_interfaces/msg/rosidl_typesupport_introspection_c__visibility_control.h
-- Up-to-date symlink: /home/harshit/mrt_ws/arm_workspace/install/arm_pos_interfaces/include/arm_pos_interfaces/arm_pos_interfaces/msg/arm_end_motion.hpp
-- Up-to-date symlink: /home/harshit/mrt_ws/arm_workspace/install/arm_pos_interfaces/include/arm_pos_interfaces/arm_pos_interfaces/msg/detail/arm_end_motion__builder.hpp
-- Up-to-date symlink: /home/harshit/mrt_ws/arm_workspace/install/arm_pos_interfaces/include/arm_pos_interfaces/arm_pos_interfaces/msg/detail/arm_end_motion__struct.hpp
-- Up-to-date symlink: /home/harshit/mrt_ws/arm_workspace/install/arm_pos_interfaces/include/arm_pos_interfaces/arm_pos_interfaces/msg/detail/arm_end_motion__traits.hpp
-- Up-to-date symlink: /home/harshit/mrt_ws/arm_workspace/install/arm_pos_interfaces/include/arm_pos_interfaces/arm_pos_interfaces/msg/detail/arm_end_motion__type_support.hpp
-- Up-to-date symlink: /home/harshit/mrt_ws/arm_workspace/install/arm_pos_interfaces/include/arm_pos_interfaces/arm_pos_interfaces/msg/detail/encoder_arm__builder.hpp
-- Up-to-date symlink: /home/harshit/mrt_ws/arm_workspace/install/arm_pos_interfaces/include/arm_pos_interfaces/arm_pos_interfaces/msg/detail/encoder_arm__struct.hpp
-- Up-to-date symlink: /home/harshit/mrt_ws/arm_workspace/install/arm_pos_interfaces/include/arm_pos_interfaces/arm_pos_interfaces/msg/detail/encoder_arm__traits.hpp
-- Up-to-date symlink: /home/harshit/mrt_ws/arm_workspace/install/arm_pos_interfaces/include/arm_pos_interfaces/arm_pos_interfaces/msg/detail/encoder_arm__type_support.hpp
-- Up-to-date symlink: /home/harshit/mrt_ws/arm_workspace/install/arm_pos_interfaces/include/arm_pos_interfaces/arm_pos_interfaces/msg/encoder_arm.hpp
-- Up-to-date symlink: /home/harshit/mrt_ws/arm_workspace/install/arm_pos_interfaces/include/arm_pos_interfaces/arm_pos_interfaces/msg/rosidl_generator_cpp__visibility_control.hpp
-- Up-to-date symlink: /home/harshit/mrt_ws/arm_workspace/install/arm_pos_interfaces/include/arm_pos_interfaces/arm_pos_interfaces/msg/detail/arm_end_motion__rosidl_typesupport_fastrtps_cpp.hpp
-- Up-to-date symlink: /home/harshit/mrt_ws/arm_workspace/install/arm_pos_interfaces/include/arm_pos_interfaces/arm_pos_interfaces/msg/detail/encoder_arm__rosidl_typesupport_fastrtps_cpp.hpp
-- Up-to-date symlink: /home/harshit/mrt_ws/arm_workspace/install/arm_pos_interfaces/include/arm_pos_interfaces/arm_pos_interfaces/msg/rosidl_typesupport_fastrtps_cpp__visibility_control.h
-- Up-to-date symlink: /home/harshit/mrt_ws/arm_workspace/install/arm_pos_interfaces/include/arm_pos_interfaces/arm_pos_interfaces/msg/detail/arm_end_motion__rosidl_typesupport_introspection_cpp.hpp
-- Up-to-date symlink: /home/harshit/mrt_ws/arm_workspace/install/arm_pos_interfaces/include/arm_pos_interfaces/arm_pos_interfaces/msg/detail/encoder_arm__rosidl_typesupport_introspection_cpp.hpp
-- Up-to-date symlink: /home/harshit/mrt_ws/arm_workspace/install/arm_pos_interfaces/share/arm_pos_interfaces/environment/pythonpath.sh
-- Up-to-date symlink: /home/harshit/mrt_ws/arm_workspace/install/arm_pos_interfaces/share/arm_pos_interfaces/environment/pythonpath.dsv
-- Up-to-date symlink: /home/harshit/mrt_ws/arm_workspace/install/arm_pos_interfaces/local/lib/python3.10/dist-packages/arm_pos_interfaces-0.0.0-py3.10.egg-info/PKG-INFO
-- Up-to-date symlink: /home/harshit/mrt_ws/arm_workspace/install/arm_pos_interfaces/local/lib/python3.10/dist-packages/arm_pos_interfaces-0.0.0-py3.10.egg-info/SOURCES.txt
-- Up-to-date symlink: /home/harshit/mrt_ws/arm_workspace/install/arm_pos_interfaces/local/lib/python3.10/dist-packages/arm_pos_interfaces-0.0.0-py3.10.egg-info/dependency_links.txt
-- Up-to-date symlink: /home/harshit/mrt_ws/arm_workspace/install/arm_pos_interfaces/local/lib/python3.10/dist-packages/arm_pos_interfaces-0.0.0-py3.10.egg-info/top_level.txt
-- Up-to-date symlink: /home/harshit/mrt_ws/arm_workspace/install/arm_pos_interfaces/local/lib/python3.10/dist-packages/arm_pos_interfaces/__init__.py
-- Up-to-date symlink: /home/harshit/mrt_ws/arm_workspace/install/arm_pos_interfaces/local/lib/python3.10/dist-packages/arm_pos_interfaces/_arm_pos_interfaces_s.ep.rosidl_typesupport_c.c
-- Up-to-date symlink: /home/harshit/mrt_ws/arm_workspace/install/arm_pos_interfaces/local/lib/python3.10/dist-packages/arm_pos_interfaces/_arm_pos_interfaces_s.ep.rosidl_typesupport_fastrtps_c.c
-- Up-to-date symlink: /home/harshit/mrt_ws/arm_workspace/install/arm_pos_interfaces/local/lib/python3.10/dist-packages/arm_pos_interfaces/_arm_pos_interfaces_s.ep.rosidl_typesupport_introspection_c.c
-- Up-to-date symlink: /home/harshit/mrt_ws/arm_workspace/install/arm_pos_interfaces/local/lib/python3.10/dist-packages/arm_pos_interfaces/arm_pos_interfaces_s__rosidl_typesupport_c.cpython-310-x86_64-linux-gnu.so
-- Up-to-date symlink: /home/harshit/mrt_ws/arm_workspace/install/arm_pos_interfaces/local/lib/python3.10/dist-packages/arm_pos_interfaces/arm_pos_interfaces_s__rosidl_typesupport_fastrtps_c.cpython-310-x86_64-linux-gnu.so
-- Up-to-date symlink: /home/harshit/mrt_ws/arm_workspace/install/arm_pos_interfaces/local/lib/python3.10/dist-packages/arm_pos_interfaces/arm_pos_interfaces_s__rosidl_typesupport_introspection_c.cpython-310-x86_64-linux-gnu.so
-- Up-to-date symlink: /home/harshit/mrt_ws/arm_workspace/install/arm_pos_interfaces/local/lib/python3.10/dist-packages/arm_pos_interfaces/libarm_pos_interfaces__rosidl_generator_py.so
-- Up-to-date symlink: /home/harshit/mrt_ws/arm_workspace/install/arm_pos_interfaces/local/lib/python3.10/dist-packages/arm_pos_interfaces/msg/__init__.py
-- Up-to-date symlink: /home/harshit/mrt_ws/arm_workspace/install/arm_pos_interfaces/local/lib/python3.10/dist-packages/arm_pos_interfaces/msg/_arm_end_motion.py
-- Up-to-date symlink: /home/harshit/mrt_ws/arm_workspace/install/arm_pos_interfaces/local/lib/python3.10/dist-packages/arm_pos_interfaces/msg/_arm_end_motion_s.c
-- Up-to-date symlink: /home/harshit/mrt_ws/arm_workspace/install/arm_pos_interfaces/local/lib/python3.10/dist-packages/arm_pos_interfaces/msg/_encoder_arm.py
-- Up-to-date symlink: /home/harshit/mrt_ws/arm_workspace/install/arm_pos_interfaces/local/lib/python3.10/dist-packages/arm_pos_interfaces/msg/_encoder_arm_s.c
-- Up-to-date symlink: /home/harshit/mrt_ws/arm_workspace/install/arm_pos_interfaces/local/lib/python3.10/dist-packages/arm_pos_interfaces/arm_pos_interfaces_s__rosidl_typesupport_fastrtps_c.cpython-310-x86_64-linux-gnu.so
-- Up-to-date symlink: /home/harshit/mrt_ws/arm_workspace/install/arm_pos_interfaces/local/lib/python3.10/dist-packages/arm_pos_interfaces/arm_pos_interfaces_s__rosidl_typesupport_introspection_c.cpython-310-x86_64-linux-gnu.so
-- Up-to-date symlink: /home/harshit/mrt_ws/arm_workspace/install/arm_pos_interfaces/local/lib/python3.10/dist-packages/arm_pos_interfaces/arm_pos_interfaces_s__rosidl_typesupport_c.cpython-310-x86_64-linux-gnu.so
-- Up-to-date symlink: /home/harshit/mrt_ws/arm_workspace/install/arm_pos_interfaces/share/arm_pos_interfaces/msg/ArmEndMotion.idl
-- Up-to-date symlink: /home/harshit/mrt_ws/arm_workspace/install/arm_pos_interfaces/share/arm_pos_interfaces/msg/EncoderArm.idl
-- Up-to-date symlink: /home/harshit/mrt_ws/arm_workspace/install/arm_pos_interfaces/share/arm_pos_interfaces/msg/ArmEndMotion.msg
-- Up-to-date symlink: /home/harshit/mrt_ws/arm_workspace/install/arm_pos_interfaces/share/arm_pos_interfaces/msg/EncoderArm.msg
-- Up-to-date symlink: /home/harshit/mrt_ws/arm_workspace/install/arm_pos_interfaces/share/ament_index/resource_index/package_run_dependencies/arm_pos_interfaces
-- Up-to-date symlink: /home/harshit/mrt_ws/arm_workspace/install/arm_pos_interfaces/share/ament_index/resource_index/parent_prefix_path/arm_pos_interfaces
-- Up-to-date symlink: /home/harshit/mrt_ws/arm_workspace/install/arm_pos_interfaces/share/arm_pos_interfaces/environment/ament_prefix_path.sh
-- Up-to-date symlink: /home/harshit/mrt_ws/arm_workspace/install/arm_pos_interfaces/share/arm_pos_interfaces/environment/ament_prefix_path.dsv
-- Up-to-date symlink: /home/harshit/mrt_ws/arm_workspace/install/arm_pos_interfaces/share/arm_pos_interfaces/environment/path.sh
-- Up-to-date symlink: /home/harshit/mrt_ws/arm_workspace/install/arm_pos_interfaces/share/arm_pos_interfaces/environment/path.dsv
-- Up-to-date symlink: /home/harshit/mrt_ws/arm_workspace/install/arm_pos_interfaces/share/arm_pos_interfaces/local_setup.bash
-- Up-to-date symlink: /home/harshit/mrt_ws/arm_workspace/install/arm_pos_interfaces/share/arm_pos_interfaces/local_setup.sh
-- Up-to-date symlink: /home/harshit/mrt_ws/arm_workspace/install/arm_pos_interfaces/share/arm_pos_interfaces/local_setup.zsh
-- Up-to-date symlink: /home/harshit/mrt_ws/arm_workspace/install/arm_pos_interfaces/share/arm_pos_interfaces/local_setup.dsv
-- Symlinking: /home/harshit/mrt_ws/arm_workspace/install/arm_pos_interfaces/share/arm_pos_interfaces/package.dsv
-- Up-to-date symlink: /home/harshit/mrt_ws/arm_workspace/install/arm_pos_interfaces/share/ament_index/resource_index/packages/arm_pos_interfaces
-- Up-to-date symlink: /home/harshit/mrt_ws/arm_workspace/install/arm_pos_interfaces/share/arm_pos_interfaces/cmake/rosidl_cmake-extras.cmake
-- Up-to-date symlink: /home/harshit/mrt_ws/arm_workspace/install/arm_pos_interfaces/share/arm_pos_interfaces/cmake/ament_cmake_export_include_directories-extras.cmake
-- Up-to-date symlink: /home/harshit/mrt_ws/arm_workspace/install/arm_pos_interfaces/share/arm_pos_interfaces/cmake/ament_cmake_export_libraries-extras.cmake
-- Up-to-date symlink: /home/harshit/mrt_ws/arm_workspace/install/arm_pos_interfaces/share/arm_pos_interfaces/cmake/ament_cmake_export_targets-extras.cmake
-- Up-to-date symlink: /home/harshit/mrt_ws/arm_workspace/install/arm_pos_interfaces/share/arm_pos_interfaces/cmake/rosidl_cmake_export_typesupport_targets-extras.cmake
-- Up-to-date symlink: /home/harshit/mrt_ws/arm_workspace/install/arm_pos_interfaces/share/arm_pos_interfaces/cmake/ament_cmake_export_dependencies-extras.cmake
-- Up-to-date symlink: /home/harshit/mrt_ws/arm_workspace/install/arm_pos_interfaces/share/arm_pos_interfaces/cmake/rosidl_cmake_export_typesupport_libraries-extras.cmake
-- Up-to-date symlink: /home/harshit/mrt_ws/arm_workspace/install/arm_pos_interfaces/share/arm_pos_interfaces/cmake/arm_pos_interfacesConfig.cmake
-- Up-to-date symlink: /home/harshit/mrt_ws/arm_workspace/install/arm_pos_interfaces/share/arm_pos_interfaces/cmake/arm_pos_interfacesConfig-version.cmake
-- Up-to-date symlink: /home/harshit/mrt_ws/arm_workspace/install/arm_pos_interfaces/share/arm_pos_interfaces/package.xml
-- Up-to-date: /home/harshit/mrt_ws/arm_workspace/install/arm_pos_interfaces/lib/libarm_pos_interfaces__rosidl_generator_c.so
-- Up-to-date: /home/harshit/mrt_ws/arm_workspace/install/arm_pos_interfaces/lib/libarm_pos_interfaces__rosidl_typesupport_fastrtps_c.so
-- Up-to-date: /home/harshit/mrt_ws/arm_workspace/install/arm_pos_interfaces/lib/libarm_pos_interfaces__rosidl_typesupport_introspection_c.so
-- Up-to-date: /home/harshit/mrt_ws/arm_workspace/install/arm_pos_interfaces/lib/libarm_pos_interfaces__rosidl_typesupport_c.so
-- Up-to-date: /home/harshit/mrt_ws/arm_workspace/install/arm_pos_interfaces/lib/libarm_pos_interfaces__rosidl_typesupport_fastrtps_cpp.so
-- Up-to-date: /home/harshit/mrt_ws/arm_workspace/install/arm_pos_interfaces/lib/libarm_pos_interfaces__rosidl_typesupport_introspection_cpp.so
-- Up-to-date: /home/harshit/mrt_ws/arm_workspace/install/arm_pos_interfaces/lib/libarm_pos_interfaces__rosidl_typesupport_cpp.so
Listing '/home/harshit/mrt_ws/arm_workspace/install/arm_pos_interfaces/local/lib/python3.10/dist-packages/arm_pos_interfaces'...
Listing '/home/harshit/mrt_ws/arm_workspace/install/arm_pos_interfaces/local/lib/python3.10/dist-packages/arm_pos_interfaces/msg'...
-- Up-to-date: /home/harshit/mrt_ws/arm_workspace/install/arm_pos_interfaces/lib/libarm_pos_interfaces__rosidl_generator_py.so
-- Up-to-date: /home/harshit/mrt_ws/arm_workspace/install/arm_pos_interfaces/share/arm_pos_interfaces/cmake/export_arm_pos_interfaces__rosidl_generator_cExport.cmake
-- Up-to-date: /home/harshit/mrt_ws/arm_workspace/install/arm_pos_interfaces/share/arm_pos_interfaces/cmake/export_arm_pos_interfaces__rosidl_generator_cExport-noconfig.cmake
-- Up-to-date: /home/harshit/mrt_ws/arm_workspace/install/arm_pos_interfaces/share/arm_pos_interfaces/cmake/export_arm_pos_interfaces__rosidl_typesupport_fastrtps_cExport.cmake
-- Up-to-date: /home/harshit/mrt_ws/arm_workspace/install/arm_pos_interfaces/share/arm_pos_interfaces/cmake/export_arm_pos_interfaces__rosidl_typesupport_fastrtps_cExport-noconfig.cmake
-- Up-to-date: /home/harshit/mrt_ws/arm_workspace/install/arm_pos_interfaces/share/arm_pos_interfaces/cmake/arm_pos_interfaces__rosidl_typesupport_introspection_cExport.cmake
-- Up-to-date: /home/harshit/mrt_ws/arm_workspace/install/arm_pos_interfaces/share/arm_pos_interfaces/cmake/arm_pos_interfaces__rosidl_typesupport_introspection_cExport-noconfig.cmake
-- Up-to-date: /home/harshit/mrt_ws/arm_workspace/install/arm_pos_interfaces/share/arm_pos_interfaces/cmake/arm_pos_interfaces__rosidl_typesupport_cExport.cmake
-- Up-to-date: /home/harshit/mrt_ws/arm_workspace/install/arm_pos_interfaces/share/arm_pos_interfaces/cmake/arm_pos_interfaces__rosidl_typesupport_cExport-noconfig.cmake
-- Up-to-date: /home/harshit/mrt_ws/arm_workspace/install/arm_pos_interfaces/share/arm_pos_interfaces/cmake/export_arm_pos_interfaces__rosidl_generator_cppExport.cmake
-- Up-to-date: /home/harshit/mrt_ws/arm_workspace/install/arm_pos_interfaces/share/arm_pos_interfaces/cmake/export_arm_pos_interfaces__rosidl_typesupport_fastrtps_cppExport.cmake
-- Up-to-date: /home/harshit/mrt_ws/arm_workspace/install/arm_pos_interfaces/share/arm_pos_interfaces/cmake/export_arm_pos_interfaces__rosidl_typesupport_fastrtps_cppExport-noconfig.cmake
-- Up-to-date: /home/harshit/mrt_ws/arm_workspace/install/arm_pos_interfaces/share/arm_pos_interfaces/cmake/arm_pos_interfaces__rosidl_typesupport_introspection_cppExport.cmake
-- Up-to-date: /home/harshit/mrt_ws/arm_workspace/install/arm_pos_interfaces/share/arm_pos_interfaces/cmake/arm_pos_interfaces__rosidl_typesupport_introspection_cppExport-noconfig.cmake
-- Up-to-date: /home/harshit/mrt_ws/arm_workspace/install/arm_pos_interfaces/share/arm_pos_interfaces/cmake/arm_pos_interfaces__rosidl_typesupport_cppExport.cmake
-- Up-to-date: /home/harshit/mrt_ws/arm_workspace/install/arm_pos_interfaces/share/arm_pos_interfaces/cmake/arm_pos_interfaces__rosidl_typesupport_cppExport-noconfig.cmake
-- Up-to-date: /home/harshit/mrt_ws/arm_workspace/install/arm_pos_interfaces/share/arm_pos_interfaces/cmake/export_arm_pos_interfaces__rosidl_generator_pyExport.cmake
-- Up-to-date: /home/harshit/mrt_ws/arm_workspace/install/arm_pos_interfaces/share/arm_pos_interfaces/cmake/export_arm_pos_interfaces__rosidl_generator_pyExport-noconfig.cmake
