[0.067s] DEBUG:colcon:Command line arguments: ['/usr/bin/colcon', 'build']
[0.068s] DEBUG:colcon:Parsed command line arguments: Namespace(log_base=None, log_level=None, verb_name='build', build_base='build', install_base='install', merge_install=False, symlink_install=False, test_result_base=None, continue_on_error=False, executor='parallel', parallel_workers=8, event_handlers=None, ignore_user_meta=False, metas=['./colcon.meta'], base_paths=['.'], packages_ignore=None, packages_ignore_regex=None, paths=None, packages_up_to=None, packages_up_to_regex=None, packages_above=None, packages_above_and_dependencies=None, packages_above_depth=None, packages_select_by_dep=None, packages_skip_by_dep=None, packages_skip_up_to=None, packages_select_build_failed=False, packages_skip_build_finished=False, packages_select_test_failures=False, packages_skip_test_passed=False, packages_select=None, packages_skip=None, packages_select_regex=None, packages_skip_regex=None, packages_start=None, packages_end=None, allow_overriding=[], cmake_args=None, cmake_target=None, cmake_target_skip_unavailable=False, cmake_clean_cache=False, cmake_clean_first=False, cmake_force_configure=False, ament_cmake_args=None, catkin_cmake_args=None, catkin_skip_building_tests=False, verb_parser=<colcon_defaults.argument_parser.defaults.DefaultArgumentsDecorator object at 0x73adbec38970>, verb_extension=<colcon_core.verb.build.BuildVerb object at 0x73adbeda8e20>, main=<bound method BuildVerb.main of <colcon_core.verb.build.BuildVerb object at 0x73adbeda8e20>>)
[0.167s] Level 1:colcon.colcon_core.package_discovery:discover_packages(colcon_meta) check parameters
[0.167s] Level 1:colcon.colcon_core.package_discovery:discover_packages(recursive) check parameters
[0.167s] Level 1:colcon.colcon_core.package_discovery:discover_packages(ignore) check parameters
[0.167s] Level 1:colcon.colcon_core.package_discovery:discover_packages(path) check parameters
[0.167s] Level 1:colcon.colcon_core.package_discovery:discover_packages(colcon_meta) discover
[0.167s] Level 1:colcon.colcon_core.package_discovery:discover_packages(recursive) discover
[0.167s] INFO:colcon.colcon_core.package_discovery:Crawling recursively for packages in '/home/harshit/mrt_ws'
[0.167s] Level 1:colcon.colcon_core.package_identification:_identify(.) by extensions ['ignore', 'ignore_ament_install']
[0.167s] Level 1:colcon.colcon_core.package_identification:_identify(.) by extension 'ignore'
[0.167s] Level 1:colcon.colcon_core.package_identification:_identify(.) by extension 'ignore_ament_install'
[0.167s] Level 1:colcon.colcon_core.package_identification:_identify(.) by extensions ['colcon_pkg']
[0.167s] Level 1:colcon.colcon_core.package_identification:_identify(.) by extension 'colcon_pkg'
[0.168s] Level 1:colcon.colcon_core.package_identification:_identify(.) by extensions ['colcon_meta']
[0.168s] Level 1:colcon.colcon_core.package_identification:_identify(.) by extension 'colcon_meta'
[0.168s] Level 1:colcon.colcon_core.package_identification:_identify(.) by extensions ['ros']
[0.168s] Level 1:colcon.colcon_core.package_identification:_identify(.) by extension 'ros'
[0.175s] Level 1:colcon.colcon_core.package_identification:_identify(.) by extensions ['cmake', 'python']
[0.175s] Level 1:colcon.colcon_core.package_identification:_identify(.) by extension 'cmake'
[0.175s] Level 1:colcon.colcon_core.package_identification:_identify(.) by extension 'python'
[0.175s] Level 1:colcon.colcon_core.package_identification:_identify(.) by extensions ['python_setup_py']
[0.175s] Level 1:colcon.colcon_core.package_identification:_identify(.) by extension 'python_setup_py'
[0.175s] Level 1:colcon.colcon_core.package_identification:_identify(assignment_reports) by extensions ['ignore', 'ignore_ament_install']
[0.175s] Level 1:colcon.colcon_core.package_identification:_identify(assignment_reports) by extension 'ignore'
[0.175s] Level 1:colcon.colcon_core.package_identification:_identify(assignment_reports) by extension 'ignore_ament_install'
[0.175s] Level 1:colcon.colcon_core.package_identification:_identify(assignment_reports) by extensions ['colcon_pkg']
[0.175s] Level 1:colcon.colcon_core.package_identification:_identify(assignment_reports) by extension 'colcon_pkg'
[0.175s] Level 1:colcon.colcon_core.package_identification:_identify(assignment_reports) by extensions ['colcon_meta']
[0.175s] Level 1:colcon.colcon_core.package_identification:_identify(assignment_reports) by extension 'colcon_meta'
[0.175s] Level 1:colcon.colcon_core.package_identification:_identify(assignment_reports) by extensions ['ros']
[0.175s] Level 1:colcon.colcon_core.package_identification:_identify(assignment_reports) by extension 'ros'
[0.176s] Level 1:colcon.colcon_core.package_identification:_identify(assignment_reports) by extensions ['cmake', 'python']
[0.176s] Level 1:colcon.colcon_core.package_identification:_identify(assignment_reports) by extension 'cmake'
[0.176s] Level 1:colcon.colcon_core.package_identification:_identify(assignment_reports) by extension 'python'
[0.176s] Level 1:colcon.colcon_core.package_identification:_identify(assignment_reports) by extensions ['python_setup_py']
[0.176s] Level 1:colcon.colcon_core.package_identification:_identify(assignment_reports) by extension 'python_setup_py'
[0.176s] Level 1:colcon.colcon_core.package_identification:_identify(build) by extensions ['ignore', 'ignore_ament_install']
[0.176s] Level 1:colcon.colcon_core.package_identification:_identify(build) by extension 'ignore'
[0.176s] Level 1:colcon.colcon_core.package_identification:_identify(build) ignored
[0.176s] Level 1:colcon.colcon_core.package_identification:_identify(install) by extensions ['ignore', 'ignore_ament_install']
[0.176s] Level 1:colcon.colcon_core.package_identification:_identify(install) by extension 'ignore'
[0.176s] Level 1:colcon.colcon_core.package_identification:_identify(install) ignored
[0.176s] Level 1:colcon.colcon_core.package_identification:_identify(log) by extensions ['ignore', 'ignore_ament_install']
[0.176s] Level 1:colcon.colcon_core.package_identification:_identify(log) by extension 'ignore'
[0.176s] Level 1:colcon.colcon_core.package_identification:_identify(log) ignored
[0.176s] Level 1:colcon.colcon_core.package_identification:_identify(src) by extensions ['ignore', 'ignore_ament_install']
[0.176s] Level 1:colcon.colcon_core.package_identification:_identify(src) by extension 'ignore'
[0.176s] Level 1:colcon.colcon_core.package_identification:_identify(src) by extension 'ignore_ament_install'
[0.176s] Level 1:colcon.colcon_core.package_identification:_identify(src) by extensions ['colcon_pkg']
[0.177s] Level 1:colcon.colcon_core.package_identification:_identify(src) by extension 'colcon_pkg'
[0.177s] Level 1:colcon.colcon_core.package_identification:_identify(src) by extensions ['colcon_meta']
[0.177s] Level 1:colcon.colcon_core.package_identification:_identify(src) by extension 'colcon_meta'
[0.177s] Level 1:colcon.colcon_core.package_identification:_identify(src) by extensions ['ros']
[0.177s] Level 1:colcon.colcon_core.package_identification:_identify(src) by extension 'ros'
[0.177s] Level 1:colcon.colcon_core.package_identification:_identify(src) by extensions ['cmake', 'python']
[0.177s] Level 1:colcon.colcon_core.package_identification:_identify(src) by extension 'cmake'
[0.177s] Level 1:colcon.colcon_core.package_identification:_identify(src) by extension 'python'
[0.177s] Level 1:colcon.colcon_core.package_identification:_identify(src) by extensions ['python_setup_py']
[0.177s] Level 1:colcon.colcon_core.package_identification:_identify(src) by extension 'python_setup_py'
[0.177s] Level 1:colcon.colcon_core.package_identification:_identify(src/py_srvcli) by extensions ['ignore', 'ignore_ament_install']
[0.177s] Level 1:colcon.colcon_core.package_identification:_identify(src/py_srvcli) by extension 'ignore'
[0.177s] Level 1:colcon.colcon_core.package_identification:_identify(src/py_srvcli) by extension 'ignore_ament_install'
[0.177s] Level 1:colcon.colcon_core.package_identification:_identify(src/py_srvcli) by extensions ['colcon_pkg']
[0.177s] Level 1:colcon.colcon_core.package_identification:_identify(src/py_srvcli) by extension 'colcon_pkg'
[0.177s] Level 1:colcon.colcon_core.package_identification:_identify(src/py_srvcli) by extensions ['colcon_meta']
[0.177s] Level 1:colcon.colcon_core.package_identification:_identify(src/py_srvcli) by extension 'colcon_meta'
[0.177s] Level 1:colcon.colcon_core.package_identification:_identify(src/py_srvcli) by extensions ['ros']
[0.177s] Level 1:colcon.colcon_core.package_identification:_identify(src/py_srvcli) by extension 'ros'
[0.179s] DEBUG:colcon.colcon_core.package_identification:Package 'src/py_srvcli' with type 'ros.ament_python' and name 'py_srvcli'
[0.179s] Level 1:colcon.colcon_core.package_identification:_identify(src/sauron) by extensions ['ignore', 'ignore_ament_install']
[0.179s] Level 1:colcon.colcon_core.package_identification:_identify(src/sauron) by extension 'ignore'
[0.179s] Level 1:colcon.colcon_core.package_identification:_identify(src/sauron) by extension 'ignore_ament_install'
[0.179s] Level 1:colcon.colcon_core.package_identification:_identify(src/sauron) by extensions ['colcon_pkg']
[0.179s] Level 1:colcon.colcon_core.package_identification:_identify(src/sauron) by extension 'colcon_pkg'
[0.179s] Level 1:colcon.colcon_core.package_identification:_identify(src/sauron) by extensions ['colcon_meta']
[0.179s] Level 1:colcon.colcon_core.package_identification:_identify(src/sauron) by extension 'colcon_meta'
[0.179s] Level 1:colcon.colcon_core.package_identification:_identify(src/sauron) by extensions ['ros']
[0.179s] Level 1:colcon.colcon_core.package_identification:_identify(src/sauron) by extension 'ros'
[0.180s] DEBUG:colcon.colcon_core.package_identification:Package 'src/sauron' with type 'ros.ament_python' and name 'sauron'
[0.180s] Level 1:colcon.colcon_core.package_identification:_identify(src/tutorial_interfaces) by extensions ['ignore', 'ignore_ament_install']
[0.180s] Level 1:colcon.colcon_core.package_identification:_identify(src/tutorial_interfaces) by extension 'ignore'
[0.180s] Level 1:colcon.colcon_core.package_identification:_identify(src/tutorial_interfaces) by extension 'ignore_ament_install'
[0.180s] Level 1:colcon.colcon_core.package_identification:_identify(src/tutorial_interfaces) by extensions ['colcon_pkg']
[0.180s] Level 1:colcon.colcon_core.package_identification:_identify(src/tutorial_interfaces) by extension 'colcon_pkg'
[0.180s] Level 1:colcon.colcon_core.package_identification:_identify(src/tutorial_interfaces) by extensions ['colcon_meta']
[0.180s] Level 1:colcon.colcon_core.package_identification:_identify(src/tutorial_interfaces) by extension 'colcon_meta'
[0.180s] Level 1:colcon.colcon_core.package_identification:_identify(src/tutorial_interfaces) by extensions ['ros']
[0.180s] Level 1:colcon.colcon_core.package_identification:_identify(src/tutorial_interfaces) by extension 'ros'
[0.181s] DEBUG:colcon.colcon_core.package_identification:Package 'src/tutorial_interfaces' with type 'ros.ament_cmake' and name 'tutorial_interfaces'
[0.181s] Level 1:colcon.colcon_core.package_identification:_identify(src/week0_tutorials) by extensions ['ignore', 'ignore_ament_install']
[0.181s] Level 1:colcon.colcon_core.package_identification:_identify(src/week0_tutorials) by extension 'ignore'
[0.181s] Level 1:colcon.colcon_core.package_identification:_identify(src/week0_tutorials) by extension 'ignore_ament_install'
[0.181s] Level 1:colcon.colcon_core.package_identification:_identify(src/week0_tutorials) by extensions ['colcon_pkg']
[0.181s] Level 1:colcon.colcon_core.package_identification:_identify(src/week0_tutorials) by extension 'colcon_pkg'
[0.181s] Level 1:colcon.colcon_core.package_identification:_identify(src/week0_tutorials) by extensions ['colcon_meta']
[0.181s] Level 1:colcon.colcon_core.package_identification:_identify(src/week0_tutorials) by extension 'colcon_meta'
[0.181s] Level 1:colcon.colcon_core.package_identification:_identify(src/week0_tutorials) by extensions ['ros']
[0.181s] Level 1:colcon.colcon_core.package_identification:_identify(src/week0_tutorials) by extension 'ros'
[0.181s] DEBUG:colcon.colcon_core.package_identification:Package 'src/week0_tutorials' with type 'ros.ament_python' and name 'week0_tutorials'
[0.181s] Level 1:colcon.colcon_core.package_discovery:discover_packages(recursive) using defaults
[0.181s] Level 1:colcon.colcon_core.package_discovery:discover_packages(ignore) discover
[0.182s] Level 1:colcon.colcon_core.package_discovery:discover_packages(ignore) using defaults
[0.182s] Level 1:colcon.colcon_core.package_discovery:discover_packages(path) discover
[0.182s] Level 1:colcon.colcon_core.package_discovery:discover_packages(path) using defaults
[0.194s] Level 1:colcon.colcon_core.package_discovery:discover_packages(prefix_path) check parameters
[0.194s] Level 1:colcon.colcon_core.package_discovery:discover_packages(prefix_path) discover
[0.195s] DEBUG:colcon.colcon_installed_package_information.package_discovery:Found 4 installed packages in /home/harshit/mrt_ws/install
[0.196s] DEBUG:colcon.colcon_installed_package_information.package_discovery:Found 287 installed packages in /opt/ros/humble
[0.206s] Level 1:colcon.colcon_core.package_discovery:discover_packages(prefix_path) using defaults
[0.229s] Level 5:colcon.colcon_core.verb:set package 'sauron' build argument 'cmake_args' from command line to 'None'
[0.229s] Level 5:colcon.colcon_core.verb:set package 'sauron' build argument 'cmake_target' from command line to 'None'
[0.229s] Level 5:colcon.colcon_core.verb:set package 'sauron' build argument 'cmake_target_skip_unavailable' from command line to 'False'
[0.230s] Level 5:colcon.colcon_core.verb:set package 'sauron' build argument 'cmake_clean_cache' from command line to 'False'
[0.230s] Level 5:colcon.colcon_core.verb:set package 'sauron' build argument 'cmake_clean_first' from command line to 'False'
[0.230s] Level 5:colcon.colcon_core.verb:set package 'sauron' build argument 'cmake_force_configure' from command line to 'False'
[0.230s] Level 5:colcon.colcon_core.verb:set package 'sauron' build argument 'ament_cmake_args' from command line to 'None'
[0.230s] Level 5:colcon.colcon_core.verb:set package 'sauron' build argument 'catkin_cmake_args' from command line to 'None'
[0.230s] Level 5:colcon.colcon_core.verb:set package 'sauron' build argument 'catkin_skip_building_tests' from command line to 'False'
[0.230s] DEBUG:colcon.colcon_core.verb:Building package 'sauron' with the following arguments: {'ament_cmake_args': None, 'build_base': '/home/harshit/mrt_ws/build/sauron', 'catkin_cmake_args': None, 'catkin_skip_building_tests': False, 'cmake_args': None, 'cmake_clean_cache': False, 'cmake_clean_first': False, 'cmake_force_configure': False, 'cmake_target': None, 'cmake_target_skip_unavailable': False, 'install_base': '/home/harshit/mrt_ws/install/sauron', 'merge_install': False, 'path': '/home/harshit/mrt_ws/src/sauron', 'symlink_install': False, 'test_result_base': None}
[0.230s] Level 5:colcon.colcon_core.verb:set package 'tutorial_interfaces' build argument 'cmake_args' from command line to 'None'
[0.238s] Level 5:colcon.colcon_core.verb:set package 'tutorial_interfaces' build argument 'cmake_target' from command line to 'None'
[0.238s] Level 5:colcon.colcon_core.verb:set package 'tutorial_interfaces' build argument 'cmake_target_skip_unavailable' from command line to 'False'
[0.238s] Level 5:colcon.colcon_core.verb:set package 'tutorial_interfaces' build argument 'cmake_clean_cache' from command line to 'False'
[0.238s] Level 5:colcon.colcon_core.verb:set package 'tutorial_interfaces' build argument 'cmake_clean_first' from command line to 'False'
[0.238s] Level 5:colcon.colcon_core.verb:set package 'tutorial_interfaces' build argument 'cmake_force_configure' from command line to 'False'
[0.238s] Level 5:colcon.colcon_core.verb:set package 'tutorial_interfaces' build argument 'ament_cmake_args' from command line to 'None'
[0.238s] Level 5:colcon.colcon_core.verb:set package 'tutorial_interfaces' build argument 'catkin_cmake_args' from command line to 'None'
[0.238s] Level 5:colcon.colcon_core.verb:set package 'tutorial_interfaces' build argument 'catkin_skip_building_tests' from command line to 'False'
[0.238s] DEBUG:colcon.colcon_core.verb:Building package 'tutorial_interfaces' with the following arguments: {'ament_cmake_args': None, 'build_base': '/home/harshit/mrt_ws/build/tutorial_interfaces', 'catkin_cmake_args': None, 'catkin_skip_building_tests': False, 'cmake_args': None, 'cmake_clean_cache': False, 'cmake_clean_first': False, 'cmake_force_configure': False, 'cmake_target': None, 'cmake_target_skip_unavailable': False, 'install_base': '/home/harshit/mrt_ws/install/tutorial_interfaces', 'merge_install': False, 'path': '/home/harshit/mrt_ws/src/tutorial_interfaces', 'symlink_install': False, 'test_result_base': None}
[0.238s] Level 5:colcon.colcon_core.verb:set package 'py_srvcli' build argument 'cmake_args' from command line to 'None'
[0.238s] Level 5:colcon.colcon_core.verb:set package 'py_srvcli' build argument 'cmake_target' from command line to 'None'
[0.238s] Level 5:colcon.colcon_core.verb:set package 'py_srvcli' build argument 'cmake_target_skip_unavailable' from command line to 'False'
[0.238s] Level 5:colcon.colcon_core.verb:set package 'py_srvcli' build argument 'cmake_clean_cache' from command line to 'False'
[0.238s] Level 5:colcon.colcon_core.verb:set package 'py_srvcli' build argument 'cmake_clean_first' from command line to 'False'
[0.238s] Level 5:colcon.colcon_core.verb:set package 'py_srvcli' build argument 'cmake_force_configure' from command line to 'False'
[0.238s] Level 5:colcon.colcon_core.verb:set package 'py_srvcli' build argument 'ament_cmake_args' from command line to 'None'
[0.238s] Level 5:colcon.colcon_core.verb:set package 'py_srvcli' build argument 'catkin_cmake_args' from command line to 'None'
[0.238s] Level 5:colcon.colcon_core.verb:set package 'py_srvcli' build argument 'catkin_skip_building_tests' from command line to 'False'
[0.238s] DEBUG:colcon.colcon_core.verb:Building package 'py_srvcli' with the following arguments: {'ament_cmake_args': None, 'build_base': '/home/harshit/mrt_ws/build/py_srvcli', 'catkin_cmake_args': None, 'catkin_skip_building_tests': False, 'cmake_args': None, 'cmake_clean_cache': False, 'cmake_clean_first': False, 'cmake_force_configure': False, 'cmake_target': None, 'cmake_target_skip_unavailable': False, 'install_base': '/home/harshit/mrt_ws/install/py_srvcli', 'merge_install': False, 'path': '/home/harshit/mrt_ws/src/py_srvcli', 'symlink_install': False, 'test_result_base': None}
[0.239s] Level 5:colcon.colcon_core.verb:set package 'week0_tutorials' build argument 'cmake_args' from command line to 'None'
[0.239s] Level 5:colcon.colcon_core.verb:set package 'week0_tutorials' build argument 'cmake_target' from command line to 'None'
[0.239s] Level 5:colcon.colcon_core.verb:set package 'week0_tutorials' build argument 'cmake_target_skip_unavailable' from command line to 'False'
[0.239s] Level 5:colcon.colcon_core.verb:set package 'week0_tutorials' build argument 'cmake_clean_cache' from command line to 'False'
[0.239s] Level 5:colcon.colcon_core.verb:set package 'week0_tutorials' build argument 'cmake_clean_first' from command line to 'False'
[0.239s] Level 5:colcon.colcon_core.verb:set package 'week0_tutorials' build argument 'cmake_force_configure' from command line to 'False'
[0.239s] Level 5:colcon.colcon_core.verb:set package 'week0_tutorials' build argument 'ament_cmake_args' from command line to 'None'
[0.239s] Level 5:colcon.colcon_core.verb:set package 'week0_tutorials' build argument 'catkin_cmake_args' from command line to 'None'
[0.239s] Level 5:colcon.colcon_core.verb:set package 'week0_tutorials' build argument 'catkin_skip_building_tests' from command line to 'False'
[0.239s] DEBUG:colcon.colcon_core.verb:Building package 'week0_tutorials' with the following arguments: {'ament_cmake_args': None, 'build_base': '/home/harshit/mrt_ws/build/week0_tutorials', 'catkin_cmake_args': None, 'catkin_skip_building_tests': False, 'cmake_args': None, 'cmake_clean_cache': False, 'cmake_clean_first': False, 'cmake_force_configure': False, 'cmake_target': None, 'cmake_target_skip_unavailable': False, 'install_base': '/home/harshit/mrt_ws/install/week0_tutorials', 'merge_install': False, 'path': '/home/harshit/mrt_ws/src/week0_tutorials', 'symlink_install': False, 'test_result_base': None}
[0.239s] INFO:colcon.colcon_core.executor:Executing jobs using 'parallel' executor
[0.240s] DEBUG:colcon.colcon_parallel_executor.executor.parallel:run_until_complete
[0.240s] INFO:colcon.colcon_ros.task.ament_cmake.build:Building ROS package in '/home/harshit/mrt_ws/src/tutorial_interfaces' with build type 'ament_cmake'
[0.240s] INFO:colcon.colcon_cmake.task.cmake.build:Building CMake package in '/home/harshit/mrt_ws/src/tutorial_interfaces'
[0.241s] INFO:colcon.colcon_core.plugin_system:Skipping extension 'colcon_core.shell.bat': Not used on non-Windows systems
[0.242s] INFO:colcon.colcon_core.shell:Skip shell extension 'powershell' for command environment: Not usable outside of PowerShell
[0.242s] DEBUG:colcon.colcon_core.shell:Skip shell extension 'dsv' for command environment
[0.244s] INFO:colcon.colcon_ros.task.ament_python.build:Building ROS package in '/home/harshit/mrt_ws/src/sauron' with build type 'ament_python'
[0.244s] Level 1:colcon.colcon_core.shell:create_environment_hook('sauron', 'ament_prefix_path')
[0.244s] INFO:colcon.colcon_core.shell:Creating environment hook '/home/harshit/mrt_ws/install/sauron/share/sauron/hook/ament_prefix_path.ps1'
[0.245s] INFO:colcon.colcon_core.shell:Creating environment descriptor '/home/harshit/mrt_ws/install/sauron/share/sauron/hook/ament_prefix_path.dsv'
[0.245s] INFO:colcon.colcon_core.shell:Creating environment hook '/home/harshit/mrt_ws/install/sauron/share/sauron/hook/ament_prefix_path.sh'
[0.246s] INFO:colcon.colcon_core.shell:Skip shell extension 'powershell' for command environment: Not usable outside of PowerShell
[0.246s] DEBUG:colcon.colcon_core.shell:Skip shell extension 'dsv' for command environment
[0.251s] DEBUG:colcon.colcon_core.event_handler.log_command:Invoking command in '/home/harshit/mrt_ws/build/tutorial_interfaces': CMAKE_PREFIX_PATH=${CMAKE_PREFIX_PATH}:/home/harshit/mrt_ws/install/week0_tutorials:/home/harshit/mrt_ws/install/py_srvcli:/home/harshit/mrt_ws/install/sauron:/opt/ros/humble /usr/bin/cmake --build /home/harshit/mrt_ws/build/tutorial_interfaces -- -j8 -l8
[0.422s] INFO:colcon.colcon_core.task.python.build:Building Python package in '/home/harshit/mrt_ws/src/sauron'
[0.422s] INFO:colcon.colcon_core.shell:Skip shell extension 'powershell' for command environment: Not usable outside of PowerShell
[0.422s] DEBUG:colcon.colcon_core.shell:Skip shell extension 'dsv' for command environment
[0.642s] DEBUG:colcon.colcon_core.event_handler.log_command:Invoking command in '/home/harshit/mrt_ws/src/sauron': PYTHONPATH=/home/harshit/mrt_ws/build/sauron/prefix_override:/usr/lib/python3/dist-packages/colcon_core/task/python/colcon_distutils_commands:/home/harshit/mrt_ws/install/sauron/lib/python3.10/site-packages:${PYTHONPATH} /usr/bin/python3 -W ignore:setup.py install is deprecated setup.py egg_info --egg-base ../../build/sauron build --build-base /home/harshit/mrt_ws/build/sauron/build install --record /home/harshit/mrt_ws/build/sauron/install.log --single-version-externally-managed install_data
[0.840s] DEBUG:colcon.colcon_core.event_handler.log_command:Invoked command in '/home/harshit/mrt_ws/src/sauron' returned '0': PYTHONPATH=/home/harshit/mrt_ws/build/sauron/prefix_override:/usr/lib/python3/dist-packages/colcon_core/task/python/colcon_distutils_commands:/home/harshit/mrt_ws/install/sauron/lib/python3.10/site-packages:${PYTHONPATH} /usr/bin/python3 -W ignore:setup.py install is deprecated setup.py egg_info --egg-base ../../build/sauron build --build-base /home/harshit/mrt_ws/build/sauron/build install --record /home/harshit/mrt_ws/build/sauron/install.log --single-version-externally-managed install_data
[0.842s] Level 1:colcon.colcon_core.environment:checking '/home/harshit/mrt_ws/install/sauron' for CMake module files
[0.842s] Level 1:colcon.colcon_core.environment:checking '/home/harshit/mrt_ws/install/sauron' for CMake config files
[0.842s] Level 1:colcon.colcon_core.environment:checking '/home/harshit/mrt_ws/install/sauron/lib'
[0.842s] Level 1:colcon.colcon_core.environment:checking '/home/harshit/mrt_ws/install/sauron/bin'
[0.843s] Level 1:colcon.colcon_core.environment:checking '/home/harshit/mrt_ws/install/sauron/lib/pkgconfig/sauron.pc'
[0.843s] Level 1:colcon.colcon_core.environment:checking '/home/harshit/mrt_ws/install/sauron/lib/python3.10/site-packages'
[0.843s] Level 1:colcon.colcon_core.shell:create_environment_hook('sauron', 'pythonpath')
[0.843s] INFO:colcon.colcon_core.shell:Creating environment hook '/home/harshit/mrt_ws/install/sauron/share/sauron/hook/pythonpath.ps1'
[0.843s] INFO:colcon.colcon_core.shell:Creating environment descriptor '/home/harshit/mrt_ws/install/sauron/share/sauron/hook/pythonpath.dsv'
[0.843s] INFO:colcon.colcon_core.shell:Creating environment hook '/home/harshit/mrt_ws/install/sauron/share/sauron/hook/pythonpath.sh'
[0.844s] Level 1:colcon.colcon_core.environment:checking '/home/harshit/mrt_ws/install/sauron/bin'
[0.844s] Level 1:colcon.colcon_core.environment:create_environment_scripts_only(sauron)
[0.844s] INFO:colcon.colcon_core.shell:Creating package script '/home/harshit/mrt_ws/install/sauron/share/sauron/package.ps1'
[0.845s] INFO:colcon.colcon_core.shell:Creating package descriptor '/home/harshit/mrt_ws/install/sauron/share/sauron/package.dsv'
[0.845s] INFO:colcon.colcon_core.shell:Creating package script '/home/harshit/mrt_ws/install/sauron/share/sauron/package.sh'
[0.845s] INFO:colcon.colcon_core.shell:Creating package script '/home/harshit/mrt_ws/install/sauron/share/sauron/package.bash'
[0.846s] INFO:colcon.colcon_core.shell:Creating package script '/home/harshit/mrt_ws/install/sauron/share/sauron/package.zsh'
[0.846s] Level 1:colcon.colcon_core.environment:create_file_with_runtime_dependencies(/home/harshit/mrt_ws/install/sauron/share/colcon-core/packages/sauron)
[1.933s] DEBUG:colcon.colcon_core.event_handler.log_command:Invoked command in '/home/harshit/mrt_ws/build/tutorial_interfaces' returned '0': CMAKE_PREFIX_PATH=${CMAKE_PREFIX_PATH}:/home/harshit/mrt_ws/install/week0_tutorials:/home/harshit/mrt_ws/install/py_srvcli:/home/harshit/mrt_ws/install/sauron:/opt/ros/humble /usr/bin/cmake --build /home/harshit/mrt_ws/build/tutorial_interfaces -- -j8 -l8
[1.998s] DEBUG:colcon.colcon_core.event_handler.log_command:Invoking command in '/home/harshit/mrt_ws/build/tutorial_interfaces': CMAKE_PREFIX_PATH=${CMAKE_PREFIX_PATH}:/home/harshit/mrt_ws/install/week0_tutorials:/home/harshit/mrt_ws/install/py_srvcli:/home/harshit/mrt_ws/install/sauron:/opt/ros/humble /usr/bin/cmake --install /home/harshit/mrt_ws/build/tutorial_interfaces
[2.035s] Level 1:colcon.colcon_core.environment:create_environment_scripts_only(tutorial_interfaces)
[2.036s] Level 1:colcon.colcon_core.environment:checking '/home/harshit/mrt_ws/install/tutorial_interfaces' for CMake module files
[2.036s] DEBUG:colcon.colcon_core.event_handler.log_command:Invoked command in '/home/harshit/mrt_ws/build/tutorial_interfaces' returned '0': CMAKE_PREFIX_PATH=${CMAKE_PREFIX_PATH}:/home/harshit/mrt_ws/install/week0_tutorials:/home/harshit/mrt_ws/install/py_srvcli:/home/harshit/mrt_ws/install/sauron:/opt/ros/humble /usr/bin/cmake --install /home/harshit/mrt_ws/build/tutorial_interfaces
[2.036s] Level 1:colcon.colcon_core.environment:checking '/home/harshit/mrt_ws/install/tutorial_interfaces' for CMake config files
[2.037s] Level 1:colcon.colcon_core.shell:create_environment_hook('tutorial_interfaces', 'cmake_prefix_path')
[2.037s] INFO:colcon.colcon_core.shell:Creating environment hook '/home/harshit/mrt_ws/install/tutorial_interfaces/share/tutorial_interfaces/hook/cmake_prefix_path.ps1'
[2.037s] INFO:colcon.colcon_core.shell:Creating environment descriptor '/home/harshit/mrt_ws/install/tutorial_interfaces/share/tutorial_interfaces/hook/cmake_prefix_path.dsv'
[2.038s] INFO:colcon.colcon_core.shell:Creating environment hook '/home/harshit/mrt_ws/install/tutorial_interfaces/share/tutorial_interfaces/hook/cmake_prefix_path.sh'
[2.038s] Level 1:colcon.colcon_core.environment:checking '/home/harshit/mrt_ws/install/tutorial_interfaces/lib'
[2.038s] Level 1:colcon.colcon_core.shell:create_environment_hook('tutorial_interfaces', 'ld_library_path_lib')
[2.038s] INFO:colcon.colcon_core.shell:Creating environment hook '/home/harshit/mrt_ws/install/tutorial_interfaces/share/tutorial_interfaces/hook/ld_library_path_lib.ps1'
[2.038s] INFO:colcon.colcon_core.shell:Creating environment descriptor '/home/harshit/mrt_ws/install/tutorial_interfaces/share/tutorial_interfaces/hook/ld_library_path_lib.dsv'
[2.039s] INFO:colcon.colcon_core.shell:Creating environment hook '/home/harshit/mrt_ws/install/tutorial_interfaces/share/tutorial_interfaces/hook/ld_library_path_lib.sh'
[2.039s] Level 1:colcon.colcon_core.environment:checking '/home/harshit/mrt_ws/install/tutorial_interfaces/bin'
[2.039s] Level 1:colcon.colcon_core.environment:checking '/home/harshit/mrt_ws/install/tutorial_interfaces/lib/pkgconfig/tutorial_interfaces.pc'
[2.039s] Level 1:colcon.colcon_core.environment:checking '/home/harshit/mrt_ws/install/tutorial_interfaces/lib/python3.10/site-packages'
[2.039s] Level 1:colcon.colcon_core.environment:checking '/home/harshit/mrt_ws/install/tutorial_interfaces/bin'
[2.039s] INFO:colcon.colcon_core.shell:Creating package script '/home/harshit/mrt_ws/install/tutorial_interfaces/share/tutorial_interfaces/package.ps1'
[2.040s] INFO:colcon.colcon_core.shell:Creating package descriptor '/home/harshit/mrt_ws/install/tutorial_interfaces/share/tutorial_interfaces/package.dsv'
[2.040s] INFO:colcon.colcon_core.shell:Creating package script '/home/harshit/mrt_ws/install/tutorial_interfaces/share/tutorial_interfaces/package.sh'
[2.040s] INFO:colcon.colcon_core.shell:Creating package script '/home/harshit/mrt_ws/install/tutorial_interfaces/share/tutorial_interfaces/package.bash'
[2.040s] INFO:colcon.colcon_core.shell:Creating package script '/home/harshit/mrt_ws/install/tutorial_interfaces/share/tutorial_interfaces/package.zsh'
[2.040s] Level 1:colcon.colcon_core.environment:create_file_with_runtime_dependencies(/home/harshit/mrt_ws/install/tutorial_interfaces/share/colcon-core/packages/tutorial_interfaces)
[2.100s] Level 1:colcon.colcon_core.environment:create_environment_scripts_only(tutorial_interfaces)
[2.100s] Level 1:colcon.colcon_core.environment:checking '/home/harshit/mrt_ws/install/tutorial_interfaces' for CMake module files
[2.101s] Level 1:colcon.colcon_core.environment:checking '/home/harshit/mrt_ws/install/tutorial_interfaces' for CMake config files
[2.102s] Level 1:colcon.colcon_core.shell:create_environment_hook('tutorial_interfaces', 'cmake_prefix_path')
[2.102s] INFO:colcon.colcon_core.shell:Creating environment hook '/home/harshit/mrt_ws/install/tutorial_interfaces/share/tutorial_interfaces/hook/cmake_prefix_path.ps1'
[2.102s] INFO:colcon.colcon_core.shell:Creating environment descriptor '/home/harshit/mrt_ws/install/tutorial_interfaces/share/tutorial_interfaces/hook/cmake_prefix_path.dsv'
[2.103s] INFO:colcon.colcon_core.shell:Creating environment hook '/home/harshit/mrt_ws/install/tutorial_interfaces/share/tutorial_interfaces/hook/cmake_prefix_path.sh'
[2.103s] Level 1:colcon.colcon_core.environment:checking '/home/harshit/mrt_ws/install/tutorial_interfaces/lib'
[2.103s] Level 1:colcon.colcon_core.shell:create_environment_hook('tutorial_interfaces', 'ld_library_path_lib')
[2.104s] INFO:colcon.colcon_core.shell:Creating environment hook '/home/harshit/mrt_ws/install/tutorial_interfaces/share/tutorial_interfaces/hook/ld_library_path_lib.ps1'
[2.104s] INFO:colcon.colcon_core.shell:Creating environment descriptor '/home/harshit/mrt_ws/install/tutorial_interfaces/share/tutorial_interfaces/hook/ld_library_path_lib.dsv'
[2.104s] INFO:colcon.colcon_core.shell:Creating environment hook '/home/harshit/mrt_ws/install/tutorial_interfaces/share/tutorial_interfaces/hook/ld_library_path_lib.sh'
[2.105s] Level 1:colcon.colcon_core.environment:checking '/home/harshit/mrt_ws/install/tutorial_interfaces/bin'
[2.105s] Level 1:colcon.colcon_core.environment:checking '/home/harshit/mrt_ws/install/tutorial_interfaces/lib/pkgconfig/tutorial_interfaces.pc'
[2.105s] Level 1:colcon.colcon_core.environment:checking '/home/harshit/mrt_ws/install/tutorial_interfaces/lib/python3.10/site-packages'
[2.105s] Level 1:colcon.colcon_core.environment:checking '/home/harshit/mrt_ws/install/tutorial_interfaces/bin'
[2.105s] INFO:colcon.colcon_core.shell:Creating package script '/home/harshit/mrt_ws/install/tutorial_interfaces/share/tutorial_interfaces/package.ps1'
[2.106s] INFO:colcon.colcon_core.shell:Creating package descriptor '/home/harshit/mrt_ws/install/tutorial_interfaces/share/tutorial_interfaces/package.dsv'
[2.106s] INFO:colcon.colcon_core.shell:Creating package script '/home/harshit/mrt_ws/install/tutorial_interfaces/share/tutorial_interfaces/package.sh'
[2.107s] INFO:colcon.colcon_core.shell:Creating package script '/home/harshit/mrt_ws/install/tutorial_interfaces/share/tutorial_interfaces/package.bash'
[2.107s] INFO:colcon.colcon_core.shell:Creating package script '/home/harshit/mrt_ws/install/tutorial_interfaces/share/tutorial_interfaces/package.zsh'
[2.108s] Level 1:colcon.colcon_core.environment:create_file_with_runtime_dependencies(/home/harshit/mrt_ws/install/tutorial_interfaces/share/colcon-core/packages/tutorial_interfaces)
[2.108s] INFO:colcon.colcon_ros.task.ament_python.build:Building ROS package in '/home/harshit/mrt_ws/src/py_srvcli' with build type 'ament_python'
[2.108s] Level 1:colcon.colcon_core.shell:create_environment_hook('py_srvcli', 'ament_prefix_path')
[2.108s] INFO:colcon.colcon_core.shell:Creating environment hook '/home/harshit/mrt_ws/install/py_srvcli/share/py_srvcli/hook/ament_prefix_path.ps1'
[2.109s] INFO:colcon.colcon_core.shell:Creating environment descriptor '/home/harshit/mrt_ws/install/py_srvcli/share/py_srvcli/hook/ament_prefix_path.dsv'
[2.109s] INFO:colcon.colcon_core.shell:Creating environment hook '/home/harshit/mrt_ws/install/py_srvcli/share/py_srvcli/hook/ament_prefix_path.sh'
[2.110s] INFO:colcon.colcon_core.shell:Skip shell extension 'powershell' for command environment: Not usable outside of PowerShell
[2.110s] DEBUG:colcon.colcon_core.shell:Skip shell extension 'dsv' for command environment
[2.113s] INFO:colcon.colcon_ros.task.ament_python.build:Building ROS package in '/home/harshit/mrt_ws/src/week0_tutorials' with build type 'ament_python'
[2.113s] Level 1:colcon.colcon_core.shell:create_environment_hook('week0_tutorials', 'ament_prefix_path')
[2.114s] INFO:colcon.colcon_core.shell:Creating environment hook '/home/harshit/mrt_ws/install/week0_tutorials/share/week0_tutorials/hook/ament_prefix_path.ps1'
[2.114s] INFO:colcon.colcon_core.shell:Creating environment descriptor '/home/harshit/mrt_ws/install/week0_tutorials/share/week0_tutorials/hook/ament_prefix_path.dsv'
[2.114s] INFO:colcon.colcon_core.shell:Creating environment hook '/home/harshit/mrt_ws/install/week0_tutorials/share/week0_tutorials/hook/ament_prefix_path.sh'
[2.115s] INFO:colcon.colcon_core.shell:Skip shell extension 'powershell' for command environment: Not usable outside of PowerShell
[2.115s] DEBUG:colcon.colcon_core.shell:Skip shell extension 'dsv' for command environment
[2.300s] INFO:colcon.colcon_core.task.python.build:Building Python package in '/home/harshit/mrt_ws/src/py_srvcli'
[2.301s] INFO:colcon.colcon_core.shell:Skip shell extension 'powershell' for command environment: Not usable outside of PowerShell
[2.301s] DEBUG:colcon.colcon_core.shell:Skip shell extension 'dsv' for command environment
[2.471s] INFO:colcon.colcon_core.task.python.build:Building Python package in '/home/harshit/mrt_ws/src/week0_tutorials'
[2.472s] INFO:colcon.colcon_core.shell:Skip shell extension 'powershell' for command environment: Not usable outside of PowerShell
[2.472s] DEBUG:colcon.colcon_core.shell:Skip shell extension 'dsv' for command environment
[2.708s] DEBUG:colcon.colcon_core.event_handler.log_command:Invoking command in '/home/harshit/mrt_ws/src/week0_tutorials': PYTHONPATH=/home/harshit/mrt_ws/build/week0_tutorials/prefix_override:/usr/lib/python3/dist-packages/colcon_core/task/python/colcon_distutils_commands:/home/harshit/mrt_ws/install/week0_tutorials/lib/python3.10/site-packages:${PYTHONPATH} /usr/bin/python3 -W ignore:setup.py install is deprecated setup.py egg_info --egg-base ../../build/week0_tutorials build --build-base /home/harshit/mrt_ws/build/week0_tutorials/build install --record /home/harshit/mrt_ws/build/week0_tutorials/install.log --single-version-externally-managed install_data
[2.709s] DEBUG:colcon.colcon_core.event_handler.log_command:Invoking command in '/home/harshit/mrt_ws/src/py_srvcli': PYTHONPATH=/home/harshit/mrt_ws/build/py_srvcli/prefix_override:/usr/lib/python3/dist-packages/colcon_core/task/python/colcon_distutils_commands:/home/harshit/mrt_ws/install/py_srvcli/lib/python3.10/site-packages:${PYTHONPATH} /usr/bin/python3 -W ignore:setup.py install is deprecated setup.py egg_info --egg-base ../../build/py_srvcli build --build-base /home/harshit/mrt_ws/build/py_srvcli/build install --record /home/harshit/mrt_ws/build/py_srvcli/install.log --single-version-externally-managed install_data
[2.912s] Level 1:colcon.colcon_core.environment:checking '/home/harshit/mrt_ws/install/py_srvcli' for CMake module files
[2.912s] DEBUG:colcon.colcon_core.event_handler.log_command:Invoked command in '/home/harshit/mrt_ws/src/py_srvcli' returned '0': PYTHONPATH=/home/harshit/mrt_ws/build/py_srvcli/prefix_override:/usr/lib/python3/dist-packages/colcon_core/task/python/colcon_distutils_commands:/home/harshit/mrt_ws/install/py_srvcli/lib/python3.10/site-packages:${PYTHONPATH} /usr/bin/python3 -W ignore:setup.py install is deprecated setup.py egg_info --egg-base ../../build/py_srvcli build --build-base /home/harshit/mrt_ws/build/py_srvcli/build install --record /home/harshit/mrt_ws/build/py_srvcli/install.log --single-version-externally-managed install_data
[2.913s] Level 1:colcon.colcon_core.environment:checking '/home/harshit/mrt_ws/install/py_srvcli' for CMake config files
[2.913s] Level 1:colcon.colcon_core.environment:checking '/home/harshit/mrt_ws/install/py_srvcli/lib'
[2.913s] Level 1:colcon.colcon_core.environment:checking '/home/harshit/mrt_ws/install/py_srvcli/bin'
[2.913s] Level 1:colcon.colcon_core.environment:checking '/home/harshit/mrt_ws/install/py_srvcli/lib/pkgconfig/py_srvcli.pc'
[2.913s] Level 1:colcon.colcon_core.environment:checking '/home/harshit/mrt_ws/install/py_srvcli/lib/python3.10/site-packages'
[2.913s] Level 1:colcon.colcon_core.shell:create_environment_hook('py_srvcli', 'pythonpath')
[2.913s] INFO:colcon.colcon_core.shell:Creating environment hook '/home/harshit/mrt_ws/install/py_srvcli/share/py_srvcli/hook/pythonpath.ps1'
[2.914s] INFO:colcon.colcon_core.shell:Creating environment descriptor '/home/harshit/mrt_ws/install/py_srvcli/share/py_srvcli/hook/pythonpath.dsv'
[2.914s] INFO:colcon.colcon_core.shell:Creating environment hook '/home/harshit/mrt_ws/install/py_srvcli/share/py_srvcli/hook/pythonpath.sh'
[2.914s] Level 1:colcon.colcon_core.environment:checking '/home/harshit/mrt_ws/install/py_srvcli/bin'
[2.914s] Level 1:colcon.colcon_core.environment:create_environment_scripts_only(py_srvcli)
[2.915s] INFO:colcon.colcon_core.shell:Creating package script '/home/harshit/mrt_ws/install/py_srvcli/share/py_srvcli/package.ps1'
[2.915s] INFO:colcon.colcon_core.shell:Creating package descriptor '/home/harshit/mrt_ws/install/py_srvcli/share/py_srvcli/package.dsv'
[2.915s] INFO:colcon.colcon_core.shell:Creating package script '/home/harshit/mrt_ws/install/py_srvcli/share/py_srvcli/package.sh'
[2.915s] INFO:colcon.colcon_core.shell:Creating package script '/home/harshit/mrt_ws/install/py_srvcli/share/py_srvcli/package.bash'
[2.916s] INFO:colcon.colcon_core.shell:Creating package script '/home/harshit/mrt_ws/install/py_srvcli/share/py_srvcli/package.zsh'
[2.916s] Level 1:colcon.colcon_core.environment:create_file_with_runtime_dependencies(/home/harshit/mrt_ws/install/py_srvcli/share/colcon-core/packages/py_srvcli)
[2.916s] Level 1:colcon.colcon_core.environment:checking '/home/harshit/mrt_ws/install/week0_tutorials' for CMake module files
[2.917s] DEBUG:colcon.colcon_core.event_handler.log_command:Invoked command in '/home/harshit/mrt_ws/src/week0_tutorials' returned '0': PYTHONPATH=/home/harshit/mrt_ws/build/week0_tutorials/prefix_override:/usr/lib/python3/dist-packages/colcon_core/task/python/colcon_distutils_commands:/home/harshit/mrt_ws/install/week0_tutorials/lib/python3.10/site-packages:${PYTHONPATH} /usr/bin/python3 -W ignore:setup.py install is deprecated setup.py egg_info --egg-base ../../build/week0_tutorials build --build-base /home/harshit/mrt_ws/build/week0_tutorials/build install --record /home/harshit/mrt_ws/build/week0_tutorials/install.log --single-version-externally-managed install_data
[2.917s] Level 1:colcon.colcon_core.environment:checking '/home/harshit/mrt_ws/install/week0_tutorials' for CMake config files
[2.917s] Level 1:colcon.colcon_core.environment:checking '/home/harshit/mrt_ws/install/week0_tutorials/lib'
[2.918s] Level 1:colcon.colcon_core.environment:checking '/home/harshit/mrt_ws/install/week0_tutorials/bin'
[2.918s] Level 1:colcon.colcon_core.environment:checking '/home/harshit/mrt_ws/install/week0_tutorials/lib/pkgconfig/week0_tutorials.pc'
[2.918s] Level 1:colcon.colcon_core.environment:checking '/home/harshit/mrt_ws/install/week0_tutorials/lib/python3.10/site-packages'
[2.918s] Level 1:colcon.colcon_core.shell:create_environment_hook('week0_tutorials', 'pythonpath')
[2.918s] INFO:colcon.colcon_core.shell:Creating environment hook '/home/harshit/mrt_ws/install/week0_tutorials/share/week0_tutorials/hook/pythonpath.ps1'
[2.918s] INFO:colcon.colcon_core.shell:Creating environment descriptor '/home/harshit/mrt_ws/install/week0_tutorials/share/week0_tutorials/hook/pythonpath.dsv'
[2.918s] INFO:colcon.colcon_core.shell:Creating environment hook '/home/harshit/mrt_ws/install/week0_tutorials/share/week0_tutorials/hook/pythonpath.sh'
[2.919s] Level 1:colcon.colcon_core.environment:checking '/home/harshit/mrt_ws/install/week0_tutorials/bin'
[2.919s] Level 1:colcon.colcon_core.environment:create_environment_scripts_only(week0_tutorials)
[2.919s] INFO:colcon.colcon_core.shell:Creating package script '/home/harshit/mrt_ws/install/week0_tutorials/share/week0_tutorials/package.ps1'
[2.919s] INFO:colcon.colcon_core.shell:Creating package descriptor '/home/harshit/mrt_ws/install/week0_tutorials/share/week0_tutorials/package.dsv'
[2.919s] INFO:colcon.colcon_core.shell:Creating package script '/home/harshit/mrt_ws/install/week0_tutorials/share/week0_tutorials/package.sh'
[2.920s] INFO:colcon.colcon_core.shell:Creating package script '/home/harshit/mrt_ws/install/week0_tutorials/share/week0_tutorials/package.bash'
[2.920s] INFO:colcon.colcon_core.shell:Creating package script '/home/harshit/mrt_ws/install/week0_tutorials/share/week0_tutorials/package.zsh'
[2.920s] Level 1:colcon.colcon_core.environment:create_file_with_runtime_dependencies(/home/harshit/mrt_ws/install/week0_tutorials/share/colcon-core/packages/week0_tutorials)
[2.920s] DEBUG:colcon.colcon_parallel_executor.executor.parallel:closing loop
[2.920s] DEBUG:colcon.colcon_parallel_executor.executor.parallel:loop closed
[2.920s] DEBUG:colcon.colcon_parallel_executor.executor.parallel:run_until_complete finished with '0'
[2.921s] DEBUG:colcon.colcon_core.event_reactor:joining thread
[2.925s] INFO:colcon.colcon_core.plugin_system:Skipping extension 'colcon_notification.desktop_notification.terminal_notifier': Not used on non-Darwin systems
[2.925s] INFO:colcon.colcon_core.plugin_system:Skipping extension 'colcon_notification.desktop_notification.win32': Not used on non-Windows systems
[2.925s] INFO:colcon.colcon_notification.desktop_notification:Sending desktop notification using 'notify2'
[2.937s] DEBUG:colcon.colcon_core.event_reactor:joined thread
[2.937s] INFO:colcon.colcon_core.shell:Creating prefix script '/home/harshit/mrt_ws/install/local_setup.ps1'
[2.938s] INFO:colcon.colcon_core.shell:Creating prefix util module '/home/harshit/mrt_ws/install/_local_setup_util_ps1.py'
[2.939s] INFO:colcon.colcon_core.shell:Creating prefix chain script '/home/harshit/mrt_ws/install/setup.ps1'
[2.940s] INFO:colcon.colcon_core.shell:Creating prefix script '/home/harshit/mrt_ws/install/local_setup.sh'
[2.940s] INFO:colcon.colcon_core.shell:Creating prefix util module '/home/harshit/mrt_ws/install/_local_setup_util_sh.py'
[2.940s] INFO:colcon.colcon_core.shell:Creating prefix chain script '/home/harshit/mrt_ws/install/setup.sh'
[2.941s] INFO:colcon.colcon_core.shell:Creating prefix script '/home/harshit/mrt_ws/install/local_setup.bash'
[2.941s] INFO:colcon.colcon_core.shell:Creating prefix chain script '/home/harshit/mrt_ws/install/setup.bash'
[2.942s] INFO:colcon.colcon_core.shell:Creating prefix script '/home/harshit/mrt_ws/install/local_setup.zsh'
[2.942s] INFO:colcon.colcon_core.shell:Creating prefix chain script '/home/harshit/mrt_ws/install/setup.zsh'
