[1.333s] Invoking command in '/home/harshit/mrt_ws/src/mrs_hudson': PYTHONPATH=/home/harshit/mrt_ws/build/mrs_hudson/prefix_override:/usr/lib/python3/dist-packages/colcon_core/task/python/colcon_distutils_commands:/home/harshit/mrt_ws/install/mrs_hudson/lib/python3.10/site-packages:${PYTHONPATH} /usr/bin/python3 -W ignore:setup.py install is deprecated -W ignore:easy_install command is deprecated setup.py egg_info --egg-base ../../build/mrs_hudson build --build-base /home/harshit/mrt_ws/build/mrs_hudson/build install --record /home/harshit/mrt_ws/build/mrs_hudson/install.log --single-version-externally-managed install_data
[1.639s] running egg_info
[1.639s] writing ../../build/mrs_hudson/mrs_hudson.egg-info/PKG-INFO
[1.640s] writing dependency_links to ../../build/mrs_hudson/mrs_hudson.egg-info/dependency_links.txt
[1.640s] writing entry points to ../../build/mrs_hudson/mrs_hudson.egg-info/entry_points.txt
[1.640s] writing requirements to ../../build/mrs_hudson/mrs_hudson.egg-info/requires.txt
[1.640s] writing top-level names to ../../build/mrs_hudson/mrs_hudson.egg-info/top_level.txt
[1.642s] reading manifest file '../../build/mrs_hudson/mrs_hudson.egg-info/SOURCES.txt'
[1.643s] writing manifest file '../../build/mrs_hudson/mrs_hudson.egg-info/SOURCES.txt'
[1.643s] running build
[1.643s] running build_py
[1.644s] running install
[1.645s] running install_lib
[1.646s] running install_data
[1.647s] copying models/mrs_hudson.urdf -> /home/harshit/mrt_ws/install/mrs_hudson/share/mrs_hudson/models
[1.647s] copying worlds/mrs_hudson.sdf -> /home/harshit/mrt_ws/install/mrs_hudson/share/mrs_hudson/worlds
[1.647s] copying worlds/mrs_hudson_arena.sdf -> /home/harshit/mrt_ws/install/mrs_hudson/share/mrs_hudson/worlds
[1.647s] copying worlds/maze_aruco.sdf -> /home/harshit/mrt_ws/install/mrs_hudson/share/mrs_hudson/worlds
[1.648s] running install_egg_info
[1.651s] removing '/home/harshit/mrt_ws/install/mrs_hudson/lib/python3.10/site-packages/mrs_hudson-0.0.0-py3.10.egg-info' (and everything under it)
[1.651s] Copying ../../build/mrs_hudson/mrs_hudson.egg-info to /home/harshit/mrt_ws/install/mrs_hudson/lib/python3.10/site-packages/mrs_hudson-0.0.0-py3.10.egg-info
[1.652s] running install_scripts
[1.681s] Installing detect_marker script to /home/harshit/mrt_ws/install/mrs_hudson/lib/mrs_hudson
[1.681s] Installing display_camera script to /home/harshit/mrt_ws/install/mrs_hudson/lib/mrs_hudson
[1.681s] Installing mrs_hudson_teleop script to /home/harshit/mrt_ws/install/mrs_hudson/lib/mrs_hudson
[1.681s] Installing vel_pub script to /home/harshit/mrt_ws/install/mrs_hudson/lib/mrs_hudson
[1.681s] writing list of installed files to '/home/harshit/mrt_ws/build/mrs_hudson/install.log'
[1.724s] Invoked command in '/home/harshit/mrt_ws/src/mrs_hudson' returned '0': PYTHONPATH=/home/harshit/mrt_ws/build/mrs_hudson/prefix_override:/usr/lib/python3/dist-packages/colcon_core/task/python/colcon_distutils_commands:/home/harshit/mrt_ws/install/mrs_hudson/lib/python3.10/site-packages:${PYTHONPATH} /usr/bin/python3 -W ignore:setup.py install is deprecated -W ignore:easy_install command is deprecated setup.py egg_info --egg-base ../../build/mrs_hudson build --build-base /home/harshit/mrt_ws/build/mrs_hudson/build install --record /home/harshit/mrt_ws/build/mrs_hudson/install.log --single-version-externally-managed install_data
