[0.674s] Invoking command in '/home/harshit/mrt_ws/arm_workspace/build/arm_pos_control': PYTHONPATH=/home/harshit/mrt_ws/arm_workspace/build/arm_pos_control/prefix_override:/usr/lib/python3/dist-packages/colcon_core/task/python/colcon_distutils_commands:/home/harshit/mrt_ws/arm_workspace/install/arm_pos_control/lib/python3.10/site-packages:${PYTHONPATH} /usr/bin/python3 -W ignore:setup.py install is deprecated -W ignore:easy_install command is deprecated setup.py develop --editable --build-directory /home/harshit/mrt_ws/arm_workspace/build/arm_pos_control/build --no-deps symlink_data
[0.865s] running develop
[0.999s] running egg_info
[0.999s] creating arm_pos_control.egg-info
[0.999s] writing arm_pos_control.egg-info/PKG-INFO
[0.999s] writing dependency_links to arm_pos_control.egg-info/dependency_links.txt
[0.999s] writing entry points to arm_pos_control.egg-info/entry_points.txt
[1.000s] writing requirements to arm_pos_control.egg-info/requires.txt
[1.000s] writing top-level names to arm_pos_control.egg-info/top_level.txt
[1.000s] writing manifest file 'arm_pos_control.egg-info/SOURCES.txt'
[1.001s] reading manifest file 'arm_pos_control.egg-info/SOURCES.txt'
[1.002s] writing manifest file 'arm_pos_control.egg-info/SOURCES.txt'
[1.024s] running build_ext
[1.024s] Creating /home/harshit/mrt_ws/arm_workspace/install/arm_pos_control/lib/python3.10/site-packages/arm-pos-control.egg-link (link to .)
[1.025s] 
[1.025s] Installed /home/harshit/mrt_ws/arm_workspace/build/arm_pos_control
[1.025s] running symlink_data
[1.025s] creating /home/harshit/mrt_ws/arm_workspace/install/arm_pos_control/share/ament_index
[1.025s] creating /home/harshit/mrt_ws/arm_workspace/install/arm_pos_control/share/ament_index/resource_index
[1.025s] creating /home/harshit/mrt_ws/arm_workspace/install/arm_pos_control/share/ament_index/resource_index/packages
[1.025s] symbolically linking /home/harshit/mrt_ws/arm_workspace/build/arm_pos_control/resource/arm_pos_control -> /home/harshit/mrt_ws/arm_workspace/install/arm_pos_control/share/ament_index/resource_index/packages
[1.025s] symbolically linking /home/harshit/mrt_ws/arm_workspace/build/arm_pos_control/package.xml -> /home/harshit/mrt_ws/arm_workspace/install/arm_pos_control/share/arm_pos_control
