[0.710s] Invoking command in '/home/harshit/mrt_ws/arm_workspace/src/arm_pos_control': AMENT_PREFIX_PATH=/home/harshit/mrt_ws/arm_workspace/install/pos_control_interfaces:${AMENT_PREFIX_PATH} CMAKE_PREFIX_PATH=/home/harshit/mrt_ws/arm_workspace/install/pos_control_interfaces:${CMAKE_PREFIX_PATH} LD_LIBRARY_PATH=/home/harshit/mrt_ws/arm_workspace/install/pos_control_interfaces/lib:${LD_LIBRARY_PATH} PYTHONPATH=/home/harshit/mrt_ws/arm_workspace/build/arm_pos_control/prefix_override:/usr/lib/python3/dist-packages/colcon_core/task/python/colcon_distutils_commands:/home/harshit/mrt_ws/arm_workspace/install/arm_pos_control/lib/python3.10/site-packages:/home/harshit/mrt_ws/arm_workspace/install/pos_control_interfaces/local/lib/python3.10/dist-packages:${PYTHONPATH} /usr/bin/python3 -W ignore:setup.py install is deprecated -W ignore:easy_install command is deprecated setup.py egg_info --egg-base ../../build/arm_pos_control build --build-base /home/harshit/mrt_ws/arm_workspace/build/arm_pos_control/build install --record /home/harshit/mrt_ws/arm_workspace/build/arm_pos_control/install.log --single-version-externally-managed install_data
[0.921s] running egg_info
[0.922s] creating ../../build/arm_pos_control/arm_pos_control.egg-info
[0.922s] writing ../../build/arm_pos_control/arm_pos_control.egg-info/PKG-INFO
[0.922s] writing dependency_links to ../../build/arm_pos_control/arm_pos_control.egg-info/dependency_links.txt
[0.922s] writing entry points to ../../build/arm_pos_control/arm_pos_control.egg-info/entry_points.txt
[0.922s] writing requirements to ../../build/arm_pos_control/arm_pos_control.egg-info/requires.txt
[0.922s] writing top-level names to ../../build/arm_pos_control/arm_pos_control.egg-info/top_level.txt
[0.922s] writing manifest file '../../build/arm_pos_control/arm_pos_control.egg-info/SOURCES.txt'
[0.924s] reading manifest file '../../build/arm_pos_control/arm_pos_control.egg-info/SOURCES.txt'
[0.924s] writing manifest file '../../build/arm_pos_control/arm_pos_control.egg-info/SOURCES.txt'
[0.924s] running build
[0.924s] running build_py
[0.925s] creating /home/harshit/mrt_ws/arm_workspace/build/arm_pos_control/build
[0.925s] creating /home/harshit/mrt_ws/arm_workspace/build/arm_pos_control/build/lib
[0.925s] creating /home/harshit/mrt_ws/arm_workspace/build/arm_pos_control/build/lib/arm_pos_control
[0.925s] copying arm_pos_control/input_queue.py -> /home/harshit/mrt_ws/arm_workspace/build/arm_pos_control/build/lib/arm_pos_control
[0.925s] copying arm_pos_control/input_handler.py -> /home/harshit/mrt_ws/arm_workspace/build/arm_pos_control/build/lib/arm_pos_control
[0.925s] copying arm_pos_control/pid_controller.py -> /home/harshit/mrt_ws/arm_workspace/build/arm_pos_control/build/lib/arm_pos_control
[0.925s] copying arm_pos_control/min_jerk.py -> /home/harshit/mrt_ws/arm_workspace/build/arm_pos_control/build/lib/arm_pos_control
[0.925s] copying arm_pos_control/input_queue_old.py -> /home/harshit/mrt_ws/arm_workspace/build/arm_pos_control/build/lib/arm_pos_control
[0.925s] copying arm_pos_control/calculator.py -> /home/harshit/mrt_ws/arm_workspace/build/arm_pos_control/build/lib/arm_pos_control
[0.925s] copying arm_pos_control/__init__.py -> /home/harshit/mrt_ws/arm_workspace/build/arm_pos_control/build/lib/arm_pos_control
[0.925s] running install
[0.925s] running install_lib
[0.926s] creating /home/harshit/mrt_ws/arm_workspace/install/arm_pos_control/lib/python3.10/site-packages/arm_pos_control
[0.926s] copying /home/harshit/mrt_ws/arm_workspace/build/arm_pos_control/build/lib/arm_pos_control/input_queue.py -> /home/harshit/mrt_ws/arm_workspace/install/arm_pos_control/lib/python3.10/site-packages/arm_pos_control
[0.926s] copying /home/harshit/mrt_ws/arm_workspace/build/arm_pos_control/build/lib/arm_pos_control/input_handler.py -> /home/harshit/mrt_ws/arm_workspace/install/arm_pos_control/lib/python3.10/site-packages/arm_pos_control
[0.926s] copying /home/harshit/mrt_ws/arm_workspace/build/arm_pos_control/build/lib/arm_pos_control/pid_controller.py -> /home/harshit/mrt_ws/arm_workspace/install/arm_pos_control/lib/python3.10/site-packages/arm_pos_control
[0.926s] copying /home/harshit/mrt_ws/arm_workspace/build/arm_pos_control/build/lib/arm_pos_control/min_jerk.py -> /home/harshit/mrt_ws/arm_workspace/install/arm_pos_control/lib/python3.10/site-packages/arm_pos_control
[0.926s] copying /home/harshit/mrt_ws/arm_workspace/build/arm_pos_control/build/lib/arm_pos_control/input_queue_old.py -> /home/harshit/mrt_ws/arm_workspace/install/arm_pos_control/lib/python3.10/site-packages/arm_pos_control
[0.927s] copying /home/harshit/mrt_ws/arm_workspace/build/arm_pos_control/build/lib/arm_pos_control/calculator.py -> /home/harshit/mrt_ws/arm_workspace/install/arm_pos_control/lib/python3.10/site-packages/arm_pos_control
[0.927s] copying /home/harshit/mrt_ws/arm_workspace/build/arm_pos_control/build/lib/arm_pos_control/__init__.py -> /home/harshit/mrt_ws/arm_workspace/install/arm_pos_control/lib/python3.10/site-packages/arm_pos_control
[0.927s] byte-compiling /home/harshit/mrt_ws/arm_workspace/install/arm_pos_control/lib/python3.10/site-packages/arm_pos_control/input_queue.py to input_queue.cpython-310.pyc
[0.928s] byte-compiling /home/harshit/mrt_ws/arm_workspace/install/arm_pos_control/lib/python3.10/site-packages/arm_pos_control/input_handler.py to input_handler.cpython-310.pyc
[0.929s] byte-compiling /home/harshit/mrt_ws/arm_workspace/install/arm_pos_control/lib/python3.10/site-packages/arm_pos_control/pid_controller.py to pid_controller.cpython-310.pyc
[0.930s] byte-compiling /home/harshit/mrt_ws/arm_workspace/install/arm_pos_control/lib/python3.10/site-packages/arm_pos_control/min_jerk.py to min_jerk.cpython-310.pyc
[0.931s] byte-compiling /home/harshit/mrt_ws/arm_workspace/install/arm_pos_control/lib/python3.10/site-packages/arm_pos_control/input_queue_old.py to input_queue_old.cpython-310.pyc
[0.931s] byte-compiling /home/harshit/mrt_ws/arm_workspace/install/arm_pos_control/lib/python3.10/site-packages/arm_pos_control/calculator.py to calculator.cpython-310.pyc
[0.932s] byte-compiling /home/harshit/mrt_ws/arm_workspace/install/arm_pos_control/lib/python3.10/site-packages/arm_pos_control/__init__.py to __init__.cpython-310.pyc
[0.932s] running install_data
[0.932s] creating /home/harshit/mrt_ws/arm_workspace/install/arm_pos_control/share/ament_index
[0.932s] creating /home/harshit/mrt_ws/arm_workspace/install/arm_pos_control/share/ament_index/resource_index
[0.932s] creating /home/harshit/mrt_ws/arm_workspace/install/arm_pos_control/share/ament_index/resource_index/packages
[0.932s] copying resource/arm_pos_control -> /home/harshit/mrt_ws/arm_workspace/install/arm_pos_control/share/ament_index/resource_index/packages
[0.932s] copying package.xml -> /home/harshit/mrt_ws/arm_workspace/install/arm_pos_control/share/arm_pos_control
[0.932s] running install_egg_info
[0.933s] Copying ../../build/arm_pos_control/arm_pos_control.egg-info to /home/harshit/mrt_ws/arm_workspace/install/arm_pos_control/lib/python3.10/site-packages/arm_pos_control-0.0.0-py3.10.egg-info
[0.934s] running install_scripts
[0.950s] Installing input_handler script to /home/harshit/mrt_ws/arm_workspace/install/arm_pos_control/lib/arm_pos_control
[0.950s] Installing input_queue script to /home/harshit/mrt_ws/arm_workspace/install/arm_pos_control/lib/arm_pos_control
[0.950s] Installing pid_controller script to /home/harshit/mrt_ws/arm_workspace/install/arm_pos_control/lib/arm_pos_control
[0.950s] writing list of installed files to '/home/harshit/mrt_ws/arm_workspace/build/arm_pos_control/install.log'
[0.977s] Invoked command in '/home/harshit/mrt_ws/arm_workspace/src/arm_pos_control' returned '0': AMENT_PREFIX_PATH=/home/harshit/mrt_ws/arm_workspace/install/pos_control_interfaces:${AMENT_PREFIX_PATH} CMAKE_PREFIX_PATH=/home/harshit/mrt_ws/arm_workspace/install/pos_control_interfaces:${CMAKE_PREFIX_PATH} LD_LIBRARY_PATH=/home/harshit/mrt_ws/arm_workspace/install/pos_control_interfaces/lib:${LD_LIBRARY_PATH} PYTHONPATH=/home/harshit/mrt_ws/arm_workspace/build/arm_pos_control/prefix_override:/usr/lib/python3/dist-packages/colcon_core/task/python/colcon_distutils_commands:/home/harshit/mrt_ws/arm_workspace/install/arm_pos_control/lib/python3.10/site-packages:/home/harshit/mrt_ws/arm_workspace/install/pos_control_interfaces/local/lib/python3.10/dist-packages:${PYTHONPATH} /usr/bin/python3 -W ignore:setup.py install is deprecated -W ignore:easy_install command is deprecated setup.py egg_info --egg-base ../../build/arm_pos_control build --build-base /home/harshit/mrt_ws/arm_workspace/build/arm_pos_control/build install --record /home/harshit/mrt_ws/arm_workspace/build/arm_pos_control/install.log --single-version-externally-managed install_data
