[0.217s] Invoking command in '/home/harshit/mrt_ws/arm_workspace/build/arm_pos_interfaces': CMAKE_PREFIX_PATH=${CMAKE_PREFIX_PATH}:/home/harshit/mrt_ws/arm_workspace/install/arm_pos_control:/home/harshit/mrt_ws/install/week1_tutorials:/home/harshit/mrt_ws/install/week0_tutorials:/home/harshit/mrt_ws/install/sauron:/home/harshit/mrt_ws/install/odom_tf_publisher:/home/harshit/mrt_ws/install/mrs_hudson:/home/harshit/mrt_ws/install/assgn:/home/harshit/mrt_ws/install/aruco_detection:/home/harshit/urdf_rviz/install/urdf_testing:/home/harshit/urdf_rviz/install/robot_car:/opt/ros/humble /usr/bin/cmake --build /home/harshit/mrt_ws/arm_workspace/build/arm_pos_interfaces -- -j8 -l8
[0.239s] [  2%] Built target arm_pos_interfaces__cpp
[0.239s] [ 12%] Built target arm_pos_interfaces__rosidl_generator_c
[0.242s] [ 12%] Built target ament_cmake_python_symlink_arm_pos_interfaces
[0.251s] [ 23%] Built target arm_pos_interfaces__rosidl_typesupport_introspection_c
[0.251s] [ 33%] Built target arm_pos_interfaces__rosidl_typesupport_cpp
[0.252s] [ 53%] Built target arm_pos_interfaces__rosidl_typesupport_c
[0.252s] [ 64%] Built target arm_pos_interfaces__rosidl_typesupport_fastrtps_c
[0.252s] [ 64%] Built target arm_pos_interfaces__rosidl_typesupport_introspection_cpp
[0.254s] [ 74%] Built target arm_pos_interfaces__rosidl_typesupport_fastrtps_cpp
[0.262s] [ 74%] Built target arm_pos_interfaces
[0.270s] [ 76%] Built target arm_pos_interfaces__py
[0.280s] [ 84%] Built target arm_pos_interfaces__rosidl_generator_py
[0.289s] [ 89%] Built target arm_pos_interfaces__rosidl_typesupport_introspection_c__pyext
[0.290s] [ 94%] Built target arm_pos_interfaces__rosidl_typesupport_c__pyext
[0.292s] [100%] Built target arm_pos_interfaces__rosidl_typesupport_fastrtps_c__pyext
[0.456s] running egg_info
[0.456s] writing arm_pos_interfaces.egg-info/PKG-INFO
[0.456s] writing dependency_links to arm_pos_interfaces.egg-info/dependency_links.txt
[0.456s] writing top-level names to arm_pos_interfaces.egg-info/top_level.txt
[0.458s] reading manifest file 'arm_pos_interfaces.egg-info/SOURCES.txt'
[0.459s] writing manifest file 'arm_pos_interfaces.egg-info/SOURCES.txt'
[0.479s] [100%] Built target ament_cmake_python_build_arm_pos_interfaces_egg
[0.483s] Invoked command in '/home/harshit/mrt_ws/arm_workspace/build/arm_pos_interfaces' returned '0': CMAKE_PREFIX_PATH=${CMAKE_PREFIX_PATH}:/home/harshit/mrt_ws/arm_workspace/install/arm_pos_control:/home/harshit/mrt_ws/install/week1_tutorials:/home/harshit/mrt_ws/install/week0_tutorials:/home/harshit/mrt_ws/install/sauron:/home/harshit/mrt_ws/install/odom_tf_publisher:/home/harshit/mrt_ws/install/mrs_hudson:/home/harshit/mrt_ws/install/assgn:/home/harshit/mrt_ws/install/aruco_detection:/home/harshit/urdf_rviz/install/urdf_testing:/home/harshit/urdf_rviz/install/robot_car:/opt/ros/humble /usr/bin/cmake --build /home/harshit/mrt_ws/arm_workspace/build/arm_pos_interfaces -- -j8 -l8
[0.488s] Invoking command in '/home/harshit/mrt_ws/arm_workspace/build/arm_pos_interfaces': CMAKE_PREFIX_PATH=${CMAKE_PREFIX_PATH}:/home/harshit/mrt_ws/arm_workspace/install/arm_pos_control:/home/harshit/mrt_ws/install/week1_tutorials:/home/harshit/mrt_ws/install/week0_tutorials:/home/harshit/mrt_ws/install/sauron:/home/harshit/mrt_ws/install/odom_tf_publisher:/home/harshit/mrt_ws/install/mrs_hudson:/home/harshit/mrt_ws/install/assgn:/home/harshit/mrt_ws/install/aruco_detection:/home/harshit/urdf_rviz/install/urdf_testing:/home/harshit/urdf_rviz/install/robot_car:/opt/ros/humble /usr/bin/cmake --install /home/harshit/mrt_ws/arm_workspace/build/arm_pos_interfaces
[0.491s] -- Install configuration: ""
[0.491s] -- Execute custom install script
[0.491s] -- Up-to-date symlink: /home/harshit/mrt_ws/arm_workspace/install/arm_pos_interfaces/share/ament_index/resource_index/rosidl_interfaces/arm_pos_interfaces
[0.491s] -- Up-to-date symlink: /home/harshit/mrt_ws/arm_workspace/install/arm_pos_interfaces/include/arm_pos_interfaces/arm_pos_interfaces/msg/arm_end_motion.h
[0.491s] -- Up-to-date symlink: /home/harshit/mrt_ws/arm_workspace/install/arm_pos_interfaces/include/arm_pos_interfaces/arm_pos_interfaces/msg/detail/arm_end_motion__functions.h
[0.491s] -- Up-to-date symlink: /home/harshit/mrt_ws/arm_workspace/install/arm_pos_interfaces/include/arm_pos_interfaces/arm_pos_interfaces/msg/detail/arm_end_motion__struct.h
[0.491s] -- Up-to-date symlink: /home/harshit/mrt_ws/arm_workspace/install/arm_pos_interfaces/include/arm_pos_interfaces/arm_pos_interfaces/msg/detail/arm_end_motion__type_support.h
[0.492s] -- Up-to-date symlink: /home/harshit/mrt_ws/arm_workspace/install/arm_pos_interfaces/include/arm_pos_interfaces/arm_pos_interfaces/msg/detail/encoder_arm__functions.h
[0.492s] -- Up-to-date symlink: /home/harshit/mrt_ws/arm_workspace/install/arm_pos_interfaces/include/arm_pos_interfaces/arm_pos_interfaces/msg/detail/encoder_arm__struct.h
[0.492s] -- Up-to-date symlink: /home/harshit/mrt_ws/arm_workspace/install/arm_pos_interfaces/include/arm_pos_interfaces/arm_pos_interfaces/msg/detail/encoder_arm__type_support.h
[0.492s] -- Up-to-date symlink: /home/harshit/mrt_ws/arm_workspace/install/arm_pos_interfaces/include/arm_pos_interfaces/arm_pos_interfaces/msg/encoder_arm.h
[0.492s] -- Up-to-date symlink: /home/harshit/mrt_ws/arm_workspace/install/arm_pos_interfaces/include/arm_pos_interfaces/arm_pos_interfaces/msg/rosidl_generator_c__visibility_control.h
[0.492s] -- Up-to-date symlink: /home/harshit/mrt_ws/arm_workspace/install/arm_pos_interfaces/share/arm_pos_interfaces/environment/library_path.sh
[0.492s] -- Up-to-date symlink: /home/harshit/mrt_ws/arm_workspace/install/arm_pos_interfaces/share/arm_pos_interfaces/environment/library_path.dsv
[0.492s] -- Up-to-date symlink: /home/harshit/mrt_ws/arm_workspace/install/arm_pos_interfaces/include/arm_pos_interfaces/arm_pos_interfaces/msg/detail/arm_end_motion__rosidl_typesupport_fastrtps_c.h
[0.492s] -- Up-to-date symlink: /home/harshit/mrt_ws/arm_workspace/install/arm_pos_interfaces/include/arm_pos_interfaces/arm_pos_interfaces/msg/detail/encoder_arm__rosidl_typesupport_fastrtps_c.h
[0.492s] -- Up-to-date symlink: /home/harshit/mrt_ws/arm_workspace/install/arm_pos_interfaces/include/arm_pos_interfaces/arm_pos_interfaces/msg/rosidl_typesupport_fastrtps_c__visibility_control.h
[0.492s] -- Up-to-date symlink: /home/harshit/mrt_ws/arm_workspace/install/arm_pos_interfaces/include/arm_pos_interfaces/arm_pos_interfaces/msg/detail/arm_end_motion__rosidl_typesupport_introspection_c.h
[0.492s] -- Up-to-date symlink: /home/harshit/mrt_ws/arm_workspace/install/arm_pos_interfaces/include/arm_pos_interfaces/arm_pos_interfaces/msg/detail/encoder_arm__rosidl_typesupport_introspection_c.h
[0.493s] -- Up-to-date symlink: /home/harshit/mrt_ws/arm_workspace/install/arm_pos_interfaces/include/arm_pos_interfaces/arm_pos_interfaces/msg/rosidl_typesupport_introspection_c__visibility_control.h
[0.493s] -- Up-to-date symlink: /home/harshit/mrt_ws/arm_workspace/install/arm_pos_interfaces/include/arm_pos_interfaces/arm_pos_interfaces/msg/arm_end_motion.hpp
[0.493s] -- Up-to-date symlink: /home/harshit/mrt_ws/arm_workspace/install/arm_pos_interfaces/include/arm_pos_interfaces/arm_pos_interfaces/msg/detail/arm_end_motion__builder.hpp
[0.493s] -- Up-to-date symlink: /home/harshit/mrt_ws/arm_workspace/install/arm_pos_interfaces/include/arm_pos_interfaces/arm_pos_interfaces/msg/detail/arm_end_motion__struct.hpp
[0.493s] -- Up-to-date symlink: /home/harshit/mrt_ws/arm_workspace/install/arm_pos_interfaces/include/arm_pos_interfaces/arm_pos_interfaces/msg/detail/arm_end_motion__traits.hpp
[0.493s] -- Up-to-date symlink: /home/harshit/mrt_ws/arm_workspace/install/arm_pos_interfaces/include/arm_pos_interfaces/arm_pos_interfaces/msg/detail/arm_end_motion__type_support.hpp
[0.493s] -- Up-to-date symlink: /home/harshit/mrt_ws/arm_workspace/install/arm_pos_interfaces/include/arm_pos_interfaces/arm_pos_interfaces/msg/detail/encoder_arm__builder.hpp
[0.493s] -- Up-to-date symlink: /home/harshit/mrt_ws/arm_workspace/install/arm_pos_interfaces/include/arm_pos_interfaces/arm_pos_interfaces/msg/detail/encoder_arm__struct.hpp
[0.493s] -- Up-to-date symlink: /home/harshit/mrt_ws/arm_workspace/install/arm_pos_interfaces/include/arm_pos_interfaces/arm_pos_interfaces/msg/detail/encoder_arm__traits.hpp
[0.493s] -- Up-to-date symlink: /home/harshit/mrt_ws/arm_workspace/install/arm_pos_interfaces/include/arm_pos_interfaces/arm_pos_interfaces/msg/detail/encoder_arm__type_support.hpp
[0.493s] -- Up-to-date symlink: /home/harshit/mrt_ws/arm_workspace/install/arm_pos_interfaces/include/arm_pos_interfaces/arm_pos_interfaces/msg/encoder_arm.hpp
[0.493s] -- Up-to-date symlink: /home/harshit/mrt_ws/arm_workspace/install/arm_pos_interfaces/include/arm_pos_interfaces/arm_pos_interfaces/msg/rosidl_generator_cpp__visibility_control.hpp
[0.494s] -- Up-to-date symlink: /home/harshit/mrt_ws/arm_workspace/install/arm_pos_interfaces/include/arm_pos_interfaces/arm_pos_interfaces/msg/detail/arm_end_motion__rosidl_typesupport_fastrtps_cpp.hpp
[0.494s] -- Up-to-date symlink: /home/harshit/mrt_ws/arm_workspace/install/arm_pos_interfaces/include/arm_pos_interfaces/arm_pos_interfaces/msg/detail/encoder_arm__rosidl_typesupport_fastrtps_cpp.hpp
[0.494s] -- Up-to-date symlink: /home/harshit/mrt_ws/arm_workspace/install/arm_pos_interfaces/include/arm_pos_interfaces/arm_pos_interfaces/msg/rosidl_typesupport_fastrtps_cpp__visibility_control.h
[0.494s] -- Up-to-date symlink: /home/harshit/mrt_ws/arm_workspace/install/arm_pos_interfaces/include/arm_pos_interfaces/arm_pos_interfaces/msg/detail/arm_end_motion__rosidl_typesupport_introspection_cpp.hpp
[0.494s] -- Up-to-date symlink: /home/harshit/mrt_ws/arm_workspace/install/arm_pos_interfaces/include/arm_pos_interfaces/arm_pos_interfaces/msg/detail/encoder_arm__rosidl_typesupport_introspection_cpp.hpp
[0.494s] -- Up-to-date symlink: /home/harshit/mrt_ws/arm_workspace/install/arm_pos_interfaces/share/arm_pos_interfaces/environment/pythonpath.sh
[0.494s] -- Up-to-date symlink: /home/harshit/mrt_ws/arm_workspace/install/arm_pos_interfaces/share/arm_pos_interfaces/environment/pythonpath.dsv
[0.494s] -- Up-to-date symlink: /home/harshit/mrt_ws/arm_workspace/install/arm_pos_interfaces/local/lib/python3.10/dist-packages/arm_pos_interfaces-0.0.0-py3.10.egg-info/PKG-INFO
[0.494s] -- Up-to-date symlink: /home/harshit/mrt_ws/arm_workspace/install/arm_pos_interfaces/local/lib/python3.10/dist-packages/arm_pos_interfaces-0.0.0-py3.10.egg-info/SOURCES.txt
[0.494s] -- Up-to-date symlink: /home/harshit/mrt_ws/arm_workspace/install/arm_pos_interfaces/local/lib/python3.10/dist-packages/arm_pos_interfaces-0.0.0-py3.10.egg-info/dependency_links.txt
[0.494s] -- Up-to-date symlink: /home/harshit/mrt_ws/arm_workspace/install/arm_pos_interfaces/local/lib/python3.10/dist-packages/arm_pos_interfaces-0.0.0-py3.10.egg-info/top_level.txt
[0.495s] -- Up-to-date symlink: /home/harshit/mrt_ws/arm_workspace/install/arm_pos_interfaces/local/lib/python3.10/dist-packages/arm_pos_interfaces/__init__.py
[0.495s] -- Up-to-date symlink: /home/harshit/mrt_ws/arm_workspace/install/arm_pos_interfaces/local/lib/python3.10/dist-packages/arm_pos_interfaces/_arm_pos_interfaces_s.ep.rosidl_typesupport_c.c
[0.495s] -- Up-to-date symlink: /home/harshit/mrt_ws/arm_workspace/install/arm_pos_interfaces/local/lib/python3.10/dist-packages/arm_pos_interfaces/_arm_pos_interfaces_s.ep.rosidl_typesupport_fastrtps_c.c
[0.495s] -- Up-to-date symlink: /home/harshit/mrt_ws/arm_workspace/install/arm_pos_interfaces/local/lib/python3.10/dist-packages/arm_pos_interfaces/_arm_pos_interfaces_s.ep.rosidl_typesupport_introspection_c.c
[0.495s] -- Up-to-date symlink: /home/harshit/mrt_ws/arm_workspace/install/arm_pos_interfaces/local/lib/python3.10/dist-packages/arm_pos_interfaces/arm_pos_interfaces_s__rosidl_typesupport_c.cpython-310-x86_64-linux-gnu.so
[0.495s] -- Up-to-date symlink: /home/harshit/mrt_ws/arm_workspace/install/arm_pos_interfaces/local/lib/python3.10/dist-packages/arm_pos_interfaces/arm_pos_interfaces_s__rosidl_typesupport_fastrtps_c.cpython-310-x86_64-linux-gnu.so
[0.495s] -- Up-to-date symlink: /home/harshit/mrt_ws/arm_workspace/install/arm_pos_interfaces/local/lib/python3.10/dist-packages/arm_pos_interfaces/arm_pos_interfaces_s__rosidl_typesupport_introspection_c.cpython-310-x86_64-linux-gnu.so
[0.495s] -- Up-to-date symlink: /home/harshit/mrt_ws/arm_workspace/install/arm_pos_interfaces/local/lib/python3.10/dist-packages/arm_pos_interfaces/libarm_pos_interfaces__rosidl_generator_py.so
[0.495s] -- Up-to-date symlink: /home/harshit/mrt_ws/arm_workspace/install/arm_pos_interfaces/local/lib/python3.10/dist-packages/arm_pos_interfaces/msg/__init__.py
[0.495s] -- Up-to-date symlink: /home/harshit/mrt_ws/arm_workspace/install/arm_pos_interfaces/local/lib/python3.10/dist-packages/arm_pos_interfaces/msg/_arm_end_motion.py
[0.495s] -- Up-to-date symlink: /home/harshit/mrt_ws/arm_workspace/install/arm_pos_interfaces/local/lib/python3.10/dist-packages/arm_pos_interfaces/msg/_arm_end_motion_s.c
[0.495s] -- Up-to-date symlink: /home/harshit/mrt_ws/arm_workspace/install/arm_pos_interfaces/local/lib/python3.10/dist-packages/arm_pos_interfaces/msg/_encoder_arm.py
[0.495s] -- Up-to-date symlink: /home/harshit/mrt_ws/arm_workspace/install/arm_pos_interfaces/local/lib/python3.10/dist-packages/arm_pos_interfaces/msg/_encoder_arm_s.c
[0.496s] -- Up-to-date symlink: /home/harshit/mrt_ws/arm_workspace/install/arm_pos_interfaces/local/lib/python3.10/dist-packages/arm_pos_interfaces/arm_pos_interfaces_s__rosidl_typesupport_fastrtps_c.cpython-310-x86_64-linux-gnu.so
[0.496s] -- Up-to-date symlink: /home/harshit/mrt_ws/arm_workspace/install/arm_pos_interfaces/local/lib/python3.10/dist-packages/arm_pos_interfaces/arm_pos_interfaces_s__rosidl_typesupport_introspection_c.cpython-310-x86_64-linux-gnu.so
[0.496s] -- Up-to-date symlink: /home/harshit/mrt_ws/arm_workspace/install/arm_pos_interfaces/local/lib/python3.10/dist-packages/arm_pos_interfaces/arm_pos_interfaces_s__rosidl_typesupport_c.cpython-310-x86_64-linux-gnu.so
[0.496s] -- Up-to-date symlink: /home/harshit/mrt_ws/arm_workspace/install/arm_pos_interfaces/share/arm_pos_interfaces/msg/ArmEndMotion.idl
[0.496s] -- Up-to-date symlink: /home/harshit/mrt_ws/arm_workspace/install/arm_pos_interfaces/share/arm_pos_interfaces/msg/EncoderArm.idl
[0.496s] -- Up-to-date symlink: /home/harshit/mrt_ws/arm_workspace/install/arm_pos_interfaces/share/arm_pos_interfaces/msg/ArmEndMotion.msg
[0.496s] -- Up-to-date symlink: /home/harshit/mrt_ws/arm_workspace/install/arm_pos_interfaces/share/arm_pos_interfaces/msg/EncoderArm.msg
[0.496s] -- Up-to-date symlink: /home/harshit/mrt_ws/arm_workspace/install/arm_pos_interfaces/share/ament_index/resource_index/package_run_dependencies/arm_pos_interfaces
[0.496s] -- Up-to-date symlink: /home/harshit/mrt_ws/arm_workspace/install/arm_pos_interfaces/share/ament_index/resource_index/parent_prefix_path/arm_pos_interfaces
[0.496s] -- Up-to-date symlink: /home/harshit/mrt_ws/arm_workspace/install/arm_pos_interfaces/share/arm_pos_interfaces/environment/ament_prefix_path.sh
[0.496s] -- Up-to-date symlink: /home/harshit/mrt_ws/arm_workspace/install/arm_pos_interfaces/share/arm_pos_interfaces/environment/ament_prefix_path.dsv
[0.496s] -- Up-to-date symlink: /home/harshit/mrt_ws/arm_workspace/install/arm_pos_interfaces/share/arm_pos_interfaces/environment/path.sh
[0.497s] -- Up-to-date symlink: /home/harshit/mrt_ws/arm_workspace/install/arm_pos_interfaces/share/arm_pos_interfaces/environment/path.dsv
[0.497s] -- Up-to-date symlink: /home/harshit/mrt_ws/arm_workspace/install/arm_pos_interfaces/share/arm_pos_interfaces/local_setup.bash
[0.497s] -- Up-to-date symlink: /home/harshit/mrt_ws/arm_workspace/install/arm_pos_interfaces/share/arm_pos_interfaces/local_setup.sh
[0.497s] -- Up-to-date symlink: /home/harshit/mrt_ws/arm_workspace/install/arm_pos_interfaces/share/arm_pos_interfaces/local_setup.zsh
[0.497s] -- Up-to-date symlink: /home/harshit/mrt_ws/arm_workspace/install/arm_pos_interfaces/share/arm_pos_interfaces/local_setup.dsv
[0.497s] -- Symlinking: /home/harshit/mrt_ws/arm_workspace/install/arm_pos_interfaces/share/arm_pos_interfaces/package.dsv
[0.500s] -- Up-to-date symlink: /home/harshit/mrt_ws/arm_workspace/install/arm_pos_interfaces/share/ament_index/resource_index/packages/arm_pos_interfaces
[0.500s] -- Up-to-date symlink: /home/harshit/mrt_ws/arm_workspace/install/arm_pos_interfaces/share/arm_pos_interfaces/cmake/rosidl_cmake-extras.cmake
[0.500s] -- Up-to-date symlink: /home/harshit/mrt_ws/arm_workspace/install/arm_pos_interfaces/share/arm_pos_interfaces/cmake/ament_cmake_export_include_directories-extras.cmake
[0.500s] -- Up-to-date symlink: /home/harshit/mrt_ws/arm_workspace/install/arm_pos_interfaces/share/arm_pos_interfaces/cmake/ament_cmake_export_libraries-extras.cmake
[0.500s] -- Up-to-date symlink: /home/harshit/mrt_ws/arm_workspace/install/arm_pos_interfaces/share/arm_pos_interfaces/cmake/ament_cmake_export_targets-extras.cmake
[0.500s] -- Up-to-date symlink: /home/harshit/mrt_ws/arm_workspace/install/arm_pos_interfaces/share/arm_pos_interfaces/cmake/rosidl_cmake_export_typesupport_targets-extras.cmake
[0.500s] -- Up-to-date symlink: /home/harshit/mrt_ws/arm_workspace/install/arm_pos_interfaces/share/arm_pos_interfaces/cmake/ament_cmake_export_dependencies-extras.cmake
[0.500s] -- Up-to-date symlink: /home/harshit/mrt_ws/arm_workspace/install/arm_pos_interfaces/share/arm_pos_interfaces/cmake/rosidl_cmake_export_typesupport_libraries-extras.cmake
[0.500s] -- Up-to-date symlink: /home/harshit/mrt_ws/arm_workspace/install/arm_pos_interfaces/share/arm_pos_interfaces/cmake/arm_pos_interfacesConfig.cmake
[0.501s] -- Up-to-date symlink: /home/harshit/mrt_ws/arm_workspace/install/arm_pos_interfaces/share/arm_pos_interfaces/cmake/arm_pos_interfacesConfig-version.cmake
[0.501s] -- Up-to-date symlink: /home/harshit/mrt_ws/arm_workspace/install/arm_pos_interfaces/share/arm_pos_interfaces/package.xml
[0.501s] -- Up-to-date: /home/harshit/mrt_ws/arm_workspace/install/arm_pos_interfaces/lib/libarm_pos_interfaces__rosidl_generator_c.so
[0.501s] -- Up-to-date: /home/harshit/mrt_ws/arm_workspace/install/arm_pos_interfaces/lib/libarm_pos_interfaces__rosidl_typesupport_fastrtps_c.so
[0.501s] -- Up-to-date: /home/harshit/mrt_ws/arm_workspace/install/arm_pos_interfaces/lib/libarm_pos_interfaces__rosidl_typesupport_introspection_c.so
[0.501s] -- Up-to-date: /home/harshit/mrt_ws/arm_workspace/install/arm_pos_interfaces/lib/libarm_pos_interfaces__rosidl_typesupport_c.so
[0.501s] -- Up-to-date: /home/harshit/mrt_ws/arm_workspace/install/arm_pos_interfaces/lib/libarm_pos_interfaces__rosidl_typesupport_fastrtps_cpp.so
[0.501s] -- Up-to-date: /home/harshit/mrt_ws/arm_workspace/install/arm_pos_interfaces/lib/libarm_pos_interfaces__rosidl_typesupport_introspection_cpp.so
[0.502s] -- Up-to-date: /home/harshit/mrt_ws/arm_workspace/install/arm_pos_interfaces/lib/libarm_pos_interfaces__rosidl_typesupport_cpp.so
[0.534s] Listing '/home/harshit/mrt_ws/arm_workspace/install/arm_pos_interfaces/local/lib/python3.10/dist-packages/arm_pos_interfaces'...
[0.534s] Listing '/home/harshit/mrt_ws/arm_workspace/install/arm_pos_interfaces/local/lib/python3.10/dist-packages/arm_pos_interfaces/msg'...
[0.537s] -- Up-to-date: /home/harshit/mrt_ws/arm_workspace/install/arm_pos_interfaces/lib/libarm_pos_interfaces__rosidl_generator_py.so
[0.538s] -- Up-to-date: /home/harshit/mrt_ws/arm_workspace/install/arm_pos_interfaces/share/arm_pos_interfaces/cmake/export_arm_pos_interfaces__rosidl_generator_cExport.cmake
[0.538s] -- Up-to-date: /home/harshit/mrt_ws/arm_workspace/install/arm_pos_interfaces/share/arm_pos_interfaces/cmake/export_arm_pos_interfaces__rosidl_generator_cExport-noconfig.cmake
[0.538s] -- Up-to-date: /home/harshit/mrt_ws/arm_workspace/install/arm_pos_interfaces/share/arm_pos_interfaces/cmake/export_arm_pos_interfaces__rosidl_typesupport_fastrtps_cExport.cmake
[0.538s] -- Up-to-date: /home/harshit/mrt_ws/arm_workspace/install/arm_pos_interfaces/share/arm_pos_interfaces/cmake/export_arm_pos_interfaces__rosidl_typesupport_fastrtps_cExport-noconfig.cmake
[0.538s] -- Up-to-date: /home/harshit/mrt_ws/arm_workspace/install/arm_pos_interfaces/share/arm_pos_interfaces/cmake/arm_pos_interfaces__rosidl_typesupport_introspection_cExport.cmake
[0.538s] -- Up-to-date: /home/harshit/mrt_ws/arm_workspace/install/arm_pos_interfaces/share/arm_pos_interfaces/cmake/arm_pos_interfaces__rosidl_typesupport_introspection_cExport-noconfig.cmake
[0.538s] -- Up-to-date: /home/harshit/mrt_ws/arm_workspace/install/arm_pos_interfaces/share/arm_pos_interfaces/cmake/arm_pos_interfaces__rosidl_typesupport_cExport.cmake
[0.538s] -- Up-to-date: /home/harshit/mrt_ws/arm_workspace/install/arm_pos_interfaces/share/arm_pos_interfaces/cmake/arm_pos_interfaces__rosidl_typesupport_cExport-noconfig.cmake
[0.538s] -- Up-to-date: /home/harshit/mrt_ws/arm_workspace/install/arm_pos_interfaces/share/arm_pos_interfaces/cmake/export_arm_pos_interfaces__rosidl_generator_cppExport.cmake
[0.538s] -- Up-to-date: /home/harshit/mrt_ws/arm_workspace/install/arm_pos_interfaces/share/arm_pos_interfaces/cmake/export_arm_pos_interfaces__rosidl_typesupport_fastrtps_cppExport.cmake
[0.538s] -- Up-to-date: /home/harshit/mrt_ws/arm_workspace/install/arm_pos_interfaces/share/arm_pos_interfaces/cmake/export_arm_pos_interfaces__rosidl_typesupport_fastrtps_cppExport-noconfig.cmake
[0.538s] -- Up-to-date: /home/harshit/mrt_ws/arm_workspace/install/arm_pos_interfaces/share/arm_pos_interfaces/cmake/arm_pos_interfaces__rosidl_typesupport_introspection_cppExport.cmake
[0.538s] -- Up-to-date: /home/harshit/mrt_ws/arm_workspace/install/arm_pos_interfaces/share/arm_pos_interfaces/cmake/arm_pos_interfaces__rosidl_typesupport_introspection_cppExport-noconfig.cmake
[0.538s] -- Up-to-date: /home/harshit/mrt_ws/arm_workspace/install/arm_pos_interfaces/share/arm_pos_interfaces/cmake/arm_pos_interfaces__rosidl_typesupport_cppExport.cmake
[0.538s] -- Up-to-date: /home/harshit/mrt_ws/arm_workspace/install/arm_pos_interfaces/share/arm_pos_interfaces/cmake/arm_pos_interfaces__rosidl_typesupport_cppExport-noconfig.cmake
[0.538s] -- Up-to-date: /home/harshit/mrt_ws/arm_workspace/install/arm_pos_interfaces/share/arm_pos_interfaces/cmake/export_arm_pos_interfaces__rosidl_generator_pyExport.cmake
[0.538s] -- Up-to-date: /home/harshit/mrt_ws/arm_workspace/install/arm_pos_interfaces/share/arm_pos_interfaces/cmake/export_arm_pos_interfaces__rosidl_generator_pyExport-noconfig.cmake
[0.539s] Invoked command in '/home/harshit/mrt_ws/arm_workspace/build/arm_pos_interfaces' returned '0': CMAKE_PREFIX_PATH=${CMAKE_PREFIX_PATH}:/home/harshit/mrt_ws/arm_workspace/install/arm_pos_control:/home/harshit/mrt_ws/install/week1_tutorials:/home/harshit/mrt_ws/install/week0_tutorials:/home/harshit/mrt_ws/install/sauron:/home/harshit/mrt_ws/install/odom_tf_publisher:/home/harshit/mrt_ws/install/mrs_hudson:/home/harshit/mrt_ws/install/assgn:/home/harshit/mrt_ws/install/aruco_detection:/home/harshit/urdf_rviz/install/urdf_testing:/home/harshit/urdf_rviz/install/robot_car:/opt/ros/humble /usr/bin/cmake --install /home/harshit/mrt_ws/arm_workspace/build/arm_pos_interfaces
