[0.011s] Invoking command in '/home/harshit/mrt_ws/build/tutorial_interfaces': CMAKE_PREFIX_PATH=${CMAKE_PREFIX_PATH}:/home/harshit/mrt_ws/install/week0_tutorials:/home/harshit/mrt_ws/install/py_srvcli:/home/harshit/mrt_ws/install/sauron:/opt/ros/humble /usr/bin/cmake --build /home/harshit/mrt_ws/build/tutorial_interfaces -- -j8 -l8
[0.025s] -- Found rosidl_default_generators: 1.2.0 (/opt/ros/humble/share/rosidl_default_generators/cmake)
[0.026s] -- Found ament_cmake_core: 1.3.10 (/opt/ros/humble/share/ament_cmake_core/cmake)
[0.164s] -- Using all available rosidl_typesupport_c: rosidl_typesupport_fastrtps_c;rosidl_typesupport_introspection_c
[0.166s] -- Found rosidl_adapter: 3.1.5 (/opt/ros/humble/share/rosidl_adapter/cmake)
[0.192s] -- Using all available rosidl_typesupport_cpp: rosidl_typesupport_fastrtps_cpp;rosidl_typesupport_introspection_cpp
[0.211s] -- Found sensor_msgs: 4.2.4 (/opt/ros/humble/share/sensor_msgs/cmake)
[0.435s] [31mCMake Error at /opt/ros/humble/share/rosidl_adapter/cmake/rosidl_adapt_interfaces.cmake:59 (message):
[0.435s]   execute_process(/usr/bin/python3 -m rosidl_adapter --package-name
[0.435s]   tutorial_interfaces --arguments-file
[0.435s]   /home/harshit/mrt_ws/build/tutorial_interfaces/rosidl_adapter__arguments__tutorial_interfaces.json
[0.435s]   --output-dir
[0.435s]   /home/harshit/mrt_ws/build/tutorial_interfaces/rosidl_adapter/tutorial_interfaces
[0.435s]   --output-file
[0.435s]   /home/harshit/mrt_ws/build/tutorial_interfaces/rosidl_adapter/tutorial_interfaces.idls)
[0.435s]   returned error code 1:
[0.435s] 
[0.435s]   Error processing 'float x' of 'tutorial_interfaces/Point': ''float' is an
[0.435s]   invalid message name.  It should have the pattern '^[A-Z][A-Za-z0-9]*$''
[0.435s] 
[0.435s]   Traceback (most recent call last):
[0.435s] 
[0.435s]     File "/usr/lib/python3.10/runpy.py", line 196, in _run_module_as_main
[0.435s]       return _run_code(code, main_globals, None,
[0.436s]     File "/usr/lib/python3.10/runpy.py", line 86, in _run_code
[0.436s]       exec(code, run_globals)
[0.436s]     File "/opt/ros/humble/local/lib/python3.10/dist-packages/rosidl_adapter/__main__.py", line 19, in <module>
[0.436s]       sys.exit(main())
[0.436s]     File "/opt/ros/humble/local/lib/python3.10/dist-packages/rosidl_adapter/main.py", line 53, in main
[0.436s]       abs_idl_file = convert_to_idl(
[0.436s]     File "/opt/ros/humble/local/lib/python3.10/dist-packages/rosidl_adapter/__init__.py", line 19, in convert_to_idl
[0.436s]       return convert_msg_to_idl(
[0.436s]     File "/opt/ros/humble/local/lib/python3.10/dist-packages/rosidl_adapter/msg/__init__.py", line 28, in convert_msg_to_idl
[0.436s]       msg = parse_message_string(package_name, input_file.stem, content)
[0.436s]     File "/opt/ros/humble/local/lib/python3.10/dist-packages/rosidl_adapter/parser.py", line 520, in parse_message_string
[0.436s]       Type(type_string, context_package_name=pkg_name),
[0.436s]     File "/opt/ros/humble/local/lib/python3.10/dist-packages/rosidl_adapter/parser.py", line 277, in __init__
[0.436s]       super(Type, self).__init__(
[0.436s]     File "/opt/ros/humble/local/lib/python3.10/dist-packages/rosidl_adapter/parser.py", line 205, in __init__
[0.436s]       raise InvalidResourceName(
[0.436s] 
[0.437s]   rosidl_adapter.parser.InvalidResourceName: 'float' is an invalid message
[0.437s]   name.  It should have the pattern '^[A-Z][A-Za-z0-9]*$'
[0.437s] 
[0.437s] Call Stack (most recent call first):
[0.437s]   /opt/ros/humble/share/rosidl_cmake/cmake/rosidl_generate_interfaces.cmake:130 (rosidl_adapt_interfaces)
[0.437s]   CMakeLists.txt:7 (rosidl_generate_interfaces)
[0.437s] 
[0.437s] [0m
[0.437s] -- Configuring incomplete, errors occurred!
[0.438s] gmake: *** [Makefile:1395: cmake_check_build_system] Error 1
[0.439s] Invoked command in '/home/harshit/mrt_ws/build/tutorial_interfaces' returned '2': CMAKE_PREFIX_PATH=${CMAKE_PREFIX_PATH}:/home/harshit/mrt_ws/install/week0_tutorials:/home/harshit/mrt_ws/install/py_srvcli:/home/harshit/mrt_ws/install/sauron:/opt/ros/humble /usr/bin/cmake --build /home/harshit/mrt_ws/build/tutorial_interfaces -- -j8 -l8
