[0.523s] Invoking command in '/home/harshit/mrt_ws/arm_workspace/build/arm_pos_control': PYTHONPATH=/home/harshit/mrt_ws/arm_workspace/build/arm_pos_control/prefix_override:/usr/lib/python3/dist-packages/colcon_core/task/python/colcon_distutils_commands:/home/harshit/mrt_ws/arm_workspace/install/arm_pos_control/lib/python3.10/site-packages:${PYTHONPATH} /usr/bin/python3 -W ignore:setup.py install is deprecated -W ignore:easy_install command is deprecated setup.py develop --editable --build-directory /home/harshit/mrt_ws/arm_workspace/build/arm_pos_control/build --no-deps symlink_data --force
[0.703s] running develop
[0.829s] running egg_info
[0.829s] writing arm_pos_control.egg-info/PKG-INFO
[0.829s] writing dependency_links to arm_pos_control.egg-info/dependency_links.txt
[0.830s] writing entry points to arm_pos_control.egg-info/entry_points.txt
[0.830s] writing requirements to arm_pos_control.egg-info/requires.txt
[0.830s] writing top-level names to arm_pos_control.egg-info/top_level.txt
[0.831s] reading manifest file 'arm_pos_control.egg-info/SOURCES.txt'
[0.831s] writing manifest file 'arm_pos_control.egg-info/SOURCES.txt'
[0.853s] running build_ext
[0.853s] Creating /home/harshit/mrt_ws/arm_workspace/install/arm_pos_control/lib/python3.10/site-packages/arm-pos-control.egg-link (link to .)
[0.853s] Installing commander script to /home/harshit/mrt_ws/arm_workspace/install/arm_pos_control/lib/arm_pos_control
[0.853s] Installing pid_controller script to /home/harshit/mrt_ws/arm_workspace/install/arm_pos_control/lib/arm_pos_control
[0.853s] 
[0.853s] Installed /home/harshit/mrt_ws/arm_workspace/build/arm_pos_control
[0.853s] running symlink_data
[0.853s] symbolically linking /home/harshit/mrt_ws/arm_workspace/build/arm_pos_control/resource/arm_pos_control -> /home/harshit/mrt_ws/arm_workspace/install/arm_pos_control/share/ament_index/resource_index/packages
[0.853s] symbolically linking /home/harshit/mrt_ws/arm_workspace/build/arm_pos_control/package.xml -> /home/harshit/mrt_ws/arm_workspace/install/arm_pos_control/share/arm_pos_control
[0.879s] Invoked command in '/home/harshit/mrt_ws/arm_workspace/build/arm_pos_control' returned '0': PYTHONPATH=/home/harshit/mrt_ws/arm_workspace/build/arm_pos_control/prefix_override:/usr/lib/python3/dist-packages/colcon_core/task/python/colcon_distutils_commands:/home/harshit/mrt_ws/arm_workspace/install/arm_pos_control/lib/python3.10/site-packages:${PYTHONPATH} /usr/bin/python3 -W ignore:setup.py install is deprecated -W ignore:easy_install command is deprecated setup.py develop --editable --build-directory /home/harshit/mrt_ws/arm_workspace/build/arm_pos_control/build --no-deps symlink_data --force
