[0.242s] Invoking command in '/home/harshit/mrt_ws/arm_workspace/build/arm_pos_interfaces': CMAKE_PREFIX_PATH=${CMAKE_PREFIX_PATH}:/home/harshit/mrt_ws/install/week1_tutorials:/home/harshit/mrt_ws/install/week0_tutorials:/home/harshit/mrt_ws/install/sauron:/home/harshit/mrt_ws/install/odom_tf_publisher:/home/harshit/mrt_ws/install/mrs_hudson:/home/harshit/mrt_ws/install/assgn:/home/harshit/mrt_ws/install/aruco_detection:/home/harshit/mrt_ws/install/arm_pos_control:/home/harshit/urdf_rviz/install/urdf_testing:/home/harshit/urdf_rviz/install/robot_car:/home/harshit/mrt_ws/arm_workspace/install/arm_pos_control:/opt/ros/humble /usr/bin/cmake /home/harshit/mrt_ws/arm_workspace/src/arm_pos_interfaces -DAMENT_CMAKE_SYMLINK_INSTALL=1 -DCMAKE_INSTALL_PREFIX=/home/harshit/mrt_ws/arm_workspace/install/arm_pos_interfaces
[0.250s] -- Found ament_cmake: 1.3.12 (/opt/ros/humble/share/ament_cmake/cmake)
[0.465s] -- Override CMake install command with custom implementation using symlinks instead of copying resources
[0.471s] -- Found rosidl_default_generators: 1.2.0 (/opt/ros/humble/share/rosidl_default_generators/cmake)
[0.473s] -- Using all available rosidl_typesupport_c: rosidl_typesupport_fastrtps_c;rosidl_typesupport_introspection_c
[0.475s] -- Found rosidl_adapter: 3.1.7 (/opt/ros/humble/share/rosidl_adapter/cmake)
[0.500s] -- Using all available rosidl_typesupport_cpp: rosidl_typesupport_fastrtps_cpp;rosidl_typesupport_introspection_cpp
[0.980s] -- Found ament_cmake_ros: 0.10.0 (/opt/ros/humble/share/ament_cmake_ros/cmake)
[1.523s] -- Using all available rosidl_typesupport_c: rosidl_typesupport_fastrtps_c;rosidl_typesupport_introspection_c
[2.187s] -- Using all available rosidl_typesupport_cpp: rosidl_typesupport_fastrtps_cpp;rosidl_typesupport_introspection_cpp
[2.216s] -- Found python_cmake_module: 0.10.0 (/opt/ros/humble/share/python_cmake_module/cmake)
[2.242s] -- Using PYTHON_EXECUTABLE: /usr/bin/python3
[2.242s] -- Using PYTHON_INCLUDE_DIRS: /usr/include/python3.10
[2.242s] -- Using PYTHON_LIBRARIES: /usr/lib/x86_64-linux-gnu/libpython3.10.so
[2.254s] -- Found ament_lint_auto: 0.12.14 (/opt/ros/humble/share/ament_lint_auto/cmake)
[2.261s] -- Added test 'lint_cmake' to check CMake code style
[2.262s] -- Added test 'xmllint' to check XML markup files
[2.264s] -- Configuring done (2.0s)
[2.285s] -- Generating done (0.0s)
[2.290s] -- Build files have been written to: /home/harshit/mrt_ws/arm_workspace/build/arm_pos_interfaces
[2.295s] Invoked command in '/home/harshit/mrt_ws/arm_workspace/build/arm_pos_interfaces' returned '0': CMAKE_PREFIX_PATH=${CMAKE_PREFIX_PATH}:/home/harshit/mrt_ws/install/week1_tutorials:/home/harshit/mrt_ws/install/week0_tutorials:/home/harshit/mrt_ws/install/sauron:/home/harshit/mrt_ws/install/odom_tf_publisher:/home/harshit/mrt_ws/install/mrs_hudson:/home/harshit/mrt_ws/install/assgn:/home/harshit/mrt_ws/install/aruco_detection:/home/harshit/mrt_ws/install/arm_pos_control:/home/harshit/urdf_rviz/install/urdf_testing:/home/harshit/urdf_rviz/install/robot_car:/home/harshit/mrt_ws/arm_workspace/install/arm_pos_control:/opt/ros/humble /usr/bin/cmake /home/harshit/mrt_ws/arm_workspace/src/arm_pos_interfaces -DAMENT_CMAKE_SYMLINK_INSTALL=1 -DCMAKE_INSTALL_PREFIX=/home/harshit/mrt_ws/arm_workspace/install/arm_pos_interfaces
[2.297s] Invoking command in '/home/harshit/mrt_ws/arm_workspace/build/arm_pos_interfaces': CMAKE_PREFIX_PATH=${CMAKE_PREFIX_PATH}:/home/harshit/mrt_ws/install/week1_tutorials:/home/harshit/mrt_ws/install/week0_tutorials:/home/harshit/mrt_ws/install/sauron:/home/harshit/mrt_ws/install/odom_tf_publisher:/home/harshit/mrt_ws/install/mrs_hudson:/home/harshit/mrt_ws/install/assgn:/home/harshit/mrt_ws/install/aruco_detection:/home/harshit/mrt_ws/install/arm_pos_control:/home/harshit/urdf_rviz/install/urdf_testing:/home/harshit/urdf_rviz/install/robot_car:/home/harshit/mrt_ws/arm_workspace/install/arm_pos_control:/opt/ros/humble /usr/bin/cmake --build /home/harshit/mrt_ws/arm_workspace/build/arm_pos_interfaces -- -j8 -l8
[2.323s] [  2%] Built target arm_pos_interfaces__cpp
[2.324s] [ 12%] Built target arm_pos_interfaces__rosidl_generator_c
[2.328s] [ 12%] Built target ament_cmake_python_symlink_arm_pos_interfaces
[2.338s] [ 25%] Built target arm_pos_interfaces__rosidl_typesupport_introspection_c
[2.338s] [ 43%] Built target arm_pos_interfaces__rosidl_typesupport_cpp
[2.338s] [ 43%] Built target arm_pos_interfaces__rosidl_typesupport_introspection_cpp
[2.338s] [ 53%] Built target arm_pos_interfaces__rosidl_typesupport_fastrtps_cpp
[2.338s] [ 64%] Built target arm_pos_interfaces__rosidl_typesupport_c
[2.338s] [ 74%] Built target arm_pos_interfaces__rosidl_typesupport_fastrtps_c
[2.346s] [ 74%] Built target arm_pos_interfaces
[2.354s] [ 76%] Built target arm_pos_interfaces__py
[2.364s] [ 84%] Built target arm_pos_interfaces__rosidl_generator_py
[2.374s] [ 89%] Built target arm_pos_interfaces__rosidl_typesupport_introspection_c__pyext
[2.375s] [ 94%] Built target arm_pos_interfaces__rosidl_typesupport_c__pyext
[2.376s] [100%] Built target arm_pos_interfaces__rosidl_typesupport_fastrtps_c__pyext
[2.555s] running egg_info
[2.555s] writing arm_pos_interfaces.egg-info/PKG-INFO
[2.556s] writing dependency_links to arm_pos_interfaces.egg-info/dependency_links.txt
[2.556s] writing top-level names to arm_pos_interfaces.egg-info/top_level.txt
[2.557s] reading manifest file 'arm_pos_interfaces.egg-info/SOURCES.txt'
[2.558s] writing manifest file 'arm_pos_interfaces.egg-info/SOURCES.txt'
[2.575s] [100%] Built target ament_cmake_python_build_arm_pos_interfaces_egg
[2.579s] Invoked command in '/home/harshit/mrt_ws/arm_workspace/build/arm_pos_interfaces' returned '0': CMAKE_PREFIX_PATH=${CMAKE_PREFIX_PATH}:/home/harshit/mrt_ws/install/week1_tutorials:/home/harshit/mrt_ws/install/week0_tutorials:/home/harshit/mrt_ws/install/sauron:/home/harshit/mrt_ws/install/odom_tf_publisher:/home/harshit/mrt_ws/install/mrs_hudson:/home/harshit/mrt_ws/install/assgn:/home/harshit/mrt_ws/install/aruco_detection:/home/harshit/mrt_ws/install/arm_pos_control:/home/harshit/urdf_rviz/install/urdf_testing:/home/harshit/urdf_rviz/install/robot_car:/home/harshit/mrt_ws/arm_workspace/install/arm_pos_control:/opt/ros/humble /usr/bin/cmake --build /home/harshit/mrt_ws/arm_workspace/build/arm_pos_interfaces -- -j8 -l8
[2.583s] Invoking command in '/home/harshit/mrt_ws/arm_workspace/build/arm_pos_interfaces': CMAKE_PREFIX_PATH=${CMAKE_PREFIX_PATH}:/home/harshit/mrt_ws/install/week1_tutorials:/home/harshit/mrt_ws/install/week0_tutorials:/home/harshit/mrt_ws/install/sauron:/home/harshit/mrt_ws/install/odom_tf_publisher:/home/harshit/mrt_ws/install/mrs_hudson:/home/harshit/mrt_ws/install/assgn:/home/harshit/mrt_ws/install/aruco_detection:/home/harshit/mrt_ws/install/arm_pos_control:/home/harshit/urdf_rviz/install/urdf_testing:/home/harshit/urdf_rviz/install/robot_car:/home/harshit/mrt_ws/arm_workspace/install/arm_pos_control:/opt/ros/humble /usr/bin/cmake --install /home/harshit/mrt_ws/arm_workspace/build/arm_pos_interfaces
[2.585s] -- Install configuration: ""
[2.586s] -- Execute custom install script
[2.586s] -- Up-to-date symlink: /home/harshit/mrt_ws/arm_workspace/install/arm_pos_interfaces/share/ament_index/resource_index/rosidl_interfaces/arm_pos_interfaces
[2.586s] -- Up-to-date symlink: /home/harshit/mrt_ws/arm_workspace/install/arm_pos_interfaces/include/arm_pos_interfaces/arm_pos_interfaces/msg/arm_end_motion.h
[2.586s] -- Up-to-date symlink: /home/harshit/mrt_ws/arm_workspace/install/arm_pos_interfaces/include/arm_pos_interfaces/arm_pos_interfaces/msg/detail/arm_end_motion__functions.h
[2.586s] -- Up-to-date symlink: /home/harshit/mrt_ws/arm_workspace/install/arm_pos_interfaces/include/arm_pos_interfaces/arm_pos_interfaces/msg/detail/arm_end_motion__struct.h
[2.586s] -- Up-to-date symlink: /home/harshit/mrt_ws/arm_workspace/install/arm_pos_interfaces/include/arm_pos_interfaces/arm_pos_interfaces/msg/detail/arm_end_motion__type_support.h
[2.586s] -- Up-to-date symlink: /home/harshit/mrt_ws/arm_workspace/install/arm_pos_interfaces/include/arm_pos_interfaces/arm_pos_interfaces/msg/detail/encoder_arm__functions.h
[2.586s] -- Up-to-date symlink: /home/harshit/mrt_ws/arm_workspace/install/arm_pos_interfaces/include/arm_pos_interfaces/arm_pos_interfaces/msg/detail/encoder_arm__struct.h
[2.587s] -- Up-to-date symlink: /home/harshit/mrt_ws/arm_workspace/install/arm_pos_interfaces/include/arm_pos_interfaces/arm_pos_interfaces/msg/detail/encoder_arm__type_support.h
[2.587s] -- Up-to-date symlink: /home/harshit/mrt_ws/arm_workspace/install/arm_pos_interfaces/include/arm_pos_interfaces/arm_pos_interfaces/msg/encoder_arm.h
[2.587s] -- Up-to-date symlink: /home/harshit/mrt_ws/arm_workspace/install/arm_pos_interfaces/include/arm_pos_interfaces/arm_pos_interfaces/msg/rosidl_generator_c__visibility_control.h
[2.587s] -- Up-to-date symlink: /home/harshit/mrt_ws/arm_workspace/install/arm_pos_interfaces/share/arm_pos_interfaces/environment/library_path.sh
[2.587s] -- Up-to-date symlink: /home/harshit/mrt_ws/arm_workspace/install/arm_pos_interfaces/share/arm_pos_interfaces/environment/library_path.dsv
[2.587s] -- Up-to-date symlink: /home/harshit/mrt_ws/arm_workspace/install/arm_pos_interfaces/include/arm_pos_interfaces/arm_pos_interfaces/msg/detail/arm_end_motion__rosidl_typesupport_fastrtps_c.h
[2.587s] -- Up-to-date symlink: /home/harshit/mrt_ws/arm_workspace/install/arm_pos_interfaces/include/arm_pos_interfaces/arm_pos_interfaces/msg/detail/encoder_arm__rosidl_typesupport_fastrtps_c.h
[2.587s] -- Up-to-date symlink: /home/harshit/mrt_ws/arm_workspace/install/arm_pos_interfaces/include/arm_pos_interfaces/arm_pos_interfaces/msg/rosidl_typesupport_fastrtps_c__visibility_control.h
[2.588s] -- Up-to-date symlink: /home/harshit/mrt_ws/arm_workspace/install/arm_pos_interfaces/include/arm_pos_interfaces/arm_pos_interfaces/msg/detail/arm_end_motion__rosidl_typesupport_introspection_c.h
[2.588s] -- Up-to-date symlink: /home/harshit/mrt_ws/arm_workspace/install/arm_pos_interfaces/include/arm_pos_interfaces/arm_pos_interfaces/msg/detail/encoder_arm__rosidl_typesupport_introspection_c.h
[2.588s] -- Up-to-date symlink: /home/harshit/mrt_ws/arm_workspace/install/arm_pos_interfaces/include/arm_pos_interfaces/arm_pos_interfaces/msg/rosidl_typesupport_introspection_c__visibility_control.h
[2.588s] -- Up-to-date symlink: /home/harshit/mrt_ws/arm_workspace/install/arm_pos_interfaces/include/arm_pos_interfaces/arm_pos_interfaces/msg/arm_end_motion.hpp
[2.588s] -- Up-to-date symlink: /home/harshit/mrt_ws/arm_workspace/install/arm_pos_interfaces/include/arm_pos_interfaces/arm_pos_interfaces/msg/detail/arm_end_motion__builder.hpp
[2.588s] -- Up-to-date symlink: /home/harshit/mrt_ws/arm_workspace/install/arm_pos_interfaces/include/arm_pos_interfaces/arm_pos_interfaces/msg/detail/arm_end_motion__struct.hpp
[2.588s] -- Up-to-date symlink: /home/harshit/mrt_ws/arm_workspace/install/arm_pos_interfaces/include/arm_pos_interfaces/arm_pos_interfaces/msg/detail/arm_end_motion__traits.hpp
[2.589s] -- Up-to-date symlink: /home/harshit/mrt_ws/arm_workspace/install/arm_pos_interfaces/include/arm_pos_interfaces/arm_pos_interfaces/msg/detail/arm_end_motion__type_support.hpp
[2.589s] -- Up-to-date symlink: /home/harshit/mrt_ws/arm_workspace/install/arm_pos_interfaces/include/arm_pos_interfaces/arm_pos_interfaces/msg/detail/encoder_arm__builder.hpp
[2.589s] -- Up-to-date symlink: /home/harshit/mrt_ws/arm_workspace/install/arm_pos_interfaces/include/arm_pos_interfaces/arm_pos_interfaces/msg/detail/encoder_arm__struct.hpp
[2.589s] -- Up-to-date symlink: /home/harshit/mrt_ws/arm_workspace/install/arm_pos_interfaces/include/arm_pos_interfaces/arm_pos_interfaces/msg/detail/encoder_arm__traits.hpp
[2.589s] -- Up-to-date symlink: /home/harshit/mrt_ws/arm_workspace/install/arm_pos_interfaces/include/arm_pos_interfaces/arm_pos_interfaces/msg/detail/encoder_arm__type_support.hpp
[2.589s] -- Up-to-date symlink: /home/harshit/mrt_ws/arm_workspace/install/arm_pos_interfaces/include/arm_pos_interfaces/arm_pos_interfaces/msg/encoder_arm.hpp
[2.589s] -- Up-to-date symlink: /home/harshit/mrt_ws/arm_workspace/install/arm_pos_interfaces/include/arm_pos_interfaces/arm_pos_interfaces/msg/rosidl_generator_cpp__visibility_control.hpp
[2.589s] -- Up-to-date symlink: /home/harshit/mrt_ws/arm_workspace/install/arm_pos_interfaces/include/arm_pos_interfaces/arm_pos_interfaces/msg/detail/arm_end_motion__rosidl_typesupport_fastrtps_cpp.hpp
[2.589s] -- Up-to-date symlink: /home/harshit/mrt_ws/arm_workspace/install/arm_pos_interfaces/include/arm_pos_interfaces/arm_pos_interfaces/msg/detail/encoder_arm__rosidl_typesupport_fastrtps_cpp.hpp
[2.589s] -- Up-to-date symlink: /home/harshit/mrt_ws/arm_workspace/install/arm_pos_interfaces/include/arm_pos_interfaces/arm_pos_interfaces/msg/rosidl_typesupport_fastrtps_cpp__visibility_control.h
[2.589s] -- Up-to-date symlink: /home/harshit/mrt_ws/arm_workspace/install/arm_pos_interfaces/include/arm_pos_interfaces/arm_pos_interfaces/msg/detail/arm_end_motion__rosidl_typesupport_introspection_cpp.hpp
[2.590s] -- Up-to-date symlink: /home/harshit/mrt_ws/arm_workspace/install/arm_pos_interfaces/include/arm_pos_interfaces/arm_pos_interfaces/msg/detail/encoder_arm__rosidl_typesupport_introspection_cpp.hpp
[2.590s] -- Up-to-date symlink: /home/harshit/mrt_ws/arm_workspace/install/arm_pos_interfaces/share/arm_pos_interfaces/environment/pythonpath.sh
[2.590s] -- Up-to-date symlink: /home/harshit/mrt_ws/arm_workspace/install/arm_pos_interfaces/share/arm_pos_interfaces/environment/pythonpath.dsv
[2.590s] -- Up-to-date symlink: /home/harshit/mrt_ws/arm_workspace/install/arm_pos_interfaces/local/lib/python3.10/dist-packages/arm_pos_interfaces-0.0.0-py3.10.egg-info/PKG-INFO
[2.590s] -- Up-to-date symlink: /home/harshit/mrt_ws/arm_workspace/install/arm_pos_interfaces/local/lib/python3.10/dist-packages/arm_pos_interfaces-0.0.0-py3.10.egg-info/SOURCES.txt
[2.590s] -- Up-to-date symlink: /home/harshit/mrt_ws/arm_workspace/install/arm_pos_interfaces/local/lib/python3.10/dist-packages/arm_pos_interfaces-0.0.0-py3.10.egg-info/dependency_links.txt
[2.590s] -- Up-to-date symlink: /home/harshit/mrt_ws/arm_workspace/install/arm_pos_interfaces/local/lib/python3.10/dist-packages/arm_pos_interfaces-0.0.0-py3.10.egg-info/top_level.txt
[2.590s] -- Up-to-date symlink: /home/harshit/mrt_ws/arm_workspace/install/arm_pos_interfaces/local/lib/python3.10/dist-packages/arm_pos_interfaces/__init__.py
[2.591s] -- Up-to-date symlink: /home/harshit/mrt_ws/arm_workspace/install/arm_pos_interfaces/local/lib/python3.10/dist-packages/arm_pos_interfaces/_arm_pos_interfaces_s.ep.rosidl_typesupport_c.c
[2.591s] -- Up-to-date symlink: /home/harshit/mrt_ws/arm_workspace/install/arm_pos_interfaces/local/lib/python3.10/dist-packages/arm_pos_interfaces/_arm_pos_interfaces_s.ep.rosidl_typesupport_fastrtps_c.c
[2.591s] -- Up-to-date symlink: /home/harshit/mrt_ws/arm_workspace/install/arm_pos_interfaces/local/lib/python3.10/dist-packages/arm_pos_interfaces/_arm_pos_interfaces_s.ep.rosidl_typesupport_introspection_c.c
[2.591s] -- Up-to-date symlink: /home/harshit/mrt_ws/arm_workspace/install/arm_pos_interfaces/local/lib/python3.10/dist-packages/arm_pos_interfaces/arm_pos_interfaces_s__rosidl_typesupport_c.cpython-310-x86_64-linux-gnu.so
[2.591s] -- Up-to-date symlink: /home/harshit/mrt_ws/arm_workspace/install/arm_pos_interfaces/local/lib/python3.10/dist-packages/arm_pos_interfaces/arm_pos_interfaces_s__rosidl_typesupport_fastrtps_c.cpython-310-x86_64-linux-gnu.so
[2.591s] -- Up-to-date symlink: /home/harshit/mrt_ws/arm_workspace/install/arm_pos_interfaces/local/lib/python3.10/dist-packages/arm_pos_interfaces/arm_pos_interfaces_s__rosidl_typesupport_introspection_c.cpython-310-x86_64-linux-gnu.so
[2.591s] -- Up-to-date symlink: /home/harshit/mrt_ws/arm_workspace/install/arm_pos_interfaces/local/lib/python3.10/dist-packages/arm_pos_interfaces/libarm_pos_interfaces__rosidl_generator_py.so
[2.591s] -- Up-to-date symlink: /home/harshit/mrt_ws/arm_workspace/install/arm_pos_interfaces/local/lib/python3.10/dist-packages/arm_pos_interfaces/msg/__init__.py
[2.591s] -- Up-to-date symlink: /home/harshit/mrt_ws/arm_workspace/install/arm_pos_interfaces/local/lib/python3.10/dist-packages/arm_pos_interfaces/msg/_arm_end_motion.py
[2.591s] -- Up-to-date symlink: /home/harshit/mrt_ws/arm_workspace/install/arm_pos_interfaces/local/lib/python3.10/dist-packages/arm_pos_interfaces/msg/_arm_end_motion_s.c
[2.591s] -- Up-to-date symlink: /home/harshit/mrt_ws/arm_workspace/install/arm_pos_interfaces/local/lib/python3.10/dist-packages/arm_pos_interfaces/msg/_encoder_arm.py
[2.591s] -- Up-to-date symlink: /home/harshit/mrt_ws/arm_workspace/install/arm_pos_interfaces/local/lib/python3.10/dist-packages/arm_pos_interfaces/msg/_encoder_arm_s.c
[2.591s] -- Up-to-date symlink: /home/harshit/mrt_ws/arm_workspace/install/arm_pos_interfaces/local/lib/python3.10/dist-packages/arm_pos_interfaces/arm_pos_interfaces_s__rosidl_typesupport_fastrtps_c.cpython-310-x86_64-linux-gnu.so
[2.591s] -- Up-to-date symlink: /home/harshit/mrt_ws/arm_workspace/install/arm_pos_interfaces/local/lib/python3.10/dist-packages/arm_pos_interfaces/arm_pos_interfaces_s__rosidl_typesupport_introspection_c.cpython-310-x86_64-linux-gnu.so
[2.592s] -- Up-to-date symlink: /home/harshit/mrt_ws/arm_workspace/install/arm_pos_interfaces/local/lib/python3.10/dist-packages/arm_pos_interfaces/arm_pos_interfaces_s__rosidl_typesupport_c.cpython-310-x86_64-linux-gnu.so
[2.592s] -- Up-to-date symlink: /home/harshit/mrt_ws/arm_workspace/install/arm_pos_interfaces/share/arm_pos_interfaces/msg/ArmEndMotion.idl
[2.592s] -- Up-to-date symlink: /home/harshit/mrt_ws/arm_workspace/install/arm_pos_interfaces/share/arm_pos_interfaces/msg/EncoderArm.idl
[2.592s] -- Up-to-date symlink: /home/harshit/mrt_ws/arm_workspace/install/arm_pos_interfaces/share/arm_pos_interfaces/msg/ArmEndMotion.msg
[2.592s] -- Up-to-date symlink: /home/harshit/mrt_ws/arm_workspace/install/arm_pos_interfaces/share/arm_pos_interfaces/msg/EncoderArm.msg
[2.592s] -- Up-to-date symlink: /home/harshit/mrt_ws/arm_workspace/install/arm_pos_interfaces/share/ament_index/resource_index/package_run_dependencies/arm_pos_interfaces
[2.592s] -- Up-to-date symlink: /home/harshit/mrt_ws/arm_workspace/install/arm_pos_interfaces/share/ament_index/resource_index/parent_prefix_path/arm_pos_interfaces
[2.592s] -- Up-to-date symlink: /home/harshit/mrt_ws/arm_workspace/install/arm_pos_interfaces/share/arm_pos_interfaces/environment/ament_prefix_path.sh
[2.592s] -- Up-to-date symlink: /home/harshit/mrt_ws/arm_workspace/install/arm_pos_interfaces/share/arm_pos_interfaces/environment/ament_prefix_path.dsv
[2.592s] -- Up-to-date symlink: /home/harshit/mrt_ws/arm_workspace/install/arm_pos_interfaces/share/arm_pos_interfaces/environment/path.sh
[2.592s] -- Up-to-date symlink: /home/harshit/mrt_ws/arm_workspace/install/arm_pos_interfaces/share/arm_pos_interfaces/environment/path.dsv
[2.592s] -- Up-to-date symlink: /home/harshit/mrt_ws/arm_workspace/install/arm_pos_interfaces/share/arm_pos_interfaces/local_setup.bash
[2.593s] -- Up-to-date symlink: /home/harshit/mrt_ws/arm_workspace/install/arm_pos_interfaces/share/arm_pos_interfaces/local_setup.sh
[2.593s] -- Up-to-date symlink: /home/harshit/mrt_ws/arm_workspace/install/arm_pos_interfaces/share/arm_pos_interfaces/local_setup.zsh
[2.593s] -- Up-to-date symlink: /home/harshit/mrt_ws/arm_workspace/install/arm_pos_interfaces/share/arm_pos_interfaces/local_setup.dsv
[2.593s] -- Symlinking: /home/harshit/mrt_ws/arm_workspace/install/arm_pos_interfaces/share/arm_pos_interfaces/package.dsv
[2.595s] -- Up-to-date symlink: /home/harshit/mrt_ws/arm_workspace/install/arm_pos_interfaces/share/ament_index/resource_index/packages/arm_pos_interfaces
[2.595s] -- Up-to-date symlink: /home/harshit/mrt_ws/arm_workspace/install/arm_pos_interfaces/share/arm_pos_interfaces/cmake/rosidl_cmake-extras.cmake
[2.595s] -- Up-to-date symlink: /home/harshit/mrt_ws/arm_workspace/install/arm_pos_interfaces/share/arm_pos_interfaces/cmake/ament_cmake_export_include_directories-extras.cmake
[2.595s] -- Up-to-date symlink: /home/harshit/mrt_ws/arm_workspace/install/arm_pos_interfaces/share/arm_pos_interfaces/cmake/ament_cmake_export_libraries-extras.cmake
[2.596s] -- Up-to-date symlink: /home/harshit/mrt_ws/arm_workspace/install/arm_pos_interfaces/share/arm_pos_interfaces/cmake/ament_cmake_export_targets-extras.cmake
[2.596s] -- Up-to-date symlink: /home/harshit/mrt_ws/arm_workspace/install/arm_pos_interfaces/share/arm_pos_interfaces/cmake/rosidl_cmake_export_typesupport_targets-extras.cmake
[2.596s] -- Up-to-date symlink: /home/harshit/mrt_ws/arm_workspace/install/arm_pos_interfaces/share/arm_pos_interfaces/cmake/ament_cmake_export_dependencies-extras.cmake
[2.596s] -- Up-to-date symlink: /home/harshit/mrt_ws/arm_workspace/install/arm_pos_interfaces/share/arm_pos_interfaces/cmake/rosidl_cmake_export_typesupport_libraries-extras.cmake
[2.596s] -- Up-to-date symlink: /home/harshit/mrt_ws/arm_workspace/install/arm_pos_interfaces/share/arm_pos_interfaces/cmake/arm_pos_interfacesConfig.cmake
[2.596s] -- Up-to-date symlink: /home/harshit/mrt_ws/arm_workspace/install/arm_pos_interfaces/share/arm_pos_interfaces/cmake/arm_pos_interfacesConfig-version.cmake
[2.596s] -- Up-to-date symlink: /home/harshit/mrt_ws/arm_workspace/install/arm_pos_interfaces/share/arm_pos_interfaces/package.xml
[2.596s] -- Up-to-date: /home/harshit/mrt_ws/arm_workspace/install/arm_pos_interfaces/lib/libarm_pos_interfaces__rosidl_generator_c.so
[2.596s] -- Up-to-date: /home/harshit/mrt_ws/arm_workspace/install/arm_pos_interfaces/lib/libarm_pos_interfaces__rosidl_typesupport_fastrtps_c.so
[2.596s] -- Up-to-date: /home/harshit/mrt_ws/arm_workspace/install/arm_pos_interfaces/lib/libarm_pos_interfaces__rosidl_typesupport_introspection_c.so
[2.596s] -- Up-to-date: /home/harshit/mrt_ws/arm_workspace/install/arm_pos_interfaces/lib/libarm_pos_interfaces__rosidl_typesupport_c.so
[2.597s] -- Up-to-date: /home/harshit/mrt_ws/arm_workspace/install/arm_pos_interfaces/lib/libarm_pos_interfaces__rosidl_typesupport_fastrtps_cpp.so
[2.597s] -- Up-to-date: /home/harshit/mrt_ws/arm_workspace/install/arm_pos_interfaces/lib/libarm_pos_interfaces__rosidl_typesupport_introspection_cpp.so
[2.597s] -- Up-to-date: /home/harshit/mrt_ws/arm_workspace/install/arm_pos_interfaces/lib/libarm_pos_interfaces__rosidl_typesupport_cpp.so
[2.631s] Listing '/home/harshit/mrt_ws/arm_workspace/install/arm_pos_interfaces/local/lib/python3.10/dist-packages/arm_pos_interfaces'...
[2.632s] Compiling '/home/harshit/mrt_ws/arm_workspace/install/arm_pos_interfaces/local/lib/python3.10/dist-packages/arm_pos_interfaces/__init__.py'...
[2.632s] Listing '/home/harshit/mrt_ws/arm_workspace/install/arm_pos_interfaces/local/lib/python3.10/dist-packages/arm_pos_interfaces/msg'...
[2.635s] -- Up-to-date: /home/harshit/mrt_ws/arm_workspace/install/arm_pos_interfaces/lib/libarm_pos_interfaces__rosidl_generator_py.so
[2.635s] -- Up-to-date: /home/harshit/mrt_ws/arm_workspace/install/arm_pos_interfaces/share/arm_pos_interfaces/cmake/export_arm_pos_interfaces__rosidl_generator_cExport.cmake
[2.635s] -- Up-to-date: /home/harshit/mrt_ws/arm_workspace/install/arm_pos_interfaces/share/arm_pos_interfaces/cmake/export_arm_pos_interfaces__rosidl_generator_cExport-noconfig.cmake
[2.635s] -- Up-to-date: /home/harshit/mrt_ws/arm_workspace/install/arm_pos_interfaces/share/arm_pos_interfaces/cmake/export_arm_pos_interfaces__rosidl_typesupport_fastrtps_cExport.cmake
[2.635s] -- Up-to-date: /home/harshit/mrt_ws/arm_workspace/install/arm_pos_interfaces/share/arm_pos_interfaces/cmake/export_arm_pos_interfaces__rosidl_typesupport_fastrtps_cExport-noconfig.cmake
[2.635s] -- Up-to-date: /home/harshit/mrt_ws/arm_workspace/install/arm_pos_interfaces/share/arm_pos_interfaces/cmake/arm_pos_interfaces__rosidl_typesupport_introspection_cExport.cmake
[2.635s] -- Up-to-date: /home/harshit/mrt_ws/arm_workspace/install/arm_pos_interfaces/share/arm_pos_interfaces/cmake/arm_pos_interfaces__rosidl_typesupport_introspection_cExport-noconfig.cmake
[2.636s] -- Up-to-date: /home/harshit/mrt_ws/arm_workspace/install/arm_pos_interfaces/share/arm_pos_interfaces/cmake/arm_pos_interfaces__rosidl_typesupport_cExport.cmake
[2.636s] -- Up-to-date: /home/harshit/mrt_ws/arm_workspace/install/arm_pos_interfaces/share/arm_pos_interfaces/cmake/arm_pos_interfaces__rosidl_typesupport_cExport-noconfig.cmake
[2.636s] -- Up-to-date: /home/harshit/mrt_ws/arm_workspace/install/arm_pos_interfaces/share/arm_pos_interfaces/cmake/export_arm_pos_interfaces__rosidl_generator_cppExport.cmake
[2.636s] -- Up-to-date: /home/harshit/mrt_ws/arm_workspace/install/arm_pos_interfaces/share/arm_pos_interfaces/cmake/export_arm_pos_interfaces__rosidl_typesupport_fastrtps_cppExport.cmake
[2.636s] -- Up-to-date: /home/harshit/mrt_ws/arm_workspace/install/arm_pos_interfaces/share/arm_pos_interfaces/cmake/export_arm_pos_interfaces__rosidl_typesupport_fastrtps_cppExport-noconfig.cmake
[2.636s] -- Up-to-date: /home/harshit/mrt_ws/arm_workspace/install/arm_pos_interfaces/share/arm_pos_interfaces/cmake/arm_pos_interfaces__rosidl_typesupport_introspection_cppExport.cmake
[2.636s] -- Up-to-date: /home/harshit/mrt_ws/arm_workspace/install/arm_pos_interfaces/share/arm_pos_interfaces/cmake/arm_pos_interfaces__rosidl_typesupport_introspection_cppExport-noconfig.cmake
[2.636s] -- Up-to-date: /home/harshit/mrt_ws/arm_workspace/install/arm_pos_interfaces/share/arm_pos_interfaces/cmake/arm_pos_interfaces__rosidl_typesupport_cppExport.cmake
[2.636s] -- Up-to-date: /home/harshit/mrt_ws/arm_workspace/install/arm_pos_interfaces/share/arm_pos_interfaces/cmake/arm_pos_interfaces__rosidl_typesupport_cppExport-noconfig.cmake
[2.636s] -- Up-to-date: /home/harshit/mrt_ws/arm_workspace/install/arm_pos_interfaces/share/arm_pos_interfaces/cmake/export_arm_pos_interfaces__rosidl_generator_pyExport.cmake
[2.636s] -- Up-to-date: /home/harshit/mrt_ws/arm_workspace/install/arm_pos_interfaces/share/arm_pos_interfaces/cmake/export_arm_pos_interfaces__rosidl_generator_pyExport-noconfig.cmake
[2.638s] Invoked command in '/home/harshit/mrt_ws/arm_workspace/build/arm_pos_interfaces' returned '0': CMAKE_PREFIX_PATH=${CMAKE_PREFIX_PATH}:/home/harshit/mrt_ws/install/week1_tutorials:/home/harshit/mrt_ws/install/week0_tutorials:/home/harshit/mrt_ws/install/sauron:/home/harshit/mrt_ws/install/odom_tf_publisher:/home/harshit/mrt_ws/install/mrs_hudson:/home/harshit/mrt_ws/install/assgn:/home/harshit/mrt_ws/install/aruco_detection:/home/harshit/mrt_ws/install/arm_pos_control:/home/harshit/urdf_rviz/install/urdf_testing:/home/harshit/urdf_rviz/install/robot_car:/home/harshit/mrt_ws/arm_workspace/install/arm_pos_control:/opt/ros/humble /usr/bin/cmake --install /home/harshit/mrt_ws/arm_workspace/build/arm_pos_interfaces
