[0.015s] Invoking command in '/home/harshit/mrt_ws/build/aruco_detection_interfaces': CMAKE_PREFIX_PATH=${CMAKE_PREFIX_PATH}:/home/harshit/mrt_ws/install/week0_tutorials:/home/harshit/mrt_ws/install/sauron:/home/harshit/mrt_ws/install/aruco_detection:/opt/ros/humble /usr/bin/cmake --build /home/harshit/mrt_ws/build/aruco_detection_interfaces -- -j8 -l8
[0.196s] -- Found rosidl_default_generators: 1.2.0 (/opt/ros/humble/share/rosidl_default_generators/cmake)
[0.196s] -- Found ament_cmake_core: 1.3.10 (/opt/ros/humble/share/ament_cmake_core/cmake)
[0.196s] -- Using all available rosidl_typesupport_c: rosidl_typesupport_fastrtps_c;rosidl_typesupport_introspection_c
[0.196s] -- Found rosidl_adapter: 3.1.5 (/opt/ros/humble/share/rosidl_adapter/cmake)
[0.196s] -- Using all available rosidl_typesupport_cpp: rosidl_typesupport_fastrtps_cpp;rosidl_typesupport_introspection_cpp
[0.213s] -- Found sensor_msgs: 4.2.4 (/opt/ros/humble/share/sensor_msgs/cmake)
[0.589s] -- Found ament_cmake_ros: 0.10.0 (/opt/ros/humble/share/ament_cmake_ros/cmake)
[0.991s] -- Using all available rosidl_typesupport_c: rosidl_typesupport_fastrtps_c;rosidl_typesupport_introspection_c
[1.472s] -- Using all available rosidl_typesupport_cpp: rosidl_typesupport_fastrtps_cpp;rosidl_typesupport_introspection_cpp
[1.473s] [33mCMake Warning (dev) at /opt/ros/humble/share/rosidl_generator_py/cmake/rosidl_generator_py_generate_interfaces.cmake:20 (find_package):
[1.473s]   Policy CMP0148 is not set: The FindPythonInterp and FindPythonLibs modules
[1.473s]   are removed.  Run "cmake --help-policy CMP0148" for policy details.  Use
[1.473s]   the cmake_policy command to set the policy and suppress this warning.
[1.473s] 
[1.473s] Call Stack (most recent call first):
[1.473s]   /opt/ros/humble/share/ament_cmake_core/cmake/core/ament_execute_extensions.cmake:48 (include)
[1.473s]   /opt/ros/humble/share/rosidl_cmake/cmake/rosidl_generate_interfaces.cmake:286 (ament_execute_extensions)
[1.473s]   CMakeLists.txt:7 (rosidl_generate_interfaces)
[1.473s] This warning is for project developers.  Use -Wno-dev to suppress it.
[1.473s] [0m
[1.487s] -- Found python_cmake_module: 0.10.0 (/opt/ros/humble/share/python_cmake_module/cmake)
[1.487s] [33mCMake Warning (dev) at /opt/ros/humble/share/python_cmake_module/cmake/Modules/FindPythonExtra.cmake:52 (find_package):
[1.487s]   Policy CMP0148 is not set: The FindPythonInterp and FindPythonLibs modules
[1.487s]   are removed.  Run "cmake --help-policy CMP0148" for policy details.  Use
[1.488s]   the cmake_policy command to set the policy and suppress this warning.
[1.488s] 
[1.488s] Call Stack (most recent call first):
[1.488s]   /opt/ros/humble/share/rosidl_generator_py/cmake/rosidl_generator_py_generate_interfaces.cmake:23 (find_package)
[1.488s]   /opt/ros/humble/share/ament_cmake_core/cmake/core/ament_execute_extensions.cmake:48 (include)
[1.488s]   /opt/ros/humble/share/rosidl_cmake/cmake/rosidl_generate_interfaces.cmake:286 (ament_execute_extensions)
[1.488s]   CMakeLists.txt:7 (rosidl_generate_interfaces)
[1.488s] This warning is for project developers.  Use -Wno-dev to suppress it.
[1.488s] [0m
[1.501s] [33mCMake Warning (dev) at /opt/ros/humble/share/python_cmake_module/cmake/Modules/FindPythonExtra.cmake:140 (find_package):
[1.501s]   Policy CMP0148 is not set: The FindPythonInterp and FindPythonLibs modules
[1.501s]   are removed.  Run "cmake --help-policy CMP0148" for policy details.  Use
[1.501s]   the cmake_policy command to set the policy and suppress this warning.
[1.501s] 
[1.501s] Call Stack (most recent call first):
[1.501s]   /opt/ros/humble/share/rosidl_generator_py/cmake/rosidl_generator_py_generate_interfaces.cmake:23 (find_package)
[1.502s]   /opt/ros/humble/share/ament_cmake_core/cmake/core/ament_execute_extensions.cmake:48 (include)
[1.502s]   /opt/ros/humble/share/rosidl_cmake/cmake/rosidl_generate_interfaces.cmake:286 (ament_execute_extensions)
[1.502s]   CMakeLists.txt:7 (rosidl_generate_interfaces)
[1.502s] This warning is for project developers.  Use -Wno-dev to suppress it.
[1.502s] [0m
[1.502s] -- Using PYTHON_EXECUTABLE: /usr/bin/python3
[1.502s] -- Using PYTHON_INCLUDE_DIRS: /usr/include/python3.10
[1.502s] -- Using PYTHON_LIBRARIES: /usr/lib/x86_64-linux-gnu/libpython3.10.so
[1.541s] -- Found ament_lint_auto: 0.12.11 (/opt/ros/humble/share/ament_lint_auto/cmake)
[1.547s] -- Added test 'lint_cmake' to check CMake code style
[1.548s] -- Added test 'xmllint' to check XML markup files
[1.549s] -- Configuring done (1.5s)
[1.581s] -- Generating done (0.0s)
[1.581s] -- Build files have been written to: /home/harshit/mrt_ws/build/aruco_detection_interfaces
[1.593s] [  1%] [34m[1mGenerating C code for ROS interfaces[0m
[1.598s] [  3%] [34m[1mGenerating C++ code for ROS interfaces[0m
[1.600s] [  3%] Built target ament_cmake_python_copy_aruco_detection_interfaces
[1.781s] running egg_info
[1.781s] writing aruco_detection_interfaces.egg-info/PKG-INFO
[1.781s] writing dependency_links to aruco_detection_interfaces.egg-info/dependency_links.txt
[1.781s] writing top-level names to aruco_detection_interfaces.egg-info/top_level.txt
[1.783s] reading manifest file 'aruco_detection_interfaces.egg-info/SOURCES.txt'
[1.783s] writing manifest file 'aruco_detection_interfaces.egg-info/SOURCES.txt'
[1.801s] [  3%] Built target ament_cmake_python_build_aruco_detection_interfaces_egg
[1.911s] [  3%] Built target aruco_detection_interfaces__cpp
[1.916s] [  9%] [34m[1mGenerating C++ type support for eProsima Fast-RTPS[0m
[1.916s] [  7%] [34m[1mGenerating C++ type support dispatch for ROS interfaces[0m
[1.917s] [  9%] [34m[1mGenerating C++ introspection for ROS interfaces[0m
[1.937s] [ 14%] [32mBuilding C object CMakeFiles/aruco_detection_interfaces__rosidl_generator_c.dir/rosidl_generator_c/aruco_detection_interfaces/msg/detail/point_array__functions.c.o[0m
[1.937s] [ 14%] [32mBuilding C object CMakeFiles/aruco_detection_interfaces__rosidl_generator_c.dir/rosidl_generator_c/aruco_detection_interfaces/msg/detail/image_bounds__functions.c.o[0m
[1.937s] [ 16%] [32mBuilding C object CMakeFiles/aruco_detection_interfaces__rosidl_generator_c.dir/rosidl_generator_c/aruco_detection_interfaces/srv/detail/process_image__functions.c.o[0m
[1.937s] [ 14%] [32mBuilding C object CMakeFiles/aruco_detection_interfaces__rosidl_generator_c.dir/rosidl_generator_c/aruco_detection_interfaces/msg/detail/point__functions.c.o[0m
[2.002s] [ 18%] [32m[1mLinking C shared library libaruco_detection_interfaces__rosidl_generator_c.so[0m
[2.032s] [ 18%] Built target aruco_detection_interfaces__rosidl_generator_c
[2.038s] [ 23%] [34m[1mGenerating C type support for eProsima Fast-RTPS[0m
[2.038s] [ 23%] [34m[1mGenerating C type support dispatch for ROS interfaces[0m
[2.038s] [ 23%] [34m[1mGenerating C introspection for ROS interfaces[0m
[2.259s] [ 25%] [32mBuilding CXX object CMakeFiles/aruco_detection_interfaces__rosidl_typesupport_c.dir/rosidl_typesupport_c/aruco_detection_interfaces/msg/point__type_support.cpp.o[0m
[2.259s] [ 27%] [32mBuilding CXX object CMakeFiles/aruco_detection_interfaces__rosidl_typesupport_c.dir/rosidl_typesupport_c/aruco_detection_interfaces/msg/point_array__type_support.cpp.o[0m
[2.259s] [ 29%] [32mBuilding CXX object CMakeFiles/aruco_detection_interfaces__rosidl_typesupport_c.dir/rosidl_typesupport_c/aruco_detection_interfaces/msg/image_bounds__type_support.cpp.o[0m
[2.285s] [ 30%] [32mBuilding CXX object CMakeFiles/aruco_detection_interfaces__rosidl_typesupport_c.dir/rosidl_typesupport_c/aruco_detection_interfaces/srv/process_image__type_support.cpp.o[0m
[2.304s] [ 34%] [32mBuilding CXX object CMakeFiles/aruco_detection_interfaces__rosidl_typesupport_cpp.dir/rosidl_typesupport_cpp/aruco_detection_interfaces/msg/point_array__type_support.cpp.o[0m
[2.305s] [ 34%] [32mBuilding CXX object CMakeFiles/aruco_detection_interfaces__rosidl_typesupport_cpp.dir/rosidl_typesupport_cpp/aruco_detection_interfaces/msg/point__type_support.cpp.o[0m
[2.305s] [ 36%] [32mBuilding CXX object CMakeFiles/aruco_detection_interfaces__rosidl_typesupport_cpp.dir/rosidl_typesupport_cpp/aruco_detection_interfaces/msg/image_bounds__type_support.cpp.o[0m
[2.327s] [ 38%] [32m[1mLinking CXX shared library libaruco_detection_interfaces__rosidl_typesupport_c.so[0m
[2.363s] [ 38%] Built target aruco_detection_interfaces__rosidl_typesupport_c
[2.374s] [ 40%] [32mBuilding C object CMakeFiles/aruco_detection_interfaces__rosidl_typesupport_introspection_c.dir/rosidl_typesupport_introspection_c/aruco_detection_interfaces/msg/detail/point__type_support.c.o[0m
[2.374s] [ 41%] [32mBuilding CXX object CMakeFiles/aruco_detection_interfaces__rosidl_typesupport_cpp.dir/rosidl_typesupport_cpp/aruco_detection_interfaces/srv/process_image__type_support.cpp.o[0m
[2.379s] [ 43%] [32mBuilding CXX object CMakeFiles/aruco_detection_interfaces__rosidl_typesupport_introspection_cpp.dir/rosidl_typesupport_introspection_cpp/aruco_detection_interfaces/msg/detail/point__type_support.cpp.o[0m
[2.408s] [ 45%] [32mBuilding C object CMakeFiles/aruco_detection_interfaces__rosidl_typesupport_introspection_c.dir/rosidl_typesupport_introspection_c/aruco_detection_interfaces/msg/detail/point_array__type_support.c.o[0m
[2.439s] [ 47%] [32mBuilding C object CMakeFiles/aruco_detection_interfaces__rosidl_typesupport_introspection_c.dir/rosidl_typesupport_introspection_c/aruco_detection_interfaces/msg/detail/image_bounds__type_support.c.o[0m
[2.463s] [ 49%] [32mBuilding CXX object CMakeFiles/aruco_detection_interfaces__rosidl_typesupport_fastrtps_cpp.dir/rosidl_typesupport_fastrtps_cpp/aruco_detection_interfaces/msg/detail/dds_fastrtps/point__type_support.cpp.o[0m
[2.483s] [ 50%] [32mBuilding C object CMakeFiles/aruco_detection_interfaces__rosidl_typesupport_introspection_c.dir/rosidl_typesupport_introspection_c/aruco_detection_interfaces/srv/detail/process_image__type_support.c.o[0m
[2.522s] [ 52%] [32m[1mLinking C shared library libaruco_detection_interfaces__rosidl_typesupport_introspection_c.so[0m
[2.554s] [ 52%] Built target aruco_detection_interfaces__rosidl_typesupport_introspection_c
[2.563s] [ 54%] [32mBuilding CXX object CMakeFiles/aruco_detection_interfaces__rosidl_typesupport_fastrtps_cpp.dir/rosidl_typesupport_fastrtps_cpp/aruco_detection_interfaces/msg/detail/dds_fastrtps/point_array__type_support.cpp.o[0m
[2.571s] [ 56%] [32mBuilding CXX object CMakeFiles/aruco_detection_interfaces__rosidl_typesupport_fastrtps_c.dir/rosidl_typesupport_fastrtps_c/aruco_detection_interfaces/msg/detail/point__type_support_c.cpp.o[0m
[2.579s] [ 58%] [32mBuilding CXX object CMakeFiles/aruco_detection_interfaces__rosidl_typesupport_introspection_cpp.dir/rosidl_typesupport_introspection_cpp/aruco_detection_interfaces/msg/detail/point_array__type_support.cpp.o[0m
[2.589s] [ 60%] [32mBuilding CXX object CMakeFiles/aruco_detection_interfaces__rosidl_typesupport_fastrtps_cpp.dir/rosidl_typesupport_fastrtps_cpp/aruco_detection_interfaces/msg/detail/dds_fastrtps/image_bounds__type_support.cpp.o[0m
[2.605s] [ 61%] [32mBuilding CXX object CMakeFiles/aruco_detection_interfaces__rosidl_typesupport_introspection_cpp.dir/rosidl_typesupport_introspection_cpp/aruco_detection_interfaces/msg/detail/image_bounds__type_support.cpp.o[0m
[2.697s] [ 63%] [32m[1mLinking CXX shared library libaruco_detection_interfaces__rosidl_typesupport_cpp.so[0m
[2.735s] [ 63%] Built target aruco_detection_interfaces__rosidl_typesupport_cpp
[2.737s] [ 65%] [32mBuilding CXX object CMakeFiles/aruco_detection_interfaces__rosidl_typesupport_introspection_cpp.dir/rosidl_typesupport_introspection_cpp/aruco_detection_interfaces/srv/detail/process_image__type_support.cpp.o[0m
[2.812s] [ 67%] [32mBuilding CXX object CMakeFiles/aruco_detection_interfaces__rosidl_typesupport_fastrtps_cpp.dir/rosidl_typesupport_fastrtps_cpp/aruco_detection_interfaces/srv/detail/dds_fastrtps/process_image__type_support.cpp.o[0m
[2.897s] [ 69%] [32mBuilding CXX object CMakeFiles/aruco_detection_interfaces__rosidl_typesupport_fastrtps_c.dir/rosidl_typesupport_fastrtps_c/aruco_detection_interfaces/msg/detail/point_array__type_support_c.cpp.o[0m
[2.929s] [ 70%] [32mBuilding CXX object CMakeFiles/aruco_detection_interfaces__rosidl_typesupport_fastrtps_c.dir/rosidl_typesupport_fastrtps_c/aruco_detection_interfaces/msg/detail/image_bounds__type_support_c.cpp.o[0m
[2.977s] [ 72%] [32mBuilding CXX object CMakeFiles/aruco_detection_interfaces__rosidl_typesupport_fastrtps_c.dir/rosidl_typesupport_fastrtps_c/aruco_detection_interfaces/srv/detail/process_image__type_support_c.cpp.o[0m
[3.174s] [ 74%] [32m[1mLinking CXX shared library libaruco_detection_interfaces__rosidl_typesupport_introspection_cpp.so[0m
[3.232s] [ 74%] Built target aruco_detection_interfaces__rosidl_typesupport_introspection_cpp
[3.239s] [ 76%] [32m[1mLinking CXX shared library libaruco_detection_interfaces__rosidl_typesupport_fastrtps_cpp.so[0m
[3.289s] [ 76%] Built target aruco_detection_interfaces__rosidl_typesupport_fastrtps_cpp
[3.324s] [ 78%] [32m[1mLinking CXX shared library libaruco_detection_interfaces__rosidl_typesupport_fastrtps_c.so[0m
[3.370s] [ 78%] Built target aruco_detection_interfaces__rosidl_typesupport_fastrtps_c
[3.377s] [ 78%] Built target aruco_detection_interfaces
[3.385s] [ 80%] [34m[1mGenerating Python code for ROS interfaces[0m
[3.805s] [ 80%] Built target aruco_detection_interfaces__py
[3.817s] [ 85%] [32mBuilding C object CMakeFiles/aruco_detection_interfaces__rosidl_generator_py.dir/rosidl_generator_py/aruco_detection_interfaces/msg/_point_array_s.c.o[0m
[3.817s] [ 85%] [32mBuilding C object CMakeFiles/aruco_detection_interfaces__rosidl_generator_py.dir/rosidl_generator_py/aruco_detection_interfaces/msg/_image_bounds_s.c.o[0m
[3.817s] [ 87%] [32mBuilding C object CMakeFiles/aruco_detection_interfaces__rosidl_generator_py.dir/rosidl_generator_py/aruco_detection_interfaces/msg/_point_s.c.o[0m
[3.817s] [ 87%] [32mBuilding C object CMakeFiles/aruco_detection_interfaces__rosidl_generator_py.dir/rosidl_generator_py/aruco_detection_interfaces/srv/_process_image_s.c.o[0m
[3.887s] [ 89%] [32m[1mLinking C shared library rosidl_generator_py/aruco_detection_interfaces/libaruco_detection_interfaces__rosidl_generator_py.so[0m
[3.910s] [ 89%] Built target aruco_detection_interfaces__rosidl_generator_py
[3.920s] [ 92%] [32mBuilding C object CMakeFiles/aruco_detection_interfaces__rosidl_typesupport_c__pyext.dir/rosidl_generator_py/aruco_detection_interfaces/_aruco_detection_interfaces_s.ep.rosidl_typesupport_c.c.o[0m
[3.920s] [ 92%] [32mBuilding C object CMakeFiles/aruco_detection_interfaces__rosidl_typesupport_introspection_c__pyext.dir/rosidl_generator_py/aruco_detection_interfaces/_aruco_detection_interfaces_s.ep.rosidl_typesupport_introspection_c.c.o[0m
[3.920s] [ 94%] [32mBuilding C object CMakeFiles/aruco_detection_interfaces__rosidl_typesupport_fastrtps_c__pyext.dir/rosidl_generator_py/aruco_detection_interfaces/_aruco_detection_interfaces_s.ep.rosidl_typesupport_fastrtps_c.c.o[0m
[3.990s] [100%] [32m[1mLinking C shared library rosidl_generator_py/aruco_detection_interfaces/aruco_detection_interfaces_s__rosidl_typesupport_fastrtps_c.cpython-310-x86_64-linux-gnu.so[0m
[3.990s] [100%] [32m[1mLinking C shared library rosidl_generator_py/aruco_detection_interfaces/aruco_detection_interfaces_s__rosidl_typesupport_introspection_c.cpython-310-x86_64-linux-gnu.so[0m
[3.990s] [100%] [32m[1mLinking C shared library rosidl_generator_py/aruco_detection_interfaces/aruco_detection_interfaces_s__rosidl_typesupport_c.cpython-310-x86_64-linux-gnu.so[0m
[4.011s] [100%] Built target aruco_detection_interfaces__rosidl_typesupport_fastrtps_c__pyext
[4.011s] [100%] Built target aruco_detection_interfaces__rosidl_typesupport_introspection_c__pyext
[4.011s] [100%] Built target aruco_detection_interfaces__rosidl_typesupport_c__pyext
[4.016s] Invoked command in '/home/harshit/mrt_ws/build/aruco_detection_interfaces' returned '0': CMAKE_PREFIX_PATH=${CMAKE_PREFIX_PATH}:/home/harshit/mrt_ws/install/week0_tutorials:/home/harshit/mrt_ws/install/sauron:/home/harshit/mrt_ws/install/aruco_detection:/opt/ros/humble /usr/bin/cmake --build /home/harshit/mrt_ws/build/aruco_detection_interfaces -- -j8 -l8
[4.082s] Invoking command in '/home/harshit/mrt_ws/build/aruco_detection_interfaces': CMAKE_PREFIX_PATH=${CMAKE_PREFIX_PATH}:/home/harshit/mrt_ws/install/week0_tutorials:/home/harshit/mrt_ws/install/sauron:/home/harshit/mrt_ws/install/aruco_detection:/opt/ros/humble /usr/bin/cmake --install /home/harshit/mrt_ws/build/aruco_detection_interfaces
[4.085s] -- Install configuration: ""
[4.085s] -- Up-to-date: /home/harshit/mrt_ws/install/aruco_detection_interfaces/share/ament_index/resource_index/rosidl_interfaces/aruco_detection_interfaces
[4.085s] -- Up-to-date: /home/harshit/mrt_ws/install/aruco_detection_interfaces/include/aruco_detection_interfaces/aruco_detection_interfaces
[4.085s] -- Up-to-date: /home/harshit/mrt_ws/install/aruco_detection_interfaces/include/aruco_detection_interfaces/aruco_detection_interfaces/srv
[4.085s] -- Installing: /home/harshit/mrt_ws/install/aruco_detection_interfaces/include/aruco_detection_interfaces/aruco_detection_interfaces/srv/process_image.h
[4.085s] -- Up-to-date: /home/harshit/mrt_ws/install/aruco_detection_interfaces/include/aruco_detection_interfaces/aruco_detection_interfaces/srv/detail
[4.085s] -- Installing: /home/harshit/mrt_ws/install/aruco_detection_interfaces/include/aruco_detection_interfaces/aruco_detection_interfaces/srv/detail/process_image__struct.h
[4.085s] -- Installing: /home/harshit/mrt_ws/install/aruco_detection_interfaces/include/aruco_detection_interfaces/aruco_detection_interfaces/srv/detail/process_image__functions.c
[4.085s] -- Installing: /home/harshit/mrt_ws/install/aruco_detection_interfaces/include/aruco_detection_interfaces/aruco_detection_interfaces/srv/detail/process_image__type_support.h
[4.085s] -- Installing: /home/harshit/mrt_ws/install/aruco_detection_interfaces/include/aruco_detection_interfaces/aruco_detection_interfaces/srv/detail/process_image__functions.h
[4.085s] -- Up-to-date: /home/harshit/mrt_ws/install/aruco_detection_interfaces/include/aruco_detection_interfaces/aruco_detection_interfaces/msg
[4.085s] -- Up-to-date: /home/harshit/mrt_ws/install/aruco_detection_interfaces/include/aruco_detection_interfaces/aruco_detection_interfaces/msg/rosidl_generator_c__visibility_control.h
[4.085s] -- Up-to-date: /home/harshit/mrt_ws/install/aruco_detection_interfaces/include/aruco_detection_interfaces/aruco_detection_interfaces/msg/detail
[4.085s] -- Installing: /home/harshit/mrt_ws/install/aruco_detection_interfaces/include/aruco_detection_interfaces/aruco_detection_interfaces/msg/detail/point_array__struct.h
[4.085s] -- Installing: /home/harshit/mrt_ws/install/aruco_detection_interfaces/include/aruco_detection_interfaces/aruco_detection_interfaces/msg/detail/point__functions.c
[4.085s] -- Installing: /home/harshit/mrt_ws/install/aruco_detection_interfaces/include/aruco_detection_interfaces/aruco_detection_interfaces/msg/detail/point__struct.h
[4.085s] -- Installing: /home/harshit/mrt_ws/install/aruco_detection_interfaces/include/aruco_detection_interfaces/aruco_detection_interfaces/msg/detail/point__functions.h
[4.086s] -- Installing: /home/harshit/mrt_ws/install/aruco_detection_interfaces/include/aruco_detection_interfaces/aruco_detection_interfaces/msg/detail/image_bounds__functions.c
[4.086s] -- Installing: /home/harshit/mrt_ws/install/aruco_detection_interfaces/include/aruco_detection_interfaces/aruco_detection_interfaces/msg/detail/point_array__functions.h
[4.086s] -- Installing: /home/harshit/mrt_ws/install/aruco_detection_interfaces/include/aruco_detection_interfaces/aruco_detection_interfaces/msg/detail/point_array__type_support.h
[4.086s] -- Installing: /home/harshit/mrt_ws/install/aruco_detection_interfaces/include/aruco_detection_interfaces/aruco_detection_interfaces/msg/detail/point__type_support.h
[4.086s] -- Installing: /home/harshit/mrt_ws/install/aruco_detection_interfaces/include/aruco_detection_interfaces/aruco_detection_interfaces/msg/detail/image_bounds__struct.h
[4.086s] -- Installing: /home/harshit/mrt_ws/install/aruco_detection_interfaces/include/aruco_detection_interfaces/aruco_detection_interfaces/msg/detail/point_array__functions.c
[4.086s] -- Installing: /home/harshit/mrt_ws/install/aruco_detection_interfaces/include/aruco_detection_interfaces/aruco_detection_interfaces/msg/detail/image_bounds__functions.h
[4.086s] -- Installing: /home/harshit/mrt_ws/install/aruco_detection_interfaces/include/aruco_detection_interfaces/aruco_detection_interfaces/msg/detail/image_bounds__type_support.h
[4.086s] -- Installing: /home/harshit/mrt_ws/install/aruco_detection_interfaces/include/aruco_detection_interfaces/aruco_detection_interfaces/msg/image_bounds.h
[4.087s] -- Installing: /home/harshit/mrt_ws/install/aruco_detection_interfaces/include/aruco_detection_interfaces/aruco_detection_interfaces/msg/point.h
[4.087s] -- Installing: /home/harshit/mrt_ws/install/aruco_detection_interfaces/include/aruco_detection_interfaces/aruco_detection_interfaces/msg/point_array.h
[4.087s] -- Up-to-date: /home/harshit/mrt_ws/install/aruco_detection_interfaces/share/aruco_detection_interfaces/environment/library_path.sh
[4.087s] -- Installing: /home/harshit/mrt_ws/install/aruco_detection_interfaces/share/aruco_detection_interfaces/environment/library_path.dsv
[4.087s] -- Installing: /home/harshit/mrt_ws/install/aruco_detection_interfaces/lib/libaruco_detection_interfaces__rosidl_generator_c.so
[4.087s] -- Set non-toolchain portion of runtime path of "/home/harshit/mrt_ws/install/aruco_detection_interfaces/lib/libaruco_detection_interfaces__rosidl_generator_c.so" to ""
[4.087s] -- Up-to-date: /home/harshit/mrt_ws/install/aruco_detection_interfaces/include/aruco_detection_interfaces/aruco_detection_interfaces
[4.088s] -- Up-to-date: /home/harshit/mrt_ws/install/aruco_detection_interfaces/include/aruco_detection_interfaces/aruco_detection_interfaces/srv
[4.088s] -- Up-to-date: /home/harshit/mrt_ws/install/aruco_detection_interfaces/include/aruco_detection_interfaces/aruco_detection_interfaces/srv/detail
[4.088s] -- Installing: /home/harshit/mrt_ws/install/aruco_detection_interfaces/include/aruco_detection_interfaces/aruco_detection_interfaces/srv/detail/process_image__rosidl_typesupport_fastrtps_c.h
[4.088s] -- Up-to-date: /home/harshit/mrt_ws/install/aruco_detection_interfaces/include/aruco_detection_interfaces/aruco_detection_interfaces/msg
[4.088s] -- Up-to-date: /home/harshit/mrt_ws/install/aruco_detection_interfaces/include/aruco_detection_interfaces/aruco_detection_interfaces/msg/detail
[4.088s] -- Installing: /home/harshit/mrt_ws/install/aruco_detection_interfaces/include/aruco_detection_interfaces/aruco_detection_interfaces/msg/detail/point_array__rosidl_typesupport_fastrtps_c.h
[4.088s] -- Installing: /home/harshit/mrt_ws/install/aruco_detection_interfaces/include/aruco_detection_interfaces/aruco_detection_interfaces/msg/detail/image_bounds__rosidl_typesupport_fastrtps_c.h
[4.088s] -- Installing: /home/harshit/mrt_ws/install/aruco_detection_interfaces/include/aruco_detection_interfaces/aruco_detection_interfaces/msg/detail/point__rosidl_typesupport_fastrtps_c.h
[4.088s] -- Up-to-date: /home/harshit/mrt_ws/install/aruco_detection_interfaces/include/aruco_detection_interfaces/aruco_detection_interfaces/msg/rosidl_typesupport_fastrtps_c__visibility_control.h
[4.088s] -- Installing: /home/harshit/mrt_ws/install/aruco_detection_interfaces/lib/libaruco_detection_interfaces__rosidl_typesupport_fastrtps_c.so
[4.089s] -- Set non-toolchain portion of runtime path of "/home/harshit/mrt_ws/install/aruco_detection_interfaces/lib/libaruco_detection_interfaces__rosidl_typesupport_fastrtps_c.so" to ""
[4.089s] -- Up-to-date: /home/harshit/mrt_ws/install/aruco_detection_interfaces/include/aruco_detection_interfaces/aruco_detection_interfaces
[4.089s] -- Up-to-date: /home/harshit/mrt_ws/install/aruco_detection_interfaces/include/aruco_detection_interfaces/aruco_detection_interfaces/srv
[4.089s] -- Up-to-date: /home/harshit/mrt_ws/install/aruco_detection_interfaces/include/aruco_detection_interfaces/aruco_detection_interfaces/srv/detail
[4.089s] -- Installing: /home/harshit/mrt_ws/install/aruco_detection_interfaces/include/aruco_detection_interfaces/aruco_detection_interfaces/srv/detail/process_image__type_support.c
[4.089s] -- Installing: /home/harshit/mrt_ws/install/aruco_detection_interfaces/include/aruco_detection_interfaces/aruco_detection_interfaces/srv/detail/process_image__rosidl_typesupport_introspection_c.h
[4.089s] -- Up-to-date: /home/harshit/mrt_ws/install/aruco_detection_interfaces/include/aruco_detection_interfaces/aruco_detection_interfaces/msg
[4.089s] -- Up-to-date: /home/harshit/mrt_ws/install/aruco_detection_interfaces/include/aruco_detection_interfaces/aruco_detection_interfaces/msg/rosidl_typesupport_introspection_c__visibility_control.h
[4.089s] -- Up-to-date: /home/harshit/mrt_ws/install/aruco_detection_interfaces/include/aruco_detection_interfaces/aruco_detection_interfaces/msg/detail
[4.089s] -- Installing: /home/harshit/mrt_ws/install/aruco_detection_interfaces/include/aruco_detection_interfaces/aruco_detection_interfaces/msg/detail/image_bounds__type_support.c
[4.089s] -- Installing: /home/harshit/mrt_ws/install/aruco_detection_interfaces/include/aruco_detection_interfaces/aruco_detection_interfaces/msg/detail/point_array__rosidl_typesupport_introspection_c.h
[4.090s] -- Installing: /home/harshit/mrt_ws/install/aruco_detection_interfaces/include/aruco_detection_interfaces/aruco_detection_interfaces/msg/detail/point__type_support.c
[4.090s] -- Installing: /home/harshit/mrt_ws/install/aruco_detection_interfaces/include/aruco_detection_interfaces/aruco_detection_interfaces/msg/detail/point__rosidl_typesupport_introspection_c.h
[4.090s] -- Installing: /home/harshit/mrt_ws/install/aruco_detection_interfaces/include/aruco_detection_interfaces/aruco_detection_interfaces/msg/detail/image_bounds__rosidl_typesupport_introspection_c.h
[4.090s] -- Installing: /home/harshit/mrt_ws/install/aruco_detection_interfaces/include/aruco_detection_interfaces/aruco_detection_interfaces/msg/detail/point_array__type_support.c
[4.090s] -- Installing: /home/harshit/mrt_ws/install/aruco_detection_interfaces/lib/libaruco_detection_interfaces__rosidl_typesupport_introspection_c.so
[4.090s] -- Set non-toolchain portion of runtime path of "/home/harshit/mrt_ws/install/aruco_detection_interfaces/lib/libaruco_detection_interfaces__rosidl_typesupport_introspection_c.so" to ""
[4.090s] -- Installing: /home/harshit/mrt_ws/install/aruco_detection_interfaces/lib/libaruco_detection_interfaces__rosidl_typesupport_c.so
[4.091s] -- Set non-toolchain portion of runtime path of "/home/harshit/mrt_ws/install/aruco_detection_interfaces/lib/libaruco_detection_interfaces__rosidl_typesupport_c.so" to ""
[4.091s] -- Up-to-date: /home/harshit/mrt_ws/install/aruco_detection_interfaces/include/aruco_detection_interfaces/aruco_detection_interfaces
[4.092s] -- Up-to-date: /home/harshit/mrt_ws/install/aruco_detection_interfaces/include/aruco_detection_interfaces/aruco_detection_interfaces/srv
[4.092s] -- Installing: /home/harshit/mrt_ws/install/aruco_detection_interfaces/include/aruco_detection_interfaces/aruco_detection_interfaces/srv/process_image.hpp
[4.092s] -- Up-to-date: /home/harshit/mrt_ws/install/aruco_detection_interfaces/include/aruco_detection_interfaces/aruco_detection_interfaces/srv/detail
[4.092s] -- Installing: /home/harshit/mrt_ws/install/aruco_detection_interfaces/include/aruco_detection_interfaces/aruco_detection_interfaces/srv/detail/process_image__builder.hpp
[4.092s] -- Installing: /home/harshit/mrt_ws/install/aruco_detection_interfaces/include/aruco_detection_interfaces/aruco_detection_interfaces/srv/detail/process_image__traits.hpp
[4.092s] -- Installing: /home/harshit/mrt_ws/install/aruco_detection_interfaces/include/aruco_detection_interfaces/aruco_detection_interfaces/srv/detail/process_image__struct.hpp
[4.092s] -- Up-to-date: /home/harshit/mrt_ws/install/aruco_detection_interfaces/include/aruco_detection_interfaces/aruco_detection_interfaces/msg
[4.092s] -- Installing: /home/harshit/mrt_ws/install/aruco_detection_interfaces/include/aruco_detection_interfaces/aruco_detection_interfaces/msg/point_array.hpp
[4.092s] -- Installing: /home/harshit/mrt_ws/install/aruco_detection_interfaces/include/aruco_detection_interfaces/aruco_detection_interfaces/msg/image_bounds.hpp
[4.092s] -- Up-to-date: /home/harshit/mrt_ws/install/aruco_detection_interfaces/include/aruco_detection_interfaces/aruco_detection_interfaces/msg/detail
[4.092s] -- Installing: /home/harshit/mrt_ws/install/aruco_detection_interfaces/include/aruco_detection_interfaces/aruco_detection_interfaces/msg/detail/point_array__builder.hpp
[4.092s] -- Installing: /home/harshit/mrt_ws/install/aruco_detection_interfaces/include/aruco_detection_interfaces/aruco_detection_interfaces/msg/detail/image_bounds__struct.hpp
[4.092s] -- Installing: /home/harshit/mrt_ws/install/aruco_detection_interfaces/include/aruco_detection_interfaces/aruco_detection_interfaces/msg/detail/point__struct.hpp
[4.092s] -- Installing: /home/harshit/mrt_ws/install/aruco_detection_interfaces/include/aruco_detection_interfaces/aruco_detection_interfaces/msg/detail/point_array__struct.hpp
[4.092s] -- Installing: /home/harshit/mrt_ws/install/aruco_detection_interfaces/include/aruco_detection_interfaces/aruco_detection_interfaces/msg/detail/image_bounds__builder.hpp
[4.092s] -- Installing: /home/harshit/mrt_ws/install/aruco_detection_interfaces/include/aruco_detection_interfaces/aruco_detection_interfaces/msg/detail/image_bounds__traits.hpp
[4.093s] -- Installing: /home/harshit/mrt_ws/install/aruco_detection_interfaces/include/aruco_detection_interfaces/aruco_detection_interfaces/msg/detail/point_array__traits.hpp
[4.093s] -- Installing: /home/harshit/mrt_ws/install/aruco_detection_interfaces/include/aruco_detection_interfaces/aruco_detection_interfaces/msg/detail/point__traits.hpp
[4.093s] -- Installing: /home/harshit/mrt_ws/install/aruco_detection_interfaces/include/aruco_detection_interfaces/aruco_detection_interfaces/msg/detail/point__builder.hpp
[4.093s] -- Installing: /home/harshit/mrt_ws/install/aruco_detection_interfaces/include/aruco_detection_interfaces/aruco_detection_interfaces/msg/point.hpp
[4.093s] -- Up-to-date: /home/harshit/mrt_ws/install/aruco_detection_interfaces/include/aruco_detection_interfaces/aruco_detection_interfaces
[4.093s] -- Up-to-date: /home/harshit/mrt_ws/install/aruco_detection_interfaces/include/aruco_detection_interfaces/aruco_detection_interfaces/srv
[4.093s] -- Up-to-date: /home/harshit/mrt_ws/install/aruco_detection_interfaces/include/aruco_detection_interfaces/aruco_detection_interfaces/srv/detail
[4.093s] -- Installing: /home/harshit/mrt_ws/install/aruco_detection_interfaces/include/aruco_detection_interfaces/aruco_detection_interfaces/srv/detail/process_image__rosidl_typesupport_fastrtps_cpp.hpp
[4.093s] -- Up-to-date: /home/harshit/mrt_ws/install/aruco_detection_interfaces/include/aruco_detection_interfaces/aruco_detection_interfaces/srv/detail/dds_fastrtps
[4.093s] -- Up-to-date: /home/harshit/mrt_ws/install/aruco_detection_interfaces/include/aruco_detection_interfaces/aruco_detection_interfaces/msg
[4.093s] -- Up-to-date: /home/harshit/mrt_ws/install/aruco_detection_interfaces/include/aruco_detection_interfaces/aruco_detection_interfaces/msg/rosidl_typesupport_fastrtps_cpp__visibility_control.h
[4.093s] -- Up-to-date: /home/harshit/mrt_ws/install/aruco_detection_interfaces/include/aruco_detection_interfaces/aruco_detection_interfaces/msg/detail
[4.093s] -- Installing: /home/harshit/mrt_ws/install/aruco_detection_interfaces/include/aruco_detection_interfaces/aruco_detection_interfaces/msg/detail/point__rosidl_typesupport_fastrtps_cpp.hpp
[4.093s] -- Installing: /home/harshit/mrt_ws/install/aruco_detection_interfaces/include/aruco_detection_interfaces/aruco_detection_interfaces/msg/detail/image_bounds__rosidl_typesupport_fastrtps_cpp.hpp
[4.094s] -- Installing: /home/harshit/mrt_ws/install/aruco_detection_interfaces/include/aruco_detection_interfaces/aruco_detection_interfaces/msg/detail/point_array__rosidl_typesupport_fastrtps_cpp.hpp
[4.094s] -- Up-to-date: /home/harshit/mrt_ws/install/aruco_detection_interfaces/include/aruco_detection_interfaces/aruco_detection_interfaces/msg/detail/dds_fastrtps
[4.094s] -- Installing: /home/harshit/mrt_ws/install/aruco_detection_interfaces/lib/libaruco_detection_interfaces__rosidl_typesupport_fastrtps_cpp.so
[4.094s] -- Set non-toolchain portion of runtime path of "/home/harshit/mrt_ws/install/aruco_detection_interfaces/lib/libaruco_detection_interfaces__rosidl_typesupport_fastrtps_cpp.so" to ""
[4.094s] -- Up-to-date: /home/harshit/mrt_ws/install/aruco_detection_interfaces/include/aruco_detection_interfaces/aruco_detection_interfaces
[4.094s] -- Up-to-date: /home/harshit/mrt_ws/install/aruco_detection_interfaces/include/aruco_detection_interfaces/aruco_detection_interfaces/srv
[4.094s] -- Up-to-date: /home/harshit/mrt_ws/install/aruco_detection_interfaces/include/aruco_detection_interfaces/aruco_detection_interfaces/srv/detail
[4.094s] -- Installing: /home/harshit/mrt_ws/install/aruco_detection_interfaces/include/aruco_detection_interfaces/aruco_detection_interfaces/srv/detail/process_image__rosidl_typesupport_introspection_cpp.hpp
[4.094s] -- Installing: /home/harshit/mrt_ws/install/aruco_detection_interfaces/include/aruco_detection_interfaces/aruco_detection_interfaces/srv/detail/process_image__type_support.cpp
[4.094s] -- Up-to-date: /home/harshit/mrt_ws/install/aruco_detection_interfaces/include/aruco_detection_interfaces/aruco_detection_interfaces/msg
[4.095s] -- Up-to-date: /home/harshit/mrt_ws/install/aruco_detection_interfaces/include/aruco_detection_interfaces/aruco_detection_interfaces/msg/detail
[4.095s] -- Installing: /home/harshit/mrt_ws/install/aruco_detection_interfaces/include/aruco_detection_interfaces/aruco_detection_interfaces/msg/detail/image_bounds__rosidl_typesupport_introspection_cpp.hpp
[4.095s] -- Installing: /home/harshit/mrt_ws/install/aruco_detection_interfaces/include/aruco_detection_interfaces/aruco_detection_interfaces/msg/detail/point__type_support.cpp
[4.095s] -- Installing: /home/harshit/mrt_ws/install/aruco_detection_interfaces/include/aruco_detection_interfaces/aruco_detection_interfaces/msg/detail/point_array__type_support.cpp
[4.095s] -- Installing: /home/harshit/mrt_ws/install/aruco_detection_interfaces/include/aruco_detection_interfaces/aruco_detection_interfaces/msg/detail/point_array__rosidl_typesupport_introspection_cpp.hpp
[4.095s] -- Installing: /home/harshit/mrt_ws/install/aruco_detection_interfaces/include/aruco_detection_interfaces/aruco_detection_interfaces/msg/detail/image_bounds__type_support.cpp
[4.095s] -- Installing: /home/harshit/mrt_ws/install/aruco_detection_interfaces/include/aruco_detection_interfaces/aruco_detection_interfaces/msg/detail/point__rosidl_typesupport_introspection_cpp.hpp
[4.095s] -- Installing: /home/harshit/mrt_ws/install/aruco_detection_interfaces/lib/libaruco_detection_interfaces__rosidl_typesupport_introspection_cpp.so
[4.096s] -- Set non-toolchain portion of runtime path of "/home/harshit/mrt_ws/install/aruco_detection_interfaces/lib/libaruco_detection_interfaces__rosidl_typesupport_introspection_cpp.so" to ""
[4.096s] -- Installing: /home/harshit/mrt_ws/install/aruco_detection_interfaces/lib/libaruco_detection_interfaces__rosidl_typesupport_cpp.so
[4.096s] -- Set non-toolchain portion of runtime path of "/home/harshit/mrt_ws/install/aruco_detection_interfaces/lib/libaruco_detection_interfaces__rosidl_typesupport_cpp.so" to ""
[4.096s] -- Up-to-date: /home/harshit/mrt_ws/install/aruco_detection_interfaces/share/aruco_detection_interfaces/environment/pythonpath.sh
[4.096s] -- Installing: /home/harshit/mrt_ws/install/aruco_detection_interfaces/share/aruco_detection_interfaces/environment/pythonpath.dsv
[4.096s] -- Up-to-date: /home/harshit/mrt_ws/install/aruco_detection_interfaces/local/lib/python3.10/dist-packages/aruco_detection_interfaces-0.0.0-py3.10.egg-info
[4.096s] -- Installing: /home/harshit/mrt_ws/install/aruco_detection_interfaces/local/lib/python3.10/dist-packages/aruco_detection_interfaces-0.0.0-py3.10.egg-info/top_level.txt
[4.096s] -- Installing: /home/harshit/mrt_ws/install/aruco_detection_interfaces/local/lib/python3.10/dist-packages/aruco_detection_interfaces-0.0.0-py3.10.egg-info/SOURCES.txt
[4.097s] -- Installing: /home/harshit/mrt_ws/install/aruco_detection_interfaces/local/lib/python3.10/dist-packages/aruco_detection_interfaces-0.0.0-py3.10.egg-info/dependency_links.txt
[4.097s] -- Installing: /home/harshit/mrt_ws/install/aruco_detection_interfaces/local/lib/python3.10/dist-packages/aruco_detection_interfaces-0.0.0-py3.10.egg-info/PKG-INFO
[4.097s] -- Up-to-date: /home/harshit/mrt_ws/install/aruco_detection_interfaces/local/lib/python3.10/dist-packages/aruco_detection_interfaces
[4.097s] -- Installing: /home/harshit/mrt_ws/install/aruco_detection_interfaces/local/lib/python3.10/dist-packages/aruco_detection_interfaces/libaruco_detection_interfaces__rosidl_generator_py.so
[4.097s] -- Up-to-date: /home/harshit/mrt_ws/install/aruco_detection_interfaces/local/lib/python3.10/dist-packages/aruco_detection_interfaces/srv
[4.097s] -- Installing: /home/harshit/mrt_ws/install/aruco_detection_interfaces/local/lib/python3.10/dist-packages/aruco_detection_interfaces/srv/_process_image.py
[4.097s] -- Installing: /home/harshit/mrt_ws/install/aruco_detection_interfaces/local/lib/python3.10/dist-packages/aruco_detection_interfaces/srv/_process_image_s.c
[4.097s] -- Installing: /home/harshit/mrt_ws/install/aruco_detection_interfaces/local/lib/python3.10/dist-packages/aruco_detection_interfaces/srv/__init__.py
[4.098s] -- Installing: /home/harshit/mrt_ws/install/aruco_detection_interfaces/local/lib/python3.10/dist-packages/aruco_detection_interfaces/aruco_detection_interfaces_s__rosidl_typesupport_introspection_c.cpython-310-x86_64-linux-gnu.so
[4.098s] -- Installing: /home/harshit/mrt_ws/install/aruco_detection_interfaces/local/lib/python3.10/dist-packages/aruco_detection_interfaces/aruco_detection_interfaces_s__rosidl_typesupport_fastrtps_c.cpython-310-x86_64-linux-gnu.so
[4.098s] -- Installing: /home/harshit/mrt_ws/install/aruco_detection_interfaces/local/lib/python3.10/dist-packages/aruco_detection_interfaces/_aruco_detection_interfaces_s.ep.rosidl_typesupport_c.c
[4.098s] -- Up-to-date: /home/harshit/mrt_ws/install/aruco_detection_interfaces/local/lib/python3.10/dist-packages/aruco_detection_interfaces/msg
[4.098s] -- Installing: /home/harshit/mrt_ws/install/aruco_detection_interfaces/local/lib/python3.10/dist-packages/aruco_detection_interfaces/msg/_point_s.c
[4.098s] -- Installing: /home/harshit/mrt_ws/install/aruco_detection_interfaces/local/lib/python3.10/dist-packages/aruco_detection_interfaces/msg/_point_array_s.c
[4.098s] -- Installing: /home/harshit/mrt_ws/install/aruco_detection_interfaces/local/lib/python3.10/dist-packages/aruco_detection_interfaces/msg/_image_bounds_s.c
[4.098s] -- Installing: /home/harshit/mrt_ws/install/aruco_detection_interfaces/local/lib/python3.10/dist-packages/aruco_detection_interfaces/msg/_point.py
[4.098s] -- Installing: /home/harshit/mrt_ws/install/aruco_detection_interfaces/local/lib/python3.10/dist-packages/aruco_detection_interfaces/msg/_point_array.py
[4.099s] -- Installing: /home/harshit/mrt_ws/install/aruco_detection_interfaces/local/lib/python3.10/dist-packages/aruco_detection_interfaces/msg/_image_bounds.py
[4.099s] -- Installing: /home/harshit/mrt_ws/install/aruco_detection_interfaces/local/lib/python3.10/dist-packages/aruco_detection_interfaces/msg/__init__.py
[4.099s] -- Installing: /home/harshit/mrt_ws/install/aruco_detection_interfaces/local/lib/python3.10/dist-packages/aruco_detection_interfaces/_aruco_detection_interfaces_s.ep.rosidl_typesupport_introspection_c.c
[4.099s] -- Installing: /home/harshit/mrt_ws/install/aruco_detection_interfaces/local/lib/python3.10/dist-packages/aruco_detection_interfaces/_aruco_detection_interfaces_s.ep.rosidl_typesupport_fastrtps_c.c
[4.099s] -- Installing: /home/harshit/mrt_ws/install/aruco_detection_interfaces/local/lib/python3.10/dist-packages/aruco_detection_interfaces/aruco_detection_interfaces_s__rosidl_typesupport_c.cpython-310-x86_64-linux-gnu.so
[4.099s] -- Installing: /home/harshit/mrt_ws/install/aruco_detection_interfaces/local/lib/python3.10/dist-packages/aruco_detection_interfaces/__init__.py
[4.125s] Listing '/home/harshit/mrt_ws/install/aruco_detection_interfaces/local/lib/python3.10/dist-packages/aruco_detection_interfaces'...
[4.125s] Compiling '/home/harshit/mrt_ws/install/aruco_detection_interfaces/local/lib/python3.10/dist-packages/aruco_detection_interfaces/__init__.py'...
[4.125s] Listing '/home/harshit/mrt_ws/install/aruco_detection_interfaces/local/lib/python3.10/dist-packages/aruco_detection_interfaces/msg'...
[4.125s] Compiling '/home/harshit/mrt_ws/install/aruco_detection_interfaces/local/lib/python3.10/dist-packages/aruco_detection_interfaces/msg/__init__.py'...
[4.125s] Compiling '/home/harshit/mrt_ws/install/aruco_detection_interfaces/local/lib/python3.10/dist-packages/aruco_detection_interfaces/msg/_image_bounds.py'...
[4.125s] Compiling '/home/harshit/mrt_ws/install/aruco_detection_interfaces/local/lib/python3.10/dist-packages/aruco_detection_interfaces/msg/_point.py'...
[4.125s] Compiling '/home/harshit/mrt_ws/install/aruco_detection_interfaces/local/lib/python3.10/dist-packages/aruco_detection_interfaces/msg/_point_array.py'...
[4.126s] Listing '/home/harshit/mrt_ws/install/aruco_detection_interfaces/local/lib/python3.10/dist-packages/aruco_detection_interfaces/srv'...
[4.126s] Compiling '/home/harshit/mrt_ws/install/aruco_detection_interfaces/local/lib/python3.10/dist-packages/aruco_detection_interfaces/srv/__init__.py'...
[4.126s] Compiling '/home/harshit/mrt_ws/install/aruco_detection_interfaces/local/lib/python3.10/dist-packages/aruco_detection_interfaces/srv/_process_image.py'...
[4.129s] -- Installing: /home/harshit/mrt_ws/install/aruco_detection_interfaces/local/lib/python3.10/dist-packages/aruco_detection_interfaces/aruco_detection_interfaces_s__rosidl_typesupport_fastrtps_c.cpython-310-x86_64-linux-gnu.so
[4.129s] -- Set non-toolchain portion of runtime path of "/home/harshit/mrt_ws/install/aruco_detection_interfaces/local/lib/python3.10/dist-packages/aruco_detection_interfaces/aruco_detection_interfaces_s__rosidl_typesupport_fastrtps_c.cpython-310-x86_64-linux-gnu.so" to ""
[4.129s] -- Installing: /home/harshit/mrt_ws/install/aruco_detection_interfaces/local/lib/python3.10/dist-packages/aruco_detection_interfaces/aruco_detection_interfaces_s__rosidl_typesupport_introspection_c.cpython-310-x86_64-linux-gnu.so
[4.129s] -- Set non-toolchain portion of runtime path of "/home/harshit/mrt_ws/install/aruco_detection_interfaces/local/lib/python3.10/dist-packages/aruco_detection_interfaces/aruco_detection_interfaces_s__rosidl_typesupport_introspection_c.cpython-310-x86_64-linux-gnu.so" to ""
[4.130s] -- Installing: /home/harshit/mrt_ws/install/aruco_detection_interfaces/local/lib/python3.10/dist-packages/aruco_detection_interfaces/aruco_detection_interfaces_s__rosidl_typesupport_c.cpython-310-x86_64-linux-gnu.so
[4.130s] -- Set non-toolchain portion of runtime path of "/home/harshit/mrt_ws/install/aruco_detection_interfaces/local/lib/python3.10/dist-packages/aruco_detection_interfaces/aruco_detection_interfaces_s__rosidl_typesupport_c.cpython-310-x86_64-linux-gnu.so" to ""
[4.130s] -- Installing: /home/harshit/mrt_ws/install/aruco_detection_interfaces/lib/libaruco_detection_interfaces__rosidl_generator_py.so
[4.130s] -- Set non-toolchain portion of runtime path of "/home/harshit/mrt_ws/install/aruco_detection_interfaces/lib/libaruco_detection_interfaces__rosidl_generator_py.so" to ""
[4.130s] -- Up-to-date: /home/harshit/mrt_ws/install/aruco_detection_interfaces/share/aruco_detection_interfaces/msg/Point.idl
[4.130s] -- Up-to-date: /home/harshit/mrt_ws/install/aruco_detection_interfaces/share/aruco_detection_interfaces/msg/PointArray.idl
[4.130s] -- Installing: /home/harshit/mrt_ws/install/aruco_detection_interfaces/share/aruco_detection_interfaces/msg/ImageBounds.idl
[4.130s] -- Up-to-date: /home/harshit/mrt_ws/install/aruco_detection_interfaces/share/aruco_detection_interfaces/srv/ProcessImage.idl
[4.131s] -- Up-to-date: /home/harshit/mrt_ws/install/aruco_detection_interfaces/share/aruco_detection_interfaces/msg/Point.msg
[4.131s] -- Up-to-date: /home/harshit/mrt_ws/install/aruco_detection_interfaces/share/aruco_detection_interfaces/msg/PointArray.msg
[4.131s] -- Installing: /home/harshit/mrt_ws/install/aruco_detection_interfaces/share/aruco_detection_interfaces/msg/ImageBounds.msg
[4.131s] -- Up-to-date: /home/harshit/mrt_ws/install/aruco_detection_interfaces/share/aruco_detection_interfaces/srv/ProcessImage.srv
[4.131s] -- Up-to-date: /home/harshit/mrt_ws/install/aruco_detection_interfaces/share/aruco_detection_interfaces/srv/ProcessImage_Request.msg
[4.131s] -- Up-to-date: /home/harshit/mrt_ws/install/aruco_detection_interfaces/share/aruco_detection_interfaces/srv/ProcessImage_Response.msg
[4.131s] -- Up-to-date: /home/harshit/mrt_ws/install/aruco_detection_interfaces/share/ament_index/resource_index/package_run_dependencies/aruco_detection_interfaces
[4.131s] -- Up-to-date: /home/harshit/mrt_ws/install/aruco_detection_interfaces/share/ament_index/resource_index/parent_prefix_path/aruco_detection_interfaces
[4.131s] -- Up-to-date: /home/harshit/mrt_ws/install/aruco_detection_interfaces/share/aruco_detection_interfaces/environment/ament_prefix_path.sh
[4.131s] -- Installing: /home/harshit/mrt_ws/install/aruco_detection_interfaces/share/aruco_detection_interfaces/environment/ament_prefix_path.dsv
[4.131s] -- Up-to-date: /home/harshit/mrt_ws/install/aruco_detection_interfaces/share/aruco_detection_interfaces/environment/path.sh
[4.131s] -- Installing: /home/harshit/mrt_ws/install/aruco_detection_interfaces/share/aruco_detection_interfaces/environment/path.dsv
[4.131s] -- Up-to-date: /home/harshit/mrt_ws/install/aruco_detection_interfaces/share/aruco_detection_interfaces/local_setup.bash
[4.132s] -- Up-to-date: /home/harshit/mrt_ws/install/aruco_detection_interfaces/share/aruco_detection_interfaces/local_setup.sh
[4.132s] -- Up-to-date: /home/harshit/mrt_ws/install/aruco_detection_interfaces/share/aruco_detection_interfaces/local_setup.zsh
[4.132s] -- Installing: /home/harshit/mrt_ws/install/aruco_detection_interfaces/share/aruco_detection_interfaces/local_setup.dsv
[4.132s] -- Installing: /home/harshit/mrt_ws/install/aruco_detection_interfaces/share/aruco_detection_interfaces/package.dsv
[4.132s] -- Up-to-date: /home/harshit/mrt_ws/install/aruco_detection_interfaces/share/ament_index/resource_index/packages/aruco_detection_interfaces
[4.132s] -- Up-to-date: /home/harshit/mrt_ws/install/aruco_detection_interfaces/share/aruco_detection_interfaces/cmake/export_aruco_detection_interfaces__rosidl_generator_cExport.cmake
[4.132s] -- Up-to-date: /home/harshit/mrt_ws/install/aruco_detection_interfaces/share/aruco_detection_interfaces/cmake/export_aruco_detection_interfaces__rosidl_generator_cExport-noconfig.cmake
[4.132s] -- Up-to-date: /home/harshit/mrt_ws/install/aruco_detection_interfaces/share/aruco_detection_interfaces/cmake/export_aruco_detection_interfaces__rosidl_typesupport_fastrtps_cExport.cmake
[4.132s] -- Up-to-date: /home/harshit/mrt_ws/install/aruco_detection_interfaces/share/aruco_detection_interfaces/cmake/export_aruco_detection_interfaces__rosidl_typesupport_fastrtps_cExport-noconfig.cmake
[4.132s] -- Up-to-date: /home/harshit/mrt_ws/install/aruco_detection_interfaces/share/aruco_detection_interfaces/cmake/aruco_detection_interfaces__rosidl_typesupport_introspection_cExport.cmake
[4.132s] -- Up-to-date: /home/harshit/mrt_ws/install/aruco_detection_interfaces/share/aruco_detection_interfaces/cmake/aruco_detection_interfaces__rosidl_typesupport_introspection_cExport-noconfig.cmake
[4.133s] -- Up-to-date: /home/harshit/mrt_ws/install/aruco_detection_interfaces/share/aruco_detection_interfaces/cmake/aruco_detection_interfaces__rosidl_typesupport_cExport.cmake
[4.133s] -- Up-to-date: /home/harshit/mrt_ws/install/aruco_detection_interfaces/share/aruco_detection_interfaces/cmake/aruco_detection_interfaces__rosidl_typesupport_cExport-noconfig.cmake
[4.133s] -- Up-to-date: /home/harshit/mrt_ws/install/aruco_detection_interfaces/share/aruco_detection_interfaces/cmake/export_aruco_detection_interfaces__rosidl_generator_cppExport.cmake
[4.133s] -- Up-to-date: /home/harshit/mrt_ws/install/aruco_detection_interfaces/share/aruco_detection_interfaces/cmake/export_aruco_detection_interfaces__rosidl_typesupport_fastrtps_cppExport.cmake
[4.133s] -- Up-to-date: /home/harshit/mrt_ws/install/aruco_detection_interfaces/share/aruco_detection_interfaces/cmake/export_aruco_detection_interfaces__rosidl_typesupport_fastrtps_cppExport-noconfig.cmake
[4.133s] -- Up-to-date: /home/harshit/mrt_ws/install/aruco_detection_interfaces/share/aruco_detection_interfaces/cmake/aruco_detection_interfaces__rosidl_typesupport_introspection_cppExport.cmake
[4.133s] -- Up-to-date: /home/harshit/mrt_ws/install/aruco_detection_interfaces/share/aruco_detection_interfaces/cmake/aruco_detection_interfaces__rosidl_typesupport_introspection_cppExport-noconfig.cmake
[4.133s] -- Up-to-date: /home/harshit/mrt_ws/install/aruco_detection_interfaces/share/aruco_detection_interfaces/cmake/aruco_detection_interfaces__rosidl_typesupport_cppExport.cmake
[4.133s] -- Up-to-date: /home/harshit/mrt_ws/install/aruco_detection_interfaces/share/aruco_detection_interfaces/cmake/aruco_detection_interfaces__rosidl_typesupport_cppExport-noconfig.cmake
[4.133s] -- Up-to-date: /home/harshit/mrt_ws/install/aruco_detection_interfaces/share/aruco_detection_interfaces/cmake/export_aruco_detection_interfaces__rosidl_generator_pyExport.cmake
[4.133s] -- Up-to-date: /home/harshit/mrt_ws/install/aruco_detection_interfaces/share/aruco_detection_interfaces/cmake/export_aruco_detection_interfaces__rosidl_generator_pyExport-noconfig.cmake
[4.133s] -- Up-to-date: /home/harshit/mrt_ws/install/aruco_detection_interfaces/share/aruco_detection_interfaces/cmake/rosidl_cmake-extras.cmake
[4.133s] -- Up-to-date: /home/harshit/mrt_ws/install/aruco_detection_interfaces/share/aruco_detection_interfaces/cmake/ament_cmake_export_dependencies-extras.cmake
[4.134s] -- Up-to-date: /home/harshit/mrt_ws/install/aruco_detection_interfaces/share/aruco_detection_interfaces/cmake/ament_cmake_export_include_directories-extras.cmake
[4.134s] -- Up-to-date: /home/harshit/mrt_ws/install/aruco_detection_interfaces/share/aruco_detection_interfaces/cmake/ament_cmake_export_libraries-extras.cmake
[4.134s] -- Up-to-date: /home/harshit/mrt_ws/install/aruco_detection_interfaces/share/aruco_detection_interfaces/cmake/ament_cmake_export_targets-extras.cmake
[4.134s] -- Up-to-date: /home/harshit/mrt_ws/install/aruco_detection_interfaces/share/aruco_detection_interfaces/cmake/rosidl_cmake_export_typesupport_targets-extras.cmake
[4.134s] -- Up-to-date: /home/harshit/mrt_ws/install/aruco_detection_interfaces/share/aruco_detection_interfaces/cmake/rosidl_cmake_export_typesupport_libraries-extras.cmake
[4.134s] -- Up-to-date: /home/harshit/mrt_ws/install/aruco_detection_interfaces/share/aruco_detection_interfaces/cmake/aruco_detection_interfacesConfig.cmake
[4.134s] -- Up-to-date: /home/harshit/mrt_ws/install/aruco_detection_interfaces/share/aruco_detection_interfaces/cmake/aruco_detection_interfacesConfig-version.cmake
[4.134s] -- Up-to-date: /home/harshit/mrt_ws/install/aruco_detection_interfaces/share/aruco_detection_interfaces/package.xml
[4.135s] Invoked command in '/home/harshit/mrt_ws/build/aruco_detection_interfaces' returned '0': CMAKE_PREFIX_PATH=${CMAKE_PREFIX_PATH}:/home/harshit/mrt_ws/install/week0_tutorials:/home/harshit/mrt_ws/install/sauron:/home/harshit/mrt_ws/install/aruco_detection:/opt/ros/humble /usr/bin/cmake --install /home/harshit/mrt_ws/build/aruco_detection_interfaces
