[0.807s] Invoking command in '/home/harshit/mrt_ws/src/week0_tutorials': PYTHONPATH=/home/harshit/mrt_ws/build/week0_tutorials/prefix_override:/usr/lib/python3/dist-packages/colcon_core/task/python/colcon_distutils_commands:/home/harshit/mrt_ws/install/week0_tutorials/lib/python3.10/site-packages:${PYTHONPATH} /usr/bin/python3 -W ignore:setup.py install is deprecated setup.py egg_info --egg-base ../../build/week0_tutorials build --build-base /home/harshit/mrt_ws/build/week0_tutorials/build install --record /home/harshit/mrt_ws/build/week0_tutorials/install.log --single-version-externally-managed install_data
[0.977s] running egg_info
[0.977s] writing ../../build/week0_tutorials/week0_tutorials.egg-info/PKG-INFO
[0.979s] writing dependency_links to ../../build/week0_tutorials/week0_tutorials.egg-info/dependency_links.txt
[0.979s] writing entry points to ../../build/week0_tutorials/week0_tutorials.egg-info/entry_points.txt
[0.979s] writing requirements to ../../build/week0_tutorials/week0_tutorials.egg-info/requires.txt
[0.979s] writing top-level names to ../../build/week0_tutorials/week0_tutorials.egg-info/top_level.txt
[0.981s] reading manifest file '../../build/week0_tutorials/week0_tutorials.egg-info/SOURCES.txt'
[0.981s] writing manifest file '../../build/week0_tutorials/week0_tutorials.egg-info/SOURCES.txt'
[0.981s] running build
[0.981s] running build_py
[0.982s] running install
[0.982s] running install_lib
[0.983s] running install_data
[0.983s] copying package.xml -> /home/harshit/mrt_ws/install/week0_tutorials/share/week0_tutorials
[0.983s] running install_egg_info
[0.984s] removing '/home/harshit/mrt_ws/install/week0_tutorials/lib/python3.10/site-packages/week0_tutorials-0.0.0-py3.10.egg-info' (and everything under it)
[0.985s] Copying ../../build/week0_tutorials/week0_tutorials.egg-info to /home/harshit/mrt_ws/install/week0_tutorials/lib/python3.10/site-packages/week0_tutorials-0.0.0-py3.10.egg-info
[0.985s] running install_scripts
[1.004s] Installing publisher script to /home/harshit/mrt_ws/install/week0_tutorials/lib/week0_tutorials
[1.004s] Installing subscriber script to /home/harshit/mrt_ws/install/week0_tutorials/lib/week0_tutorials
[1.004s] writing list of installed files to '/home/harshit/mrt_ws/build/week0_tutorials/install.log'
[1.035s] Invoked command in '/home/harshit/mrt_ws/src/week0_tutorials' returned '0': PYTHONPATH=/home/harshit/mrt_ws/build/week0_tutorials/prefix_override:/usr/lib/python3/dist-packages/colcon_core/task/python/colcon_distutils_commands:/home/harshit/mrt_ws/install/week0_tutorials/lib/python3.10/site-packages:${PYTHONPATH} /usr/bin/python3 -W ignore:setup.py install is deprecated setup.py egg_info --egg-base ../../build/week0_tutorials build --build-base /home/harshit/mrt_ws/build/week0_tutorials/build install --record /home/harshit/mrt_ws/build/week0_tutorials/install.log --single-version-externally-managed install_data
