[0.015s] Invoking command in '/home/harshit/mrt_ws/build/aruco_detection_interfaces': CMAKE_PREFIX_PATH=${CMAKE_PREFIX_PATH}:/home/harshit/mrt_ws/install/week0_tutorials:/home/harshit/mrt_ws/install/sauron:/home/harshit/mrt_ws/install/aruco_detection:/opt/ros/humble /usr/bin/cmake --build /home/harshit/mrt_ws/build/aruco_detection_interfaces -- -j8 -l8
[0.191s] -- Found rosidl_default_generators: 1.2.0 (/opt/ros/humble/share/rosidl_default_generators/cmake)
[0.191s] -- Found ament_cmake_core: 1.3.10 (/opt/ros/humble/share/ament_cmake_core/cmake)
[0.191s] -- Using all available rosidl_typesupport_c: rosidl_typesupport_fastrtps_c;rosidl_typesupport_introspection_c
[0.191s] -- Found rosidl_adapter: 3.1.5 (/opt/ros/humble/share/rosidl_adapter/cmake)
[0.196s] -- Using all available rosidl_typesupport_cpp: rosidl_typesupport_fastrtps_cpp;rosidl_typesupport_introspection_cpp
[0.216s] -- Found sensor_msgs: 4.2.4 (/opt/ros/humble/share/sensor_msgs/cmake)
[0.629s] -- Found ament_cmake_ros: 0.10.0 (/opt/ros/humble/share/ament_cmake_ros/cmake)
[1.054s] -- Using all available rosidl_typesupport_c: rosidl_typesupport_fastrtps_c;rosidl_typesupport_introspection_c
[1.550s] -- Using all available rosidl_typesupport_cpp: rosidl_typesupport_fastrtps_cpp;rosidl_typesupport_introspection_cpp
[1.553s] [33mCMake Warning (dev) at /opt/ros/humble/share/rosidl_generator_py/cmake/rosidl_generator_py_generate_interfaces.cmake:20 (find_package):
[1.553s]   Policy CMP0148 is not set: The FindPythonInterp and FindPythonLibs modules
[1.553s]   are removed.  Run "cmake --help-policy CMP0148" for policy details.  Use
[1.553s]   the cmake_policy command to set the policy and suppress this warning.
[1.553s] 
[1.553s] Call Stack (most recent call first):
[1.553s]   /opt/ros/humble/share/ament_cmake_core/cmake/core/ament_execute_extensions.cmake:48 (include)
[1.553s]   /opt/ros/humble/share/rosidl_cmake/cmake/rosidl_generate_interfaces.cmake:286 (ament_execute_extensions)
[1.553s]   CMakeLists.txt:7 (rosidl_generate_interfaces)
[1.553s] This warning is for project developers.  Use -Wno-dev to suppress it.
[1.553s] [0m
[1.569s] -- Found python_cmake_module: 0.10.0 (/opt/ros/humble/share/python_cmake_module/cmake)
[1.570s] [33mCMake Warning (dev) at /opt/ros/humble/share/python_cmake_module/cmake/Modules/FindPythonExtra.cmake:52 (find_package):
[1.570s]   Policy CMP0148 is not set: The FindPythonInterp and FindPythonLibs modules
[1.570s]   are removed.  Run "cmake --help-policy CMP0148" for policy details.  Use
[1.570s]   the cmake_policy command to set the policy and suppress this warning.
[1.570s] 
[1.570s] Call Stack (most recent call first):
[1.570s]   /opt/ros/humble/share/rosidl_generator_py/cmake/rosidl_generator_py_generate_interfaces.cmake:23 (find_package)
[1.570s]   /opt/ros/humble/share/ament_cmake_core/cmake/core/ament_execute_extensions.cmake:48 (include)
[1.570s]   /opt/ros/humble/share/rosidl_cmake/cmake/rosidl_generate_interfaces.cmake:286 (ament_execute_extensions)
[1.570s]   CMakeLists.txt:7 (rosidl_generate_interfaces)
[1.570s] This warning is for project developers.  Use -Wno-dev to suppress it.
[1.570s] [0m
[1.586s] [33mCMake Warning (dev) at /opt/ros/humble/share/python_cmake_module/cmake/Modules/FindPythonExtra.cmake:140 (find_package):
[1.586s]   Policy CMP0148 is not set: The FindPythonInterp and FindPythonLibs modules
[1.586s]   are removed.  Run "cmake --help-policy CMP0148" for policy details.  Use
[1.586s]   the cmake_policy command to set the policy and suppress this warning.
[1.586s] 
[1.586s] Call Stack (most recent call first):
[1.586s]   /opt/ros/humble/share/rosidl_generator_py/cmake/rosidl_generator_py_generate_interfaces.cmake:23 (find_package)
[1.586s]   /opt/ros/humble/share/ament_cmake_core/cmake/core/ament_execute_extensions.cmake:48 (include)
[1.586s]   /opt/ros/humble/share/rosidl_cmake/cmake/rosidl_generate_interfaces.cmake:286 (ament_execute_extensions)
[1.586s]   CMakeLists.txt:7 (rosidl_generate_interfaces)
[1.586s] This warning is for project developers.  Use -Wno-dev to suppress it.
[1.587s] [0m
[1.588s] -- Using PYTHON_EXECUTABLE: /usr/bin/python3
[1.588s] -- Using PYTHON_INCLUDE_DIRS: /usr/include/python3.10
[1.588s] -- Using PYTHON_LIBRARIES: /usr/lib/x86_64-linux-gnu/libpython3.10.so
[1.628s] -- Found ament_lint_auto: 0.12.11 (/opt/ros/humble/share/ament_lint_auto/cmake)
[1.644s] -- Added test 'lint_cmake' to check CMake code style
[1.645s] -- Added test 'xmllint' to check XML markup files
[1.646s] -- Configuring done (1.6s)
[1.696s] -- Generating done (0.0s)
[1.696s] -- Build files have been written to: /home/harshit/mrt_ws/build/aruco_detection_interfaces
[1.709s] [  1%] [34m[1mGenerating C code for ROS interfaces[0m
[1.713s] [  3%] [34m[1mGenerating C++ code for ROS interfaces[0m
[1.717s] [  3%] Built target ament_cmake_python_copy_aruco_detection_interfaces
[1.881s] running egg_info
[1.882s] writing aruco_detection_interfaces.egg-info/PKG-INFO
[1.882s] writing dependency_links to aruco_detection_interfaces.egg-info/dependency_links.txt
[1.882s] writing top-level names to aruco_detection_interfaces.egg-info/top_level.txt
[1.884s] reading manifest file 'aruco_detection_interfaces.egg-info/SOURCES.txt'
[1.884s] writing manifest file 'aruco_detection_interfaces.egg-info/SOURCES.txt'
[1.901s] [  3%] Built target ament_cmake_python_build_aruco_detection_interfaces_egg
[2.019s] [  3%] Built target aruco_detection_interfaces__cpp
[2.024s] [  5%] [34m[1mGenerating C++ type support dispatch for ROS interfaces[0m
[2.025s] [  7%] [34m[1mGenerating C++ type support for eProsima Fast-RTPS[0m
[2.025s] [  9%] [34m[1mGenerating C++ introspection for ROS interfaces[0m
[2.037s] [ 10%] [32mBuilding C object CMakeFiles/aruco_detection_interfaces__rosidl_generator_c.dir/rosidl_generator_c/aruco_detection_interfaces/msg/detail/point_array__functions.c.o[0m
[2.038s] [ 12%] [32mBuilding C object CMakeFiles/aruco_detection_interfaces__rosidl_generator_c.dir/rosidl_generator_c/aruco_detection_interfaces/msg/detail/point__functions.c.o[0m
[2.038s] [ 14%] [32mBuilding C object CMakeFiles/aruco_detection_interfaces__rosidl_generator_c.dir/rosidl_generator_c/aruco_detection_interfaces/msg/detail/image_bounds__functions.c.o[0m
[2.041s] [ 16%] [32mBuilding C object CMakeFiles/aruco_detection_interfaces__rosidl_generator_c.dir/rosidl_generator_c/aruco_detection_interfaces/srv/detail/process_image__functions.c.o[0m
[2.123s] [ 18%] [32m[1mLinking C shared library libaruco_detection_interfaces__rosidl_generator_c.so[0m
[2.159s] [ 18%] Built target aruco_detection_interfaces__rosidl_generator_c
[2.165s] [ 20%] [34m[1mGenerating C type support dispatch for ROS interfaces[0m
[2.165s] [ 21%] [34m[1mGenerating C introspection for ROS interfaces[0m
[2.173s] [ 23%] [34m[1mGenerating C type support for eProsima Fast-RTPS[0m
[2.376s] [ 25%] [32mBuilding CXX object CMakeFiles/aruco_detection_interfaces__rosidl_typesupport_cpp.dir/rosidl_typesupport_cpp/aruco_detection_interfaces/msg/point__type_support.cpp.o[0m
[2.378s] [ 27%] [32mBuilding CXX object CMakeFiles/aruco_detection_interfaces__rosidl_typesupport_cpp.dir/rosidl_typesupport_cpp/aruco_detection_interfaces/msg/point_array__type_support.cpp.o[0m
[2.384s] [ 29%] [32mBuilding CXX object CMakeFiles/aruco_detection_interfaces__rosidl_typesupport_cpp.dir/rosidl_typesupport_cpp/aruco_detection_interfaces/msg/image_bounds__type_support.cpp.o[0m
[2.411s] [ 30%] [32mBuilding CXX object CMakeFiles/aruco_detection_interfaces__rosidl_typesupport_introspection_cpp.dir/rosidl_typesupport_introspection_cpp/aruco_detection_interfaces/msg/detail/point__type_support.cpp.o[0m
[2.486s] [ 32%] [32mBuilding CXX object CMakeFiles/aruco_detection_interfaces__rosidl_typesupport_fastrtps_cpp.dir/rosidl_typesupport_fastrtps_cpp/aruco_detection_interfaces/msg/detail/dds_fastrtps/point__type_support.cpp.o[0m
[2.584s] [ 34%] [32mBuilding CXX object CMakeFiles/aruco_detection_interfaces__rosidl_typesupport_c.dir/rosidl_typesupport_c/aruco_detection_interfaces/msg/point__type_support.cpp.o[0m
[2.639s] [ 36%] [32mBuilding CXX object CMakeFiles/aruco_detection_interfaces__rosidl_typesupport_c.dir/rosidl_typesupport_c/aruco_detection_interfaces/msg/point_array__type_support.cpp.o[0m
[2.652s] [ 38%] [32mBuilding C object CMakeFiles/aruco_detection_interfaces__rosidl_typesupport_introspection_c.dir/rosidl_typesupport_introspection_c/aruco_detection_interfaces/msg/detail/point__type_support.c.o[0m
[2.677s] [ 40%] [32mBuilding CXX object CMakeFiles/aruco_detection_interfaces__rosidl_typesupport_c.dir/rosidl_typesupport_c/aruco_detection_interfaces/msg/image_bounds__type_support.cpp.o[0m
[2.697s] [ 41%] [32mBuilding CXX object CMakeFiles/aruco_detection_interfaces__rosidl_typesupport_fastrtps_c.dir/rosidl_typesupport_fastrtps_c/aruco_detection_interfaces/msg/detail/point__type_support_c.cpp.o[0m
[2.700s] [ 43%] [32mBuilding C object CMakeFiles/aruco_detection_interfaces__rosidl_typesupport_introspection_c.dir/rosidl_typesupport_introspection_c/aruco_detection_interfaces/msg/detail/point_array__type_support.c.o[0m
[2.718s] [ 45%] [32mBuilding CXX object CMakeFiles/aruco_detection_interfaces__rosidl_typesupport_c.dir/rosidl_typesupport_c/aruco_detection_interfaces/srv/process_image__type_support.cpp.o[0m
[2.742s] [ 47%] [32mBuilding C object CMakeFiles/aruco_detection_interfaces__rosidl_typesupport_introspection_c.dir/rosidl_typesupport_introspection_c/aruco_detection_interfaces/msg/detail/image_bounds__type_support.c.o[0m
[2.745s] [ 49%] [32mBuilding CXX object CMakeFiles/aruco_detection_interfaces__rosidl_typesupport_cpp.dir/rosidl_typesupport_cpp/aruco_detection_interfaces/srv/process_image__type_support.cpp.o[0m
[2.748s] [ 50%] [32mBuilding CXX object CMakeFiles/aruco_detection_interfaces__rosidl_typesupport_fastrtps_c.dir/rosidl_typesupport_fastrtps_c/aruco_detection_interfaces/msg/detail/point_array__type_support_c.cpp.o[0m
[2.756s] [ 52%] [32mBuilding C object CMakeFiles/aruco_detection_interfaces__rosidl_typesupport_introspection_c.dir/rosidl_typesupport_introspection_c/aruco_detection_interfaces/srv/detail/process_image__type_support.c.o[0m
[2.772s] [ 54%] [32m[1mLinking CXX shared library libaruco_detection_interfaces__rosidl_typesupport_c.so[0m
[2.820s] [ 56%] [32mBuilding CXX object CMakeFiles/aruco_detection_interfaces__rosidl_typesupport_introspection_cpp.dir/rosidl_typesupport_introspection_cpp/aruco_detection_interfaces/msg/detail/point_array__type_support.cpp.o[0m
[2.830s] [ 58%] [32m[1mLinking C shared library libaruco_detection_interfaces__rosidl_typesupport_introspection_c.so[0m
[2.849s] [ 58%] Built target aruco_detection_interfaces__rosidl_typesupport_c
[2.857s] [ 60%] [32mBuilding CXX object CMakeFiles/aruco_detection_interfaces__rosidl_typesupport_fastrtps_c.dir/rosidl_typesupport_fastrtps_c/aruco_detection_interfaces/msg/detail/image_bounds__type_support_c.cpp.o[0m
[2.869s] [ 60%] Built target aruco_detection_interfaces__rosidl_typesupport_introspection_c
[2.874s] [ 61%] [32mBuilding CXX object CMakeFiles/aruco_detection_interfaces__rosidl_typesupport_fastrtps_cpp.dir/rosidl_typesupport_fastrtps_cpp/aruco_detection_interfaces/msg/detail/dds_fastrtps/point_array__type_support.cpp.o[0m
[2.908s] [ 63%] [32mBuilding CXX object CMakeFiles/aruco_detection_interfaces__rosidl_typesupport_fastrtps_c.dir/rosidl_typesupport_fastrtps_c/aruco_detection_interfaces/srv/detail/process_image__type_support_c.cpp.o[0m
[2.994s] [ 65%] [32mBuilding CXX object CMakeFiles/aruco_detection_interfaces__rosidl_typesupport_fastrtps_cpp.dir/rosidl_typesupport_fastrtps_cpp/aruco_detection_interfaces/msg/detail/dds_fastrtps/image_bounds__type_support.cpp.o[0m
[3.078s] [ 67%] [32m[1mLinking CXX shared library libaruco_detection_interfaces__rosidl_typesupport_cpp.so[0m
[3.127s] [ 69%] [32mBuilding CXX object CMakeFiles/aruco_detection_interfaces__rosidl_typesupport_introspection_cpp.dir/rosidl_typesupport_introspection_cpp/aruco_detection_interfaces/msg/detail/image_bounds__type_support.cpp.o[0m
[3.128s] [ 69%] Built target aruco_detection_interfaces__rosidl_typesupport_cpp
[3.138s] [ 70%] [32mBuilding CXX object CMakeFiles/aruco_detection_interfaces__rosidl_typesupport_fastrtps_cpp.dir/rosidl_typesupport_fastrtps_cpp/aruco_detection_interfaces/srv/detail/dds_fastrtps/process_image__type_support.cpp.o[0m
[3.146s] [ 72%] [32mBuilding CXX object CMakeFiles/aruco_detection_interfaces__rosidl_typesupport_introspection_cpp.dir/rosidl_typesupport_introspection_cpp/aruco_detection_interfaces/srv/detail/process_image__type_support.cpp.o[0m
[3.312s] [ 74%] [32m[1mLinking CXX shared library libaruco_detection_interfaces__rosidl_typesupport_fastrtps_c.so[0m
[3.411s] [ 74%] Built target aruco_detection_interfaces__rosidl_typesupport_fastrtps_c
[3.581s] [ 76%] [32m[1mLinking CXX shared library libaruco_detection_interfaces__rosidl_typesupport_fastrtps_cpp.so[0m
[3.585s] [ 78%] [32m[1mLinking CXX shared library libaruco_detection_interfaces__rosidl_typesupport_introspection_cpp.so[0m
[3.641s] [ 78%] Built target aruco_detection_interfaces__rosidl_typesupport_fastrtps_cpp
[3.644s] [ 78%] Built target aruco_detection_interfaces__rosidl_typesupport_introspection_cpp
[3.651s] [ 78%] Built target aruco_detection_interfaces
[3.659s] [ 80%] [34m[1mGenerating Python code for ROS interfaces[0m
[4.101s] [ 80%] Built target aruco_detection_interfaces__py
[4.116s] [ 85%] [32mBuilding C object CMakeFiles/aruco_detection_interfaces__rosidl_generator_py.dir/rosidl_generator_py/aruco_detection_interfaces/msg/_point_array_s.c.o[0m
[4.116s] [ 85%] [32mBuilding C object CMakeFiles/aruco_detection_interfaces__rosidl_generator_py.dir/rosidl_generator_py/aruco_detection_interfaces/msg/_image_bounds_s.c.o[0m
[4.116s] [ 85%] [32mBuilding C object CMakeFiles/aruco_detection_interfaces__rosidl_generator_py.dir/rosidl_generator_py/aruco_detection_interfaces/msg/_point_s.c.o[0m
[4.116s] [ 87%] [32mBuilding C object CMakeFiles/aruco_detection_interfaces__rosidl_generator_py.dir/rosidl_generator_py/aruco_detection_interfaces/srv/_process_image_s.c.o[0m
[4.223s] [ 89%] [32m[1mLinking C shared library rosidl_generator_py/aruco_detection_interfaces/libaruco_detection_interfaces__rosidl_generator_py.so[0m
[4.248s] [ 89%] Built target aruco_detection_interfaces__rosidl_generator_py
[4.258s] [ 92%] [32mBuilding C object CMakeFiles/aruco_detection_interfaces__rosidl_typesupport_introspection_c__pyext.dir/rosidl_generator_py/aruco_detection_interfaces/_aruco_detection_interfaces_s.ep.rosidl_typesupport_introspection_c.c.o[0m
[4.258s] [ 92%] [32mBuilding C object CMakeFiles/aruco_detection_interfaces__rosidl_typesupport_fastrtps_c__pyext.dir/rosidl_generator_py/aruco_detection_interfaces/_aruco_detection_interfaces_s.ep.rosidl_typesupport_fastrtps_c.c.o[0m
[4.258s] [ 94%] [32mBuilding C object CMakeFiles/aruco_detection_interfaces__rosidl_typesupport_c__pyext.dir/rosidl_generator_py/aruco_detection_interfaces/_aruco_detection_interfaces_s.ep.rosidl_typesupport_c.c.o[0m
[4.334s] [ 96%] [32m[1mLinking C shared library rosidl_generator_py/aruco_detection_interfaces/aruco_detection_interfaces_s__rosidl_typesupport_c.cpython-310-x86_64-linux-gnu.so[0m
[4.334s] [ 98%] [32m[1mLinking C shared library rosidl_generator_py/aruco_detection_interfaces/aruco_detection_interfaces_s__rosidl_typesupport_introspection_c.cpython-310-x86_64-linux-gnu.so[0m
[4.337s] [100%] [32m[1mLinking C shared library rosidl_generator_py/aruco_detection_interfaces/aruco_detection_interfaces_s__rosidl_typesupport_fastrtps_c.cpython-310-x86_64-linux-gnu.so[0m
[4.356s] [100%] Built target aruco_detection_interfaces__rosidl_typesupport_introspection_c__pyext
[4.356s] [100%] Built target aruco_detection_interfaces__rosidl_typesupport_c__pyext
[4.359s] [100%] Built target aruco_detection_interfaces__rosidl_typesupport_fastrtps_c__pyext
[4.364s] Invoked command in '/home/harshit/mrt_ws/build/aruco_detection_interfaces' returned '0': CMAKE_PREFIX_PATH=${CMAKE_PREFIX_PATH}:/home/harshit/mrt_ws/install/week0_tutorials:/home/harshit/mrt_ws/install/sauron:/home/harshit/mrt_ws/install/aruco_detection:/opt/ros/humble /usr/bin/cmake --build /home/harshit/mrt_ws/build/aruco_detection_interfaces -- -j8 -l8
[4.440s] Invoking command in '/home/harshit/mrt_ws/build/aruco_detection_interfaces': CMAKE_PREFIX_PATH=${CMAKE_PREFIX_PATH}:/home/harshit/mrt_ws/install/week0_tutorials:/home/harshit/mrt_ws/install/sauron:/home/harshit/mrt_ws/install/aruco_detection:/opt/ros/humble /usr/bin/cmake --install /home/harshit/mrt_ws/build/aruco_detection_interfaces
[4.443s] -- Install configuration: ""
[4.443s] -- Up-to-date: /home/harshit/mrt_ws/install/aruco_detection_interfaces/share/ament_index/resource_index/rosidl_interfaces/aruco_detection_interfaces
[4.443s] -- Up-to-date: /home/harshit/mrt_ws/install/aruco_detection_interfaces/include/aruco_detection_interfaces/aruco_detection_interfaces
[4.443s] -- Up-to-date: /home/harshit/mrt_ws/install/aruco_detection_interfaces/include/aruco_detection_interfaces/aruco_detection_interfaces/srv
[4.443s] -- Installing: /home/harshit/mrt_ws/install/aruco_detection_interfaces/include/aruco_detection_interfaces/aruco_detection_interfaces/srv/process_image.h
[4.443s] -- Up-to-date: /home/harshit/mrt_ws/install/aruco_detection_interfaces/include/aruco_detection_interfaces/aruco_detection_interfaces/srv/detail
[4.443s] -- Installing: /home/harshit/mrt_ws/install/aruco_detection_interfaces/include/aruco_detection_interfaces/aruco_detection_interfaces/srv/detail/process_image__struct.h
[4.444s] -- Installing: /home/harshit/mrt_ws/install/aruco_detection_interfaces/include/aruco_detection_interfaces/aruco_detection_interfaces/srv/detail/process_image__functions.c
[4.444s] -- Installing: /home/harshit/mrt_ws/install/aruco_detection_interfaces/include/aruco_detection_interfaces/aruco_detection_interfaces/srv/detail/process_image__type_support.h
[4.444s] -- Installing: /home/harshit/mrt_ws/install/aruco_detection_interfaces/include/aruco_detection_interfaces/aruco_detection_interfaces/srv/detail/process_image__functions.h
[4.444s] -- Up-to-date: /home/harshit/mrt_ws/install/aruco_detection_interfaces/include/aruco_detection_interfaces/aruco_detection_interfaces/msg
[4.444s] -- Up-to-date: /home/harshit/mrt_ws/install/aruco_detection_interfaces/include/aruco_detection_interfaces/aruco_detection_interfaces/msg/rosidl_generator_c__visibility_control.h
[4.444s] -- Up-to-date: /home/harshit/mrt_ws/install/aruco_detection_interfaces/include/aruco_detection_interfaces/aruco_detection_interfaces/msg/detail
[4.444s] -- Installing: /home/harshit/mrt_ws/install/aruco_detection_interfaces/include/aruco_detection_interfaces/aruco_detection_interfaces/msg/detail/point_array__struct.h
[4.444s] -- Installing: /home/harshit/mrt_ws/install/aruco_detection_interfaces/include/aruco_detection_interfaces/aruco_detection_interfaces/msg/detail/point__functions.c
[4.444s] -- Installing: /home/harshit/mrt_ws/install/aruco_detection_interfaces/include/aruco_detection_interfaces/aruco_detection_interfaces/msg/detail/point__struct.h
[4.444s] -- Installing: /home/harshit/mrt_ws/install/aruco_detection_interfaces/include/aruco_detection_interfaces/aruco_detection_interfaces/msg/detail/point__functions.h
[4.444s] -- Installing: /home/harshit/mrt_ws/install/aruco_detection_interfaces/include/aruco_detection_interfaces/aruco_detection_interfaces/msg/detail/image_bounds__functions.c
[4.444s] -- Installing: /home/harshit/mrt_ws/install/aruco_detection_interfaces/include/aruco_detection_interfaces/aruco_detection_interfaces/msg/detail/point_array__functions.h
[4.444s] -- Installing: /home/harshit/mrt_ws/install/aruco_detection_interfaces/include/aruco_detection_interfaces/aruco_detection_interfaces/msg/detail/point_array__type_support.h
[4.444s] -- Installing: /home/harshit/mrt_ws/install/aruco_detection_interfaces/include/aruco_detection_interfaces/aruco_detection_interfaces/msg/detail/point__type_support.h
[4.445s] -- Installing: /home/harshit/mrt_ws/install/aruco_detection_interfaces/include/aruco_detection_interfaces/aruco_detection_interfaces/msg/detail/image_bounds__struct.h
[4.445s] -- Installing: /home/harshit/mrt_ws/install/aruco_detection_interfaces/include/aruco_detection_interfaces/aruco_detection_interfaces/msg/detail/point_array__functions.c
[4.445s] -- Installing: /home/harshit/mrt_ws/install/aruco_detection_interfaces/include/aruco_detection_interfaces/aruco_detection_interfaces/msg/detail/image_bounds__functions.h
[4.445s] -- Installing: /home/harshit/mrt_ws/install/aruco_detection_interfaces/include/aruco_detection_interfaces/aruco_detection_interfaces/msg/detail/image_bounds__type_support.h
[4.445s] -- Installing: /home/harshit/mrt_ws/install/aruco_detection_interfaces/include/aruco_detection_interfaces/aruco_detection_interfaces/msg/image_bounds.h
[4.445s] -- Installing: /home/harshit/mrt_ws/install/aruco_detection_interfaces/include/aruco_detection_interfaces/aruco_detection_interfaces/msg/point.h
[4.445s] -- Installing: /home/harshit/mrt_ws/install/aruco_detection_interfaces/include/aruco_detection_interfaces/aruco_detection_interfaces/msg/point_array.h
[4.445s] -- Up-to-date: /home/harshit/mrt_ws/install/aruco_detection_interfaces/share/aruco_detection_interfaces/environment/library_path.sh
[4.445s] -- Installing: /home/harshit/mrt_ws/install/aruco_detection_interfaces/share/aruco_detection_interfaces/environment/library_path.dsv
[4.446s] -- Installing: /home/harshit/mrt_ws/install/aruco_detection_interfaces/lib/libaruco_detection_interfaces__rosidl_generator_c.so
[4.446s] -- Set non-toolchain portion of runtime path of "/home/harshit/mrt_ws/install/aruco_detection_interfaces/lib/libaruco_detection_interfaces__rosidl_generator_c.so" to ""
[4.447s] -- Up-to-date: /home/harshit/mrt_ws/install/aruco_detection_interfaces/include/aruco_detection_interfaces/aruco_detection_interfaces
[4.447s] -- Up-to-date: /home/harshit/mrt_ws/install/aruco_detection_interfaces/include/aruco_detection_interfaces/aruco_detection_interfaces/srv
[4.447s] -- Up-to-date: /home/harshit/mrt_ws/install/aruco_detection_interfaces/include/aruco_detection_interfaces/aruco_detection_interfaces/srv/detail
[4.447s] -- Installing: /home/harshit/mrt_ws/install/aruco_detection_interfaces/include/aruco_detection_interfaces/aruco_detection_interfaces/srv/detail/process_image__rosidl_typesupport_fastrtps_c.h
[4.447s] -- Up-to-date: /home/harshit/mrt_ws/install/aruco_detection_interfaces/include/aruco_detection_interfaces/aruco_detection_interfaces/msg
[4.447s] -- Up-to-date: /home/harshit/mrt_ws/install/aruco_detection_interfaces/include/aruco_detection_interfaces/aruco_detection_interfaces/msg/detail
[4.447s] -- Installing: /home/harshit/mrt_ws/install/aruco_detection_interfaces/include/aruco_detection_interfaces/aruco_detection_interfaces/msg/detail/point_array__rosidl_typesupport_fastrtps_c.h
[4.447s] -- Installing: /home/harshit/mrt_ws/install/aruco_detection_interfaces/include/aruco_detection_interfaces/aruco_detection_interfaces/msg/detail/image_bounds__rosidl_typesupport_fastrtps_c.h
[4.447s] -- Installing: /home/harshit/mrt_ws/install/aruco_detection_interfaces/include/aruco_detection_interfaces/aruco_detection_interfaces/msg/detail/point__rosidl_typesupport_fastrtps_c.h
[4.447s] -- Up-to-date: /home/harshit/mrt_ws/install/aruco_detection_interfaces/include/aruco_detection_interfaces/aruco_detection_interfaces/msg/rosidl_typesupport_fastrtps_c__visibility_control.h
[4.448s] -- Installing: /home/harshit/mrt_ws/install/aruco_detection_interfaces/lib/libaruco_detection_interfaces__rosidl_typesupport_fastrtps_c.so
[4.448s] -- Set non-toolchain portion of runtime path of "/home/harshit/mrt_ws/install/aruco_detection_interfaces/lib/libaruco_detection_interfaces__rosidl_typesupport_fastrtps_c.so" to ""
[4.448s] -- Up-to-date: /home/harshit/mrt_ws/install/aruco_detection_interfaces/include/aruco_detection_interfaces/aruco_detection_interfaces
[4.449s] -- Up-to-date: /home/harshit/mrt_ws/install/aruco_detection_interfaces/include/aruco_detection_interfaces/aruco_detection_interfaces/srv
[4.449s] -- Up-to-date: /home/harshit/mrt_ws/install/aruco_detection_interfaces/include/aruco_detection_interfaces/aruco_detection_interfaces/srv/detail
[4.449s] -- Installing: /home/harshit/mrt_ws/install/aruco_detection_interfaces/include/aruco_detection_interfaces/aruco_detection_interfaces/srv/detail/process_image__type_support.c
[4.449s] -- Installing: /home/harshit/mrt_ws/install/aruco_detection_interfaces/include/aruco_detection_interfaces/aruco_detection_interfaces/srv/detail/process_image__rosidl_typesupport_introspection_c.h
[4.449s] -- Up-to-date: /home/harshit/mrt_ws/install/aruco_detection_interfaces/include/aruco_detection_interfaces/aruco_detection_interfaces/msg
[4.449s] -- Up-to-date: /home/harshit/mrt_ws/install/aruco_detection_interfaces/include/aruco_detection_interfaces/aruco_detection_interfaces/msg/rosidl_typesupport_introspection_c__visibility_control.h
[4.449s] -- Up-to-date: /home/harshit/mrt_ws/install/aruco_detection_interfaces/include/aruco_detection_interfaces/aruco_detection_interfaces/msg/detail
[4.449s] -- Installing: /home/harshit/mrt_ws/install/aruco_detection_interfaces/include/aruco_detection_interfaces/aruco_detection_interfaces/msg/detail/image_bounds__type_support.c
[4.449s] -- Installing: /home/harshit/mrt_ws/install/aruco_detection_interfaces/include/aruco_detection_interfaces/aruco_detection_interfaces/msg/detail/point_array__rosidl_typesupport_introspection_c.h
[4.449s] -- Installing: /home/harshit/mrt_ws/install/aruco_detection_interfaces/include/aruco_detection_interfaces/aruco_detection_interfaces/msg/detail/point__type_support.c
[4.449s] -- Installing: /home/harshit/mrt_ws/install/aruco_detection_interfaces/include/aruco_detection_interfaces/aruco_detection_interfaces/msg/detail/point__rosidl_typesupport_introspection_c.h
[4.449s] -- Installing: /home/harshit/mrt_ws/install/aruco_detection_interfaces/include/aruco_detection_interfaces/aruco_detection_interfaces/msg/detail/image_bounds__rosidl_typesupport_introspection_c.h
[4.450s] -- Installing: /home/harshit/mrt_ws/install/aruco_detection_interfaces/include/aruco_detection_interfaces/aruco_detection_interfaces/msg/detail/point_array__type_support.c
[4.450s] -- Installing: /home/harshit/mrt_ws/install/aruco_detection_interfaces/lib/libaruco_detection_interfaces__rosidl_typesupport_introspection_c.so
[4.450s] -- Set non-toolchain portion of runtime path of "/home/harshit/mrt_ws/install/aruco_detection_interfaces/lib/libaruco_detection_interfaces__rosidl_typesupport_introspection_c.so" to ""
[4.451s] -- Installing: /home/harshit/mrt_ws/install/aruco_detection_interfaces/lib/libaruco_detection_interfaces__rosidl_typesupport_c.so
[4.451s] -- Set non-toolchain portion of runtime path of "/home/harshit/mrt_ws/install/aruco_detection_interfaces/lib/libaruco_detection_interfaces__rosidl_typesupport_c.so" to ""
[4.451s] -- Up-to-date: /home/harshit/mrt_ws/install/aruco_detection_interfaces/include/aruco_detection_interfaces/aruco_detection_interfaces
[4.451s] -- Up-to-date: /home/harshit/mrt_ws/install/aruco_detection_interfaces/include/aruco_detection_interfaces/aruco_detection_interfaces/srv
[4.451s] -- Installing: /home/harshit/mrt_ws/install/aruco_detection_interfaces/include/aruco_detection_interfaces/aruco_detection_interfaces/srv/process_image.hpp
[4.451s] -- Up-to-date: /home/harshit/mrt_ws/install/aruco_detection_interfaces/include/aruco_detection_interfaces/aruco_detection_interfaces/srv/detail
[4.451s] -- Installing: /home/harshit/mrt_ws/install/aruco_detection_interfaces/include/aruco_detection_interfaces/aruco_detection_interfaces/srv/detail/process_image__builder.hpp
[4.451s] -- Installing: /home/harshit/mrt_ws/install/aruco_detection_interfaces/include/aruco_detection_interfaces/aruco_detection_interfaces/srv/detail/process_image__traits.hpp
[4.451s] -- Installing: /home/harshit/mrt_ws/install/aruco_detection_interfaces/include/aruco_detection_interfaces/aruco_detection_interfaces/srv/detail/process_image__struct.hpp
[4.452s] -- Up-to-date: /home/harshit/mrt_ws/install/aruco_detection_interfaces/include/aruco_detection_interfaces/aruco_detection_interfaces/msg
[4.452s] -- Installing: /home/harshit/mrt_ws/install/aruco_detection_interfaces/include/aruco_detection_interfaces/aruco_detection_interfaces/msg/point_array.hpp
[4.452s] -- Installing: /home/harshit/mrt_ws/install/aruco_detection_interfaces/include/aruco_detection_interfaces/aruco_detection_interfaces/msg/image_bounds.hpp
[4.452s] -- Up-to-date: /home/harshit/mrt_ws/install/aruco_detection_interfaces/include/aruco_detection_interfaces/aruco_detection_interfaces/msg/detail
[4.452s] -- Installing: /home/harshit/mrt_ws/install/aruco_detection_interfaces/include/aruco_detection_interfaces/aruco_detection_interfaces/msg/detail/point_array__builder.hpp
[4.452s] -- Installing: /home/harshit/mrt_ws/install/aruco_detection_interfaces/include/aruco_detection_interfaces/aruco_detection_interfaces/msg/detail/image_bounds__struct.hpp
[4.452s] -- Installing: /home/harshit/mrt_ws/install/aruco_detection_interfaces/include/aruco_detection_interfaces/aruco_detection_interfaces/msg/detail/point__struct.hpp
[4.452s] -- Installing: /home/harshit/mrt_ws/install/aruco_detection_interfaces/include/aruco_detection_interfaces/aruco_detection_interfaces/msg/detail/point_array__struct.hpp
[4.452s] -- Installing: /home/harshit/mrt_ws/install/aruco_detection_interfaces/include/aruco_detection_interfaces/aruco_detection_interfaces/msg/detail/image_bounds__builder.hpp
[4.453s] -- Installing: /home/harshit/mrt_ws/install/aruco_detection_interfaces/include/aruco_detection_interfaces/aruco_detection_interfaces/msg/detail/image_bounds__traits.hpp
[4.453s] -- Installing: /home/harshit/mrt_ws/install/aruco_detection_interfaces/include/aruco_detection_interfaces/aruco_detection_interfaces/msg/detail/point_array__traits.hpp
[4.453s] -- Installing: /home/harshit/mrt_ws/install/aruco_detection_interfaces/include/aruco_detection_interfaces/aruco_detection_interfaces/msg/detail/point__traits.hpp
[4.453s] -- Installing: /home/harshit/mrt_ws/install/aruco_detection_interfaces/include/aruco_detection_interfaces/aruco_detection_interfaces/msg/detail/point__builder.hpp
[4.453s] -- Installing: /home/harshit/mrt_ws/install/aruco_detection_interfaces/include/aruco_detection_interfaces/aruco_detection_interfaces/msg/point.hpp
[4.453s] -- Up-to-date: /home/harshit/mrt_ws/install/aruco_detection_interfaces/include/aruco_detection_interfaces/aruco_detection_interfaces
[4.453s] -- Up-to-date: /home/harshit/mrt_ws/install/aruco_detection_interfaces/include/aruco_detection_interfaces/aruco_detection_interfaces/srv
[4.453s] -- Up-to-date: /home/harshit/mrt_ws/install/aruco_detection_interfaces/include/aruco_detection_interfaces/aruco_detection_interfaces/srv/detail
[4.453s] -- Installing: /home/harshit/mrt_ws/install/aruco_detection_interfaces/include/aruco_detection_interfaces/aruco_detection_interfaces/srv/detail/process_image__rosidl_typesupport_fastrtps_cpp.hpp
[4.453s] -- Up-to-date: /home/harshit/mrt_ws/install/aruco_detection_interfaces/include/aruco_detection_interfaces/aruco_detection_interfaces/srv/detail/dds_fastrtps
[4.453s] -- Up-to-date: /home/harshit/mrt_ws/install/aruco_detection_interfaces/include/aruco_detection_interfaces/aruco_detection_interfaces/msg
[4.454s] -- Up-to-date: /home/harshit/mrt_ws/install/aruco_detection_interfaces/include/aruco_detection_interfaces/aruco_detection_interfaces/msg/rosidl_typesupport_fastrtps_cpp__visibility_control.h
[4.454s] -- Up-to-date: /home/harshit/mrt_ws/install/aruco_detection_interfaces/include/aruco_detection_interfaces/aruco_detection_interfaces/msg/detail
[4.454s] -- Installing: /home/harshit/mrt_ws/install/aruco_detection_interfaces/include/aruco_detection_interfaces/aruco_detection_interfaces/msg/detail/point__rosidl_typesupport_fastrtps_cpp.hpp
[4.454s] -- Installing: /home/harshit/mrt_ws/install/aruco_detection_interfaces/include/aruco_detection_interfaces/aruco_detection_interfaces/msg/detail/image_bounds__rosidl_typesupport_fastrtps_cpp.hpp
[4.454s] -- Installing: /home/harshit/mrt_ws/install/aruco_detection_interfaces/include/aruco_detection_interfaces/aruco_detection_interfaces/msg/detail/point_array__rosidl_typesupport_fastrtps_cpp.hpp
[4.454s] -- Up-to-date: /home/harshit/mrt_ws/install/aruco_detection_interfaces/include/aruco_detection_interfaces/aruco_detection_interfaces/msg/detail/dds_fastrtps
[4.455s] -- Installing: /home/harshit/mrt_ws/install/aruco_detection_interfaces/lib/libaruco_detection_interfaces__rosidl_typesupport_fastrtps_cpp.so
[4.455s] -- Set non-toolchain portion of runtime path of "/home/harshit/mrt_ws/install/aruco_detection_interfaces/lib/libaruco_detection_interfaces__rosidl_typesupport_fastrtps_cpp.so" to ""
[4.456s] -- Up-to-date: /home/harshit/mrt_ws/install/aruco_detection_interfaces/include/aruco_detection_interfaces/aruco_detection_interfaces
[4.456s] -- Up-to-date: /home/harshit/mrt_ws/install/aruco_detection_interfaces/include/aruco_detection_interfaces/aruco_detection_interfaces/srv
[4.456s] -- Up-to-date: /home/harshit/mrt_ws/install/aruco_detection_interfaces/include/aruco_detection_interfaces/aruco_detection_interfaces/srv/detail
[4.456s] -- Installing: /home/harshit/mrt_ws/install/aruco_detection_interfaces/include/aruco_detection_interfaces/aruco_detection_interfaces/srv/detail/process_image__rosidl_typesupport_introspection_cpp.hpp
[4.456s] -- Installing: /home/harshit/mrt_ws/install/aruco_detection_interfaces/include/aruco_detection_interfaces/aruco_detection_interfaces/srv/detail/process_image__type_support.cpp
[4.456s] -- Up-to-date: /home/harshit/mrt_ws/install/aruco_detection_interfaces/include/aruco_detection_interfaces/aruco_detection_interfaces/msg
[4.456s] -- Up-to-date: /home/harshit/mrt_ws/install/aruco_detection_interfaces/include/aruco_detection_interfaces/aruco_detection_interfaces/msg/detail
[4.456s] -- Installing: /home/harshit/mrt_ws/install/aruco_detection_interfaces/include/aruco_detection_interfaces/aruco_detection_interfaces/msg/detail/image_bounds__rosidl_typesupport_introspection_cpp.hpp
[4.456s] -- Installing: /home/harshit/mrt_ws/install/aruco_detection_interfaces/include/aruco_detection_interfaces/aruco_detection_interfaces/msg/detail/point__type_support.cpp
[4.456s] -- Installing: /home/harshit/mrt_ws/install/aruco_detection_interfaces/include/aruco_detection_interfaces/aruco_detection_interfaces/msg/detail/point_array__type_support.cpp
[4.456s] -- Installing: /home/harshit/mrt_ws/install/aruco_detection_interfaces/include/aruco_detection_interfaces/aruco_detection_interfaces/msg/detail/point_array__rosidl_typesupport_introspection_cpp.hpp
[4.457s] -- Installing: /home/harshit/mrt_ws/install/aruco_detection_interfaces/include/aruco_detection_interfaces/aruco_detection_interfaces/msg/detail/image_bounds__type_support.cpp
[4.457s] -- Installing: /home/harshit/mrt_ws/install/aruco_detection_interfaces/include/aruco_detection_interfaces/aruco_detection_interfaces/msg/detail/point__rosidl_typesupport_introspection_cpp.hpp
[4.457s] -- Installing: /home/harshit/mrt_ws/install/aruco_detection_interfaces/lib/libaruco_detection_interfaces__rosidl_typesupport_introspection_cpp.so
[4.457s] -- Set non-toolchain portion of runtime path of "/home/harshit/mrt_ws/install/aruco_detection_interfaces/lib/libaruco_detection_interfaces__rosidl_typesupport_introspection_cpp.so" to ""
[4.457s] -- Installing: /home/harshit/mrt_ws/install/aruco_detection_interfaces/lib/libaruco_detection_interfaces__rosidl_typesupport_cpp.so
[4.457s] -- Set non-toolchain portion of runtime path of "/home/harshit/mrt_ws/install/aruco_detection_interfaces/lib/libaruco_detection_interfaces__rosidl_typesupport_cpp.so" to ""
[4.458s] -- Up-to-date: /home/harshit/mrt_ws/install/aruco_detection_interfaces/share/aruco_detection_interfaces/environment/pythonpath.sh
[4.458s] -- Installing: /home/harshit/mrt_ws/install/aruco_detection_interfaces/share/aruco_detection_interfaces/environment/pythonpath.dsv
[4.458s] -- Up-to-date: /home/harshit/mrt_ws/install/aruco_detection_interfaces/local/lib/python3.10/dist-packages/aruco_detection_interfaces-0.0.0-py3.10.egg-info
[4.458s] -- Installing: /home/harshit/mrt_ws/install/aruco_detection_interfaces/local/lib/python3.10/dist-packages/aruco_detection_interfaces-0.0.0-py3.10.egg-info/top_level.txt
[4.458s] -- Installing: /home/harshit/mrt_ws/install/aruco_detection_interfaces/local/lib/python3.10/dist-packages/aruco_detection_interfaces-0.0.0-py3.10.egg-info/SOURCES.txt
[4.458s] -- Installing: /home/harshit/mrt_ws/install/aruco_detection_interfaces/local/lib/python3.10/dist-packages/aruco_detection_interfaces-0.0.0-py3.10.egg-info/dependency_links.txt
[4.458s] -- Installing: /home/harshit/mrt_ws/install/aruco_detection_interfaces/local/lib/python3.10/dist-packages/aruco_detection_interfaces-0.0.0-py3.10.egg-info/PKG-INFO
[4.458s] -- Up-to-date: /home/harshit/mrt_ws/install/aruco_detection_interfaces/local/lib/python3.10/dist-packages/aruco_detection_interfaces
[4.458s] -- Installing: /home/harshit/mrt_ws/install/aruco_detection_interfaces/local/lib/python3.10/dist-packages/aruco_detection_interfaces/libaruco_detection_interfaces__rosidl_generator_py.so
[4.458s] -- Up-to-date: /home/harshit/mrt_ws/install/aruco_detection_interfaces/local/lib/python3.10/dist-packages/aruco_detection_interfaces/srv
[4.458s] -- Installing: /home/harshit/mrt_ws/install/aruco_detection_interfaces/local/lib/python3.10/dist-packages/aruco_detection_interfaces/srv/_process_image.py
[4.458s] -- Installing: /home/harshit/mrt_ws/install/aruco_detection_interfaces/local/lib/python3.10/dist-packages/aruco_detection_interfaces/srv/_process_image_s.c
[4.458s] -- Installing: /home/harshit/mrt_ws/install/aruco_detection_interfaces/local/lib/python3.10/dist-packages/aruco_detection_interfaces/srv/__init__.py
[4.459s] -- Installing: /home/harshit/mrt_ws/install/aruco_detection_interfaces/local/lib/python3.10/dist-packages/aruco_detection_interfaces/aruco_detection_interfaces_s__rosidl_typesupport_introspection_c.cpython-310-x86_64-linux-gnu.so
[4.459s] -- Installing: /home/harshit/mrt_ws/install/aruco_detection_interfaces/local/lib/python3.10/dist-packages/aruco_detection_interfaces/aruco_detection_interfaces_s__rosidl_typesupport_fastrtps_c.cpython-310-x86_64-linux-gnu.so
[4.459s] -- Installing: /home/harshit/mrt_ws/install/aruco_detection_interfaces/local/lib/python3.10/dist-packages/aruco_detection_interfaces/_aruco_detection_interfaces_s.ep.rosidl_typesupport_c.c
[4.459s] -- Up-to-date: /home/harshit/mrt_ws/install/aruco_detection_interfaces/local/lib/python3.10/dist-packages/aruco_detection_interfaces/msg
[4.459s] -- Installing: /home/harshit/mrt_ws/install/aruco_detection_interfaces/local/lib/python3.10/dist-packages/aruco_detection_interfaces/msg/_point_s.c
[4.459s] -- Installing: /home/harshit/mrt_ws/install/aruco_detection_interfaces/local/lib/python3.10/dist-packages/aruco_detection_interfaces/msg/_point_array_s.c
[4.459s] -- Installing: /home/harshit/mrt_ws/install/aruco_detection_interfaces/local/lib/python3.10/dist-packages/aruco_detection_interfaces/msg/_image_bounds_s.c
[4.459s] -- Installing: /home/harshit/mrt_ws/install/aruco_detection_interfaces/local/lib/python3.10/dist-packages/aruco_detection_interfaces/msg/_point.py
[4.459s] -- Installing: /home/harshit/mrt_ws/install/aruco_detection_interfaces/local/lib/python3.10/dist-packages/aruco_detection_interfaces/msg/_point_array.py
[4.459s] -- Installing: /home/harshit/mrt_ws/install/aruco_detection_interfaces/local/lib/python3.10/dist-packages/aruco_detection_interfaces/msg/_image_bounds.py
[4.460s] -- Installing: /home/harshit/mrt_ws/install/aruco_detection_interfaces/local/lib/python3.10/dist-packages/aruco_detection_interfaces/msg/__init__.py
[4.460s] -- Installing: /home/harshit/mrt_ws/install/aruco_detection_interfaces/local/lib/python3.10/dist-packages/aruco_detection_interfaces/_aruco_detection_interfaces_s.ep.rosidl_typesupport_introspection_c.c
[4.460s] -- Installing: /home/harshit/mrt_ws/install/aruco_detection_interfaces/local/lib/python3.10/dist-packages/aruco_detection_interfaces/_aruco_detection_interfaces_s.ep.rosidl_typesupport_fastrtps_c.c
[4.460s] -- Installing: /home/harshit/mrt_ws/install/aruco_detection_interfaces/local/lib/python3.10/dist-packages/aruco_detection_interfaces/aruco_detection_interfaces_s__rosidl_typesupport_c.cpython-310-x86_64-linux-gnu.so
[4.460s] -- Installing: /home/harshit/mrt_ws/install/aruco_detection_interfaces/local/lib/python3.10/dist-packages/aruco_detection_interfaces/__init__.py
[4.491s] Listing '/home/harshit/mrt_ws/install/aruco_detection_interfaces/local/lib/python3.10/dist-packages/aruco_detection_interfaces'...
[4.491s] Compiling '/home/harshit/mrt_ws/install/aruco_detection_interfaces/local/lib/python3.10/dist-packages/aruco_detection_interfaces/__init__.py'...
[4.491s] Listing '/home/harshit/mrt_ws/install/aruco_detection_interfaces/local/lib/python3.10/dist-packages/aruco_detection_interfaces/msg'...
[4.491s] Compiling '/home/harshit/mrt_ws/install/aruco_detection_interfaces/local/lib/python3.10/dist-packages/aruco_detection_interfaces/msg/__init__.py'...
[4.491s] Compiling '/home/harshit/mrt_ws/install/aruco_detection_interfaces/local/lib/python3.10/dist-packages/aruco_detection_interfaces/msg/_image_bounds.py'...
[4.491s] Compiling '/home/harshit/mrt_ws/install/aruco_detection_interfaces/local/lib/python3.10/dist-packages/aruco_detection_interfaces/msg/_point.py'...
[4.491s] Compiling '/home/harshit/mrt_ws/install/aruco_detection_interfaces/local/lib/python3.10/dist-packages/aruco_detection_interfaces/msg/_point_array.py'...
[4.491s] Listing '/home/harshit/mrt_ws/install/aruco_detection_interfaces/local/lib/python3.10/dist-packages/aruco_detection_interfaces/srv'...
[4.491s] Compiling '/home/harshit/mrt_ws/install/aruco_detection_interfaces/local/lib/python3.10/dist-packages/aruco_detection_interfaces/srv/__init__.py'...
[4.491s] Compiling '/home/harshit/mrt_ws/install/aruco_detection_interfaces/local/lib/python3.10/dist-packages/aruco_detection_interfaces/srv/_process_image.py'...
[4.495s] -- Installing: /home/harshit/mrt_ws/install/aruco_detection_interfaces/local/lib/python3.10/dist-packages/aruco_detection_interfaces/aruco_detection_interfaces_s__rosidl_typesupport_fastrtps_c.cpython-310-x86_64-linux-gnu.so
[4.495s] -- Set non-toolchain portion of runtime path of "/home/harshit/mrt_ws/install/aruco_detection_interfaces/local/lib/python3.10/dist-packages/aruco_detection_interfaces/aruco_detection_interfaces_s__rosidl_typesupport_fastrtps_c.cpython-310-x86_64-linux-gnu.so" to ""
[4.495s] -- Installing: /home/harshit/mrt_ws/install/aruco_detection_interfaces/local/lib/python3.10/dist-packages/aruco_detection_interfaces/aruco_detection_interfaces_s__rosidl_typesupport_introspection_c.cpython-310-x86_64-linux-gnu.so
[4.496s] -- Set non-toolchain portion of runtime path of "/home/harshit/mrt_ws/install/aruco_detection_interfaces/local/lib/python3.10/dist-packages/aruco_detection_interfaces/aruco_detection_interfaces_s__rosidl_typesupport_introspection_c.cpython-310-x86_64-linux-gnu.so" to ""
[4.496s] -- Installing: /home/harshit/mrt_ws/install/aruco_detection_interfaces/local/lib/python3.10/dist-packages/aruco_detection_interfaces/aruco_detection_interfaces_s__rosidl_typesupport_c.cpython-310-x86_64-linux-gnu.so
[4.496s] -- Set non-toolchain portion of runtime path of "/home/harshit/mrt_ws/install/aruco_detection_interfaces/local/lib/python3.10/dist-packages/aruco_detection_interfaces/aruco_detection_interfaces_s__rosidl_typesupport_c.cpython-310-x86_64-linux-gnu.so" to ""
[4.497s] -- Installing: /home/harshit/mrt_ws/install/aruco_detection_interfaces/lib/libaruco_detection_interfaces__rosidl_generator_py.so
[4.497s] -- Set non-toolchain portion of runtime path of "/home/harshit/mrt_ws/install/aruco_detection_interfaces/lib/libaruco_detection_interfaces__rosidl_generator_py.so" to ""
[4.497s] -- Up-to-date: /home/harshit/mrt_ws/install/aruco_detection_interfaces/share/aruco_detection_interfaces/msg/Point.idl
[4.497s] -- Up-to-date: /home/harshit/mrt_ws/install/aruco_detection_interfaces/share/aruco_detection_interfaces/msg/PointArray.idl
[4.497s] -- Installing: /home/harshit/mrt_ws/install/aruco_detection_interfaces/share/aruco_detection_interfaces/msg/ImageBounds.idl
[4.498s] -- Up-to-date: /home/harshit/mrt_ws/install/aruco_detection_interfaces/share/aruco_detection_interfaces/srv/ProcessImage.idl
[4.498s] -- Up-to-date: /home/harshit/mrt_ws/install/aruco_detection_interfaces/share/aruco_detection_interfaces/msg/Point.msg
[4.498s] -- Up-to-date: /home/harshit/mrt_ws/install/aruco_detection_interfaces/share/aruco_detection_interfaces/msg/PointArray.msg
[4.498s] -- Installing: /home/harshit/mrt_ws/install/aruco_detection_interfaces/share/aruco_detection_interfaces/msg/ImageBounds.msg
[4.498s] -- Up-to-date: /home/harshit/mrt_ws/install/aruco_detection_interfaces/share/aruco_detection_interfaces/srv/ProcessImage.srv
[4.498s] -- Up-to-date: /home/harshit/mrt_ws/install/aruco_detection_interfaces/share/aruco_detection_interfaces/srv/ProcessImage_Request.msg
[4.498s] -- Up-to-date: /home/harshit/mrt_ws/install/aruco_detection_interfaces/share/aruco_detection_interfaces/srv/ProcessImage_Response.msg
[4.498s] -- Up-to-date: /home/harshit/mrt_ws/install/aruco_detection_interfaces/share/ament_index/resource_index/package_run_dependencies/aruco_detection_interfaces
[4.498s] -- Up-to-date: /home/harshit/mrt_ws/install/aruco_detection_interfaces/share/ament_index/resource_index/parent_prefix_path/aruco_detection_interfaces
[4.498s] -- Up-to-date: /home/harshit/mrt_ws/install/aruco_detection_interfaces/share/aruco_detection_interfaces/environment/ament_prefix_path.sh
[4.498s] -- Installing: /home/harshit/mrt_ws/install/aruco_detection_interfaces/share/aruco_detection_interfaces/environment/ament_prefix_path.dsv
[4.498s] -- Up-to-date: /home/harshit/mrt_ws/install/aruco_detection_interfaces/share/aruco_detection_interfaces/environment/path.sh
[4.498s] -- Installing: /home/harshit/mrt_ws/install/aruco_detection_interfaces/share/aruco_detection_interfaces/environment/path.dsv
[4.498s] -- Up-to-date: /home/harshit/mrt_ws/install/aruco_detection_interfaces/share/aruco_detection_interfaces/local_setup.bash
[4.498s] -- Up-to-date: /home/harshit/mrt_ws/install/aruco_detection_interfaces/share/aruco_detection_interfaces/local_setup.sh
[4.498s] -- Up-to-date: /home/harshit/mrt_ws/install/aruco_detection_interfaces/share/aruco_detection_interfaces/local_setup.zsh
[4.499s] -- Installing: /home/harshit/mrt_ws/install/aruco_detection_interfaces/share/aruco_detection_interfaces/local_setup.dsv
[4.499s] -- Installing: /home/harshit/mrt_ws/install/aruco_detection_interfaces/share/aruco_detection_interfaces/package.dsv
[4.499s] -- Up-to-date: /home/harshit/mrt_ws/install/aruco_detection_interfaces/share/ament_index/resource_index/packages/aruco_detection_interfaces
[4.499s] -- Up-to-date: /home/harshit/mrt_ws/install/aruco_detection_interfaces/share/aruco_detection_interfaces/cmake/export_aruco_detection_interfaces__rosidl_generator_cExport.cmake
[4.499s] -- Up-to-date: /home/harshit/mrt_ws/install/aruco_detection_interfaces/share/aruco_detection_interfaces/cmake/export_aruco_detection_interfaces__rosidl_generator_cExport-noconfig.cmake
[4.499s] -- Up-to-date: /home/harshit/mrt_ws/install/aruco_detection_interfaces/share/aruco_detection_interfaces/cmake/export_aruco_detection_interfaces__rosidl_typesupport_fastrtps_cExport.cmake
[4.499s] -- Up-to-date: /home/harshit/mrt_ws/install/aruco_detection_interfaces/share/aruco_detection_interfaces/cmake/export_aruco_detection_interfaces__rosidl_typesupport_fastrtps_cExport-noconfig.cmake
[4.499s] -- Up-to-date: /home/harshit/mrt_ws/install/aruco_detection_interfaces/share/aruco_detection_interfaces/cmake/aruco_detection_interfaces__rosidl_typesupport_introspection_cExport.cmake
[4.499s] -- Up-to-date: /home/harshit/mrt_ws/install/aruco_detection_interfaces/share/aruco_detection_interfaces/cmake/aruco_detection_interfaces__rosidl_typesupport_introspection_cExport-noconfig.cmake
[4.499s] -- Up-to-date: /home/harshit/mrt_ws/install/aruco_detection_interfaces/share/aruco_detection_interfaces/cmake/aruco_detection_interfaces__rosidl_typesupport_cExport.cmake
[4.499s] -- Up-to-date: /home/harshit/mrt_ws/install/aruco_detection_interfaces/share/aruco_detection_interfaces/cmake/aruco_detection_interfaces__rosidl_typesupport_cExport-noconfig.cmake
[4.499s] -- Up-to-date: /home/harshit/mrt_ws/install/aruco_detection_interfaces/share/aruco_detection_interfaces/cmake/export_aruco_detection_interfaces__rosidl_generator_cppExport.cmake
[4.500s] -- Up-to-date: /home/harshit/mrt_ws/install/aruco_detection_interfaces/share/aruco_detection_interfaces/cmake/export_aruco_detection_interfaces__rosidl_typesupport_fastrtps_cppExport.cmake
[4.500s] -- Up-to-date: /home/harshit/mrt_ws/install/aruco_detection_interfaces/share/aruco_detection_interfaces/cmake/export_aruco_detection_interfaces__rosidl_typesupport_fastrtps_cppExport-noconfig.cmake
[4.500s] -- Up-to-date: /home/harshit/mrt_ws/install/aruco_detection_interfaces/share/aruco_detection_interfaces/cmake/aruco_detection_interfaces__rosidl_typesupport_introspection_cppExport.cmake
[4.500s] -- Up-to-date: /home/harshit/mrt_ws/install/aruco_detection_interfaces/share/aruco_detection_interfaces/cmake/aruco_detection_interfaces__rosidl_typesupport_introspection_cppExport-noconfig.cmake
[4.500s] -- Up-to-date: /home/harshit/mrt_ws/install/aruco_detection_interfaces/share/aruco_detection_interfaces/cmake/aruco_detection_interfaces__rosidl_typesupport_cppExport.cmake
[4.500s] -- Up-to-date: /home/harshit/mrt_ws/install/aruco_detection_interfaces/share/aruco_detection_interfaces/cmake/aruco_detection_interfaces__rosidl_typesupport_cppExport-noconfig.cmake
[4.500s] -- Up-to-date: /home/harshit/mrt_ws/install/aruco_detection_interfaces/share/aruco_detection_interfaces/cmake/export_aruco_detection_interfaces__rosidl_generator_pyExport.cmake
[4.500s] -- Up-to-date: /home/harshit/mrt_ws/install/aruco_detection_interfaces/share/aruco_detection_interfaces/cmake/export_aruco_detection_interfaces__rosidl_generator_pyExport-noconfig.cmake
[4.500s] -- Up-to-date: /home/harshit/mrt_ws/install/aruco_detection_interfaces/share/aruco_detection_interfaces/cmake/rosidl_cmake-extras.cmake
[4.500s] -- Up-to-date: /home/harshit/mrt_ws/install/aruco_detection_interfaces/share/aruco_detection_interfaces/cmake/ament_cmake_export_dependencies-extras.cmake
[4.500s] -- Up-to-date: /home/harshit/mrt_ws/install/aruco_detection_interfaces/share/aruco_detection_interfaces/cmake/ament_cmake_export_include_directories-extras.cmake
[4.500s] -- Up-to-date: /home/harshit/mrt_ws/install/aruco_detection_interfaces/share/aruco_detection_interfaces/cmake/ament_cmake_export_libraries-extras.cmake
[4.500s] -- Up-to-date: /home/harshit/mrt_ws/install/aruco_detection_interfaces/share/aruco_detection_interfaces/cmake/ament_cmake_export_targets-extras.cmake
[4.500s] -- Up-to-date: /home/harshit/mrt_ws/install/aruco_detection_interfaces/share/aruco_detection_interfaces/cmake/rosidl_cmake_export_typesupport_targets-extras.cmake
[4.500s] -- Up-to-date: /home/harshit/mrt_ws/install/aruco_detection_interfaces/share/aruco_detection_interfaces/cmake/rosidl_cmake_export_typesupport_libraries-extras.cmake
[4.500s] -- Up-to-date: /home/harshit/mrt_ws/install/aruco_detection_interfaces/share/aruco_detection_interfaces/cmake/aruco_detection_interfacesConfig.cmake
[4.500s] -- Up-to-date: /home/harshit/mrt_ws/install/aruco_detection_interfaces/share/aruco_detection_interfaces/cmake/aruco_detection_interfacesConfig-version.cmake
[4.500s] -- Up-to-date: /home/harshit/mrt_ws/install/aruco_detection_interfaces/share/aruco_detection_interfaces/package.xml
[4.502s] Invoked command in '/home/harshit/mrt_ws/build/aruco_detection_interfaces' returned '0': CMAKE_PREFIX_PATH=${CMAKE_PREFIX_PATH}:/home/harshit/mrt_ws/install/week0_tutorials:/home/harshit/mrt_ws/install/sauron:/home/harshit/mrt_ws/install/aruco_detection:/opt/ros/humble /usr/bin/cmake --install /home/harshit/mrt_ws/build/aruco_detection_interfaces
