running egg_info
writing ../../build/mrs_hudson/mrs_hudson.egg-info/PKG-INFO
writing dependency_links to ../../build/mrs_hudson/mrs_hudson.egg-info/dependency_links.txt
writing entry points to ../../build/mrs_hudson/mrs_hudson.egg-info/entry_points.txt
writing requirements to ../../build/mrs_hudson/mrs_hudson.egg-info/requires.txt
writing top-level names to ../../build/mrs_hudson/mrs_hudson.egg-info/top_level.txt
reading manifest file '../../build/mrs_hudson/mrs_hudson.egg-info/SOURCES.txt'
writing manifest file '../../build/mrs_hudson/mrs_hudson.egg-info/SOURCES.txt'
running build
running build_py
running install
running install_lib
running install_data
running install_egg_info
removing '/home/harshit/mrt_ws/install/mrs_hudson/lib/python3.10/site-packages/mrs_hudson-0.0.0-py3.10.egg-info' (and everything under it)
Copying ../../build/mrs_hudson/mrs_hudson.egg-info to /home/harshit/mrt_ws/install/mrs_hudson/lib/python3.10/site-packages/mrs_hudson-0.0.0-py3.10.egg-info
running install_scripts
Installing detect_marker script to /home/harshit/mrt_ws/install/mrs_hudson/lib/mrs_hudson
Installing display_camera script to /home/harshit/mrt_ws/install/mrs_hudson/lib/mrs_hudson
Installing mrs_hudson_teleop script to /home/harshit/mrt_ws/install/mrs_hudson/lib/mrs_hudson
Installing vel_pub script to /home/harshit/mrt_ws/install/mrs_hudson/lib/mrs_hudson
writing list of installed files to '/home/harshit/mrt_ws/build/mrs_hudson/install.log'
