[0.010s] Invoking command in '/home/harshit/mrt_ws/arm_workspace/build/msg_interfaces': CMAKE_PREFIX_PATH=${CMAKE_PREFIX_PATH}:/home/harshit/mrt_ws/install/week1_tutorials:/home/harshit/mrt_ws/install/week0_tutorials:/home/harshit/mrt_ws/install/sauron:/home/harshit/mrt_ws/install/odom_tf_publisher:/home/harshit/mrt_ws/install/mrs_hudson:/home/harshit/mrt_ws/install/assgn:/home/harshit/mrt_ws/install/aruco_detection:/home/harshit/urdf_rviz/install/urdf_testing:/home/harshit/urdf_rviz/install/robot_car:/opt/ros/humble /usr/bin/cmake /home/harshit/mrt_ws/arm_workspace/src/msg_interfaces -DCMAKE_INSTALL_PREFIX=/home/harshit/mrt_ws/arm_workspace/install/msg_interfaces
[0.048s] -- Found ament_cmake: 1.3.12 (/opt/ros/humble/share/ament_cmake/cmake)
[0.252s] -- Override CMake install command with custom implementation using symlinks instead of copying resources
[0.270s] -- Found ament_lint_auto: 0.12.14 (/opt/ros/humble/share/ament_lint_auto/cmake)
[0.332s] -- Found rosidl_default_generators: 1.2.0 (/opt/ros/humble/share/rosidl_default_generators/cmake)
[0.336s] -- Using all available rosidl_typesupport_c: rosidl_typesupport_fastrtps_c;rosidl_typesupport_introspection_c
[0.340s] -- Found rosidl_adapter: 3.1.7 (/opt/ros/humble/share/rosidl_adapter/cmake)
[0.377s] -- Using all available rosidl_typesupport_cpp: rosidl_typesupport_fastrtps_cpp;rosidl_typesupport_introspection_cpp
[0.767s] -- Found ament_cmake_ros: 0.10.0 (/opt/ros/humble/share/ament_cmake_ros/cmake)
[1.197s] -- Using all available rosidl_typesupport_c: rosidl_typesupport_fastrtps_c;rosidl_typesupport_introspection_c
[1.795s] -- Using all available rosidl_typesupport_cpp: rosidl_typesupport_fastrtps_cpp;rosidl_typesupport_introspection_cpp
[1.830s] -- Found python_cmake_module: 0.10.0 (/opt/ros/humble/share/python_cmake_module/cmake)
[1.855s] -- Using PYTHON_EXECUTABLE: /usr/bin/python3
[1.855s] -- Using PYTHON_INCLUDE_DIRS: /usr/include/python3.10
[1.855s] -- Using PYTHON_LIBRARIES: /usr/lib/x86_64-linux-gnu/libpython3.10.so
[1.872s] -- Added test 'lint_cmake' to check CMake code style
[1.873s] -- Added test 'xmllint' to check XML markup files
[1.880s] -- Configuring done (1.8s)
[1.910s] -- Generating done (0.0s)
[1.917s] -- Build files have been written to: /home/harshit/mrt_ws/arm_workspace/build/msg_interfaces
[1.926s] Invoked command in '/home/harshit/mrt_ws/arm_workspace/build/msg_interfaces' returned '0': CMAKE_PREFIX_PATH=${CMAKE_PREFIX_PATH}:/home/harshit/mrt_ws/install/week1_tutorials:/home/harshit/mrt_ws/install/week0_tutorials:/home/harshit/mrt_ws/install/sauron:/home/harshit/mrt_ws/install/odom_tf_publisher:/home/harshit/mrt_ws/install/mrs_hudson:/home/harshit/mrt_ws/install/assgn:/home/harshit/mrt_ws/install/aruco_detection:/home/harshit/urdf_rviz/install/urdf_testing:/home/harshit/urdf_rviz/install/robot_car:/opt/ros/humble /usr/bin/cmake /home/harshit/mrt_ws/arm_workspace/src/msg_interfaces -DCMAKE_INSTALL_PREFIX=/home/harshit/mrt_ws/arm_workspace/install/msg_interfaces
[1.926s] Invoking command in '/home/harshit/mrt_ws/arm_workspace/build/msg_interfaces': CMAKE_PREFIX_PATH=${CMAKE_PREFIX_PATH}:/home/harshit/mrt_ws/install/week1_tutorials:/home/harshit/mrt_ws/install/week0_tutorials:/home/harshit/mrt_ws/install/sauron:/home/harshit/mrt_ws/install/odom_tf_publisher:/home/harshit/mrt_ws/install/mrs_hudson:/home/harshit/mrt_ws/install/assgn:/home/harshit/mrt_ws/install/aruco_detection:/home/harshit/urdf_rviz/install/urdf_testing:/home/harshit/urdf_rviz/install/robot_car:/opt/ros/humble /usr/bin/cmake --build /home/harshit/mrt_ws/arm_workspace/build/msg_interfaces -- -j8 -l8
[1.941s] [  2%] [1m[34mGenerating C code for ROS interfaces[0m
[1.945s] [  4%] [1m[34mGenerating C++ code for ROS interfaces[0m
[1.947s] [  4%] Built target ament_cmake_python_symlink_msg_interfaces
[2.152s] running egg_info
[2.152s] writing msg_interfaces.egg-info/PKG-INFO
[2.152s] writing dependency_links to msg_interfaces.egg-info/dependency_links.txt
[2.152s] writing top-level names to msg_interfaces.egg-info/top_level.txt
[2.155s] reading manifest file 'msg_interfaces.egg-info/SOURCES.txt'
[2.155s] writing manifest file 'msg_interfaces.egg-info/SOURCES.txt'
[2.174s] [  4%] Built target ament_cmake_python_build_msg_interfaces_egg
[2.212s] [  4%] Built target msg_interfaces__cpp
[2.218s] [  6%] [1m[34mGenerating C++ type support for eProsima Fast-RTPS[0m
[2.219s] [  8%] [1m[34mGenerating C++ type support dispatch for ROS interfaces[0m
[2.219s] [ 10%] [1m[34mGenerating C++ introspection for ROS interfaces[0m
[2.246s] [ 17%] [32mBuilding C object CMakeFiles/msg_interfaces__rosidl_generator_c.dir/rosidl_generator_c/msg_interfaces/msg/detail/user_command__functions.c.o[0m
[2.246s] [ 17%] [32mBuilding C object CMakeFiles/msg_interfaces__rosidl_generator_c.dir/rosidl_generator_c/msg_interfaces/msg/detail/encoder_arm__functions.c.o[0m
[2.246s] [ 17%] [32mBuilding C object CMakeFiles/msg_interfaces__rosidl_generator_c.dir/rosidl_generator_c/msg_interfaces/msg/detail/arm_end_motion__functions.c.o[0m
[2.304s] [ 19%] [1m[32mLinking C shared library libmsg_interfaces__rosidl_generator_c.so[0m
[2.347s] [ 19%] Built target msg_interfaces__rosidl_generator_c
[2.352s] [ 21%] [1m[34mGenerating C type support for eProsima Fast-RTPS[0m
[2.352s] [ 23%] [1m[34mGenerating C introspection for ROS interfaces[0m
[2.352s] [ 25%] [1m[34mGenerating C type support dispatch for ROS interfaces[0m
[2.500s] [ 27%] [32mBuilding CXX object CMakeFiles/msg_interfaces__rosidl_typesupport_cpp.dir/rosidl_typesupport_cpp/msg_interfaces/msg/user_command__type_support.cpp.o[0m
[2.501s] [ 29%] [32mBuilding CXX object CMakeFiles/msg_interfaces__rosidl_typesupport_cpp.dir/rosidl_typesupport_cpp/msg_interfaces/msg/encoder_arm__type_support.cpp.o[0m
[2.501s] [ 31%] [32mBuilding CXX object CMakeFiles/msg_interfaces__rosidl_typesupport_cpp.dir/rosidl_typesupport_cpp/msg_interfaces/msg/arm_end_motion__type_support.cpp.o[0m
[2.571s] [ 34%] [32mBuilding CXX object CMakeFiles/msg_interfaces__rosidl_typesupport_fastrtps_cpp.dir/rosidl_typesupport_fastrtps_cpp/msg_interfaces/msg/detail/dds_fastrtps/user_command__type_support.cpp.o[0m
[2.582s] [ 36%] [32mBuilding CXX object CMakeFiles/msg_interfaces__rosidl_typesupport_introspection_cpp.dir/rosidl_typesupport_introspection_cpp/msg_interfaces/msg/detail/user_command__type_support.cpp.o[0m
[2.748s] [ 38%] [32mBuilding CXX object CMakeFiles/msg_interfaces__rosidl_typesupport_c.dir/rosidl_typesupport_c/msg_interfaces/msg/user_command__type_support.cpp.o[0m
[2.808s] [ 40%] [32mBuilding CXX object CMakeFiles/msg_interfaces__rosidl_typesupport_c.dir/rosidl_typesupport_c/msg_interfaces/msg/arm_end_motion__type_support.cpp.o[0m
[2.853s] [ 42%] [32mBuilding CXX object CMakeFiles/msg_interfaces__rosidl_typesupport_c.dir/rosidl_typesupport_c/msg_interfaces/msg/encoder_arm__type_support.cpp.o[0m
[2.868s] [ 44%] [32mBuilding C object CMakeFiles/msg_interfaces__rosidl_typesupport_introspection_c.dir/rosidl_typesupport_introspection_c/msg_interfaces/msg/detail/user_command__type_support.c.o[0m
[2.885s] [ 46%] [1m[32mLinking CXX shared library libmsg_interfaces__rosidl_typesupport_c.so[0m
[2.895s] [ 48%] [32mBuilding CXX object CMakeFiles/msg_interfaces__rosidl_typesupport_fastrtps_c.dir/rosidl_typesupport_fastrtps_c/msg_interfaces/msg/detail/user_command__type_support_c.cpp.o[0m
[2.922s] [ 51%] [32mBuilding CXX object CMakeFiles/msg_interfaces__rosidl_typesupport_fastrtps_cpp.dir/rosidl_typesupport_fastrtps_cpp/msg_interfaces/msg/detail/dds_fastrtps/arm_end_motion__type_support.cpp.o[0m
[2.925s] [ 53%] [32mBuilding C object CMakeFiles/msg_interfaces__rosidl_typesupport_introspection_c.dir/rosidl_typesupport_introspection_c/msg_interfaces/msg/detail/arm_end_motion__type_support.c.o[0m
[2.927s] [ 55%] [32mBuilding CXX object CMakeFiles/msg_interfaces__rosidl_typesupport_fastrtps_c.dir/rosidl_typesupport_fastrtps_c/msg_interfaces/msg/detail/arm_end_motion__type_support_c.cpp.o[0m
[2.962s] [ 55%] Built target msg_interfaces__rosidl_typesupport_c
[2.974s] [ 57%] [32mBuilding CXX object CMakeFiles/msg_interfaces__rosidl_typesupport_fastrtps_c.dir/rosidl_typesupport_fastrtps_c/msg_interfaces/msg/detail/encoder_arm__type_support_c.cpp.o[0m
[2.995s] [ 59%] [1m[32mLinking CXX shared library libmsg_interfaces__rosidl_typesupport_cpp.so[0m
[2.998s] [ 61%] [32mBuilding C object CMakeFiles/msg_interfaces__rosidl_typesupport_introspection_c.dir/rosidl_typesupport_introspection_c/msg_interfaces/msg/detail/encoder_arm__type_support.c.o[0m
[3.034s] [ 61%] Built target msg_interfaces__rosidl_typesupport_cpp
[3.036s] [ 63%] [32mBuilding CXX object CMakeFiles/msg_interfaces__rosidl_typesupport_introspection_cpp.dir/rosidl_typesupport_introspection_cpp/msg_interfaces/msg/detail/arm_end_motion__type_support.cpp.o[0m
[3.055s] [ 65%] [1m[32mLinking C shared library libmsg_interfaces__rosidl_typesupport_introspection_c.so[0m
[3.087s] [ 65%] Built target msg_interfaces__rosidl_typesupport_introspection_c
[3.093s] [ 68%] [32mBuilding CXX object CMakeFiles/msg_interfaces__rosidl_typesupport_fastrtps_cpp.dir/rosidl_typesupport_fastrtps_cpp/msg_interfaces/msg/detail/dds_fastrtps/encoder_arm__type_support.cpp.o[0m
[3.197s] [ 70%] [32mBuilding CXX object CMakeFiles/msg_interfaces__rosidl_typesupport_introspection_cpp.dir/rosidl_typesupport_introspection_cpp/msg_interfaces/msg/detail/encoder_arm__type_support.cpp.o[0m
[3.508s] [ 72%] [1m[32mLinking CXX shared library libmsg_interfaces__rosidl_typesupport_fastrtps_c.so[0m
[3.611s] [ 72%] Built target msg_interfaces__rosidl_typesupport_fastrtps_c
[3.673s] [ 74%] [1m[32mLinking CXX shared library libmsg_interfaces__rosidl_typesupport_introspection_cpp.so[0m
[3.678s] [ 76%] [1m[32mLinking CXX shared library libmsg_interfaces__rosidl_typesupport_fastrtps_cpp.so[0m
[3.753s] [ 76%] Built target msg_interfaces__rosidl_typesupport_fastrtps_cpp
[3.755s] [ 76%] Built target msg_interfaces__rosidl_typesupport_introspection_cpp
[3.763s] [ 76%] Built target msg_interfaces
[3.773s] [ 78%] [1m[34mGenerating Python code for ROS interfaces[0m
[4.172s] [ 78%] Built target msg_interfaces__py
[4.182s] [ 80%] [32mBuilding C object CMakeFiles/msg_interfaces__rosidl_generator_py.dir/rosidl_generator_py/msg_interfaces/msg/_user_command_s.c.o[0m
[4.183s] [ 85%] [32mBuilding C object CMakeFiles/msg_interfaces__rosidl_generator_py.dir/rosidl_generator_py/msg_interfaces/msg/_arm_end_motion_s.c.o[0m
[4.183s] [ 85%] [32mBuilding C object CMakeFiles/msg_interfaces__rosidl_generator_py.dir/rosidl_generator_py/msg_interfaces/msg/_encoder_arm_s.c.o[0m
[4.296s] [ 87%] [1m[32mLinking C shared library rosidl_generator_py/msg_interfaces/libmsg_interfaces__rosidl_generator_py.so[0m
[4.316s] [ 87%] Built target msg_interfaces__rosidl_generator_py
[4.331s] [ 89%] [32mBuilding C object CMakeFiles/msg_interfaces__rosidl_typesupport_fastrtps_c__pyext.dir/rosidl_generator_py/msg_interfaces/_msg_interfaces_s.ep.rosidl_typesupport_fastrtps_c.c.o[0m
[4.337s] [ 91%] [32mBuilding C object CMakeFiles/msg_interfaces__rosidl_typesupport_introspection_c__pyext.dir/rosidl_generator_py/msg_interfaces/_msg_interfaces_s.ep.rosidl_typesupport_introspection_c.c.o[0m
[4.338s] [ 93%] [32mBuilding C object CMakeFiles/msg_interfaces__rosidl_typesupport_c__pyext.dir/rosidl_generator_py/msg_interfaces/_msg_interfaces_s.ep.rosidl_typesupport_c.c.o[0m
[4.397s] [ 95%] [1m[32mLinking C shared library rosidl_generator_py/msg_interfaces/msg_interfaces_s__rosidl_typesupport_fastrtps_c.cpython-310-x86_64-linux-gnu.so[0m
[4.397s] [ 97%] [1m[32mLinking C shared library rosidl_generator_py/msg_interfaces/msg_interfaces_s__rosidl_typesupport_c.cpython-310-x86_64-linux-gnu.so[0m
[4.412s] [ 97%] Built target msg_interfaces__rosidl_typesupport_fastrtps_c__pyext
[4.412s] [ 97%] Built target msg_interfaces__rosidl_typesupport_c__pyext
[4.435s] [100%] [1m[32mLinking C shared library rosidl_generator_py/msg_interfaces/msg_interfaces_s__rosidl_typesupport_introspection_c.cpython-310-x86_64-linux-gnu.so[0m
[4.456s] [100%] Built target msg_interfaces__rosidl_typesupport_introspection_c__pyext
[4.461s] Invoked command in '/home/harshit/mrt_ws/arm_workspace/build/msg_interfaces' returned '0': CMAKE_PREFIX_PATH=${CMAKE_PREFIX_PATH}:/home/harshit/mrt_ws/install/week1_tutorials:/home/harshit/mrt_ws/install/week0_tutorials:/home/harshit/mrt_ws/install/sauron:/home/harshit/mrt_ws/install/odom_tf_publisher:/home/harshit/mrt_ws/install/mrs_hudson:/home/harshit/mrt_ws/install/assgn:/home/harshit/mrt_ws/install/aruco_detection:/home/harshit/urdf_rviz/install/urdf_testing:/home/harshit/urdf_rviz/install/robot_car:/opt/ros/humble /usr/bin/cmake --build /home/harshit/mrt_ws/arm_workspace/build/msg_interfaces -- -j8 -l8
[4.465s] Invoking command in '/home/harshit/mrt_ws/arm_workspace/build/msg_interfaces': CMAKE_PREFIX_PATH=${CMAKE_PREFIX_PATH}:/home/harshit/mrt_ws/install/week1_tutorials:/home/harshit/mrt_ws/install/week0_tutorials:/home/harshit/mrt_ws/install/sauron:/home/harshit/mrt_ws/install/odom_tf_publisher:/home/harshit/mrt_ws/install/mrs_hudson:/home/harshit/mrt_ws/install/assgn:/home/harshit/mrt_ws/install/aruco_detection:/home/harshit/urdf_rviz/install/urdf_testing:/home/harshit/urdf_rviz/install/robot_car:/opt/ros/humble /usr/bin/cmake --install /home/harshit/mrt_ws/arm_workspace/build/msg_interfaces
[4.467s] -- Install configuration: ""
[4.467s] -- Execute custom install script
[4.467s] -- Up-to-date symlink: /home/harshit/mrt_ws/arm_workspace/install/msg_interfaces/share/ament_index/resource_index/rosidl_interfaces/msg_interfaces
[4.468s] -- Up-to-date symlink: /home/harshit/mrt_ws/arm_workspace/install/msg_interfaces/include/msg_interfaces/msg_interfaces/msg/arm_end_motion.h
[4.468s] -- Up-to-date symlink: /home/harshit/mrt_ws/arm_workspace/install/msg_interfaces/include/msg_interfaces/msg_interfaces/msg/detail/arm_end_motion__functions.h
[4.468s] -- Up-to-date symlink: /home/harshit/mrt_ws/arm_workspace/install/msg_interfaces/include/msg_interfaces/msg_interfaces/msg/detail/arm_end_motion__struct.h
[4.468s] -- Up-to-date symlink: /home/harshit/mrt_ws/arm_workspace/install/msg_interfaces/include/msg_interfaces/msg_interfaces/msg/detail/arm_end_motion__type_support.h
[4.468s] -- Up-to-date symlink: /home/harshit/mrt_ws/arm_workspace/install/msg_interfaces/include/msg_interfaces/msg_interfaces/msg/detail/encoder_arm__functions.h
[4.468s] -- Up-to-date symlink: /home/harshit/mrt_ws/arm_workspace/install/msg_interfaces/include/msg_interfaces/msg_interfaces/msg/detail/encoder_arm__struct.h
[4.468s] -- Up-to-date symlink: /home/harshit/mrt_ws/arm_workspace/install/msg_interfaces/include/msg_interfaces/msg_interfaces/msg/detail/encoder_arm__type_support.h
[4.468s] -- Symlinking: /home/harshit/mrt_ws/arm_workspace/install/msg_interfaces/include/msg_interfaces/msg_interfaces/msg/detail/user_command__functions.h
[4.471s] -- Symlinking: /home/harshit/mrt_ws/arm_workspace/install/msg_interfaces/include/msg_interfaces/msg_interfaces/msg/detail/user_command__struct.h
[4.473s] -- Symlinking: /home/harshit/mrt_ws/arm_workspace/install/msg_interfaces/include/msg_interfaces/msg_interfaces/msg/detail/user_command__type_support.h
[4.476s] -- Up-to-date symlink: /home/harshit/mrt_ws/arm_workspace/install/msg_interfaces/include/msg_interfaces/msg_interfaces/msg/encoder_arm.h
[4.476s] -- Up-to-date symlink: /home/harshit/mrt_ws/arm_workspace/install/msg_interfaces/include/msg_interfaces/msg_interfaces/msg/rosidl_generator_c__visibility_control.h
[4.476s] -- Symlinking: /home/harshit/mrt_ws/arm_workspace/install/msg_interfaces/include/msg_interfaces/msg_interfaces/msg/user_command.h
[4.478s] -- Up-to-date symlink: /home/harshit/mrt_ws/arm_workspace/install/msg_interfaces/share/msg_interfaces/environment/library_path.sh
[4.478s] -- Up-to-date symlink: /home/harshit/mrt_ws/arm_workspace/install/msg_interfaces/share/msg_interfaces/environment/library_path.dsv
[4.479s] -- Up-to-date symlink: /home/harshit/mrt_ws/arm_workspace/install/msg_interfaces/include/msg_interfaces/msg_interfaces/msg/detail/arm_end_motion__rosidl_typesupport_fastrtps_c.h
[4.479s] -- Up-to-date symlink: /home/harshit/mrt_ws/arm_workspace/install/msg_interfaces/include/msg_interfaces/msg_interfaces/msg/detail/encoder_arm__rosidl_typesupport_fastrtps_c.h
[4.479s] -- Symlinking: /home/harshit/mrt_ws/arm_workspace/install/msg_interfaces/include/msg_interfaces/msg_interfaces/msg/detail/user_command__rosidl_typesupport_fastrtps_c.h
[4.481s] -- Up-to-date symlink: /home/harshit/mrt_ws/arm_workspace/install/msg_interfaces/include/msg_interfaces/msg_interfaces/msg/rosidl_typesupport_fastrtps_c__visibility_control.h
[4.482s] -- Up-to-date symlink: /home/harshit/mrt_ws/arm_workspace/install/msg_interfaces/include/msg_interfaces/msg_interfaces/msg/detail/arm_end_motion__rosidl_typesupport_introspection_c.h
[4.482s] -- Up-to-date symlink: /home/harshit/mrt_ws/arm_workspace/install/msg_interfaces/include/msg_interfaces/msg_interfaces/msg/detail/encoder_arm__rosidl_typesupport_introspection_c.h
[4.482s] -- Symlinking: /home/harshit/mrt_ws/arm_workspace/install/msg_interfaces/include/msg_interfaces/msg_interfaces/msg/detail/user_command__rosidl_typesupport_introspection_c.h
[4.484s] -- Up-to-date symlink: /home/harshit/mrt_ws/arm_workspace/install/msg_interfaces/include/msg_interfaces/msg_interfaces/msg/rosidl_typesupport_introspection_c__visibility_control.h
[4.485s] -- Up-to-date symlink: /home/harshit/mrt_ws/arm_workspace/install/msg_interfaces/include/msg_interfaces/msg_interfaces/msg/arm_end_motion.hpp
[4.485s] -- Up-to-date symlink: /home/harshit/mrt_ws/arm_workspace/install/msg_interfaces/include/msg_interfaces/msg_interfaces/msg/detail/arm_end_motion__builder.hpp
[4.485s] -- Up-to-date symlink: /home/harshit/mrt_ws/arm_workspace/install/msg_interfaces/include/msg_interfaces/msg_interfaces/msg/detail/arm_end_motion__struct.hpp
[4.485s] -- Up-to-date symlink: /home/harshit/mrt_ws/arm_workspace/install/msg_interfaces/include/msg_interfaces/msg_interfaces/msg/detail/arm_end_motion__traits.hpp
[4.485s] -- Up-to-date symlink: /home/harshit/mrt_ws/arm_workspace/install/msg_interfaces/include/msg_interfaces/msg_interfaces/msg/detail/arm_end_motion__type_support.hpp
[4.485s] -- Up-to-date symlink: /home/harshit/mrt_ws/arm_workspace/install/msg_interfaces/include/msg_interfaces/msg_interfaces/msg/detail/encoder_arm__builder.hpp
[4.485s] -- Up-to-date symlink: /home/harshit/mrt_ws/arm_workspace/install/msg_interfaces/include/msg_interfaces/msg_interfaces/msg/detail/encoder_arm__struct.hpp
[4.485s] -- Up-to-date symlink: /home/harshit/mrt_ws/arm_workspace/install/msg_interfaces/include/msg_interfaces/msg_interfaces/msg/detail/encoder_arm__traits.hpp
[4.485s] -- Up-to-date symlink: /home/harshit/mrt_ws/arm_workspace/install/msg_interfaces/include/msg_interfaces/msg_interfaces/msg/detail/encoder_arm__type_support.hpp
[4.485s] -- Symlinking: /home/harshit/mrt_ws/arm_workspace/install/msg_interfaces/include/msg_interfaces/msg_interfaces/msg/detail/user_command__builder.hpp
[4.488s] -- Symlinking: /home/harshit/mrt_ws/arm_workspace/install/msg_interfaces/include/msg_interfaces/msg_interfaces/msg/detail/user_command__struct.hpp
[4.490s] -- Symlinking: /home/harshit/mrt_ws/arm_workspace/install/msg_interfaces/include/msg_interfaces/msg_interfaces/msg/detail/user_command__traits.hpp
[4.492s] -- Symlinking: /home/harshit/mrt_ws/arm_workspace/install/msg_interfaces/include/msg_interfaces/msg_interfaces/msg/detail/user_command__type_support.hpp
[4.495s] -- Up-to-date symlink: /home/harshit/mrt_ws/arm_workspace/install/msg_interfaces/include/msg_interfaces/msg_interfaces/msg/encoder_arm.hpp
[4.495s] -- Up-to-date symlink: /home/harshit/mrt_ws/arm_workspace/install/msg_interfaces/include/msg_interfaces/msg_interfaces/msg/rosidl_generator_cpp__visibility_control.hpp
[4.495s] -- Symlinking: /home/harshit/mrt_ws/arm_workspace/install/msg_interfaces/include/msg_interfaces/msg_interfaces/msg/user_command.hpp
[4.497s] -- Up-to-date symlink: /home/harshit/mrt_ws/arm_workspace/install/msg_interfaces/include/msg_interfaces/msg_interfaces/msg/detail/arm_end_motion__rosidl_typesupport_fastrtps_cpp.hpp
[4.497s] -- Up-to-date symlink: /home/harshit/mrt_ws/arm_workspace/install/msg_interfaces/include/msg_interfaces/msg_interfaces/msg/detail/encoder_arm__rosidl_typesupport_fastrtps_cpp.hpp
[4.497s] -- Symlinking: /home/harshit/mrt_ws/arm_workspace/install/msg_interfaces/include/msg_interfaces/msg_interfaces/msg/detail/user_command__rosidl_typesupport_fastrtps_cpp.hpp
[4.500s] -- Up-to-date symlink: /home/harshit/mrt_ws/arm_workspace/install/msg_interfaces/include/msg_interfaces/msg_interfaces/msg/rosidl_typesupport_fastrtps_cpp__visibility_control.h
[4.500s] -- Up-to-date symlink: /home/harshit/mrt_ws/arm_workspace/install/msg_interfaces/include/msg_interfaces/msg_interfaces/msg/detail/arm_end_motion__rosidl_typesupport_introspection_cpp.hpp
[4.500s] -- Up-to-date symlink: /home/harshit/mrt_ws/arm_workspace/install/msg_interfaces/include/msg_interfaces/msg_interfaces/msg/detail/encoder_arm__rosidl_typesupport_introspection_cpp.hpp
[4.500s] -- Symlinking: /home/harshit/mrt_ws/arm_workspace/install/msg_interfaces/include/msg_interfaces/msg_interfaces/msg/detail/user_command__rosidl_typesupport_introspection_cpp.hpp
[4.503s] -- Up-to-date symlink: /home/harshit/mrt_ws/arm_workspace/install/msg_interfaces/share/msg_interfaces/environment/pythonpath.sh
[4.503s] -- Up-to-date symlink: /home/harshit/mrt_ws/arm_workspace/install/msg_interfaces/share/msg_interfaces/environment/pythonpath.dsv
[4.503s] -- Up-to-date symlink: /home/harshit/mrt_ws/arm_workspace/install/msg_interfaces/local/lib/python3.10/dist-packages/msg_interfaces-0.0.0-py3.10.egg-info/PKG-INFO
[4.503s] -- Up-to-date symlink: /home/harshit/mrt_ws/arm_workspace/install/msg_interfaces/local/lib/python3.10/dist-packages/msg_interfaces-0.0.0-py3.10.egg-info/SOURCES.txt
[4.503s] -- Up-to-date symlink: /home/harshit/mrt_ws/arm_workspace/install/msg_interfaces/local/lib/python3.10/dist-packages/msg_interfaces-0.0.0-py3.10.egg-info/dependency_links.txt
[4.503s] -- Up-to-date symlink: /home/harshit/mrt_ws/arm_workspace/install/msg_interfaces/local/lib/python3.10/dist-packages/msg_interfaces-0.0.0-py3.10.egg-info/top_level.txt
[4.504s] -- Up-to-date symlink: /home/harshit/mrt_ws/arm_workspace/install/msg_interfaces/local/lib/python3.10/dist-packages/msg_interfaces/__init__.py
[4.504s] -- Up-to-date symlink: /home/harshit/mrt_ws/arm_workspace/install/msg_interfaces/local/lib/python3.10/dist-packages/msg_interfaces/_msg_interfaces_s.ep.rosidl_typesupport_c.c
[4.504s] -- Up-to-date symlink: /home/harshit/mrt_ws/arm_workspace/install/msg_interfaces/local/lib/python3.10/dist-packages/msg_interfaces/_msg_interfaces_s.ep.rosidl_typesupport_fastrtps_c.c
[4.504s] -- Up-to-date symlink: /home/harshit/mrt_ws/arm_workspace/install/msg_interfaces/local/lib/python3.10/dist-packages/msg_interfaces/_msg_interfaces_s.ep.rosidl_typesupport_introspection_c.c
[4.504s] -- Up-to-date symlink: /home/harshit/mrt_ws/arm_workspace/install/msg_interfaces/local/lib/python3.10/dist-packages/msg_interfaces/libmsg_interfaces__rosidl_generator_py.so
[4.504s] -- Up-to-date symlink: /home/harshit/mrt_ws/arm_workspace/install/msg_interfaces/local/lib/python3.10/dist-packages/msg_interfaces/msg/__init__.py
[4.504s] -- Up-to-date symlink: /home/harshit/mrt_ws/arm_workspace/install/msg_interfaces/local/lib/python3.10/dist-packages/msg_interfaces/msg/_arm_end_motion.py
[4.504s] -- Up-to-date symlink: /home/harshit/mrt_ws/arm_workspace/install/msg_interfaces/local/lib/python3.10/dist-packages/msg_interfaces/msg/_arm_end_motion_s.c
[4.504s] -- Up-to-date symlink: /home/harshit/mrt_ws/arm_workspace/install/msg_interfaces/local/lib/python3.10/dist-packages/msg_interfaces/msg/_encoder_arm.py
[4.505s] -- Up-to-date symlink: /home/harshit/mrt_ws/arm_workspace/install/msg_interfaces/local/lib/python3.10/dist-packages/msg_interfaces/msg/_encoder_arm_s.c
[4.505s] -- Symlinking: /home/harshit/mrt_ws/arm_workspace/install/msg_interfaces/local/lib/python3.10/dist-packages/msg_interfaces/msg/_user_command.py
[4.507s] -- Symlinking: /home/harshit/mrt_ws/arm_workspace/install/msg_interfaces/local/lib/python3.10/dist-packages/msg_interfaces/msg/_user_command_s.c
[4.509s] -- Up-to-date symlink: /home/harshit/mrt_ws/arm_workspace/install/msg_interfaces/local/lib/python3.10/dist-packages/msg_interfaces/msg_interfaces_s__rosidl_typesupport_c.cpython-310-x86_64-linux-gnu.so
[4.509s] -- Up-to-date symlink: /home/harshit/mrt_ws/arm_workspace/install/msg_interfaces/local/lib/python3.10/dist-packages/msg_interfaces/msg_interfaces_s__rosidl_typesupport_fastrtps_c.cpython-310-x86_64-linux-gnu.so
[4.510s] -- Up-to-date symlink: /home/harshit/mrt_ws/arm_workspace/install/msg_interfaces/local/lib/python3.10/dist-packages/msg_interfaces/msg_interfaces_s__rosidl_typesupport_introspection_c.cpython-310-x86_64-linux-gnu.so
[4.510s] -- Up-to-date symlink: /home/harshit/mrt_ws/arm_workspace/install/msg_interfaces/local/lib/python3.10/dist-packages/msg_interfaces/msg_interfaces_s__rosidl_typesupport_fastrtps_c.cpython-310-x86_64-linux-gnu.so
[4.510s] -- Up-to-date symlink: /home/harshit/mrt_ws/arm_workspace/install/msg_interfaces/local/lib/python3.10/dist-packages/msg_interfaces/msg_interfaces_s__rosidl_typesupport_introspection_c.cpython-310-x86_64-linux-gnu.so
[4.510s] -- Up-to-date symlink: /home/harshit/mrt_ws/arm_workspace/install/msg_interfaces/local/lib/python3.10/dist-packages/msg_interfaces/msg_interfaces_s__rosidl_typesupport_c.cpython-310-x86_64-linux-gnu.so
[4.510s] -- Symlinking: /home/harshit/mrt_ws/arm_workspace/install/msg_interfaces/share/msg_interfaces/msg/UserCommand.idl
[4.513s] -- Up-to-date symlink: /home/harshit/mrt_ws/arm_workspace/install/msg_interfaces/share/msg_interfaces/msg/ArmEndMotion.idl
[4.513s] -- Up-to-date symlink: /home/harshit/mrt_ws/arm_workspace/install/msg_interfaces/share/msg_interfaces/msg/EncoderArm.idl
[4.513s] -- Symlinking: /home/harshit/mrt_ws/arm_workspace/install/msg_interfaces/share/msg_interfaces/msg/UserCommand.msg
[4.515s] -- Up-to-date symlink: /home/harshit/mrt_ws/arm_workspace/install/msg_interfaces/share/msg_interfaces/msg/ArmEndMotion.msg
[4.516s] -- Up-to-date symlink: /home/harshit/mrt_ws/arm_workspace/install/msg_interfaces/share/msg_interfaces/msg/EncoderArm.msg
[4.516s] -- Up-to-date symlink: /home/harshit/mrt_ws/arm_workspace/install/msg_interfaces/share/ament_index/resource_index/package_run_dependencies/msg_interfaces
[4.516s] -- Up-to-date symlink: /home/harshit/mrt_ws/arm_workspace/install/msg_interfaces/share/ament_index/resource_index/parent_prefix_path/msg_interfaces
[4.516s] -- Up-to-date symlink: /home/harshit/mrt_ws/arm_workspace/install/msg_interfaces/share/msg_interfaces/environment/ament_prefix_path.sh
[4.516s] -- Up-to-date symlink: /home/harshit/mrt_ws/arm_workspace/install/msg_interfaces/share/msg_interfaces/environment/ament_prefix_path.dsv
[4.516s] -- Up-to-date symlink: /home/harshit/mrt_ws/arm_workspace/install/msg_interfaces/share/msg_interfaces/environment/path.sh
[4.516s] -- Up-to-date symlink: /home/harshit/mrt_ws/arm_workspace/install/msg_interfaces/share/msg_interfaces/environment/path.dsv
[4.516s] -- Up-to-date symlink: /home/harshit/mrt_ws/arm_workspace/install/msg_interfaces/share/msg_interfaces/local_setup.bash
[4.516s] -- Up-to-date symlink: /home/harshit/mrt_ws/arm_workspace/install/msg_interfaces/share/msg_interfaces/local_setup.sh
[4.516s] -- Up-to-date symlink: /home/harshit/mrt_ws/arm_workspace/install/msg_interfaces/share/msg_interfaces/local_setup.zsh
[4.516s] -- Up-to-date symlink: /home/harshit/mrt_ws/arm_workspace/install/msg_interfaces/share/msg_interfaces/local_setup.dsv
[4.517s] -- Symlinking: /home/harshit/mrt_ws/arm_workspace/install/msg_interfaces/share/msg_interfaces/package.dsv
[4.520s] -- Up-to-date symlink: /home/harshit/mrt_ws/arm_workspace/install/msg_interfaces/share/ament_index/resource_index/packages/msg_interfaces
[4.520s] -- Up-to-date symlink: /home/harshit/mrt_ws/arm_workspace/install/msg_interfaces/share/msg_interfaces/cmake/rosidl_cmake-extras.cmake
[4.520s] -- Up-to-date symlink: /home/harshit/mrt_ws/arm_workspace/install/msg_interfaces/share/msg_interfaces/cmake/ament_cmake_export_include_directories-extras.cmake
[4.520s] -- Up-to-date symlink: /home/harshit/mrt_ws/arm_workspace/install/msg_interfaces/share/msg_interfaces/cmake/ament_cmake_export_libraries-extras.cmake
[4.520s] -- Up-to-date symlink: /home/harshit/mrt_ws/arm_workspace/install/msg_interfaces/share/msg_interfaces/cmake/ament_cmake_export_targets-extras.cmake
[4.520s] -- Up-to-date symlink: /home/harshit/mrt_ws/arm_workspace/install/msg_interfaces/share/msg_interfaces/cmake/rosidl_cmake_export_typesupport_targets-extras.cmake
[4.520s] -- Up-to-date symlink: /home/harshit/mrt_ws/arm_workspace/install/msg_interfaces/share/msg_interfaces/cmake/ament_cmake_export_dependencies-extras.cmake
[4.520s] -- Up-to-date symlink: /home/harshit/mrt_ws/arm_workspace/install/msg_interfaces/share/msg_interfaces/cmake/rosidl_cmake_export_typesupport_libraries-extras.cmake
[4.521s] -- Up-to-date symlink: /home/harshit/mrt_ws/arm_workspace/install/msg_interfaces/share/msg_interfaces/cmake/msg_interfacesConfig.cmake
[4.521s] -- Up-to-date symlink: /home/harshit/mrt_ws/arm_workspace/install/msg_interfaces/share/msg_interfaces/cmake/msg_interfacesConfig-version.cmake
[4.521s] -- Up-to-date symlink: /home/harshit/mrt_ws/arm_workspace/install/msg_interfaces/share/msg_interfaces/package.xml
[4.521s] -- Installing: /home/harshit/mrt_ws/arm_workspace/install/msg_interfaces/lib/libmsg_interfaces__rosidl_generator_c.so
[4.521s] -- Set non-toolchain portion of runtime path of "/home/harshit/mrt_ws/arm_workspace/install/msg_interfaces/lib/libmsg_interfaces__rosidl_generator_c.so" to ""
[4.522s] -- Installing: /home/harshit/mrt_ws/arm_workspace/install/msg_interfaces/lib/libmsg_interfaces__rosidl_typesupport_fastrtps_c.so
[4.522s] -- Set non-toolchain portion of runtime path of "/home/harshit/mrt_ws/arm_workspace/install/msg_interfaces/lib/libmsg_interfaces__rosidl_typesupport_fastrtps_c.so" to ""
[4.525s] -- Installing: /home/harshit/mrt_ws/arm_workspace/install/msg_interfaces/lib/libmsg_interfaces__rosidl_typesupport_introspection_c.so
[4.526s] -- Set non-toolchain portion of runtime path of "/home/harshit/mrt_ws/arm_workspace/install/msg_interfaces/lib/libmsg_interfaces__rosidl_typesupport_introspection_c.so" to ""
[4.526s] -- Installing: /home/harshit/mrt_ws/arm_workspace/install/msg_interfaces/lib/libmsg_interfaces__rosidl_typesupport_c.so
[4.526s] -- Set non-toolchain portion of runtime path of "/home/harshit/mrt_ws/arm_workspace/install/msg_interfaces/lib/libmsg_interfaces__rosidl_typesupport_c.so" to ""
[4.527s] -- Installing: /home/harshit/mrt_ws/arm_workspace/install/msg_interfaces/lib/libmsg_interfaces__rosidl_typesupport_fastrtps_cpp.so
[4.528s] -- Set non-toolchain portion of runtime path of "/home/harshit/mrt_ws/arm_workspace/install/msg_interfaces/lib/libmsg_interfaces__rosidl_typesupport_fastrtps_cpp.so" to ""
[4.529s] -- Installing: /home/harshit/mrt_ws/arm_workspace/install/msg_interfaces/lib/libmsg_interfaces__rosidl_typesupport_introspection_cpp.so
[4.529s] -- Set non-toolchain portion of runtime path of "/home/harshit/mrt_ws/arm_workspace/install/msg_interfaces/lib/libmsg_interfaces__rosidl_typesupport_introspection_cpp.so" to ""
[4.529s] -- Installing: /home/harshit/mrt_ws/arm_workspace/install/msg_interfaces/lib/libmsg_interfaces__rosidl_typesupport_cpp.so
[4.530s] -- Set non-toolchain portion of runtime path of "/home/harshit/mrt_ws/arm_workspace/install/msg_interfaces/lib/libmsg_interfaces__rosidl_typesupport_cpp.so" to ""
[4.565s] Listing '/home/harshit/mrt_ws/arm_workspace/install/msg_interfaces/local/lib/python3.10/dist-packages/msg_interfaces'...
[4.565s] Compiling '/home/harshit/mrt_ws/arm_workspace/install/msg_interfaces/local/lib/python3.10/dist-packages/msg_interfaces/__init__.py'...
[4.565s] Listing '/home/harshit/mrt_ws/arm_workspace/install/msg_interfaces/local/lib/python3.10/dist-packages/msg_interfaces/msg'...
[4.565s] Compiling '/home/harshit/mrt_ws/arm_workspace/install/msg_interfaces/local/lib/python3.10/dist-packages/msg_interfaces/msg/__init__.py'...
[4.565s] Compiling '/home/harshit/mrt_ws/arm_workspace/install/msg_interfaces/local/lib/python3.10/dist-packages/msg_interfaces/msg/_arm_end_motion.py'...
[4.565s] Compiling '/home/harshit/mrt_ws/arm_workspace/install/msg_interfaces/local/lib/python3.10/dist-packages/msg_interfaces/msg/_encoder_arm.py'...
[4.565s] Compiling '/home/harshit/mrt_ws/arm_workspace/install/msg_interfaces/local/lib/python3.10/dist-packages/msg_interfaces/msg/_user_command.py'...
[4.569s] -- Installing: /home/harshit/mrt_ws/arm_workspace/install/msg_interfaces/lib/libmsg_interfaces__rosidl_generator_py.so
[4.569s] -- Set non-toolchain portion of runtime path of "/home/harshit/mrt_ws/arm_workspace/install/msg_interfaces/lib/libmsg_interfaces__rosidl_generator_py.so" to ""
[4.569s] -- Up-to-date: /home/harshit/mrt_ws/arm_workspace/install/msg_interfaces/share/msg_interfaces/cmake/export_msg_interfaces__rosidl_generator_cExport.cmake
[4.569s] -- Up-to-date: /home/harshit/mrt_ws/arm_workspace/install/msg_interfaces/share/msg_interfaces/cmake/export_msg_interfaces__rosidl_generator_cExport-noconfig.cmake
[4.569s] -- Up-to-date: /home/harshit/mrt_ws/arm_workspace/install/msg_interfaces/share/msg_interfaces/cmake/export_msg_interfaces__rosidl_typesupport_fastrtps_cExport.cmake
[4.570s] -- Up-to-date: /home/harshit/mrt_ws/arm_workspace/install/msg_interfaces/share/msg_interfaces/cmake/export_msg_interfaces__rosidl_typesupport_fastrtps_cExport-noconfig.cmake
[4.570s] -- Up-to-date: /home/harshit/mrt_ws/arm_workspace/install/msg_interfaces/share/msg_interfaces/cmake/msg_interfaces__rosidl_typesupport_introspection_cExport.cmake
[4.570s] -- Up-to-date: /home/harshit/mrt_ws/arm_workspace/install/msg_interfaces/share/msg_interfaces/cmake/msg_interfaces__rosidl_typesupport_introspection_cExport-noconfig.cmake
[4.570s] -- Up-to-date: /home/harshit/mrt_ws/arm_workspace/install/msg_interfaces/share/msg_interfaces/cmake/msg_interfaces__rosidl_typesupport_cExport.cmake
[4.570s] -- Up-to-date: /home/harshit/mrt_ws/arm_workspace/install/msg_interfaces/share/msg_interfaces/cmake/msg_interfaces__rosidl_typesupport_cExport-noconfig.cmake
[4.570s] -- Up-to-date: /home/harshit/mrt_ws/arm_workspace/install/msg_interfaces/share/msg_interfaces/cmake/export_msg_interfaces__rosidl_generator_cppExport.cmake
[4.570s] -- Up-to-date: /home/harshit/mrt_ws/arm_workspace/install/msg_interfaces/share/msg_interfaces/cmake/export_msg_interfaces__rosidl_typesupport_fastrtps_cppExport.cmake
[4.570s] -- Up-to-date: /home/harshit/mrt_ws/arm_workspace/install/msg_interfaces/share/msg_interfaces/cmake/export_msg_interfaces__rosidl_typesupport_fastrtps_cppExport-noconfig.cmake
[4.570s] -- Up-to-date: /home/harshit/mrt_ws/arm_workspace/install/msg_interfaces/share/msg_interfaces/cmake/msg_interfaces__rosidl_typesupport_introspection_cppExport.cmake
[4.571s] -- Up-to-date: /home/harshit/mrt_ws/arm_workspace/install/msg_interfaces/share/msg_interfaces/cmake/msg_interfaces__rosidl_typesupport_introspection_cppExport-noconfig.cmake
[4.571s] -- Up-to-date: /home/harshit/mrt_ws/arm_workspace/install/msg_interfaces/share/msg_interfaces/cmake/msg_interfaces__rosidl_typesupport_cppExport.cmake
[4.571s] -- Up-to-date: /home/harshit/mrt_ws/arm_workspace/install/msg_interfaces/share/msg_interfaces/cmake/msg_interfaces__rosidl_typesupport_cppExport-noconfig.cmake
[4.571s] -- Up-to-date: /home/harshit/mrt_ws/arm_workspace/install/msg_interfaces/share/msg_interfaces/cmake/export_msg_interfaces__rosidl_generator_pyExport.cmake
[4.571s] -- Up-to-date: /home/harshit/mrt_ws/arm_workspace/install/msg_interfaces/share/msg_interfaces/cmake/export_msg_interfaces__rosidl_generator_pyExport-noconfig.cmake
[4.572s] Invoked command in '/home/harshit/mrt_ws/arm_workspace/build/msg_interfaces' returned '0': CMAKE_PREFIX_PATH=${CMAKE_PREFIX_PATH}:/home/harshit/mrt_ws/install/week1_tutorials:/home/harshit/mrt_ws/install/week0_tutorials:/home/harshit/mrt_ws/install/sauron:/home/harshit/mrt_ws/install/odom_tf_publisher:/home/harshit/mrt_ws/install/mrs_hudson:/home/harshit/mrt_ws/install/assgn:/home/harshit/mrt_ws/install/aruco_detection:/home/harshit/urdf_rviz/install/urdf_testing:/home/harshit/urdf_rviz/install/robot_car:/opt/ros/humble /usr/bin/cmake --install /home/harshit/mrt_ws/arm_workspace/build/msg_interfaces
