[0.008s] Invoking command in '/home/harshit/mrt_ws/build/tutorial_interfaces': CMAKE_PREFIX_PATH=${CMAKE_PREFIX_PATH}:/home/harshit/mrt_ws/install/week0_tutorials:/home/harshit/mrt_ws/install/py_srvcli:/home/harshit/mrt_ws/install/sauron:/opt/ros/humble /usr/bin/cmake --build /home/harshit/mrt_ws/build/tutorial_interfaces -- -j8 -l8
[0.020s] -- Found geometry_msgs: 4.2.4 (/opt/ros/humble/share/geometry_msgs/cmake)
[0.168s] -- Found rosidl_generator_c: 3.1.5 (/opt/ros/humble/share/rosidl_generator_c/cmake)
[0.169s] -- Found rosidl_adapter: 3.1.5 (/opt/ros/humble/share/rosidl_adapter/cmake)
[0.173s] -- Found rosidl_generator_cpp: 3.1.5 (/opt/ros/humble/share/rosidl_generator_cpp/cmake)
[0.179s] -- Using all available rosidl_typesupport_c: rosidl_typesupport_fastrtps_c;rosidl_typesupport_introspection_c
[0.188s] -- Using all available rosidl_typesupport_cpp: rosidl_typesupport_fastrtps_cpp;rosidl_typesupport_introspection_cpp
[0.216s] -- Found rosidl_default_generators: 1.2.0 (/opt/ros/humble/share/rosidl_default_generators/cmake)
[0.388s] [31mCMake Error at /opt/ros/humble/share/rosidl_adapter/cmake/rosidl_adapt_interfaces.cmake:59 (message):
[0.389s]   execute_process(/usr/bin/python3 -m rosidl_adapter --package-name
[0.389s]   tutorial_interfaces --arguments-file
[0.389s]   /home/harshit/mrt_ws/build/tutorial_interfaces/rosidl_adapter__arguments__tutorial_interfaces.json
[0.389s]   --output-dir
[0.389s]   /home/harshit/mrt_ws/build/tutorial_interfaces/rosidl_adapter/tutorial_interfaces
[0.389s]   --output-file
[0.389s]   /home/harshit/mrt_ws/build/tutorial_interfaces/rosidl_adapter/tutorial_interfaces.idls)
[0.389s]   returned error code 1:
[0.389s] 
[0.389s]   Error processing 'uint_64[] ids' of 'tutorial_interfaces/ImageBounds':
[0.389s]   ''uint_64' is an invalid message name.  It should have the pattern
[0.389s]   '^[A-Z][A-Za-z0-9]*$''
[0.389s] 
[0.389s]   Traceback (most recent call last):
[0.389s] 
[0.389s]     File "/usr/lib/python3.10/runpy.py", line 196, in _run_module_as_main
[0.389s]       return _run_code(code, main_globals, None,
[0.390s]     File "/usr/lib/python3.10/runpy.py", line 86, in _run_code
[0.390s]       exec(code, run_globals)
[0.390s]     File "/opt/ros/humble/local/lib/python3.10/dist-packages/rosidl_adapter/__main__.py", line 19, in <module>
[0.390s]       sys.exit(main())
[0.390s]     File "/opt/ros/humble/local/lib/python3.10/dist-packages/rosidl_adapter/main.py", line 53, in main
[0.390s]       abs_idl_file = convert_to_idl(
[0.390s]     File "/opt/ros/humble/local/lib/python3.10/dist-packages/rosidl_adapter/__init__.py", line 19, in convert_to_idl
[0.390s]       return convert_msg_to_idl(
[0.390s]     File "/opt/ros/humble/local/lib/python3.10/dist-packages/rosidl_adapter/msg/__init__.py", line 28, in convert_msg_to_idl
[0.390s]       msg = parse_message_string(package_name, input_file.stem, content)
[0.390s]     File "/opt/ros/humble/local/lib/python3.10/dist-packages/rosidl_adapter/parser.py", line 520, in parse_message_string
[0.390s]       Type(type_string, context_package_name=pkg_name),
[0.390s]     File "/opt/ros/humble/local/lib/python3.10/dist-packages/rosidl_adapter/parser.py", line 277, in __init__
[0.390s]       super(Type, self).__init__(
[0.390s]     File "/opt/ros/humble/local/lib/python3.10/dist-packages/rosidl_adapter/parser.py", line 205, in __init__
[0.390s]       raise InvalidResourceName(
[0.390s] 
[0.390s]   rosidl_adapter.parser.InvalidResourceName: 'uint_64' is an invalid message
[0.391s]   name.  It should have the pattern '^[A-Z][A-Za-z0-9]*$'
[0.391s] 
[0.391s] Call Stack (most recent call first):
[0.391s]   /opt/ros/humble/share/rosidl_cmake/cmake/rosidl_generate_interfaces.cmake:130 (rosidl_adapt_interfaces)
[0.391s]   CMakeLists.txt:7 (rosidl_generate_interfaces)
[0.391s] 
[0.391s] [0m
[0.391s] -- Configuring incomplete, errors occurred!
[0.392s] gmake: *** [Makefile:1179: cmake_check_build_system] Error 1
[0.393s] Invoked command in '/home/harshit/mrt_ws/build/tutorial_interfaces' returned '2': CMAKE_PREFIX_PATH=${CMAKE_PREFIX_PATH}:/home/harshit/mrt_ws/install/week0_tutorials:/home/harshit/mrt_ws/install/py_srvcli:/home/harshit/mrt_ws/install/sauron:/opt/ros/humble /usr/bin/cmake --build /home/harshit/mrt_ws/build/tutorial_interfaces -- -j8 -l8
