[1.871s] Invoking command in '/home/harshit/mrt_ws/src/py_srvcli': PYTHONPATH=/home/harshit/mrt_ws/build/py_srvcli/prefix_override:/usr/lib/python3/dist-packages/colcon_core/task/python/colcon_distutils_commands:/home/harshit/mrt_ws/install/py_srvcli/lib/python3.10/site-packages:${PYTHONPATH} /usr/bin/python3 -W ignore:setup.py install is deprecated setup.py egg_info --egg-base ../../build/py_srvcli build --build-base /home/harshit/mrt_ws/build/py_srvcli/build install --record /home/harshit/mrt_ws/build/py_srvcli/install.log --single-version-externally-managed install_data
[2.363s] running egg_info
[2.365s] writing ../../build/py_srvcli/py_srvcli.egg-info/PKG-INFO
[2.365s] writing dependency_links to ../../build/py_srvcli/py_srvcli.egg-info/dependency_links.txt
[2.366s] writing entry points to ../../build/py_srvcli/py_srvcli.egg-info/entry_points.txt
[2.366s] writing requirements to ../../build/py_srvcli/py_srvcli.egg-info/requires.txt
[2.366s] writing top-level names to ../../build/py_srvcli/py_srvcli.egg-info/top_level.txt
[2.369s] reading manifest file '../../build/py_srvcli/py_srvcli.egg-info/SOURCES.txt'
[2.371s] writing manifest file '../../build/py_srvcli/py_srvcli.egg-info/SOURCES.txt'
[2.372s] running build
[2.372s] running build_py
[2.372s] copying py_srvcli/client_vid.py -> /home/harshit/mrt_ws/build/py_srvcli/build/lib/py_srvcli
[2.373s] running install
[2.373s] running install_lib
[2.375s] copying /home/harshit/mrt_ws/build/py_srvcli/build/lib/py_srvcli/client_vid.py -> /home/harshit/mrt_ws/install/py_srvcli/lib/python3.10/site-packages/py_srvcli
[2.377s] byte-compiling /home/harshit/mrt_ws/install/py_srvcli/lib/python3.10/site-packages/py_srvcli/client_vid.py to client_vid.cpython-310.pyc
[2.378s] running install_data
[2.379s] running install_egg_info
[2.382s] removing '/home/harshit/mrt_ws/install/py_srvcli/lib/python3.10/site-packages/py_srvcli-0.0.0-py3.10.egg-info' (and everything under it)
[2.383s] Copying ../../build/py_srvcli/py_srvcli.egg-info to /home/harshit/mrt_ws/install/py_srvcli/lib/python3.10/site-packages/py_srvcli-0.0.0-py3.10.egg-info
[2.385s] running install_scripts
[2.430s] Installing clientimg script to /home/harshit/mrt_ws/install/py_srvcli/lib/py_srvcli
[2.430s] Installing clientvid script to /home/harshit/mrt_ws/install/py_srvcli/lib/py_srvcli
[2.430s] Installing service script to /home/harshit/mrt_ws/install/py_srvcli/lib/py_srvcli
[2.431s] writing list of installed files to '/home/harshit/mrt_ws/build/py_srvcli/install.log'
[2.481s] Invoked command in '/home/harshit/mrt_ws/src/py_srvcli' returned '0': PYTHONPATH=/home/harshit/mrt_ws/build/py_srvcli/prefix_override:/usr/lib/python3/dist-packages/colcon_core/task/python/colcon_distutils_commands:/home/harshit/mrt_ws/install/py_srvcli/lib/python3.10/site-packages:${PYTHONPATH} /usr/bin/python3 -W ignore:setup.py install is deprecated setup.py egg_info --egg-base ../../build/py_srvcli build --build-base /home/harshit/mrt_ws/build/py_srvcli/build install --record /home/harshit/mrt_ws/build/py_srvcli/install.log --single-version-externally-managed install_data
