[1.998s] Invoking command in '/home/harshit/mrt_ws/src/assgn': PYTHONPATH=/home/harshit/mrt_ws/build/assgn/prefix_override:/usr/lib/python3/dist-packages/colcon_core/task/python/colcon_distutils_commands:/home/harshit/mrt_ws/install/assgn/lib/python3.10/site-packages:${PYTHONPATH} /usr/bin/python3 -W ignore:setup.py install is deprecated -W ignore:easy_install command is deprecated setup.py egg_info --egg-base ../../build/assgn build --build-base /home/harshit/mrt_ws/build/assgn/build install --record /home/harshit/mrt_ws/build/assgn/install.log --single-version-externally-managed install_data
[2.288s] running egg_info
[2.288s] writing ../../build/assgn/assgn.egg-info/PKG-INFO
[2.288s] writing dependency_links to ../../build/assgn/assgn.egg-info/dependency_links.txt
[2.288s] writing entry points to ../../build/assgn/assgn.egg-info/entry_points.txt
[2.288s] writing requirements to ../../build/assgn/assgn.egg-info/requires.txt
[2.289s] writing top-level names to ../../build/assgn/assgn.egg-info/top_level.txt
[2.290s] reading manifest file '../../build/assgn/assgn.egg-info/SOURCES.txt'
[2.290s] writing manifest file '../../build/assgn/assgn.egg-info/SOURCES.txt'
[2.291s] running build
[2.291s] running build_py
[2.291s] copying assgn/96.py -> /home/harshit/mrt_ws/build/assgn/build/lib/assgn
[2.292s] running install
[2.292s] running install_lib
[2.292s] copying /home/harshit/mrt_ws/build/assgn/build/lib/assgn/96.py -> /home/harshit/mrt_ws/install/assgn/lib/python3.10/site-packages/assgn
[2.292s] byte-compiling /home/harshit/mrt_ws/install/assgn/lib/python3.10/site-packages/assgn/96.py to 96.cpython-310.pyc
[2.293s] running install_data
[2.293s] running install_egg_info
[2.295s] removing '/home/harshit/mrt_ws/install/assgn/lib/python3.10/site-packages/assgn-0.0.0-py3.10.egg-info' (and everything under it)
[2.295s] Copying ../../build/assgn/assgn.egg-info to /home/harshit/mrt_ws/install/assgn/lib/python3.10/site-packages/assgn-0.0.0-py3.10.egg-info
[2.296s] running install_scripts
[2.318s] Installing 96 script to /home/harshit/mrt_ws/install/assgn/lib/assgn
[2.319s] writing list of installed files to '/home/harshit/mrt_ws/build/assgn/install.log'
[2.347s] Invoked command in '/home/harshit/mrt_ws/src/assgn' returned '0': PYTHONPATH=/home/harshit/mrt_ws/build/assgn/prefix_override:/usr/lib/python3/dist-packages/colcon_core/task/python/colcon_distutils_commands:/home/harshit/mrt_ws/install/assgn/lib/python3.10/site-packages:${PYTHONPATH} /usr/bin/python3 -W ignore:setup.py install is deprecated -W ignore:easy_install command is deprecated setup.py egg_info --egg-base ../../build/assgn build --build-base /home/harshit/mrt_ws/build/assgn/build install --record /home/harshit/mrt_ws/build/assgn/install.log --single-version-externally-managed install_data
