[0.219s] DEBUG:colcon:Command line arguments: ['/usr/bin/colcon', 'build']
[0.220s] DEBUG:colcon:Parsed command line arguments: Namespace(log_base=None, log_level=None, verb_name='build', build_base='build', install_base='install', merge_install=False, symlink_install=False, test_result_base=None, continue_on_error=False, executor='parallel', parallel_workers=8, event_handlers=None, ignore_user_meta=False, metas=['./colcon.meta'], base_paths=['.'], packages_ignore=None, packages_ignore_regex=None, paths=None, packages_up_to=None, packages_up_to_regex=None, packages_above=None, packages_above_and_dependencies=None, packages_above_depth=None, packages_select_by_dep=None, packages_skip_by_dep=None, packages_skip_up_to=None, packages_select_build_failed=False, packages_skip_build_finished=False, packages_select_test_failures=False, packages_skip_test_passed=False, packages_select=None, packages_skip=None, packages_select_regex=None, packages_skip_regex=None, packages_start=None, packages_end=None, allow_overriding=[], cmake_args=None, cmake_target=None, cmake_target_skip_unavailable=False, cmake_clean_cache=False, cmake_clean_first=False, cmake_force_configure=False, ament_cmake_args=None, catkin_cmake_args=None, catkin_skip_building_tests=False, verb_parser=<colcon_defaults.argument_parser.defaults.DefaultArgumentsDecorator object at 0x7f18d69e49a0>, verb_extension=<colcon_core.verb.build.BuildVerb object at 0x7f18d6b2ce50>, main=<bound method BuildVerb.main of <colcon_core.verb.build.BuildVerb object at 0x7f18d6b2ce50>>)
[0.568s] Level 1:colcon.colcon_core.package_discovery:discover_packages(colcon_meta) check parameters
[0.568s] Level 1:colcon.colcon_core.package_discovery:discover_packages(recursive) check parameters
[0.568s] Level 1:colcon.colcon_core.package_discovery:discover_packages(ignore) check parameters
[0.568s] Level 1:colcon.colcon_core.package_discovery:discover_packages(path) check parameters
[0.568s] Level 1:colcon.colcon_core.package_discovery:discover_packages(colcon_meta) discover
[0.568s] Level 1:colcon.colcon_core.package_discovery:discover_packages(recursive) discover
[0.568s] INFO:colcon.colcon_core.package_discovery:Crawling recursively for packages in '/home/harshit/mrt_ws'
[0.569s] Level 1:colcon.colcon_core.package_identification:_identify(.) by extensions ['ignore', 'ignore_ament_install']
[0.569s] Level 1:colcon.colcon_core.package_identification:_identify(.) by extension 'ignore'
[0.569s] Level 1:colcon.colcon_core.package_identification:_identify(.) by extension 'ignore_ament_install'
[0.569s] Level 1:colcon.colcon_core.package_identification:_identify(.) by extensions ['colcon_pkg']
[0.569s] Level 1:colcon.colcon_core.package_identification:_identify(.) by extension 'colcon_pkg'
[0.570s] Level 1:colcon.colcon_core.package_identification:_identify(.) by extensions ['colcon_meta']
[0.570s] Level 1:colcon.colcon_core.package_identification:_identify(.) by extension 'colcon_meta'
[0.570s] Level 1:colcon.colcon_core.package_identification:_identify(.) by extensions ['ros']
[0.570s] Level 1:colcon.colcon_core.package_identification:_identify(.) by extension 'ros'
[0.594s] Level 1:colcon.colcon_core.package_identification:_identify(.) by extensions ['cmake', 'python']
[0.594s] Level 1:colcon.colcon_core.package_identification:_identify(.) by extension 'cmake'
[0.594s] Level 1:colcon.colcon_core.package_identification:_identify(.) by extension 'python'
[0.594s] Level 1:colcon.colcon_core.package_identification:_identify(.) by extensions ['python_setup_py']
[0.595s] Level 1:colcon.colcon_core.package_identification:_identify(.) by extension 'python_setup_py'
[0.595s] Level 1:colcon.colcon_core.package_identification:_identify(assignment_reports) by extensions ['ignore', 'ignore_ament_install']
[0.595s] Level 1:colcon.colcon_core.package_identification:_identify(assignment_reports) by extension 'ignore'
[0.595s] Level 1:colcon.colcon_core.package_identification:_identify(assignment_reports) by extension 'ignore_ament_install'
[0.595s] Level 1:colcon.colcon_core.package_identification:_identify(assignment_reports) by extensions ['colcon_pkg']
[0.596s] Level 1:colcon.colcon_core.package_identification:_identify(assignment_reports) by extension 'colcon_pkg'
[0.596s] Level 1:colcon.colcon_core.package_identification:_identify(assignment_reports) by extensions ['colcon_meta']
[0.596s] Level 1:colcon.colcon_core.package_identification:_identify(assignment_reports) by extension 'colcon_meta'
[0.596s] Level 1:colcon.colcon_core.package_identification:_identify(assignment_reports) by extensions ['ros']
[0.596s] Level 1:colcon.colcon_core.package_identification:_identify(assignment_reports) by extension 'ros'
[0.596s] Level 1:colcon.colcon_core.package_identification:_identify(assignment_reports) by extensions ['cmake', 'python']
[0.596s] Level 1:colcon.colcon_core.package_identification:_identify(assignment_reports) by extension 'cmake'
[0.596s] Level 1:colcon.colcon_core.package_identification:_identify(assignment_reports) by extension 'python'
[0.597s] Level 1:colcon.colcon_core.package_identification:_identify(assignment_reports) by extensions ['python_setup_py']
[0.597s] Level 1:colcon.colcon_core.package_identification:_identify(assignment_reports) by extension 'python_setup_py'
[0.597s] Level 1:colcon.colcon_core.package_identification:_identify(build) by extensions ['ignore', 'ignore_ament_install']
[0.597s] Level 1:colcon.colcon_core.package_identification:_identify(build) by extension 'ignore'
[0.597s] Level 1:colcon.colcon_core.package_identification:_identify(build) ignored
[0.598s] Level 1:colcon.colcon_core.package_identification:_identify(content) by extensions ['ignore', 'ignore_ament_install']
[0.598s] Level 1:colcon.colcon_core.package_identification:_identify(content) by extension 'ignore'
[0.598s] Level 1:colcon.colcon_core.package_identification:_identify(content) by extension 'ignore_ament_install'
[0.599s] Level 1:colcon.colcon_core.package_identification:_identify(content) by extensions ['colcon_pkg']
[0.599s] Level 1:colcon.colcon_core.package_identification:_identify(content) by extension 'colcon_pkg'
[0.599s] Level 1:colcon.colcon_core.package_identification:_identify(content) by extensions ['colcon_meta']
[0.599s] Level 1:colcon.colcon_core.package_identification:_identify(content) by extension 'colcon_meta'
[0.599s] Level 1:colcon.colcon_core.package_identification:_identify(content) by extensions ['ros']
[0.599s] Level 1:colcon.colcon_core.package_identification:_identify(content) by extension 'ros'
[0.599s] Level 1:colcon.colcon_core.package_identification:_identify(content) by extensions ['cmake', 'python']
[0.599s] Level 1:colcon.colcon_core.package_identification:_identify(content) by extension 'cmake'
[0.600s] Level 1:colcon.colcon_core.package_identification:_identify(content) by extension 'python'
[0.600s] Level 1:colcon.colcon_core.package_identification:_identify(content) by extensions ['python_setup_py']
[0.600s] Level 1:colcon.colcon_core.package_identification:_identify(content) by extension 'python_setup_py'
[0.600s] Level 1:colcon.colcon_core.package_identification:_identify(install) by extensions ['ignore', 'ignore_ament_install']
[0.600s] Level 1:colcon.colcon_core.package_identification:_identify(install) by extension 'ignore'
[0.600s] Level 1:colcon.colcon_core.package_identification:_identify(install) ignored
[0.601s] Level 1:colcon.colcon_core.package_identification:_identify(log) by extensions ['ignore', 'ignore_ament_install']
[0.601s] Level 1:colcon.colcon_core.package_identification:_identify(log) by extension 'ignore'
[0.601s] Level 1:colcon.colcon_core.package_identification:_identify(log) ignored
[0.602s] Level 1:colcon.colcon_core.package_identification:_identify(src) by extensions ['ignore', 'ignore_ament_install']
[0.602s] Level 1:colcon.colcon_core.package_identification:_identify(src) by extension 'ignore'
[0.602s] Level 1:colcon.colcon_core.package_identification:_identify(src) by extension 'ignore_ament_install'
[0.602s] Level 1:colcon.colcon_core.package_identification:_identify(src) by extensions ['colcon_pkg']
[0.602s] Level 1:colcon.colcon_core.package_identification:_identify(src) by extension 'colcon_pkg'
[0.602s] Level 1:colcon.colcon_core.package_identification:_identify(src) by extensions ['colcon_meta']
[0.602s] Level 1:colcon.colcon_core.package_identification:_identify(src) by extension 'colcon_meta'
[0.603s] Level 1:colcon.colcon_core.package_identification:_identify(src) by extensions ['ros']
[0.603s] Level 1:colcon.colcon_core.package_identification:_identify(src) by extension 'ros'
[0.603s] Level 1:colcon.colcon_core.package_identification:_identify(src) by extensions ['cmake', 'python']
[0.603s] Level 1:colcon.colcon_core.package_identification:_identify(src) by extension 'cmake'
[0.603s] Level 1:colcon.colcon_core.package_identification:_identify(src) by extension 'python'
[0.603s] Level 1:colcon.colcon_core.package_identification:_identify(src) by extensions ['python_setup_py']
[0.603s] Level 1:colcon.colcon_core.package_identification:_identify(src) by extension 'python_setup_py'
[0.604s] Level 1:colcon.colcon_core.package_identification:_identify(src/py_srvcli) by extensions ['ignore', 'ignore_ament_install']
[0.604s] Level 1:colcon.colcon_core.package_identification:_identify(src/py_srvcli) by extension 'ignore'
[0.604s] Level 1:colcon.colcon_core.package_identification:_identify(src/py_srvcli) by extension 'ignore_ament_install'
[0.604s] Level 1:colcon.colcon_core.package_identification:_identify(src/py_srvcli) by extensions ['colcon_pkg']
[0.604s] Level 1:colcon.colcon_core.package_identification:_identify(src/py_srvcli) by extension 'colcon_pkg'
[0.604s] Level 1:colcon.colcon_core.package_identification:_identify(src/py_srvcli) by extensions ['colcon_meta']
[0.604s] Level 1:colcon.colcon_core.package_identification:_identify(src/py_srvcli) by extension 'colcon_meta'
[0.604s] Level 1:colcon.colcon_core.package_identification:_identify(src/py_srvcli) by extensions ['ros']
[0.604s] Level 1:colcon.colcon_core.package_identification:_identify(src/py_srvcli) by extension 'ros'
[0.610s] DEBUG:colcon.colcon_core.package_identification:Package 'src/py_srvcli' with type 'ros.ament_python' and name 'py_srvcli'
[0.610s] Level 1:colcon.colcon_core.package_identification:_identify(src/sauron) by extensions ['ignore', 'ignore_ament_install']
[0.611s] Level 1:colcon.colcon_core.package_identification:_identify(src/sauron) by extension 'ignore'
[0.611s] Level 1:colcon.colcon_core.package_identification:_identify(src/sauron) by extension 'ignore_ament_install'
[0.611s] Level 1:colcon.colcon_core.package_identification:_identify(src/sauron) by extensions ['colcon_pkg']
[0.611s] Level 1:colcon.colcon_core.package_identification:_identify(src/sauron) by extension 'colcon_pkg'
[0.611s] Level 1:colcon.colcon_core.package_identification:_identify(src/sauron) by extensions ['colcon_meta']
[0.611s] Level 1:colcon.colcon_core.package_identification:_identify(src/sauron) by extension 'colcon_meta'
[0.611s] Level 1:colcon.colcon_core.package_identification:_identify(src/sauron) by extensions ['ros']
[0.611s] Level 1:colcon.colcon_core.package_identification:_identify(src/sauron) by extension 'ros'
[0.613s] DEBUG:colcon.colcon_core.package_identification:Package 'src/sauron' with type 'ros.ament_python' and name 'sauron'
[0.613s] Level 1:colcon.colcon_core.package_identification:_identify(src/tutorial_interfaces) by extensions ['ignore', 'ignore_ament_install']
[0.614s] Level 1:colcon.colcon_core.package_identification:_identify(src/tutorial_interfaces) by extension 'ignore'
[0.614s] Level 1:colcon.colcon_core.package_identification:_identify(src/tutorial_interfaces) by extension 'ignore_ament_install'
[0.614s] Level 1:colcon.colcon_core.package_identification:_identify(src/tutorial_interfaces) by extensions ['colcon_pkg']
[0.614s] Level 1:colcon.colcon_core.package_identification:_identify(src/tutorial_interfaces) by extension 'colcon_pkg'
[0.614s] Level 1:colcon.colcon_core.package_identification:_identify(src/tutorial_interfaces) by extensions ['colcon_meta']
[0.614s] Level 1:colcon.colcon_core.package_identification:_identify(src/tutorial_interfaces) by extension 'colcon_meta'
[0.614s] Level 1:colcon.colcon_core.package_identification:_identify(src/tutorial_interfaces) by extensions ['ros']
[0.614s] Level 1:colcon.colcon_core.package_identification:_identify(src/tutorial_interfaces) by extension 'ros'
[0.616s] DEBUG:colcon.colcon_core.package_identification:Package 'src/tutorial_interfaces' with type 'ros.ament_cmake' and name 'tutorial_interfaces'
[0.616s] Level 1:colcon.colcon_core.package_identification:_identify(src/week0_tutorials) by extensions ['ignore', 'ignore_ament_install']
[0.617s] Level 1:colcon.colcon_core.package_identification:_identify(src/week0_tutorials) by extension 'ignore'
[0.617s] Level 1:colcon.colcon_core.package_identification:_identify(src/week0_tutorials) by extension 'ignore_ament_install'
[0.617s] Level 1:colcon.colcon_core.package_identification:_identify(src/week0_tutorials) by extensions ['colcon_pkg']
[0.617s] Level 1:colcon.colcon_core.package_identification:_identify(src/week0_tutorials) by extension 'colcon_pkg'
[0.617s] Level 1:colcon.colcon_core.package_identification:_identify(src/week0_tutorials) by extensions ['colcon_meta']
[0.617s] Level 1:colcon.colcon_core.package_identification:_identify(src/week0_tutorials) by extension 'colcon_meta'
[0.617s] Level 1:colcon.colcon_core.package_identification:_identify(src/week0_tutorials) by extensions ['ros']
[0.617s] Level 1:colcon.colcon_core.package_identification:_identify(src/week0_tutorials) by extension 'ros'
[0.619s] DEBUG:colcon.colcon_core.package_identification:Package 'src/week0_tutorials' with type 'ros.ament_python' and name 'week0_tutorials'
[0.619s] Level 1:colcon.colcon_core.package_discovery:discover_packages(recursive) using defaults
[0.619s] Level 1:colcon.colcon_core.package_discovery:discover_packages(ignore) discover
[0.619s] Level 1:colcon.colcon_core.package_discovery:discover_packages(ignore) using defaults
[0.619s] Level 1:colcon.colcon_core.package_discovery:discover_packages(path) discover
[0.619s] Level 1:colcon.colcon_core.package_discovery:discover_packages(path) using defaults
[0.673s] Level 1:colcon.colcon_core.package_discovery:discover_packages(prefix_path) check parameters
[0.673s] Level 1:colcon.colcon_core.package_discovery:discover_packages(prefix_path) discover
[0.677s] DEBUG:colcon.colcon_installed_package_information.package_discovery:Found 4 installed packages in /home/harshit/mrt_ws/install
[0.680s] DEBUG:colcon.colcon_installed_package_information.package_discovery:Found 287 installed packages in /opt/ros/humble
[0.703s] Level 1:colcon.colcon_core.package_discovery:discover_packages(prefix_path) using defaults
[0.791s] Level 5:colcon.colcon_core.verb:set package 'sauron' build argument 'cmake_args' from command line to 'None'
[0.791s] Level 5:colcon.colcon_core.verb:set package 'sauron' build argument 'cmake_target' from command line to 'None'
[0.791s] Level 5:colcon.colcon_core.verb:set package 'sauron' build argument 'cmake_target_skip_unavailable' from command line to 'False'
[0.791s] Level 5:colcon.colcon_core.verb:set package 'sauron' build argument 'cmake_clean_cache' from command line to 'False'
[0.791s] Level 5:colcon.colcon_core.verb:set package 'sauron' build argument 'cmake_clean_first' from command line to 'False'
[0.791s] Level 5:colcon.colcon_core.verb:set package 'sauron' build argument 'cmake_force_configure' from command line to 'False'
[0.791s] Level 5:colcon.colcon_core.verb:set package 'sauron' build argument 'ament_cmake_args' from command line to 'None'
[0.791s] Level 5:colcon.colcon_core.verb:set package 'sauron' build argument 'catkin_cmake_args' from command line to 'None'
[0.791s] Level 5:colcon.colcon_core.verb:set package 'sauron' build argument 'catkin_skip_building_tests' from command line to 'False'
[0.791s] DEBUG:colcon.colcon_core.verb:Building package 'sauron' with the following arguments: {'ament_cmake_args': None, 'build_base': '/home/harshit/mrt_ws/build/sauron', 'catkin_cmake_args': None, 'catkin_skip_building_tests': False, 'cmake_args': None, 'cmake_clean_cache': False, 'cmake_clean_first': False, 'cmake_force_configure': False, 'cmake_target': None, 'cmake_target_skip_unavailable': False, 'install_base': '/home/harshit/mrt_ws/install/sauron', 'merge_install': False, 'path': '/home/harshit/mrt_ws/src/sauron', 'symlink_install': False, 'test_result_base': None}
[0.792s] Level 5:colcon.colcon_core.verb:set package 'tutorial_interfaces' build argument 'cmake_args' from command line to 'None'
[0.792s] Level 5:colcon.colcon_core.verb:set package 'tutorial_interfaces' build argument 'cmake_target' from command line to 'None'
[0.793s] Level 5:colcon.colcon_core.verb:set package 'tutorial_interfaces' build argument 'cmake_target_skip_unavailable' from command line to 'False'
[0.793s] Level 5:colcon.colcon_core.verb:set package 'tutorial_interfaces' build argument 'cmake_clean_cache' from command line to 'False'
[0.793s] Level 5:colcon.colcon_core.verb:set package 'tutorial_interfaces' build argument 'cmake_clean_first' from command line to 'False'
[0.793s] Level 5:colcon.colcon_core.verb:set package 'tutorial_interfaces' build argument 'cmake_force_configure' from command line to 'False'
[0.793s] Level 5:colcon.colcon_core.verb:set package 'tutorial_interfaces' build argument 'ament_cmake_args' from command line to 'None'
[0.793s] Level 5:colcon.colcon_core.verb:set package 'tutorial_interfaces' build argument 'catkin_cmake_args' from command line to 'None'
[0.793s] Level 5:colcon.colcon_core.verb:set package 'tutorial_interfaces' build argument 'catkin_skip_building_tests' from command line to 'False'
[0.793s] DEBUG:colcon.colcon_core.verb:Building package 'tutorial_interfaces' with the following arguments: {'ament_cmake_args': None, 'build_base': '/home/harshit/mrt_ws/build/tutorial_interfaces', 'catkin_cmake_args': None, 'catkin_skip_building_tests': False, 'cmake_args': None, 'cmake_clean_cache': False, 'cmake_clean_first': False, 'cmake_force_configure': False, 'cmake_target': None, 'cmake_target_skip_unavailable': False, 'install_base': '/home/harshit/mrt_ws/install/tutorial_interfaces', 'merge_install': False, 'path': '/home/harshit/mrt_ws/src/tutorial_interfaces', 'symlink_install': False, 'test_result_base': None}
[0.794s] Level 5:colcon.colcon_core.verb:set package 'py_srvcli' build argument 'cmake_args' from command line to 'None'
[0.794s] Level 5:colcon.colcon_core.verb:set package 'py_srvcli' build argument 'cmake_target' from command line to 'None'
[0.794s] Level 5:colcon.colcon_core.verb:set package 'py_srvcli' build argument 'cmake_target_skip_unavailable' from command line to 'False'
[0.794s] Level 5:colcon.colcon_core.verb:set package 'py_srvcli' build argument 'cmake_clean_cache' from command line to 'False'
[0.794s] Level 5:colcon.colcon_core.verb:set package 'py_srvcli' build argument 'cmake_clean_first' from command line to 'False'
[0.794s] Level 5:colcon.colcon_core.verb:set package 'py_srvcli' build argument 'cmake_force_configure' from command line to 'False'
[0.794s] Level 5:colcon.colcon_core.verb:set package 'py_srvcli' build argument 'ament_cmake_args' from command line to 'None'
[0.794s] Level 5:colcon.colcon_core.verb:set package 'py_srvcli' build argument 'catkin_cmake_args' from command line to 'None'
[0.794s] Level 5:colcon.colcon_core.verb:set package 'py_srvcli' build argument 'catkin_skip_building_tests' from command line to 'False'
[0.794s] DEBUG:colcon.colcon_core.verb:Building package 'py_srvcli' with the following arguments: {'ament_cmake_args': None, 'build_base': '/home/harshit/mrt_ws/build/py_srvcli', 'catkin_cmake_args': None, 'catkin_skip_building_tests': False, 'cmake_args': None, 'cmake_clean_cache': False, 'cmake_clean_first': False, 'cmake_force_configure': False, 'cmake_target': None, 'cmake_target_skip_unavailable': False, 'install_base': '/home/harshit/mrt_ws/install/py_srvcli', 'merge_install': False, 'path': '/home/harshit/mrt_ws/src/py_srvcli', 'symlink_install': False, 'test_result_base': None}
[0.795s] Level 5:colcon.colcon_core.verb:set package 'week0_tutorials' build argument 'cmake_args' from command line to 'None'
[0.795s] Level 5:colcon.colcon_core.verb:set package 'week0_tutorials' build argument 'cmake_target' from command line to 'None'
[0.795s] Level 5:colcon.colcon_core.verb:set package 'week0_tutorials' build argument 'cmake_target_skip_unavailable' from command line to 'False'
[0.795s] Level 5:colcon.colcon_core.verb:set package 'week0_tutorials' build argument 'cmake_clean_cache' from command line to 'False'
[0.795s] Level 5:colcon.colcon_core.verb:set package 'week0_tutorials' build argument 'cmake_clean_first' from command line to 'False'
[0.795s] Level 5:colcon.colcon_core.verb:set package 'week0_tutorials' build argument 'cmake_force_configure' from command line to 'False'
[0.795s] Level 5:colcon.colcon_core.verb:set package 'week0_tutorials' build argument 'ament_cmake_args' from command line to 'None'
[0.795s] Level 5:colcon.colcon_core.verb:set package 'week0_tutorials' build argument 'catkin_cmake_args' from command line to 'None'
[0.795s] Level 5:colcon.colcon_core.verb:set package 'week0_tutorials' build argument 'catkin_skip_building_tests' from command line to 'False'
[0.795s] DEBUG:colcon.colcon_core.verb:Building package 'week0_tutorials' with the following arguments: {'ament_cmake_args': None, 'build_base': '/home/harshit/mrt_ws/build/week0_tutorials', 'catkin_cmake_args': None, 'catkin_skip_building_tests': False, 'cmake_args': None, 'cmake_clean_cache': False, 'cmake_clean_first': False, 'cmake_force_configure': False, 'cmake_target': None, 'cmake_target_skip_unavailable': False, 'install_base': '/home/harshit/mrt_ws/install/week0_tutorials', 'merge_install': False, 'path': '/home/harshit/mrt_ws/src/week0_tutorials', 'symlink_install': False, 'test_result_base': None}
[0.796s] INFO:colcon.colcon_core.executor:Executing jobs using 'parallel' executor
[0.798s] DEBUG:colcon.colcon_parallel_executor.executor.parallel:run_until_complete
[0.798s] INFO:colcon.colcon_ros.task.ament_cmake.build:Building ROS package in '/home/harshit/mrt_ws/src/tutorial_interfaces' with build type 'ament_cmake'
[0.798s] INFO:colcon.colcon_cmake.task.cmake.build:Building CMake package in '/home/harshit/mrt_ws/src/tutorial_interfaces'
[0.803s] INFO:colcon.colcon_core.plugin_system:Skipping extension 'colcon_core.shell.bat': Not used on non-Windows systems
[0.804s] INFO:colcon.colcon_core.shell:Skip shell extension 'powershell' for command environment: Not usable outside of PowerShell
[0.804s] DEBUG:colcon.colcon_core.shell:Skip shell extension 'dsv' for command environment
[0.812s] INFO:colcon.colcon_ros.task.ament_python.build:Building ROS package in '/home/harshit/mrt_ws/src/sauron' with build type 'ament_python'
[0.812s] Level 1:colcon.colcon_core.shell:create_environment_hook('sauron', 'ament_prefix_path')
[0.813s] INFO:colcon.colcon_core.shell:Creating environment hook '/home/harshit/mrt_ws/install/sauron/share/sauron/hook/ament_prefix_path.ps1'
[0.814s] INFO:colcon.colcon_core.shell:Creating environment descriptor '/home/harshit/mrt_ws/install/sauron/share/sauron/hook/ament_prefix_path.dsv'
[0.816s] INFO:colcon.colcon_core.shell:Creating environment hook '/home/harshit/mrt_ws/install/sauron/share/sauron/hook/ament_prefix_path.sh'
[0.817s] INFO:colcon.colcon_core.shell:Skip shell extension 'powershell' for command environment: Not usable outside of PowerShell
[0.818s] DEBUG:colcon.colcon_core.shell:Skip shell extension 'dsv' for command environment
[0.834s] DEBUG:colcon.colcon_core.event_handler.log_command:Invoking command in '/home/harshit/mrt_ws/build/tutorial_interfaces': CMAKE_PREFIX_PATH=${CMAKE_PREFIX_PATH}:/home/harshit/mrt_ws/install/week0_tutorials:/home/harshit/mrt_ws/install/py_srvcli:/home/harshit/mrt_ws/install/sauron:/opt/ros/humble /usr/bin/cmake --build /home/harshit/mrt_ws/build/tutorial_interfaces -- -j8 -l8
[1.579s] INFO:colcon.colcon_core.task.python.build:Building Python package in '/home/harshit/mrt_ws/src/sauron'
[1.580s] INFO:colcon.colcon_core.shell:Skip shell extension 'powershell' for command environment: Not usable outside of PowerShell
[1.580s] DEBUG:colcon.colcon_core.shell:Skip shell extension 'dsv' for command environment
[1.611s] DEBUG:colcon.colcon_core.event_handler.log_command:Invoked command in '/home/harshit/mrt_ws/build/tutorial_interfaces' returned '0': CMAKE_PREFIX_PATH=${CMAKE_PREFIX_PATH}:/home/harshit/mrt_ws/install/week0_tutorials:/home/harshit/mrt_ws/install/py_srvcli:/home/harshit/mrt_ws/install/sauron:/opt/ros/humble /usr/bin/cmake --build /home/harshit/mrt_ws/build/tutorial_interfaces -- -j8 -l8
[1.941s] DEBUG:colcon.colcon_core.event_handler.log_command:Invoking command in '/home/harshit/mrt_ws/build/tutorial_interfaces': CMAKE_PREFIX_PATH=${CMAKE_PREFIX_PATH}:/home/harshit/mrt_ws/install/week0_tutorials:/home/harshit/mrt_ws/install/py_srvcli:/home/harshit/mrt_ws/install/sauron:/opt/ros/humble /usr/bin/cmake --install /home/harshit/mrt_ws/build/tutorial_interfaces
[2.145s] Level 1:colcon.colcon_core.environment:create_environment_scripts_only(tutorial_interfaces)
[2.146s] DEBUG:colcon.colcon_core.event_handler.log_command:Invoked command in '/home/harshit/mrt_ws/build/tutorial_interfaces' returned '0': CMAKE_PREFIX_PATH=${CMAKE_PREFIX_PATH}:/home/harshit/mrt_ws/install/week0_tutorials:/home/harshit/mrt_ws/install/py_srvcli:/home/harshit/mrt_ws/install/sauron:/opt/ros/humble /usr/bin/cmake --install /home/harshit/mrt_ws/build/tutorial_interfaces
[2.152s] Level 1:colcon.colcon_core.environment:checking '/home/harshit/mrt_ws/install/tutorial_interfaces' for CMake module files
[2.153s] Level 1:colcon.colcon_core.environment:checking '/home/harshit/mrt_ws/install/tutorial_interfaces' for CMake config files
[2.154s] Level 1:colcon.colcon_core.shell:create_environment_hook('tutorial_interfaces', 'cmake_prefix_path')
[2.155s] INFO:colcon.colcon_core.shell:Creating environment hook '/home/harshit/mrt_ws/install/tutorial_interfaces/share/tutorial_interfaces/hook/cmake_prefix_path.ps1'
[2.157s] INFO:colcon.colcon_core.shell:Creating environment descriptor '/home/harshit/mrt_ws/install/tutorial_interfaces/share/tutorial_interfaces/hook/cmake_prefix_path.dsv'
[2.158s] INFO:colcon.colcon_core.shell:Creating environment hook '/home/harshit/mrt_ws/install/tutorial_interfaces/share/tutorial_interfaces/hook/cmake_prefix_path.sh'
[2.160s] Level 1:colcon.colcon_core.environment:checking '/home/harshit/mrt_ws/install/tutorial_interfaces/lib'
[2.160s] Level 1:colcon.colcon_core.shell:create_environment_hook('tutorial_interfaces', 'ld_library_path_lib')
[2.161s] INFO:colcon.colcon_core.shell:Creating environment hook '/home/harshit/mrt_ws/install/tutorial_interfaces/share/tutorial_interfaces/hook/ld_library_path_lib.ps1'
[2.162s] INFO:colcon.colcon_core.shell:Creating environment descriptor '/home/harshit/mrt_ws/install/tutorial_interfaces/share/tutorial_interfaces/hook/ld_library_path_lib.dsv'
[2.162s] INFO:colcon.colcon_core.shell:Creating environment hook '/home/harshit/mrt_ws/install/tutorial_interfaces/share/tutorial_interfaces/hook/ld_library_path_lib.sh'
[2.164s] Level 1:colcon.colcon_core.environment:checking '/home/harshit/mrt_ws/install/tutorial_interfaces/bin'
[2.164s] Level 1:colcon.colcon_core.environment:checking '/home/harshit/mrt_ws/install/tutorial_interfaces/lib/pkgconfig/tutorial_interfaces.pc'
[2.164s] Level 1:colcon.colcon_core.environment:checking '/home/harshit/mrt_ws/install/tutorial_interfaces/lib/python3.10/site-packages'
[2.165s] Level 1:colcon.colcon_core.environment:checking '/home/harshit/mrt_ws/install/tutorial_interfaces/bin'
[2.166s] INFO:colcon.colcon_core.shell:Creating package script '/home/harshit/mrt_ws/install/tutorial_interfaces/share/tutorial_interfaces/package.ps1'
[2.168s] INFO:colcon.colcon_core.shell:Creating package descriptor '/home/harshit/mrt_ws/install/tutorial_interfaces/share/tutorial_interfaces/package.dsv'
[2.169s] INFO:colcon.colcon_core.shell:Creating package script '/home/harshit/mrt_ws/install/tutorial_interfaces/share/tutorial_interfaces/package.sh'
[2.171s] INFO:colcon.colcon_core.shell:Creating package script '/home/harshit/mrt_ws/install/tutorial_interfaces/share/tutorial_interfaces/package.bash'
[2.172s] INFO:colcon.colcon_core.shell:Creating package script '/home/harshit/mrt_ws/install/tutorial_interfaces/share/tutorial_interfaces/package.zsh'
[2.174s] Level 1:colcon.colcon_core.environment:create_file_with_runtime_dependencies(/home/harshit/mrt_ws/install/tutorial_interfaces/share/colcon-core/packages/tutorial_interfaces)
[2.392s] Level 1:colcon.colcon_core.environment:create_environment_scripts_only(tutorial_interfaces)
[2.393s] Level 1:colcon.colcon_core.environment:checking '/home/harshit/mrt_ws/install/tutorial_interfaces' for CMake module files
[2.394s] Level 1:colcon.colcon_core.environment:checking '/home/harshit/mrt_ws/install/tutorial_interfaces' for CMake config files
[2.395s] Level 1:colcon.colcon_core.shell:create_environment_hook('tutorial_interfaces', 'cmake_prefix_path')
[2.396s] INFO:colcon.colcon_core.shell:Creating environment hook '/home/harshit/mrt_ws/install/tutorial_interfaces/share/tutorial_interfaces/hook/cmake_prefix_path.ps1'
[2.397s] INFO:colcon.colcon_core.shell:Creating environment descriptor '/home/harshit/mrt_ws/install/tutorial_interfaces/share/tutorial_interfaces/hook/cmake_prefix_path.dsv'
[2.398s] INFO:colcon.colcon_core.shell:Creating environment hook '/home/harshit/mrt_ws/install/tutorial_interfaces/share/tutorial_interfaces/hook/cmake_prefix_path.sh'
[2.399s] Level 1:colcon.colcon_core.environment:checking '/home/harshit/mrt_ws/install/tutorial_interfaces/lib'
[2.399s] Level 1:colcon.colcon_core.shell:create_environment_hook('tutorial_interfaces', 'ld_library_path_lib')
[2.399s] INFO:colcon.colcon_core.shell:Creating environment hook '/home/harshit/mrt_ws/install/tutorial_interfaces/share/tutorial_interfaces/hook/ld_library_path_lib.ps1'
[2.400s] INFO:colcon.colcon_core.shell:Creating environment descriptor '/home/harshit/mrt_ws/install/tutorial_interfaces/share/tutorial_interfaces/hook/ld_library_path_lib.dsv'
[2.401s] INFO:colcon.colcon_core.shell:Creating environment hook '/home/harshit/mrt_ws/install/tutorial_interfaces/share/tutorial_interfaces/hook/ld_library_path_lib.sh'
[2.402s] Level 1:colcon.colcon_core.environment:checking '/home/harshit/mrt_ws/install/tutorial_interfaces/bin'
[2.402s] Level 1:colcon.colcon_core.environment:checking '/home/harshit/mrt_ws/install/tutorial_interfaces/lib/pkgconfig/tutorial_interfaces.pc'
[2.403s] Level 1:colcon.colcon_core.environment:checking '/home/harshit/mrt_ws/install/tutorial_interfaces/lib/python3.10/site-packages'
[2.403s] Level 1:colcon.colcon_core.environment:checking '/home/harshit/mrt_ws/install/tutorial_interfaces/bin'
[2.404s] INFO:colcon.colcon_core.shell:Creating package script '/home/harshit/mrt_ws/install/tutorial_interfaces/share/tutorial_interfaces/package.ps1'
[2.405s] INFO:colcon.colcon_core.shell:Creating package descriptor '/home/harshit/mrt_ws/install/tutorial_interfaces/share/tutorial_interfaces/package.dsv'
[2.406s] INFO:colcon.colcon_core.shell:Creating package script '/home/harshit/mrt_ws/install/tutorial_interfaces/share/tutorial_interfaces/package.sh'
[2.406s] INFO:colcon.colcon_core.shell:Creating package script '/home/harshit/mrt_ws/install/tutorial_interfaces/share/tutorial_interfaces/package.bash'
[2.407s] INFO:colcon.colcon_core.shell:Creating package script '/home/harshit/mrt_ws/install/tutorial_interfaces/share/tutorial_interfaces/package.zsh'
[2.409s] Level 1:colcon.colcon_core.environment:create_file_with_runtime_dependencies(/home/harshit/mrt_ws/install/tutorial_interfaces/share/colcon-core/packages/tutorial_interfaces)
[2.409s] INFO:colcon.colcon_ros.task.ament_python.build:Building ROS package in '/home/harshit/mrt_ws/src/py_srvcli' with build type 'ament_python'
[2.410s] Level 1:colcon.colcon_core.shell:create_environment_hook('py_srvcli', 'ament_prefix_path')
[2.410s] INFO:colcon.colcon_core.shell:Creating environment hook '/home/harshit/mrt_ws/install/py_srvcli/share/py_srvcli/hook/ament_prefix_path.ps1'
[2.412s] INFO:colcon.colcon_core.shell:Creating environment descriptor '/home/harshit/mrt_ws/install/py_srvcli/share/py_srvcli/hook/ament_prefix_path.dsv'
[2.413s] INFO:colcon.colcon_core.shell:Creating environment hook '/home/harshit/mrt_ws/install/py_srvcli/share/py_srvcli/hook/ament_prefix_path.sh'
[2.415s] INFO:colcon.colcon_core.shell:Skip shell extension 'powershell' for command environment: Not usable outside of PowerShell
[2.415s] DEBUG:colcon.colcon_core.shell:Skip shell extension 'dsv' for command environment
[2.425s] INFO:colcon.colcon_ros.task.ament_python.build:Building ROS package in '/home/harshit/mrt_ws/src/week0_tutorials' with build type 'ament_python'
[2.425s] Level 1:colcon.colcon_core.shell:create_environment_hook('week0_tutorials', 'ament_prefix_path')
[2.426s] INFO:colcon.colcon_core.shell:Creating environment hook '/home/harshit/mrt_ws/install/week0_tutorials/share/week0_tutorials/hook/ament_prefix_path.ps1'
[2.427s] INFO:colcon.colcon_core.shell:Creating environment descriptor '/home/harshit/mrt_ws/install/week0_tutorials/share/week0_tutorials/hook/ament_prefix_path.dsv'
[2.428s] INFO:colcon.colcon_core.shell:Creating environment hook '/home/harshit/mrt_ws/install/week0_tutorials/share/week0_tutorials/hook/ament_prefix_path.sh'
[2.429s] INFO:colcon.colcon_core.shell:Skip shell extension 'powershell' for command environment: Not usable outside of PowerShell
[2.430s] DEBUG:colcon.colcon_core.shell:Skip shell extension 'dsv' for command environment
[3.016s] INFO:colcon.colcon_core.task.python.build:Building Python package in '/home/harshit/mrt_ws/src/py_srvcli'
[3.017s] INFO:colcon.colcon_core.shell:Skip shell extension 'powershell' for command environment: Not usable outside of PowerShell
[3.017s] DEBUG:colcon.colcon_core.shell:Skip shell extension 'dsv' for command environment
[3.582s] INFO:colcon.colcon_core.task.python.build:Building Python package in '/home/harshit/mrt_ws/src/week0_tutorials'
[3.583s] INFO:colcon.colcon_core.shell:Skip shell extension 'powershell' for command environment: Not usable outside of PowerShell
[3.583s] DEBUG:colcon.colcon_core.shell:Skip shell extension 'dsv' for command environment
[3.599s] DEBUG:colcon.colcon_core.event_handler.log_command:Invoking command in '/home/harshit/mrt_ws/src/sauron': PYTHONPATH=/home/harshit/mrt_ws/build/sauron/prefix_override:/usr/lib/python3/dist-packages/colcon_core/task/python/colcon_distutils_commands:/home/harshit/mrt_ws/install/sauron/lib/python3.10/site-packages:${PYTHONPATH} /usr/bin/python3 -W ignore:setup.py install is deprecated setup.py egg_info --egg-base ../../build/sauron build --build-base /home/harshit/mrt_ws/build/sauron/build install --record /home/harshit/mrt_ws/build/sauron/install.log --single-version-externally-managed install_data
[4.393s] DEBUG:colcon.colcon_core.event_handler.log_command:Invoking command in '/home/harshit/mrt_ws/src/py_srvcli': PYTHONPATH=/home/harshit/mrt_ws/build/py_srvcli/prefix_override:/usr/lib/python3/dist-packages/colcon_core/task/python/colcon_distutils_commands:/home/harshit/mrt_ws/install/py_srvcli/lib/python3.10/site-packages:${PYTHONPATH} /usr/bin/python3 -W ignore:setup.py install is deprecated setup.py egg_info --egg-base ../../build/py_srvcli build --build-base /home/harshit/mrt_ws/build/py_srvcli/build install --record /home/harshit/mrt_ws/build/py_srvcli/install.log --single-version-externally-managed install_data
[4.405s] DEBUG:colcon.colcon_core.event_handler.log_command:Invoking command in '/home/harshit/mrt_ws/src/week0_tutorials': PYTHONPATH=/home/harshit/mrt_ws/build/week0_tutorials/prefix_override:/usr/lib/python3/dist-packages/colcon_core/task/python/colcon_distutils_commands:/home/harshit/mrt_ws/install/week0_tutorials/lib/python3.10/site-packages:${PYTHONPATH} /usr/bin/python3 -W ignore:setup.py install is deprecated setup.py egg_info --egg-base ../../build/week0_tutorials build --build-base /home/harshit/mrt_ws/build/week0_tutorials/build install --record /home/harshit/mrt_ws/build/week0_tutorials/install.log --single-version-externally-managed install_data
[4.466s] Level 1:colcon.colcon_core.environment:checking '/home/harshit/mrt_ws/install/sauron' for CMake module files
[4.468s] DEBUG:colcon.colcon_core.event_handler.log_command:Invoked command in '/home/harshit/mrt_ws/src/sauron' returned '0': PYTHONPATH=/home/harshit/mrt_ws/build/sauron/prefix_override:/usr/lib/python3/dist-packages/colcon_core/task/python/colcon_distutils_commands:/home/harshit/mrt_ws/install/sauron/lib/python3.10/site-packages:${PYTHONPATH} /usr/bin/python3 -W ignore:setup.py install is deprecated setup.py egg_info --egg-base ../../build/sauron build --build-base /home/harshit/mrt_ws/build/sauron/build install --record /home/harshit/mrt_ws/build/sauron/install.log --single-version-externally-managed install_data
[4.469s] Level 1:colcon.colcon_core.environment:checking '/home/harshit/mrt_ws/install/sauron' for CMake config files
[4.470s] Level 1:colcon.colcon_core.environment:checking '/home/harshit/mrt_ws/install/sauron/lib'
[4.470s] Level 1:colcon.colcon_core.environment:checking '/home/harshit/mrt_ws/install/sauron/bin'
[4.470s] Level 1:colcon.colcon_core.environment:checking '/home/harshit/mrt_ws/install/sauron/lib/pkgconfig/sauron.pc'
[4.471s] Level 1:colcon.colcon_core.environment:checking '/home/harshit/mrt_ws/install/sauron/lib/python3.10/site-packages'
[4.471s] Level 1:colcon.colcon_core.shell:create_environment_hook('sauron', 'pythonpath')
[4.471s] INFO:colcon.colcon_core.shell:Creating environment hook '/home/harshit/mrt_ws/install/sauron/share/sauron/hook/pythonpath.ps1'
[4.472s] INFO:colcon.colcon_core.shell:Creating environment descriptor '/home/harshit/mrt_ws/install/sauron/share/sauron/hook/pythonpath.dsv'
[4.473s] INFO:colcon.colcon_core.shell:Creating environment hook '/home/harshit/mrt_ws/install/sauron/share/sauron/hook/pythonpath.sh'
[4.474s] Level 1:colcon.colcon_core.environment:checking '/home/harshit/mrt_ws/install/sauron/bin'
[4.474s] Level 1:colcon.colcon_core.environment:create_environment_scripts_only(sauron)
[4.475s] INFO:colcon.colcon_core.shell:Creating package script '/home/harshit/mrt_ws/install/sauron/share/sauron/package.ps1'
[4.477s] INFO:colcon.colcon_core.shell:Creating package descriptor '/home/harshit/mrt_ws/install/sauron/share/sauron/package.dsv'
[4.478s] INFO:colcon.colcon_core.shell:Creating package script '/home/harshit/mrt_ws/install/sauron/share/sauron/package.sh'
[4.479s] INFO:colcon.colcon_core.shell:Creating package script '/home/harshit/mrt_ws/install/sauron/share/sauron/package.bash'
[4.480s] INFO:colcon.colcon_core.shell:Creating package script '/home/harshit/mrt_ws/install/sauron/share/sauron/package.zsh'
[4.480s] Level 1:colcon.colcon_core.environment:create_file_with_runtime_dependencies(/home/harshit/mrt_ws/install/sauron/share/colcon-core/packages/sauron)
[5.098s] Level 1:colcon.colcon_core.environment:checking '/home/harshit/mrt_ws/install/py_srvcli' for CMake module files
[5.100s] DEBUG:colcon.colcon_core.event_handler.log_command:Invoked command in '/home/harshit/mrt_ws/src/py_srvcli' returned '0': PYTHONPATH=/home/harshit/mrt_ws/build/py_srvcli/prefix_override:/usr/lib/python3/dist-packages/colcon_core/task/python/colcon_distutils_commands:/home/harshit/mrt_ws/install/py_srvcli/lib/python3.10/site-packages:${PYTHONPATH} /usr/bin/python3 -W ignore:setup.py install is deprecated setup.py egg_info --egg-base ../../build/py_srvcli build --build-base /home/harshit/mrt_ws/build/py_srvcli/build install --record /home/harshit/mrt_ws/build/py_srvcli/install.log --single-version-externally-managed install_data
[5.101s] Level 1:colcon.colcon_core.environment:checking '/home/harshit/mrt_ws/install/py_srvcli' for CMake config files
[5.102s] Level 1:colcon.colcon_core.environment:checking '/home/harshit/mrt_ws/install/py_srvcli/lib'
[5.102s] Level 1:colcon.colcon_core.environment:checking '/home/harshit/mrt_ws/install/py_srvcli/bin'
[5.103s] Level 1:colcon.colcon_core.environment:checking '/home/harshit/mrt_ws/install/py_srvcli/lib/pkgconfig/py_srvcli.pc'
[5.103s] Level 1:colcon.colcon_core.environment:checking '/home/harshit/mrt_ws/install/py_srvcli/lib/python3.10/site-packages'
[5.103s] Level 1:colcon.colcon_core.shell:create_environment_hook('py_srvcli', 'pythonpath')
[5.104s] INFO:colcon.colcon_core.shell:Creating environment hook '/home/harshit/mrt_ws/install/py_srvcli/share/py_srvcli/hook/pythonpath.ps1'
[5.105s] INFO:colcon.colcon_core.shell:Creating environment descriptor '/home/harshit/mrt_ws/install/py_srvcli/share/py_srvcli/hook/pythonpath.dsv'
[5.105s] INFO:colcon.colcon_core.shell:Creating environment hook '/home/harshit/mrt_ws/install/py_srvcli/share/py_srvcli/hook/pythonpath.sh'
[5.107s] Level 1:colcon.colcon_core.environment:checking '/home/harshit/mrt_ws/install/py_srvcli/bin'
[5.107s] Level 1:colcon.colcon_core.environment:create_environment_scripts_only(py_srvcli)
[5.108s] INFO:colcon.colcon_core.shell:Creating package script '/home/harshit/mrt_ws/install/py_srvcli/share/py_srvcli/package.ps1'
[5.109s] INFO:colcon.colcon_core.shell:Creating package descriptor '/home/harshit/mrt_ws/install/py_srvcli/share/py_srvcli/package.dsv'
[5.110s] INFO:colcon.colcon_core.shell:Creating package script '/home/harshit/mrt_ws/install/py_srvcli/share/py_srvcli/package.sh'
[5.111s] INFO:colcon.colcon_core.shell:Creating package script '/home/harshit/mrt_ws/install/py_srvcli/share/py_srvcli/package.bash'
[5.112s] INFO:colcon.colcon_core.shell:Creating package script '/home/harshit/mrt_ws/install/py_srvcli/share/py_srvcli/package.zsh'
[5.113s] Level 1:colcon.colcon_core.environment:create_file_with_runtime_dependencies(/home/harshit/mrt_ws/install/py_srvcli/share/colcon-core/packages/py_srvcli)
[5.116s] Level 1:colcon.colcon_core.environment:checking '/home/harshit/mrt_ws/install/week0_tutorials' for CMake module files
[5.117s] DEBUG:colcon.colcon_core.event_handler.log_command:Invoked command in '/home/harshit/mrt_ws/src/week0_tutorials' returned '0': PYTHONPATH=/home/harshit/mrt_ws/build/week0_tutorials/prefix_override:/usr/lib/python3/dist-packages/colcon_core/task/python/colcon_distutils_commands:/home/harshit/mrt_ws/install/week0_tutorials/lib/python3.10/site-packages:${PYTHONPATH} /usr/bin/python3 -W ignore:setup.py install is deprecated setup.py egg_info --egg-base ../../build/week0_tutorials build --build-base /home/harshit/mrt_ws/build/week0_tutorials/build install --record /home/harshit/mrt_ws/build/week0_tutorials/install.log --single-version-externally-managed install_data
[5.118s] Level 1:colcon.colcon_core.environment:checking '/home/harshit/mrt_ws/install/week0_tutorials' for CMake config files
[5.120s] Level 1:colcon.colcon_core.environment:checking '/home/harshit/mrt_ws/install/week0_tutorials/lib'
[5.120s] Level 1:colcon.colcon_core.environment:checking '/home/harshit/mrt_ws/install/week0_tutorials/bin'
[5.120s] Level 1:colcon.colcon_core.environment:checking '/home/harshit/mrt_ws/install/week0_tutorials/lib/pkgconfig/week0_tutorials.pc'
[5.121s] Level 1:colcon.colcon_core.environment:checking '/home/harshit/mrt_ws/install/week0_tutorials/lib/python3.10/site-packages'
[5.122s] Level 1:colcon.colcon_core.shell:create_environment_hook('week0_tutorials', 'pythonpath')
[5.123s] INFO:colcon.colcon_core.shell:Creating environment hook '/home/harshit/mrt_ws/install/week0_tutorials/share/week0_tutorials/hook/pythonpath.ps1'
[5.124s] INFO:colcon.colcon_core.shell:Creating environment descriptor '/home/harshit/mrt_ws/install/week0_tutorials/share/week0_tutorials/hook/pythonpath.dsv'
[5.126s] INFO:colcon.colcon_core.shell:Creating environment hook '/home/harshit/mrt_ws/install/week0_tutorials/share/week0_tutorials/hook/pythonpath.sh'
[5.128s] Level 1:colcon.colcon_core.environment:checking '/home/harshit/mrt_ws/install/week0_tutorials/bin'
[5.128s] Level 1:colcon.colcon_core.environment:create_environment_scripts_only(week0_tutorials)
[5.129s] INFO:colcon.colcon_core.shell:Creating package script '/home/harshit/mrt_ws/install/week0_tutorials/share/week0_tutorials/package.ps1'
[5.131s] INFO:colcon.colcon_core.shell:Creating package descriptor '/home/harshit/mrt_ws/install/week0_tutorials/share/week0_tutorials/package.dsv'
[5.132s] INFO:colcon.colcon_core.shell:Creating package script '/home/harshit/mrt_ws/install/week0_tutorials/share/week0_tutorials/package.sh'
[5.134s] INFO:colcon.colcon_core.shell:Creating package script '/home/harshit/mrt_ws/install/week0_tutorials/share/week0_tutorials/package.bash'
[5.135s] INFO:colcon.colcon_core.shell:Creating package script '/home/harshit/mrt_ws/install/week0_tutorials/share/week0_tutorials/package.zsh'
[5.136s] Level 1:colcon.colcon_core.environment:create_file_with_runtime_dependencies(/home/harshit/mrt_ws/install/week0_tutorials/share/colcon-core/packages/week0_tutorials)
[5.136s] DEBUG:colcon.colcon_parallel_executor.executor.parallel:closing loop
[5.137s] DEBUG:colcon.colcon_parallel_executor.executor.parallel:loop closed
[5.138s] DEBUG:colcon.colcon_parallel_executor.executor.parallel:run_until_complete finished with '0'
[5.138s] DEBUG:colcon.colcon_core.event_reactor:joining thread
[5.155s] INFO:colcon.colcon_core.plugin_system:Skipping extension 'colcon_notification.desktop_notification.terminal_notifier': Not used on non-Darwin systems
[5.155s] INFO:colcon.colcon_core.plugin_system:Skipping extension 'colcon_notification.desktop_notification.win32': Not used on non-Windows systems
[5.155s] INFO:colcon.colcon_notification.desktop_notification:Sending desktop notification using 'notify2'
[5.179s] DEBUG:colcon.colcon_core.event_reactor:joined thread
[5.180s] INFO:colcon.colcon_core.shell:Creating prefix script '/home/harshit/mrt_ws/install/local_setup.ps1'
[5.183s] INFO:colcon.colcon_core.shell:Creating prefix util module '/home/harshit/mrt_ws/install/_local_setup_util_ps1.py'
[5.189s] INFO:colcon.colcon_core.shell:Creating prefix chain script '/home/harshit/mrt_ws/install/setup.ps1'
[5.193s] INFO:colcon.colcon_core.shell:Creating prefix script '/home/harshit/mrt_ws/install/local_setup.sh'
[5.195s] INFO:colcon.colcon_core.shell:Creating prefix util module '/home/harshit/mrt_ws/install/_local_setup_util_sh.py'
[5.197s] INFO:colcon.colcon_core.shell:Creating prefix chain script '/home/harshit/mrt_ws/install/setup.sh'
[5.201s] INFO:colcon.colcon_core.shell:Creating prefix script '/home/harshit/mrt_ws/install/local_setup.bash'
[5.203s] INFO:colcon.colcon_core.shell:Creating prefix chain script '/home/harshit/mrt_ws/install/setup.bash'
[5.206s] INFO:colcon.colcon_core.shell:Creating prefix script '/home/harshit/mrt_ws/install/local_setup.zsh'
[5.208s] INFO:colcon.colcon_core.shell:Creating prefix chain script '/home/harshit/mrt_ws/install/setup.zsh'
