[  3%] Built target pos_control_interfaces__cpp
[  3%] Built target ament_cmake_python_copy_pos_control_interfaces
[ 12%] Built target pos_control_interfaces__rosidl_generator_c
[ 41%] Built target pos_control_interfaces__rosidl_typesupport_cpp
[ 41%] Built target pos_control_interfaces__rosidl_typesupport_introspection_cpp
[ 41%] Built target pos_control_interfaces__rosidl_typesupport_fastrtps_cpp
[ 51%] Built target pos_control_interfaces__rosidl_typesupport_c
[ 61%] Built target pos_control_interfaces__rosidl_typesupport_introspection_c
[ 70%] Built target pos_control_interfaces__rosidl_typesupport_fastrtps_c
[ 70%] Built target pos_control_interfaces
[ 74%] Built target pos_control_interfaces__py
[ 80%] Built target pos_control_interfaces__rosidl_generator_py
[100%] Built target pos_control_interfaces__rosidl_typesupport_introspection_c__pyext
[100%] Built target pos_control_interfaces__rosidl_typesupport_fastrtps_c__pyext
[100%] Built target pos_control_interfaces__rosidl_typesupport_c__pyext
running egg_info
writing pos_control_interfaces.egg-info/PKG-INFO
writing dependency_links to pos_control_interfaces.egg-info/dependency_links.txt
writing top-level names to pos_control_interfaces.egg-info/top_level.txt
reading manifest file 'pos_control_interfaces.egg-info/SOURCES.txt'
writing manifest file 'pos_control_interfaces.egg-info/SOURCES.txt'
[100%] Built target ament_cmake_python_build_pos_control_interfaces_egg
-- Install configuration: ""
-- Up-to-date: /home/harshit/mrt_ws/arm_workspace/install/pos_control_interfaces/share/ament_index/resource_index/rosidl_interfaces/pos_control_interfaces
-- Up-to-date: /home/harshit/mrt_ws/arm_workspace/install/pos_control_interfaces/include/pos_control_interfaces/pos_control_interfaces
-- Up-to-date: /home/harshit/mrt_ws/arm_workspace/install/pos_control_interfaces/include/pos_control_interfaces/pos_control_interfaces/action
-- Up-to-date: /home/harshit/mrt_ws/arm_workspace/install/pos_control_interfaces/include/pos_control_interfaces/pos_control_interfaces/action/trajectory.h
-- Up-to-date: /home/harshit/mrt_ws/arm_workspace/install/pos_control_interfaces/include/pos_control_interfaces/pos_control_interfaces/action/detail
-- Up-to-date: /home/harshit/mrt_ws/arm_workspace/install/pos_control_interfaces/include/pos_control_interfaces/pos_control_interfaces/action/detail/trajectory__type_support.h
-- Up-to-date: /home/harshit/mrt_ws/arm_workspace/install/pos_control_interfaces/include/pos_control_interfaces/pos_control_interfaces/action/detail/trajectory__struct.h
-- Up-to-date: /home/harshit/mrt_ws/arm_workspace/install/pos_control_interfaces/include/pos_control_interfaces/pos_control_interfaces/action/detail/trajectory__functions.c
-- Up-to-date: /home/harshit/mrt_ws/arm_workspace/install/pos_control_interfaces/include/pos_control_interfaces/pos_control_interfaces/action/detail/trajectory__functions.h
-- Up-to-date: /home/harshit/mrt_ws/arm_workspace/install/pos_control_interfaces/include/pos_control_interfaces/pos_control_interfaces/msg
-- Up-to-date: /home/harshit/mrt_ws/arm_workspace/install/pos_control_interfaces/include/pos_control_interfaces/pos_control_interfaces/msg/rosidl_generator_c__visibility_control.h
-- Up-to-date: /home/harshit/mrt_ws/arm_workspace/install/pos_control_interfaces/share/pos_control_interfaces/environment/library_path.sh
-- Up-to-date: /home/harshit/mrt_ws/arm_workspace/install/pos_control_interfaces/share/pos_control_interfaces/environment/library_path.dsv
-- Up-to-date: /home/harshit/mrt_ws/arm_workspace/install/pos_control_interfaces/lib/libpos_control_interfaces__rosidl_generator_c.so
-- Up-to-date: /home/harshit/mrt_ws/arm_workspace/install/pos_control_interfaces/include/pos_control_interfaces/pos_control_interfaces
-- Up-to-date: /home/harshit/mrt_ws/arm_workspace/install/pos_control_interfaces/include/pos_control_interfaces/pos_control_interfaces/action
-- Up-to-date: /home/harshit/mrt_ws/arm_workspace/install/pos_control_interfaces/include/pos_control_interfaces/pos_control_interfaces/action/detail
-- Up-to-date: /home/harshit/mrt_ws/arm_workspace/install/pos_control_interfaces/include/pos_control_interfaces/pos_control_interfaces/action/detail/trajectory__rosidl_typesupport_fastrtps_c.h
-- Up-to-date: /home/harshit/mrt_ws/arm_workspace/install/pos_control_interfaces/include/pos_control_interfaces/pos_control_interfaces/msg
-- Up-to-date: /home/harshit/mrt_ws/arm_workspace/install/pos_control_interfaces/include/pos_control_interfaces/pos_control_interfaces/msg/rosidl_typesupport_fastrtps_c__visibility_control.h
-- Up-to-date: /home/harshit/mrt_ws/arm_workspace/install/pos_control_interfaces/lib/libpos_control_interfaces__rosidl_typesupport_fastrtps_c.so
-- Up-to-date: /home/harshit/mrt_ws/arm_workspace/install/pos_control_interfaces/include/pos_control_interfaces/pos_control_interfaces
-- Up-to-date: /home/harshit/mrt_ws/arm_workspace/install/pos_control_interfaces/include/pos_control_interfaces/pos_control_interfaces/action
-- Up-to-date: /home/harshit/mrt_ws/arm_workspace/install/pos_control_interfaces/include/pos_control_interfaces/pos_control_interfaces/action/detail
-- Up-to-date: /home/harshit/mrt_ws/arm_workspace/install/pos_control_interfaces/include/pos_control_interfaces/pos_control_interfaces/action/detail/trajectory__struct.hpp
-- Up-to-date: /home/harshit/mrt_ws/arm_workspace/install/pos_control_interfaces/include/pos_control_interfaces/pos_control_interfaces/action/detail/trajectory__type_support.hpp
-- Up-to-date: /home/harshit/mrt_ws/arm_workspace/install/pos_control_interfaces/include/pos_control_interfaces/pos_control_interfaces/action/detail/trajectory__traits.hpp
-- Up-to-date: /home/harshit/mrt_ws/arm_workspace/install/pos_control_interfaces/include/pos_control_interfaces/pos_control_interfaces/action/detail/trajectory__builder.hpp
-- Up-to-date: /home/harshit/mrt_ws/arm_workspace/install/pos_control_interfaces/include/pos_control_interfaces/pos_control_interfaces/action/trajectory.hpp
-- Up-to-date: /home/harshit/mrt_ws/arm_workspace/install/pos_control_interfaces/include/pos_control_interfaces/pos_control_interfaces/msg
-- Up-to-date: /home/harshit/mrt_ws/arm_workspace/install/pos_control_interfaces/include/pos_control_interfaces/pos_control_interfaces/msg/rosidl_generator_cpp__visibility_control.hpp
-- Up-to-date: /home/harshit/mrt_ws/arm_workspace/install/pos_control_interfaces/include/pos_control_interfaces/pos_control_interfaces
-- Up-to-date: /home/harshit/mrt_ws/arm_workspace/install/pos_control_interfaces/include/pos_control_interfaces/pos_control_interfaces/action
-- Up-to-date: /home/harshit/mrt_ws/arm_workspace/install/pos_control_interfaces/include/pos_control_interfaces/pos_control_interfaces/action/detail
-- Up-to-date: /home/harshit/mrt_ws/arm_workspace/install/pos_control_interfaces/include/pos_control_interfaces/pos_control_interfaces/action/detail/dds_fastrtps
-- Up-to-date: /home/harshit/mrt_ws/arm_workspace/install/pos_control_interfaces/include/pos_control_interfaces/pos_control_interfaces/action/detail/trajectory__rosidl_typesupport_fastrtps_cpp.hpp
-- Up-to-date: /home/harshit/mrt_ws/arm_workspace/install/pos_control_interfaces/include/pos_control_interfaces/pos_control_interfaces/msg
-- Up-to-date: /home/harshit/mrt_ws/arm_workspace/install/pos_control_interfaces/include/pos_control_interfaces/pos_control_interfaces/msg/rosidl_typesupport_fastrtps_cpp__visibility_control.h
-- Up-to-date: /home/harshit/mrt_ws/arm_workspace/install/pos_control_interfaces/lib/libpos_control_interfaces__rosidl_typesupport_fastrtps_cpp.so
-- Up-to-date: /home/harshit/mrt_ws/arm_workspace/install/pos_control_interfaces/include/pos_control_interfaces/pos_control_interfaces
-- Up-to-date: /home/harshit/mrt_ws/arm_workspace/install/pos_control_interfaces/include/pos_control_interfaces/pos_control_interfaces/action
-- Up-to-date: /home/harshit/mrt_ws/arm_workspace/install/pos_control_interfaces/include/pos_control_interfaces/pos_control_interfaces/action/detail
-- Up-to-date: /home/harshit/mrt_ws/arm_workspace/install/pos_control_interfaces/include/pos_control_interfaces/pos_control_interfaces/action/detail/trajectory__rosidl_typesupport_introspection_c.h
-- Up-to-date: /home/harshit/mrt_ws/arm_workspace/install/pos_control_interfaces/include/pos_control_interfaces/pos_control_interfaces/action/detail/trajectory__type_support.c
-- Up-to-date: /home/harshit/mrt_ws/arm_workspace/install/pos_control_interfaces/include/pos_control_interfaces/pos_control_interfaces/msg
-- Up-to-date: /home/harshit/mrt_ws/arm_workspace/install/pos_control_interfaces/include/pos_control_interfaces/pos_control_interfaces/msg/rosidl_typesupport_introspection_c__visibility_control.h
-- Up-to-date: /home/harshit/mrt_ws/arm_workspace/install/pos_control_interfaces/lib/libpos_control_interfaces__rosidl_typesupport_introspection_c.so
-- Up-to-date: /home/harshit/mrt_ws/arm_workspace/install/pos_control_interfaces/lib/libpos_control_interfaces__rosidl_typesupport_c.so
-- Up-to-date: /home/harshit/mrt_ws/arm_workspace/install/pos_control_interfaces/include/pos_control_interfaces/pos_control_interfaces
-- Up-to-date: /home/harshit/mrt_ws/arm_workspace/install/pos_control_interfaces/include/pos_control_interfaces/pos_control_interfaces/action
-- Up-to-date: /home/harshit/mrt_ws/arm_workspace/install/pos_control_interfaces/include/pos_control_interfaces/pos_control_interfaces/action/detail
-- Up-to-date: /home/harshit/mrt_ws/arm_workspace/install/pos_control_interfaces/include/pos_control_interfaces/pos_control_interfaces/action/detail/trajectory__rosidl_typesupport_introspection_cpp.hpp
-- Up-to-date: /home/harshit/mrt_ws/arm_workspace/install/pos_control_interfaces/include/pos_control_interfaces/pos_control_interfaces/action/detail/trajectory__type_support.cpp
-- Up-to-date: /home/harshit/mrt_ws/arm_workspace/install/pos_control_interfaces/lib/libpos_control_interfaces__rosidl_typesupport_introspection_cpp.so
-- Up-to-date: /home/harshit/mrt_ws/arm_workspace/install/pos_control_interfaces/lib/libpos_control_interfaces__rosidl_typesupport_cpp.so
-- Up-to-date: /home/harshit/mrt_ws/arm_workspace/install/pos_control_interfaces/share/pos_control_interfaces/environment/pythonpath.sh
-- Up-to-date: /home/harshit/mrt_ws/arm_workspace/install/pos_control_interfaces/share/pos_control_interfaces/environment/pythonpath.dsv
-- Up-to-date: /home/harshit/mrt_ws/arm_workspace/install/pos_control_interfaces/local/lib/python3.10/dist-packages/pos_control_interfaces-0.0.0-py3.10.egg-info
-- Installing: /home/harshit/mrt_ws/arm_workspace/install/pos_control_interfaces/local/lib/python3.10/dist-packages/pos_control_interfaces-0.0.0-py3.10.egg-info/top_level.txt
-- Installing: /home/harshit/mrt_ws/arm_workspace/install/pos_control_interfaces/local/lib/python3.10/dist-packages/pos_control_interfaces-0.0.0-py3.10.egg-info/SOURCES.txt
-- Installing: /home/harshit/mrt_ws/arm_workspace/install/pos_control_interfaces/local/lib/python3.10/dist-packages/pos_control_interfaces-0.0.0-py3.10.egg-info/dependency_links.txt
-- Installing: /home/harshit/mrt_ws/arm_workspace/install/pos_control_interfaces/local/lib/python3.10/dist-packages/pos_control_interfaces-0.0.0-py3.10.egg-info/PKG-INFO
-- Up-to-date: /home/harshit/mrt_ws/arm_workspace/install/pos_control_interfaces/local/lib/python3.10/dist-packages/pos_control_interfaces
-- Up-to-date: /home/harshit/mrt_ws/arm_workspace/install/pos_control_interfaces/local/lib/python3.10/dist-packages/pos_control_interfaces/pos_control_interfaces_s__rosidl_typesupport_introspection_c.cpython-310-x86_64-linux-gnu.so
-- Up-to-date: /home/harshit/mrt_ws/arm_workspace/install/pos_control_interfaces/local/lib/python3.10/dist-packages/pos_control_interfaces/_pos_control_interfaces_s.ep.rosidl_typesupport_c.c
-- Up-to-date: /home/harshit/mrt_ws/arm_workspace/install/pos_control_interfaces/local/lib/python3.10/dist-packages/pos_control_interfaces/pos_control_interfaces_s__rosidl_typesupport_c.cpython-310-x86_64-linux-gnu.so
-- Up-to-date: /home/harshit/mrt_ws/arm_workspace/install/pos_control_interfaces/local/lib/python3.10/dist-packages/pos_control_interfaces/_pos_control_interfaces_s.ep.rosidl_typesupport_fastrtps_c.c
-- Up-to-date: /home/harshit/mrt_ws/arm_workspace/install/pos_control_interfaces/local/lib/python3.10/dist-packages/pos_control_interfaces/libpos_control_interfaces__rosidl_generator_py.so
-- Up-to-date: /home/harshit/mrt_ws/arm_workspace/install/pos_control_interfaces/local/lib/python3.10/dist-packages/pos_control_interfaces/action
-- Up-to-date: /home/harshit/mrt_ws/arm_workspace/install/pos_control_interfaces/local/lib/python3.10/dist-packages/pos_control_interfaces/action/_trajectory.py
-- Up-to-date: /home/harshit/mrt_ws/arm_workspace/install/pos_control_interfaces/local/lib/python3.10/dist-packages/pos_control_interfaces/action/_trajectory_s.c
-- Up-to-date: /home/harshit/mrt_ws/arm_workspace/install/pos_control_interfaces/local/lib/python3.10/dist-packages/pos_control_interfaces/action/__init__.py
-- Up-to-date: /home/harshit/mrt_ws/arm_workspace/install/pos_control_interfaces/local/lib/python3.10/dist-packages/pos_control_interfaces/pos_control_interfaces_s__rosidl_typesupport_fastrtps_c.cpython-310-x86_64-linux-gnu.so
-- Up-to-date: /home/harshit/mrt_ws/arm_workspace/install/pos_control_interfaces/local/lib/python3.10/dist-packages/pos_control_interfaces/_pos_control_interfaces_s.ep.rosidl_typesupport_introspection_c.c
-- Up-to-date: /home/harshit/mrt_ws/arm_workspace/install/pos_control_interfaces/local/lib/python3.10/dist-packages/pos_control_interfaces/__init__.py
Listing '/home/harshit/mrt_ws/arm_workspace/install/pos_control_interfaces/local/lib/python3.10/dist-packages/pos_control_interfaces'...
Listing '/home/harshit/mrt_ws/arm_workspace/install/pos_control_interfaces/local/lib/python3.10/dist-packages/pos_control_interfaces/action'...
-- Up-to-date: /home/harshit/mrt_ws/arm_workspace/install/pos_control_interfaces/local/lib/python3.10/dist-packages/pos_control_interfaces/pos_control_interfaces_s__rosidl_typesupport_fastrtps_c.cpython-310-x86_64-linux-gnu.so
-- Up-to-date: /home/harshit/mrt_ws/arm_workspace/install/pos_control_interfaces/local/lib/python3.10/dist-packages/pos_control_interfaces/pos_control_interfaces_s__rosidl_typesupport_introspection_c.cpython-310-x86_64-linux-gnu.so
-- Up-to-date: /home/harshit/mrt_ws/arm_workspace/install/pos_control_interfaces/local/lib/python3.10/dist-packages/pos_control_interfaces/pos_control_interfaces_s__rosidl_typesupport_c.cpython-310-x86_64-linux-gnu.so
-- Up-to-date: /home/harshit/mrt_ws/arm_workspace/install/pos_control_interfaces/lib/libpos_control_interfaces__rosidl_generator_py.so
-- Up-to-date: /home/harshit/mrt_ws/arm_workspace/install/pos_control_interfaces/share/pos_control_interfaces/action/Trajectory.idl
-- Up-to-date: /home/harshit/mrt_ws/arm_workspace/install/pos_control_interfaces/share/pos_control_interfaces/action/Trajectory.action
-- Up-to-date: /home/harshit/mrt_ws/arm_workspace/install/pos_control_interfaces/share/ament_index/resource_index/package_run_dependencies/pos_control_interfaces
-- Up-to-date: /home/harshit/mrt_ws/arm_workspace/install/pos_control_interfaces/share/ament_index/resource_index/parent_prefix_path/pos_control_interfaces
-- Up-to-date: /home/harshit/mrt_ws/arm_workspace/install/pos_control_interfaces/share/pos_control_interfaces/environment/ament_prefix_path.sh
-- Up-to-date: /home/harshit/mrt_ws/arm_workspace/install/pos_control_interfaces/share/pos_control_interfaces/environment/ament_prefix_path.dsv
-- Up-to-date: /home/harshit/mrt_ws/arm_workspace/install/pos_control_interfaces/share/pos_control_interfaces/environment/path.sh
-- Up-to-date: /home/harshit/mrt_ws/arm_workspace/install/pos_control_interfaces/share/pos_control_interfaces/environment/path.dsv
-- Up-to-date: /home/harshit/mrt_ws/arm_workspace/install/pos_control_interfaces/share/pos_control_interfaces/local_setup.bash
-- Up-to-date: /home/harshit/mrt_ws/arm_workspace/install/pos_control_interfaces/share/pos_control_interfaces/local_setup.sh
-- Up-to-date: /home/harshit/mrt_ws/arm_workspace/install/pos_control_interfaces/share/pos_control_interfaces/local_setup.zsh
-- Up-to-date: /home/harshit/mrt_ws/arm_workspace/install/pos_control_interfaces/share/pos_control_interfaces/local_setup.dsv
-- Installing: /home/harshit/mrt_ws/arm_workspace/install/pos_control_interfaces/share/pos_control_interfaces/package.dsv
-- Up-to-date: /home/harshit/mrt_ws/arm_workspace/install/pos_control_interfaces/share/ament_index/resource_index/packages/pos_control_interfaces
-- Up-to-date: /home/harshit/mrt_ws/arm_workspace/install/pos_control_interfaces/share/pos_control_interfaces/cmake/export_pos_control_interfaces__rosidl_generator_cExport.cmake
-- Up-to-date: /home/harshit/mrt_ws/arm_workspace/install/pos_control_interfaces/share/pos_control_interfaces/cmake/export_pos_control_interfaces__rosidl_generator_cExport-noconfig.cmake
-- Up-to-date: /home/harshit/mrt_ws/arm_workspace/install/pos_control_interfaces/share/pos_control_interfaces/cmake/export_pos_control_interfaces__rosidl_typesupport_fastrtps_cExport.cmake
-- Up-to-date: /home/harshit/mrt_ws/arm_workspace/install/pos_control_interfaces/share/pos_control_interfaces/cmake/export_pos_control_interfaces__rosidl_typesupport_fastrtps_cExport-noconfig.cmake
-- Up-to-date: /home/harshit/mrt_ws/arm_workspace/install/pos_control_interfaces/share/pos_control_interfaces/cmake/export_pos_control_interfaces__rosidl_generator_cppExport.cmake
-- Up-to-date: /home/harshit/mrt_ws/arm_workspace/install/pos_control_interfaces/share/pos_control_interfaces/cmake/export_pos_control_interfaces__rosidl_typesupport_fastrtps_cppExport.cmake
-- Up-to-date: /home/harshit/mrt_ws/arm_workspace/install/pos_control_interfaces/share/pos_control_interfaces/cmake/export_pos_control_interfaces__rosidl_typesupport_fastrtps_cppExport-noconfig.cmake
-- Up-to-date: /home/harshit/mrt_ws/arm_workspace/install/pos_control_interfaces/share/pos_control_interfaces/cmake/pos_control_interfaces__rosidl_typesupport_introspection_cExport.cmake
-- Up-to-date: /home/harshit/mrt_ws/arm_workspace/install/pos_control_interfaces/share/pos_control_interfaces/cmake/pos_control_interfaces__rosidl_typesupport_introspection_cExport-noconfig.cmake
-- Up-to-date: /home/harshit/mrt_ws/arm_workspace/install/pos_control_interfaces/share/pos_control_interfaces/cmake/pos_control_interfaces__rosidl_typesupport_cExport.cmake
-- Up-to-date: /home/harshit/mrt_ws/arm_workspace/install/pos_control_interfaces/share/pos_control_interfaces/cmake/pos_control_interfaces__rosidl_typesupport_cExport-noconfig.cmake
-- Up-to-date: /home/harshit/mrt_ws/arm_workspace/install/pos_control_interfaces/share/pos_control_interfaces/cmake/pos_control_interfaces__rosidl_typesupport_introspection_cppExport.cmake
-- Up-to-date: /home/harshit/mrt_ws/arm_workspace/install/pos_control_interfaces/share/pos_control_interfaces/cmake/pos_control_interfaces__rosidl_typesupport_introspection_cppExport-noconfig.cmake
-- Up-to-date: /home/harshit/mrt_ws/arm_workspace/install/pos_control_interfaces/share/pos_control_interfaces/cmake/pos_control_interfaces__rosidl_typesupport_cppExport.cmake
-- Up-to-date: /home/harshit/mrt_ws/arm_workspace/install/pos_control_interfaces/share/pos_control_interfaces/cmake/pos_control_interfaces__rosidl_typesupport_cppExport-noconfig.cmake
-- Up-to-date: /home/harshit/mrt_ws/arm_workspace/install/pos_control_interfaces/share/pos_control_interfaces/cmake/export_pos_control_interfaces__rosidl_generator_pyExport.cmake
-- Up-to-date: /home/harshit/mrt_ws/arm_workspace/install/pos_control_interfaces/share/pos_control_interfaces/cmake/export_pos_control_interfaces__rosidl_generator_pyExport-noconfig.cmake
-- Up-to-date: /home/harshit/mrt_ws/arm_workspace/install/pos_control_interfaces/share/pos_control_interfaces/cmake/rosidl_cmake-extras.cmake
-- Up-to-date: /home/harshit/mrt_ws/arm_workspace/install/pos_control_interfaces/share/pos_control_interfaces/cmake/ament_cmake_export_dependencies-extras.cmake
-- Up-to-date: /home/harshit/mrt_ws/arm_workspace/install/pos_control_interfaces/share/pos_control_interfaces/cmake/ament_cmake_export_include_directories-extras.cmake
-- Up-to-date: /home/harshit/mrt_ws/arm_workspace/install/pos_control_interfaces/share/pos_control_interfaces/cmake/ament_cmake_export_libraries-extras.cmake
-- Up-to-date: /home/harshit/mrt_ws/arm_workspace/install/pos_control_interfaces/share/pos_control_interfaces/cmake/ament_cmake_export_targets-extras.cmake
-- Up-to-date: /home/harshit/mrt_ws/arm_workspace/install/pos_control_interfaces/share/pos_control_interfaces/cmake/rosidl_cmake_export_typesupport_targets-extras.cmake
-- Up-to-date: /home/harshit/mrt_ws/arm_workspace/install/pos_control_interfaces/share/pos_control_interfaces/cmake/rosidl_cmake_export_typesupport_libraries-extras.cmake
-- Up-to-date: /home/harshit/mrt_ws/arm_workspace/install/pos_control_interfaces/share/pos_control_interfaces/cmake/pos_control_interfacesConfig.cmake
-- Up-to-date: /home/harshit/mrt_ws/arm_workspace/install/pos_control_interfaces/share/pos_control_interfaces/cmake/pos_control_interfacesConfig-version.cmake
-- Up-to-date: /home/harshit/mrt_ws/arm_workspace/install/pos_control_interfaces/share/pos_control_interfaces/package.xml
